  8
 Etot=          -7.3359634632
 C         -0.7561007332        0.0000650341       -0.0000125702
 C          0.7561231183       -0.0000821395       -0.0000482648
 H         -1.1407205444        0.5772464374       -0.8460262985
 H         -1.1404070476       -1.0221335750       -0.0766132250
 H         -1.1409040430        0.4439058655        0.9226800814
 H          1.1407429295       -0.5772635428        0.8459654636
 H          1.1400955337        1.0223716161        0.0774598104
 H          1.1409264281       -0.4439229709       -0.9227409163
  8
 Etot=          -7.3361511451
 C         -0.7595117886       -0.0001325072        0.0000178869
 C          0.7594468006        0.0001419312        0.0001218298
 H         -1.1461501407        0.5733658376       -0.8410236630
 H         -1.1459606877       -1.0155406673       -0.0764033927
 H         -1.1462641391        0.4410703987        0.9173172347
 H          1.1461482975       -0.5734714275        0.8410770778
 H          1.1458442420        1.0155878028        0.0767967712
 H          1.1462030575       -0.4408346434       -0.9172396640
  8
 Etot=          -7.3361683645
 C         -0.7604415082       -0.0001828169        0.0000231850
 C          0.7603749180        0.0002271453        0.0001504795
 H         -1.1437581029        0.5732303768       -0.8407536346
 H         -1.1433996881       -1.0151495279       -0.0764277059
 H         -1.1438750798        0.4409543038        0.9170952724
 H          1.1436982397       -0.5733103137        0.8408453966
 H          1.1433453076        1.0151754044        0.0767096845
 H          1.1438115551       -0.4407578469       -0.9169785968
