  16
 Etot=         -19.8665842610
 C         -2.7924213829       -0.2707677035        0.0003983927
 C         -1.4350232595        0.4136147171        0.0005912779
 C         -0.2964107450       -0.6027413502       -0.0007821107
 C          1.0718773511        0.0559462096       -0.0001618812
 O          1.2260844765        1.2757838340        0.0004150005
 C          2.2559538200       -0.8765589073       -0.0005120448
 H         -3.6019356182        0.4653601651        0.0010794903
 H         -2.9090688105       -0.9100035938        0.8807425607
 H         -2.9017983954       -0.8958842918       -0.8915544760
 H         -1.3565919822        1.0617035772        0.8814700234
 H         -1.3568536388        1.0632183681       -0.8787690618
 H         -0.3635376825       -1.2395851719        0.8893599684
 H         -0.3637126101       -1.2384313141       -0.8901109187
 H          2.5438372259       -1.1020509419       -1.0301942710
 H          1.9984814667       -1.7961601110        0.5303058275
 H          3.1010612831       -0.4004743624        0.5066406756
  16
 Etot=         -19.8675651957
 C         -2.7935390957       -0.2760774359       -0.0040539669
 C         -1.4370848805        0.4152101176       -0.0013537536
 C         -0.2899485572       -0.5901882218        0.0022292450
 C          1.0711362708        0.0626121498        0.0110237215
 O          1.2188120872        1.2720263198        0.0051488293
 C          2.2445321154       -0.8784567135        0.0100518916
 H         -3.5960309259        0.4590917621       -0.0012487663
 H         -2.9071749169       -0.9074716667        0.8760193360
 H         -2.9061601194       -0.9000196922       -0.8900263024
 H         -1.3483108447        1.0595257955        0.8775186563
 H         -1.3461979277        1.0599382791       -0.8793873565
 H         -0.3584719072       -1.2309310945        0.8844192519
 H         -0.3478754535       -1.2346229267       -0.8780147438
 H          2.5164739876       -1.0991122482       -1.0196381412
 H          2.0015017960       -1.8084804670        0.5181165202
 H          3.0982798696       -0.4000748344        0.4881140317
  16
 Etot=         -19.8676504269
 C         -2.7915748538       -0.2778775060       -0.0062122031
 C         -1.4360554030        0.4160048262       -0.0033663624
 C         -0.2867002453       -0.5880971736        0.0065327035
 C          1.0699881146        0.0674631933        0.0176839317
 O          1.2164652424        1.2741518633        0.0146091502
 C          2.2381773672       -0.8784074947        0.0129220325
 H         -3.5919472095        0.4571647620       -0.0049160144
 H         -2.9018638653       -0.9056553513        0.8749313156
 H         -2.9006058889       -0.9018612200       -0.8901154236
 H         -1.3492622586        1.0609540348        0.8737319412
 H         -1.3427171291        1.0573971430       -0.8823710873
 H         -0.3577296005       -1.2305175502        0.8867091374
 H         -0.3396486816       -1.2369185792       -0.8705691699
 H          2.4962395183       -1.0961442822       -1.0214160709
 H          1.9984846313       -1.8109862708        0.5126936869
 H          3.0986917598       -0.4037012717        0.4780708856
  16
 Etot=         -19.8676759925
 C         -2.7908162817       -0.2796151827       -0.0092211791
 C         -1.4360048810        0.4168614850       -0.0053927543
 C         -0.2849633062       -0.5857803295        0.0128195279
 C          1.0706574437        0.0706110884        0.0291394531
 O          1.2183077793        1.2769068026        0.0314540734
 C          2.2360423113       -0.8785682486        0.0114603019
 H         -3.5918036078        0.4542775995       -0.0114734846
 H         -2.8998246639       -0.9043808022        0.8737522284
 H         -2.8956142244       -0.9060034188       -0.8913041908
 H         -1.3525606836        1.0652433161        0.8691136841
 H         -1.3399333474        1.0535397866       -0.8871457572
 H         -0.3606682578       -1.2266883512        0.8939006235
 H         -0.3333680879       -1.2379480333       -0.8624422565
 H          2.4766453761       -1.0938332743       -1.0291783704
 H          1.9982099144       -1.8116066801        0.5089982782
 H          3.1056360149       -0.4100466345        0.4644382754
