  11
 Etot=         -30.2749063762
 C         -2.7986762732        0.3605801731        0.0029006953
 O         -1.4012190357        0.6719278234       -0.0015613790
 C         -0.5610423389       -0.4010468119       -0.0031583582
 O         -0.8876729678       -1.5800509686       -0.0005833458
 C          0.8560902725        0.0733946222        0.0000800442
 F          0.9410164392        1.4271607902        0.0033524627
 F          1.5355688640       -0.3666183625        1.0895434062
 F          1.5352640679       -0.3609695754       -1.0908781123
 H         -3.3786366310        1.2855934476        0.0035528502
 H         -3.0366918654       -0.2327467480        0.8886872060
 H         -3.0370158098       -0.2163158636       -0.8941116949
  11
 Etot=         -30.2800493115
 C         -2.8058162887        0.3420047348        0.0001366165
 O         -1.4076822206        0.6483904307       -0.0006442542
 C         -0.5800076850       -0.3903528554       -0.0002897903
 O         -0.8968193900       -1.5502520352       -0.0004569655
 C          0.8643373123        0.0843496573        0.0000996739
 F          0.9679742300        1.4253115775        0.0038794572
 F          1.5353119678       -0.3624925001        1.0799043598
 F          1.5340555257       -0.3563821197       -1.0825823451
 H         -3.3342919140        1.2938523444        0.0057131363
 H         -3.0537183592       -0.2430663294        0.8865979208
 H         -3.0563584565       -0.2304543785       -0.8945340349
  11
 Etot=         -30.2813835503
 C         -2.8146441381        0.3338972272       -0.0007935310
 O         -1.4097364352        0.6277710353        0.0002181521
 C         -0.5954468763       -0.3849735178        0.0000094166
 O         -0.8926221089       -1.5451871615       -0.0000355639
 C          0.8749943472        0.0949952841        0.0000066337
 F          0.9870329430        1.4253897053        0.0035289712
 F          1.5350062188       -0.3579261485        1.0742137730
 F          1.5338800217       -0.3522961047       -1.0771489415
 H         -3.3065616916        1.3032997373        0.0068830807
 H         -3.0714972405       -0.2481675998        0.8836500496
 H         -3.0734203183       -0.2358939304       -0.8927082660
  11
 Etot=         -30.2815656200
 C         -2.8211933873        0.3358077657       -0.0007452378
 O         -1.4116310935        0.6223289978        0.0002659166
 C         -0.5975776953       -0.3866452914        0.0002091155
 O         -0.8792612347       -1.5540933936       -0.0002425458
 C          0.8801653096        0.0975147610        0.0001092595
 F          0.9915447260        1.4265205392        0.0035777444
 F          1.5368773352       -0.3574350394        1.0744502818
 F          1.5353232671       -0.3517289881       -1.0775564291
 H         -3.3060274901        1.3072297905        0.0066112930
 H         -3.0799167621       -0.2453772463        0.8835782525
 H         -3.0813182532       -0.2332133691       -0.8924338763
  11
 Etot=         -30.2816213804
 C         -2.8267345421        0.3379250439       -0.0005368285
 O         -1.4131242705        0.6184141127        0.0001406321
 C         -0.5982948156       -0.3891370448       -0.0000806007
 O         -0.8646992766       -1.5618223069       -0.0003116831
 C          0.8834429440        0.0987445417        0.0001947669
 F          0.9941136340        1.4280193725        0.0035389769
 F          1.5378652199       -0.3577285067        1.0756802525
 F          1.5362778160       -0.3520996300       -1.0786358808
 H         -3.3078570942        1.3102722468        0.0064777452
 H         -3.0863915410       -0.2420504206        0.8842959408
 H         -3.0876133522       -0.2296288823       -0.8929395467
  11
 Etot=         -30.2816253444
 C         -2.8273316691        0.3379974304       -0.0005231358
 O         -1.4131216242        0.6177399573        0.0000177078
 C         -0.5984353777       -0.3898784829       -0.0000774247
 O         -0.8618988306       -1.5626849133       -0.0002886264
 C          0.8832158715        0.0988195468        0.0002154537
 F          0.9945301329        1.4285719665        0.0035384834
 F          1.5376056689       -0.3578350807        1.0759933007
 F          1.5360432170       -0.3522487325       -1.0788965693
 H         -3.3079750608        1.3107258964        0.0065308715
 H         -3.0871096876       -0.2414234777        0.8845744774
 H         -3.0885379184       -0.2288755839       -0.8932607638
