  12
 Etot=         -31.0937201886
 C         -2.9963412824        0.3630905543       -0.0315924422
 O         -1.6855505863        0.6572451610       -0.4929413541
 C         -0.7161813676       -0.2771007449       -0.0264094196
 C          0.6652027881        0.0810276032       -0.5464006701
 Cl         1.1531072399        1.7054664950        0.0018260467
 Cl         1.8696277454       -1.1127359525        0.0024008382
 F         -0.7324223665       -0.3028332685        1.3280775929
 F         -1.0683403225       -1.5119397243       -0.4650411162
 H         -3.6955817589        1.1076674282       -0.4186751657
 H         -3.0086644800        0.3684916877        1.0615186988
 H         -3.2863986893       -0.6275274965       -0.3919583371
 H          0.6797218569        0.0861619592       -1.6399379740
  12
 Etot=         -31.0983989461
 C         -2.9860708538        0.3511287775       -0.0253539197
 O         -1.6588555361        0.6361297595       -0.4761323423
 C         -0.7136758183       -0.2714344797       -0.0264476339
 C          0.6634005312        0.0913265151       -0.5643649441
 Cl         1.1054775823        1.7142769416        0.0090595029
 Cl         1.8449218951       -1.1127639938        0.0037995369
 F         -0.7199059303       -0.3228759435        1.3277286017
 F         -1.0479763562       -1.5193345855       -0.4453245475
 H         -3.6256519093        1.1283718810       -0.4405789035
 H         -3.0328103980        0.3759197733        1.0664733398
 H         -3.3096091251       -0.6275810102       -0.3910556612
 H          0.6589346954        0.0938500667       -1.6569363315
  12
 Etot=         -31.1009875879
 C         -2.9891931720        0.3463335151       -0.0213244914
 O         -1.6323915451        0.6008254641       -0.4502006213
 C         -0.7249161492       -0.2647216021       -0.0276490283
 C          0.6585150201        0.1020506805       -0.5730152210
 Cl         1.0734687843        1.7183420814        0.0068795331
 Cl         1.8417694918       -1.0940639344       -0.0093112924
 F         -0.7040556831       -0.3579632162        1.3310747380
 F         -1.0277769577       -1.5409798564       -0.4163530507
 H         -3.5593120240        1.1597524528       -0.4709383439
 H         -3.0617445693        0.3837164517        1.0668028197
 H         -3.3337964538       -0.6204222101       -0.3916356914
 H          0.6376120347        0.1041438755       -1.6634626528
  12
 Etot=         -31.1012485239
 C         -2.9965142644        0.3540106852       -0.0238199160
 O         -1.6328470601        0.5948570125       -0.4467701142
 C         -0.7252805235       -0.2704418657       -0.0246139660
 C          0.6592733727        0.1012405207       -0.5699559296
 Cl         1.0674526017        1.7204295052        0.0042862779
 Cl         1.8540470612       -1.0870705739       -0.0169758240
 F         -0.6949962100       -0.3712967242        1.3389483205
 F         -1.0203442734       -1.5545844612       -0.4133371825
 H         -3.5613197105        1.1651900436       -0.4747658638
 H         -3.0670500082        0.3919523928        1.0631498456
 H         -3.3390189204       -0.6119786673       -0.3942302081
 H          0.6347767117        0.1047058343       -1.6610487422
  12
 Etot=         -31.1013161396
 C         -3.0009386263        0.3594463226       -0.0248853379
 O         -1.6319514900        0.5877369358       -0.4436888784
 C         -0.7250175019       -0.2766027595       -0.0225024117
 C          0.6591974775        0.1008631776       -0.5681119710
 Cl         1.0606185862        1.7227390187        0.0019625405
 Cl         1.8650190883       -1.0776296561       -0.0218475415
 F         -0.6912788821       -0.3828806952        1.3456425887
 F         -1.0176545015       -1.5662780026       -0.4132178750
 H         -3.5581290670        1.1718002860       -0.4788862949
 H         -3.0697645964        0.3990050809        1.0616176931
 H         -3.3441369132       -0.6058555912       -0.3954019330
 H          0.6322152032        0.1046695849       -1.6598138815
  12
 Etot=         -31.1013216317
 C         -3.0004175610        0.3605568022       -0.0243338928
 O         -1.6314273386        0.5859865860       -0.4439802664
 C         -0.7242664087       -0.2783428721       -0.0233489344
 C          0.6592274648        0.1001046873       -0.5676519111
 Cl         1.0555241187        1.7240818846        0.0013094671
 Cl         1.8679186203       -1.0741848806       -0.0203593673
 F         -0.6926598605       -0.3860539195        1.3460133529
 F         -1.0182839859       -1.5685688315       -0.4164982614
 H         -3.5553564335        1.1736281586       -0.4790029454
 H         -3.0683982420        0.4011438877        1.0622366052
 H         -3.3456730184       -0.6044614135       -0.3940572746
 H          0.6319914215        0.1031236126       -1.6594598743
