  9
 Etot=          -9.4409224118
 C          1.2493781920       -0.1798645794        0.0004549171
 C         -0.1011140275        0.4535489939        0.0003527716
 C         -1.2496903850       -0.2318948830        0.0001464574
 H          1.5873213188       -0.3387253486       -1.0287718310
 H          1.2541029967       -1.1467586170        0.5132585795
 H          1.9689593498        0.4751323831        0.5018140065
 H         -0.1391477561        1.5391995546        0.0008963639
 H         -2.1997379867        0.2895672560        0.0010365105
 H         -1.2628916149       -1.3163840092        0.0003966568
  9
 Etot=          -9.4416545880
 C          1.2489163601       -0.1756952188        0.0020459692
 C         -0.1060686316        0.4490094244        0.0124491447
 C         -1.2428528689       -0.2281290207        0.0115940236
 H          1.5891490205       -0.3147838555       -1.0251702903
 H          1.2349516205       -1.1512716254        0.4864547220
 H          1.9719765073        0.4614117659        0.5102542754
 H         -0.1362313749        1.5310931447       -0.0160308189
 H         -2.1940286110        0.2779488744       -0.0209051712
 H         -1.2586319349       -1.3057627387        0.0288925778
  9
 Etot=          -9.4417576494
 C          1.2493371777       -0.1744412206        0.0030169699
 C         -0.1078917025        0.4481014021       -0.0080307460
 C         -1.2397901681       -0.2254923874       -0.0024286094
 H          1.6093083796       -0.2894748966       -1.0192522294
 H          1.2153828193       -1.1597200595        0.4625202654
 H          1.9618233324        0.4488510959        0.5372075856
 H         -0.1287699685        1.5289951671       -0.0444475077
 H         -2.1942611013        0.2676412891        0.0069901059
 H         -1.2579586814       -1.3006396397        0.0540085981
  9
 Etot=          -9.4419779423
 C          1.2498250483       -0.1750865407        0.0028411380
 C         -0.1081565071        0.4489162927       -0.0107638387
 C         -1.2392219869       -0.2237643443        0.0229158089
 H          1.6213835017       -0.2611854690       -1.0190668634
 H          1.2070703579       -1.1721665779        0.4355382268
 H          1.9535288952        0.4354713663        0.5615446839
 H         -0.1207656699        1.5298048501       -0.0765041975
 H         -2.1978950601        0.2602348375       -0.0006840125
 H         -1.2585884920       -1.2984036643        0.0737634868
  9
 Etot=          -9.4421728694
 C          1.2494397085       -0.1773455724       -0.0022118479
 C         -0.1077362800        0.4506429572       -0.0215654972
 C         -1.2405888059       -0.2221281529        0.0422235977
 H          1.6489681263       -0.2143059029       -1.0204999018
 H          1.1979708268       -1.1942953975        0.3863265422
 H          1.9356339302        0.4118212390        0.6052333715
 H         -0.1138922012        1.5308614388       -0.1158129526
 H         -2.2037635847        0.2566399442       -0.0155076404
 H         -1.2588516329       -1.2980698032        0.1313987608
  9
 Etot=          -9.4423042269
 C          1.2479904581       -0.1794035142       -0.0050306815
 C         -0.1078055136        0.4505043658       -0.0402984077
 C         -1.2419399466       -0.2204649989        0.0587642749
 H          1.6844066123       -0.1636867181       -1.0125915998
 H          1.1877917616       -1.2152314466        0.3341140784
 H          1.9126132170        0.3834766514        0.6571117996
 H         -0.1106330919        1.5282258276       -0.1771686244
 H         -2.2068983776        0.2555593072       -0.0000877293
 H         -1.2583450323       -1.2951587238        0.1747713221
  9
 Etot=          -9.4424762846
 C          1.2461546932       -0.1805725752       -0.0079457340
 C         -0.1076829872        0.4481471226       -0.0530564061
 C         -1.2432242642       -0.2200472286        0.0605695162
 H          1.7024032613       -0.1451021951       -1.0019863151
 H          1.1897682061       -1.2191375615        0.3107615369
 H          1.8977360423        0.3689333376        0.6750997392
 H         -0.1153464311        1.5217637367       -0.1978111986
 H         -2.2054229663        0.2622622811        0.0097684924
 H         -1.2572054669       -1.2924261672        0.1941848014
  9
 Etot=          -9.4426104323
 C          1.2453500263       -0.1812455436       -0.0118786715
 C         -0.1076663002        0.4422873354       -0.0681524052
 C         -1.2423752592       -0.2193878400        0.0670445054
 H          1.7327511041       -0.0998375411       -0.9871265437
 H          1.1818916442       -1.2333395876        0.2608614072
 H          1.8729916721        0.3421529397        0.7129147895
 H         -0.1191370626        1.5108944053       -0.2435287200
 H         -2.2010616208        0.2684467742        0.0182425760
 H         -1.2555641169       -1.2861501920        0.2412074947
  9
 Etot=          -9.4426618077
 C          1.2464742792       -0.1810333891       -0.0142736521
 C         -0.1076565724        0.4377891435       -0.0764149265
 C         -1.2420960416       -0.2197010286        0.0737368488
 H          1.7470446725       -0.0803892963       -0.9759464944
 H          1.1809050995       -1.2355769066        0.2385925528
 H          1.8600769780        0.3278303688        0.7275276301
 H         -0.1225364046        1.5034771091       -0.2647867699
 H         -2.1982237825        0.2720350164        0.0239181521
 H         -1.2568081411       -1.2806102669        0.2572310914
  9
 Etot=          -9.4425907427
 C          1.2477204711       -0.1824094937       -0.0220957917
 C         -0.1082015453        0.4322961926       -0.1015695249
 C         -1.2426110370       -0.2180846215        0.0950297791
 H          1.7920784513       -0.0155385939       -0.9584976243
 H          1.1741198493       -1.2540108954        0.1674931656
 H          1.8253171467        0.2862328173        0.7838156347
 H         -0.1233531608        1.4921446373       -0.3264548139
 H         -2.1975769660        0.2744336897        0.0261100698
 H         -1.2603131221       -1.2712429821        0.3257535380
  9
 Etot=          -9.4426864034
 C          1.2476797764       -0.1820564475       -0.0188272850
 C         -0.1082507833        0.4350839747       -0.0890111923
 C         -1.2421371388       -0.2181543001        0.0856272633
 H          1.7711507625       -0.0419468838       -0.9653485462
 H          1.1800525777       -1.2462693639        0.1960422708
 H          1.8394352787        0.3017984279        0.7592299882
 H         -0.1228690588        1.4975340788       -0.2990583450
 H         -2.1982870442        0.2725565275        0.0204298730
 H         -1.2595942831       -1.2747252631        0.3005004054
  9
 Etot=          -9.4426901365
 C          1.2477439016       -0.1818601185       -0.0178320995
 C         -0.1082054271        0.4359582998       -0.0882241890
 C         -1.2418674243       -0.2177253625        0.0839072568
 H          1.7689376306       -0.0471569491       -0.9643423311
 H          1.1805809994       -1.2439277283        0.2012770136
 H          1.8403755795        0.3035567968        0.7563183504
 H         -0.1222234965        1.4984113372       -0.2994513304
 H         -2.1990734263        0.2710521380        0.0274363720
 H         -1.2590882498       -1.2744876630        0.2904953895
