  11
 Etot=         -18.5875874378
 C          0.0004910720        1.3611778494        0.0000493512
 C         -0.9886003824        0.5474169597       -0.8327869528
 Cl        -2.0047436012       -0.5059537007        0.1768873564
 C          0.9881572411        0.5483818601        0.8320560928
 Cl         2.0047193905       -0.5062324645       -0.1765563318
 H          0.5599433200        2.0205267134       -0.6759811642
 H         -0.5600285237        2.0209569180        0.6735583440
 H         -1.6601837047        1.2208110023       -1.3734507159
 H         -0.4811837911       -0.0808261160       -1.5706663743
 H          0.4814738859       -0.0789787486        1.5708575846
 H          1.6602592461        1.2221627940        1.3721599235
  11
 Etot=         -18.5886203649
 C          0.0002046859        1.3811292360       -0.0004088226
 C         -0.9724863405        0.5546971840       -0.8287093683
 Cl        -1.9846210207       -0.4929021192        0.2014099944
 C          0.9722920612        0.5557923156        0.8281534562
 Cl         1.9844980979       -0.4931112380       -0.2010722590
 H          0.5596984750        2.0214510049       -0.6880159582
 H         -0.5598783804        2.0221902197        0.6856619949
 H         -1.6515395835        1.2090455592       -1.3779938522
 H         -0.4485931642       -0.1003672573       -1.5283729697
 H          0.4488693303       -0.0987960471        1.5285890926
 H          1.6518599914        1.2103142094        1.3768858054
  11
 Etot=         -18.5889091983
 C          0.0000376417        1.3936717546       -0.0007438744
 C         -0.9656723867        0.5584398951       -0.8240438798
 Cl        -1.9913108054       -0.4762456919        0.2208469103
 C          0.9656702603        0.5593977346        0.8235259063
 Cl         1.9914021550       -0.4765097842       -0.2203954645
 H          0.5588023662        2.0255904491       -0.6916728803
 H         -0.5588109498        2.0263701668        0.6895564101
 H         -1.6448522950        1.1944581792       -1.3892270348
 H         -0.4307968420       -0.1165144106       -1.4938184979
 H          0.4308666294       -0.1150289372        1.4940027056
 H          1.6449683788        1.1958137118        1.3880968129
  11
 Etot=         -18.5890022461
 C         -0.0000356911        1.3958980167       -0.0008015317
 C         -0.9646593893        0.5584860686       -0.8224523010
 Cl        -2.0092005671       -0.4584664619        0.2319257157
 C          0.9647425852        0.5593407451        0.8219258964
 Cl         2.0093282063       -0.4587779972       -0.2314339951
 H          0.5575445529        2.0274519564       -0.6919324584
 H         -0.5574788333        2.0281942029        0.6899566913
 H         -1.6384552944        1.1869055158       -1.3999643885
 H         -0.4290111680       -0.1297185581       -1.4759833441
 H          0.4290373563       -0.1282157637        1.4761482065
 H          1.6384923949        1.1883453425        1.3987386227
  11
 Etot=         -18.5890461671
 C         -0.0000286969        1.3943297457       -0.0007547844
 C         -0.9656633941        0.5573767742       -0.8215193713
 Cl        -2.0265754371       -0.4437997398        0.2376408319
 C          0.9657674020        0.5581920376        0.8209843652
 Cl         2.0266116585       -0.4441103063       -0.2371745692
 H          0.5569096883        2.0281871737       -0.6911688072
 H         -0.5568363343        2.0288550461        0.6892131210
 H         -1.6326234237        1.1841178155       -1.4081211386
 H         -0.4330381254       -0.1404234523       -1.4657161360
 H          0.4330990415       -0.1388924305        1.4659007682
 H          1.6326817738        1.1856104032        1.4068428340
