  12
 Etot=         -15.0238122087
 C          2.4273723838        0.0010805520       -0.0003637112
 C          0.9960450154       -0.5108080501       -0.0005169731
 C         -0.0107591056        0.6367349496        0.0002080918
 C         -1.3897799096        0.1307621033       -0.0001099290
 N         -2.4794028299       -0.2675880774        0.0000483012
 H          3.1415088110       -0.8282462673       -0.0007998055
 H          2.6218513772        0.6225512734       -0.8804557880
 H          2.6124080603        0.6079835947        0.8910646343
 H          0.8407649897       -1.1475609100       -0.8808282300
 H          0.8415587018       -1.1467832681        0.8800280291
 H          0.1460521327        1.2693626663       -0.8815154519
 H          0.1456721722        1.2695808718        0.8811600168
  12
 Etot=         -15.0254390773
 C          2.4249474972        0.0061984080        0.0024868511
 C          0.9969457508       -0.5213867570       -0.0010803598
 C         -0.0088720391        0.6326755378       -0.0013656129
 C         -1.3670558347        0.1428627053       -0.0076520735
 N         -2.4381529662       -0.2539083777        0.0074852892
 H          3.1313152559       -0.8214514682       -0.0007795029
 H          2.6156973406        0.6200355421       -0.8771257608
 H          2.6129189740        0.6106502672        0.8893446472
 H          0.8350158082       -1.1477839298       -0.8834505802
 H          0.8340782461       -1.1487628979        0.8802004650
 H          0.1305052211        1.2603598856       -0.8865868929
 H          0.1259485451        1.2575805228        0.8864427148
  12
 Etot=         -15.0255006711
 C          2.4271602679        0.0065066254        0.0018646223
 C          0.9991482833       -0.5228573800       -0.0001342727
 C         -0.0105859125        0.6314044509        0.0011480707
 C         -1.3593900868        0.1417479153        0.0133266258
 N         -2.4370131235       -0.2458964466       -0.0135955533
 H          3.1322097914       -0.8201605497       -0.0018678034
 H          2.6123240542        0.6184164113       -0.8779209872
 H          2.6123205494        0.6105080678        0.8872328035
 H          0.8348283264       -1.1454770181       -0.8825197204
 H          0.8350254825       -1.1468902817        0.8812332331
 H          0.1204576490        1.2536857084       -0.8882087315
 H          0.1268065178        1.2560819353        0.8873608975
  12
 Etot=         -15.0255155746
 C          2.4281114220        0.0056874956        0.0033449465
 C          0.9993160980       -0.5232006397       -0.0011508309
 C         -0.0122347032        0.6327187858       -0.0023490976
 C         -1.3586405415        0.1507891712       -0.0096655025
 N         -2.4330010982       -0.2543048474        0.0118312341
 H          3.1324027504       -0.8207046176        0.0003502454
 H          2.6111966487        0.6167814295       -0.8761865151
 H          2.6094345327        0.6092572499        0.8883913553
 H          0.8365926235       -1.1423678890       -0.8847118815
 H          0.8311446029       -1.1459690594        0.8790502522
 H          0.1275959504        1.2558985187       -0.8885273446
 H          0.1213735131        1.2524838407        0.8875423230
  12
 Etot=         -15.0255712117
 C          2.4270333701        0.0062912545        0.0024521896
 C          0.9986806841       -0.5232510767       -0.0005199704
 C         -0.0119013513        0.6324941279       -0.0003066459
 C         -1.3617117349        0.1464174263       -0.0008373344
 N         -2.4358990648       -0.2521110162        0.0007372700
 H          3.1322527095       -0.8204448021       -0.0005084799
 H          2.6115783332        0.6178857997       -0.8776938196
 H          2.6104299841        0.6105817600        0.8878530364
 H          0.8358007620       -1.1446034559       -0.8835951835
 H          0.8331726110       -1.1472434730        0.8802046621
 H          0.1273946823        1.2559260707       -0.8872400024
 H          0.1264608138        1.2551268230        0.8873734623
  12
 Etot=         -15.0255727089
 C          2.4267588257        0.0063781279        0.0024461126
 C          0.9985122831       -0.5237477488       -0.0005011321
 C         -0.0120225140        0.6329472259       -0.0001505564
 C         -1.3611369177        0.1471801159       -0.0004672526
 N         -2.4351608063       -0.2533083485        0.0001508727
 H          3.1320049117       -0.8202015286       -0.0001525476
 H          2.6109479513        0.6174531588       -0.8779674868
 H          2.6098618175        0.6110060042        0.8875213889
 H          0.8353263533       -1.1445263402       -0.8837108692
 H          0.8327895549       -1.1474210865        0.8801978684
 H          0.1279992148        1.2561870320       -0.8870901759
 H          0.1274111246        1.2551228261        0.8876429622
