  6
 Etot=         -10.3236369653
 C          1.7259962984        0.2894080970       -0.0000310528
 C          0.6567818401       -0.5060857312        0.0000753093
 Cl        -0.9507939282        0.0826834448       -0.0000054875
 H          2.7343638092       -0.1076674067        0.0000565394
 H          1.6046844341        1.3679461961       -0.0000124854
 H          0.7103744119       -1.5866007151       -0.0003784024
  6
 Etot=         -10.3242309277
 C          1.7186502124        0.2892331030       -0.0001466296
 C          0.6652753281       -0.5036211392       -0.0003382462
 Cl        -0.9502163204        0.0858940893       -0.0000526827
 H          2.7158049127       -0.1120690318       -0.0000782826
 H          1.6083266772        1.3614899265        0.0003056104
 H          0.7235660555       -1.5812430631        0.0000146514
  6
 Etot=         -10.3243491887
 C          1.7160842845        0.2920797686        0.0005179169
 C          0.6692682930       -0.5037524874        0.0005885397
 Cl        -0.9559146778        0.0837405160       -0.0000514961
 H          2.7085124468       -0.1148886173       -0.0000424936
 H          1.6159613322        1.3625987604       -0.0004741052
 H          0.7274951868       -1.5800940556       -0.0008339412
  6
 Etot=         -10.3243867431
 C          1.7154296527        0.2950581188       -0.0018783345
 C          0.6716749511       -0.5046072788       -0.0024865177
 Cl        -0.9617522114        0.0809470943        0.0000622624
 H          2.7066590203       -0.1170197009        0.0000520164
 H          1.6217922843        1.3656366542        0.0020603460
 H          0.7276031684       -1.5803310028        0.0018946479
