  16
 Etot=         -27.1841337864
 C         -1.0154114853       -2.2015895285       -0.0008186896
 C         -0.1928510264       -0.9528538888       -0.0000481522
 C          1.1967023547       -1.0747650865        0.0001990348
 C          1.9962138816        0.0681729338        0.0001882466
 C          1.4072762589        1.3322304714        0.0003225923
 C          0.0171338636        1.4533340346        0.0001034938
 C         -0.7823776633        0.3103960144        0.0001142820
 Cl        -2.4979949061        0.5004787271       -0.0000820212
 O          3.3527853362       -0.0495163167       -0.0001709383
 H         -1.2198744603       -2.5129603905       -1.0299042439
 H         -0.4946044894       -3.0128238908        0.5183237594
 H         -1.9668994134       -2.0431241100        0.5169123545
 H          1.6603888895       -2.0580719000       -0.0010288886
 H          2.0249306495        2.2264278590        0.0000296472
 H         -0.4270425535        2.4459199432        0.0008277306
 H          3.7668031115        0.8285225596       -0.0002866021
  16
 Etot=         -27.1854872937
 C         -1.0184392299       -2.2029389604        0.0043466911
 C         -0.1888824161       -0.9566450420        0.0095585224
 C          1.1963954451       -1.0591358125        0.0039266325
 C          1.9955379508        0.0783484921       -0.0015537510
 C          1.4004411957        1.3365732548       -0.0007793973
 C          0.0215751956        1.4501596216       -0.0002782876
 C         -0.7672340300        0.3095547185        0.0024594870
 Cl        -2.4890281619        0.4972044596       -0.0035152032
 O          3.3477463190       -0.0623845415       -0.0019489257
 H         -1.2277994973       -2.5073027690       -1.0206913990
 H         -0.4917374197       -3.0152621397        0.5021297119
 H         -1.9699883499       -2.0427121434        0.5096384386
 H          1.6630244462       -2.0323267022        0.0050130190
 H          2.0088992560        2.2290568568       -0.0002498902
 H         -0.4329152789        2.4303294327       -0.0013510847
 H          3.7775829231        0.8072587058       -0.0020229585
  16
 Etot=         -27.1857782430
 C         -1.0197291838       -2.2061082196        0.0065090288
 C         -0.1892351785       -0.9608904275        0.0126942920
 C          1.1949221329       -1.0486923387        0.0085829140
 C          1.9956269636        0.0867066748        0.0012947916
 C          1.3980454387        1.3429936591        0.0000157479
 C          0.0225018288        1.4501233652        0.0000818866
 C         -0.7596829936        0.3089209939        0.0025259091
 Cl        -2.4888883932        0.4967328168       -0.0097645797
 O          3.3433678150       -0.0749804062       -0.0023337266
 H         -1.2368015921       -2.4995824458       -1.0193789622
 H         -0.4858390096       -3.0193685946        0.4886393211
 H         -1.9659042340       -2.0440272771        0.5147668932
 H          1.6680633956       -2.0162117929        0.0112819488
 H          2.0021990737        2.2358524245       -0.0020474769
 H         -0.4430110177        2.4220171404       -0.0030073799
 H          3.7895433023        0.7862918591       -0.0051790025
  16
 Etot=         -27.1858388865
 C         -1.0200854688       -2.2074510933        0.0066626992
 C         -0.1900862078       -0.9627905860        0.0134839203
 C          1.1942151512       -1.0453658722        0.0112698375
 C          1.9959562710        0.0904260102        0.0023340765
 C          1.3986717358        1.3467819551       -0.0005239434
 C          0.0220539314        1.4508029697       -0.0011830707
 C         -0.7577930915        0.3084365189        0.0017004275
 Cl        -2.4914873493        0.4966545119       -0.0141041635
 O          3.3413401608       -0.0802275493       -0.0007333195
 H         -1.2469225727       -2.4921929918       -1.0202138007
 H         -0.4811878388       -3.0239764929        0.4773027850
 H         -1.9608906588       -2.0474876821        0.5250811406
 H          1.6725386034       -2.0111687258        0.0168091442
 H          2.0016900359        2.2408095357       -0.0024428424
 H         -0.4489898451        2.4200920738       -0.0052361873
 H          3.7961554912        0.7764348494       -0.0055250980
  16
 Etot=         -27.1858720945
 C         -1.0201539736       -2.2077975232        0.0064128935
 C         -0.1904012507       -0.9639524208        0.0133996708
 C          1.1939353919       -1.0442387304        0.0143290713
 C          1.9961018902        0.0926864706        0.0045263634
 C          1.3996817753        1.3492518863       -0.0009297268
 C          0.0214765432        1.4512622817       -0.0035576017
 C         -0.7567777799        0.3079157173       -0.0006783071
 Cl        -2.4943198760        0.4959648748       -0.0192724730
 O          3.3398004110       -0.0827937171        0.0027906944
 H         -1.2629244478       -2.4815549757       -1.0205917294
 H         -0.4750629887       -3.0299003974        0.4613356214
 H         -1.9531800519       -2.0525740435        0.5416123550
 H          1.6770363541       -2.0087558342        0.0221275759
 H          2.0018177023        2.2445465987       -0.0037260158
 H         -0.4528154715        2.4194782785       -0.0090685086
 H          3.8009641197        0.7702389656       -0.0040282781
