  12
 Etot=         -28.6732540687
 C          0.0218567601        1.4067082958        0.0006135744
 C          0.8049161404        0.3249973323       -0.0000175504
 C          0.1882671239       -1.0261777055        0.0000698928
 O          0.8615309449       -2.0522960355        0.0000666714
 N         -1.2026283361       -1.0194928947        0.0004342702
 C         -2.0262249926        0.1101372230       -0.0001527602
 O         -3.2559173612        0.0370790003       -0.0005706687
 N         -1.3433874553        1.3175669818        0.0003717625
 Cl         2.5178426525        0.4392545733       -0.0002348792
 H          0.4154615719        2.4171442787       -0.0005597597
 H         -1.6661089223       -1.9243794783        0.0003035864
 H         -1.8743353703        2.1836171786       -0.0007978891
  12
 Etot=         -28.6760427467
 C          0.0121680601        1.4160895758       -0.0000504011
 C          0.7957389873        0.3218816378       -0.0001751656
 C          0.1914085853       -1.0173157196        0.0001769258
 O          0.8332349509       -2.0545171445        0.0001832562
 N         -1.1877388061       -1.0013879222        0.0003706142
 C         -2.0081125929        0.1125785536       -0.0001236431
 O         -3.2208889268        0.0273108822       -0.0004759754
 N         -1.3471087194        1.3147776035        0.0000414134
 Cl         2.5116779071        0.4121571344       -0.0001399839
 H          0.4122813353        2.4199951771       -0.0000909776
 H         -1.6539223700       -1.9045268136        0.0003277898
 H         -1.8974656549        2.1671157854       -0.0005176026
  12
 Etot=         -28.6764228910
 C          0.0088085790        1.4215436801       -0.0001313106
 C          0.7912962267        0.3210604637        0.0000132926
 C          0.1961213713       -1.0119018837        0.0000577558
 O          0.8188021042       -2.0595884064        0.0002101804
 N         -1.1803584619       -0.9914117550        0.0002361963
 C         -2.0021392888        0.1134249731       -0.0000925908
 O         -3.2119340586        0.0219966277       -0.0003343269
 N         -1.3474301216        1.3134977436       -0.0000928033
 Cl         2.5101541089        0.4035189791       -0.0000185799
 H          0.4183025340        2.4195301577       -0.0002394373
 H         -1.6480535634       -1.8939688829        0.0003007211
 H         -1.9122966741        2.1564570528       -0.0003828470
  12
 Etot=         -28.6764823131
 C          0.0084348929        1.4227507031       -0.0001867197
 C          0.7906198338        0.3207481929       -0.0000019694
 C          0.1987280591       -1.0106920626        0.0002113017
 O          0.8145784196       -2.0625970394        0.0002358526
 N         -1.1794791075       -0.9896425441        0.0001911515
 C         -2.0018819151        0.1133443118       -0.0001041455
 O         -3.2126623136        0.0217374763       -0.0002803228
 N         -1.3465455659        1.3138871565       -0.0001622527
 Cl         2.5112394757        0.4061116701       -0.0000386761
 H          0.4236821859        2.4179554854       -0.0002354781
 H         -1.6475036207       -1.8922456894        0.0002064776
 H         -1.9179375887        2.1528010892       -0.0003089689
  12
 Etot=         -28.6765078565
 C          0.0082699998        1.4226091018       -0.0001681344
 C          0.7903393445        0.3201147880        0.0000401870
 C          0.2007116101       -1.0105707376        0.0000662348
 O          0.8124696979       -2.0647907397        0.0002652217
 N         -1.1802308801       -0.9897877323        0.0000961746
 C         -2.0022601816        0.1130197455       -0.0000884376
 O         -3.2139456716        0.0237555529       -0.0001263933
 N         -1.3453629717        1.3147629618       -0.0002188782
 Cl         2.5126334581        0.4115891273        0.0000827276
 H          0.4286100959        2.4157108379       -0.0003024506
 H         -1.6479656057       -1.8926053467        0.0002090434
 H         -1.9219961397        2.1503511911       -0.0003290448
