  10
 Etot=         -11.5468682604
 C         -1.6331509316       -0.4931410006       -0.0001032981
 C         -0.6294173772        0.6480096057        0.0003922781
 C          0.7505510775        0.1445733836        0.0002065116
 C          1.8793810205       -0.2630795254       -0.0000494273
 H         -2.6614674406       -0.1160175212        0.0000935171
 H         -1.5093153932       -1.1295790246        0.8832156709
 H         -1.4995238307       -1.1167724120       -0.8892538256
 H         -0.7942085827        1.2765890062        0.8815856710
 H         -0.7942250588        1.2767056267       -0.8810977907
 H          2.8811918724       -0.6242248987        0.0001414051
  10
 Etot=         -11.5476043541
 C         -1.6319795548       -0.5018198870       -0.0018705251
 C         -0.6284992592        0.6468640732        0.0018935863
 C          0.7400989708        0.1544240134        0.0032333820
 C          1.8651430157       -0.2510468042       -0.0074766546
 H         -2.6503120550       -0.1139274860       -0.0015187197
 H         -1.5042537952       -1.1306205982        0.8793070125
 H         -1.5008381459       -1.1251253551       -0.8860124006
 H         -0.7753550316        1.2730737331        0.8869097899
 H         -0.7740667750        1.2730596592       -0.8834012941
 H          2.8498779859       -0.6218181088        0.0040665356
  10
 Etot=         -11.5475706771
 C         -1.6346450009       -0.5028904019       -0.0026469928
 C         -0.6265996045        0.6458562776       -0.0001762463
 C          0.7336818687        0.1481710642        0.0004006605
 C          1.8554556557       -0.2687174158        0.0216427420
 H         -2.6481578223       -0.1096390460       -0.0022916747
 H         -1.5022822633       -1.1271911766        0.8778879181
 H         -1.5018444657       -1.1245789123       -0.8849247397
 H         -0.7683526744        1.2688889455        0.8871410409
 H         -0.7670952795        1.2710910922       -0.8861579929
 H          2.8496549419       -0.5979271871       -0.0157440029
  10
 Etot=         -11.5476648226
 C         -1.6341233630       -0.5039580772       -0.0019080834
 C         -0.6266383265        0.6462063276        0.0007914919
 C          0.7365419664        0.1567805014       -0.0005123000
 C          1.8609982427       -0.2547630107       -0.0006194539
 H         -2.6478886176       -0.1118751984       -0.0017039720
 H         -1.4996530197       -1.1276399343        0.8785015901
 H         -1.4991432486       -1.1240738671       -0.8847448910
 H         -0.7722792941        1.2678369415        0.8881467325
 H         -0.7712346027        1.2713417640       -0.8842605965
 H          2.8432356187       -0.6167922071        0.0014401944
  10
 Etot=         -11.5476709762
 C         -1.6332426003       -0.5037537622       -0.0020456329
 C         -0.6267165743        0.6472671811        0.0008378112
 C          0.7377538847        0.1570527766        0.0017664198
 C          1.8610717554       -0.2557913704        0.0000798605
 H         -2.6478233843       -0.1124776850       -0.0019573701
 H         -1.4998973370       -1.1280030725        0.8788896700
 H         -1.4985621476       -1.1245824890       -0.8851600136
 H         -0.7748303572        1.2696269908        0.8874725037
 H         -0.7730798234        1.2724024301       -0.8841911784
 H          2.8451419397       -0.6186777598       -0.0005613581
