  13
 Etot=         -18.6143759411
 C          2.2527639346       -0.2101040287       -0.1010503342
 O          0.8975214756       -0.3072756221        0.3154464349
 C          0.1030880756        0.7282749048       -0.2488599351
 C         -1.3275690092        0.5710107269        0.2296651784
 O         -1.8198101125       -0.6976012550       -0.1844414934
 H          2.8325524647       -1.0195372904        0.3512847797
 H          2.6601159440        0.7571312938        0.2032294243
 H          2.2980708623       -0.2969643965       -1.1895665531
 H          0.5211260093        1.6894153291        0.0649415477
 H          0.1529284352        0.6431489447       -1.3389381477
 H         -1.9738058980        1.3439844786       -0.1980057963
 H         -1.3718434444        0.6162069370        1.3216501037
 H         -2.7324626177       -0.7614254159        0.1387703273
  13
 Etot=         -18.6158746587
 C          2.2513319897       -0.2032849626       -0.1037196669
 O          0.9051987314       -0.2967597405        0.3246036032
 C          0.1004887385        0.7212265964       -0.2513855515
 C         -1.3282698301        0.5601390584        0.2358315255
 O         -1.8316340245       -0.6938015541       -0.2071011351
 H          2.7955118908       -1.0169628248        0.3718944987
 H          2.6797179040        0.7579139578        0.1982115705
 H          2.3141524920       -0.3052318972       -1.1924162261
 H          0.4897467218        1.7031242963        0.0495946421
 H          0.1331541622        0.6370749360       -1.3454748116
 H         -1.9394507091        1.3717687626       -0.1783342573
 H         -1.3430874598        0.6057048486        1.3306855190
 H         -2.7341844873       -0.7846468708        0.1317358257
  13
 Etot=         -18.6163893180
 C          2.2564684802       -0.1993914953       -0.1011231949
 O          0.9164087252       -0.2759102202        0.3328052330
 C          0.0979224016        0.7175224429       -0.2563908730
 C         -1.3316555361        0.5530819099        0.2411887880
 O         -1.8490423631       -0.6766422052       -0.2361535114
 H          2.7752162590       -1.0159478935        0.3941554499
 H          2.7040648159        0.7593105887        0.1863643207
 H          2.3277673075       -0.3178549421       -1.1884208554
 H          0.4645845170        1.7180636512        0.0237214113
 H          0.1198690631        0.6223982513       -1.3516038122
 H         -1.9244944547        1.3957420402       -0.1441141393
 H         -1.3254331636        0.5748605273        1.3379205108
 H         -2.7389999326       -0.7989680489        0.1257762089
  13
 Etot=         -18.6166148797
 C          2.2594804373       -0.1972329595       -0.0962771401
 O          0.9220280533       -0.2570323122        0.3426232649
 C          0.0967588310        0.7175896302       -0.2608415783
 C         -1.3325182821        0.5495996643        0.2447695372
 O         -1.8628945845       -0.6575712309       -0.2631760705
 H          2.7707868982       -1.0107338851        0.4103505421
 H          2.7188376813        0.7616981354        0.1741903025
 H          2.3296497011       -0.3317498007       -1.1819457260
 H          0.4531379353        1.7283295975       -0.0008897351
 H          0.1126952091        0.6048777439       -1.3550252742
 H         -1.9198195204        1.4105621317       -0.1097935810
 H         -1.3137165500        0.5415492926        1.3420913074
 H         -2.7417496899       -0.8036214010        0.1180496875
  13
 Etot=         -18.6168337987
 C          2.2617947896       -0.1939898719       -0.0889735702
 O          0.9272877257       -0.2333373935        0.3607258732
 C          0.0959140790        0.7180629377       -0.2654825151
 C         -1.3314378359        0.5467573828        0.2489657254
 O         -1.8810463929       -0.6290182860       -0.3032255135
 H          2.7743930609       -0.9979776349        0.4309377369
 H          2.7306759145        0.7680919559        0.1544396927
 H          2.3218922516       -0.3537964525       -1.1721006045
 H          0.4446715578        1.7380179051       -0.0341773031
 H          0.1063936947        0.5764240603       -1.3567055422
 H         -1.9160544499        1.4277663872       -0.0599844302
 H         -1.2983357640        0.4923238562        1.3456436672
 H         -2.7434725116       -0.8030602403        0.1040623195
  13
 Etot=         -18.6169793568
 C          2.2632249848       -0.1899006134       -0.0837781314
 O          0.9326943546       -0.2145744459        0.3822966306
 C          0.0957418031        0.7171741035       -0.2657274675
 C         -1.3288698371        0.5446695791        0.2539474926
 O         -1.8968911625       -0.6030033227       -0.3375853017
 H          2.7846625930       -0.9808662467        0.4481267156
 H          2.7352893667        0.7776596683        0.1299656205
 H          2.3067330397       -0.3767626592       -1.1637313295
 H          0.4412936325        1.7426441983       -0.0614053582
 H          0.1039930865        0.5470327063       -1.3527971433
 H         -1.9113270627        1.4392636525       -0.0146296804
 H         -1.2871914742        0.4477312546        1.3471222901
 H         -2.7466772048       -0.7948032685        0.0823211989
  13
 Etot=         -18.6170429709
 C          2.2636247574       -0.1867033766       -0.0813627936
 O          0.9366655403       -0.2042616121        0.3978954908
 C          0.0954535305        0.7157903455       -0.2639824242
 C         -1.3273141518        0.5445783149        0.2567443740
 O         -1.9079418356       -0.5829818008       -0.3637432546
 H          2.7941782251       -0.9652071738        0.4612477361
 H          2.7336496998        0.7862457392        0.1077649664
 H          2.2941792146       -0.3959899811       -1.1574513475
 H          0.4407587796        1.7428598921       -0.0764980816
 H          0.1049467956        0.5272593806       -1.3471093654
 H         -1.9062490709        1.4477943539        0.0167209996
 H         -1.2810905681        0.4160358736        1.3452912112
 H         -2.7481847971       -0.7891553490        0.0686080252
  13
 Etot=         -18.6170629595
 C          2.2641712817       -0.1846818179       -0.0813080879
 O          0.9397152178       -0.2011860128        0.4053280803
 C          0.0954608373        0.7142251886       -0.2614970860
 C         -1.3265016475        0.5438112455        0.2593964646
 O         -1.9139966168       -0.5734141086       -0.3734522218
 H          2.8011976897       -0.9536111615        0.4687999260
 H          2.7302030953        0.7924069651        0.0916472016
 H          2.2887381999       -0.4087986679       -1.1539066702
 H          0.4413464847        1.7417219239       -0.0812514367
 H          0.1056238735        0.5178346057       -1.3424825153
 H         -1.9015901649        1.4506792977        0.0324135293
 H         -1.2794118850        0.4000582324        1.3441203923
 H         -2.7522802460       -0.7827810840        0.0563179602
