  8
 Etot=         -27.7871185409
 C          0.1841025919       -0.6212068818        0.5221344121
 H          0.1785968233       -0.7058570715        1.6111523330
 C          1.3313412615        0.2187154459        0.0309634454
 F          2.5215538946       -0.3031567009        0.3954004777
 F          1.2649441318        1.4812062317        0.5026237437
 F          1.3183569244        0.2852304795       -1.3203962984
 F          0.2877653567       -1.8676375899       -0.0074857545
 Br        -1.5122334264        0.1655474937       -0.0012570909
  8
 Etot=         -27.7882606930
 C          0.1763288356       -0.6323100501        0.5422362371
 H          0.1994197731       -0.7206844665        1.6355437529
 C          1.3213829960        0.2187700560        0.0221393180
 F          2.5089389998       -0.2920432576        0.3821692510
 F          1.2620710197        1.4678341141        0.5028333389
 F          1.3187100968        0.3019521992       -1.3188725352
 F          0.2794292095       -1.8702540669        0.0039296247
 Br        -1.4918533730        0.1795768784       -0.0368437193
  8
 Etot=         -27.7885557352
 C          0.1697003045       -0.6326646275        0.5342470408
 H          0.1954007132       -0.7121667423        1.6288497236
 C          1.3281661724        0.2210050854        0.0127691654
 F          2.5067262915       -0.2876316973        0.3860603853
 F          1.2704123321        1.4601610932        0.4982478891
 F          1.3455411835        0.3111581737       -1.3178808567
 F          0.2708228867       -1.8707549088        0.0061524041
 Br        -1.5123423262        0.1637350303       -0.0153104834
  8
 Etot=         -27.7885927793
 C          0.1699769440       -0.6356617443        0.5325540465
 H          0.2004324970       -0.7089598907        1.6270864458
 C          1.3280772665        0.2217436658        0.0119115000
 F          2.5057010796       -0.2887467140        0.3866760983
 F          1.2652123237        1.4590785421        0.5010852920
 F          1.3418357889        0.3112328160       -1.3162582941
 F          0.2709566763       -1.8745487664        0.0080697199
 Br        -1.5077650182        0.1687034980       -0.0179895404
