  13
 Etot=         -28.0628193383
 C         -1.8225329045       -1.3367604725       -0.0001022276
 C         -0.4770186223       -1.7046084284        0.0003425992
 C          0.5135645353       -0.7226354115        0.0002993005
 C          0.1595786527        0.6262096448        0.0002037365
 C         -1.1866592777        0.9933680044       -0.0002129821
 C         -2.1772424354        0.0113949875       -0.0001696833
 O         -3.4903334699        0.3698945217       -0.0000313954
 Cl         1.3398032076        1.8891633163        0.0000500686
 Cl         2.1629794547       -1.2412134689       -0.0001719430
 H         -2.5898015737       -2.1064257811        0.0002171872
 H         -0.2183598282       -2.7605580612        0.0003073448
 H         -1.4746661616        2.0424118706       -0.0001736715
 H         -4.0543494983       -0.4201997080        0.0001356005
  13
 Etot=         -28.0642792486
 C         -1.8184957905       -1.3430436429        0.0001457534
 C         -0.4821655524       -1.7028056189        0.0001737915
 C          0.5023957966       -0.7253602935        0.0000296005
 C          0.1436347229        0.6152470106       -0.0000028830
 C         -1.1934720040        0.9817689834       -0.0000278918
 C         -2.1813874263        0.0027016575        0.0000809532
 O         -3.4804126357        0.3854412109       -0.0000897858
 Cl         1.3483970320        1.8559680820        0.0000410631
 Cl         2.1677540418       -1.2023681723        0.0000142539
 H         -2.5758714591       -2.1127908980        0.0001807842
 H         -0.2081395885       -2.7463637129        0.0003380265
 H         -1.4756013541        2.0236831770       -0.0001700556
 H         -4.0616737040       -0.3920367692       -0.0000196759
  13
 Etot=         -28.0645132665
 C         -1.8173615638       -1.3486840941        0.0001327784
 C         -0.4839834056       -1.7047008382        0.0001810967
 C          0.4988803899       -0.7285064997        0.0001278004
 C          0.1356996083        0.6109029749        0.0000181386
 C         -1.1975683918        0.9762387091       -0.0000788287
 C         -2.1856386199       -0.0038604321       -0.0000424778
 O         -3.4739254126        0.3959245545       -0.0000767037
 Cl         1.3536492338        1.8416519524       -0.0000625157
 Cl         2.1744451591       -1.1820456474        0.0001282964
 H         -2.5703605289       -2.1195460348        0.0002380278
 H         -0.1983200151       -2.7425742280        0.0001832508
 H         -1.4791341326        2.0150600079       -0.0000939910
 H         -4.0714202421       -0.3698194107        0.0000390621
  13
 Etot=         -28.0645385409
 C         -1.8174609774       -1.3503579606        0.0001361471
 C         -0.4834643721       -1.7057377310        0.0001394534
 C          0.4995147865       -0.7295313110        0.0000660854
 C          0.1350850811        0.6108892794       -0.0000149345
 C         -1.1978269658        0.9751214448       -0.0000218208
 C         -2.1868884453       -0.0061228013        0.0000435724
 O         -3.4719341304        0.3982028564       -0.0000395300
 Cl         1.3536544525        1.8424425715       -0.0000590784
 Cl         2.1764973902       -1.1810270483        0.0001426605
 H         -2.5699569735       -2.1222026321        0.0001781572
 H         -0.1946052256       -2.7430959096        0.0002610334
 H         -1.4813531949        2.0136605579       -0.0001330355
 H         -4.0762993467       -0.3622003022       -0.0000047759
