  6
 Etot=          -7.4123250581
 C          1.2204134462       -0.0080523837       -0.0000294744
 S         -0.5828735492        0.0450702167        0.0000121598
 H          1.6228059109        1.0082772433        0.0005979140
 H          1.5762895238       -0.5314498334       -0.8902549104
 H          1.5762950219       -0.5327713210        0.8899094791
 H         -0.7754997386       -1.2818845907       -0.0002880907
  6
 Etot=          -7.4128652188
 C          1.2320644584       -0.0239558763        0.0000076616
 S         -0.5776209909        0.0521757834        0.0001146570
 H          1.5891711812        1.0033307424        0.0006605797
 H          1.5826679780       -0.5323110584       -0.8962148803
 H          1.5826814087       -0.5333602236        0.8957585272
 H         -0.7715334205       -1.2666900363       -0.0003794679
  6
 Etot=          -7.4129704973
 C          1.2420947801       -0.0260729660        0.0000593943
 S         -0.5763174487        0.0469756100        0.0001518722
 H          1.5829628662        1.0045165362        0.0006512094
 H          1.5864375263       -0.5305780590       -0.8964829768
 H          1.5864725538       -0.5315466679        0.8959967014
 H         -0.7842196627       -1.2641051220       -0.0004291232
  6
 Etot=          -7.4129829502
 C          1.2433786765       -0.0253023545        0.0000754436
 S         -0.5788983160        0.0470066727        0.0001788111
 H          1.5843017625        1.0046915886        0.0006157931
 H          1.5846235715       -0.5312971390       -0.8961272389
 H          1.5846888831       -0.5322665966        0.8956728552
 H         -0.7806639625       -1.2636428401       -0.0004685867
