  11
 Etot=         -17.6245298463
 C          2.0119012108        0.0146432117        0.0001788595
 C          0.7156317930       -0.7769092991       -0.0002891677
 C         -0.4946701329        0.1211096033        0.0002575092
 O         -0.4862386939        1.3434956891       -0.0001526392
 O         -1.6281510217       -0.6254893766        0.0000631629
 H          2.8715943611       -0.6625444385       -0.0005786275
 H          2.0807028797        0.6565722186       -0.8844201912
 H          2.0809282760        0.6564860837        0.8847205443
 H          0.6779553624       -1.4105134897       -0.8917055778
 H          0.6778173629       -1.4103745590        0.8921937920
 H         -1.4335785167       -1.5867043224       -0.0005437137
  11
 Etot=         -17.6271233290
 C          2.0321873523        0.0212886743        0.0000099456
 C          0.7356309333       -0.7756636484       -0.0001781354
 C         -0.4995335870        0.0924897125       -0.0003711921
 O         -0.4911224165        1.2985258689        0.0001335469
 O         -1.6548008783       -0.6022530829        0.0004278386
 H          2.8911277770       -0.6472851769       -0.0002256066
 H          2.0860217816        0.6617096704       -0.8789148251
 H          2.0860064866        0.6613999709        0.8790663706
 H          0.6955875368       -1.4116515749       -0.8871647705
 H          0.6951497411       -1.4114206425        0.8873161508
 H         -1.5023618461       -1.5673684502       -0.0003753720
  11
 Etot=         -17.6274766357
 C          2.0317506788        0.0285802355       -0.0000458334
 C          0.7455433151       -0.7872297276        0.0001364303
 C         -0.4908622315        0.0803189133        0.0005864962
 O         -0.4814070135        1.2852434238       -0.0001409634
 O         -1.6562844828       -0.5840868511       -0.0007051915
 H          2.8913940047       -0.6342353873       -0.0003930361
 H          2.0764190346        0.6677047347       -0.8779285210
 H          2.0768386397        0.6673096587        0.8780704495
 H          0.7082731389       -1.4255027693       -0.8854315744
 H          0.7084409271       -1.4254377601        0.8857513098
 H         -1.5362131303       -1.5528931494       -0.0001756154
  11
 Etot=         -17.6275528999
 C          2.0310188960        0.0301704172        0.0000258970
 C          0.7492904901       -0.7938218130       -0.0002518794
 C         -0.4855760304        0.0747010581       -0.0012078651
 O         -0.4738773768        1.2821281238        0.0004240488
 O         -1.6548383662       -0.5756136407        0.0010341868
 H          2.8965949390       -0.6248372806        0.0001691076
 H          2.0685877212        0.6694681355       -0.8777546360
 H          2.0683565874        0.6694154988        0.8778934685
 H          0.7152544554       -1.4328367416       -0.8855642921
 H          0.7147895308       -1.4325913580        0.8851895365
 H         -1.5557079656       -1.5464110783       -0.0002336219
  11
 Etot=         -17.6275662318
 C          2.0303133015        0.0306111274       -0.0000991517
 C          0.7503249137       -0.7963519106        0.0005237855
 C         -0.4832989802        0.0722545712        0.0021771288
 O         -0.4692968106        1.2811725459       -0.0006717158
 O         -1.6530864135       -0.5731133632       -0.0022524884
 H          2.8993037626       -0.6202781765       -0.0007774053
 H          2.0646235176        0.6705360644       -0.8778591558
 H          2.0655718769        0.6700069521        0.8779678944
 H          0.7170645114       -1.4351531109       -0.8850392445
 H          0.7179727761       -1.4354395204        0.8858184514
 H         -1.5655995748       -1.5444738582       -0.0000641479
