    -17.627571015822    -17.627571015822         0.14648E-03
    -17.626469642383    -17.626469642383         0.16731E-03
    -17.627571313886    -17.627571313886         0.45030E-04
    -17.627570456165    -17.627570456165         0.11217E-03
    -17.626471471432    -17.626471471432         0.78644E-04
    -17.626471082087    -17.626471082087         0.12983E-03
    -17.626469364983    -17.626469364983         0.12372E-03
    -17.626470138818    -17.626470138818         0.58666E-04
    -17.626468565859    -17.626468565859         0.25035E-04
    -17.626215901235    -17.626215901235         0.68446E-04
    -17.626215249408    -17.626215249408         0.56447E-04
    -17.626179755802    -17.626179755802         0.18202E-03
    -17.626179833983    -17.626179833983         0.53878E-04
    -17.626211525787    -17.626211525787         0.10321E-03
    -17.626501866897    -17.626501866897         0.12417E-03
    -17.626192216553    -17.626192216553         0.18122E-03
    -17.626203344342    -17.626203344342         0.16230E-03
    -17.626179441067    -17.626179441067         0.14187E-03
    -17.627545315528    -17.627545315528         0.13373E-03
    -17.626179620047    -17.626179620047         0.87163E-04
    -17.627546608671    -17.627546608671         0.40849E-04
    -17.626502046586    -17.626502046586         0.18857E-03
    -17.626499730221    -17.626499730221         0.81893E-04
    -17.626034758031    -17.626034758031         0.55297E-04
    -17.626034398441    -17.626034398441         0.10356E-03
    -17.626498010713    -17.626498010713         0.55349E-04
    -17.626502978429    -17.626502978429         0.11042E-03
    -17.626205711548    -17.626205711548         0.97081E-04
    -17.627555297982    -17.627555297982         0.11719E-03
    -17.627557566995    -17.627557566995         0.10821E-03
    -17.627553999424    -17.627553999424         0.14044E-03
    -17.626504382027    -17.626504382027         0.11463E-03
    -17.627555797815    -17.627555797815         0.10592E-03
    -17.626500207108    -17.626500207108         0.97189E-04
