 
       ╔════════════════════════════════════════════╗
       ║            ___ ___ ___ ___ _____           ║
       ║           / __| _ \ __/ __|_   _|          ║
       ║          | (__|   / _|\__ \ | |            ║
       ║           \___|_|_\___|___/ |_|            ║
       ║                                            ║
       ║  Conformer-Rotamer Ensemble Sampling Tool  ║
       ║          based on the xTB methods          ║
       ║                                            ║
       ╚════════════════════════════════════════════╝
       Version 3.0.2, Sun Aug 25 20:02:36 UTC 2024
       commit (af7eb99) compiled by 'runner@fv-az1984-471'
 
   Cite work conducted with this code as

   • P.Pracht, F.Bohle, S.Grimme, PCCP, 2020, 22, 7169-7192.
   • S.Grimme, JCTC, 2019, 15, 2847-2862.
   • P.Pracht, S.Grimme, C.Bannwarth, F.Bohle, S.Ehlert,
     G.Feldmann, J.Gorges, M.Müller, T.Neudecker, C.Plett,
     S.Spicher, P.Steinbach, P.Wesołowski, F.Zeller,
     J. Chem. Phys., 2024, 160, 114110.

   for works involving QCG cite

   • S.Spicher, C.Plett, P.Pracht, A.Hansen, S.Grimme,
     JCTC, 2022, 18 (5), 3174-3189.
   • C.Plett, S. Grimme,
     Angew. Chem. Int. Ed. 2023, 62, e202214477.

   for works involving MECP screening cite

   • P.Pracht, C.Bannwarth, JCTC, 2022, 18 (10), 6370-6385.
 
   Original code
     P.Pracht, S.Grimme, Universität Bonn, MCTC
   with help from (alphabetical order):
     C.Bannwarth, F.Bohle, S.Ehlert, G.Feldmann, J.Gorges,
     S.Grimme, C.Plett, P.Pracht, S.Spicher, P.Steinbach,
     P.Wesolowski, F.Zeller
 
   Online documentation is available at
   https://crest-lab.github.io/crest-docs/
 
   This program is distributed in the hope that it will be useful,
   but WITHOUT ANY WARRANTY; without even the implied warranty of
   MERCHANTABILITY or FITNESS FOR A PARTICULAR PURPOSE. See the
   GNU Lesser General Public License (LGPL) for more details.

 Command line input:
 $ crest mobley_778352.xyz --alpb water --chrg 0 --uhf 0 -T 4 --noreftopo

  --alpb water : implicit solvation
  --chrg 0
  --uhf 0
  -T 4 (CPUs/Threads selected)

> Setting up backup calculator ... done.
 ----------------
 Calculation info
 ----------------
> User-defined calculation level:
 : xTB calculation via tblite lib
 : GFN2-xTB level
 :   Molecular charge    : 0
 :   Solvation model     : alpb
 :   Solvent             : water
 :   Fermi temperature   : 300.00000
 :   Accuracy            : 1.00000
 :   max SCC cycles      : 500
 
 
 -----------------------------
 Initial Geometry Optimization
 -----------------------------
 Geometry successfully optimized.
 
          ┍━━━━━━━━━━━━━━━━━━━━━━━━━━━━━━━━━━━━━━━━━━━━━━━━━┑
          │              CREST iMTD-GC SAMPLING             │
          ┕━━━━━━━━━━━━━━━━━━━━━━━━━━━━━━━━━━━━━━━━━━━━━━━━━┙
 
 Input structure:
  15
 
 C         -2.0774119002        0.0328960618       -0.0331469345
 C         -0.7244127274        0.6764140698       -0.0434509545
 C          0.4436672423        0.0478019293        0.0081944445
 C          1.7440821005        0.7961652415       -0.0237826702
 C          0.5834640028       -1.4462959690        0.0814192470
 H         -2.4201732517       -0.1167761296        0.9916588614
 H         -2.7986997565        0.6724470366       -0.5357967189
 H         -2.0632039313       -0.9321763249       -0.5326430445
 H         -0.7300923661        1.7585671507       -0.0828835251
 H          2.2882897754        0.6462755082        0.9093339734
 H          2.3691989333        0.4240442033       -0.8355978045
 H          1.5825940204        1.8622113015       -0.1649287766
 H          0.7024525134       -1.8607874762       -0.9199379766
 H          1.4665747633       -1.7106027019        0.6584785013
 H         -0.2843590156       -1.9069920444        0.5432562293
 
 ------------------------------------------------
 Generating MTD length from a flexibility measure
 ------------------------------------------------
 Calculating GFN0-xTB WBOs   ... done.
 Calculating NCI flexibility ... done.
     covalent flexibility measure :   0.000
 non-covalent flexibility measure :   0.858
 flexibility measure :   0.000
 t(MTD) / ps    :     5.0
 Σ(t(MTD)) / ps :    70.0 (14 MTDs)
 
 -----------------------------------
 Starting trial MTD to test settings
 -----------------------------------
 Trial MTD 1 runtime (1.0 ps) ...        0 min,  0.762 sec
 Estimated runtime for one MTD (5.0 ps) on a single thread: 4 sec
 Estimated runtime for a batch of 14 MTDs on 4 threads: 15 sec
 
******************************************************************************************
**                         N E W   I T E R A T I O N  C Y C L E                         **
******************************************************************************************
 
 ------------------------------
 Meta-Dynamics Iteration 1
 ------------------------------
 list of applied metadynamics Vbias parameters:
$metadyn    0.04500   1.300
$metadyn    0.02250   1.300
$metadyn    0.01125   1.300
$metadyn    0.04500   0.780
$metadyn    0.02250   0.780
$metadyn    0.01125   0.780
$metadyn    0.04500   0.468
$metadyn    0.02250   0.468
$metadyn    0.01125   0.468
$metadyn    0.04500   0.281
$metadyn    0.02250   0.281
$metadyn    0.01125   0.281
$metadyn    0.01500   0.100
$metadyn    0.07500   0.800
 
  ::::::::::::: starting MTD    1 :::::::::::::
  |   MD simulation time   :     5.0 ps       |
  |   target T             :   300.0 K        |
  |   timestep dt          :     5.0 fs       |
  |   dump interval(trj)   :   100.0 fs       |
  |   SHAKE algorithm      : true (all bonds) |
  |   dump interval(Vbias) :    1.00 ps       |
  |   Vbias prefactor (k)  :  0.0450 Eh       |
  |   Vbias exponent (α)   :  1.3000 bohr⁻²   |
  ::::::::::::: starting MTD    5 :::::::::::::
  |   MD simulation time   :     5.0 ps       |
  |   target T             :   300.0 K        |
  |   timestep dt          :     5.0 fs       |
  |   dump interval(trj)   :   100.0 fs       |
  |   SHAKE algorithm      : true (all bonds) |
  |   dump interval(Vbias) :    1.00 ps       |
  |   Vbias prefactor (k)  :  0.0225 Eh       |
  |   Vbias exponent (α)   :  0.7800 bohr⁻²   |
  ::::::::::::: starting MTD    9 :::::::::::::
  |   MD simulation time   :     5.0 ps       |
  |   target T             :   300.0 K        |
  |   timestep dt          :     5.0 fs       |
  |   dump interval(trj)   :   100.0 fs       |
  |   SHAKE algorithm      : true (all bonds) |
  |   dump interval(Vbias) :    1.00 ps       |
  |   Vbias prefactor (k)  :  0.0112 Eh       |
  |   Vbias exponent (α)   :  0.4680 bohr⁻²   |
  ::::::::::::: starting MTD   12 :::::::::::::
  |   MD simulation time   :     5.0 ps       |
  |   target T             :   300.0 K        |
  |   timestep dt          :     5.0 fs       |
  |   dump interval(trj)   :   100.0 fs       |
  |   SHAKE algorithm      : true (all bonds) |
  |   dump interval(Vbias) :    1.00 ps       |
  |   Vbias prefactor (k)  :  0.0112 Eh       |
  |   Vbias exponent (α)   :  0.2808 bohr⁻²   |
*MTD   5 completed successfully ...        0 min,  5.598 sec
  ::::::::::::: starting MTD    6 :::::::::::::
  |   MD simulation time   :     5.0 ps       |
  |   target T             :   300.0 K        |
  |   timestep dt          :     5.0 fs       |
  |   dump interval(trj)   :   100.0 fs       |
  |   SHAKE algorithm      : true (all bonds) |
  |   dump interval(Vbias) :    1.00 ps       |
  |   Vbias prefactor (k)  :  0.0112 Eh       |
  |   Vbias exponent (α)   :  0.7800 bohr⁻²   |
*MTD   9 completed successfully ...        0 min,  5.606 sec
  ::::::::::::: starting MTD   10 :::::::::::::
  |   MD simulation time   :     5.0 ps       |
  |   target T             :   300.0 K        |
  |   timestep dt          :     5.0 fs       |
  |   dump interval(trj)   :   100.0 fs       |
  |   SHAKE algorithm      : true (all bonds) |
  |   dump interval(Vbias) :    1.00 ps       |
  |   Vbias prefactor (k)  :  0.0450 Eh       |
  |   Vbias exponent (α)   :  0.2808 bohr⁻²   |
*MTD  12 completed successfully ...        0 min,  5.609 sec
  ::::::::::::: starting MTD   13 :::::::::::::
  |   MD simulation time   :     5.0 ps       |
  |   target T             :   300.0 K        |
  |   timestep dt          :     5.0 fs       |
  |   dump interval(trj)   :   100.0 fs       |
  |   SHAKE algorithm      : true (all bonds) |
  |   dump interval(Vbias) :    1.00 ps       |
  |   Vbias prefactor (k)  :  0.0150 Eh       |
  |   Vbias exponent (α)   :  0.1000 bohr⁻²   |
*MTD   1 completed successfully ...        0 min,  5.643 sec
  ::::::::::::: starting MTD    2 :::::::::::::
  |   MD simulation time   :     5.0 ps       |
  |   target T             :   300.0 K        |
  |   timestep dt          :     5.0 fs       |
  |   dump interval(trj)   :   100.0 fs       |
  |   SHAKE algorithm      : true (all bonds) |
  |   dump interval(Vbias) :    1.00 ps       |
  |   Vbias prefactor (k)  :  0.0225 Eh       |
  |   Vbias exponent (α)   :  1.3000 bohr⁻²   |
*MTD   6 completed successfully ...        0 min,  5.426 sec
  ::::::::::::: starting MTD    7 :::::::::::::
  |   MD simulation time   :     5.0 ps       |
  |   target T             :   300.0 K        |
  |   timestep dt          :     5.0 fs       |
  |   dump interval(trj)   :   100.0 fs       |
  |   SHAKE algorithm      : true (all bonds) |
  |   dump interval(Vbias) :    1.00 ps       |
  |   Vbias prefactor (k)  :  0.0450 Eh       |
  |   Vbias exponent (α)   :  0.4680 bohr⁻²   |
*MTD  10 completed successfully ...        0 min,  5.532 sec
  ::::::::::::: starting MTD   11 :::::::::::::
  |   MD simulation time   :     5.0 ps       |
  |   target T             :   300.0 K        |
  |   timestep dt          :     5.0 fs       |
  |   dump interval(trj)   :   100.0 fs       |
  |   SHAKE algorithm      : true (all bonds) |
  |   dump interval(Vbias) :    1.00 ps       |
  |   Vbias prefactor (k)  :  0.0225 Eh       |
  |   Vbias exponent (α)   :  0.2808 bohr⁻²   |
*MTD  13 completed successfully ...        0 min,  5.539 sec
  ::::::::::::: starting MTD   14 :::::::::::::
  |   MD simulation time   :     5.0 ps       |
  |   target T             :   300.0 K        |
  |   timestep dt          :     5.0 fs       |
  |   dump interval(trj)   :   100.0 fs       |
  |   SHAKE algorithm      : true (all bonds) |
  |   dump interval(Vbias) :    1.00 ps       |
  |   Vbias prefactor (k)  :  0.0750 Eh       |
  |   Vbias exponent (α)   :  0.8000 bohr⁻²   |
*MTD   2 completed successfully ...        0 min,  5.520 sec
  ::::::::::::: starting MTD    3 :::::::::::::
  |   MD simulation time   :     5.0 ps       |
  |   target T             :   300.0 K        |
  |   timestep dt          :     5.0 fs       |
  |   dump interval(trj)   :   100.0 fs       |
  |   SHAKE algorithm      : true (all bonds) |
  |   dump interval(Vbias) :    1.00 ps       |
  |   Vbias prefactor (k)  :  0.0112 Eh       |
  |   Vbias exponent (α)   :  1.3000 bohr⁻²   |
*MTD   7 completed successfully ...        0 min,  5.528 sec
  ::::::::::::: starting MTD    8 :::::::::::::
  |   MD simulation time   :     5.0 ps       |
  |   target T             :   300.0 K        |
  |   timestep dt          :     5.0 fs       |
  |   dump interval(trj)   :   100.0 fs       |
  |   SHAKE algorithm      : true (all bonds) |
  |   dump interval(Vbias) :    1.00 ps       |
  |   Vbias prefactor (k)  :  0.0225 Eh       |
  |   Vbias exponent (α)   :  0.4680 bohr⁻²   |
*MTD  11 completed successfully ...        0 min,  5.444 sec
*MTD  14 completed successfully ...        0 min,  5.528 sec
*MTD   3 completed successfully ...        0 min,  5.541 sec
  ::::::::::::: starting MTD    4 :::::::::::::
  |   MD simulation time   :     5.0 ps       |
  |   target T             :   300.0 K        |
  |   timestep dt          :     5.0 fs       |
  |   dump interval(trj)   :   100.0 fs       |
  |   SHAKE algorithm      : true (all bonds) |
  |   dump interval(Vbias) :    1.00 ps       |
  |   Vbias prefactor (k)  :  0.0450 Eh       |
  |   Vbias exponent (α)   :  0.7800 bohr⁻²   |
*MTD   8 completed successfully ...        0 min,  3.961 sec
*MTD   4 completed successfully ...        0 min,  3.961 sec
 
 ======================================
 |  Multilevel Ensemble Optimization  |
 ======================================
 Optimizing all 686 structures from file "crest_dynamics.trj" ...
 ----------------------
 crude pre-optimization
 ----------------------
 Optimization engine: ANCOPT
 Hessian update type: BFGS
 E/G convergence criteria:  0.500E-03 Eh, 0.100E-01 Eh/a0
 maximum optimization steps: 200
 |>0.1% |>10.1% |>20.1% |>30.0% |>40.1% |>50.0% |>60.1% |>70.1% |>80.0% |>90.1% |>100.0%
 done.
> 686 of 686 structures successfully optimized (100.0% success)
> Total runtime for 686 optimizations:
 * wall-time:     0 d,  0 h,  0 min,  6.104 sec
 *  cpu-time:     0 d,  0 h,  0 min, 24.132 sec
 * ratio c/w:     3.954 speedup
> Corresponding to approximately 0.009 sec per processed structure
 
CREGEN> running RMSDs ... done.
CREGEN> E lowest :   -15.78102
 434 structures remain within    12.00 kcal/mol window
 ----------------------------------
 optimization with tight thresholds
 ----------------------------------
 Optimization engine: ANCOPT
 Hessian update type: BFGS
 E/G convergence criteria:  0.100E-05 Eh, 0.800E-03 Eh/a0
 maximum optimization steps: 200
 |>0.2% |>10.1% |>20.0% |>30.2% |>40.1% |>50.0% |>60.1% |>70.0% |>80.2% |>90.1% |>100.0%
 done.
> 434 of 434 structures successfully optimized (100.0% success)
> Total runtime for 434 optimizations:
 * wall-time:     0 d,  0 h,  0 min, 14.089 sec
 *  cpu-time:     0 d,  0 h,  0 min, 47.868 sec
 * ratio c/w:     3.397 speedup
> Corresponding to approximately 0.032 sec per processed structure
 
CREGEN> running RMSDs ... done.
CREGEN> E lowest :   -15.78107
 135 structures remain within     6.00 kcal/mol window
 
 ------------------------------
 Meta-Dynamics Iteration 2
 ------------------------------
 list of applied metadynamics Vbias parameters:
$metadyn    0.04500   1.300
$metadyn    0.02250   1.300
$metadyn    0.01125   1.300
$metadyn    0.04500   0.780
$metadyn    0.02250   0.780
$metadyn    0.01125   0.780
$metadyn    0.04500   0.468
$metadyn    0.02250   0.468
$metadyn    0.01125   0.468
$metadyn    0.04500   0.281
$metadyn    0.02250   0.281
$metadyn    0.01125   0.281
$metadyn    0.01500   0.100
$metadyn    0.07500   0.800
 
  ::::::::::::: starting MTD    1 :::::::::::::
  |   MD simulation time   :     5.0 ps       |
  |   target T             :   300.0 K        |
  |   timestep dt          :     5.0 fs       |
  |   dump interval(trj)   :   100.0 fs       |
  |   SHAKE algorithm      : true (all bonds) |
  |   dump interval(Vbias) :    1.00 ps       |
  |   Vbias prefactor (k)  :  0.0450 Eh       |
  |   Vbias exponent (α)   :  1.3000 bohr⁻²   |
  ::::::::::::: starting MTD   12 :::::::::::::
  |   MD simulation time   :     5.0 ps       |
  |   target T             :   300.0 K        |
  |   timestep dt          :     5.0 fs       |
  |   dump interval(trj)   :   100.0 fs       |
  |   SHAKE algorithm      : true (all bonds) |
  |   dump interval(Vbias) :    1.00 ps       |
  |   Vbias prefactor (k)  :  0.0112 Eh       |
  |   Vbias exponent (α)   :  0.2808 bohr⁻²   |
  ::::::::::::: starting MTD    9 :::::::::::::
  |   MD simulation time   :     5.0 ps       |
  |   target T             :   300.0 K        |
  |   timestep dt          :     5.0 fs       |
  |   dump interval(trj)   :   100.0 fs       |
  |   SHAKE algorithm      : true (all bonds) |
  |   dump interval(Vbias) :    1.00 ps       |
  |   Vbias prefactor (k)  :  0.0112 Eh       |
  |   Vbias exponent (α)   :  0.4680 bohr⁻²   |
  ::::::::::::: starting MTD    5 :::::::::::::
  |   MD simulation time   :     5.0 ps       |
  |   target T             :   300.0 K        |
  |   timestep dt          :     5.0 fs       |
  |   dump interval(trj)   :   100.0 fs       |
  |   SHAKE algorithm      : true (all bonds) |
  |   dump interval(Vbias) :    1.00 ps       |
  |   Vbias prefactor (k)  :  0.0225 Eh       |
  |   Vbias exponent (α)   :  0.7800 bohr⁻²   |
*MTD   1 completed successfully ...        0 min,  5.136 sec
  ::::::::::::: starting MTD    2 :::::::::::::
  |   MD simulation time   :     5.0 ps       |
  |   target T             :   300.0 K        |
  |   timestep dt          :     5.0 fs       |
  |   dump interval(trj)   :   100.0 fs       |
  |   SHAKE algorithm      : true (all bonds) |
  |   dump interval(Vbias) :    1.00 ps       |
  |   Vbias prefactor (k)  :  0.0225 Eh       |
  |   Vbias exponent (α)   :  1.3000 bohr⁻²   |
*MTD  12 completed successfully ...        0 min,  5.158 sec
  ::::::::::::: starting MTD   13 :::::::::::::
  |   MD simulation time   :     5.0 ps       |
  |   target T             :   300.0 K        |
  |   timestep dt          :     5.0 fs       |
  |   dump interval(trj)   :   100.0 fs       |
  |   SHAKE algorithm      : true (all bonds) |
  |   dump interval(Vbias) :    1.00 ps       |
  |   Vbias prefactor (k)  :  0.0150 Eh       |
  |   Vbias exponent (α)   :  0.1000 bohr⁻²   |
*MTD   9 completed successfully ...        0 min,  5.228 sec
  ::::::::::::: starting MTD   10 :::::::::::::
  |   MD simulation time   :     5.0 ps       |
  |   target T             :   300.0 K        |
  |   timestep dt          :     5.0 fs       |
  |   dump interval(trj)   :   100.0 fs       |
  |   SHAKE algorithm      : true (all bonds) |
  |   dump interval(Vbias) :    1.00 ps       |
  |   Vbias prefactor (k)  :  0.0450 Eh       |
  |   Vbias exponent (α)   :  0.2808 bohr⁻²   |
*MTD   5 completed successfully ...        0 min,  5.306 sec
  ::::::::::::: starting MTD    6 :::::::::::::
  |   MD simulation time   :     5.0 ps       |
  |   target T             :   300.0 K        |
  |   timestep dt          :     5.0 fs       |
  |   dump interval(trj)   :   100.0 fs       |
  |   SHAKE algorithm      : true (all bonds) |
  |   dump interval(Vbias) :    1.00 ps       |
  |   Vbias prefactor (k)  :  0.0112 Eh       |
  |   Vbias exponent (α)   :  0.7800 bohr⁻²   |
*MTD   2 completed successfully ...        0 min,  5.285 sec
  ::::::::::::: starting MTD    3 :::::::::::::
  |   MD simulation time   :     5.0 ps       |
  |   target T             :   300.0 K        |
  |   timestep dt          :     5.0 fs       |
  |   dump interval(trj)   :   100.0 fs       |
  |   SHAKE algorithm      : true (all bonds) |
  |   dump interval(Vbias) :    1.00 ps       |
  |   Vbias prefactor (k)  :  0.0112 Eh       |
  |   Vbias exponent (α)   :  1.3000 bohr⁻²   |
*MTD  13 completed successfully ...        0 min,  5.310 sec
  ::::::::::::: starting MTD   14 :::::::::::::
  |   MD simulation time   :     5.0 ps       |
  |   target T             :   300.0 K        |
  |   timestep dt          :     5.0 fs       |
  |   dump interval(trj)   :   100.0 fs       |
  |   SHAKE algorithm      : true (all bonds) |
  |   dump interval(Vbias) :    1.00 ps       |
  |   Vbias prefactor (k)  :  0.0750 Eh       |
  |   Vbias exponent (α)   :  0.8000 bohr⁻²   |
*MTD  10 completed successfully ...        0 min,  5.350 sec
  ::::::::::::: starting MTD   11 :::::::::::::
  |   MD simulation time   :     5.0 ps       |
  |   target T             :   300.0 K        |
  |   timestep dt          :     5.0 fs       |
  |   dump interval(trj)   :   100.0 fs       |
  |   SHAKE algorithm      : true (all bonds) |
  |   dump interval(Vbias) :    1.00 ps       |
  |   Vbias prefactor (k)  :  0.0225 Eh       |
  |   Vbias exponent (α)   :  0.2808 bohr⁻²   |
*MTD   6 completed successfully ...        0 min,  5.288 sec
  ::::::::::::: starting MTD    7 :::::::::::::
  |   MD simulation time   :     5.0 ps       |
  |   target T             :   300.0 K        |
  |   timestep dt          :     5.0 fs       |
  |   dump interval(trj)   :   100.0 fs       |
  |   SHAKE algorithm      : true (all bonds) |
  |   dump interval(Vbias) :    1.00 ps       |
  |   Vbias prefactor (k)  :  0.0450 Eh       |
  |   Vbias exponent (α)   :  0.4680 bohr⁻²   |
*MTD  14 completed successfully ...        0 min,  5.070 sec
*MTD   3 completed successfully ...        0 min,  5.148 sec
  ::::::::::::: starting MTD    4 :::::::::::::
  |   MD simulation time   :     5.0 ps       |
  |   target T             :   300.0 K        |
  |   timestep dt          :     5.0 fs       |
  |   dump interval(trj)   :   100.0 fs       |
  |   SHAKE algorithm      : true (all bonds) |
  |   dump interval(Vbias) :    1.00 ps       |
  |   Vbias prefactor (k)  :  0.0450 Eh       |
  |   Vbias exponent (α)   :  0.7800 bohr⁻²   |
*MTD  11 completed successfully ...        0 min,  5.206 sec
*MTD   7 completed successfully ...        0 min,  5.200 sec
  ::::::::::::: starting MTD    8 :::::::::::::
  |   MD simulation time   :     5.0 ps       |
  |   target T             :   300.0 K        |
  |   timestep dt          :     5.0 fs       |
  |   dump interval(trj)   :   100.0 fs       |
  |   SHAKE algorithm      : true (all bonds) |
  |   dump interval(Vbias) :    1.00 ps       |
  |   Vbias prefactor (k)  :  0.0225 Eh       |
  |   Vbias exponent (α)   :  0.4680 bohr⁻²   |
*MTD   4 completed successfully ...        0 min,  4.086 sec
*MTD   8 completed successfully ...        0 min,  4.088 sec
 
 ======================================
 |  Multilevel Ensemble Optimization  |
 ======================================
 Optimizing all 686 structures from file "crest_dynamics.trj" ...
 ----------------------
 crude pre-optimization
 ----------------------
 Optimization engine: ANCOPT
 Hessian update type: BFGS
 E/G convergence criteria:  0.500E-03 Eh, 0.100E-01 Eh/a0
 maximum optimization steps: 200
 |>0.1% |>10.1% |>20.1% |>30.0% |>40.1% |>50.0% |>60.1% |>70.1% |>80.0% |>90.1% |>100.0%
 done.
> 686 of 686 structures successfully optimized (100.0% success)
> Total runtime for 686 optimizations:
 * wall-time:     0 d,  0 h,  0 min,  6.055 sec
 *  cpu-time:     0 d,  0 h,  0 min, 23.549 sec
 * ratio c/w:     3.889 speedup
> Corresponding to approximately 0.009 sec per processed structure
 
CREGEN> running RMSDs ... done.
CREGEN> E lowest :   -15.78100
 460 structures remain within    12.00 kcal/mol window
 ----------------------------------
 optimization with tight thresholds
 ----------------------------------
 Optimization engine: ANCOPT
 Hessian update type: BFGS
 E/G convergence criteria:  0.100E-05 Eh, 0.800E-03 Eh/a0
 maximum optimization steps: 200
 |>0.2% |>10.0% |>20.0% |>30.0% |>40.0% |>50.0% |>60.0% |>70.2% |>80.0% |>90.2% |>100.0%
 done.
> 460 of 460 structures successfully optimized (100.0% success)
> Total runtime for 460 optimizations:
 * wall-time:     0 d,  0 h,  0 min, 13.128 sec
 *  cpu-time:     0 d,  0 h,  0 min, 51.248 sec
 * ratio c/w:     3.904 speedup
> Corresponding to approximately 0.029 sec per processed structure
 
CREGEN> running RMSDs ... done.
CREGEN> E lowest :   -15.78107
 137 structures remain within     6.00 kcal/mol window
 
========================================
           MTD Simulations done         
========================================
 Collecting ensmbles.
CREGEN> running RMSDs ... done.
CREGEN> E lowest :   -15.78107
 161 structures remain within     6.00 kcal/mol window
 

 ===============================================
 Additional regular MDs on lowest 4 conformer(s)
 ===============================================
  :::::::::::::: starting MD   1 ::::::::::::::
  |   MD simulation time   :     2.5 ps       |
  |   target T             :   400.0 K        |
  |   timestep dt          :     5.0 fs       |
  |   dump interval(trj)   :   100.0 fs       |
  |   SHAKE algorithm      : true (all bonds) |
  :::::::::::::: starting MD   2 ::::::::::::::
  |   MD simulation time   :     2.5 ps       |
  |   target T             :   400.0 K        |
  |   timestep dt          :     5.0 fs       |
  |   dump interval(trj)   :   100.0 fs       |
  |   SHAKE algorithm      : true (all bonds) |
  :::::::::::::: starting MD   3 ::::::::::::::
  |   MD simulation time   :     2.5 ps       |
  |   target T             :   400.0 K        |
  |   timestep dt          :     5.0 fs       |
  |   dump interval(trj)   :   100.0 fs       |
  |   SHAKE algorithm      : true (all bonds) |
  :::::::::::::: starting MD   8 ::::::::::::::
  |   MD simulation time   :     2.5 ps       |
  |   target T             :   500.0 K        |
  |   timestep dt          :     5.0 fs       |
  |   dump interval(trj)   :   100.0 fs       |
  |   SHAKE algorithm      : true (all bonds) |
*MD   3 completed successfully ...        0 min,  2.667 sec
  :::::::::::::: starting MD   4 ::::::::::::::
  |   MD simulation time   :     2.5 ps       |
  |   target T             :   400.0 K        |
  |   timestep dt          :     5.0 fs       |
  |   dump interval(trj)   :   100.0 fs       |
  |   SHAKE algorithm      : true (all bonds) |
*MD   8 completed successfully ...        0 min,  2.671 sec
  :::::::::::::: starting MD   7 ::::::::::::::
  |   MD simulation time   :     2.5 ps       |
  |   target T             :   500.0 K        |
  |   timestep dt          :     5.0 fs       |
  |   dump interval(trj)   :   100.0 fs       |
  |   SHAKE algorithm      : true (all bonds) |
*MD   2 completed successfully ...        0 min,  2.677 sec
  :::::::::::::: starting MD   5 ::::::::::::::
  |   MD simulation time   :     2.5 ps       |
  |   target T             :   500.0 K        |
  |   timestep dt          :     5.0 fs       |
  |   dump interval(trj)   :   100.0 fs       |
  |   SHAKE algorithm      : true (all bonds) |
*MD   1 completed successfully ...        0 min,  2.706 sec
  :::::::::::::: starting MD   6 ::::::::::::::
  |   MD simulation time   :     2.5 ps       |
  |   target T             :   500.0 K        |
  |   timestep dt          :     5.0 fs       |
  |   dump interval(trj)   :   100.0 fs       |
  |   SHAKE algorithm      : true (all bonds) |
*MD   4 completed successfully ...        0 min,  2.632 sec
*MD   7 completed successfully ...        0 min,  2.633 sec
*MD   5 completed successfully ...        0 min,  2.644 sec
*MD   6 completed successfully ...        0 min,  2.650 sec
 Appending file crest_rotamers_1.xyz with new structures
 Optimizing all 353 structures from file "crest_rotamers_1.xyz" ...
 ----------------------------------
 optimization with tight thresholds
 ----------------------------------
 Optimization engine: ANCOPT
 Hessian update type: BFGS
 E/G convergence criteria:  0.100E-05 Eh, 0.800E-03 Eh/a0
 maximum optimization steps: 200
 |>0.3% |>10.2% |>20.1% |>30.0% |>40.2% |>50.1% |>60.1% |>70.3% |>80.2% |>90.1% |>100.0%
 done.
> 353 of 353 structures successfully optimized (100.0% success)
> Total runtime for 353 optimizations:
 * wall-time:     0 d,  0 h,  0 min,  7.732 sec
 *  cpu-time:     0 d,  0 h,  0 min, 30.200 sec
 * ratio c/w:     3.906 speedup
> Corresponding to approximately 0.022 sec per processed structure
 
CREGEN> running RMSDs ... done.
CREGEN> E lowest :   -15.78107
 144 structures remain within     6.00 kcal/mol window
 
     ========================================
     |        Structure Crossing (GC)       |
     ========================================
 
 =============================
  # threads =           4
 =============================
input  file name : crest_rotamers_2.xyz
number of atoms                :      15
number of points on xyz files  :     144
conformer energy window  /kcal :    6.00
CN per atom difference cut-off :  0.3000
RMSD threshold (Ang, Bohr)     :  0.2500  0.4724
max. # of generated structures :      250
 # in E window         144
  10.4 % done
  36.4 % done
  60.2 % done
  86.1 % done
 finished.
 average rmsd w.r.t input     :     2.03752
 number of clash discarded    :           2
 removed identical structures :         850

 250 structures written to confcross.xyz

 
 ======================================
 |  Multilevel Ensemble Optimization  |
 ======================================
 Optimizing all 250 structures from file "confcross.xyz" ...
 ----------------------
 crude pre-optimization
 ----------------------
 Optimization engine: ANCOPT
 Hessian update type: BFGS
 E/G convergence criteria:  0.500E-03 Eh, 0.100E-01 Eh/a0
 maximum optimization steps: 200
 |>0.4% |>10.0% |>20.0% |>30.0% |>40.0% |>50.0% |>60.0% |>70.4% |>80.0% |>90.4% |>100.0%
 done.
> 250 of 250 structures successfully optimized (100.0% success)
> Total runtime for 250 optimizations:
 * wall-time:     0 d,  0 h,  0 min,  1.417 sec
 *  cpu-time:     0 d,  0 h,  0 min,  5.609 sec
 * ratio c/w:     3.959 speedup
> Corresponding to approximately 0.006 sec per processed structure
 
CREGEN> running RMSDs ... done.
CREGEN> E lowest :   -15.78107
 29 structures remain within    12.00 kcal/mol window
 ----------------------------------
 optimization with tight thresholds
 ----------------------------------
 Optimization engine: ANCOPT
 Hessian update type: BFGS
 E/G convergence criteria:  0.100E-05 Eh, 0.800E-03 Eh/a0
 maximum optimization steps: 200
 |>3.4% |>10.3% |>20.7% |>31.0% |>41.4% |>51.7% |>62.1% |>72.4% |>82.8% |>93.1% |>100.0%
 done.
> 29 of 29 structures successfully optimized (100.0% success)
> Total runtime for 29 optimizations:
 * wall-time:     0 d,  0 h,  0 min,  0.351 sec
 *  cpu-time:     0 d,  0 h,  0 min,  1.390 sec
 * ratio c/w:     3.962 speedup
> Corresponding to approximately 0.012 sec per processed structure
 
CREGEN> running RMSDs ... done.
CREGEN> E lowest :   -15.78107
 27 structures remain within     6.00 kcal/mol window
appending new structures to crest_rotamers_2.xyz
CREGEN> running RMSDs ... done.
CREGEN> E lowest :   -15.78107


   ================================================
   |           Final Geometry Optimization        |
   ================================================
 Optimizing all 146 structures from file "crest_rotamers_3.xyz" ...
 ---------------------------------------
 optimization with very tight thresholds
 ---------------------------------------
 Optimization engine: ANCOPT
 Hessian update type: BFGS
 E/G convergence criteria:  0.100E-06 Eh, 0.200E-03 Eh/a0
 maximum optimization steps: 200
 |>0.7% |>10.3% |>20.5% |>30.1% |>40.4% |>50.0% |>60.3% |>70.5% |>80.1% |>90.4% |>100.0%
 done.
> 146 of 146 structures successfully optimized (100.0% success)
> Total runtime for 146 optimizations:
 * wall-time:     0 d,  0 h,  0 min,  4.139 sec
 *  cpu-time:     0 d,  0 h,  0 min, 15.979 sec
 * ratio c/w:     3.860 speedup
> Corresponding to approximately 0.028 sec per processed structure
 
CREGEN> running RMSDs ... done.
CREGEN> E lowest :   -15.78107
 93 structures remain within     6.00 kcal/mol window


 --------------------------
 Final Ensemble Information
 --------------------------
 input  file name : crest_rotamers_3.xyz
 output file name : crest_rotamers_4.xyz
 number of atoms                :   15
 number of points on xyz files  :   146
 RMSD threshold                 :   0.1250
 Bconst threshold               :   0.0100
 population threshold           :   0.0500
 # fragment in coord            :     1
 # bonds in reference structure :    14
 number of reliable points      :   146
 sorting energy window (EWIN)   :    6.0000 / kcal*mol⁻¹
 reference state Etot           :  -15.7810736900000
 number of doubles removed by rot/RMSD         :          53
 total number unique points considered further :          93
       Erel/kcal        Etot weight/tot  conformer     set   degen     origin
       1   0.000   -15.78107    0.01106    0.30935       1      28
       2   0.000   -15.78107    0.01106
       3   0.000   -15.78107    0.01106
       4   0.000   -15.78107    0.01106
       5   0.000   -15.78107    0.01106
       6   0.000   -15.78107    0.01106
       7   0.000   -15.78107    0.01106
       8   0.000   -15.78107    0.01106
       9   0.000   -15.78107    0.01106
      10   0.000   -15.78107    0.01106
      11   0.000   -15.78107    0.01106
      12   0.000   -15.78107    0.01106
      13   0.000   -15.78107    0.01105
      14   0.000   -15.78107    0.01105
      15   0.000   -15.78107    0.01105
      16   0.000   -15.78107    0.01105
      17   0.000   -15.78107    0.01105
      18   0.000   -15.78107    0.01105
      19   0.000   -15.78107    0.01105
      20   0.000   -15.78107    0.01105
      21   0.000   -15.78107    0.01105
      22   0.000   -15.78107    0.01105
      23   0.000   -15.78107    0.01105
      24   0.000   -15.78107    0.01105
      25   0.001   -15.78107    0.01105
      26   0.001   -15.78107    0.01105
      27   0.001   -15.78107    0.01104
      28   0.008   -15.78106    0.01091
      29   0.008   -15.78106    0.01091    0.29412       2      27
      30   0.008   -15.78106    0.01091
      31   0.008   -15.78106    0.01091
      32   0.008   -15.78106    0.01091
      33   0.008   -15.78106    0.01091
      34   0.008   -15.78106    0.01091
      35   0.008   -15.78106    0.01091
      36   0.008   -15.78106    0.01091
      37   0.008   -15.78106    0.01091
      38   0.008   -15.78106    0.01091
      39   0.008   -15.78106    0.01091
      40   0.008   -15.78106    0.01091
      41   0.008   -15.78106    0.01091
      42   0.008   -15.78106    0.01091
      43   0.008   -15.78106    0.01091
      44   0.008   -15.78106    0.01091
      45   0.008   -15.78106    0.01091
      46   0.008   -15.78106    0.01091
      47   0.008   -15.78106    0.01091
      48   0.008   -15.78106    0.01091
      49   0.008   -15.78106    0.01091
      50   0.008   -15.78106    0.01091
      51   0.008   -15.78106    0.01091
      52   0.008   -15.78106    0.01091
      53   0.008   -15.78106    0.01090
      54   0.020   -15.78104    0.01069
      55   0.020   -15.78104    0.01069
      56   0.020   -15.78104    0.01068    0.31910       3      30
      57   0.020   -15.78104    0.01068
      58   0.020   -15.78104    0.01068
      59   0.020   -15.78104    0.01068
      60   0.021   -15.78104    0.01068
      61   0.021   -15.78104    0.01068
      62   0.021   -15.78104    0.01068
      63   0.021   -15.78104    0.01068
      64   0.021   -15.78104    0.01068
      65   0.021   -15.78104    0.01068
      66   0.021   -15.78104    0.01068
      67   0.021   -15.78104    0.01068
      68   0.021   -15.78104    0.01068
      69   0.021   -15.78104    0.01068
      70   0.021   -15.78104    0.01068
      71   0.021   -15.78104    0.01068
      72   0.021   -15.78104    0.01068
      73   0.021   -15.78104    0.01068
      74   0.021   -15.78104    0.01067
      75   0.021   -15.78104    0.01067
      76   0.021   -15.78104    0.01067
      77   0.021   -15.78104    0.01067
      78   0.021   -15.78104    0.01067
      79   0.022   -15.78104    0.01065
      80   0.023   -15.78104    0.01064
      81   0.040   -15.78101    0.01033
      82   0.008   -15.78106    0.01091
      83   0.041   -15.78101    0.01032
      84   0.041   -15.78101    0.01032
      85   0.041   -15.78101    0.01032
      86   0.046   -15.78100    0.01023    0.05110       4       5
      87   0.046   -15.78100    0.01023
      88   0.046   -15.78100    0.01023
      89   0.046   -15.78100    0.01023
      90   0.049   -15.78100    0.01017
      91   0.130   -15.78087    0.00889    0.02634       5       3
      92   0.132   -15.78086    0.00885
      93   0.149   -15.78084    0.00860
T /K                                  :   298.15
E lowest                              :   -15.78107
ensemble average energy (kcal)        :    0.016
ensemble entropy (J/mol K, cal/mol K) :   37.679    9.006
ensemble free energy (kcal/mol)       :   -2.685
population of lowest in %             :   30.935
 number of unique conformers for further calc            5
 list of relative energies saved as "crest.energies"
 
 -----------------
 Wall Time Summary
 -----------------
 CREST runtime (total)               0 d,  0 h,  1 min, 42.136 sec
 ------------------------------------------------------------------
 Trial metadynamics (MTD)   ...        0 min,  0.765 sec (  0.749%)
 Metadynamics (MTD)         ...        0 min, 40.637 sec ( 39.787%)
 Geometry optimization      ...        0 min, 53.150 sec ( 52.039%)
 Molecular dynamics (MD)    ...        0 min,  5.376 sec (  5.264%)
 Genetic crossing (GC)      ...        0 min,  1.932 sec (  1.892%)
 I/O and setup              ...        0 min,  0.275 sec (  0.269%)
 ------------------------------------------------------------------
 * wall-time:     0 d,  0 h,  1 min, 42.136 sec
 *  cpu-time:     0 d,  0 h,  6 min, 15.321 sec
 * ratio c/w:     3.675 speedup
 ------------------------------------------------------------------
 * Total number of energy+grad calls: 70715
 
 CREST terminated normally.
