  15
 Etot=         -15.7784681103
 C         -2.0790576613        0.0630662305       -0.0014623009
 C         -0.7330243537        0.6665916926       -0.0008694828
 C          0.4541162960        0.0317561429        0.0000806345
 C          1.7475368441        0.7994515452        0.0003152882
 C          0.6029197549       -1.4640538486        0.0000878725
 H         -2.4579253709       -0.1059421645        1.0181187018
 H         -2.8294442415        0.6973642371       -0.4968369259
 H         -2.1039991000       -0.9192369670       -0.4940273755
 H         -0.7271615712        1.7549166854       -0.0014508204
 H          2.0731711925        0.9922661088        1.0273122771
 H          2.5282878574        0.2264160359       -0.5097034961
 H          1.6588825651        1.7645836592       -0.5077540194
 H          0.6398139037       -1.8389754377       -1.0272556064
 H          1.5294205807       -1.7515039965        0.5070095946
 H         -0.2215662931       -1.9735080666        0.5066085102
  15
 Etot=         -15.7798840409
 C         -2.0748224107        0.0455843777       -0.0000754903
 C         -0.7243382875        0.6661084015       -0.0089898636
 C          0.4474873467        0.0352920890       -0.0049309967
 C          1.7414591310        0.7986309973       -0.0031629801
 C          0.5913035113       -1.4587672117        0.0032938915
 H         -2.4362391915       -0.1038717723        1.0241261012
 H         -2.7998210706        0.6893190353       -0.5025646241
 H         -2.0866454107       -0.9269682933       -0.4961922654
 H         -0.7159626450        1.7512093016        0.0007650063
 H          2.0762172251        0.9712847464        1.0210044716
 H          2.5173642112        0.2347904275       -0.5198706536
 H          1.6352103324        1.7681745814       -0.4890342792
 H          0.6392443226       -1.8356412504       -1.0198570883
 H          1.5128441179       -1.7442032178        0.5093254309
 H         -0.2413307797       -1.9477503557        0.5063361911
  15
 Etot=         -15.7801911354
 C         -2.0751475237        0.0364006471       -0.0009939618
 C         -0.7204370933        0.6698286459       -0.0106145367
 C          0.4458913392        0.0387149207       -0.0042505181
 C          1.7423021185        0.7986700865       -0.0058695778
 C          0.5842360851       -1.4563955810        0.0084306576
 H         -2.4238965073       -0.1034312735        1.0242438471
 H         -2.7899704241        0.6792242313       -0.5091794121
 H         -2.0697298202       -0.9318009726       -0.4944623115
 H         -0.7169276748        1.7529545088       -0.0088948932
 H          2.0927046896        0.9413578442        1.0175744210
 H          2.5081355431        0.2480659122       -0.5475397661
 H          1.6218682586        1.7793591161       -0.4617135388
 H          0.6395604640       -1.8352735322       -1.0125310626
 H          1.4995223863       -1.7428666141        0.5201202233
 H         -0.2561414382       -1.9316160826        0.5058532813
  15
 Etot=         -15.7803124403
 C         -2.0761216949        0.0327157484       -0.0041147419
 C         -0.7198236117        0.6734368812       -0.0155207492
 C          0.4458934068        0.0412159631       -0.0059078563
 C          1.7443056741        0.7985919845       -0.0084988965
 C          0.5811532740       -1.4548897735        0.0155412074
 H         -2.4190477061       -0.1029032872        1.0216525057
 H         -2.7896752687        0.6722774137       -0.5151525523
 H         -2.0609748175       -0.9350973319       -0.4946025656
 H         -0.7221419696        1.7559002462       -0.0143295105
 H          2.1141188857        0.9074009240        1.0138058462
 H          2.4981998449        0.2625432886       -0.5822103422
 H          1.6156508370        1.7936424569       -0.4311667271
 H          0.6426495832       -1.8375877076       -1.0035065575
 H          1.4919420426       -1.7404573023        0.5350443960
 H         -0.2641580770       -1.9235976474        0.5091393951
  15
 Etot=         -15.7804363454
 C         -2.0769578756        0.0307846894       -0.0081215190
 C         -0.7205800290        0.6773373394       -0.0197965345
 C          0.4457575383        0.0441941110       -0.0047870224
 C          1.7462410420        0.7977986895       -0.0115804886
 C          0.5794241043       -1.4525374536        0.0251472590
 H         -2.4174631955       -0.1034234977        1.0176311552
 H         -2.7925852313        0.6662110210       -0.5211393279
 H         -2.0547195478       -0.9375407834       -0.4965329694
 H         -0.7296709249        1.7594899878       -0.0240287059
 H          2.1441593130        0.8634974972        1.0058459926
 H          2.4829596479        0.2810239365       -0.6276627303
 H          1.6107914261        1.8101350164       -0.3915628713
 H          0.6514824180       -1.8398688314       -0.9917419205
 H          1.4844769656       -1.7357256439        0.5566565159
 H         -0.2713452485       -1.9181842215        0.5118460185
  15
 Etot=         -15.7805634328
 C         -2.0773764877        0.0302788259       -0.0132322034
 C         -0.7222874916        0.6807235561       -0.0261114856
 C          0.4451092539        0.0474032573       -0.0031665696
 C          1.7473967678        0.7962632662       -0.0151223753
 C          0.5790677857       -1.4493192606        0.0374971749
 H         -2.4177703835       -0.1045300609        1.0125220373
 H         -2.7973218311        0.6615850216       -0.5266780427
 H         -2.0521525632       -0.9391093722       -0.5001885314
 H         -0.7374243717        1.7627773928       -0.0368114475
 H          2.1804277802        0.8092848084        0.9919759020
 H          2.4615917021        0.3053765920       -0.6813210902
 H          1.6069223172        1.8277281456       -0.3413909947
 H          0.6649973243       -1.8423995316       -0.9764766540
 H          1.4778166454       -1.7282622402        0.5831608727
 H         -0.2770260454       -1.9146085436        0.5155162587
  15
 Etot=         -15.7806941330
 C         -2.0771955029        0.0314475025       -0.0174093036
 C         -0.7241780820        0.6818914794       -0.0312725999
 C          0.4443227006        0.0493013559       -0.0005525672
 C          1.7472064621        0.7947465389       -0.0176463174
 C          0.5803046943       -1.4467707007        0.0479249678
 H         -2.4196324473       -0.1059547859        1.0083266186
 H         -2.8015149832        0.6608919841       -0.5293069853
 H         -2.0544485643       -0.9389427408       -0.5045863041
 H         -0.7414884423        1.7640819389       -0.0496009563
 H          2.2085356025        0.7654797335        0.9749095562
 H          2.4411254842        0.3289123600       -0.7217082229
 H          1.6055542692        1.8381524278       -0.2983569215
 H          0.6778709658       -1.8442839270       -0.9634364728
 H          1.4744462551       -1.7213905699        0.6041311908
 H         -0.2789380092       -1.9143707399        0.5187571690
  15
 Etot=         -15.7808039399
 C         -2.0763229151        0.0330639866       -0.0211171044
 C         -0.7251276665        0.6801496782       -0.0350800391
 C          0.4433686239        0.0495046105        0.0019862893
 C          1.7455222737        0.7941904432       -0.0194335193
 C          0.5824229984       -1.4454118800        0.0569382966
 H         -2.4214248480       -0.1078900227        1.0045641670
 H         -2.8017446453        0.6646005325       -0.5301704503
 H         -2.0600294108       -0.9370689431       -0.5110383046
 H         -0.7388490163        1.7624694935       -0.0609401735
 H          2.2289122302        0.7302947242        0.9567734923
 H          2.4208579076        0.3524642520       -0.7524408819
 H          1.6007889920        1.8443596484       -0.2616624308
 H          0.6886473448       -1.8470873817       -0.9515963169
 H          1.4734110919       -1.7158292478        0.6197171966
 H         -0.2784625579       -1.9146180371        0.5236726302
  15
 Etot=         -15.7807869321
 C         -2.0760961649        0.0334756962       -0.0285176879
 C         -0.7259156691        0.6783002229       -0.0416877610
 C          0.4419448210        0.0501615179        0.0054853829
 C          1.7437430165        0.7940176349       -0.0230876853
 C          0.5841748874       -1.4435748028        0.0738987298
 H         -2.4223346209       -0.1107926266        0.9969835735
 H         -2.8001059757        0.6681994123       -0.5352701542
 H         -2.0639403196       -0.9352528392       -0.5221070101
 H         -0.7349104501        1.7605132478       -0.0794450561
 H          2.2710729395        0.6626569778        0.9302346003
 H          2.3859472232        0.3947850220       -0.8172978902
 H          1.5863542426        1.8622377103       -0.1934415878
 H          0.7051799857       -1.8539872912       -0.9293672690
 H          1.4686093677       -1.7073505265        0.6497730420
 H         -0.2817528805       -1.9101974990        0.5340196243
  15
 Etot=         -15.7808722893
 C         -2.0767482176        0.0336879598       -0.0267517251
 C         -0.7252554799        0.6767670870       -0.0394563305
 C          0.4426924617        0.0483269301        0.0049204418
 C          1.7437252254        0.7951570268       -0.0214511469
 C          0.5841944330       -1.4457013539        0.0688288197
 H         -2.4216558884       -0.1115192152        0.9987364305
 H         -2.7990331361        0.6706833349       -0.5322721271
 H         -2.0647678039       -0.9341209036       -0.5217058599
 H         -0.7314030862        1.7590819517       -0.0719972226
 H          2.2559939907        0.6885102312        0.9340030300
 H          2.3950459924        0.3865412039       -0.7927505914
 H          1.5894706740        1.8529134520       -0.2154661410
 H          0.6984811221       -1.8534667924       -0.9358171793
 H          1.4711939915       -1.7119889938        0.6388034482
 H         -0.2799638760       -1.9116800618        0.5325490050
  15
 Etot=         -15.7808905079
 C         -2.0773843402        0.0335217890       -0.0296766144
 C         -0.7251059559        0.6763414333       -0.0415222331
 C          0.4430202985        0.0479433548        0.0064615488
 C          1.7437640221        0.7956453359       -0.0226412834
 C          0.5841686309       -1.4461231735        0.0747783695
 H         -2.4211899235       -0.1135248422        0.9955792403
 H         -2.7990072577        0.6718499792       -0.5338667499
 H         -2.0646559246       -0.9331343814       -0.5265198842
 H         -0.7303036001        1.7586505751       -0.0775381581
 H          2.2713312628        0.6679619885        0.9228502415
 H          2.3831060225        0.4039336223       -0.8137309962
 H          1.5855562259        1.8581009178       -0.1914506247
 H          0.7015796630       -1.8570032580       -0.9282342698
 H          1.4690491572       -1.7111502768        0.6487253407
 H         -0.2819578784       -1.9098212072        0.5369589242
