  15
 Etot=         -19.0505123250
 C         -2.4300326729       -0.0000048817       -0.0005352886
 C         -0.9381611012        0.0004552452       -0.0005784349
 C         -0.2413785824       -1.2079383020       -0.0001827033
 C          1.1534424966       -1.2077230768        0.0001508358
 C          1.8514654000       -0.0004729298        0.0004809340
 C          1.1536834601        1.2079401739        0.0001130445
 C         -0.2411376189        1.2077249487       -0.0002204947
 H         -2.8038848871        0.0002278535       -1.0292040729
 H         -2.8210501139       -0.8819209172        0.5186828420
 H         -2.8205615677        0.8810052261        0.5191005187
 H         -0.7771873844       -2.1535253566       -0.0004060643
 H          1.6963498196       -2.1487813243        0.0000350335
 H          2.9371155807        0.0003266047        0.0006952519
 H          1.6964106610        2.1484393305        0.0008354554
 H         -0.7759414477        2.1544528734       -0.0005384468
  15
 Etot=         -19.0515107650
 C         -2.4349342407        0.0000884317        0.0036499696
 C         -0.9374783344        0.0001814773        0.0101720844
 C         -0.2326475773       -1.1975735007        0.0034576911
 C          1.1533820483       -1.1984418696       -0.0030726690
 C          1.8487676533       -0.0002340132       -0.0035390300
 C          1.1536067956        1.1984801508       -0.0027707686
 C         -0.2324584287        1.1974392876        0.0036178839
 H         -2.8061615268        0.0002937044       -1.0211334027
 H         -2.8270724039       -0.8848206517        0.5043426848
 H         -2.8271662976        0.8843529299        0.5050222544
 H         -0.7677715434       -2.1370706698        0.0066202671
 H          1.6929987793       -2.1355631169       -0.0017074973
 H          2.9297166902        0.0002292750       -0.0014620220
 H          1.6932906444        2.1353183547       -0.0018471083
 H         -0.7669402164        2.1375256782        0.0070780728
  15
 Etot=         -19.0515623218
 C         -2.4376210436        0.0000812334        0.0039594777
 C         -0.9390262789        0.0000743542        0.0130379408
 C         -0.2303599826       -1.1948442870        0.0071079764
 C          1.1534456229       -1.1965170424       -0.0004914232
 C          1.8494158613       -0.0001182318       -0.0032554895
 C          1.1536028973        1.1964576545       -0.0003991964
 C         -0.2302341041        1.1948148451        0.0073288359
 H         -2.8032448635        0.0003466548       -1.0225865654
 H         -2.8276950873       -0.8857411433        0.4998876197
 H         -2.8277764111        0.8855576565        0.5004210601
 H         -0.7666330034       -2.1326061021        0.0102336537
 H          1.6909340036       -2.1334081879       -0.0046219491
 H          2.9292813396        0.0000584800       -0.0083082239
 H          1.6912137648        2.1332287739       -0.0041682961
 H         -0.7661706733        2.1328208099        0.0102829895
  15
 Etot=         -19.0515656288
 C         -2.4387781848        0.0000870198        0.0036269547
 C         -0.9400404834        0.0000403347        0.0147668252
 C         -0.2297122136       -1.1943933716        0.0085270463
 C          1.1538001287       -1.1964743134       -0.0022870332
 C          1.8506267146       -0.0000682446       -0.0071374882
 C          1.1538886356        1.1963713286       -0.0021715772
 C         -0.2296338368        1.1944374758        0.0084833732
 H         -2.8005141545        0.0003634521       -1.0246567069
 H         -2.8285849768       -0.8858383326        0.4980238708
 H         -2.8285388686        0.8858331641        0.4984310651
 H         -0.7671287100       -2.1318886212        0.0140809830
 H          1.6900663817       -2.1340025362       -0.0027315057
 H          2.9303657884       -0.0000934229       -0.0105982156
 H          1.6902617243        2.1338513959       -0.0027412143
 H         -0.7669459028        2.1319801392        0.0148120331
