  15
 Etot=         -23.0937592050
 C         -2.6961409115        0.0000079270        0.3877701635
 C         -2.0326273007        1.2081839728        0.1738044408
 C         -0.7049983419        1.2075334612       -0.2538951319
 C         -0.0410176853        0.0000655425       -0.4679977080
 C         -0.7054911827       -1.2081297473       -0.2537522578
 C         -2.0331201415       -1.2074792357        0.1739473150
 C          1.3782682984       -0.0000042850       -0.9243268564
 Cl         2.4866170486       -0.0000765676        0.4659105488
 H         -3.7308390544        0.0007354087        0.7195972632
 H         -2.5491156379        2.1484608290        0.3394100905
 H         -0.1954741970        2.1536109324       -0.4172982048
 H         -0.1967699474       -2.1539032091       -0.4177896427
 H         -2.5506083221       -2.1487596170        0.3389510324
 H          1.6038923514        0.8827960292       -1.5372015516
 H          1.6037094656       -0.8823639354       -1.5377172112
  15
 Etot=         -23.0950019274
 C         -2.6907336242        0.0001869392        0.3878827829
 C         -2.0304464412        1.2000345439        0.1747537532
 C         -0.7133238620        1.1999919594       -0.2562848646
 C         -0.0490005132       -0.0000389396       -0.4813570761
 C         -0.7135936053       -1.2002736505       -0.2563868110
 C         -2.0307731512       -1.1994329907        0.1744544758
 C          1.3739891394       -0.0001378899       -0.9399064914
 Cl         2.4778662789       -0.0003917434        0.4667120203
 H         -3.7189861839        0.0006678035        0.7208275153
 H         -2.5428703482        2.1363724330        0.3419988889
 H         -0.2022555986        2.1388092285       -0.4178026482
 H         -0.2030063714       -2.1390385519       -0.4184456147
 H         -2.5434942837       -2.1360531945        0.3416389660
 H          1.6115090620        0.8931477992       -1.5241526470
 H          1.6114039443       -0.8931662406       -1.5245199593
  15
 Etot=         -23.0952176453
 C         -2.6894924779        0.0002602012        0.3897800411
 C         -2.0299944121        1.1977700333        0.1744327304
 C         -0.7173004174        1.1979903881       -0.2607593316
 C         -0.0519886687       -0.0000547276       -0.4899335930
 C         -0.7176079450       -1.1979873933       -0.2611161237
 C         -2.0302979738       -1.1973314903        0.1741038993
 C          1.3720993819       -0.0001534659       -0.9478129125
 Cl         2.4714935330       -0.0006236376        0.4779162320
 H         -3.7143098754        0.0004948236        0.7267984126
 H         -2.5387456334        2.1334183197        0.3462893013
 H         -0.2043089636        2.1331938881       -0.4250083698
 H         -0.2049246885       -2.1332925358       -0.4257209894
 H         -2.5390765325       -2.1328777079        0.3462068415
 H          1.6154759659        0.8958226148       -1.5176987081
 H          1.6152631493       -0.8959518047       -1.5180651401
  15
 Etot=         -23.0952794089
 C         -2.6889531159        0.0002737341        0.3936952200
 C         -2.0300136615        1.1978956858        0.1747641150
 C         -0.7190846928        1.1982413489       -0.2652518570
 C         -0.0534154384       -0.0000309850       -0.4958288392
 C         -0.7193536820       -1.1980833299       -0.2653523371
 C         -2.0302540404       -1.1975469937        0.1747821278
 C          1.3702311855       -0.0001603340       -0.9518582241
 Cl         2.4665920299       -0.0005492511        0.4880889283
 H         -3.7122480878        0.0003600722        0.7349689197
 H         -2.5377768354        2.1339565630        0.3475261745
 H         -0.2046570095        2.1323693306       -0.4315671244
 H         -0.2052589210       -2.1323647500       -0.4321313871
 H         -2.5383589681       -2.1334060439        0.3468675978
 H          1.6195463260        0.8964507227       -1.5145353785
 H          1.6192893530       -0.8967282639       -1.5147556457
  15
 Etot=         -23.0952952917
 C         -2.6886674543        0.0002678948        0.3954302753
 C         -2.0301717196        1.1984658775        0.1745301659
 C         -0.7195611275        1.1988938194       -0.2679345677
 C         -0.0538556312       -0.0000016923       -0.4982140982
 C         -0.7199689586       -1.1986990147       -0.2684113782
 C         -2.0306117647       -1.1981195979        0.1739697504
 C          1.3685820291       -0.0001555859       -0.9527293725
 Cl         2.4642496120       -0.0007023057        0.4943995106
 H         -3.7109454119        0.0003166942        0.7410519278
 H         -2.5378102788        2.1348847382        0.3483904870
 H         -0.2052147980        2.1331980888       -0.4363580947
 H         -0.2057926965       -2.1331409464       -0.4367706727
 H         -2.5382536246       -2.1343902940        0.3483800260
 H          1.6223245577        0.8964197283       -1.5129515646
 H          1.6219817088       -0.8965598988       -1.5133701044
