  15
 Etot=         -26.1572630158
 C         -0.1396297849       -1.3569500352       -0.0001433101
 C          1.2435314487       -1.1764345140        0.0002417816
 C          1.7778486752        0.1119874256        0.0001581886
 C          0.9302535608        1.2193588701        0.0000820215
 C         -0.4533087303        1.0379277282       -0.0002749324
 C         -0.9876259568       -0.2504942114       -0.0001913394
 C         -2.4295780385       -0.4391080252       -0.0003443791
 O         -3.2326333775        0.4980619549        0.0003979304
 O          3.1278934153        0.2895153092       -0.0000665315
 H         -0.5458985799       -2.3650728637        0.0000267741
 H          1.8997993038       -2.0427378562        0.0000946347
 H          1.3402123205        2.2247685932       -0.0002404393
 H         -1.1055257871        1.9079104314       -0.0003587316
 H         -2.8085962983       -1.4842749283        0.0002063114
 H          3.5797817966       -0.5691519130        0.0006350779
  15
 Etot=         -26.1591019265
 C         -0.1371117047       -1.3578648595        0.0001163637
 C          1.2328720074       -1.1824813896        0.0000961463
 C          1.7734499624        0.1049783411       -0.0000558691
 C          0.9288124094        1.2139802287       -0.0001703597
 C         -0.4403870608        1.0357955864       -0.0002059907
 C         -0.9872731800       -0.2498887511        0.0001239374
 C         -2.4284283279       -0.4277091947        0.0006884434
 O         -3.2403274983        0.4863352521        0.0000770477
 O          3.1121811100        0.3017302730       -0.0000170670
 H         -0.5476783966       -2.3573527125        0.0001895454
 H          1.8847878448       -2.0447660577        0.0002212128
 H          1.3482500548        2.2088006802       -0.0002214547
 H         -1.0959439838        1.8945630020       -0.0002916825
 H         -2.7876224429       -1.4724706274       -0.0008207873
 H          3.5809431740       -0.5483438051        0.0004935711
  15
 Etot=         -26.1595020661
 C         -0.1380882866       -1.3574819996       -0.0004525089
 C          1.2263149807       -1.1874924061        0.0000711412
 C          1.7741581066        0.0986223983        0.0002305101
 C          0.9296609729        1.2108822796        0.0000867662
 C         -0.4326207166        1.0362105727       -0.0001694362
 C         -0.9900246748       -0.2481309418       -0.0009363332
 C         -2.4299880020       -0.4195531420       -0.0028320445
 O         -3.2521945468        0.4786046901        0.0009856032
 O          3.1029989473        0.3102551275        0.0005067442
 H         -0.5566028631       -2.3513015003       -0.0005499717
 H          1.8767129180       -2.0482106342        0.0002102703
 H          1.3625536193        2.1972998127        0.0000234507
 H         -1.0957880273        1.8863722800       -0.0004624072
 H         -2.7701219018       -1.4701021947        0.0028929322
 H          3.5895534418       -0.5306683766        0.0006183405
  15
 Etot=         -26.1595207259
 C         -0.1400746060       -1.3561650823        0.0013672172
 C          1.2247570553       -1.1888933188        0.0002493786
 C          1.7755112564        0.0962186008       -0.0003555166
 C          0.9304967097        1.2104876898       -0.0007283532
 C         -0.4314111659        1.0382116480       -0.0001919662
 C         -0.9917214076       -0.2461762689        0.0022213445
 C         -2.4305139498       -0.4185124465        0.0076681096
 O         -3.2579674142        0.4748955631       -0.0017729397
 O          3.1011660192        0.3116962472       -0.0008110936
 H         -0.5629129766       -2.3487141215        0.0019203263
 H          1.8747666581       -2.0503634787        0.0002962633
 H          1.3706495885        2.1939701670       -0.0009373605
 H         -1.0981356973        1.8863282377        0.0002779438
 H         -2.7637297914       -1.4729136542       -0.0086384694
 H          3.5956436893       -0.5247638169       -0.0003418273
  15
 Etot=         -26.1595553782
 C         -0.1418130599       -1.3549293215       -0.0001520047
 C          1.2241472754       -1.1895138825        0.0000967155
 C          1.7764404981        0.0947943481        0.0000990963
 C          0.9309659478        1.2105049539        0.0000109109
 C         -0.4313947891        1.0401597819       -0.0001018111
 C         -0.9927820810       -0.2445254344       -0.0004514955
 C         -2.4305714289       -0.4189060514       -0.0014513102
 O         -3.2613226242        0.4722705126        0.0003638178
 O          3.1005322072        0.3117812816        0.0002973326
 H         -0.5674598479       -2.3470638019       -0.0002478271
 H          1.8738006608       -2.0520045235        0.0002504657
 H          1.3761180311        2.1923206735        0.0000032722
 H         -1.1000799136        1.8877001104       -0.0003599548
 H         -2.7603403330       -1.4757807707        0.0014924907
 H          3.6002834249       -0.5215019105        0.0003733585
