 
       ╔════════════════════════════════════════════╗
       ║            ___ ___ ___ ___ _____           ║
       ║           / __| _ \ __/ __|_   _|          ║
       ║          | (__|   / _|\__ \ | |            ║
       ║           \___|_|_\___|___/ |_|            ║
       ║                                            ║
       ║  Conformer-Rotamer Ensemble Sampling Tool  ║
       ║          based on the xTB methods          ║
       ║                                            ║
       ╚════════════════════════════════════════════╝
       Version 3.0.2, Sun Aug 25 20:02:36 UTC 2024
       commit (af7eb99) compiled by 'runner@fv-az1984-471'
 
   Cite work conducted with this code as

   • P.Pracht, F.Bohle, S.Grimme, PCCP, 2020, 22, 7169-7192.
   • S.Grimme, JCTC, 2019, 15, 2847-2862.
   • P.Pracht, S.Grimme, C.Bannwarth, F.Bohle, S.Ehlert,
     G.Feldmann, J.Gorges, M.Müller, T.Neudecker, C.Plett,
     S.Spicher, P.Steinbach, P.Wesołowski, F.Zeller,
     J. Chem. Phys., 2024, 160, 114110.

   for works involving QCG cite

   • S.Spicher, C.Plett, P.Pracht, A.Hansen, S.Grimme,
     JCTC, 2022, 18 (5), 3174-3189.
   • C.Plett, S. Grimme,
     Angew. Chem. Int. Ed. 2023, 62, e202214477.

   for works involving MECP screening cite

   • P.Pracht, C.Bannwarth, JCTC, 2022, 18 (10), 6370-6385.
 
   Original code
     P.Pracht, S.Grimme, Universität Bonn, MCTC
   with help from (alphabetical order):
     C.Bannwarth, F.Bohle, S.Ehlert, G.Feldmann, J.Gorges,
     S.Grimme, C.Plett, P.Pracht, S.Spicher, P.Steinbach,
     P.Wesolowski, F.Zeller
 
   Online documentation is available at
   https://crest-lab.github.io/crest-docs/
 
   This program is distributed in the hope that it will be useful,
   but WITHOUT ANY WARRANTY; without even the implied warranty of
   MERCHANTABILITY or FITNESS FOR A PARTICULAR PURPOSE. See the
   GNU Lesser General Public License (LGPL) for more details.

 Command line input:
 $ crest mobley_7150646.xyz --alpb water --chrg 0 --uhf 0 -T 4 --noreftopo

  --alpb water : implicit solvation
  --chrg 0
  --uhf 0
  -T 4 (CPUs/Threads selected)

> Setting up backup calculator ... done.
 ----------------
 Calculation info
 ----------------
> User-defined calculation level:
 : xTB calculation via tblite lib
 : GFN2-xTB level
 :   Molecular charge    : 0
 :   Solvation model     : alpb
 :   Solvent             : water
 :   Fermi temperature   : 300.00000
 :   Accuracy            : 1.00000
 :   max SCC cycles      : 500
 
 
 -----------------------------
 Initial Geometry Optimization
 -----------------------------
 Geometry successfully optimized.
 
          ┍━━━━━━━━━━━━━━━━━━━━━━━━━━━━━━━━━━━━━━━━━━━━━━━━━┑
          │              CREST iMTD-GC SAMPLING             │
          ┕━━━━━━━━━━━━━━━━━━━━━━━━━━━━━━━━━━━━━━━━━━━━━━━━━┙
 
 Input structure:
  12
 
 C         -0.6918291732       -1.2091716936        0.0000288373
 C          0.6921296033       -1.2090110184        0.0002238064
 C          1.3678700903        0.0001805775        0.0002496942
 C          0.6918681549        1.2092254192       -0.0000507233
 C         -0.6920984257        1.2090753643       -0.0002132305
 C         -1.3678272427       -0.0001227614       -0.0001619967
 Br        -3.2822148235       -0.0003301375        0.0002127520
 Br         3.2822564605        0.0003798375       -0.0003847834
 H         -1.2350443497       -2.1405914337        0.0000004317
 H          1.2355173592       -2.1403396440       -0.0003428877
 H          1.2350729561        2.1406464059        0.0000909642
 H         -1.2354996914        2.1403920398        0.0003361802
 
 ------------------------------------------------
 Generating MTD length from a flexibility measure
 ------------------------------------------------
 Calculating GFN0-xTB WBOs   ... done.
 Calculating NCI flexibility ... done.
     covalent flexibility measure :   0.005
 non-covalent flexibility measure :   0.760
 flexibility measure :   0.029
 t(MTD) / ps    :     5.0
 Σ(t(MTD)) / ps :    70.0 (14 MTDs)
 
 -----------------------------------
 Starting trial MTD to test settings
 -----------------------------------
 Trial MTD 1 runtime (1.0 ps) ...        0 min,  1.766 sec
 Estimated runtime for one MTD (5.0 ps) on a single thread: 9 sec
 Estimated runtime for a batch of 14 MTDs on 4 threads: 35 sec
 
******************************************************************************************
**                         N E W   I T E R A T I O N  C Y C L E                         **
******************************************************************************************
 
 ------------------------------
 Meta-Dynamics Iteration 1
 ------------------------------
 list of applied metadynamics Vbias parameters:
$metadyn    0.03600   1.300
$metadyn    0.01800   1.300
$metadyn    0.00900   1.300
$metadyn    0.03600   0.780
$metadyn    0.01800   0.780
$metadyn    0.00900   0.780
$metadyn    0.03600   0.468
$metadyn    0.01800   0.468
$metadyn    0.00900   0.468
$metadyn    0.03600   0.281
$metadyn    0.01800   0.281
$metadyn    0.00900   0.281
$metadyn    0.01200   0.100
$metadyn    0.06000   0.800
 
  ::::::::::::: starting MTD    1 :::::::::::::
  |   MD simulation time   :     5.0 ps       |
  |   target T             :   300.0 K        |
  |   timestep dt          :     5.0 fs       |
  |   dump interval(trj)   :   100.0 fs       |
  |   SHAKE algorithm      : true (all bonds) |
  |   dump interval(Vbias) :    1.00 ps       |
  |   Vbias prefactor (k)  :  0.0360 Eh       |
  |   Vbias exponent (α)   :  1.3000 bohr⁻²   |
  ::::::::::::: starting MTD    5 :::::::::::::
  |   MD simulation time   :     5.0 ps       |
  |   target T             :   300.0 K        |
  |   timestep dt          :     5.0 fs       |
  |   dump interval(trj)   :   100.0 fs       |
  |   SHAKE algorithm      : true (all bonds) |
  |   dump interval(Vbias) :    1.00 ps       |
  |   Vbias prefactor (k)  :  0.0180 Eh       |
  |   Vbias exponent (α)   :  0.7800 bohr⁻²   |
  ::::::::::::: starting MTD   12 :::::::::::::
  |   MD simulation time   :     5.0 ps       |
  |   target T             :   300.0 K        |
  |   timestep dt          :     5.0 fs       |
  |   dump interval(trj)   :   100.0 fs       |
  |   SHAKE algorithm      : true (all bonds) |
  |   dump interval(Vbias) :    1.00 ps       |
  |   Vbias prefactor (k)  :  0.0090 Eh       |
  |   Vbias exponent (α)   :  0.2808 bohr⁻²   |
  ::::::::::::: starting MTD    9 :::::::::::::
  |   MD simulation time   :     5.0 ps       |
  |   target T             :   300.0 K        |
  |   timestep dt          :     5.0 fs       |
  |   dump interval(trj)   :   100.0 fs       |
  |   SHAKE algorithm      : true (all bonds) |
  |   dump interval(Vbias) :    1.00 ps       |
  |   Vbias prefactor (k)  :  0.0090 Eh       |
  |   Vbias exponent (α)   :  0.4680 bohr⁻²   |
*MTD   9 completed successfully ...        0 min,  8.615 sec
  ::::::::::::: starting MTD   10 :::::::::::::
  |   MD simulation time   :     5.0 ps       |
  |   target T             :   300.0 K        |
  |   timestep dt          :     5.0 fs       |
  |   dump interval(trj)   :   100.0 fs       |
  |   SHAKE algorithm      : true (all bonds) |
  |   dump interval(Vbias) :    1.00 ps       |
  |   Vbias prefactor (k)  :  0.0360 Eh       |
  |   Vbias exponent (α)   :  0.2808 bohr⁻²   |
*MTD  12 completed successfully ...        0 min,  8.810 sec
  ::::::::::::: starting MTD   13 :::::::::::::
  |   MD simulation time   :     5.0 ps       |
  |   target T             :   300.0 K        |
  |   timestep dt          :     5.0 fs       |
  |   dump interval(trj)   :   100.0 fs       |
  |   SHAKE algorithm      : true (all bonds) |
  |   dump interval(Vbias) :    1.00 ps       |
  |   Vbias prefactor (k)  :  0.0120 Eh       |
  |   Vbias exponent (α)   :  0.1000 bohr⁻²   |
*MTD   5 completed successfully ...        0 min,  8.906 sec
  ::::::::::::: starting MTD    6 :::::::::::::
  |   MD simulation time   :     5.0 ps       |
  |   target T             :   300.0 K        |
  |   timestep dt          :     5.0 fs       |
  |   dump interval(trj)   :   100.0 fs       |
  |   SHAKE algorithm      : true (all bonds) |
  |   dump interval(Vbias) :    1.00 ps       |
  |   Vbias prefactor (k)  :  0.0090 Eh       |
  |   Vbias exponent (α)   :  0.7800 bohr⁻²   |
*MTD   1 completed successfully ...        0 min,  8.964 sec
  ::::::::::::: starting MTD    2 :::::::::::::
  |   MD simulation time   :     5.0 ps       |
  |   target T             :   300.0 K        |
  |   timestep dt          :     5.0 fs       |
  |   dump interval(trj)   :   100.0 fs       |
  |   SHAKE algorithm      : true (all bonds) |
  |   dump interval(Vbias) :    1.00 ps       |
  |   Vbias prefactor (k)  :  0.0180 Eh       |
  |   Vbias exponent (α)   :  1.3000 bohr⁻²   |
*MTD  13 completed successfully ...        0 min,  8.723 sec
  ::::::::::::: starting MTD   14 :::::::::::::
  |   MD simulation time   :     5.0 ps       |
  |   target T             :   300.0 K        |
  |   timestep dt          :     5.0 fs       |
  |   dump interval(trj)   :   100.0 fs       |
  |   SHAKE algorithm      : true (all bonds) |
  |   dump interval(Vbias) :    1.00 ps       |
  |   Vbias prefactor (k)  :  0.0600 Eh       |
  |   Vbias exponent (α)   :  0.8000 bohr⁻²   |
*MTD  10 completed successfully ...        0 min,  9.012 sec
  ::::::::::::: starting MTD   11 :::::::::::::
  |   MD simulation time   :     5.0 ps       |
  |   target T             :   300.0 K        |
  |   timestep dt          :     5.0 fs       |
  |   dump interval(trj)   :   100.0 fs       |
  |   SHAKE algorithm      : true (all bonds) |
  |   dump interval(Vbias) :    1.00 ps       |
  |   Vbias prefactor (k)  :  0.0180 Eh       |
  |   Vbias exponent (α)   :  0.2808 bohr⁻²   |
*MTD   6 completed successfully ...        0 min,  9.004 sec
  ::::::::::::: starting MTD    7 :::::::::::::
  |   MD simulation time   :     5.0 ps       |
  |   target T             :   300.0 K        |
  |   timestep dt          :     5.0 fs       |
  |   dump interval(trj)   :   100.0 fs       |
  |   SHAKE algorithm      : true (all bonds) |
  |   dump interval(Vbias) :    1.00 ps       |
  |   Vbias prefactor (k)  :  0.0360 Eh       |
  |   Vbias exponent (α)   :  0.4680 bohr⁻²   |
*MTD   2 completed successfully ...        0 min,  9.175 sec
  ::::::::::::: starting MTD    3 :::::::::::::
  |   MD simulation time   :     5.0 ps       |
  |   target T             :   300.0 K        |
  |   timestep dt          :     5.0 fs       |
  |   dump interval(trj)   :   100.0 fs       |
  |   SHAKE algorithm      : true (all bonds) |
  |   dump interval(Vbias) :    1.00 ps       |
  |   Vbias prefactor (k)  :  0.0090 Eh       |
  |   Vbias exponent (α)   :  1.3000 bohr⁻²   |
*MTD  14 completed successfully ...        0 min,  8.999 sec
*MTD  11 completed successfully ...        0 min,  9.054 sec
*MTD   3 completed successfully ...        0 min,  8.810 sec
  ::::::::::::: starting MTD    4 :::::::::::::
  |   MD simulation time   :     5.0 ps       |
  |   target T             :   300.0 K        |
  |   timestep dt          :     5.0 fs       |
  |   dump interval(trj)   :   100.0 fs       |
  |   SHAKE algorithm      : true (all bonds) |
  |   dump interval(Vbias) :    1.00 ps       |
  |   Vbias prefactor (k)  :  0.0360 Eh       |
  |   Vbias exponent (α)   :  0.7800 bohr⁻²   |
*MTD   7 completed successfully ...        0 min,  9.101 sec
  ::::::::::::: starting MTD    8 :::::::::::::
  |   MD simulation time   :     5.0 ps       |
  |   target T             :   300.0 K        |
  |   timestep dt          :     5.0 fs       |
  |   dump interval(trj)   :   100.0 fs       |
  |   SHAKE algorithm      : true (all bonds) |
  |   dump interval(Vbias) :    1.00 ps       |
  |   Vbias prefactor (k)  :  0.0180 Eh       |
  |   Vbias exponent (α)   :  0.4680 bohr⁻²   |
*MTD   8 completed successfully ...        0 min,  8.639 sec
*MTD   4 completed successfully ...        0 min,  8.809 sec
 
 ======================================
 |  Multilevel Ensemble Optimization  |
 ======================================
 Optimizing all 686 structures from file "crest_dynamics.trj" ...
 ----------------------
 crude pre-optimization
 ----------------------
 Optimization engine: ANCOPT
 Hessian update type: BFGS
 E/G convergence criteria:  0.500E-03 Eh, 0.100E-01 Eh/a0
 maximum optimization steps: 200
 |>0.1% |>10.1% |>20.1% |>30.0% |>40.1% |>50.0% |>60.1% |>70.1% |>80.0% |>90.1% |>100.0%
 done.
> 686 of 686 structures successfully optimized (100.0% success)
> Total runtime for 686 optimizations:
 * wall-time:     0 d,  0 h,  0 min,  8.861 sec
 *  cpu-time:     0 d,  0 h,  0 min, 34.817 sec
 * ratio c/w:     3.929 speedup
> Corresponding to approximately 0.013 sec per processed structure
 
CREGEN> running RMSDs ... done.
CREGEN> E lowest :   -23.04371
 1 structures remain within    12.00 kcal/mol window
 This is less than 5% of the initial 686 structures.
 Increasing energy window to include more...
CREGEN> running RMSDs ... done.
CREGEN> E lowest :   -23.04371
 1 structures remain within    18.00 kcal/mol window
 ----------------------------------
 optimization with tight thresholds
 ----------------------------------
 Optimization engine: ANCOPT
 Hessian update type: BFGS
 E/G convergence criteria:  0.100E-05 Eh, 0.800E-03 Eh/a0
 maximum optimization steps: 200
 |>100.0%
 done.
> 1 of 1 structures successfully optimized (100.0% success)
> Total runtime for 1 optimizations:
 * wall-time:     0 d,  0 h,  0 min,  0.025 sec
 *  cpu-time:     0 d,  0 h,  0 min,  0.101 sec
 * ratio c/w:     3.988 speedup
> Corresponding to approximately 0.025 sec per processed structure
 
CREGEN> running RMSDs ... done.
CREGEN> E lowest :   -23.04372
 1 structures remain within     6.00 kcal/mol window
 
 ------------------------------
 Meta-Dynamics Iteration 2
 ------------------------------
 list of applied metadynamics Vbias parameters:
$metadyn    0.03600   1.300
$metadyn    0.01800   1.300
$metadyn    0.00900   1.300
$metadyn    0.03600   0.780
$metadyn    0.01800   0.780
$metadyn    0.00900   0.780
$metadyn    0.03600   0.468
$metadyn    0.01800   0.468
$metadyn    0.00900   0.468
$metadyn    0.03600   0.281
$metadyn    0.01800   0.281
$metadyn    0.00900   0.281
$metadyn    0.01200   0.100
$metadyn    0.06000   0.800
 
  ::::::::::::: starting MTD    1 :::::::::::::
  |   MD simulation time   :     5.0 ps       |
  |   target T             :   300.0 K        |
  |   timestep dt          :     5.0 fs       |
  |   dump interval(trj)   :   100.0 fs       |
  |   SHAKE algorithm      : true (all bonds) |
  |   dump interval(Vbias) :    1.00 ps       |
  |   Vbias prefactor (k)  :  0.0360 Eh       |
  |   Vbias exponent (α)   :  1.3000 bohr⁻²   |
  ::::::::::::: starting MTD    5 :::::::::::::
  |   MD simulation time   :     5.0 ps       |
  |   target T             :   300.0 K        |
  |   timestep dt          :     5.0 fs       |
  |   dump interval(trj)   :   100.0 fs       |
  |   SHAKE algorithm      : true (all bonds) |
  |   dump interval(Vbias) :    1.00 ps       |
  |   Vbias prefactor (k)  :  0.0180 Eh       |
  |   Vbias exponent (α)   :  0.7800 bohr⁻²   |
  ::::::::::::: starting MTD   12 :::::::::::::
  |   MD simulation time   :     5.0 ps       |
  |   target T             :   300.0 K        |
  |   timestep dt          :     5.0 fs       |
  |   dump interval(trj)   :   100.0 fs       |
  |   SHAKE algorithm      : true (all bonds) |
  |   dump interval(Vbias) :    1.00 ps       |
  |   Vbias prefactor (k)  :  0.0090 Eh       |
  |   Vbias exponent (α)   :  0.2808 bohr⁻²   |
  ::::::::::::: starting MTD    9 :::::::::::::
  |   MD simulation time   :     5.0 ps       |
  |   target T             :   300.0 K        |
  |   timestep dt          :     5.0 fs       |
  |   dump interval(trj)   :   100.0 fs       |
  |   SHAKE algorithm      : true (all bonds) |
  |   dump interval(Vbias) :    1.00 ps       |
  |   Vbias prefactor (k)  :  0.0090 Eh       |
  |   Vbias exponent (α)   :  0.4680 bohr⁻²   |
*MTD  12 completed successfully ...        0 min,  8.884 sec
  ::::::::::::: starting MTD   13 :::::::::::::
  |   MD simulation time   :     5.0 ps       |
  |   target T             :   300.0 K        |
  |   timestep dt          :     5.0 fs       |
  |   dump interval(trj)   :   100.0 fs       |
  |   SHAKE algorithm      : true (all bonds) |
  |   dump interval(Vbias) :    1.00 ps       |
  |   Vbias prefactor (k)  :  0.0120 Eh       |
  |   Vbias exponent (α)   :  0.1000 bohr⁻²   |
*MTD   1 completed successfully ...        0 min,  8.931 sec
  ::::::::::::: starting MTD    2 :::::::::::::
  |   MD simulation time   :     5.0 ps       |
  |   target T             :   300.0 K        |
  |   timestep dt          :     5.0 fs       |
  |   dump interval(trj)   :   100.0 fs       |
  |   SHAKE algorithm      : true (all bonds) |
  |   dump interval(Vbias) :    1.00 ps       |
  |   Vbias prefactor (k)  :  0.0180 Eh       |
  |   Vbias exponent (α)   :  1.3000 bohr⁻²   |
*MTD   5 completed successfully ...        0 min,  9.007 sec
  ::::::::::::: starting MTD    6 :::::::::::::
  |   MD simulation time   :     5.0 ps       |
  |   target T             :   300.0 K        |
  |   timestep dt          :     5.0 fs       |
  |   dump interval(trj)   :   100.0 fs       |
  |   SHAKE algorithm      : true (all bonds) |
  |   dump interval(Vbias) :    1.00 ps       |
  |   Vbias prefactor (k)  :  0.0090 Eh       |
  |   Vbias exponent (α)   :  0.7800 bohr⁻²   |
*MTD   9 completed successfully ...        0 min,  9.094 sec
  ::::::::::::: starting MTD   10 :::::::::::::
  |   MD simulation time   :     5.0 ps       |
  |   target T             :   300.0 K        |
  |   timestep dt          :     5.0 fs       |
  |   dump interval(trj)   :   100.0 fs       |
  |   SHAKE algorithm      : true (all bonds) |
  |   dump interval(Vbias) :    1.00 ps       |
  |   Vbias prefactor (k)  :  0.0360 Eh       |
  |   Vbias exponent (α)   :  0.2808 bohr⁻²   |
*MTD  13 completed successfully ...        0 min,  8.866 sec
  ::::::::::::: starting MTD   14 :::::::::::::
  |   MD simulation time   :     5.0 ps       |
  |   target T             :   300.0 K        |
  |   timestep dt          :     5.0 fs       |
  |   dump interval(trj)   :   100.0 fs       |
  |   SHAKE algorithm      : true (all bonds) |
  |   dump interval(Vbias) :    1.00 ps       |
  |   Vbias prefactor (k)  :  0.0600 Eh       |
  |   Vbias exponent (α)   :  0.8000 bohr⁻²   |
*MTD  10 completed successfully ...        0 min,  8.913 sec
  ::::::::::::: starting MTD   11 :::::::::::::
  |   MD simulation time   :     5.0 ps       |
  |   target T             :   300.0 K        |
  |   timestep dt          :     5.0 fs       |
  |   dump interval(trj)   :   100.0 fs       |
  |   SHAKE algorithm      : true (all bonds) |
  |   dump interval(Vbias) :    1.00 ps       |
  |   Vbias prefactor (k)  :  0.0180 Eh       |
  |   Vbias exponent (α)   :  0.2808 bohr⁻²   |
*MTD   6 completed successfully ...        0 min,  9.049 sec
  ::::::::::::: starting MTD    7 :::::::::::::
  |   MD simulation time   :     5.0 ps       |
  |   target T             :   300.0 K        |
  |   timestep dt          :     5.0 fs       |
  |   dump interval(trj)   :   100.0 fs       |
  |   SHAKE algorithm      : true (all bonds) |
  |   dump interval(Vbias) :    1.00 ps       |
  |   Vbias prefactor (k)  :  0.0360 Eh       |
  |   Vbias exponent (α)   :  0.4680 bohr⁻²   |
*MTD   2 completed successfully ...        0 min,  9.229 sec
  ::::::::::::: starting MTD    3 :::::::::::::
  |   MD simulation time   :     5.0 ps       |
  |   target T             :   300.0 K        |
  |   timestep dt          :     5.0 fs       |
  |   dump interval(trj)   :   100.0 fs       |
  |   SHAKE algorithm      : true (all bonds) |
  |   dump interval(Vbias) :    1.00 ps       |
  |   Vbias prefactor (k)  :  0.0090 Eh       |
  |   Vbias exponent (α)   :  1.3000 bohr⁻²   |
*MTD  14 completed successfully ...        0 min,  8.906 sec
*MTD  11 completed successfully ...        0 min,  8.912 sec
*MTD   7 completed successfully ...        0 min,  8.949 sec
  ::::::::::::: starting MTD    8 :::::::::::::
  |   MD simulation time   :     5.0 ps       |
  |   target T             :   300.0 K        |
  |   timestep dt          :     5.0 fs       |
  |   dump interval(trj)   :   100.0 fs       |
  |   SHAKE algorithm      : true (all bonds) |
  |   dump interval(Vbias) :    1.00 ps       |
  |   Vbias prefactor (k)  :  0.0180 Eh       |
  |   Vbias exponent (α)   :  0.4680 bohr⁻²   |
*MTD   3 completed successfully ...        0 min,  8.975 sec
  ::::::::::::: starting MTD    4 :::::::::::::
  |   MD simulation time   :     5.0 ps       |
  |   target T             :   300.0 K        |
  |   timestep dt          :     5.0 fs       |
  |   dump interval(trj)   :   100.0 fs       |
  |   SHAKE algorithm      : true (all bonds) |
  |   dump interval(Vbias) :    1.00 ps       |
  |   Vbias prefactor (k)  :  0.0360 Eh       |
  |   Vbias exponent (α)   :  0.7800 bohr⁻²   |
*MTD   8 completed successfully ...        0 min,  8.617 sec
*MTD   4 completed successfully ...        0 min,  8.781 sec
 
 ======================================
 |  Multilevel Ensemble Optimization  |
 ======================================
 Optimizing all 686 structures from file "crest_dynamics.trj" ...
 ----------------------
 crude pre-optimization
 ----------------------
 Optimization engine: ANCOPT
 Hessian update type: BFGS
 E/G convergence criteria:  0.500E-03 Eh, 0.100E-01 Eh/a0
 maximum optimization steps: 200
 |>0.1% |>10.1% |>20.1% |>30.0% |>40.1% |>50.0% |>60.1% |>70.1% |>80.0% |>90.1% |>100.0%
 done.
> 686 of 686 structures successfully optimized (100.0% success)
> Total runtime for 686 optimizations:
 * wall-time:     0 d,  0 h,  0 min,  8.980 sec
 *  cpu-time:     0 d,  0 h,  0 min, 35.265 sec
 * ratio c/w:     3.927 speedup
> Corresponding to approximately 0.013 sec per processed structure
 
CREGEN> running RMSDs ... done.
CREGEN> E lowest :   -23.04371
 2 structures remain within    12.00 kcal/mol window
 This is less than 5% of the initial 686 structures.
 Increasing energy window to include more...
CREGEN> running RMSDs ... done.
CREGEN> E lowest :   -23.04371
 2 structures remain within    18.00 kcal/mol window
 ----------------------------------
 optimization with tight thresholds
 ----------------------------------
 Optimization engine: ANCOPT
 Hessian update type: BFGS
 E/G convergence criteria:  0.100E-05 Eh, 0.800E-03 Eh/a0
 maximum optimization steps: 200
 |>50.0% |>100.0%
 done.
> 2 of 2 structures successfully optimized (100.0% success)
> Total runtime for 2 optimizations:
 * wall-time:     0 d,  0 h,  0 min,  0.063 sec
 *  cpu-time:     0 d,  0 h,  0 min,  0.252 sec
 * ratio c/w:     3.985 speedup
> Corresponding to approximately 0.032 sec per processed structure
 
CREGEN> running RMSDs ... done.
CREGEN> E lowest :   -23.04372
 1 structures remain within     6.00 kcal/mol window
 
========================================
           MTD Simulations done         
========================================
 Collecting ensmbles.
CREGEN> running RMSDs ... done.
CREGEN> E lowest :   -23.04372
 1 structures remain within     6.00 kcal/mol window
 

 ===============================================
 Additional regular MDs on lowest 1 conformer(s)
 ===============================================
  :::::::::::::: starting MD   1 ::::::::::::::
  |   MD simulation time   :     2.5 ps       |
  |   target T             :   400.0 K        |
  |   timestep dt          :     5.0 fs       |
  |   dump interval(trj)   :   100.0 fs       |
  |   SHAKE algorithm      : true (all bonds) |
  :::::::::::::: starting MD   2 ::::::::::::::
  |   MD simulation time   :     2.5 ps       |
  |   target T             :   500.0 K        |
  |   timestep dt          :     5.0 fs       |
  |   dump interval(trj)   :   100.0 fs       |
  |   SHAKE algorithm      : true (all bonds) |
*MD   1 completed successfully ...        0 min,  5.646 sec
*MD   2 completed successfully ...        0 min,  6.938 sec
 Appending file crest_rotamers_1.xyz with new structures
 Optimizing all 49 structures from file "crest_rotamers_1.xyz" ...
 ----------------------------------
 optimization with tight thresholds
 ----------------------------------
 Optimization engine: ANCOPT
 Hessian update type: BFGS
 E/G convergence criteria:  0.100E-05 Eh, 0.800E-03 Eh/a0
 maximum optimization steps: 200
 |>2.0% |>10.2% |>20.4% |>30.6% |>40.8% |>51.0% |>61.2% |>71.4% |>81.6% |>91.8% |>100.0%
 done.
> 49 of 49 structures successfully optimized (100.0% success)
> Total runtime for 49 optimizations:
 * wall-time:     0 d,  0 h,  0 min,  1.020 sec
 *  cpu-time:     0 d,  0 h,  0 min,  4.063 sec
 * ratio c/w:     3.985 speedup
> Corresponding to approximately 0.021 sec per processed structure
 
CREGEN> running RMSDs ... done.
CREGEN> E lowest :   -23.04372
 1 structures remain within     6.00 kcal/mol window
 This is less than 5% of the initial 49 structures.
 Increasing energy window to include more...
CREGEN> running RMSDs ... done.
CREGEN> E lowest :   -23.04372
 1 structures remain within     9.00 kcal/mol window
 Not enough structures to perform GC!
 
 ======================================
 |  Multilevel Ensemble Optimization  |
 ======================================
 empty ensemble file confcross.xyz
appending new structures to crest_rotamers_2.xyz
CREGEN> running RMSDs ... done.
CREGEN> E lowest :   -23.04372


   ================================================
   |           Final Geometry Optimization        |
   ================================================
 Optimizing all 1 structures from file "crest_rotamers_3.xyz" ...
 ---------------------------------------
 optimization with very tight thresholds
 ---------------------------------------
 Optimization engine: ANCOPT
 Hessian update type: BFGS
 E/G convergence criteria:  0.100E-06 Eh, 0.200E-03 Eh/a0
 maximum optimization steps: 200
 |>100.0%
 done.
> 1 of 1 structures successfully optimized (100.0% success)
> Total runtime for 1 optimizations:
 * wall-time:     0 d,  0 h,  0 min,  0.031 sec
 *  cpu-time:     0 d,  0 h,  0 min,  0.123 sec
 * ratio c/w:     3.988 speedup
> Corresponding to approximately 0.031 sec per processed structure
 
CREGEN> running RMSDs ... done.
CREGEN> E lowest :   -23.04372
 1 structures remain within     6.00 kcal/mol window


 --------------------------
 Final Ensemble Information
 --------------------------
 input  file name : crest_rotamers_3.xyz
 output file name : crest_rotamers_4.xyz
 number of atoms                :   12
 number of points on xyz files  :   1
 RMSD threshold                 :   0.1250
 Bconst threshold               :   0.0100
 population threshold           :   0.0500
 # fragment in coord            :     1
 # bonds in reference structure :    12
 number of reliable points      :     1
 sorting energy window (EWIN)   :    6.0000 / kcal*mol⁻¹
 reference state Etot           :  -23.0437194200000
 number of doubles removed by rot/RMSD         :           0
 total number unique points considered further :           1
       Erel/kcal        Etot weight/tot  conformer     set   degen     origin
       1   0.000   -23.04372    1.00000    1.00000       1       1
T /K                                  :   298.15
E lowest                              :   -23.04372
ensemble average energy (kcal)        :    0.000
ensemble entropy (J/mol K, cal/mol K) :   -0.000   -0.000
ensemble free energy (kcal/mol)       :    0.000
population of lowest in %             :  100.000
 number of unique conformers for further calc            1
 list of relative energies saved as "crest.energies"
 
 -----------------
 Wall Time Summary
 -----------------
 CREST runtime (total)               0 d,  0 h,  1 min, 40.867 sec
 ------------------------------------------------------------------
 Trial metadynamics (MTD)   ...        0 min,  1.769 sec (  1.754%)
 Metadynamics (MTD)         ...        1 min, 11.772 sec ( 71.155%)
 Geometry optimization      ...        0 min, 20.173 sec ( 20.000%)
 Molecular dynamics (MD)    ...        0 min,  6.944 sec (  6.884%)
 Genetic crossing (GC)      ...        0 min,  0.000 sec (  0.000%)
 I/O and setup              ...        0 min,  0.208 sec (  0.207%)
 ------------------------------------------------------------------
 * wall-time:     0 d,  0 h,  1 min, 40.867 sec
 *  cpu-time:     0 d,  0 h,  6 min,  2.804 sec
 * ratio c/w:     3.597 speedup
 ------------------------------------------------------------------
 * Total number of energy+grad calls: 37983
 
 CREST terminated normally.
