  12
 Etot=         -23.0425022189
 C         -0.6973084630       -1.2074823177       -0.0000965028
 C          0.6975824802       -1.2079379128        0.0001249256
 C          1.3945383860        0.0002750041        0.0000126068
 C          0.6977723272        1.2082510204        0.0000712096
 C         -0.6976350694        1.2078507634       -0.0001220581
 C         -1.3945909752       -0.0003621536       -0.0000097392
 Br        -3.2849422372       -0.0000364844        0.0000046510
 Br         3.2848896480       -0.0000506650       -0.0000017834
 H         -1.2259410869       -2.1573830425        0.0003059028
 H          1.2270157434       -2.1572223487       -0.0005675423
 H          1.2258884976        2.1572958931       -0.0003030353
 H         -1.2270683327        2.1571351993        0.0005704098
  12
 Etot=         -23.0435292255
 C         -0.6921701845       -1.2054599719       -0.0000222681
 C          0.6924058085       -1.2055802325       -0.0001984235
 C          1.3789141417        0.0001744470       -0.0002014320
 C          0.6923353256        1.2057471997        0.0000056236
 C         -0.6923847778        1.2055253427        0.0001859065
 C         -1.3789802207       -0.0001728034        0.0001812779
 Br        -3.2788952364       -0.0001689654        0.0001561130
 Br         3.2788704719        0.0001895237       -0.0001448698
 H         -1.2250258117       -2.1452338698       -0.0000360349
 H          1.2258390792       -2.1449015160       -0.0000758295
 H          1.2249934799        2.1452792637        0.0000597175
 H         -1.2257011577        2.1449345378        0.0000792637
  12
 Etot=         -23.0436925492
 C         -0.6910103334       -1.2068779450        0.0000060181
 C          0.6912534479       -1.2067719891        0.0000495838
 C          1.3709047965        0.0001465973        0.0000833797
 C          0.6910282656        1.2069160334        0.0000132771
 C         -0.6912148189        1.2067859495       -0.0000345823
 C         -1.3709244840       -0.0000919335       -0.0000520951
 Br        -3.2797874379       -0.0002837527        0.0001941945
 Br         3.2798189763        0.0003399433       -0.0002723135
 H         -1.2295741130       -2.1405645827       -0.0000083953
 H          1.2301634082       -2.1402180903       -0.0002525464
 H          1.2295791973        2.1406508068        0.0000200023
 H         -1.2300359866        2.1403019187        0.0002425217
  12
 Etot=         -23.0437170618
 C         -0.6913757687       -1.2083411860       -0.0000304749
 C          0.6916462786       -1.2081718009       -0.0002384712
 C          1.3685013037        0.0001622299       -0.0002284440
 C          0.6913848641        1.2083528982        0.0000284841
 C         -0.6916139831        1.2082264430        0.0002267777
 C         -1.3684791075       -0.0000978512        0.0001865455
 Br        -3.2813574949       -0.0003271913        0.0001770009
 Br         3.2814139401        0.0003773313       -0.0001057072
 H         -1.2331680729       -2.1401152400       -0.0000496433
 H          1.2336627767       -2.1398180451       -0.0000571030
 H          1.2331885589        2.1401903151        0.0000162275
 H         -1.2336023768        2.1398950526        0.0000638525
