  13
 Etot=         -17.1897148495
 C          2.1044915413        0.0005776362       -0.0013438640
 N          0.6585396850       -0.0003822397        0.0004748725
 C         -0.1315351254        1.1198944151        0.0005781261
 C         -1.4463404511        0.7083358098       -0.0001073061
 C         -1.4455877187       -0.7082778971       -0.0003043948
 C         -0.1313252090       -1.1200810088        0.0008149064
 H          2.4402003270        0.0013206540       -1.0408264560
 H          2.4687337522        0.8897837222        0.5194729448
 H          2.4665127906       -0.8918830004        0.5186028903
 H          0.3030635720        2.1106500767        0.0010156034
 H         -2.3093709162        1.3585513887        0.0002353763
 H         -2.3082784365       -1.3587807070       -0.0012098343
 H          0.3032945125       -2.1096801953        0.0004304547
  13
 Etot=         -17.1909971502
 C          2.0991116489        0.0002549649       -0.0061308736
 N          0.6559067374       -0.0001272906        0.0075228301
 C         -0.1352833896        1.1066465260        0.0050721416
 C         -1.4457872502        0.7037261768       -0.0007347292
 C         -1.4455883459       -0.7036468089       -0.0006551480
 C         -0.1352411273       -1.1067253754        0.0049280588
 H          2.4694676386        0.0011900173       -1.0330647107
 H          2.4677606881        0.8858645302        0.5084214754
 H          2.4674746791       -0.8873011939        0.5062621202
 H          0.2932727800        2.0903998643        0.0062812466
 H         -2.3061940492        1.3473081082       -0.0025997955
 H         -2.3059444444       -1.3473703014       -0.0028561485
 H          0.2934427582       -2.0901905631        0.0053868522
  13
 Etot=         -17.1910869418
 C          2.0955459363        0.0000858582       -0.0055211901
 N          0.6565780157       -0.0000459327        0.0123399476
 C         -0.1338457441        1.1024911045        0.0044938317
 C         -1.4438778093        0.7030843357       -0.0018182835
 C         -1.4439003888       -0.7030685991       -0.0022296768
 C         -0.1338921096       -1.1025590638        0.0041224674
 H          2.4706260617        0.0013430009       -1.0312661352
 H          2.4658069148        0.8866561396        0.5055080865
 H          2.4659550620       -0.8878740861        0.5031040574
 H          0.2908823433        2.0863021180        0.0069748160
 H         -2.3041836096        1.3440543323       -0.0019454801
 H         -2.3042240229       -1.3440735720       -0.0028326392
 H          0.2909276740       -2.0863669812        0.0069035177
  13
 Etot=         -17.1910980026
 C          2.0946939492        0.0000329113       -0.0064379190
 N          0.6572207573       -0.0000294818        0.0160996445
 C         -0.1329454553        1.1019567357        0.0073279078
 C         -1.4433873609        0.7033695843       -0.0024132774
 C         -1.4434250315       -0.7033875990       -0.0023730512
 C         -0.1329846039       -1.1020118310        0.0070329388
 H          2.4675063568        0.0013772063       -1.0334230272
 H          2.4674657377        0.8868607767        0.5028581503
 H          2.4675712822       -0.8880525125        0.5005303861
 H          0.2895903016        2.0871165933        0.0113719076
 H         -2.3042363724        1.3435031029       -0.0066043728
 H         -2.3042745540       -1.3435229370       -0.0067430827
 H          0.2896033169       -2.0871838947        0.0106071145
