  12
 Etot=         -16.9857526962
 C          2.2692056473        0.1782306985       -0.0001653869
 C          0.7947663310        0.2806484584       -0.0013077397
 C          0.0136606852        1.4158908998       -0.0005531312
 C         -1.3776461440        1.1084926188        0.0007133116
 C         -1.6078060538       -0.2494957261        0.0004471054
 S         -0.1492442708       -1.1485854095       -0.0000689146
 H          2.6438948856        0.1512975762       -1.0278465542
 H          2.7207786229        1.0305156352        0.5182072921
 H          2.5986710094       -0.7278875883        0.5195616814
 H          0.4169845513        2.4207388824        0.0000719835
 H         -2.1698121949        1.8454794748        0.0018630345
 H         -2.5611648798       -0.7570200181        0.0006523456
  12
 Etot=         -16.9871708775
 C          2.2763803499        0.1856587501        0.0015938968
 C          0.7937976505        0.2780921284        0.0107285815
 C          0.0107244383        1.3964277697        0.0061453139
 C         -1.3730013733        1.0991089856       -0.0018329231
 C         -1.6177339780       -0.2393316657       -0.0010088097
 S         -0.1656459011       -1.1515197101        0.0062783711
 H          2.6524304094        0.1545542703       -1.0217788567
 H          2.7192526711        1.0470406724        0.5016165843
 H          2.6065352575       -0.7200230511        0.5097262616
 H          0.4095043803        2.3955049243        0.0090084213
 H         -2.1522545699        1.8408600711       -0.0040417178
 H         -2.5677011453       -0.7380676432       -0.0048600960
  12
 Etot=         -16.9873587206
 C          2.2801179933        0.1878860947        0.0025150131
 C          0.7950098527        0.2767098630        0.0155720954
 C          0.0116038325        1.3885663622        0.0087329945
 C         -1.3709011651        1.0963443618       -0.0008441059
 C         -1.6223656677       -0.2353264601       -0.0031292894
 S         -0.1727691410       -1.1575722059        0.0073983993
 H          2.6508875623        0.1528369554       -1.0220535631
 H          2.7132392932        1.0570120908        0.4924076526
 H          2.6112236000       -0.7142301221        0.5110654906
 H          0.4087883206        2.3868361979        0.0140634478
 H         -2.1430083657        1.8438356174       -0.0045322433
 H         -2.5695379256       -0.7345932531       -0.0096208645
  12
 Etot=         -16.9873989392
 C          2.2817339447        0.1881604952        0.0024634081
 C          0.7963024394        0.2765977905        0.0169359147
 C          0.0124434709        1.3868175376        0.0115217564
 C         -1.3712839171        1.0963076757       -0.0009746560
 C         -1.6249697298       -0.2342765602       -0.0046976746
 S         -0.1753706885       -1.1612123445        0.0056334249
 H          2.6488507020        0.1475450672       -1.0233205502
 H          2.7117913844        1.0618412822        0.4855942170
 H          2.6145569552       -0.7099415965        0.5157445703
 H          0.4089336805        2.3858163534        0.0194485267
 H         -2.1402076544        1.8473916742       -0.0048473628
 H         -2.5704923978       -0.7367418728       -0.0119265473
