  15
 Etot=         -23.1045174305
 C         -0.5767383838       -2.2036920640       -0.0009447973
 C          0.2399627084       -0.9510517043       -0.0002699689
 C          1.6299693973       -1.0676806917        0.0000200385
 C          2.4251310889        0.0782878136        0.0002829100
 C          1.8313933050        1.3400977481        0.0006479863
 C          0.4408006745        1.4559168624        0.0003858727
 C         -0.3543610171        0.3099483571        0.0001230013
 Cl        -2.0712742614        0.4926991873       -0.0000901547
 H         -0.7814345428       -2.5169853956       -1.0286902769
 H         -0.0518850551       -3.0125013025        0.5189038337
 H         -1.5287365099       -2.0489532912        0.5190056620
 H          2.1034157285       -2.0461943383       -0.0021282026
 H          3.5076707397       -0.0123101569       -0.0021485952
 H          2.4506702055        2.2316333851       -0.0032671590
 H         -0.0065538247        2.4462858218       -0.0014241505
  15
 Etot=         -23.1059450375
 C         -0.5838847686       -2.2069391043        0.0050736360
 C          0.2440003314       -0.9586770715        0.0094599802
 C          1.6313404690       -1.0529255257        0.0028102256
 C          2.4228569488        0.0845039840       -0.0038935040
 C          1.8322429649        1.3375932177       -0.0031794840
 C          0.4518634075        1.4505830012       -0.0016758358
 C         -0.3338916297        0.3071308693        0.0021506032
 Cl        -2.0561856224        0.4908538994       -0.0029471192
 H         -0.7939003675       -2.5128620665       -1.0192239395
 H         -0.0542384924       -3.0177610712        0.5028096334
 H         -1.5356414787       -2.0504052939        0.5118932338
 H          2.0970949398       -2.0269505662        0.0044635220
 H          3.4995385745       -0.0054955271       -0.0032661348
 H          2.4433192670        2.2275078733       -0.0019369660
 H         -0.0064842904        2.4293436127       -0.0021318513
  15
 Etot=         -23.1061712842
 C         -0.5869840591       -2.2103607703        0.0073745817
 C          0.2444878836       -0.9651888857        0.0124127742
 C          1.6322397144       -1.0468041771        0.0074467441
 C          2.4233187216        0.0868637407       -0.0003922697
 C          1.8343818338        1.3386060166       -0.0012103553
 C          0.4565288805        1.4497322383       -0.0002512479
 C         -0.3228291804        0.3054432386        0.0024038960
 Cl        -2.0515531886        0.4923328680       -0.0093612681
 H         -0.8051098475       -2.5051420175       -1.0182283591
 H         -0.0525680207       -3.0236037314        0.4901555589
 H         -1.5328882069       -2.0497765640        0.5171274773
 H          2.0931891607       -2.0213739955        0.0098002938
 H          3.4975690197       -0.0050931526       -0.0068452758
 H          2.4413330586        2.2292033000       -0.0058374001
 H         -0.0130855166        2.4206621228       -0.0041891505
  15
 Etot=         -23.1062199516
 C         -0.5878519275       -2.2112536962        0.0078297217
 C          0.2444925211       -0.9678194089        0.0132057534
 C          1.6332183226       -1.0457210399        0.0091929017
 C          2.4244250878        0.0875262909       -0.0009641942
 C          1.8359883810        1.3401323260       -0.0035163240
 C          0.4575430292        1.4502042400       -0.0023286292
 C         -0.3190163584        0.3044445563        0.0015184993
 Cl        -2.0522887821        0.4925923649       -0.0135020838
 H         -0.8164972928       -2.4970982738       -1.0186708117
 H         -0.0496670511       -3.0285997196        0.4788963065
 H         -1.5279241270       -2.0510431182        0.5276532463
 H          2.0931250247       -2.0215798992        0.0149719722
 H          3.4985003506       -0.0058683496       -0.0029776854
 H          2.4419913769        2.2315887491       -0.0052780871
 H         -0.0180083021        2.4179952093       -0.0056245860
