  8
 Etot=         -24.0526423658
 C         -0.4463271962       -0.9349845144       -0.0108675429
 C          0.7627064862       -0.0332330185       -0.0004851324
 F          0.7850635986        0.7527844247        1.0966678828
 F          0.7971174268        0.7629267873       -1.0905289163
 F          1.8973150279       -0.7691855543        0.0027276919
 Cl        -1.9459872348        0.0174020817        0.0001569821
 H         -0.4532110115       -1.5620582259       -0.9066689569
 H         -0.4534424241       -1.5837072859        0.8693018381
  8
 Etot=         -24.0537641461
 C         -0.4575512657       -0.9542429752       -0.0112568751
 C          0.7481241333       -0.0405765001       -0.0003916836
 F          0.7922388050        0.7535528681        1.0840355755
 F          0.8034165926        0.7639083466       -1.0769541681
 F          1.8918927746       -0.7535964756        0.0021614916
 Cl        -1.9412320939        0.0339923566       -0.0002741631
 H         -0.4466440983       -1.5661164757       -0.9164903931
 H         -0.4470101746       -1.5869764500        0.8794740624
  8
 Etot=         -24.0538704697
 C         -0.4606666444       -0.9606586682       -0.0112507832
 C          0.7451149101       -0.0438647006       -0.0004129222
 F          0.7956687606        0.7523663898        1.0780770360
 F          0.8060304652        0.7635011012       -1.0702498441
 F          1.8925560339       -0.7472422850        0.0014215270
 Cl        -1.9428076449        0.0362828200       -0.0010802483
 H         -0.4458729971       -1.5651553095       -0.9191241758
 H         -0.4467882103       -1.5852846532        0.8829232569
  8
 Etot=         -24.0538751452
 C         -0.4599092048       -0.9612560004       -0.0111921677
 C          0.7455910433       -0.0436283669       -0.0004144997
 F          0.7957212938        0.7517017469        1.0779312566
 F          0.8055104367        0.7634925437       -1.0696154061
 F          1.8926410537       -0.7472548247        0.0009000648
 Cl        -1.9431112171        0.0360860259       -0.0016743200
 H         -0.4459471829       -1.5648414298       -0.9190100344
 H         -0.4472615497       -1.5843550000        0.8833789529
