  17
 Etot=         -22.4960807505
 C          2.5055162750       -1.0336600777       -0.0000358549
 C          1.2028530017       -0.3151134623        0.0010401456
 C         -0.0004353181       -1.0131981320        0.0009242928
 C         -1.2023834949       -0.3144946698        0.0011525873
 C         -1.1485107991        1.0700734896       -0.0005040556
 N          0.0012692766        1.7827134610       -0.0002832670
 C          1.1497407260        1.0691377258       -0.0002767755
 C         -2.5055885374       -1.0307350997        0.0000283194
 H          2.8351712692       -1.2135652704        1.0275855279
 H          2.4210509715       -1.9947652862       -0.5185803476
 H          3.2719519540       -0.4507561337       -0.5214534821
 H         -0.0009218088       -2.0996892662        0.0025912270
 H         -2.0544330476        1.6692869139       -0.0008938877
 H          2.0554415547        1.6666882286       -0.0009135501
 H         -2.8443555477       -1.2170328738        1.0272513001
 H         -3.2826710383       -0.4517544275       -0.5198939517
 H         -2.4330748822       -1.9972835344       -0.5195050222
  17
 Etot=         -22.4981740758
 C          2.5121230462       -1.0336136543       -0.0036271444
 C          1.2011612669       -0.3182224286       -0.0055798347
 C         -0.0017628987       -1.0139922434       -0.0044393959
 C         -1.2039857742       -0.3176174178       -0.0055534075
 C         -1.1384269993        1.0683915102        0.0002128009
 N         -0.0007364998        1.7619740114        0.0050574128
 C          1.1363117718        1.0676365544        0.0002955778
 C         -2.5143495495       -1.0312876724       -0.0040404894
 H          2.8388435751       -1.2127502327        1.0203021895
 H          2.4271028293       -1.9964699374       -0.5066549731
 H          3.2782903864       -0.4438533614       -0.5059612923
 H         -0.0019594335       -2.0958955494       -0.0097746215
 H         -2.0373054990        1.6717502182       -0.0051212254
 H          2.0356203781        1.6700400662       -0.0053751625
 H         -2.8434418836       -1.2133182981        1.0199190689
 H         -3.2838213667       -0.4410332782       -0.5039681423
 H         -2.4330427949       -1.9958867014       -0.5074581552
  17
 Etot=         -22.4984406267
 C          2.5165512274       -1.0345144853       -0.0038472364
 C          1.2022687578       -0.3205116241       -0.0107375218
 C         -0.0020212686       -1.0137280342       -0.0120304370
 C         -1.2059635285       -0.3198587670       -0.0107230028
 C         -1.1350002699        1.0685590061       -0.0025250682
 N         -0.0012055240        1.7499251802        0.0026824792
 C          1.1322352253        1.0678649435       -0.0027721772
 C         -2.5202011369       -1.0328121085       -0.0037029725
 H          2.8370483021       -1.2104530824        1.0222084125
 H          2.4322394963       -1.9970104742       -0.5019222436
 H          3.2800981004       -0.4392065858       -0.4978285383
 H         -0.0022299753       -2.0944144804       -0.0194782131
 H         -2.0331866926        1.6721684693       -0.0025943985
 H          2.0309338752        1.6708803017       -0.0018003706
 H         -2.8401379966       -1.2101904042        1.0224465163
 H         -3.2837304037       -0.4363831340       -0.4959599098
 H         -2.4370776338       -1.9944631356       -0.5031821125
  17
 Etot=         -22.4984524134
 C          2.5172148419       -1.0348736130       -0.0028257450
 C          1.2029940980       -0.3207003534       -0.0117642658
 C         -0.0019711700       -1.0128538326       -0.0151748360
 C         -1.2065639070       -0.3200031574       -0.0120020310
 C         -1.1358217470        1.0691543677       -0.0024522736
 N         -0.0011212655        1.7493303846        0.0030803468
 C          1.1331986725        1.0684620026       -0.0019990511
 C         -2.5210763819       -1.0332822059       -0.0028397217
 H          2.8346457949       -1.2104882585        1.0245796783
 H          2.4344810541       -1.9970854230       -0.5015076976
 H          3.2812257570       -0.4386791849       -0.4948504059
 H         -0.0022496593       -2.0939555381       -0.0248197652
 H         -2.0352328307        1.6714344692       -0.0037441985
 H          2.0330217615        1.6701791152       -0.0040772786
 H         -2.8375738371       -1.2102193018        1.0246876249
 H         -3.2851218160       -0.4358305082       -0.4931061881
 H         -2.4394288109       -1.9947373773       -0.5029509862
