  13
 Etot=         -19.5933234774
 C          2.3859621600       -0.0437473975        0.0003579706
 C          0.8973410601       -0.0090921949        0.0008456524
 C          0.1711977324       -1.1796296135        0.0007067522
 N         -1.1768610514       -1.1827555187       -0.0001558230
 C         -1.7722646061        0.0260699369       -0.0009464026
 C         -1.0459535536        1.1969602532        0.0001130038
 N          0.3019375054        1.1997332607        0.0000550728
 H          2.7608803763       -0.0521752545        1.0281523578
 H          2.7560368041       -0.9346092667       -0.5185821876
 H          2.7967549070        0.8278751359       -0.5194578413
 H          0.6426160207       -2.1553233100       -0.0011927626
 H         -2.8555411443        0.0230927310       -0.0012256257
 H         -1.5245158127        2.1676876026        0.0008727470
  13
 Etot=         -19.5955066376
 C          2.3895270772       -0.0375132381       -0.0064022854
 C          0.8989586396       -0.0080642551       -0.0103717024
 C          0.1529744968       -1.1798540971       -0.0029226704
 N         -1.1785097355       -1.1778175999        0.0036141785
 C         -1.7650310929        0.0184316328        0.0044428967
 C         -1.0306445641        1.1895814537        0.0013510341
 N          0.3016266854        1.1869257933       -0.0079036907
 H          2.7544768814       -0.0443368305        1.0196609708
 H          2.7564848078       -0.9318360739       -0.5088389798
 H          2.7879489844        0.8463076376       -0.5019893197
 H          0.6174084420       -2.1555997729       -0.0028530060
 H         -2.8455693037        0.0158879138        0.0030564638
 H         -1.5020609206        2.1619738005       -0.0013009756
  13
 Etot=         -19.5958188649
 C          2.3940169662       -0.0358083822       -0.0088762679
 C          0.9028368750       -0.0097757764       -0.0123081095
 C          0.1449794613       -1.1824036154       -0.0017576982
 N         -1.1780910549       -1.1730791628        0.0048461563
 C         -1.7659319479        0.0161705554        0.0030491534
 C         -1.0251849205        1.1877358835       -0.0049258040
 N          0.2995753044        1.1767689580       -0.0132124217
 H          2.7527417734       -0.0430922137        1.0187064346
 H          2.7619125774       -0.9274773858       -0.5077895437
 H          2.7803796167        0.8556322967       -0.4934850603
 H          0.6090418638       -2.1582451973       -0.0044598304
 H         -2.8459400492        0.0157397404        0.0105703309
 H         -1.4927460679        2.1619206641       -0.0008144258
  13
 Etot=         -19.5958397164
 C          2.3953354941       -0.0355282662       -0.0090790134
 C          0.9043705826       -0.0115089654       -0.0147455689
 C          0.1443736702       -1.1842752270       -0.0042967013
 N         -1.1781562258       -1.1720596104        0.0067351868
 C         -1.7681338009        0.0167987808        0.0079745745
 C         -1.0255699471        1.1881822856       -0.0021126140
 N          0.2990011602        1.1739642360       -0.0149297100
 H          2.7516549337       -0.0472382624        1.0198274950
 H          2.7654860723       -0.9238323914       -0.5116118078
 H          2.7799534517        0.8592155575       -0.4886881310
 H          0.6095293002       -2.1600764304       -0.0032330716
 H         -2.8481356195        0.0174143628        0.0114855133
 H         -1.4921186739        2.1630302949       -0.0077832378
