  12
 Etot=         -46.3543138812
 C         -0.5252088439       -0.9332035041       -0.1589332283
 C          0.9330060625       -0.5259107200        0.1587126040
 C          0.5249394864        0.9328523619       -0.1603437239
 C         -0.9325130239        0.5252575274        0.1600741769
 F         -1.8803914792        1.0586345725       -0.6422065482
 F         -1.3269313416        0.7481434528        1.4346976722
 F          0.7476527037        1.3275150462       -1.4346969671
 F          1.0594774153        1.8792084758        0.6425593265
 F          1.3289075859       -0.7473983576        1.4341639791
 F          1.8788950710       -1.0590089594       -0.6440789323
 F         -1.0581551064       -1.8788855629        0.6442023299
 F         -0.7495962592       -1.3275737299       -1.4343309753
  12
 Etot=         -46.3590925928
 C         -0.5324916922       -0.9455458662       -0.1259145343
 C          0.9454178249       -0.5328383608        0.1256977244
 C          0.5323319753        0.9453073769       -0.1272136437
 C         -0.9450436713        0.5324594964        0.1270474614
 F         -1.8810485871        1.0589964365       -0.6828457532
 F         -1.3378964334        0.7546396517        1.3901361955
 F          0.7537906700        1.3388250500       -1.3900902913
 F          1.0597262827        1.8802344961        0.6831490951
 F          1.3396684122       -0.7539041454        1.3891471411
 F          1.8797675998       -1.0595987980       -0.6847329430
 F         -1.0586013029       -1.8800916538        0.6847444453
 F         -0.7555388074       -1.3388530806       -1.3893051838
  12
 Etot=         -46.3596940529
 C         -0.5354990195       -0.9505195791       -0.1174871657
 C          0.9505064417       -0.5356370303        0.1174263589
 C          0.5353555771        0.9502928252       -0.1187970021
 C         -0.9502090550        0.5354129164        0.1187907445
 F         -1.8726400827        1.0542287148       -0.6983898584
 F         -1.3451646319        0.7591069282        1.3774205793
 F          0.7578742855        1.3459815408       -1.3773474946
 F          1.0548588227        1.8721528369        0.6984882724
 F          1.3468197369       -0.7584020784        1.3760594680
 F          1.8718201165       -1.0547420548       -0.7002637982
 F         -1.0540858416       -1.8722522815        0.7000735506
 F         -0.7595540792       -1.3459921354       -1.3761539413
  12
 Etot=         -46.3598910909
 C         -0.5374540231       -0.9538302096       -0.1130836174
 C          0.9538702723       -0.5374338927        0.1131913643
 C          0.5373150387        0.9536480365       -0.1142927104
 C         -0.9536605892        0.5373332521        0.1144701661
 F         -1.8628023594        1.0485521498       -0.7136393423
 F         -1.3566440378        0.7658414748        1.3696282340
 F          0.7643738402        1.3571637608       -1.3695456170
 F          1.0493138725        1.8625702394        0.7135416742
 F          1.3582773375       -0.7651419996        1.3681049724
 F          1.8621604245       -1.0490608864       -0.7154944376
 F         -1.0485960152       -1.8628148332        0.7151184279
 F         -0.7660714905       -1.3571964893       -1.3681794007
  12
 Etot=         -46.3599809911
 C         -0.5385888105       -0.9558339760       -0.1085201182
 C          0.9559173812       -0.5385210170        0.1087545955
 C          0.5384607897        0.9557006536       -0.1096023109
 C         -0.9557724951        0.5384868663        0.1099290215
 F         -1.8535644040        1.0432715299       -0.7317856184
 F         -1.3712031562        0.7740995435        1.3608202371
 F          0.7725485860        1.3713422768       -1.3607356228
 F          1.0441496752        1.8534721261        0.7315427146
 F          1.3728328736       -0.7734646937        1.3592695335
 F          1.8528871966       -1.0437714813       -0.7336487879
 F         -1.0433358710       -1.8537018803        0.7331462584
 F         -0.7742494951       -1.3714493452       -1.3593501887
  12
 Etot=         -46.3600702092
 C         -0.5394090938       -0.9573305510       -0.1022661878
 C          0.9574059527       -0.5393232405        0.1025633750
 C          0.5393009843        0.9572501403       -0.1031961734
 C         -0.9573135113        0.5393310939        0.1036126909
 F         -1.8421542848        1.0368905083       -0.7561416261
 F         -1.3905996845        0.7848629968        1.3477879515
 F          0.7833850621        1.3904721393       -1.3477347182
 F          1.0378514611        1.8421691908        0.7558452606
 F          1.3922186989       -0.7843732040        1.3462593243
 F          1.8413420314       -1.0373371864       -0.7580359448
 F         -1.0368820676       -1.8422698598        0.7575090674
 F         -0.7850632781       -1.3907114249       -1.3463833059
  12
 Etot=         -46.3601334681
 C         -0.5394674621       -0.9574887362       -0.0981654669
 C          0.9575481150       -0.5394086485        0.0983886671
 C          0.5393723201        0.9574302833       -0.0990104424
 C         -0.9574651531        0.5394151156        0.0993671065
 F         -1.8350212161        1.0330594446       -0.7715354811
 F         -1.4027749971        0.7914042114        1.3380812102
 F          0.7901084868        1.4027151605       -1.3380598179
 F          1.0339622433        1.8349641162        0.7713312938
 F          1.4043859951       -0.7910469002        1.3365891155
 F          1.8340909061       -1.0334299626       -0.7734611040
 F         -1.0329033440       -1.8349180518        0.7730443433
 F         -0.7917536234       -1.4030654295       -1.3367497105
  12
 Etot=         -46.3601969384
 C         -0.5394149677       -0.9574531382       -0.0937216613
 C          0.9574764017       -0.5393827810        0.0937770915
 C          0.5393254508        0.9573977230       -0.0945187655
 C         -0.9573817648        0.5393706072        0.0947156222
 F         -1.8279218380        1.0293550496       -0.7868293761
 F         -1.4148666262        0.7978014160        1.3268302935
 F          0.7967949528        1.4151086582       -1.3268375342
 F          1.0300909577        1.8277173210        0.7868106828
 F          1.4164634249       -0.7976004135        1.3253514040
 F          1.8269204024       -1.0295937763       -0.7887938623
 F         -1.0290236390       -1.8275059501        0.7885750173
 F         -0.7983804840       -1.4155841130       -1.3255391983
  12
 Etot=         -46.3602484657
 C         -0.5396041290       -0.9577810537       -0.0887529502
 C          0.9577954886       -0.5395935485        0.0886348226
 C          0.5395141339        0.9577181223       -0.0895350109
 C         -0.9576821765        0.5395641818        0.0895604311
 F         -1.8202803901        1.0252928978       -0.8032791486
 F         -1.4281050534        0.8049435307        1.3142342608
 F          0.8041933700        1.4286595006       -1.3142300198
 F          1.0258183376        1.8199081867        0.8034161651
 F          1.4296906997       -0.8048803389        1.3127360000
 F          1.8192657346       -1.0253906428       -0.8052727614
 F         -1.0248084670       -1.8195641785        0.8052138772
 F         -0.8057152778       -1.4292460548       -1.3129059524
  12
 Etot=         -46.3603015604
 C         -0.5401928795       -0.9587733727       -0.0816870400
 C          0.9587672029       -0.5401686959        0.0813891186
 C          0.5401007419        0.9587045467       -0.0824721000
 C         -0.9586391655        0.5401340130        0.0823135148
 F         -1.8089190531        1.0190496000       -0.8268659940
 F         -1.4472364644        0.8155169991        1.2965215289
 F          0.8150225558        1.4481371693       -1.2964613377
 F          1.0193800343        1.8083809438        0.8271299714
 F          1.4488246096       -0.8155593679        1.2949776183
 F          1.8079006904       -1.0190355466       -0.8288691372
 F         -1.0184509571       -1.8079408857        0.8289283221
 F         -0.8164750447       -1.4488148004       -1.2950847514
  12
 Etot=         -46.3603291727
 C         -0.5406258140       -0.9595364152       -0.0774835993
 C          0.9595431389       -0.5405993537        0.0771593252
 C          0.5405370824        0.9594682108       -0.0782719784
 C         -0.9594254702        0.5405680430        0.0780816841
 F         -1.8014761509        1.0148548744       -0.8412001381
 F         -1.4587208670        0.8219799209        1.2863490209
 F          0.8214981362        1.4596423475       -1.2862469193
 F          1.0151692550        1.8008679461        0.8414535047
 F          1.4603130969       -0.8220051571        1.2847865526
 F          1.8004415899       -1.0148535582       -0.8431827213
 F         -1.0142274988       -1.8004448888        0.8432274839
 F         -0.8229442279       -1.4603113669       -1.2848525015
