  8
 Etot=         -23.4958513892
 C          0.7619568418       -0.0025150034       -1.1256899379
 C         -0.3711645284       -0.0009399250       -0.0950185648
 Cl        -0.2922600473        1.4458670444        0.9568215733
 Cl        -1.9410525858        0.0312246573       -0.9673590527
 Cl        -0.3309888610       -1.4739958827        0.9194241695
 Cl         2.3916646798       -0.0016671274       -0.3946320442
 H          0.7078220972        0.8790860375       -1.7732113925
 H          0.7077163988       -0.8881689901       -1.7688920758
  8
 Etot=         -23.4971560416
 C          0.7494598745       -0.0026156582       -1.1521230284
 C         -0.3554231474       -0.0008691664       -0.1161018017
 Cl        -0.2525697744        1.4307769570        0.9423775932
 Cl        -1.9277273794        0.0295237050       -0.9671124034
 Cl        -0.2898297143       -1.4578649681        0.9084599837
 Cl         2.3326524302       -0.0038358026       -0.3231846536
 H          0.6895715796        0.8958945286       -1.7711109467
 H          0.6875601263       -0.9021187848       -1.7697620681
  8
 Etot=         -23.4972186015
 C          0.7514160037       -0.0020134308       -1.1500073385
 C         -0.3547968181       -0.0001872241       -0.1184359711
 Cl        -0.2617612725        1.4320320213        0.9354802499
 Cl        -1.9287376793        0.0264597543       -0.9582851602
 Cl        -0.2922714881       -1.4557047319        0.9041158962
 Cl         2.3377898324       -0.0098588053       -0.3313451712
 H          0.6940308776        0.8975093248       -1.7638190057
 H          0.6880245394       -0.8993460977       -1.7662608245
  8
 Etot=         -23.4972270816
 C          0.7496559401       -0.0015929383       -1.1489540605
 C         -0.3571216608       -0.0002360139       -0.1177544135
 Cl        -0.2605983334        1.4333797668        0.9325985451
 Cl        -1.9275993642        0.0237871184       -0.9599690337
 Cl        -0.2888902138       -1.4550853146        0.9045266891
 Cl         2.3361263341       -0.0133158339       -0.3315715852
 H          0.6955350884        0.8988027946       -1.7605331864
 H          0.6865862046       -0.8968487686       -1.7669002798
