  12
 Etot=         -27.9295722753
 C          1.0002520997        1.3178221896        0.0001839012
 C          0.3148909565        0.1673522623       -0.0000391830
 C          1.0794169572       -1.1166130472        0.0002406237
 O          0.5248762575       -2.2129166577        0.0001649177
 N          2.4623354554       -0.9694727504       -0.0001599290
 C          3.1680002863        0.2353450402        0.0003277644
 O          4.3984292750        0.2854653702       -0.0003476506
 N          2.3675894548        1.3657548923        0.0000684025
 I         -1.7306227931        0.1202937894       -0.0000401720
 H          0.5187185154        2.2893914752        0.0009123037
 H          3.0136807616       -1.8235677039       -0.0005646112
 H          2.8092883953        2.2806537641        0.0003851693
  12
 Etot=         -27.9333968989
 C          1.0188176456        1.3337756216        0.0003864079
 C          0.3366560122        0.1746531352        0.0001311296
 C          1.0730456811       -1.0993363981       -0.0001655363
 O          0.5379514286       -2.1912161694        0.0002405907
 N          2.4461299666       -0.9521152126       -0.0003161300
 C          3.1564299547        0.2345654514       -0.0001538763
 O          4.3713694544        0.2677654273       -0.0001250531
 N          2.3811914208        1.3666731391        0.0001163580
 I         -1.7652166168        0.0436909288        0.0000887778
 H          0.5309753256        2.2993625164        0.0006407852
 H          2.9953806311       -1.8074999086       -0.0002730912
 H          2.8441247180        2.2691900929        0.0005611742
  12
 Etot=         -27.9339236749
 C          1.0178643312        1.3364534718        0.0003041837
 C          0.3495790055        0.1677095209        0.0000235709
 C          1.0685070092       -1.0994778858        0.0000883135
 O          0.5502194171       -2.1953350951       -0.0000196975
 N          2.4386166198       -0.9450122807       -0.0002023366
 C          3.1477714485        0.2343228923       -0.0000333334
 O          4.3585908062        0.2642479917       -0.0001241245
 N          2.3778805257        1.3654993357        0.0002280621
 I         -1.7453689500        0.0536143102        0.0002611327
 H          0.5188177360        2.2949764853        0.0005208431
 H          2.9905657176       -1.7985566393       -0.0003870073
 H          2.8538119550        2.2610665171        0.0004719301
  12
 Etot=         -27.9340069828
 C          1.0167622288        1.3381680690        0.0003498724
 C          0.3509798757        0.1664276089        0.0001985293
 C          1.0651915998       -1.0996409831       -0.0001409830
 O          0.5526372093       -2.1991998189        0.0000074973
 N          2.4379356352       -0.9434231624       -0.0002361486
 C          3.1476403698        0.2341116547       -0.0000418002
 O          4.3603459826        0.2645230088       -0.0000663819
 N          2.3765923231        1.3663661379        0.0002305200
 I         -1.7453257911        0.0568733552        0.0002529000
 H          0.5131136783        2.2935920919        0.0005077867
 H          2.9908309361       -1.7965163102       -0.0003200553
 H          2.8601515741        2.2582269723        0.0003898002
  12
 Etot=         -27.9340370087
 C          1.0160281990        1.3385000631        0.0002531620
 C          0.3505010200        0.1655980365        0.0000842037
 C          1.0628996074       -1.0996755482        0.0001271090
 O          0.5545043477       -2.2015407949       -0.0001906536
 N          2.4389631713       -0.9433418055       -0.0001338514
 C          3.1477882989        0.2336310339        0.0000257744
 O          4.3614421731        0.2670115574       -0.0000902068
 N          2.3749875631        1.3671141023        0.0002555917
 I         -1.7472509506        0.0612578541        0.0003430906
 H          0.5090667135        2.2917424683        0.0004932319
 H          2.9923389368       -1.7962365963       -0.0003985945
 H          2.8655865416        2.2554482532        0.0003626797
