  14
 Etot=         -19.3192503107
 C         -1.8605728145        0.0000586294       -0.0017392270
 C         -1.1634661306       -1.2081473774       -0.0005077950
 C          0.2313535337       -1.2075568347        0.0014301297
 C          0.9290507715       -0.0001189038        0.0025289332
 C          0.2309446300        1.2081063913        0.0013241931
 C         -1.1638750343        1.2075158486       -0.0006137315
 N          2.3388622997        0.0001823137        0.0040664785
 H         -2.9471914468       -0.0001385932       -0.0026926612
 H         -1.7059390897       -2.1487925528       -0.0018278378
 H          0.7643826295       -2.1549773864        0.0019605015
 H          0.7645292719        2.1547513139        0.0026734055
 H         -1.7070352942        2.1484279835       -0.0011490630
 H          2.8267051816        0.8717941186       -0.0421523934
 H          2.8270713915       -0.8719033508       -0.0421879977
  14
 Etot=         -19.3213145928
 C         -1.8505866495       -0.0001356983       -0.0016574479
 C         -1.1539823484       -1.1991935356       -0.0004637882
 C          0.2299868603       -1.2034875883        0.0010908823
 C          0.9342884808       -0.0000245612        0.0023416853
 C          0.2298097357        1.2037116240        0.0016890509
 C         -1.1541305904        1.1986949959        0.0001156452
 N          2.3147703649        0.0002000030        0.0173434964
 H         -2.9322124303       -0.0003245773       -0.0045511493
 H         -1.6934673256       -2.1360468529       -0.0019590475
 H          0.7628815134       -2.1445771140        0.0027937360
 H          0.7630173172        2.1444401055        0.0029742601
 H         -1.6939023924        2.1356229820       -0.0016757545
 H          2.8041272338        0.8699348559       -0.0482839015
 H          2.8042201300       -0.8696130390       -0.0486447326
  14
 Etot=         -19.3217492510
 C         -1.8502137726       -0.0002151062       -0.0038879788
 C         -1.1507863155       -1.1951514007       -0.0007363085
 C          0.2284990256       -1.2016663471        0.0053670475
 C          0.9424644822        0.0000230484        0.0101195634
 C          0.2283389383        1.2016295066        0.0053207538
 C         -1.1509118587        1.1948494344       -0.0008289307
 N          2.3037097988        0.0001378291        0.0408039176
 H         -2.9295341085       -0.0003343731       -0.0093741699
 H         -1.6880327547       -2.1319239819       -0.0045437989
 H          0.7643679970       -2.1387315890        0.0066230186
 H          0.7642031035        2.1386948933        0.0071930651
 H         -1.6882728188        2.1315412556       -0.0036917066
 H          2.7954841306        0.8673572212       -0.0657248667
 H          2.7955040523       -0.8670087910       -0.0655266709
  14
 Etot=         -19.3218807760
 C         -1.8526933037       -0.0002123746       -0.0051153573
 C         -1.1516135768       -1.1947328334       -0.0011311910
 C          0.2272605648       -1.2011327835        0.0073827283
 C          0.9451599128        0.0000167365        0.0144995262
 C          0.2270843775        1.2010078856        0.0079271249
 C         -1.1517682425        1.1944876137       -0.0005186770
 N          2.3049407753        0.0001043159        0.0624897890
 H         -2.9317966065       -0.0002900392       -0.0132529080
 H         -1.6879351474       -2.1324960578       -0.0064356661
 H          0.7652013628       -2.1374133642        0.0111358545
 H          0.7648989926        2.1373905823        0.0113792895
 H         -1.6881863939        2.1321460563       -0.0062627751
 H          2.7971009870        0.8646644752       -0.0802523751
 H          2.7971661977       -0.8643386131       -0.0807324278
  14
 Etot=         -19.3207284204
 C         -1.8620953020       -0.0001818897       -0.0128029021
 C         -1.1553919921       -1.1940339453       -0.0038888936
 C          0.2228802882       -1.1989720350        0.0163765574
 C          0.9531037974       -0.0000176716        0.0352430356
 C          0.2226659109        1.1985777444        0.0169877898
 C         -1.1556547698        1.1939422198       -0.0034061122
 N          2.3141064061       -0.0000270708        0.1790584543
 H         -2.9408242886       -0.0001089632       -0.0284415672
 H         -1.6880445747       -2.1359920099       -0.0143243814
 H          0.7689237355       -2.1330607830        0.0288737196
 H          0.7681570634        2.1331018784        0.0280992323
 H         -1.6883850213        2.1357302597       -0.0132777093
 H          2.8025806061        0.8484605250       -0.1532462625
 H          2.8027980403       -0.8482166592       -0.1541380255
  14
 Etot=         -19.3220529084
 C         -1.8564675596       -0.0001846111       -0.0066655147
 C         -1.1537709113       -1.1952777465       -0.0015796360
 C          0.2259244998       -1.2005706238        0.0080019796
 C          0.9464943310       -0.0000030402        0.0146698469
 C          0.2257238313        1.2003988044        0.0087998952
 C         -1.1539769435        1.1950541328       -0.0006351915
 N          2.3107928876        0.0000605439        0.0882200642
 H         -2.9359248252       -0.0002185885       -0.0163954397
 H         -1.6890274472       -2.1347049837       -0.0073109741
 H          0.7664873220       -2.1366987771        0.0159911725
 H          0.7660514770        2.1366896012        0.0158681586
 H         -1.6893572527        2.1343842731       -0.0071722215
 H          2.8008667467        0.8574913945       -0.0950125080
 H          2.8010037437       -0.8572187795       -0.0956666965
  14
 Etot=         -19.3221130770
 C         -1.8556707440       -0.0001874683       -0.0072990633
 C         -1.1533841021       -1.1953000382       -0.0023420905
 C          0.2262299156       -1.2005011471        0.0087348895
 C          0.9458920553        0.0000011546        0.0180795106
 C          0.2260469099        1.2003466701        0.0091310248
 C         -1.1535782639        1.1950599258       -0.0018594283
 N          2.3108017944        0.0000642368        0.0999968905
 H         -2.9350649982       -0.0002279713       -0.0158744649
 H         -1.6885816962       -2.1346234071       -0.0076626299
 H          0.7666736859       -2.1366984911        0.0144466599
 H          0.7662653925        2.1367050562        0.0146668923
 H         -1.6889017030        2.1342874840       -0.0071695026
 H          2.7989772023        0.8559878475       -0.1008055271
 H          2.7991144511       -0.8557122525       -0.1009302259
  14
 Etot=         -19.3221304902
 C         -1.8526238091       -0.0001880208       -0.0063798905
 C         -1.1519659986       -1.1956541685       -0.0032383865
 C          0.2280174765       -1.2003591794        0.0117836295
 C          0.9439063759        0.0000060326        0.0299789736
 C          0.2278829495        1.2002613130        0.0130563467
 C         -1.1521229760        1.1953547962       -0.0018454567
 N          2.3133526812        0.0001012208        0.1535008018
 H         -2.9320353574       -0.0002584187       -0.0161423641
 H         -1.6872369661       -2.1344804797       -0.0144514434
 H          0.7678321629       -2.1368825262        0.0155486204
 H          0.7675175863        2.1368882181        0.0164816996
 H         -1.6875126142        2.1341263044       -0.0164439758
 H          2.7897935964        0.8477087125       -0.1293708957
 H          2.7900147922       -0.8474222045       -0.1313647238
  14
 Etot=         -19.3222146022
 C         -1.8533207558       -0.0001873973       -0.0081916764
 C         -1.1522806948       -1.1955752198       -0.0028059408
 C          0.2276813920       -1.2005559559        0.0119273743
 C          0.9444596171        0.0000082423        0.0258672161
 C          0.2275136923        1.2004588073        0.0119016399
 C         -1.1524589378        1.1953020863       -0.0028155300
 N          2.3123239828        0.0000748452        0.1238273405
 H         -2.9327757688       -0.0002545287       -0.0176674065
 H         -1.6877825069       -2.1343405328       -0.0112876175
 H          0.7672566486       -2.1370510305        0.0161787038
 H          0.7669084912        2.1370654527        0.0170295431
 H         -1.6880891799        2.1339806198       -0.0103080148
 H          2.7926320062        0.8517182673       -0.1169591547
 H          2.7927519134       -0.8514420563       -0.1155835420
  14
 Etot=         -19.3222309249
 C         -1.8526050859       -0.0001882689       -0.0090338433
 C         -1.1519063311       -1.1956619896       -0.0027201849
 C          0.2281851911       -1.2005905496        0.0135032833
 C          0.9442031788        0.0000132658        0.0281444059
 C          0.2280179085        1.2005097369        0.0137350110
 C         -1.1520794596        1.1953824837       -0.0025829683
 N          2.3131700648        0.0001037714        0.1286293432
 H         -2.9320824115       -0.0002631320       -0.0202211107
 H         -1.6875497020       -2.1342351960       -0.0117933604
 H          0.7674392909       -2.1371661083        0.0186536029
 H          0.7671114146        2.1371765552        0.0191627499
 H         -1.6878549695        2.1338761814       -0.0115209855
 H          2.7903048044        0.8507407302       -0.1210959902
 H          2.7904660061       -0.8504958807       -0.1217470180
