  12
 Etot=         -23.9840630968
 C         -2.4657463057        0.6990440148       -0.0000184097
 C         -2.4673168795       -0.6958461333        0.0000706424
 C         -1.2596614509       -1.3937675654       -0.0001304017
 C         -0.0511288713       -0.6979673113       -0.0000282460
 C         -0.0504137360        0.6974399715       -0.0000890723
 C         -1.2580691646        1.3953614036        0.0001119719
 Cl         1.4138820308        1.6171491127       -0.0000353131
 Cl         1.4110846869       -1.6187498608        0.0000554048
 H         -3.4068890318        1.2422367211        0.0002115669
 H         -3.4078955824       -1.2384356708       -0.0004745988
 H         -1.2788034817       -2.4812553001       -0.0000322709
 H         -1.2762589734        2.4829435422        0.0005837822
  12
 Etot=         -23.9854050928
 C         -2.4667810283        0.6949146135        0.0000933368
 C         -2.4679531004       -0.6918964974       -0.0001470721
 C         -1.2688796638       -1.3865366784       -0.0001628693
 C         -0.0668568493       -0.6938758112       -0.0000011120
 C         -0.0661406290        0.6937408094        0.0001459953
 C         -1.2671792766        1.3881564962        0.0002611412
 Cl         1.4233875105        1.5772474783        0.0001466320
 Cl         1.4208892086       -1.5788949049       -0.0000460815
 H         -3.3994756282        1.2379639623        0.0001507544
 H         -3.4007349767       -1.2342867571       -0.0001032979
 H         -1.2702071948       -2.4660382469       -0.0002513151
 H         -1.2672851315        2.4676584605        0.0001389439
  12
 Etot=         -23.9855298737
 C         -2.4685261535        0.6941250733        0.0000244304
 C         -2.4694259002       -0.6911684044       -0.0000219220
 C         -1.2734872468       -1.3870084868       -0.0000583481
 C         -0.0737053950       -0.6941047481       -0.0000388767
 C         -0.0729810140        0.6940736405        0.0000030624
 C         -1.2717845576        1.3885492495        0.0000261447
 Cl         1.4281101667        1.5635606920        0.0001105296
 Cl         1.4259547825       -1.5652359858       -0.0000471699
 H         -3.3982384160        1.2381918966        0.0000897119
 H         -3.3996404375       -1.2343374478       -0.0002280562
 H         -1.2632602945       -2.4643000208       -0.0001453130
 H         -1.2602322940        2.4658074660        0.0005108627
  12
 Etot=         -23.9855395839
 C         -2.4691682613        0.6940638577        0.0001329863
 C         -2.4699973568       -0.6911228039       -0.0000906878
 C         -1.2743609024       -1.3880066963       -0.0001544478
 C         -0.0747850411       -0.6946629621       -0.0000323283
 C         -0.0740357426        0.6946346896        0.0001985270
 C         -1.2726787364        1.3894982573        0.0002821616
 Cl         1.4285569206        1.5636507834        0.0002719346
 Cl         1.4265596283       -1.5653458302       -0.0001352346
 H         -3.3988281580        1.2385761106        0.0001244418
 H         -3.4002740038       -1.2345959266       -0.0000753148
 H         -1.2606102172       -2.4652872013       -0.0002745973
 H         -1.2575948890        2.4667506463       -0.0000223849
