  22
 Etot=         -46.0081044646
 C          4.9490928951        0.6977881170        0.0000725171
 C          4.9486190989       -0.6979198666        0.0000808930
 C          3.7421090908       -1.3984169457       -0.0005843707
 C          2.5368975985       -0.6967801857       -0.0002439988
 C          2.5367181130        0.6968874820        0.0003881987
 C          3.7417999363        1.3986087935        0.0003740928
 O          1.3753873073        1.4263389442       -0.0001811997
 C          0.2138264614        0.6969423446       -0.0002215332
 C         -0.9913850310        1.3985791046        0.0001188386
 C         -2.1978950391        0.6980820255       -0.0005464251
 C         -2.1976547428       -0.6982380743       -0.0001983643
 C         -0.9912263559       -1.3981069654        0.0000888044
 C          0.2133222598       -0.6974394230       -0.0007032864
 O          1.3760508449       -1.4267889015        0.0000553524
 Cl        -3.6631349456       -1.6168612187        0.0003438123
 Cl        -3.6622332108        1.6170441705       -0.0000035488
 H          5.8894608662        1.2401368588        0.0014585881
 H          5.8907448824       -1.2396258456        0.0019888780
 H          3.7503529982       -2.4843417336        0.0005958899
 H          3.7496456952        2.4850432848        0.0016151623
 H         -0.9813073261        2.4854900100        0.0004702752
 H         -0.9798555253       -2.4858333406        0.0002808167
  22
 Etot=         -46.0099933696
 C          4.9446121276        0.6929565910        0.0010028119
 C          4.9444034230       -0.6927063913        0.0008224075
 C          3.7452859471       -1.3901906488        0.0002713886
 C          2.5447835159       -0.6963822700        0.0000066654
 C          2.5447427646        0.6964761379        0.0002442921
 C          3.7451329195        1.3903455975        0.0007421666
 O          1.3756740680        1.4266680566       -0.0001250445
 C          0.2158273312        0.6980694896       -0.0001368724
 C         -0.9857158830        1.3908786501       -0.0000070988
 C         -2.1875863419        0.6936631401       -0.0001248500
 C         -2.1875338924       -0.6939291457       -0.0001510023
 C         -0.9857443508       -1.3909124726       -0.0001286421
 C          0.2155075490       -0.6983204080       -0.0003178328
 O          1.3760499595       -1.4268942432        0.0000696768
 Cl        -3.6685223894       -1.5852202746        0.0001352043
 Cl        -3.6678331115        1.5852202623       -0.0000811991
 H          5.8779410910        1.2346535816        0.0011671945
 H          5.8785058121       -1.2337733192        0.0007283079
 H          3.7372748713       -2.4691832465        0.0000625472
 H          3.7368677975        2.4694474925        0.0007938033
 H         -0.9755132600        2.4694216654        0.0002079791
 H         -0.9748240771       -2.4696996098        0.0000674890
  22
 Etot=         -46.0102212647
 C          4.9450991546        0.6915623549        0.0007710282
 C          4.9450967327       -0.6911801769        0.0005142526
 C          3.7473529668       -1.3878082625        0.0002161814
 C          2.5488304670       -0.6965561407        0.0001014439
 C          2.5488293854        0.6966695331        0.0002146574
 C          3.7472463419        1.3880217934        0.0005620245
 O          1.3749133798        1.4276886464       -0.0000595914
 C          0.2171408698        0.6995876774       -0.0000403297
 C         -0.9827708523        1.3888857116       -0.0000222791
 C         -2.1834375125        0.6927995254       -0.0000317026
 C         -2.1834160106       -0.6930732538       -0.0000610233
 C         -0.9827711035       -1.3891155076       -0.0000815876
 C          0.2170262711       -0.6996571249       -0.0000738332
 O          1.3751102653       -1.4277267351       -0.0000298255
 Cl        -3.6722131915       -1.5705641641        0.0000102485
 Cl        -3.6719345972        1.5703363694       -0.0000369858
 H          5.8751844635        1.2347792018        0.0013136506
 H          5.8753697201       -1.2340433266        0.0009886296
 H          3.7252784100       -2.4645872166        0.0001704979
 H          3.7249955900        2.4647738300        0.0008826924
 H         -0.9709608518        2.4648225338        0.0000555156
 H         -0.9706340275       -2.4650266333       -0.0001142720
  22
 Etot=         -46.0102379227
 C          4.9460057979        0.6916225931        0.0009241220
 C          4.9460508052       -0.6912458124        0.0007350059
 C          3.7478868363       -1.3880262834        0.0003541761
 C          2.5494848401       -0.6965729261        0.0001526857
 C          2.5494696833        0.6967085214        0.0002734984
 C          3.7477778847        1.3882816213        0.0006746751
 O          1.3744762236        1.4280700358        0.0000317096
 C          0.2176127879        0.7000833717       -0.0000122521
 C         -0.9823724186        1.3891040852       -0.0000078165
 C         -2.1832766925        0.6931705659       -0.0000216834
 C         -2.1832226252       -0.6934277672       -0.0000703829
 C         -0.9822991848       -1.3893063007       -0.0001088178
 C          0.2175895746       -0.7001040512       -0.0000657406
 O          1.3746245716       -1.4280376757       -0.0000725987
 Cl        -3.6724894799       -1.5696674303       -0.0000694543
 Cl        -3.6724518318        1.5693233447       -0.0000221275
 H          5.8757383502        1.2358025250        0.0011534812
 H          5.8758572624       -1.2352553538        0.0007037672
 H          3.7210132164       -2.4648716750        0.0001538274
 H          3.7207553761        2.4651098676        0.0006736522
 H         -0.9695872760        2.4653613293        0.0000139193
 H         -0.9693078302       -2.4655339503       -0.0001442538
