  6
 Etot=         -14.3703783096
 C         -0.6651833669        1.0353832112       -0.0004478035
 C          0.6654839534        1.0361713817        0.0004803175
 Cl         1.5898133857       -0.4057245230       -0.0000679007
 Cl        -1.5898974408       -0.4055181109        0.0000637579
 H         -1.2822525342        1.9241163190       -0.0001224270
 H          1.2816272338        1.9253553326       -0.0001192932
  6
 Etot=         -14.3708593479
 C         -0.6613641331        1.0332575070       -0.0000340719
 C          0.6613494786        1.0337902164       -0.0002381469
 Cl         1.5941980978       -0.4099885226        0.0001726120
 Cl        -1.5940532209       -0.4101116158       -0.0000599040
 H         -1.2581090940        1.9310467816       -0.0000948183
 H          1.2575701028        1.9317892439        0.0000409800
  6
 Etot=         -14.3709938952
 C         -0.6604854115        1.0295763080        0.0001335548
 C          0.6602216773        1.0298685269        0.0003254095
 Cl         1.6070673207       -0.4122923569        0.0000382595
 Cl        -1.6067577731       -0.4127126575       -0.0002037129
 H         -1.2388016596        1.9374946212       -0.0002115688
 H          1.2383470774        1.9378491688       -0.0002952912
  6
 Etot=         -14.3709968082
 C         -0.6610381502        1.0281870982       -0.0008942519
 C          0.6607804732        1.0284251819       -0.0010017628
 Cl         1.6118978556       -0.4120677736        0.0001448320
 Cl        -1.6116148679       -0.4125508497        0.0005884723
 H         -1.2358145667        1.9387217281        0.0000134307
 H          1.2353804872        1.9390682256        0.0009359305
