  12
 Etot=         -16.9875216311
 C         -0.5407412130        1.4405592385       -0.0000060892
 N         -0.4503873279       -0.0097749156        0.0001235373
 C         -1.6706963611       -0.7988831831        0.0000501753
 C          0.7959910360       -0.6119974340        0.0000125257
 O          1.8910848946       -0.0611540438       -0.0000050343
 H         -0.5645048009        1.8160078518        1.0266319340
 H         -1.4510013819        1.7623064194       -0.5132644807
 H          0.3220155277        1.8731257164       -0.5129154854
 H         -1.9724357483       -0.9944942938       -1.0271224663
 H         -2.4575799649       -0.2500604092        0.5123242787
 H         -1.4918226301       -1.7415622331        0.5126069010
 H          0.7228238715       -1.7124210907       -0.0005720800
  12
 Etot=         -16.9907117987
 C         -0.5366758984        1.4318771447        0.0020430614
 N         -0.4360791604       -0.0129955727        0.0034390401
 C         -1.6552126608       -0.7957830606       -0.0025625056
 C          0.7726461163       -0.6021186455        0.0031716580
 O          1.8536885120       -0.0341635607       -0.0118205415
 H         -0.5738796360        1.8154698578        1.0244713670
 H         -1.4365124686        1.7372466039       -0.5315163916
 H          0.3383906365        1.8496972520       -0.4952750573
 H         -1.9837029587       -0.9815010277       -1.0265579633
 H         -2.4297415347       -0.2476976084        0.5280332029
 H         -1.4861694957       -1.7463996162        0.4976259235
 H          0.7059944502       -1.7019801439        0.0068119225
  12
 Etot=         -16.9912882796
 C         -0.5360838641        1.4235555875       -0.0024321415
 N         -0.4262456297       -0.0194068334        0.0050837413
 C         -1.6503438878       -0.7898861059        0.0014274085
 C          0.7627197516       -0.5974577069       -0.0033834243
 O          1.8388469345       -0.0138448588       -0.0205560153
 H         -0.5986295851        1.8093252593        1.0174728923
 H         -1.4215998162        1.7193543847       -0.5609781336
 H          0.3554657773        1.8355959537       -0.4743148859
 H         -2.0032457319       -0.9491350964       -1.0212488116
 H         -2.4127875496       -0.2500560372        0.5601182190
 H         -1.4837231149       -1.7569238217        0.4721586094
 H          0.7083726177       -1.6994691018        0.0245162577
  12
 Etot=         -16.9914185685
 C         -0.5378265041        1.4201039071       -0.0084992189
 N         -0.4234246127       -0.0229224768        0.0155436535
 C         -1.6510976721       -0.7860218856        0.0103680122
 C          0.7638998569       -0.5980539186        0.0150176328
 O          1.8397607338       -0.0091598834       -0.0259422232
 H         -0.6331233003        1.8122028385        1.0073404358
 H         -1.4066482811        1.7083804721       -0.5978773862
 H          0.3696619479        1.8288431988       -0.4546653430
 H         -2.0178035752       -0.9205905430       -1.0120749796
 H         -2.4045203905       -0.2545287387        0.5903505027
 H         -1.4839651054       -1.7656852932        0.4562922168
 H          0.7178328044       -1.7009160543        0.0020104131
  12
 Etot=         -16.9917814938
 C         -0.5410462459        1.4164885756       -0.0182750124
 N         -0.4212494604       -0.0270523612        0.0173176777
 C         -1.6536803938       -0.7806582178        0.0193006463
 C          0.7693638451       -0.6008428609        0.0078238735
 O          1.8460184585       -0.0083632079       -0.0326174945
 H         -0.6851019297        1.8106549116        0.9933753837
 H         -1.3853871879        1.6975870421       -0.6488219811
 H          0.3869572238        1.8263606682       -0.4246308064
 H         -2.0523802575       -0.8672438223       -1.0000985701
 H         -2.3868119986       -0.2679695665        0.6465122380
 H         -1.4779256723       -1.7829361563        0.4164782782
 H          0.7339895205       -1.7043733817        0.0214994832
  12
 Etot=         -16.9920962934
 C         -0.5435343279        1.4145761468       -0.0298214324
 N         -0.4199246389       -0.0288366667        0.0173672355
 C         -1.6545448949       -0.7763583774        0.0308236611
 C          0.7749366161       -0.6044865127       -0.0013862671
 O          1.8531517329       -0.0156148143       -0.0390491110
 H         -0.7495220681        1.8087457875        0.9730182859
 H         -1.3544122050        1.6905998398       -0.7068510032
 H          0.4033791450        1.8302699896       -0.3851946072
 H         -2.0869851288       -0.8128084338       -0.9783952628
 H         -2.3650263135       -0.2905168477        0.7058734390
 H         -1.4684984294       -1.7969024310        0.3744602092
 H          0.7437264141       -1.7070160573        0.0370185691
  12
 Etot=         -16.9923544039
 C         -0.5444217872        1.4143242255       -0.0362695423
 N         -0.4192992462       -0.0279441819        0.0158675609
 C         -1.6531030742       -0.7753754030        0.0381598374
 C          0.7769997137       -0.6058857644       -0.0066446277
 O          1.8563365967       -0.0227476064       -0.0463261132
 H         -0.7930040685        1.8064867890        0.9558196340
 H         -1.3279794753        1.6898756671       -0.7428322052
 H          0.4111503473        1.8348454712       -0.3539355702
 H         -2.1055801270       -0.7843024378       -0.9583991144
 H         -2.3483395823       -0.3096733513        0.7380615744
 H         -1.4617455231       -1.8009798582        0.3501247178
 H          0.7417321278       -1.7069719270        0.0442375647
  12
 Etot=         -16.9925128069
 C         -0.5463769296        1.4115328692       -0.0527055885
 N         -0.4149947908       -0.0280108945        0.0179106504
 C         -1.6491499473       -0.7726840706        0.0554043185
 C          0.7781917100       -0.6064219463       -0.0027411380
 O          1.8579293867       -0.0279608882       -0.0628100385
 H         -0.8951131014        1.8062022263        0.9146771827
 H         -1.2664433421        1.6805657265       -0.8375443512
 H          0.4374547280        1.8342749917       -0.2834826540
 H         -2.1593501045       -0.7039143192       -0.9180382696
 H         -2.3045701132       -0.3529788989        0.8303807951
 H         -1.4422336375       -1.8228686543        0.2817567426
 H          0.7374020435       -1.7060845188        0.0550560667
  12
 Etot=         -16.9928072062
 C         -0.5451273754        1.4131043614       -0.0529472405
 N         -0.4154114348       -0.0245545457        0.0146673089
 C         -1.6464769062       -0.7761602122        0.0549041128
 C          0.7751722838       -0.6036446122        0.0029633733
 O          1.8542597918       -0.0279859368       -0.0645503423
 H         -0.8947785827        1.8046866130        0.9005184633
 H         -1.2521042145        1.6871767060       -0.8335848503
 H          0.4299484054        1.8349928546       -0.2756132761
 H         -2.1590781995       -0.7071501263       -0.9063939041
 H         -2.2965237735       -0.3658627387        0.8275359691
 H         -1.4399993394       -1.8196332504        0.2754307289
 H          0.7228652465       -1.7033174897        0.0549333733
  12
 Etot=         -16.9929203329
 C         -0.5456267614        1.4123740321       -0.0596508904
 N         -0.4144764954       -0.0246999024        0.0118709656
 C         -1.6466704124       -0.7743883235        0.0633879748
 C          0.7766770977       -0.6038949157       -0.0001474950
 O          1.8557322049       -0.0280537335       -0.0741358258
 H         -0.9433427494        1.8008584281        0.8816726962
 H         -1.2199702484        1.6851446747       -0.8749067501
 H          0.4433719394        1.8369036967       -0.2372363631
 H         -2.1816929645       -0.6803932870       -0.8832004931
 H         -2.2795347589       -0.3846388471        0.8615419260
 H         -1.4353944692       -1.8232008320        0.2515006003
 H          0.7236735192       -1.7043593675        0.0571673708
  12
 Etot=         -16.9929136782
 C         -0.5465844478        1.4110760490       -0.0721364337
 N         -0.4136204312       -0.0256333168        0.0081047361
 C         -1.6472013997       -0.7723212480        0.0740060430
 C          0.7790189939       -0.6046338464       -0.0003151792
 O          1.8575248336       -0.0277868518       -0.0739082308
 H         -1.0013870687        1.7985827861        0.8463979965
 H         -1.1752450176        1.6815764942       -0.9266637195
 H          0.4514604556        1.8377912648       -0.1956071828
 H         -2.2213487245       -0.6270291696       -0.8516070210
 H         -2.2492789268       -0.4178562636        0.9213042120
 H         -1.4277590729       -1.8360501917        0.2007471774
 H          0.7271667080       -1.7060640832        0.0675413182
  12
 Etot=         -16.9930254140
 C         -0.5463154284        1.4115347386       -0.0678675882
 N         -0.4146520829       -0.0262723440        0.0074744351
 C         -1.6482600211       -0.7727390280        0.0711950966
 C          0.7786291352       -0.6047454009       -0.0026999288
 O          1.8568887943       -0.0260362039       -0.0712592023
 H         -0.9835251805        1.7977783330        0.8559370741
 H         -1.1860765233        1.6829366179       -0.9094174410
 H          0.4472004167        1.8380834236       -0.2062719789
 H         -2.2085367818       -0.6476289939       -0.8582999894
 H         -2.2578901457       -0.4063049191        0.8991839843
 H         -1.4345677352       -1.8286492111        0.2201044906
 H          0.7298514544       -1.7063053894        0.0597847639
  12
 Etot=         -16.9930634542
 C         -0.5466041833        1.4112814738       -0.0712868138
 N         -0.4150765926       -0.0268534268        0.0055903187
 C         -1.6484253012       -0.7725870532        0.0750573330
 C          0.7783223510       -0.6046931580       -0.0034222194
 O          1.8562895279       -0.0249550362       -0.0706605799
 H         -1.0027077496        1.7958321200        0.8432323510
 H         -1.1682562502        1.6825405062       -0.9264173853
 H          0.4489612062        1.8385178665       -0.1894089930
 H         -2.2191633497       -0.6348489581       -0.8450195621
 H         -2.2465289278       -0.4168002734        0.9147254428
 H         -1.4352778719       -1.8297387171        0.2077478887
 H          0.7312130429       -1.7060437207        0.0577259352
