  13
 Etot=         -28.0238037424
 C          3.0342679231       -0.8646425823       -0.0006858139
 C          1.8730003860        0.0934378732        0.0000544729
 O          2.0482626909        1.3103963729        0.0004212946
 C          0.4927220619       -0.5284379543       -0.0003964442
 O         -0.5043755551        0.4724068574       -0.0003248720
 N         -1.8358865650       -0.0393423004        0.0001546301
 O         -1.9698240986       -1.2651415234        0.0001116641
 O         -2.6946109314        0.8442431898        0.0005344462
 H          3.3196213519       -1.0997494013        1.0285392365
 H          2.7475089756       -1.7884565668       -0.5068863948
 H          3.8876287148       -0.4057519992       -0.5071300774
 H          0.3696683848       -1.1568080373        0.8855504116
 H          0.3743853413       -1.1338352572       -0.9017612572
  13
 Etot=         -28.0322910556
 C          3.0130709454       -0.8639225113       -0.0071660990
 C          1.8711934818        0.1072840010       -0.0034793043
 O          2.0290579754        1.3104169749       -0.0002833610
 C          0.4963051138       -0.5355340906       -0.0028688312
 O         -0.5128129616        0.4595327860        0.0045355334
 N         -1.8243480032       -0.0303729535        0.0036436328
 O         -1.9575784679       -1.2208634703       -0.0010452396
 O         -2.6606861234        0.8253157206        0.0029769077
 H          3.2939229855       -1.0880251646        1.0207596888
 H          2.7447714654       -1.7932636990       -0.5031048700
 H          3.8693038068       -0.4034423894       -0.4945274250
 H          0.3908626844       -1.1757604142        0.8801350367
 H          0.3893057778       -1.1530461183       -0.9013943729
  13
 Etot=         -28.0332325844
 C          3.0021343982       -0.8595841538       -0.0093183194
 C          1.8695135247        0.1165913339       -0.0128706693
 O          2.0116437173        1.3150408089       -0.0037218952
 C          0.4997646947       -0.5474819324       -0.0089871322
 O         -0.5156546630        0.4454127406        0.0071117839
 N         -1.8142579912       -0.0243624307       -0.0016117284
 O         -1.9564394310       -1.2002851703        0.0036376764
 O         -2.6331507898        0.8274173562        0.0175280487
 H          3.2679948306       -1.0757971667        1.0238007689
 H          2.7386685753       -1.7903806039       -0.4991348122
 H          3.8672104829       -0.4042063008       -0.4831059850
 H          0.4081069902       -1.1953026173        0.8712468723
 H          0.3968343412       -1.1687431926       -0.9063933120
  13
 Etot=         -28.0323922614
 C          2.9997295773       -0.8556797575       -0.0113822224
 C          1.8681733761        0.1191157535       -0.0217462482
 O          1.9987247215        1.3173039343       -0.0138932002
 C          0.5017766882       -0.5573759049       -0.0099237917
 O         -0.5153201836        0.4357784289        0.0222896885
 N         -1.8088991548       -0.0201881121        0.0463736990
 O         -1.9624509799       -1.1943068230       -0.0227683370
 O         -2.6193761368        0.8381980415       -0.0032586917
 H          3.2545316217       -1.0655066354        1.0262608177
 H          2.7386780884       -1.7883636183       -0.4969318069
 H          3.8705721113       -0.4043931292       -0.4779919390
 H          0.4229644978       -1.2092395288        0.8687546717
 H          0.3932644529       -1.1770239779       -0.9076013433
  13
 Etot=         -28.0334688722
 C          3.0026807206       -0.8551899912       -0.0086476578
 C          1.8679792418        0.1167068051       -0.0196804110
 O          1.9981525135        1.3164551788       -0.0157790703
 C          0.5014422028       -0.5582818687       -0.0125089134
 O         -0.5140261871        0.4359108847        0.0152534036
 N         -1.8098159909       -0.0200973254        0.0117406973
 O         -1.9662013741       -1.1982175452       -0.0081514612
 O         -2.6223080973        0.8429671634        0.0231992087
 H          3.2569066471       -1.0654185600        1.0292122285
 H          2.7418090363       -1.7880000374       -0.4953060509
 H          3.8732081632       -0.4034581840       -0.4758577809
 H          0.4181511183       -1.2088955318        0.8659125048
 H          0.3943906860       -1.1761623170       -0.9112054009
  13
 Etot=         -28.0335270734
 C          3.0040489980       -0.8531737557       -0.0063636466
 C          1.8671083175        0.1154789967       -0.0247320900
 O          1.9916129474        1.3156771671       -0.0255968591
 C          0.5013427417       -0.5632619279       -0.0159230972
 O         -0.5140004179        0.4319345034        0.0182390208
 N         -1.8072607864       -0.0175120662        0.0126345903
 O         -1.9707486297       -1.1958013796       -0.0113139380
 O         -2.6177827687        0.8490788301        0.0341235133
 H          3.2518926735       -1.0606528860        1.0338502652
 H          2.7466674681       -1.7873576067       -0.4921459422
 H          3.8771861222       -0.4021663643       -0.4692116830
 H          0.4208979339       -1.2160165397        0.8608222984
 H          0.3914040807       -1.1779083000       -0.9162011355
  13
 Etot=         -28.0335876951
 C          3.0070021331       -0.8494105100       -0.0000626675
 C          1.8651834342        0.1121744965       -0.0355731611
 O          1.9791483007        1.3132638687       -0.0526328679
 C          0.5008427816       -0.5731579232       -0.0228171679
 O         -0.5136705573        0.4248408633        0.0274481522
 N         -1.8012304979       -0.0119649462        0.0187379239
 O         -1.9794268167       -1.1899726898       -0.0215548244
 O         -2.6090814869        0.8598239804        0.0571087470
 H          3.2414279039       -1.0515249009        1.0446135331
 H          2.7586556763       -1.7868061842       -0.4846229534
 H          3.8845751134       -0.3979643759       -0.4535557786
 H          0.4256524343       -1.2321518522        0.8490003757
 H          0.3832902615       -1.1788311552       -0.9279080147
  13
 Etot=         -28.0336055526
 C          3.0080511573       -0.8485518089        0.0046237115
 C          1.8645126128        0.1101974244       -0.0423028744
 O          1.9770316822        1.3111927146       -0.0713521596
 C          0.5005517699       -0.5755425648       -0.0258353597
 O         -0.5131125319        0.4239327690        0.0341322710
 N         -1.7989367648       -0.0101725816        0.0234882703
 O         -1.9813040604       -1.1874236608       -0.0271273327
 O         -2.6076167648        0.8610117091        0.0687034005
 H          3.2352587716       -1.0496792947        1.0508515677
 H          2.7653997984       -1.7871138327       -0.4808189006
 H          3.8873026555       -0.3949866200       -0.4435079789
 H          0.4269551557       -1.2397247587        0.8419854654
 H          0.3782751986       -1.1748208237       -0.9346587841
