  12
 Etot=         -19.1903586234
 C         -3.5420450711        0.0001815370        0.0000389028
 C         -2.8450565293       -1.2080932477        0.0001698711
 C         -1.4502354982       -1.2076403390       -0.0001234778
 C         -0.7524182579       -0.0002712579       -0.0001554431
 C         -1.4504062114        1.2080229141       -0.0002581209
 C         -2.8452272425        1.2075700054        0.0000352281
 I          1.3248144886        0.0000196086        0.0000250669
 H         -4.6286638525        0.0000915433        0.0008237134
 H         -3.3876237191       -2.1486848968       -0.0002709544
 H         -0.9254174517       -2.1603010645       -0.0008718738
 H         -0.9266137676        2.1606351999        0.0002976251
 H         -3.3882948191        2.1485357346        0.0003573433
  12
 Etot=         -19.1920232093
 C         -3.5415974020       -0.0000573493        0.0002727784
 C         -2.8474000451       -1.2000866982       -0.0002049765
 C         -1.4617540290       -1.2028084879       -0.0005123454
 C         -0.7734403244        0.0000465984       -0.0001600766
 C         -1.4618258561        1.2031659963        0.0002031931
 C         -2.8474817006        1.1997182560        0.0003653921
 I          1.3639046313        0.0001684765       -0.0001382283
 H         -4.6219419641       -0.0002291789        0.0005209487
 H         -3.3829627169       -2.1377323981       -0.0001185048
 H         -0.9294048569       -2.1442749114       -0.0004788091
 H         -0.9299949033        2.1447073672        0.0000436448
 H         -3.3832887647        2.1374480664        0.0002748643
  12
 Etot=         -19.1921762118
 C         -3.5396384329       -0.0001337322        0.0001776624
 C         -2.8460653904       -1.1983891182       -0.0000285896
 C         -1.4620653479       -1.2036157935       -0.0001363633
 C         -0.7846660483        0.0001529644       -0.0001007678
 C         -1.4621783117        1.2038698428       -0.0000101642
 C         -2.8461882312        1.1981509733        0.0001392415
 I          1.3472697969        0.0002306821       -0.0003215832
 H         -4.6180174658       -0.0002876555        0.0003576780
 H         -3.3786517307       -2.1357974543       -0.0001729411
 H         -0.9238268668       -2.1391503317       -0.0005660054
 H         -0.9242242332        2.1395322193        0.0002140785
 H         -3.3789356699        2.1355031406        0.0005156348
  12
 Etot=         -19.1921867917
 C         -3.5400077913       -0.0001280052        0.0002183426
 C         -2.8465517109       -1.1987945736       -0.0001257555
 C         -1.4616164783       -1.2051012438       -0.0003464227
 C         -0.7863702990        0.0001394521       -0.0001875377
 C         -1.4617944715        1.2052699228        0.0001848124
 C         -2.8467376536        1.1986266203        0.0003606711
 I          1.3460384453        0.0002596742       -0.0003090455
 H         -4.6183959693       -0.0002462305        0.0003369685
 H         -3.3790752699       -2.1366285666       -0.0001444564
 H         -0.9214258697       -2.1391037805       -0.0004193023
 H         -0.9218272121        2.1393959751        0.0001120626
 H         -3.3794236515        2.1363764927        0.0003875435
