  14
 Etot=         -16.9707010239
 C         -4.3551154743        0.5548770512       -0.0006371539
 C         -3.2417263612       -0.4802795935       -0.0000018323
 C         -1.8624430155        0.1791212237        0.0001183015
 C         -0.7502295370       -0.8698696979       -0.0003557314
 I          1.1713791379        0.0674738662        0.0000227965
 H         -5.3379275444        0.0751874070       -0.0001077940
 H         -4.2852095188        1.1863302673        0.8909782303
 H         -4.2878950291        1.2036867334       -0.8802833374
 H         -3.3482469809       -1.1222317496       -0.8832423356
 H         -3.3483948203       -1.1220802955        0.8818188404
 H         -1.7675838764        0.8256481141       -0.8821530421
 H         -1.7684441355        0.8259858238        0.8813404073
 H         -0.8402775139       -1.5129145476       -0.8829194306
 H         -0.8404253533       -1.5127630935        0.8821417455
  14
 Etot=         -16.9715494019
 C         -4.3662781725        0.5570551277        0.0022310820
 C         -3.2560567853       -0.4836750277       -0.0008598821
 C         -1.8851584855        0.1856553053       -0.0003771644
 C         -0.7710559076       -0.8480909278       -0.0002645974
 I          1.2316953758       -0.0178669665       -0.0001443741
 H         -5.3416340279        0.0752062555       -0.0008050222
 H         -4.2978711158        1.1879511093        0.8880480851
 H         -4.2962576798        1.1970113883       -0.8764876815
 H         -3.3493677038       -1.1219493973       -0.8843461348
 H         -3.3496677935       -1.1228351363        0.8813138691
 H         -1.7886066638        0.8249546476       -0.8827291154
 H         -1.7890032446        0.8244960231        0.8820860863
 H         -0.8014633206       -1.4796045700       -0.8902915555
 H         -0.8018144978       -1.4801363223        0.8893460692
  14
 Etot=         -16.9719077802
 C         -4.3617294904        0.5586152637        0.0030263673
 C         -3.2480778294       -0.4807459800       -0.0007587232
 C         -1.8731262939        0.1841269286       -0.0003993129
 C         -0.7831273954       -0.8677501788       -0.0005058999
 I          1.2085358330        0.0289334402        0.0000685482
 H         -5.3329095115        0.0728354882       -0.0010212637
 H         -4.2960263228        1.1883769854        0.8866851258
 H         -4.2930971486        1.1944535051       -0.8756136416
 H         -3.3418019685       -1.1168374673       -0.8836105135
 H         -3.3413306124       -1.1193414493        0.8802922214
 H         -1.7758125695        0.8195613750       -0.8833363452
 H         -1.7757806988        0.8188254063        0.8831114004
 H         -0.8242115509       -1.4912532745       -0.8906983790
 H         -0.8240444635       -1.4916285336        0.8894800801
  14
 Etot=         -16.9719349435
 C         -4.3633196513        0.5581131607        0.0023321576
 C         -3.2482079830       -0.4802270369       -0.0003026973
 C         -1.8710308446        0.1840134871       -0.0000242828
 C         -0.7799405350       -0.8655088946       -0.0003895389
 I          1.2054062809        0.0219629118       -0.0003930335
 H         -5.3348677049        0.0713729567       -0.0007476810
 H         -4.2960828773        1.1872138661        0.8867488596
 H         -4.2940892323        1.1943858234       -0.8767905112
 H         -3.3440431966       -1.1155709081       -0.8834634446
 H         -3.3429482710       -1.1189441069        0.8805763763
 H         -1.7753755071        0.8205056362       -0.8824172165
 H         -1.7754201310        0.8198558312        0.8828381101
 H         -0.8212036813       -1.4891856140       -0.8894962737
 H         -0.8214166880       -1.4898156037        0.8882488400
