  16
 Etot=         -25.5168375609
 C          2.4123075001        1.1160948983        0.4168451736
 C          1.6747896597       -0.1068584482       -0.0314198679
 O          2.3283284293       -1.0817898148       -0.3878829194
 C          0.2227499301       -0.0483761940       -0.0162722733
 C         -0.5200632341       -1.2033155991        0.2010053685
 C         -1.9014838026       -1.0956357627        0.2050384691
 N         -2.5707508227        0.0640683109        0.0126375402
 C         -1.8150628813        1.1658372870       -0.1952515128
 C         -0.4299857643        1.1633838209       -0.2182593507
 H          2.6338044214        1.8297198725       -0.3928587909
 H          3.3616403251        0.8895178778        0.9265441448
 H          1.8424256243        1.7169222615        1.1476632955
 H         -0.0436153383       -2.1651794743        0.3602545072
 H         -2.5261590399       -1.9665018512        0.3685594275
 H         -2.3711927289        2.0841815877       -0.3475844970
 H          0.1198292185        2.0822441628       -0.3910805205
  16
 Etot=         -25.5220495511
 C          2.4210049798        1.1358206297        0.4424442295
 C          1.7011391313       -0.0935144707       -0.0208737583
 O          2.3243140887       -1.0858953578       -0.3711142322
 C          0.2311380984       -0.0361346581       -0.0127706150
 C         -0.5200803909       -1.1914129144        0.1908595730
 C         -1.9006910555       -1.0847512660        0.2012176488
 N         -2.5562657654        0.0596057387        0.0131821601
 C         -1.8260939613        1.1546499467       -0.1950044354
 C         -0.4430823324        1.1668262406       -0.2132556788
 H          2.6387553019        1.7953361675       -0.4032142240
 H          3.3778762351        0.8616706568        0.8937677138
 H          1.8360838187        1.7115318715        1.1680544326
 H         -0.0383292581       -2.1446568550        0.3511251949
 H         -2.5272519155       -1.9510389885        0.3654679454
 H         -2.3929504397        2.0629907720       -0.3479192428
 H          0.0919949611        2.0832854223       -0.4040285177
  16
 Etot=         -25.5229891974
 C          2.4355257878        1.1425139778        0.4545497831
 C          1.7155237630       -0.0896920462       -0.0048690426
 O          2.3096581694       -1.0964818981       -0.3530822196
 C          0.2324709578       -0.0255893294       -0.0115569347
 C         -0.5199505126       -1.1820776962        0.1874430949
 C         -1.9018346074       -1.0807897689        0.1985947628
 N         -2.5510495773        0.0553406886        0.0117631570
 C         -1.8379700865        1.1497715570       -0.1986525617
 C         -0.4539232090        1.1718152202       -0.2161478442
 H          2.6329820114        1.7745089467       -0.4120784412
 H          3.3970755097        0.8556038303        0.8749675950
 H          1.8512383437        1.7023026158        1.1770891869
 H         -0.0280161014       -2.1292496486        0.3410295062
 H         -2.5251866324       -1.9490230659        0.3602806044
 H         -2.4115185478        2.0529741400       -0.3525545191
 H          0.0725362278        2.0923854121       -0.3988379333
  16
 Etot=         -25.5231167918
 C          2.4435614691        1.1403817216        0.4557531689
 C          1.7164595482       -0.0896560481        0.0015742517
 O          2.2972565410       -1.1054565019       -0.3401620063
 C          0.2298633278       -0.0181801698       -0.0083357711
 C         -0.5186560200       -1.1777172109        0.1863138657
 C         -1.9014744431       -1.0825959220        0.1941518547
 N         -2.5528011601        0.0525814926        0.0079608121
 C         -1.8439413249        1.1505939450       -0.1995372791
 C         -0.4588436000        1.1777824485       -0.2123172539
 H          2.6254970210        1.7695857224       -0.4150125668
 H          3.4100149171        0.8542734175        0.8637327203
 H          1.8655921514        1.6964795015        1.1842448217
 H         -0.0193265918       -2.1216040351        0.3387141391
 H         -2.5203874984       -1.9539140688        0.3571308279
 H         -2.4198381429        2.0515777265       -0.3584170743
 H          0.0645853019        2.1001809160       -0.3978563167
  16
 Etot=         -25.5232325220
 C          2.4544383546        1.1361351355        0.4525059019
 C          1.7154489578       -0.0921890673        0.0148207273
 O          2.2784208902       -1.1225858629       -0.3102461694
 C          0.2254904384       -0.0073355541       -0.0027802307
 C         -0.5168989257       -1.1710528424        0.1874268708
 C         -1.9004914130       -1.0849003323        0.1889723313
 N         -2.5561116894        0.0485169435       -0.0017107594
 C         -1.8511905969        1.1511130754       -0.2048969223
 C         -0.4649340566        1.1861281730       -0.2083059545
 H          2.6059698056        1.7667938306       -0.4227602687
 H          3.4321806062        0.8547415090        0.8367577288
 H          1.8916778138        1.6881888130        1.1965644295
 H         -0.0072967751       -2.1105323688        0.3366529605
 H         -2.5132478950       -1.9621213272        0.3441757988
 H         -2.4302199443        2.0499277018       -0.3645520379
 H          0.0543259258        2.1134851081       -0.3846862120
  16
 Etot=         -25.5232993627
 C          2.4595206005        1.1338823019        0.4471729753
 C          1.7138362617       -0.0951566723        0.0260323961
 O          2.2690807773       -1.1343129541       -0.2825616585
 C          0.2234767364       -0.0021121202        0.0021785923
 C         -0.5167585295       -1.1684211325        0.1860129069
 C         -1.9001850038       -1.0866370511        0.1798981884
 N         -2.5577591907        0.0465402241       -0.0109775996
 C         -1.8533072966        1.1514791965       -0.2050945617
 C         -0.4668485941        1.1906032079       -0.2013578039
 H          2.5841727878        1.7706676265       -0.4284424712
 H          3.4479544988        0.8576887170        0.8091018127
 H          1.9119810175        1.6820540877        1.2073996415
 H         -0.0030310515       -2.1053454237        0.3367768043
 H         -2.5106888478       -1.9652917153        0.3350109764
 H         -2.4339554780        2.0484275641       -0.3694061130
 H          0.0500728083        2.1202470787       -0.3738058921
  16
 Etot=         -25.5233984552
 C          2.4639589258        1.1330054934        0.4362754833
 C          1.7117979196       -0.0998907543        0.0430335058
 O          2.2615536095       -1.1518252347       -0.2314248535
 C          0.2224490609        0.0017135547        0.0092008422
 C         -0.5178386603       -1.1666078015        0.1852386689
 C         -1.9004398234       -1.0877539408        0.1690904261
 N         -2.5588496344        0.0453091992       -0.0244950702
 C         -1.8533372245        1.1513036694       -0.2074445086
 C         -0.4670060323        1.1940350727       -0.1926263269
 H          2.5443114953        1.7818675609       -0.4372121877
 H          3.4693582771        0.8659613373        0.7596841681
 H          1.9418805365        1.6728470073        1.2234042285
 H         -0.0021348238       -2.1020661852        0.3357027720
 H         -2.5107456746       -1.9680500342        0.3148158394
 H         -2.4350085979        2.0476804471       -0.3708283601
 H          0.0476121427        2.1267835440       -0.3544764334
  16
 Etot=         -25.5235067652
 C          2.4646525134        1.1360237329        0.4219078963
 C          1.7104876775       -0.1055808776        0.0638386319
 O          2.2620816990       -1.1674235841       -0.1690284988
 C          0.2237305466       -0.0002890204        0.0164416475
 C         -0.5208854185       -1.1688305765        0.1815995554
 C         -1.9022553457       -1.0885555595        0.1543826497
 N         -2.5583214925        0.0463699696       -0.0376798640
 C         -1.8493820552        1.1517123965       -0.2064992198
 C         -0.4635166892        1.1935930794       -0.1819189080
 H          2.4953459109        1.7978189480       -0.4467938397
 H          3.4871887473        0.8807574445        0.7001584908
 H          1.9714697639        1.6645462900        1.2374015465
 H         -0.0081447911       -2.1051865618        0.3332558668
 H         -2.5159542605       -1.9677405708        0.2915751253
 H         -2.4298207515        2.0492553907       -0.3681850823
 H          0.0508854418        2.1278424342       -0.3325178037
  16
 Etot=         -25.5236043495
 C          2.4617763080        1.1423848869        0.4090043413
 C          1.7105273259       -0.1091805656        0.0797679946
 O          2.2694432430       -1.1751841796       -0.1173197677
 C          0.2264572240       -0.0072702268        0.0218938288
 C         -0.5243904498       -1.1739722158        0.1779091875
 C         -1.9049511447       -1.0886639488        0.1435151590
 N         -2.5566188901        0.0490164409       -0.0448309228
 C         -1.8437297165        1.1525135906       -0.2036300898
 C         -0.4582864531        1.1893909197       -0.1734969967
 H          2.4600375527        1.8080503406       -0.4550183899
 H          3.4920185529        0.8967599938        0.6559516017
 H          1.9894214333        1.6635386114        1.2395390315
 H         -0.0179136960       -2.1138041610        0.3286608256
 H         -2.5238895299       -1.9659265111        0.2702005602
 H         -2.4207545879        2.0533745379       -0.3595501519
 H          0.0584143244        2.1232854221       -0.3146580173
  16
 Etot=         -25.5236598686
 C          2.4616852005        1.1504648528        0.3970300303
 C          1.7111971127       -0.1127619387        0.1040112643
 O          2.2728463010       -1.1833738131       -0.0585337948
 C          0.2279837555       -0.0134808137        0.0331892144
 C         -0.5283071488       -1.1788669724        0.1747489252
 C         -1.9088642036       -1.0895145110        0.1293528142
 N         -2.5557016845        0.0509615460       -0.0553171967
 C         -1.8398065304        1.1540610558       -0.2016092273
 C         -0.4541707006        1.1859978809       -0.1614202513
 H          2.4132872400        1.8140122352       -0.4691141846
 H          3.5064597190        0.9151230021        0.5992711602
 H          2.0164106249        1.6621579724        1.2480018054
 H         -0.0265516786       -2.1220876589        0.3231904545
 H         -2.5318853070       -1.9661296864        0.2424074009
 H         -2.4126184463        2.0583007498       -0.3543313551
 H          0.0655972424        2.1194490343       -0.2929388659
  16
 Etot=         -25.5236892881
 C          2.4605578540        1.1560452793        0.3912901537
 C          1.7121026368       -0.1121615881        0.1124683102
 O          2.2761558950       -1.1814725426       -0.0374902086
 C          0.2284560225       -0.0185323920        0.0393919293
 C         -0.5298213760       -1.1825242105        0.1731914149
 C         -1.9109676078       -1.0902078735        0.1225968914
 N         -2.5551405909        0.0518071942       -0.0578091863
 C         -1.8381275357        1.1553035010       -0.1981275831
 C         -0.4524640708        1.1829075546       -0.1547455860
 H          2.4032821694        1.8078577012       -0.4768139681
 H          3.5026843073        0.9229931747        0.5842100486
 H          2.0248691574        1.6699739995        1.2411016855
 H         -0.0315273645       -2.1284239319        0.3201174827
 H         -2.5354378850       -1.9664509698        0.2293533659
 H         -2.4075527811        2.0619306308       -0.3491582803
 H          0.0704926656        2.1152674081       -0.2816382760
