----------------------------------------------- 
  Element       SASA      Sigma Z        Total  
     Z         Ang**2 cal/Ang**2/mol   kcal/mol 
----------------------------------------------- 
      H         59.435      48.690       2.894
      C         55.559     129.740       7.208
      O         18.392       0.000       0.000
      Cl        36.026       9.820       0.354

 Subtotal:     169.412                  10.456
 -----------------------------------------------

  Elements    COT*SASA   Sigma Z,Z'     Total   
    Z,Z'       Ang**2  cal/Ang**2/mol kcal/mol  
 ---------------------------------------------- 
  H   C         34.040     -60.770      -2.069
  H   O          6.558       0.000       0.000
  C   C         74.638     -72.950      -5.445
  O   C          5.349      68.690       0.367

 Subtotal:                              -7.146
 ---------------------------------------------- 

 NONAQUEOUS SOLVENT CONTRIBUTION (kcal/mol):
 (proportional to SASA, atomic number independent)
 ---------------------------------------------- 
 Subtotal:                               0.000
 ---------------------------------------------- 

 CDS TOTAL (kcal/mol):                   3.310
...............................................................................
