  14
 Etot=         -17.9659618342
 C          2.3818960299       -0.3002938431       -0.0003225899
 O          1.1950610120        0.4817089350        0.0002210016
 C          0.0310847923       -0.3361255856        0.0004594801
 C         -1.2045625532        0.5457681790        0.0006190411
 N         -2.4188011473       -0.3018936814        0.0007041266
 H          3.2530105021        0.3588936972       -0.0009250854
 H          2.3961496377       -0.9414735366       -0.8852103992
 H          2.3977082093       -0.9219548870        0.8976158944
 H          0.0511300201       -0.9526351148       -0.9036335401
 H          0.0600232266       -0.9892591760        0.8787464948
 H         -1.2330553648        1.1878030430        0.8867372009
 H         -1.2255734731        1.1724991164       -0.8968005226
 H         -2.7279729416       -0.6424638478        0.8743457942
 H         -2.7281792549       -0.6423154105       -0.8731764332
  14
 Etot=         -17.9730503506
 C          2.3771283678       -0.3068691498        0.0025677138
 O          1.1963010426        0.4759930342        0.0000266293
 C          0.0270674344       -0.3334510130       -0.0048782517
 C         -1.2245377482        0.5431479527       -0.0011014224
 N         -2.4663440171       -0.2207510875        0.0005395508
 H          3.2227448056        0.3778543017       -0.0019132239
 H          2.4117241009       -0.9446716069       -0.8864794124
 H          2.4139027065       -0.9333938101        0.8998626137
 H          0.0333741725       -0.9671360586       -0.9025989661
 H          0.0360684379       -0.9853707712        0.8790467602
 H         -1.2143052246        1.1865413839        0.8811946067
 H         -1.2130625411        1.1794633759       -0.8884128862
 H         -2.6845058342       -0.6773490274        0.8686390652
 H         -2.6876370080       -0.6757496362       -0.8671123135
  14
 Etot=         -17.9220717182
 C          2.3554258278       -0.3213546552        0.0089559020
 O          1.1888701325        0.4573551084        0.0006988373
 C          0.0124944766       -0.3328738696       -0.0164133399
 C         -1.2886426644        0.5417322214       -0.0048109313
 N         -2.6438067321        0.0803686103        0.0001378540
 H          3.1428299810        0.4200009675       -0.0054262518
 H          2.4386959631       -0.9558283499       -0.8873185845
 H          2.4432603532       -0.9605010264        0.9036314806
 H         -0.0058741925       -1.0064955509       -0.9023809588
 H         -0.0161628643       -0.9886439581        0.8803974346
 H         -1.1663139827        1.1908320649        0.8676022084
 H         -1.1802774756        1.2028984440       -0.8676557390
 H         -2.5237961177       -0.8044072299        0.8324912877
 H         -2.5287840097       -0.8048248887       -0.8305287360
  14
 Etot=         -17.9756208059
 C          2.3580280801       -0.3158130128        0.0064857511
 O          1.1758442001        0.4535701550       -0.0004619906
 C          0.0030915484       -0.3427029667       -0.0127370193
 C         -1.2503797094        0.5589409384       -0.0048124916
 N         -2.5142800221       -0.1057115881       -0.0000489210
 H          3.1556508514        0.4204451060       -0.0033155332
 H          2.4339379185       -0.9504292955       -0.8865002794
 H          2.4371898051       -0.9504663209        0.9010701733
 H         -0.0055403036       -1.0003998316       -0.9013576764
 H         -0.0145542030       -0.9901487106        0.8809391510
 H         -1.1731015085        1.1975810309        0.8763501840
 H         -1.1847725404        1.2082487615       -0.8781054463
 H         -2.5938578135       -0.7325091334        0.8421082285
 H         -2.5993376079       -0.7323472446       -0.8402336667
  14
 Etot=         -17.9776599830
 C          2.3696406597       -0.3006068332        0.0036157417
 O          1.1740287140        0.4461480050       -0.0008835615
 C          0.0150373652       -0.3651457189       -0.0086833182
 C         -1.2379258846        0.5346839414       -0.0034543765
 N         -2.5169896442       -0.1198270575       -0.0002377082
 H          3.1703353076        0.4326513965       -0.0016510805
 H          2.4417323467       -0.9372610445       -0.8863633446
 H          2.4422870116       -0.9313830234        0.8979472176
 H          0.0111597893       -1.0121269231       -0.9025734329
 H          0.0064517558       -1.0146374556        0.8829505937
 H         -1.1759207616        1.1759161047        0.8774297298
 H         -1.1848292540        1.1831566311       -0.8796082661
 H         -2.6439092045       -0.6839198401        0.8281452913
 H         -2.6431795058       -0.6893902947       -0.8272530222
  14
 Etot=         -17.9779018580
 C          2.3647238156       -0.2999611938        0.0037947957
 O          1.1647353813        0.4406579194       -0.0025392221
 C          0.0065149892       -0.3706420677       -0.0089138726
 C         -1.2336411153        0.5442184785       -0.0039637611
 N         -2.5093487794       -0.1198361120       -0.0002516161
 H          3.1616339132        0.4381299384       -0.0011941914
 H          2.4421506892       -0.9364069752       -0.8859454412
 H          2.4410436536       -0.9283427154        0.8995820957
 H         -0.0006931007       -1.0189915861       -0.9015913500
 H         -0.0052848212       -1.0192749403        0.8830726681
 H         -1.1667425179        1.1846678751        0.8784681903
 H         -1.1751126517        1.1909585896       -0.8821980175
 H         -2.6264586628       -0.6967932627        0.8297880819
 H         -2.6356020980       -0.6901260600       -0.8287278964
  14
 Etot=         -17.9779971550
 C          2.3619585631       -0.2973547021        0.0015802200
 O          1.1556698013        0.4338597382       -0.0006014792
 C         -0.0001941429       -0.3783754772       -0.0060017757
 C         -1.2287011734        0.5499604130       -0.0015111611
 N         -2.5079721694       -0.1143212521       -0.0006489085
 H          3.1566235284        0.4436206433        0.0003158940
 H          2.4427310324       -0.9287825875       -0.8908620504
 H          2.4411840991       -0.9279834721        0.8949223709
 H         -0.0088173989       -1.0232358611       -0.9003736427
 H         -0.0116451725       -1.0297266087        0.8834207418
 H         -1.1618340537        1.1898930582        0.8818213619
 H         -1.1648632373        1.1935119435       -0.8825409448
 H         -2.6298686700       -0.6860999706        0.8278985885
 H         -2.6163523110       -0.7067079770       -0.8280387512
  14
 Etot=         -17.9781068469
 C          2.3614846621       -0.2947674799        0.0017091433
 O          1.1503689108        0.4290949313       -0.0034049292
 C         -0.0032120798       -0.3841278575       -0.0052588996
 C         -1.2248516722        0.5511287295       -0.0027540667
 N         -2.5112136620       -0.1079042551       -0.0007193700
 H          3.1561247819        0.4463764827        0.0007591666
 H          2.4440146604       -0.9284573367       -0.8880616534
 H          2.4400720508       -0.9210352484        0.8970273570
 H         -0.0117516012       -1.0287575747       -0.8990118831
 H         -0.0119439829       -1.0340907779        0.8847502504
 H         -1.1591485673        1.1906704859        0.8808476927
 H         -1.1619195702        1.1917092456       -0.8859176641
 H         -2.6161960492       -0.6989712883        0.8238221781
 H         -2.6239091861       -0.6926101687       -0.8244068586
  14
 Etot=         -17.9781716445
 C          2.3610292787       -0.2965684541        0.0014256530
 O          1.1524128043        0.4313411286       -0.0031048583
 C         -0.0026680385       -0.3804174125       -0.0047684014
 C         -1.2255222163        0.5514771840       -0.0025578876
 N         -2.5119460586       -0.1090733471       -0.0009907996
 H          3.1572355981        0.4428039811        0.0009935188
 H          2.4417107947       -0.9293197396       -0.8890686793
 H          2.4379728795       -0.9240282720        0.8960795639
 H         -0.0113742778       -1.0255109810       -0.8983373819
 H         -0.0112188595       -1.0295819344        0.8858082254
 H         -1.1627711050        1.1910198678        0.8806858707
 H         -1.1649753871        1.1917767600       -0.8854628205
 H         -2.6132929342       -0.6999077679        0.8207689134
 H         -2.6186737832       -0.6957531252       -0.8220904531
  14
 Etot=         -17.9782570682
 C          2.3584082038       -0.3021648866        0.0003746469
 O          1.1565129905        0.4371126261       -0.0024463649
 C         -0.0036163751       -0.3690981706       -0.0030756587
 C         -1.2282062104        0.5572143451       -0.0021805423
 N         -2.5113179816       -0.1140980256       -0.0018066651
 H          3.1603097285        0.4308813578        0.0017892946
 H          2.4333904403       -0.9331029228       -0.8917585031
 H          2.4297536206       -0.9330606553        0.8930857492
 H         -0.0130039247       -1.0158970898       -0.8956904839
 H         -0.0123300723       -1.0166834873        0.8887003016
 H         -1.1727428342        1.1970819656        0.8805895963
 H         -1.1733564281        1.1974528043       -0.8847130599
 H         -2.5980765454       -0.7080842940        0.8147199642
 H         -2.5978059168       -0.7092956790       -0.8182078115
  14
 Etot=         -17.9782841128
 C          2.3563640343       -0.3056370474       -0.0001114672
 O          1.1588174165        0.4410887815       -0.0022686654
 C         -0.0042168390       -0.3615873963       -0.0022750949
 C         -1.2305231774        0.5622027117       -0.0021920071
 N         -2.5090423808       -0.1197605740       -0.0022056136
 H          3.1631857183        0.4220366132        0.0020224667
 H          2.4269734220       -0.9366163488       -0.8927433546
 H          2.4232884835       -0.9382277776        0.8918649241
 H         -0.0139082121       -1.0094857147       -0.8942041832
 H         -0.0135549595       -1.0083930027        0.8902243068
 H         -1.1792061922        1.2026542500        0.8805843013
 H         -1.1792560626        1.2029121090       -0.8847533906
 H         -2.5859271616       -0.7159082542        0.8135419220
 H         -2.5850753942       -0.7170204621       -0.8181036809
