  12
 Etot=         -32.0755202056
 C         -0.6976230440       -2.0495049611       -0.0008677095
 C          0.6972678228       -2.0501881623       -0.0008128031
 C          1.3944208213       -0.8420890358       -0.0003688626
 C          0.6978518654        0.3660003980        0.0004120158
 C         -0.6975555911        0.3658278165        0.0003848789
 C         -1.3947085896       -0.8422713100       -0.0000590616
 Cl        -3.1240212421       -0.9248148257        0.0005047606
 Cl        -1.5786960397        1.8664050347       -0.0003375715
 Cl         1.5794038112        1.8658977074       -0.0000652753
 Cl         3.1234379054       -0.9252533969        0.0004135002
 H         -1.2244991712       -3.0004763224       -0.0009963115
 H          1.2242538455       -3.0016618897       -0.0015041846
  12
 Etot=         -32.0771030821
 C         -0.6930082203       -2.0577508733       -0.0006371992
 C          0.6926850569       -2.0580965757       -0.0007020256
 C          1.3871794873       -0.8551299496       -0.0002295851
 C          0.6954423662        0.3502176301       -0.0000545660
 C         -0.6952507951        0.3502415409       -0.0000934173
 C         -1.3873543620       -0.8549704902       -0.0001352574
 Cl        -3.1148918595       -0.8784412663        0.0002627574
 Cl        -1.5627335043        1.8507512838        0.0001543589
 Cl         1.5632135522        1.8502826968        0.0002676406
 Cl         3.1145674574       -0.8792781178        0.0000513949
 H         -1.2277851624       -2.9947763831       -0.0009988680
 H          1.2274683775       -2.9951784427       -0.0011818572
  12
 Etot=         -32.0773607472
 C         -0.6911809278       -2.0632854608       -0.0006440279
 C          0.6908107098       -2.0634370035       -0.0006803993
 C          1.3849350509       -0.8628241929       -0.0003347391
 C          0.6959008003        0.3454460776        0.0000353234
 C         -0.6957339468        0.3455772969        0.0000946856
 C         -1.3850493591       -0.8625036640       -0.0002633923
 Cl        -3.1100891579       -0.8569648178       -0.0000952411
 Cl        -1.5542282930        1.8446284757        0.0003412513
 Cl         1.5547050868        1.8442031617        0.0002894622
 Cl         3.1099430444       -0.8577564089       -0.0002829537
 H         -1.2340985581       -2.9925383357       -0.0008680605
 H          1.2336179442       -2.9926740755       -0.0008885328
  12
 Etot=         -32.0773842561
 C         -0.6912145886       -2.0640231383       -0.0005721955
 C          0.6908275826       -2.0641567768       -0.0006090795
 C          1.3852041292       -0.8637972135       -0.0003028619
 C          0.6965041960        0.3463177959       -0.0000361782
 C         -0.6963286587        0.3464626426       -0.0000050376
 C         -1.3853057998       -0.8634705561       -0.0002525020
 Cl        -3.1089219358       -0.8558179711       -0.0001772761
 Cl        -1.5532216871        1.8437403699        0.0004239280
 Cl         1.5537177664        1.8433603129        0.0003407229
 Cl         3.1088171399       -0.8565363959       -0.0003460943
 H         -1.2371286616       -2.9920050881       -0.0008454137
 H          1.2365829111       -2.9922029288       -0.0009146363
