  15
 Etot=         -17.7307380270
 C          2.0625275746       -0.0028482199       -0.0921000034
 C          0.7669946625        0.7280477947        0.2343636078
 C         -0.4604012957        0.0186638966       -0.3433730510
 H         -0.3753476722       -0.0435386403       -1.4346176274
 C         -1.7447890710        0.7468616807        0.0297114298
 O         -0.5175209780       -1.3088297479        0.1699318932
 H          2.9245473230        0.5222932382        0.3315005186
 H          2.2101099729       -0.0909607922       -1.1727227916
 H          2.0421216050       -1.0131130091        0.3282589529
 H          0.8259247955        1.7500832694       -0.1574587088
 H          0.6785103351        0.7960143292        1.3256894409
 H         -2.6201493061        0.2358780169       -0.3861697480
 H         -1.8607580241        0.8162435213        1.1155062364
 H         -1.7455744967        1.7605835269       -0.3860678407
 H         -1.3041976262       -1.7216089963       -0.2189101612
  15
 Etot=         -17.7317616952
 C          2.0610006491       -0.0082316140       -0.0961248248
 C          0.7651008304        0.7200199806        0.2387159418
 C         -0.4650347153        0.0177474445       -0.3354825228
 H         -0.3619977287       -0.0303608204       -1.4298869506
 C         -1.7475828342        0.7655517537        0.0186747847
 O         -0.4944745112       -1.3121246328        0.1769098164
 H          2.9141883648        0.5195137540        0.3274324202
 H          2.1994125508       -0.0804813066       -1.1743422910
 H          2.0384091480       -1.0172030634        0.3135695803
 H          0.7985350589        1.7380267479       -0.1569287367
 H          0.6556886906        0.7784619827        1.3247684155
 H         -2.6174131539        0.2523484552       -0.3922829696
 H         -1.8567862991        0.8187358713        1.1001972678
 H         -1.7293451941        1.7786054027       -0.3827641952
 H         -1.2777030572       -1.7468400872       -0.1889135887
  15
 Etot=         -17.7319339997
 C          2.0588187056       -0.0062634428       -0.1001337385
 C          0.7638581283        0.7186748389        0.2446088895
 C         -0.4645283130        0.0142066240       -0.3352162473
 H         -0.3554138524       -0.0350024548       -1.4316849364
 C         -1.7466804101        0.7690803053        0.0134431398
 O         -0.4921011397       -1.3104221844        0.1845378661
 H          2.9090528970        0.5186885445        0.3262913748
 H          2.1893526432       -0.0640005925       -1.1784981060
 H          2.0328497643       -1.0171207266        0.2981070184
 H          0.7903333884        1.7366714267       -0.1467599212
 H          0.6514462496        0.7670733962        1.3291463898
 H         -2.6148719996        0.2628461047       -0.4024248714
 H         -1.8582044119        0.8204657681        1.0934864541
 H         -1.7086178351        1.7784065775       -0.3857305848
 H         -1.2732960158       -1.7595343166       -0.1656305794
  15
 Etot=         -17.7319958557
 C          2.0591166211       -0.0025099426       -0.1048976965
 C          0.7631447741        0.7170218157        0.2490918498
 C         -0.4646766685        0.0098229487       -0.3326548021
 H         -0.3527771155       -0.0438598793       -1.4294213027
 C         -1.7467208791        0.7710718727        0.0078078495
 O         -0.4936630442       -1.3092688382        0.1937161363
 H          2.9093271606        0.5174964508        0.3264167752
 H          2.1861801602       -0.0467540912       -1.1841151670
 H          2.0321474607       -1.0175340586        0.2813037970
 H          0.7861361920        1.7373639434       -0.1348746310
 H          0.6524039784        0.7556075518        1.3335809897
 H         -2.6143856269        0.2721567675       -0.4161016885
 H         -1.8645460452        0.8210724237        1.0872911301
 H         -1.6950112417        1.7794134191       -0.3897534411
 H         -1.2746779270       -1.7673305152       -0.1438476512
  15
 Etot=         -17.7320378577
 C          2.0598185707        0.0019256413       -0.1116969117
 C          0.7624304911        0.7142144332        0.2534587018
 C         -0.4648713809        0.0048304474       -0.3284982375
 H         -0.3502182686       -0.0569724834       -1.4245426486
 C         -1.7464789886        0.7728094978        0.0011982771
 O         -0.4972997610       -1.3069584307        0.2083301023
 H          2.9104231758        0.5152116949        0.3281989869
 H          2.1877660681       -0.0257008131       -1.1917604752
 H          2.0340100910       -1.0195769097        0.2590155863
 H          0.7814855242        1.7382698199       -0.1211156090
 H          0.6564396823        0.7422619534        1.3389082402
 H         -2.6132598958        0.2813685034       -0.4341754980
 H         -1.8759304842        0.8215065572        1.0800039592
 H         -1.6843570561        1.7818485389       -0.3938874020
 H         -1.2779599694       -1.7712685823       -0.1198949244
