  12
 Etot=         -20.1117308146
 C         -1.9089336023        0.0006571917       -0.0000462574
 C         -1.2123312583       -1.2078402820        0.0001277352
 C          0.1824898664       -1.2078331370       -0.0000455056
 C          0.8806929302       -0.0006871310       -0.0000004075
 C          0.1830911783        1.2078300491       -0.0001461954
 C         -1.2117299464        1.2078229040        0.0000270455
 F          2.2195011617        0.0000319111        0.0000476976
 H         -2.9955833042        0.0000393226        0.0001620948
 H         -1.7551989809       -2.1482584789       -0.0003730345
 H          0.7252567210       -2.1489723713       -0.0003340912
 H          0.7269583088        2.1482285396        0.0003263696
 H         -1.7544968009        2.1489621383        0.0003156311
  12
 Etot=         -20.1131755841
 C         -1.9011522783        0.0004338740        0.0000644389
 C         -1.2088070914       -1.2008929786       -0.0001951850
 C          0.1762056835       -1.2061595753       -0.0002195485
 C          0.8567353542       -0.0004299491        0.0000252863
 C          0.1767868304        1.2060278419        0.0002304448
 C         -1.2081907592        1.2010516961        0.0002711367
 F          2.2066589032       -0.0000789445        0.0000132518
 H         -2.9812105224        0.0001547941        0.0000764319
 H         -1.7456663544       -2.1371634380       -0.0001508838
 H          0.7258164609       -2.1367406112       -0.0003086360
 H          0.7272259519        2.1360174837        0.0001528795
 H         -1.7446859048        2.1377604632        0.0001014659
  12
 Etot=         -20.1134514431
 C         -1.8994076691        0.0003046701       -0.0000415148
 C         -1.2087541996       -1.1996282661       -0.0000565378
 C          0.1745051748       -1.2088045932       -0.0000496762
 C          0.8423609800       -0.0002901468       -0.0000443924
 C          0.1750082423        1.2085365478       -0.0000279281
 C         -1.2082230276        1.1999390157       -0.0000566716
 F          2.2032904231       -0.0003366737       -0.0000298316
 H         -2.9770382872        0.0003691645        0.0000277633
 H         -1.7439372486       -2.1347208372       -0.0002750711
 H          0.7319031315       -2.1317223205       -0.0001622183
 H          0.7329766184        2.1310628436        0.0002293492
 H         -1.7429678647        2.1352712521        0.0005478119
  12
 Etot=         -20.1134964651
 C         -1.8994404434        0.0002769325        0.0001690218
 C         -1.2095263839       -1.2005469250       -0.0001564044
 C          0.1747946149       -1.2111066836       -0.0001995147
 C          0.8379747235       -0.0002680830        0.0000299007
 C          0.1752614314        1.2107952578        0.0003694317
 C         -1.2090498650        1.2008890288        0.0004342427
 F          2.2044949023       -0.0005091941       -0.0000904373
 H         -2.9772231346        0.0004969447        0.0000516082
 H         -1.7456819014       -2.1356129577       -0.0001739381
 H          0.7360019719       -2.1311852366       -0.0003868242
 H          0.7369076384        2.1306037123        0.0002180943
 H         -1.7447972806        2.1361478600       -0.0002040983
