  11
 Etot=         -20.2073212940
 C         -1.6825062845        1.1756889884        0.0001621746
 C         -2.3218838671       -0.0588400053       -0.0005237364
 C         -1.5335140968       -1.1983163371        0.0003674943
 N         -0.1808842374       -1.1827548013       -0.0001821085
 C          0.4053864962        0.0356307776        0.0002741670
 C         -0.2925327665        1.2322436662       -0.0002713066
 Cl         2.1208078098        0.0093318957       -0.0000182413
 H         -2.2655681693        2.0920030495        0.0007785997
 H         -3.4039403561       -0.1270283957        0.0012364000
 H         -1.9834696886       -2.1854809002        0.0000660633
 H          0.2156104453        2.1908900528        0.0009864157
  11
 Etot=         -20.2092624888
 C         -1.6853953275        1.1798776611        0.0007476666
 C         -2.3161747216       -0.0558450953        0.0004835812
 C         -1.5265267893       -1.1917332171        0.0000929216
 N         -0.1951801407       -1.1667064307       -0.0001677468
 C          0.3863548723        0.0291051408        0.0000044437
 C         -0.3001840526        1.2305424877        0.0004388231
 Cl         2.1058543346        0.0049648693        0.0000110094
 H         -2.2618322553        2.0935941333        0.0007151936
 H         -3.3917430139       -0.1326513339        0.0002763969
 H         -1.9605361862       -2.1819891932        0.0000921929
 H          0.2228685650        2.1742089685        0.0001814398
  11
 Etot=         -20.2095538245
 C         -1.6872968850        1.1818783921        0.0001486349
 C         -2.3160116906       -0.0549552603        0.0003176954
 C         -1.5253088274       -1.1914673696        0.0000914451
 N         -0.2024500432       -1.1577312265       -0.0000261719
 C          0.3776530597        0.0245808380        0.0000940199
 C         -0.3026029522        1.2317487008        0.0001612472
 Cl         2.1038631497        0.0081012071       -0.0000752554
 H         -2.2606149801        2.0947772520        0.0005713771
 H         -3.3894471549       -0.1360318964        0.0008630754
 H         -1.9526828616       -2.1837367406       -0.0000360258
 H          0.2324044703        2.1662040938        0.0007658800
  11
 Etot=         -20.2095861856
 C         -1.6871652117        1.1815446708        0.0006902328
 C         -2.3166374853       -0.0552619054        0.0004647212
 C         -1.5267459758       -1.1930291780        0.0001063136
 N         -0.2028703534       -1.1572765253       -0.0000329473
 C          0.3768134627        0.0237881399        0.0001102494
 C         -0.3024530999        1.2328130344        0.0005013171
 Cl         2.1067156740        0.0117737021       -0.0000804026
 H         -2.2606104199        2.0945602057        0.0007327482
 H         -3.3903033946       -0.1359547233        0.0003063869
 H         -1.9546122427       -2.1850582115       -0.0000317939
 H          0.2353743316        2.1654687813        0.0001090966
