  11
 Etot=         -14.5501006202
 C         -1.1769140016       -1.2591508504       -0.1299768882
 C         -0.5112600919        0.0002097537        0.4056477390
 C         -1.1778295184        1.2585262841       -0.1300664656
 Cl         1.2175026196        0.0001716884       -0.0470082955
 H         -0.6896036730       -2.1581711020        0.2621777125
 H         -2.2298092170       -1.2954926756        0.1710030730
 H         -1.1393293979       -1.3007755594       -1.2238638939
 H         -0.5528442173        0.0000254269        1.4996261330
 H         -0.6906056821        2.1578819544        0.2622781683
 H         -2.2302982135        1.2943284867        0.1706740344
 H         -1.1398764080        1.3011075191       -1.2234810255
  11
 Etot=         -14.5508238918
 C         -1.1800715109       -1.2642387327       -0.1315005832
 C         -0.5322173963        0.0000540132        0.4034227214
 C         -1.1808594455        1.2638798606       -0.1311557502
 Cl         1.2059501157        0.0007070013       -0.0455887477
 H         -0.6828547498       -2.1519980593        0.2580030135
 H         -2.2253035878       -1.2898024780        0.1734901837
 H         -1.1325924425       -1.2898648803       -1.2194176136
 H         -0.5494659565       -0.0006356784        1.4967940397
 H         -0.6830566366        2.1520528494        0.2570663153
 H         -2.2256087613        1.2895178335        0.1749770554
 H         -1.1347874298        1.2889891964       -1.2190803427
  11
 Etot=         -14.5509716388
 C         -1.1834406217       -1.2629250139       -0.1329532746
 C         -0.5384478396       -0.0000431252        0.4056549201
 C         -1.1842798568        1.2625534221       -0.1325125001
 Cl         1.2119155882        0.0006857250       -0.0421600144
 H         -0.6817759978       -2.1449563915        0.2542535919
 H         -2.2251184881       -1.2869424463        0.1732823522
 H         -1.1325819172       -1.2807166030       -1.2180874517
 H         -0.5445862502       -0.0003466779        1.4985639374
 H         -0.6818206556        2.1448080268        0.2531427577
 H         -2.2254322747        1.2870221116        0.1756478420
 H         -1.1352994878        1.2795218979       -1.2178218689
  11
 Etot=         -14.5510071603
 C         -1.1837402402       -1.2637146175       -0.1330381202
 C         -0.5417782326       -0.0000806007        0.4074628077
 C         -1.1845734279        1.2633552001       -0.1325806563
 Cl         1.2163805816        0.0006179855       -0.0409384171
 H         -0.6809365796       -2.1457907478        0.2520040161
 H         -2.2251597969       -1.2896801002        0.1733870768
 H         -1.1335111281       -1.2782029886       -1.2180928799
 H         -0.5445967820       -0.0002156845        1.4997121149
 H         -0.6808110721        2.1455995776        0.2507465749
 H         -2.2253545543        1.2898236516        0.1761469066
 H         -1.1367865689        1.2769492502       -1.2177991318
