  9
 Etot=         -13.8308510903
 C         -1.3956242763        0.3506022254        0.0000474905
 C          0.0414840681       -0.0925613925       -0.0049138131
 O          0.3589841283       -1.2794448174        0.0010399521
 N          0.9421008551        0.9460800111        0.0006931077
 H         -1.7305141094        0.4629955294        1.0357436549
 H         -1.4742662139        1.3106590824       -0.5161988431
 H         -2.0460752302       -0.3740377764       -0.4962754129
 H          1.9414254362        0.7681136682       -0.0011405695
 H          0.6554654992        1.9194477191        0.0097196167
  9
 Etot=         -13.8328147329
 C         -1.3946267550        0.3681510286       -0.0044345455
 C          0.0447416542       -0.0780539367       -0.0150055006
 O          0.3788989417       -1.2567453960       -0.0073061597
 N          0.9381611581        0.9326338363       -0.0039721956
 H         -1.7220639806        0.4730551997        1.0286460065
 H         -1.5144761714        1.3215187186       -0.5154169166
 H         -2.0173141700       -0.3859301651       -0.4808242584
 H          1.9282348462        0.7400366859        0.0184236971
 H          0.6514246340        1.8971882780        0.0086050560
  9
 Etot=         -13.8330149562
 C         -1.3977051006        0.3725843398       -0.0059435666
 C          0.0459385814       -0.0665463348       -0.0076649761
 O          0.3864177088       -1.2448740894       -0.0125345862
 N          0.9390838278        0.9303265299       -0.0013282458
 H         -1.7251716463        0.4783714993        1.0256024283
 H         -1.5252804866        1.3194261799       -0.5199018433
 H         -2.0073747081       -0.3935672546       -0.4772705172
 H          1.9242126210        0.7231976676        0.0101322109
 H          0.6528593599        1.8929357116        0.0176242791
  9
 Etot=         -13.8330507962
 C         -1.3994760407        0.3727637886       -0.0068397090
 C          0.0460320169       -0.0621244255       -0.0202614808
 O          0.3870275291       -1.2419395598       -0.0206904491
 N          0.9407727855        0.9320103527       -0.0036013524
 H         -1.7172135144        0.4850810672        1.0273969371
 H         -1.5334295393        1.3145905288       -0.5272102975
 H         -2.0098739993       -0.3996527794       -0.4661526645
 H          1.9242031439        0.7160819010        0.0265590646
 H          0.6549377756        1.8950433755        0.0195151349
