  15
 Etot=         -15.8139039160
 C         -1.2850663734       -0.0335694126       -0.0125846049
 C         -0.4005056794        1.2075717871       -0.1281480108
 C          1.0015852460        0.7430205470        0.2359277814
 C          1.0308383004       -0.6964750465       -0.2462160717
 C         -0.3393666443       -1.2210908146        0.1514731354
 H         -1.9030120620       -0.1437867754       -0.9109293377
 H         -1.9643425566        0.0391702000        0.8427736918
 H         -0.4162690928        1.5746367783       -1.1620584552
 H         -0.7441034490        2.0210242479        0.5176643975
 H          1.7761482822        1.3576568748       -0.2314824104
 H          1.1409413017        0.7813280416        1.3228194161
 H          1.1491480973       -0.7302793027       -1.3355631533
 H          1.8443492672       -1.2731252098        0.2047013222
 H         -0.6446347669       -2.0808514466       -0.4536624106
 H         -0.3274153313       -1.5393036785        1.2003481228
  15
 Etot=         -15.8143186522
 C         -1.2933643390       -0.0339025637       -0.0138322756
 C         -0.4022797072        1.2130582415       -0.1329596777
 C          1.0035602232        0.7452220881        0.2371868930
 C          1.0328755807       -0.6983080113       -0.2471820023
 C         -0.3407654915       -1.2261584511        0.1555829982
 H         -1.9109843967       -0.1499582717       -0.9065240944
 H         -1.9719646649        0.0424886073        0.8372224163
 H         -0.4061040755        1.5821020612       -1.1615616478
 H         -0.7441804202        2.0266833003        0.5075871680
 H          1.7803600683        1.3605563246       -0.2182398175
 H          1.1393632484        0.7728861253        1.3209726833
 H          1.1448280391       -0.7233910412       -1.3336748038
 H          1.8476623738       -1.2753150023        0.1924042414
 H         -0.6445273246       -2.0862053280       -0.4426333660
 H         -0.3161845750       -1.5438312890        1.2007146976
  15
 Etot=         -15.8143721248
 C         -1.2946851765       -0.0340885836       -0.0143302225
 C         -0.4019325038        1.2147017041       -0.1355337852
 C          1.0044438682        0.7451495134        0.2405605427
 C          1.0339458165       -0.6984596290       -0.2507327720
 C         -0.3400502077       -1.2278620388        0.1582889255
 H         -1.9083155641       -0.1533743489       -0.9069448201
 H         -1.9700311053        0.0457774794        0.8369601980
 H         -0.4030436763        1.5785342291       -1.1638321424
 H         -0.7451583110        2.0265125626        0.5040775545
 H          1.7815820935        1.3610620489       -0.2098105996
 H          1.1333104483        0.7675323124        1.3240097984
 H          1.1380158379       -0.7180816253       -1.3369116997
 H          1.8487484677       -1.2761335336        0.1835509663
 H         -0.6451102540       -2.0865080285       -0.4380146165
 H         -0.3134251944       -1.5388352721        1.2037260856
  15
 Etot=         -15.8143767911
 C         -1.2948725322       -0.0341393385       -0.0145147291
 C         -0.4012815588        1.2147586738       -0.1365674544
 C          1.0044409265        0.7446002364        0.2424201091
 C          1.0336609760       -0.6979517781       -0.2526035606
 C         -0.3394958733       -1.2279551816        0.1595768432
 H         -1.9062987027       -0.1541147593       -0.9080690299
 H         -1.9688995744        0.0463793833        0.8373160972
 H         -0.4001417985        1.5745325314       -1.1658752725
 H         -0.7450025461        2.0268954434        0.5019831945
 H          1.7826247815        1.3610503918       -0.2048368924
 H          1.1277346814        0.7632270891        1.3263166195
 H          1.1317861282       -0.7135393928       -1.3391130768
 H          1.8495524148       -1.2762556053        0.1780180321
 H         -0.6448809632       -2.0873903131       -0.4349273839
 H         -0.3106318202       -1.5341705904        1.2059399167
