  16
 Etot=         -25.5386479478
 C         -2.5844572019        0.0529249756       -0.0018599923
 C         -1.8487301482        1.2380094883       -0.0030432752
 C         -0.4546564978        1.1924197050       -0.0005474537
 C          0.2037194238       -0.0368969178        0.0027368555
 C         -0.5330071014       -1.2219685176        0.0038903050
 C         -1.9270807517       -1.1763787342        0.0013944835
 C          1.6568003376       -0.0845205923        0.0051542443
 O          2.2705488716       -1.1658761924       -0.0078381796
 N          2.3438100546        1.1252921948        0.0043364058
 H         -3.6705014060        0.0881774355       -0.0043601432
 H         -2.3605397802        2.1961467936       -0.0060105532
 H          0.1086627419        2.1221493146       -0.0010833256
 H         -0.0302746070       -2.1858157612        0.0068109292
 H         -2.5003158523       -2.0992764926        0.0018914440
 H          1.8717116322        2.0227068903       -0.0145300699
 H          3.3582235537        1.1586947529       -0.0106142488
  16
 Etot=         -25.5432638081
 C         -2.5887579656        0.0467059665       -0.0018194521
 C         -1.8729655012        1.2334145198       -0.0027948521
 C         -0.4903617377        1.2083014621       -0.0007348223
 C          0.1987315361       -0.0060232415        0.0016852097
 C         -0.5310172458       -1.1944614438        0.0044707642
 C         -1.9169650809       -1.1663126054        0.0019449834
 C          1.6723143869       -0.0761367690       -0.0039935296
 O          2.2736425907       -1.1541488753       -0.0043272642
 N          2.3686931992        1.0918052776        0.0028530871
 H         -3.6691217623        0.0693474394       -0.0037725169
 H         -2.3911244739        2.1812623772       -0.0054725956
 H          0.0401142237        2.1468683862       -0.0012725244
 H         -0.0098622332       -2.1427076587        0.0063772933
 H         -2.4751466852       -2.0919320661        0.0025831317
 H          1.9195802980        1.9917149066       -0.0134681131
 H          3.3761597201        1.0880906669       -0.0059313733
  16
 Etot=         -25.5441110616
 C         -2.5920761949        0.0425278488       -0.0019641792
 C         -1.8848347175        1.2331322813       -0.0025618701
 C         -0.5038113745        1.2229300997       -0.0009495325
 C          0.1961708792        0.0159507704        0.0017749885
 C         -0.5274011365       -1.1750635495        0.0021940828
 C         -1.9096601383       -1.1618387110        0.0012225129
 C          1.6812225032       -0.0746563799        0.0029661623
 O          2.2673075736       -1.1583041462       -0.0029166876
 N          2.3740814974        1.0720414076        0.0024528308
 H         -3.6706765408        0.0551036452       -0.0045200998
 H         -2.4097279231        2.1751059033       -0.0049088638
 H          0.0138706885        2.1676004052       -0.0008464798
 H          0.0134039041       -2.1102185292        0.0053113508
 H         -2.4559761022       -2.0921529197        0.0028349532
 H          1.9322767639        1.9731241497       -0.0118750012
 H          3.3797435870        1.0405060666       -0.0118867415
  16
 Etot=         -25.5442471990
 C         -2.5952095277        0.0391170614       -0.0013804439
 C         -1.8920892353        1.2330846870       -0.0027087644
 C         -0.5095531743        1.2317297589       -0.0017544149
 C          0.1932660871        0.0274159329        0.0003317171
 C         -0.5253968149       -1.1665213746        0.0032863984
 C         -1.9072485712       -1.1625773537        0.0020231788
 C          1.6816989657       -0.0734818409       -0.0037118324
 O          2.2533057473       -1.1660803359       -0.0006998412
 N          2.3826436611        1.0671497425       -0.0008870449
 H         -3.6740191345        0.0463146246       -0.0026178856
 H         -2.4228494625        2.1723010954       -0.0046527300
 H          0.0024261374        2.1806826608       -0.0025613693
 H          0.0269550885       -2.0952010689        0.0044509878
 H         -2.4471750644       -2.0968591382        0.0028565429
 H          1.9480889426        1.9723384972       -0.0103739836
 H          3.3890696241        1.0163753942       -0.0052730890
  16
 Etot=         -25.5442731630
 C         -2.5958164616        0.0376623218       -0.0012134979
 C         -1.8946028215        1.2329404070       -0.0026973733
 C         -0.5110799945        1.2358640486       -0.0022938853
 C          0.1915153918        0.0324276463       -0.0002221165
 C         -0.5245666711       -1.1633249341        0.0013655204
 C         -1.9061955351       -1.1636536496        0.0012052566
 C          1.6805387639       -0.0726364353        0.0004591604
 O          2.2442395790       -1.1693071267       -0.0004228411
 N          2.3867372880        1.0663822333       -0.0014184916
 H         -3.6748598854        0.0428804933       -0.0021142562
 H         -2.4289749080        2.1706294657       -0.0044777873
 H         -0.0010914502        2.1864121681       -0.0030762331
 H          0.0336767071       -2.0884905362        0.0040613738
 H         -2.4432943285       -2.0997754796        0.0035916257
 H          1.9550113502        1.9729286213       -0.0091719260
 H          3.3926762446        1.0048490987       -0.0072471029
