  15
 Etot=         -15.7718390651
 C          1.2125240203       -1.2489965381        0.0301246240
 C          0.4018729308        0.0002616123       -0.3115870743
 C          1.1896331189        1.2628757582        0.0378430397
 C         -0.9129029793       -0.0145115043        0.4245454284
 C         -2.1072983381       -0.0006603162       -0.1805271883
 H          0.6499760941       -2.1554216226       -0.2189123148
 H          1.4452579631       -1.2863772696        1.1012140660
 H          2.1600076991       -1.2793298189       -0.5211435235
 H          0.2233124588        0.0017931689       -1.3942554502
 H          0.6233676830        2.1708099071       -0.2000246488
 H          1.4267265363        1.2873936171        1.1070458203
 H          2.1350155502        1.3012694282       -0.5145164309
 H         -0.8829673622       -0.0373301919        1.5111521495
 H         -3.0307016076       -0.0125737891        0.3871527136
 H         -2.1740739988        0.0220519411       -1.2624648780
  15
 Etot=         -15.7729729971
 C          1.2086375547       -1.2501651320        0.0351596688
 C          0.4027146943        0.0004512216       -0.3144198274
 C          1.1898121536        1.2609839061        0.0446379772
 C         -0.9093473865       -0.0140540843        0.4119506179
 C         -2.0924379344       -0.0009900320       -0.1803139621
 H          0.6474605395       -2.1498907364       -0.2173677825
 H          1.4373100316       -1.2780044506        1.1010640744
 H          2.1485147667       -1.2657580671       -0.5162573715
 H          0.2067892389        0.0023554634       -1.3924766039
 H          0.6166363055        2.1553410896       -0.1995111070
 H          1.4195412772        1.2823645174        1.1101981630
 H          2.1280858343        1.2932706844       -0.5086132094
 H         -0.8576203098       -0.0355335405        1.4935476293
 H         -3.0104339713       -0.0101594494        0.3834036500
 H         -2.1759130257        0.0210429920       -1.2553555844
  15
 Etot=         -15.7730800444
 C          1.2086134665       -1.2516238393        0.0354768051
 C          0.4033189615        0.0001610115       -0.3167839776
 C          1.1900438274        1.2609793341        0.0456730259
 C         -0.9082380428       -0.0119774441        0.4080158698
 C         -2.0898204486        0.0007032090       -0.1788175185
 H          0.6476902979       -2.1483218931       -0.2181846107
 H          1.4300354767       -1.2729966938        1.1003422092
 H          2.1477703579       -1.2629066404       -0.5124294453
 H          0.2076849958        0.0035504432       -1.3942820518
 H          0.6154811965        2.1509919296       -0.2007481766
 H          1.4111959498        1.2772233803        1.1106701800
 H          2.1286488072        1.2904504855       -0.5025346073
 H         -0.8409131888       -0.0328025172        1.4883154237
 H         -3.0072504908       -0.0116155051        0.3830411063
 H         -2.1845113975        0.0194391220       -1.2521078998
  15
 Etot=         -15.7730849275
 C          1.2093187136       -1.2520992607        0.0349127151
 C          0.4035486837       -0.0003369961       -0.3208993391
 C          1.1896078529        1.2609936162        0.0461987374
 C         -0.9074436254       -0.0146651577        0.4061823468
 C         -2.0907746419       -0.0054501123       -0.1770373295
 H          0.6497890317       -2.1483207939       -0.2214698067
 H          1.4246410370       -1.2718162108        1.1006988623
 H          2.1503970271       -1.2613609972       -0.5088017835
 H          0.2114360613        0.0035338153       -1.3990399188
 H          0.6161225963        2.1501999538       -0.2036516226
 H          1.4034465726        1.2757454978        1.1124325836
 H          2.1311231331        1.2896651693       -0.4961484215
 H         -0.8301779049       -0.0294294807        1.4861737468
 H         -3.0084169604       -0.0045666564        0.3860597749
 H         -2.1928678080        0.0191619954       -1.2499642126
