    -15.773098536227    -15.773098536227         0.13411E-03
    -15.773098654501    -15.773098654501         0.43178E-04
    -15.773098659655    -15.773098659655         0.12861E-04
    -15.773098650456    -15.773098650456         0.43437E-04
    -15.773098646678    -15.773098646678         0.10727E-03
    -15.773098639715    -15.773098639715         0.14372E-03
    -15.773098658300    -15.773098658300         0.14183E-04
    -15.773098655125    -15.773098655125         0.22940E-04
    -15.773098600979    -15.773098600979         0.93228E-04
    -15.771457894420    -15.771457894420         0.93809E-04
    -15.771457433369    -15.771457433369         0.19004E-03
    -15.771458108912    -15.771458108912         0.11601E-03
    -15.771457961677    -15.771457961677         0.20889E-04
    -15.771458138362    -15.771458138362         0.15889E-03
    -15.771458107535    -15.771458107535         0.16470E-03
    -15.771458182520    -15.771458182520         0.40626E-04
    -15.771458189328    -15.771458189328         0.20847E-04
    -15.771458104860    -15.771458104860         0.29833E-04
    -15.771458190214    -15.771458190214         0.52770E-04
    -15.771457933581    -15.771457933581         0.18776E-04
    -15.771458173408    -15.771458173408         0.27008E-04
    -15.771457898881    -15.771457898881         0.10604E-03
    -15.771457859142    -15.771457859142         0.19975E-03
    -15.771457791028    -15.771457791028         0.12477E-03
    -15.771458163986    -15.771458163986         0.15051E-03
    -15.771457731570    -15.771457731570         0.18423E-03
    -15.771457942137    -15.771457942137         0.13900E-04
    -15.770167202662    -15.770167202662         0.19442E-03
    -15.770163245228    -15.770163245228         0.30628E-04
    -15.770163362650    -15.770163362650         0.11256E-03
    -15.773098684987    -15.773098684987         0.15145E-03
    -15.773099669859    -15.773099669859         0.13920E-04
    -15.773099543330    -15.773099543330         0.13657E-03
    -15.773099774047    -15.773099774047         0.17173E-03
    -15.771457422152    -15.771457422152         0.55837E-04
    -15.773099566348    -15.773099566348         0.19038E-03
    -15.771457391449    -15.771457391449         0.80689E-04
    -15.771457373363    -15.771457373363         0.31220E-04
    -15.771457869626    -15.771457869626         0.41163E-04
    -15.771457835324    -15.771457835324         0.74781E-04
    -15.771457535495    -15.771457535495         0.80895E-04
    -15.770031611688    -15.770031611688         0.82130E-04
    -15.770031173007    -15.770031173007         0.90584E-05
    -15.771457538240    -15.771457538240         0.89172E-04
