  12
 Etot=         -25.8911101523
 C         -2.1715113972       -0.3635286262       -0.4184824242
 C         -0.7443756272       -0.7772173158       -0.1141090317
 O          0.1056363639        0.3546455120       -0.2493760041
 N          1.4739674956        0.0720046002        0.0175341472
 O          1.7686182303       -1.0856149572        0.3270562059
 O          2.1988562652        1.0600967636       -0.1034788617
 O         -2.5668205213        0.6513783938        0.4963161533
 H         -2.8589509021       -1.2081966382       -0.3090480756
 H         -2.2435151333        0.0414172832       -1.4320248616
 H         -0.3998938453       -1.5485059360       -0.8094249070
 H         -0.6641481061       -1.1452613678        0.9135621806
 H         -3.4801159176        0.8892839702        0.2710020264
  12
 Etot=         -25.8990840434
 C         -2.1656554587       -0.3489001006       -0.4235928717
 C         -0.7446978213       -0.7862200186       -0.1084872881
 O          0.1175217964        0.3373804347       -0.2536419314
 N          1.4605164952        0.0816920051        0.0149996487
 O          1.7525381325       -1.0409078753        0.3189734935
 O          2.1691016245        1.0398518100       -0.1085239298
 O         -2.5630110039        0.6483772845        0.5081651700
 H         -2.8221449658       -1.2214504727       -0.3308108756
 H         -2.2153830455        0.0486611436       -1.4431410084
 H         -0.4215836720       -1.5723737968       -0.7982149869
 H         -0.6787443582       -1.1522293042        0.9211460955
 H         -3.4707108183        0.9066205722        0.2926550317
  12
 Etot=         -25.8999732179
 C         -2.1623066892       -0.3424433287       -0.4265548123
 C         -0.7455035419       -0.7969454412       -0.1042898211
 O          0.1269053119        0.3191289770       -0.2693860725
 N          1.4526333418        0.0835637998       -0.0128666182
 O          1.7476159804       -1.0117279649        0.3348733666
 O          2.1413840303        1.0417056051       -0.1066064657
 O         -2.5578635328        0.6323398300        0.5213697214
 H         -2.8100573030       -1.2254483715       -0.3621633080
 H         -2.1907388190        0.0689768642       -1.4415756072
 H         -0.4400386787       -1.5993688046       -0.7835081348
 H         -0.6870549173       -1.1499132536        0.9299292813
 H         -3.4572282777        0.9206337704        0.3103050179
  12
 Etot=         -25.8977510528
 C         -2.1579247018       -0.3360831103       -0.4335657107
 C         -0.7478928413       -0.8098752359       -0.0944659550
 O          0.1337644018        0.3009473843       -0.2701467604
 N          1.4293093192        0.1070187636        0.0507297778
 O          1.7532324364       -0.9927250049        0.3169522609
 O          2.1207155256        1.0344718716       -0.1764508483
 O         -2.5572225500        0.6042294677        0.5381963452
 H         -2.8003075524       -1.2284189943       -0.4150859099
 H         -2.1546583969        0.1023199613       -1.4391363729
 H         -0.4524692104       -1.6277609681       -0.7592241059
 H         -0.7053403464       -1.1475332853        0.9453348989
 H         -3.4434591788        0.9339108320        0.3263889277
  12
 Etot=         -25.9006798075
 C         -2.1598382846       -0.3396013820       -0.4312844716
 C         -0.7492399419       -0.8093914092       -0.0994420677
 O          0.1263444538        0.3038793829       -0.2780923459
 N          1.4412124856        0.0932220701        0.0050227870
 O          1.7571339251       -1.0003936663        0.3526998923
 O          2.1277485256        1.0482950001       -0.1530158856
 O         -2.5574955375        0.6070216387        0.5393362063
 H         -2.8121917018       -1.2221751912       -0.4065092311
 H         -2.1649596602        0.1011275250       -1.4353287741
 H         -0.4478865135       -1.6217036135       -0.7674689762
 H         -0.6977143500       -1.1480053406        0.9395639860
 H         -3.4453664956        0.9282266678        0.3240454281
  12
 Etot=         -25.9008493354
 C         -2.1588739086       -0.3384136384       -0.4329211126
 C         -0.7500350130       -0.8136335467       -0.1011002932
 O          0.1285306945        0.2965515082       -0.2929875178
 N          1.4382159558        0.0933856870       -0.0011502633
 O          1.7560976724       -0.9924909669        0.3766672843
 O          2.1251562939        1.0500014313       -0.1658041049
 O         -2.5588874679        0.5927281734        0.5499886663
 H         -2.8153197048       -1.2185182030       -0.4273714714
 H         -2.1561745445        0.1185601397       -1.4298237165
 H         -0.4513130873       -1.6330144538       -0.7612791758
 H         -0.6980042374       -1.1409743671        0.9413692463
 H         -3.4416457482        0.9263199182        0.3339390059
  12
 Etot=         -25.9010281802
 C         -2.1563781321       -0.3350395503       -0.4372637176
 C         -0.7519351842       -0.8215095769       -0.1046753121
 O          0.1346961523        0.2802297792       -0.3287376570
 N          1.4305828309        0.0948543495       -0.0076922271
 O          1.7520486258       -0.9739110027        0.4270882154
 O          2.1218995814        1.0487687451       -0.1978263645
 O         -2.5644752501        0.5585236077        0.5748558973
 H         -2.8190205423       -1.2106352894       -0.4758737584
 H         -2.1367672821        0.1592714021       -1.4168601959
 H         -0.4602572158       -1.6579468156       -0.7456399964
 H         -0.6975802414       -1.1215648039        0.9459813481
 H         -3.4350664376        0.9194608369        0.3561703157
  12
 Etot=         -25.9010911687
 C         -2.1555468538       -0.3341309484       -0.4382271769
 C         -0.7525286208       -0.8227548530       -0.1054422626
 O          0.1380827736        0.2742040936       -0.3433192458
 N          1.4286866666        0.0950916263       -0.0093557256
 O          1.7494180028       -0.9676859091        0.4356373468
 O          2.1231724986        1.0461951892       -0.2026012202
 O         -2.5693914796        0.5455286383        0.5825831663
 H         -2.8185270913       -1.2072804763       -0.4915865683
 H         -2.1312325263        0.1723552910       -1.4103553643
 H         -0.4641264273       -1.6667807345       -0.7371853106
 H         -0.6957647188       -1.1103128715        0.9484756008
 H         -3.4344953188        0.9160726363        0.3609033079
  12
 Etot=         -25.9011427307
 C         -2.1549087776       -0.3324205341       -0.4401265821
 C         -0.7530896810       -0.8235220485       -0.1096868281
 O          0.1423378035        0.2661998939       -0.3666179450
 N          1.4274501878        0.0952277148       -0.0082968328
 O          1.7436391420       -0.9570029865        0.4641819535
 O          2.1270078170        1.0398387429       -0.2181142008
 O         -2.5762783521        0.5267280951        0.5960539609
 H         -2.8156493931       -1.2044576530       -0.5130893258
 H         -2.1262316118        0.1926898369       -1.4012409729
 H         -0.4707345162       -1.6761948705       -0.7313216783
 H         -0.6915364178       -1.0971768642        0.9472773122
 H         -3.4342592958        0.9105923550        0.3705076867
  12
 Etot=         -25.9011827473
 C         -2.1549919318       -0.3312264475       -0.4409487428
 C         -0.7527179811       -0.8226753072       -0.1139843306
 O          0.1463554552        0.2598688118       -0.3850970423
 N          1.4291375023        0.0949876817       -0.0071968300
 O          1.7370664930       -0.9472856022        0.4888222012
 O          2.1319671229        1.0329686724       -0.2292180109
 O         -2.5827137060        0.5130835805        0.6056471434
 H         -2.8123364341       -1.2033326798       -0.5269609170
 H         -2.1249984058        0.2074084622       -1.3934225860
 H         -0.4771754706       -1.6814443158       -0.7295219723
 H         -0.6863828403       -1.0878400915        0.9444310707
 H         -3.4354628989        0.9059889172        0.3769765640
