  12
 Etot=         -20.6765257371
 C          1.5372503285        1.2051059086       -0.0000702916
 C          0.1461957130        1.2189639104        0.0000413799
 C         -0.5548363588        0.0183727407       -0.0008954272
 C          0.1748593610       -1.1595394834        0.0000786085
 N          1.5265437175       -1.2124483018       -0.0001611905
 C          2.1737200948       -0.0252923494        0.0005324956
 C         -1.9816625697        0.0000217039        0.0002015319
 N         -3.1451988857       -0.0156062713        0.0002904543
 H          2.1044775396        2.1285474302       -0.0002875318
 H         -0.3762077712        2.1715746976       -0.0004949177
 H         -0.3118513777       -2.1303259582       -0.0004478479
 H          3.2561259928       -0.0904031624        0.0007650666
  12
 Etot=         -20.6793726822
 C          1.5277763804        1.2028277134       -0.0002361698
 C          0.1431212287        1.2331998359       -0.0001966141
 C         -0.5508739273        0.0239130901       -0.0000276413
 C          0.1830288878       -1.1596398302       -0.0001905476
 N          1.5115150173       -1.1962088522       -0.0001472410
 C          2.1593957118       -0.0310392236        0.0000417083
 C         -1.9662474419       -0.0025204114        0.0014257089
 N         -3.1105158395       -0.0201753148       -0.0012340608
 H          2.0995411416        2.1169546604       -0.0001261305
 H         -0.3847063987        2.1773985416       -0.0002454629
 H         -0.3011337587       -2.1279560889       -0.0000788403
 H          3.2385147826       -0.1077832554        0.0005676212
  12
 Etot=         -20.6797188544
 C          1.5267833921        1.2028739886        0.0001776314
 C          0.1444170119        1.2415901264       -0.0001174773
 C         -0.5483120702        0.0287329108       -0.0001368054
 C          0.1869688068       -1.1597504407       -0.0000167595
 N          1.5040538940       -1.1872398583        0.0003823797
 C          2.1560181233       -0.0342467166        0.0005391599
 C         -1.9588298926        0.0003306247       -0.0036814387
 N         -3.1060497512       -0.0347537850        0.0031988193
 H          2.1027619060        2.1123822054       -0.0000308046
 H         -0.3895245268        2.1796249705       -0.0008031533
 H         -0.3025598821       -2.1238821670       -0.0007067222
 H          3.2336887730       -0.1166909941        0.0007475006
  12
 Etot=         -20.6797286874
 C          1.5266798095        1.2035555613       -0.0001622782
 C          0.1441630249        1.2411006229       -0.0003509004
 C         -0.5483709308        0.0270408862       -0.0000025517
 C          0.1887105633       -1.1625572472       -0.0002120803
 N          1.5048957055       -1.1858783082       -0.0002192733
 C          2.1577996550       -0.0336922334       -0.0002183320
 C         -1.9577401770       -0.0084217996        0.0051258307
 N         -3.1058887019       -0.0224485448       -0.0049648506
 H          2.1032159739        2.1131598843       -0.0000944923
 H         -0.3942825271        2.1763093005        0.0004103022
 H         -0.3051712682       -2.1243880044        0.0007081692
 H          3.2354046572       -0.1148092530       -0.0004672133
