  14
 Etot=         -23.3730883119
 C         -2.4230912034       -0.1067935695       -0.0004399124
 C         -1.8166705030       -1.3629665018        0.0016810117
 C         -0.4255786455       -1.4648950970        0.0017560978
 C          0.3589775206       -0.3120039942        0.0001046375
 C         -0.2484384769        0.9442616726       -0.0019882896
 C         -1.6395303344        1.0461902677       -0.0020633757
 N          0.5191882989        2.1311144436       -0.0036109152
 Cl         2.0771393795       -0.4833896126       -0.0007877793
 H         -3.5068600685       -0.0275136401       -0.0013000542
 H         -2.4277346207       -2.2607141138        0.0038876540
 H          0.0320891693       -2.4516542106        0.0025453483
 H         -2.1245438866        2.0197889545       -0.0027351066
 H          1.5141183934        2.0655755938        0.0438523979
 H          0.0499243879        3.0114688807        0.0429556719
  14
 Etot=         -23.3761757363
 C         -2.4159714822       -0.1052314723       -0.0007289612
 C         -1.8141427961       -1.3549758285        0.0017753829
 C         -0.4318115468       -1.4539387651        0.0014279632
 C          0.3453722658       -0.3072745914       -0.0002068224
 C         -0.2489542425        0.9564977933       -0.0013090451
 C         -1.6418518945        1.0412197658       -0.0017582314
 N          0.5109388108        2.1068303112       -0.0154214935
 Cl         2.0719031810       -0.4650779171       -0.0006705913
 H         -3.4934669227       -0.0264698335       -0.0006314189
 H         -2.4172468816       -2.2506612360        0.0045019525
 H          0.0359731683       -2.4286791197        0.0035499295
 H         -2.1186952162        2.0100473461       -0.0042573921
 H          1.5070307230        2.0345971393        0.0477909640
 H          0.0499122446        2.9915854812        0.0497951496
  14
 Etot=         -23.3769775262
 C         -2.4135376531       -0.1056541991       -0.0006419971
 C         -1.8162370240       -1.3550632498        0.0033739687
 C         -0.4366861452       -1.4506497395        0.0020702434
 C          0.3327014868       -0.3054373958       -0.0036195650
 C         -0.2456480198        0.9713543836       -0.0082230309
 C         -1.6444006930        1.0373533772       -0.0055596180
 N          0.5069145580        2.0941727746       -0.0356135477
 Cl         2.0703349901       -0.4538460673       -0.0025856974
 H         -3.4883930194       -0.0249927811        0.0011924676
 H         -2.4142499196       -2.2507426361        0.0080241921
 H          0.0438723446       -2.4161808766        0.0064017535
 H         -2.1142441757        2.0064338115       -0.0072859285
 H          1.5033052059        2.0180095231        0.0602144341
 H          0.0552574753        2.9837121486        0.0661097113
  14
 Etot=         -23.3770796402
 C         -2.4147104182       -0.1071898648       -0.0005181950
 C         -1.8182643493       -1.3579478523        0.0037526855
 C         -0.4375652256       -1.4523503822        0.0020663557
 C          0.3294462426       -0.3057610948       -0.0041501060
 C         -0.2452984712        0.9734652800       -0.0091815149
 C         -1.6454399186        1.0361188280       -0.0058361253
 N          0.5091540944        2.0973829252       -0.0464556666
 Cl         2.0708456408       -0.4536088822       -0.0034904347
 H         -3.4901623251       -0.0254402296        0.0019752905
 H         -2.4162840411       -2.2541454172        0.0094361851
 H          0.0464153260       -2.4166925123        0.0069400740
 H         -2.1150397661        2.0065999603       -0.0102240342
 H          1.5044869542        2.0205490168        0.0653740523
 H          0.0614056681        2.9874892983        0.0741688195
  14
 Etot=         -23.3771914454
 C         -2.4159088427       -0.1092839257       -0.0002588007
 C         -1.8210593500       -1.3620191135        0.0059801344
 C         -0.4385807909       -1.4546613672        0.0031512026
 C          0.3238959603       -0.3055522989       -0.0069287622
 C         -0.2450096893        0.9761834025       -0.0163143251
 C         -1.6465220002        1.0344657239       -0.0098493794
 N          0.5117743075        2.1027393621       -0.0790116084
 Cl         2.0730921178       -0.4545672370       -0.0065166103
 H         -3.4922901596       -0.0254412221        0.0040297632
 H         -2.4195079651       -2.2587018187        0.0135705653
 H          0.0508285194       -2.4169102801        0.0097184501
 H         -2.1164634416        2.0068955807       -0.0150081839
 H          1.5029930419        2.0242086045        0.0832971913
 H          0.0717477033        2.9911136628        0.0979977494
  14
 Etot=         -23.3772335585
 C         -2.4158123841       -0.1092108669        0.0000700531
 C         -1.8209273135       -1.3619485143        0.0064061144
 C         -0.4382790755       -1.4546647512        0.0031323630
 C          0.3235183630       -0.3049506748       -0.0080691756
 C         -0.2452296830        0.9756929860       -0.0180982767
 C         -1.6462471320        1.0347423547       -0.0104197657
 N          0.5118954218        2.1043838875       -0.0934474003
 Cl         2.0745359117       -0.4556102196       -0.0072014275
 H         -3.4923041301       -0.0251272580        0.0050222685
 H         -2.4197779165       -2.2584613327        0.0151159538
 H          0.0511595397       -2.4168372211        0.0108997035
 H         -2.1168855082        2.0070467876       -0.0178998568
 H          1.4993530593        2.0249859437        0.0898860540
 H          0.0739902582        2.9884279526        0.1084607784
  14
 Etot=         -23.3772786196
 C         -2.4150572722       -0.1078902998        0.0000705589
 C         -1.8191351657       -1.3595342308        0.0071025889
 C         -0.4372053467       -1.4532953313        0.0034785438
 C          0.3255960457       -0.3037372736       -0.0097134328
 C         -0.2458025538        0.9737574063       -0.0213265990
 C         -1.6452984713        1.0362239327       -0.0123297181
 N          0.5109110464        2.1047696289       -0.1063113408
 Cl         2.0759440177       -0.4562805924       -0.0074065889
 H         -3.4911982002       -0.0245972242        0.0061222086
 H         -2.4183219234       -2.2555597542        0.0166826496
 H          0.0496465654       -2.4163011622        0.0123480980
 H         -2.1168164750        2.0072569627       -0.0192994113
 H          1.4927862405        2.0232265207        0.0958187645
 H          0.0729409035        2.9804304904        0.1186210646
