  8
 Etot=         -27.6094598715
 C          0.1839338342        0.3637712334       -0.5604521990
 H          0.1770241259        0.3679351186       -1.6533560914
 C          1.2762195333       -0.5276892636       -0.0207957028
 F          2.4910895596       -0.1056316881       -0.4418125932
 F          1.2973196074       -0.5523183427        1.3286346197
 F          1.1288337495       -1.7994596307       -0.4550416747
 Cl         0.3794683743        2.0326549420        0.0067888528
 Br        -1.5592425230       -0.2975939936        0.0025515525
  8
 Etot=         -27.6103910177
 C          0.1626603740        0.3875872058       -0.5687539740
 H          0.1860577522        0.3755013992       -1.6630314822
 C          1.2526858125       -0.5121577445       -0.0203973028
 F          2.4684027450       -0.1085661669       -0.4325692200
 F          1.2815920366       -0.5445088864        1.3190093929
 F          1.1056854508       -1.7771762947       -0.4469122763
 Cl         0.4513859135        2.0483079998        0.0047435609
 Br        -1.5338238235       -0.3873191369        0.0144280655
  8
 Etot=         -27.6108372829
 C          0.1592960579        0.3756668684       -0.5719527778
 H          0.1811012870        0.3630874717       -1.6658366177
 C          1.2619573184       -0.5161763081       -0.0213754079
 F          2.4728784046       -0.1056591945       -0.4269895484
 F          1.2919769653       -0.5519116733        1.3118953898
 F          1.1308569035       -1.7785226842       -0.4453138496
 Cl         0.4304358061        2.0331705461        0.0133605253
 Br        -1.5538564817       -0.3379866506        0.0127290504
  8
 Etot=         -27.6108669959
 C          0.1608364376        0.3762380813       -0.5698822042
 H          0.1780038881        0.3625283073       -1.6631975176
 C          1.2639772867       -0.5190233319       -0.0200368036
 F          2.4719392678       -0.1059813235       -0.4273150856
 F          1.2930174632       -0.5535427972        1.3111920318
 F          1.1309913752       -1.7794063367       -0.4451888285
 Cl         0.4265393841        2.0358284314        0.0117812299
 Br        -1.5506588415       -0.3349726554        0.0091639417
