  15
 Etot=         -22.6273409293
 C         -3.3426270483       -0.0001039661        0.5170740883
 C         -2.7027369586        1.2081247102        0.2405869477
 C         -1.4222128938        1.2075794879       -0.3123902870
 C         -0.7817483995        0.0001642454       -0.5892344013
 C         -1.4225671453       -1.2080837490       -0.3123768220
 C         -2.7030912101       -1.2075385267        0.2406004128
 C          0.5872666937        0.0002069155       -1.1794942362
 Br         1.9113562071       -0.0000571455        0.2448132765
 H         -4.3407577762        0.0005415594        0.9465442658
 H         -3.2010227746        2.1483606549        0.4550015320
 H         -0.9307438602        2.1536973138       -0.5238075253
 H         -0.9318620841       -2.1538168521       -0.5244863237
 H         -3.2023344449       -2.1488598289        0.4543745893
 H          0.7746767080        0.8886297290       -1.7944352016
 H          0.7748977730       -0.8881825423       -1.7947573908
  15
 Etot=         -22.6286361377
 C         -3.3413317901        0.0000750090        0.5136554121
 C         -2.7053358671        1.2004985609        0.2378902453
 C         -1.4362183461        1.2008924403       -0.3176522120
 C         -0.7987538858       -0.0000007157       -0.6047322151
 C         -1.4363971609       -1.2011725609       -0.3178183048
 C         -2.7055904310       -1.2000458144        0.2375321695
 C          0.5803611498       -0.0000137394       -1.1774184456
 Br         1.9556168255       -0.0001662232        0.2285476451
 H         -4.3313257998        0.0005004065        0.9466696170
 H         -3.1972082553        2.1370271539        0.4564879308
 H         -0.9396812694        2.1401076037       -0.5209684826
 H         -0.9406092435       -2.1402778238       -0.5223989699
 H         -3.1975011077       -2.1369215058        0.4564400940
 H          0.7802305753        0.8926830049       -1.7739288095
 H          0.7802373921       -0.8925237906       -1.7742927497
  15
 Etot=         -22.6288419610
 C         -3.3398497377        0.0001510593        0.5116912758
 C         -2.7039533742        1.1980171907        0.2370800502
 C         -1.4353913443        1.1990249214       -0.3118027458
 C         -0.7953037960       -0.0000329675       -0.5982891859
 C         -1.4358165221       -1.1990507522       -0.3126727906
 C         -2.7042594120       -1.1977220975        0.2364933277
 C          0.5758879243       -0.0000451134       -1.1868475581
 Br         1.9582134186       -0.0004745062        0.2377685376
 H         -4.3276772464        0.0003475557        0.9439775396
 H         -3.1945370461        2.1335249808        0.4534189050
 H         -0.9401827864        2.1347736654       -0.5231471119
 H         -0.9402652909       -2.1348447355       -0.5230388049
 H         -3.1949804468       -2.1331719680        0.4524532786
 H          0.7723790819        0.8956098236       -1.7743407221
 H          0.7722293641       -0.8954450511       -1.7747310707
  15
 Etot=         -22.6288871926
 C         -3.3410340598        0.0001551907        0.5133056075
 C         -2.7048430673        1.1985898210        0.2375428620
 C         -1.4368445546        1.1996905010       -0.3136919179
 C         -0.7958533322       -0.0000067117       -0.6003114921
 C         -1.4370434469       -1.1995875890       -0.3138994311
 C         -2.7050817210       -1.1983743935        0.2372682027
 C          0.5730002660       -0.0000469095       -1.1902915789
 Br         1.9632627605       -0.0002707647        0.2380010676
 H         -4.3296021318        0.0002257648        0.9443559123
 H         -3.1949570115        2.1346921412        0.4538903714
 H         -0.9386940763        2.1347688828       -0.5225491195
 H         -0.9391893265       -2.1347504069       -0.5232345261
 H         -3.1955109094       -2.1343641366        0.4529430386
 H          0.7744989197        0.8963180882       -1.7726231495
 H          0.7743844773       -0.8963774723       -1.7726929227
