  12
 Etot=         -12.6112517966
 C          1.2749356663       -0.6989744677       -0.0003886882
 C          0.0000552035        0.0917029548       -0.0005272525
 C         -0.0029428427        1.4332170133       -0.0003208551
 C         -1.2712380793       -0.7039588949        0.0002536762
 H          1.5981665704       -0.8989245241        1.0261398099
 H          1.1279328086       -1.6560194422       -0.5112165229
 H          2.0886495174       -0.1711846688       -0.5085517492
 H         -0.9304147184        1.9954820021       -0.0002755674
 H          0.9219318473        1.9996194762       -0.0005613530
 H         -1.5939861705       -0.9053697353        1.0267210859
 H         -2.0658762110       -0.1502685940       -0.5117905508
 H         -1.1560550730       -1.6669406921       -0.5087501876
  12
 Etot=         -12.6121921952
 C          1.2756912546       -0.6986296261       -0.0017610353
 C          0.0003006345        0.0905843778       -0.0279734210
 C         -0.0012541933        1.4169227599       -0.0229177654
 C         -1.2758887557       -0.6964946495       -0.0021608580
 H          1.5728854999       -0.9045686950        1.0275679105
 H          1.1492306693       -1.6526252213       -0.5120068591
 H          2.0881349325       -0.1522799896       -0.4803792497
 H         -0.9197886807        1.9809892633       -0.0032307846
 H          0.9159511135        1.9827194236       -0.0003661898
 H         -1.5698416059       -0.9083993624        1.0269200915
 H         -2.0854197184       -0.1407274765       -0.4758436493
 H         -1.1588426317       -1.6491103768       -0.5171163446
  12
 Etot=         -12.6123452547
 C          1.2745494068       -0.6999621256        0.0030254869
 C         -0.0000164075        0.0908062114       -0.0238853451
 C          0.0002989656        1.4110616854       -0.0091848331
 C         -1.2771833677       -0.6957846474        0.0005989717
 H          1.5476170692       -0.9284619602        1.0331124243
 H          1.1628453853       -1.6416055223       -0.5276621421
 H          2.0880484532       -0.1326293095       -0.4435538042
 H         -0.9124115978        1.9785802401       -0.0381137013
 H          0.9130405361        1.9782908141       -0.0389695831
 H         -1.5442352313       -0.9356813014        1.0301761947
 H         -2.0963860926       -0.1255955316       -0.4327875514
 H         -1.1650086007       -1.6306381256       -0.5420242722
  12
 Etot=         -12.6126564128
 C          1.2730782902       -0.7012096031        0.0066487497
 C         -0.0005824164        0.0918651987       -0.0329027946
 C          0.0011810310        1.4124987713       -0.0376972727
 C         -1.2766905531       -0.6979442205        0.0039503162
 H          1.5222797556       -0.9451485216        1.0402425247
 H          1.1720735270       -1.6341510887       -0.5407103343
 H          2.0938290667       -0.1248001681       -0.4137786662
 H         -0.9093377324        1.9831744336       -0.0449292772
 H          0.9128118507        1.9815200921       -0.0476745771
 H         -1.5192447275       -0.9551787253        1.0366153146
 H         -2.1042780011       -0.1197763670       -0.4014356706
 H         -1.1739615720       -1.6224693740       -0.5575964674
  12
 Etot=         -12.6130770574
 C          1.2698106449       -0.7020032296        0.0200086341
 C         -0.0018533981        0.0951361110       -0.0424695051
 C          0.0021144331        1.4177581600       -0.0912913967
 C         -1.2745782891       -0.7011098878        0.0184246543
 H          1.4601458965       -1.0031518976        1.0565787908
 H          1.1933742080       -1.6048893012       -0.5848709989
 H          2.1142324285       -0.1042182272       -0.3263230751
 H         -0.9068042938        1.9943332388       -0.0891952879
 H          0.9140775743        1.9899149026       -0.0884680399
 H         -1.4568934155       -1.0191817760        1.0524071305
 H         -2.1246671809       -0.1009892813       -0.3106272644
 H         -1.1978000892       -1.5932183843       -0.6034417965
  12
 Etot=         -12.6133448217
 C          1.2672665011       -0.7007880972        0.0306438033
 C         -0.0020376213        0.0981159715       -0.0366393835
 C          0.0015727952        1.4215196077       -0.1147522384
 C         -1.2711800464       -0.7012272313        0.0298098299
 H          1.4331710248       -1.0425751051        1.0591054427
 H          1.2031560042       -1.5812440831       -0.6112824647
 H          2.1220783857       -0.0959993855       -0.2749323712
 H         -0.9086086674        1.9985929653       -0.1185281149
 H          0.9147771446        1.9941408014       -0.1203077314
 H         -1.4302741929       -1.0569894122        1.0543132834
 H         -2.1275234089       -0.0929510589       -0.2611273782
 H         -1.2112394001       -1.5722145453       -0.6255708318
  12
 Etot=         -12.6137333095
 C          1.2647193795       -0.6974399456        0.0441494056
 C         -0.0014352490        0.1017163389       -0.0251491729
 C         -0.0000456863        1.4232225738       -0.1304599066
 C         -1.2667802205       -0.6978446708        0.0441770309
 H          1.4077029225       -1.0891819960        1.0531674354
 H          1.2151403397       -1.5474816646       -0.6381785588
 H          2.1284745198       -0.0902710367       -0.2138473813
 H         -0.9135991935        1.9966798749       -0.1633033789
 H          0.9151943324        1.9939411658       -0.1596008585
 H         -1.4020500203       -1.1018399912        1.0486577827
 H         -2.1284995559       -0.0832929621       -0.2004940677
 H         -1.2276630498       -1.5398272592       -0.6483864847
  12
 Etot=         -12.6136433112
 C          1.2617516482       -0.6951223580        0.0630504296
 C         -0.0008372186        0.1056914946       -0.0283025200
 C         -0.0004724932        1.4217328836       -0.1660190485
 C         -1.2635211965       -0.6939883485        0.0618732852
 H          1.3397959501       -1.1634898796        1.0562727961
 H          1.2464266934       -1.4987062316       -0.6852703141
 H          2.1464716415       -0.0667587582       -0.0999854731
 H         -0.9139268827        1.9920845860       -0.2277057357
 H          0.9140979921        1.9903871631       -0.2305032072
 H         -1.3322598894       -1.1763300178        1.0495574594
 H         -2.1479618931       -0.0593476806       -0.0850704245
 H         -1.2584058331       -1.4877724257       -0.6971654022
  12
 Etot=         -12.6140093248
 C          1.2636490572       -0.6954084808        0.0571656425
 C         -0.0003281557        0.1038576919       -0.0267273269
 C         -0.0003893215        1.4198960986       -0.1501583772
 C         -1.2652046598       -0.6934999566        0.0564117112
 H          1.3621176379       -1.1389101363        1.0473307447
 H          1.2418982803       -1.5089621006       -0.6664818406
 H          2.1368498293       -0.0756646047       -0.1336296283
 H         -0.9143428442        1.9871422669       -0.2050015862
 H          0.9140179327        1.9865954408       -0.2117948924
 H         -1.3571411761       -1.1484428971        1.0411024227
 H         -2.1377860178       -0.0698533116       -0.1212731027
 H         -1.2521820434       -1.4983695831       -0.6762119215
  12
 Etot=         -12.6140770773
 C          1.2630021079       -0.6956511179        0.0619130843
 C         -0.0003084780        0.1045035353       -0.0252980559
 C         -0.0002283682        1.4206468212       -0.1629163869
 C         -1.2648295433       -0.6936437172        0.0626249513
 H          1.3481666364       -1.1550931138        1.0455079710
 H          1.2526766880       -1.4968588061       -0.6763467052
 H          2.1362565866       -0.0719897636       -0.1086649001
 H         -0.9142800539        1.9871447144       -0.2255694618
 H          0.9140483924        1.9863902060       -0.2206642490
 H         -1.3420389592       -1.1679903919        1.0407108855
 H         -2.1383877236       -0.0649569751       -0.0920741245
 H         -1.2629187663       -1.4841209641       -0.6884911634
  12
 Etot=         -12.6140993227
 C          1.2623109158       -0.6950129679        0.0738089293
 C         -0.0002136179        0.1060712693       -0.0262403623
 C          0.0001138174        1.4204885527       -0.1932412572
 C         -1.2641380754       -0.6933521934        0.0759987964
 H          1.3039417825       -1.2065822323        1.0405695242
 H          1.2834368980       -1.4587501243       -0.7102415686
 H          2.1418701624       -0.0570408076       -0.0304983655
 H         -0.9141278671        1.9844145157       -0.2596253583
 H          0.9144474376        1.9845036688       -0.2654773782
 H         -1.3043500157       -1.2089513868        1.0356007481
 H         -2.1407816008       -0.0570458328       -0.0206995789
 H         -1.2913513180       -1.4503620340       -0.7092222838
  12
 Etot=         -12.6141471098
 C          1.2627974589       -0.6948497232        0.0730370422
 C         -0.0003990517        0.1055655553       -0.0275541414
 C          0.0000159577        1.4194631337       -0.1879535710
 C         -1.2648394555       -0.6932780532        0.0716536240
 H          1.3141773874       -1.1910868613        1.0400504140
 H          1.2796224850       -1.4660375223       -0.6945007968
 H          2.1388620765       -0.0640937282       -0.0449058802
 H         -0.9142586078        1.9839810690       -0.2543709545
 H          0.9144804300        1.9838094283       -0.2585963075
 H         -1.3065128941       -1.2090871474        1.0326313694
 H         -2.1422033958       -0.0548868737       -0.0254677312
 H         -1.2905838721       -1.4511188496       -0.7132912217
