  7
 Etot=         -14.6291102134
 C          1.3915510923        0.0102689454       -0.0012757986
 N         -0.0651080986        0.0002279248        0.0050629143
 O         -0.6481129602       -1.1070365240       -0.0014770890
 O         -0.6669389628        1.0968215888       -0.0014904867
 H          1.7267365345        0.0208777469       -1.0394237518
 H          1.7412055831       -0.8899362758        0.5080465913
 H          1.7292337679        0.9056706194        0.5233290555
  7
 Etot=         -14.6324000771
 C          1.3820278683        0.0100091634        0.0079061732
 N         -0.0648193009       -0.0003377883        0.0049689308
 O         -0.6385587996       -1.0827295612       -0.0027366647
 O         -0.6554757929        1.0725082342       -0.0026239804
 H          1.7211228841        0.0211160830       -1.0269515897
 H          1.7382372101       -0.8942039484        0.4985906457
 H          1.7260328871        0.9105318429        0.5136179199
  7
 Etot=         -14.6326750898
 C          1.3765161562        0.0097583282        0.0134761930
 N         -0.0676740223       -0.0006947380        0.0087881988
 O         -0.6351981136       -1.0740483010       -0.0055995017
 O         -0.6510634738        1.0639877295       -0.0052581956
 H          1.7185276137        0.0212168858       -1.0217371409
 H          1.7401355142       -0.8955556491        0.4941931458
 H          1.7273232816        0.9122297702        0.5089087355
  7
 Etot=         -14.6326699032
 C          1.3762187583        0.0097072269        0.0128464291
 N         -0.0684980337       -0.0007783106        0.0012347417
 O         -0.6352056954       -1.0753288444       -0.0015918187
 O         -0.6508491751        1.0653209969       -0.0011916124
 H          1.7223671863        0.0212603332       -1.0216245644
 H          1.7388289953       -0.8954959090        0.4942159369
 H          1.7257049204        0.9122085325        0.5088823226
  7
 Etot=         -14.6326875505
 C          1.3762712799        0.0096903482        0.0138751860
 N         -0.0688326633       -0.0008121013        0.0065065059
 O         -0.6352341212       -1.0762498917       -0.0045970969
 O         -0.6507924021        1.0662658520       -0.0041199158
 H          1.7196499480        0.0212205792       -1.0217899089
 H          1.7403530536       -0.8955322772        0.4941403747
 H          1.7271518612        0.9123115163        0.5087562900
