  15
 Etot=         -31.7341797051
 C         -2.9509471334       -0.0012902099       -0.0024015818
 C         -2.2535299767       -1.2093147360        0.0002543395
 C         -0.8587093089       -1.2083656226        0.0008899173
 C         -0.1613208263       -0.0007499298       -0.0007357683
 C         -0.8597374202        1.2072936759       -0.0033640984
 C         -2.2545580880        1.2063445625       -0.0039996762
 C          1.3295208217       -0.0003624540       -0.0009100755
 F          1.8770010028       -1.2518867571        0.0009256450
 F          1.8768677071        0.6256045774       -1.0847457009
 F          1.8549728439        0.6306531131        1.0906230328
 H         -4.0375511117       -0.0022477807       -0.0014648262
 H         -2.7957178384       -2.1497049006        0.0024132674
 H         -0.3234232511       -2.1543282918        0.0021001679
 H         -0.3254249604        2.1531803226       -0.0046473955
 H         -2.7979147416        2.1475100446       -0.0042866286
  15
 Etot=         -31.7354698736
 C         -2.9401744282       -0.0006172611       -0.0011832266
 C         -2.2520985013       -1.2047545366        0.0004465531
 C         -0.8668448808       -1.2133563291       -0.0006271119
 C         -0.1725310076       -0.0093053547       -0.0023621042
 C         -0.8594279953        1.1997921965       -0.0040039557
 C         -2.2445395934        1.1991990287       -0.0031792664
 C          1.3191810630        0.0015183892        0.0009131454
 F          1.8776048501       -1.2337165213        0.0028497046
 F          1.8559427281        0.6336739748       -1.0753681714
 F          1.8426288075        0.6369763102        1.0820948612
 H         -4.0202740155        0.0021480094       -0.0015770735
 H         -2.7920883651       -2.1390275685        0.0020397131
 H         -0.3315455595       -2.1519952769        0.0013639510
 H         -0.3168724170        2.1348856504       -0.0053998815
 H         -2.7794329662        2.1369149027       -0.0053565190
  15
 Etot=         -31.7356841946
 C         -2.9367287220        0.0002826442       -0.0023022392
 C         -2.2537258037       -1.2043687675       -0.0002523148
 C         -0.8706746720       -1.2201793226        0.0000925722
 C         -0.1777988990       -0.0169302678       -0.0017726160
 C         -0.8570261863        1.1955993315       -0.0040516645
 C         -2.2395304960        1.1972931389       -0.0045238493
 C          1.3157262473        0.0026867733        0.0017436503
 F          1.8812507359       -1.2201617495        0.0043629673
 F          1.8401576174        0.6412505293       -1.0707615663
 F          1.8333514557        0.6435610478        1.0763851302
 H         -4.0144725183        0.0063394110       -0.0012030766
 H         -2.7942735680       -2.1360722551        0.0016179948
 H         -0.3325907668       -2.1544355039        0.0011443569
 H         -0.3044990564        2.1224561642       -0.0052059764
 H         -2.7696376489        2.1350144400       -0.0046227501
  15
 Etot=         -31.7357084819
 C         -2.9367031120        0.0007934670       -0.0017683537
 C         -2.2553198342       -1.2051000858       -0.0001722105
 C         -0.8715420812       -1.2235507710        0.0003743535
 C         -0.1785916824       -0.0203917377       -0.0009878219
 C         -0.8555332636        1.1939825245       -0.0030286339
 C         -2.2384046313        1.1976711283       -0.0034618148
 C          1.3162240437        0.0029585627        0.0017020123
 F          1.8853451366       -1.2153501834        0.0037581461
 F          1.8339997321        0.6454567003       -1.0706955272
 F          1.8299481390        0.6467886009        1.0753004916
 H         -4.0146389647        0.0082945796       -0.0022857332
 H         -2.7974351068       -2.1363447585        0.0008383739
 H         -0.3321082662       -2.1571452217        0.0021654825
 H         -0.2982052484        2.1179260130       -0.0045389645
 H         -2.7675071418        2.1363467955       -0.0065491819
