  11
 Etot=         -10.5000720622
 C         -1.2556194241        0.2633848544       -0.0002274220
 C          0.0117072566       -0.5747553918       -0.0001162253
 C          1.2442873533        0.2744266884        0.0001997810
 H         -2.1465034296       -0.3724646896       -0.0004421292
 H         -1.3029838855        0.9040203483        0.8868152893
 H         -1.2903731051        0.9034985680       -0.8875495819
 H          0.0199623566       -1.2234056438        0.8830885663
 H          0.0203963379       -1.2231172529       -0.8821073799
 H          2.1365608216       -0.3632040635        0.0004860626
 H          1.2794826453        0.9072482790        0.8933112667
 H          1.2789875028        0.9076515341       -0.8918877676
  11
 Etot=         -10.5007062593
 C         -1.2621950874        0.2611459968       -0.0009633295
 C          0.0050471759       -0.5821090948        0.0007805185
 C          1.2564028118        0.2741172337        0.0007173756
 H         -2.1506674296       -0.3689780835       -0.0026918376
 H         -1.2985142949        0.8989022818        0.8818426893
 H         -1.2941203719        0.9002333318       -0.8825789104
 H          0.0041876560       -1.2306826638        0.8817599071
 H          0.0042256854       -1.2306267032       -0.8796903598
 H          2.1536646171       -0.3459252789        0.0007843680
 H          1.2890241197        0.9136406744        0.8820647230
 H          1.2888495477        0.9135655362       -0.8804546841
  11
 Etot=         -10.5007689983
 C         -1.2623844530        0.2633717829       -0.0007523145
 C          0.0030710167       -0.5858263848        0.0004754186
 C          1.2587712927        0.2752038164        0.0008195154
 H         -2.1477816223       -0.3674492141       -0.0026771358
 H         -1.2950560505        0.8993874369        0.8812130537
 H         -1.2926615479        0.9006237226       -0.8817487424
 H          0.0045705505       -1.2313732325        0.8821296617
 H          0.0055220365       -1.2321799517       -0.8806035135
 H          2.1526831697       -0.3445877978        0.0011559146
 H          1.2842989017        0.9131355260        0.8817951927
 H          1.2848711357        0.9129775266       -0.8802365904
  11
 Etot=         -10.5007723174
 C         -1.2629940225        0.2634787870       -0.0007174245
 C          0.0026306035       -0.5863269970        0.0003046561
 C          1.2600665369        0.2762564136        0.0008743263
 H         -2.1487894360       -0.3669206913       -0.0020614625
 H         -1.2931415654        0.8988782799        0.8814685502
 H         -1.2912121140        0.8998976137       -0.8823096543
 H          0.0054913818       -1.2303072665        0.8822489232
 H          0.0067769413       -1.2309307894       -0.8812472662
 H          2.1517447367       -0.3454298515        0.0014628002
 H          1.2821594794        0.9124818772        0.8828841131
 H          1.2831718882        0.9122058550       -0.8813371015
