  15
 Etot=         -22.9001707423
 C         -2.5772113526        0.3333856410        0.1675556098
 O         -1.2444343159        0.7163644284       -0.1879308439
 C         -0.3167807011       -0.2814530789       -0.1445719572
 O         -0.5202957516       -1.4487399184        0.1630057704
 C          1.0228640066        0.2620927316       -0.5381643974
 C          1.8593761490        0.9052698815        0.5122986383
 C          2.2421633399       -0.4345581376       -0.0411928665
 H         -3.2372181328        1.2024483605        0.1002723309
 H         -2.5835365551       -0.0649677230        1.1848011992
 H         -2.9216557729       -0.4373710863       -0.5264992214
 H          1.0337106096        0.6736901883       -1.5287051007
 H          2.4847062365        1.7516723524        0.2575062935
 H          1.4474739930        0.9390781692        1.5135241941
 H          3.1243398952       -0.4872908834       -0.6675679799
 H          2.0865379956       -1.3030158686        0.5875152706
  15
 Etot=         -22.9030319064
 C         -2.5751934817        0.3178805537        0.1621901499
 O         -1.2443223161        0.6971545551       -0.1966071251
 C         -0.3145143484       -0.2708911620       -0.1453553607
 O         -0.5353164654       -1.4151773316        0.1850824475
 C          1.0255911683        0.2612885042       -0.5397318711
 C          1.8665288285        0.8999636421        0.5243746489
 C          2.2477990057       -0.4370903054       -0.0352958141
 H         -3.1929462585        1.2109975560        0.0844684765
 H         -2.5894868531       -0.0683171062        1.1827369304
 H         -2.9349358594       -0.4543201865       -0.5207316671
 H          1.0290241861        0.6966623236       -1.5282173213
 H          2.4576242131        1.7632516960        0.2581630498
 H          1.4605595819        0.9365234031        1.5247683312
 H          3.1076332850       -0.5001940048       -0.6842474858
 H          2.0919949573       -1.3111270806        0.5802495512
  15
 Etot=         -22.9036924052
 C         -2.5787856110        0.3098833712        0.1530705410
 O         -1.2482084652        0.6808235696       -0.2130758508
 C         -0.3136692213       -0.2638775535       -0.1367934654
 O         -0.5448890804       -1.3958165958        0.2274006378
 C          1.0230487793        0.2622733695       -0.5390867944
 C          1.8742768624        0.8920436672        0.5326871898
 C          2.2512898497       -0.4365498338       -0.0409518469
 H         -3.1704758296        1.2164910435        0.0611743728
 H         -2.5949669797       -0.0641745690        1.1777312236
 H         -2.9463372607       -0.4697576510       -0.5154377165
 H          1.0186614348        0.7217229250       -1.5199743202
 H          2.4514306129        1.7616168682        0.2621951792
 H          1.4779139244        0.9233654323        1.5357363513
 H          3.1018880443       -0.4964747669       -0.6997111885
 H          2.0988625835       -1.3149642198        0.5668826273
  15
 Etot=         -22.9040664838
 C         -2.5853244597        0.3069555267        0.1397936845
 O         -1.2550156272        0.6689905803       -0.2384338624
 C         -0.3116223136       -0.2581708489       -0.1214226947
 O         -0.5401838111       -1.3789359008        0.2904525775
 C          1.0197136180        0.2647028300       -0.5340763667
 C          1.8824261460        0.8826637513        0.5417314510
 C          2.2550215480       -0.4358375286       -0.0529544582
 H         -3.1664516846        1.2167754517        0.0335914710
 H         -2.5981119879       -0.0516658375        1.1702232985
 H         -2.9573249203       -0.4836381838       -0.5127383250
 H          1.0064971800        0.7448718025       -1.5054791624
 H          2.4507241240        1.7576273979        0.2713154874
 H          1.4958145494        0.9030923531        1.5486904835
 H          3.0980275219       -0.4879498979       -0.7220529407
 H          2.1058497603       -1.3228764392        0.5432062969
  15
 Etot=         -22.9046055245
 C         -2.6052620286        0.3001447066        0.0990217355
 O         -1.2783719392        0.6369366079       -0.3234674470
 C         -0.3049161568       -0.2409807424       -0.0724138917
 O         -0.5127440493       -1.3257746175        0.4791416746
 C          1.0090296309        0.2752410460       -0.5167641203
 C          1.9067826091        0.8539709957        0.5670732348
 C          2.2627576586       -0.4355982047       -0.0916477683
 H         -3.1706162988        1.2113962504       -0.0450012788
 H         -2.5991617429       -0.0095681036        1.1476242206
 H         -2.9913856471       -0.5233506899       -0.5053294156
 H          0.9696297229        0.8117225146       -1.4596199266
 H          2.4558016112        1.7423375341        0.3016638771
 H          1.5477221630        0.8391050570        1.5853217941
 H          3.0867191116       -0.4628158734       -0.7871558345
 H          2.1240549986       -1.3461614241        0.4734000862
  15
 Etot=         -22.9050707938
 C         -2.6085768490        0.2983526077        0.0964289304
 O         -1.2802472607        0.6342517509       -0.3193559803
 C         -0.3041985381       -0.2372613224       -0.0602345235
 O         -0.5103975805       -1.3204402511        0.4690328708
 C          1.0070715043        0.2795783742       -0.5081765714
 C          1.9152729537        0.8539054266        0.5669908917
 C          2.2606604317       -0.4365051000       -0.0936982035
 H         -3.1815826863        1.2040793620       -0.0554296492
 H         -2.6046965558       -0.0055223391        1.1459559220
 H         -2.9897065576       -0.5274640704       -0.5059779959
 H          0.9634662981        0.8139927419       -1.4487833667
 H          2.4675310073        1.7389318086        0.2971826570
 H          1.5613221246        0.8412162932        1.5864640302
 H          3.0814918412       -0.4659361429       -0.7929130609
 H          2.1226295103       -1.3445740824        0.4743609895
  15
 Etot=         -22.9057724041
 C         -2.6196791611        0.2896619336        0.0741082778
 O         -1.2932690019        0.6156114763       -0.3545271440
 C         -0.3033561958       -0.2233217280       -0.0310698839
 O         -0.4903085274       -1.2761324111        0.5532565065
 C          0.9995157933        0.2962080909       -0.4874491872
 C          1.9394779375        0.8416682019        0.5772348515
 C          2.2562028640       -0.4380637295       -0.1146746135
 H         -3.2056450691        1.1835035546       -0.1047775284
 H         -2.6099762276        0.0183331579        1.1319957220
 H         -3.0004863596       -0.5526160573       -0.5042613478
 H          0.9417049168        0.8485335850       -1.4120445631
 H          2.4948259882        1.7250887679        0.3092212311
 H          1.6074858156        0.8128081911        1.6035015588
 H          3.0625678518       -0.4614509880       -0.8307606727
 H          2.1209790185       -1.3532269884        0.4420937331
  15
 Etot=         -22.9065952933
 C         -2.6322654727        0.2715027726        0.0375646324
 O         -1.3110844971        0.5899568376       -0.4062964498
 C         -0.3049814951       -0.1963525495        0.0131323490
 O         -0.4627869486       -1.1901070541        0.7091355747
 C          0.9904090687        0.3263319122       -0.4580877860
 C          1.9755095050        0.8208437462        0.5912216206
 C          2.2469228550       -0.4419976408       -0.1494883139
 H         -3.2410922323        1.1457526460       -0.1824242096
 H         -2.6198460628        0.0527828624        1.1072759401
 H         -3.0081624312       -0.5979131921       -0.5040378044
 H          0.9126754620        0.9078850587       -1.3608623510
 H          2.5372198494        1.7043325633        0.3343777271
 H          1.6763539109        0.7614203963        1.6266930779
 H          3.0286502530       -0.4575928584       -0.8922118754
 H          2.1125178790       -1.3702404437        0.3858548083
  15
 Etot=         -22.9070070649
 C         -2.6313364480        0.2553659589        0.0234811847
 O         -1.3121475492        0.5876654704       -0.4011307102
 C         -0.3114864219       -0.1756242422        0.0305650875
 O         -0.4584223157       -1.1275156902        0.7724485350
 C          0.9891442399        0.3499485992       -0.4419043197
 C          1.9948600337        0.8146176618        0.5896878390
 C          2.2340839121       -0.4458427514       -0.1635716205
 H         -3.2661077622        1.1105464095       -0.2174958173
 H         -2.6368946794        0.0604021039        1.0940422117
 H         -2.9868381820       -0.6255684570       -0.5102791186
 H          0.9066501177        0.9311366724       -1.3422333832
 H          2.5726265643        1.6926010242        0.3446166936
 H          1.7118406721        0.7420224098        1.6274726344
 H          3.0007919943       -0.4669804322       -0.9188906090
 H          2.0932754676       -1.3761696805        0.3650383326
  15
 Etot=         -22.9074928353
 C         -2.6444894169        0.2353820500       -0.0101135585
 O         -1.3274609904        0.5728640638       -0.4334900638
 C         -0.3103948033       -0.1382336915        0.0927104027
 O         -0.4490861457       -1.0428153787        0.8955738838
 C          0.9841289070        0.3763196004       -0.4151685000
 C          2.0280724058        0.7940977917        0.6016426986
 C          2.2288817064       -0.4497749340       -0.1945858565
 H         -3.2873517059        1.0752347151       -0.2950315551
 H         -2.6606770151        0.0916977530        1.0740454223
 H         -2.9794875293       -0.6811766945       -0.5079282004
 H          0.8795926420        0.9821377371       -1.3040463583
 H          2.6082986172        1.6732707813        0.3652804466
 H          1.7719889236        0.6957729042        1.6468234519
 H          2.9703278094       -0.4658958720       -0.9784219058
 H          2.0876962385       -1.3922757692        0.3145566326
  15
 Etot=         -22.9078030315
 C         -2.6461196355        0.2310993494       -0.0100798885
 O         -1.3262705149        0.5784053518       -0.4237031711
 C         -0.3077904836       -0.1247894665        0.1031021209
 O         -0.4558263960       -1.0268373130        0.8971785626
 C          0.9857455597        0.3771619990       -0.4159972594
 C          2.0288997579        0.7926840224        0.5991810191
 C          2.2268861130       -0.4494035049       -0.1937353021
 H         -3.2776216162        1.0704843873       -0.2900085667
 H         -2.6713999405        0.0759367835        1.0687155264
 H         -2.9701287761       -0.6821745169       -0.5133654020
 H          0.8826204999        0.9760273206       -1.3106587638
 H          2.6115432345        1.6681938990        0.3612637595
 H          1.7700950892        0.6969900562        1.6422693037
 H          2.9667040325       -0.4665313474       -0.9779190939
 H          2.0827027194       -1.3906419636        0.3156040955
  15
 Etot=         -22.9081338968
 C         -2.6529223255        0.2125456420       -0.0250074570
 O         -1.3306696924        0.5730436950       -0.4292743743
 C         -0.3060162540       -0.0857799109        0.1281074901
 O         -0.4499950115       -0.9432787449        0.9864564312
 C          0.9829255698        0.3988125514       -0.4042562143
 C          2.0485566151        0.7794854333        0.6015660731
 C          2.2125852680       -0.4513538862       -0.2105803993
 H         -3.2850009609        1.0364298772       -0.3280006797
 H         -2.6924190919        0.0680143749        1.0522808568
 H         -2.9500406577       -0.7110804938       -0.5186179519
 H          0.8783458928        0.9971065666       -1.2966328920
 H          2.6460133462        1.6457240221        0.3715762149
 H          1.8003525414        0.6707908577        1.6447943497
 H          2.9380353764       -0.4659972768       -1.0060792510
 H          2.0602890275       -1.3978576511        0.2855147441
  15
 Etot=         -22.9083525280
 C         -2.6586418897        0.1961359317       -0.0350142588
 O         -1.3358945797        0.5681236914       -0.4352325885
 C         -0.3058127738       -0.0538378566        0.1495393275
 O         -0.4468974921       -0.8823083951        1.0317818412
 C          0.9802983033        0.4219394280       -0.3886904570
 C          2.0699537181        0.7700852894        0.6073167304
 C          2.1991159640       -0.4550219848       -0.2233793791
 H         -3.3008719100        1.0037025928       -0.3838947891
 H         -2.7081124453        0.0864659581        1.0542968069
 H         -2.9275138642       -0.7557696825       -0.5061383775
 H          0.8734275655        1.0264569156       -1.2779966402
 H          2.6807988117        1.6288343241        0.3816221825
 H          1.8318021118        0.6514089527        1.6525344536
 H          2.9089925200       -0.4716430477       -1.0345135179
 H          2.0393956037       -1.4079670604        0.2596156061
  15
 Etot=         -22.9084973216
 C         -2.6611817957        0.1845278100       -0.0454151256
 O         -1.3393997125        0.5622405544       -0.4443260360
 C         -0.3063745343       -0.0332618988        0.1706180861
 O         -0.4442306530       -0.8404208220        1.0708927159
 C          0.9786001194        0.4364305705       -0.3762248686
 C          2.0857859236        0.7650043898        0.6077458009
 C          2.1894011696       -0.4580619878       -0.2298109831
 H         -3.3109308996        0.9795434943       -0.4022705238
 H         -2.7124084691        0.0819587067        1.0410821596
 H         -2.9218586290       -0.7691281453       -0.5097405768
 H          0.8697325000        1.0474832664       -1.2620880038
 H          2.7054800236        1.6177143347        0.3798319580
 H          1.8547639790        0.6428484861        1.6545735039
 H          2.8881459089       -0.4785992760       -1.0514844218
 H          2.0245147124       -1.4116744263        0.2484632552
  15
 Etot=         -22.9085966115
 C         -2.6577904908        0.1733723601       -0.0510658808
 O         -1.3382163738        0.5550159504       -0.4542259835
 C         -0.3083515545       -0.0137924431        0.1797816361
 O         -0.4443240403       -0.8000169211        1.0932656584
 C          0.9780116343        0.4498825243       -0.3678629511
 C          2.0943371174        0.7603522926        0.6055284445
 C          2.1756034437       -0.4603249661       -0.2320978230
 H         -3.3163959339        0.9543801505       -0.4120955629
 H         -2.7056815198        0.0791905040        1.0330572305
 H         -2.9141985686       -0.7817219482       -0.5063365642
 H          0.8756974311        1.0669306786       -1.2498446993
 H          2.7256344542        1.6044291063        0.3748933439
 H          1.8658546621        0.6352627236        1.6530259774
 H          2.8672807720       -0.4834502263       -1.0572042360
 H          2.0025786099       -1.4129047289        0.2430283500
  15
 Etot=         -22.9086352138
 C         -2.6595590278        0.1521456542       -0.0703649575
 O         -1.3420456412        0.5398522228       -0.4741177211
 C         -0.3099495285        0.0249508326        0.2108826571
 O         -0.4402566224       -0.7137505952        1.1732503674
 C          0.9754746048        0.4772320232       -0.3487680873
 C          2.1164415931        0.7452581465        0.6092191491
 C          2.1574080534       -0.4631025760       -0.2499109641
 H         -3.3293810014        0.9119956201       -0.4587282094
 H         -2.7130229989        0.0913097791        1.0175399498
 H         -2.8976963081       -0.8230140191       -0.4991185342
 H          0.8731612447        1.1049857027       -1.2224504982
 H          2.7628906201        1.5788726596        0.3827408475
 H          1.9011071277        0.6058725650        1.6587653463
 H          2.8312395610       -0.4858792388       -1.0899537943
 H          1.9742279667       -1.4201237199        0.2128613891
  15
 Etot=         -22.9087064722
 C         -2.6584422110        0.1586850216       -0.0642591268
 O         -1.3398527549        0.5418005338       -0.4659471885
 C         -0.3094123564        0.0123012645        0.2011808760
 O         -0.4425484833       -0.7416854063        1.1453426669
 C          0.9766389006        0.4693892784       -0.3543315324
 C          2.1088652093        0.7493172254        0.6098260190
 C          2.1635747688       -0.4613353991       -0.2458090431
 H         -3.3230021809        0.9266154844       -0.4477871344
 H         -2.7126017408        0.0916789174        1.0234922901
 H         -2.9013650095       -0.8126651573       -0.4982087659
 H          0.8739590373        1.0924469899       -1.2307218377
 H          2.7490747830        1.5859788781        0.3819794882
 H          1.8891949032        0.6159723786        1.6582104750
 H          2.8427294259       -0.4850783913       -1.0827357276
 H          1.9832273522       -1.4168165617        0.2216154813
  15
 Etot=         -22.9087305139
 C         -2.6580319617        0.1540206113       -0.0673182126
 O         -1.3398175488        0.5350188112       -0.4707085178
 C         -0.3095457731        0.0188671531        0.2057609220
 O         -0.4424707275       -0.7256250735        1.1574352242
 C          0.9766051008        0.4748291735       -0.3511010151
 C          2.1121726967        0.7464407084        0.6107806623
 C          2.1599610441       -0.4610448347       -0.2495319368
 H         -3.3219497183        0.9196797173       -0.4569755182
 H         -2.7141674418        0.0955882302        1.0210812607
 H         -2.9001141230       -0.8206212785       -0.4936776256
 H          0.8731552858        1.1000527477       -1.2258757880
 H          2.7550039013        1.5809620501        0.3836812806
 H          1.8957604086        0.6108472457        1.6595866015
 H          2.8375630504       -0.4849579990       -1.0867348135
 H          1.9759154497       -1.4174522061        0.2154444162
