  16
 Etot=         -30.7549460831
 C         -2.5631401157       -0.7049615551        0.0001010624
 C         -2.5623656127        0.7056589063       -0.0004593496
 C         -1.3634595350        1.4245839271       -0.0006362206
 C         -0.1933780002        0.6938809432        0.0005263135
 C         -0.1941238136       -0.6941800628        0.0008218669
 C         -1.3640435547       -1.4243161998        0.0006775535
 C          1.1973118787       -1.1454383252       -0.0000117492
 O          1.5508499954       -2.3095377473       -0.0011673499
 N          1.9567516230       -0.0007567919        0.0006680495
 C          1.1971922369        1.1456246908        0.0004807316
 O          1.5516573932        2.3094642893       -0.0004368214
 H         -3.5098097645       -1.2376516586       -0.0012516076
 H         -3.5096964696        1.2385651788       -0.0008495392
 H         -1.3640959501        2.5088290905       -0.0007792306
 H         -1.3644061638       -2.5075824388        0.0010295070
 H          2.9707539509       -0.0006338926        0.0001543489
  16
 Etot=         -30.7581927489
 C         -2.5715587927       -0.6962422075       -0.0002555801
 C         -2.5711176545        0.6970830610       -0.0004928239
 C         -1.3801761741        1.4191831779       -0.0001291858
 C         -0.2042527383        0.6974009425        0.0004360169
 C         -0.2047023135       -0.6973328469        0.0005533927
 C         -1.3806211633       -1.4187362920        0.0003329752
 C          1.2003623180       -1.1485821863        0.0002131849
 O          1.5952068666       -2.2967512681       -0.0006592097
 N          1.9623225837       -0.0005242787        0.0004959886
 C          1.2003084800        1.1485588905        0.0001113269
 O          1.5960802142        2.2962546957       -0.0003248087
 H         -3.5137772071       -1.2231318010       -0.0004818068
 H         -3.5135050514        1.2240858316       -0.0010928277
 H         -1.3766739038        2.4985147137       -0.0006581511
 H         -1.3771604842       -2.4978385818        0.0006317979
 H          2.9752631186       -0.0003934966        0.0001872759
  16
 Etot=         -30.7591934912
 C         -2.5804274886       -0.6916778492       -0.0001009950
 C         -2.5802738030        0.6925206208       -0.0005333022
 C         -1.3916024080        1.4161634555       -0.0004747664
 C         -0.2120125756        0.7004535760        0.0000151106
 C         -0.2122125161       -0.7002009637        0.0003540384
 C         -1.3919414483       -1.4156364374        0.0003047656
 C          1.1992845543       -1.1531105888        0.0002848371
 O          1.6369474363       -2.2838480754       -0.0000871616
 N          1.9610537630       -0.0003237771        0.0003838524
 C          1.1994133386        1.1528883864        0.0001503833
 O          1.6379622060        2.2831800272       -0.0002211114
 H         -3.5197247720       -1.2190288299       -0.0003971971
 H         -3.5193946437        1.2200211800       -0.0008159031
 H         -1.3815421918        2.4933639616       -0.0003757037
 H         -1.3821793749       -2.4929767865        0.0002643352
 H          2.9726480220       -0.0002395456        0.0001163833
  16
 Etot=         -30.7592737371
 C         -2.5823223458       -0.6922193147       -0.0002828644
 C         -2.5821883630        0.6930249436       -0.0003966946
 C         -1.3919726660        1.4158615590       -0.0002171152
 C         -0.2121273200        0.7008438501       -0.0000063130
 C         -0.2122978136       -0.7006260695        0.0001034986
 C         -1.3923087923       -1.4153582056        0.0000011917
 C          1.1973565398       -1.1550229729        0.0002019871
 O          1.6448301069       -2.2808472307        0.0000641999
 N          1.9580950679       -0.0002916126        0.0003199259
 C          1.1975837492        1.1547505289       -0.0000389433
 O          1.6458134331        2.2802308217       -0.0001175503
 H         -3.5212748589       -1.2218192331       -0.0001960911
 H         -3.5209648018        1.2228407686       -0.0007575478
 H         -1.3805178061        2.4935234284       -0.0005500860
 H         -1.3811680441       -2.4930902708        0.0003987084
 H          2.9694620127       -0.0002526365        0.0003412592
  16
 Etot=         -30.7592904927
 C         -2.5827188805       -0.6927354600       -0.0001245901
 C         -2.5825501020        0.6935238366       -0.0004524255
 C         -1.3911667891        1.4154481718       -0.0004581630
 C         -0.2112227457        0.7007698421       -0.0001336088
 C         -0.2114055475       -0.7006077300        0.0001555698
 C         -1.3915339578       -1.4149745320        0.0001706311
 C          1.1958101642       -1.1562599892        0.0002870328
 O          1.6468729723       -2.2800251319        0.0003314801
 N          1.9559560681       -0.0002797876        0.0002818338
 C          1.1961065560        1.1559689699        0.0000522821
 O          1.6477419395        2.2794915878       -0.0001740133
 H         -3.5214714501       -1.2237145133       -0.0002882008
 H         -3.5211485189        1.2247653703       -0.0005586100
 H         -1.3799634521        2.4935691109       -0.0004504000
 H         -1.3806296983       -2.4930985742        0.0000035126
 H          2.9673215401       -0.0002928172        0.0002252344
