 
       ╔════════════════════════════════════════════╗
       ║            ___ ___ ___ ___ _____           ║
       ║           / __| _ \ __/ __|_   _|          ║
       ║          | (__|   / _|\__ \ | |            ║
       ║           \___|_|_\___|___/ |_|            ║
       ║                                            ║
       ║  Conformer-Rotamer Ensemble Sampling Tool  ║
       ║          based on the xTB methods          ║
       ║                                            ║
       ╚════════════════════════════════════════════╝
       Version 3.0.2, Sun Aug 25 20:02:36 UTC 2024
       commit (af7eb99) compiled by 'runner@fv-az1984-471'
 
   Cite work conducted with this code as

   • P.Pracht, F.Bohle, S.Grimme, PCCP, 2020, 22, 7169-7192.
   • S.Grimme, JCTC, 2019, 15, 2847-2862.
   • P.Pracht, S.Grimme, C.Bannwarth, F.Bohle, S.Ehlert,
     G.Feldmann, J.Gorges, M.Müller, T.Neudecker, C.Plett,
     S.Spicher, P.Steinbach, P.Wesołowski, F.Zeller,
     J. Chem. Phys., 2024, 160, 114110.

   for works involving QCG cite

   • S.Spicher, C.Plett, P.Pracht, A.Hansen, S.Grimme,
     JCTC, 2022, 18 (5), 3174-3189.
   • C.Plett, S. Grimme,
     Angew. Chem. Int. Ed. 2023, 62, e202214477.

   for works involving MECP screening cite

   • P.Pracht, C.Bannwarth, JCTC, 2022, 18 (10), 6370-6385.
 
   Original code
     P.Pracht, S.Grimme, Universität Bonn, MCTC
   with help from (alphabetical order):
     C.Bannwarth, F.Bohle, S.Ehlert, G.Feldmann, J.Gorges,
     S.Grimme, C.Plett, P.Pracht, S.Spicher, P.Steinbach,
     P.Wesolowski, F.Zeller
 
   Online documentation is available at
   https://crest-lab.github.io/crest-docs/
 
   This program is distributed in the hope that it will be useful,
   but WITHOUT ANY WARRANTY; without even the implied warranty of
   MERCHANTABILITY or FITNESS FOR A PARTICULAR PURPOSE. See the
   GNU Lesser General Public License (LGPL) for more details.

 Command line input:
 $ crest mobley_2422586.xyz --alpb water --chrg 0 --uhf 0 -T 4 --noreftopo

  --alpb water : implicit solvation
  --chrg 0
  --uhf 0
  -T 4 (CPUs/Threads selected)

> Setting up backup calculator ... done.
 ----------------
 Calculation info
 ----------------
> User-defined calculation level:
 : xTB calculation via tblite lib
 : GFN2-xTB level
 :   Molecular charge    : 0
 :   Solvation model     : alpb
 :   Solvent             : water
 :   Fermi temperature   : 300.00000
 :   Accuracy            : 1.00000
 :   max SCC cycles      : 500
 
 
 -----------------------------
 Initial Geometry Optimization
 -----------------------------
 Geometry successfully optimized.
 
          ┍━━━━━━━━━━━━━━━━━━━━━━━━━━━━━━━━━━━━━━━━━━━━━━━━━┑
          │              CREST iMTD-GC SAMPLING             │
          ┕━━━━━━━━━━━━━━━━━━━━━━━━━━━━━━━━━━━━━━━━━━━━━━━━━┙
 
 Input structure:
  15
 
 C         -2.5051172849        0.2989676376        0.0017968076
 C         -1.2236307713       -0.5250600636        0.0003038978
 C          0.0132868569        0.3658549104       -0.0001607432
 O          1.1673701582       -0.4538678613        0.0012588625
 C          2.3704068097        0.2799330695       -0.0023160774
 H         -3.3718479064       -0.3556895982        0.0002729227
 H         -2.5497825740        0.9311288047        0.8853305925
 H         -2.5494307013        0.9349046467       -0.8790661347
 H         -1.1863911585       -1.1667566186       -0.8809492207
 H         -1.1847921509       -1.1678441461        0.8807002853
 H          0.0191743912        1.0120665938       -0.8917213609
 H          0.0185032739        1.0140344570        0.8899967987
 H          3.1748148944       -0.4509358306        0.0010715161
 H          2.4436919031        0.9174139788        0.8863359294
 H          2.4434406823        0.9085739889       -0.8971406048
 
 ------------------------------------------------
 Generating MTD length from a flexibility measure
 ------------------------------------------------
 Calculating GFN0-xTB WBOs   ... done.
 Calculating NCI flexibility ... done.
     covalent flexibility measure :   0.695
 non-covalent flexibility measure :   0.877
 flexibility measure :   0.713
 t(MTD) / ps    :     5.0
 Σ(t(MTD)) / ps :    70.0 (14 MTDs)
 
 -----------------------------------
 Starting trial MTD to test settings
 -----------------------------------
 Trial MTD 1 runtime (1.0 ps) ...        0 min,  0.739 sec
 Estimated runtime for one MTD (5.0 ps) on a single thread: 4 sec
 Estimated runtime for a batch of 14 MTDs on 4 threads: 15 sec
 
******************************************************************************************
**                         N E W   I T E R A T I O N  C Y C L E                         **
******************************************************************************************
 
 ------------------------------
 Meta-Dynamics Iteration 1
 ------------------------------
 list of applied metadynamics Vbias parameters:
$metadyn    0.04500   1.300
$metadyn    0.02250   1.300
$metadyn    0.01125   1.300
$metadyn    0.04500   0.780
$metadyn    0.02250   0.780
$metadyn    0.01125   0.780
$metadyn    0.04500   0.468
$metadyn    0.02250   0.468
$metadyn    0.01125   0.468
$metadyn    0.04500   0.281
$metadyn    0.02250   0.281
$metadyn    0.01125   0.281
$metadyn    0.01500   0.100
$metadyn    0.07500   0.800
 
  ::::::::::::: starting MTD    1 :::::::::::::
  |   MD simulation time   :     5.0 ps       |
  |   target T             :   300.0 K        |
  |   timestep dt          :     5.0 fs       |
  |   dump interval(trj)   :   100.0 fs       |
  |   SHAKE algorithm      : true (all bonds) |
  |   dump interval(Vbias) :    1.00 ps       |
  |   Vbias prefactor (k)  :  0.0450 Eh       |
  |   Vbias exponent (α)   :  1.3000 bohr⁻²   |
  ::::::::::::: starting MTD    9 :::::::::::::
  |   MD simulation time   :     5.0 ps       |
  |   target T             :   300.0 K        |
  |   timestep dt          :     5.0 fs       |
  |   dump interval(trj)   :   100.0 fs       |
  |   SHAKE algorithm      : true (all bonds) |
  |   dump interval(Vbias) :    1.00 ps       |
  |   Vbias prefactor (k)  :  0.0112 Eh       |
  |   Vbias exponent (α)   :  0.4680 bohr⁻²   |
  ::::::::::::: starting MTD   12 :::::::::::::
  |   MD simulation time   :     5.0 ps       |
  |   target T             :   300.0 K        |
  |   timestep dt          :     5.0 fs       |
  |   dump interval(trj)   :   100.0 fs       |
  |   SHAKE algorithm      : true (all bonds) |
  |   dump interval(Vbias) :    1.00 ps       |
  |   Vbias prefactor (k)  :  0.0112 Eh       |
  |   Vbias exponent (α)   :  0.2808 bohr⁻²   |
  ::::::::::::: starting MTD    5 :::::::::::::
  |   MD simulation time   :     5.0 ps       |
  |   target T             :   300.0 K        |
  |   timestep dt          :     5.0 fs       |
  |   dump interval(trj)   :   100.0 fs       |
  |   SHAKE algorithm      : true (all bonds) |
  |   dump interval(Vbias) :    1.00 ps       |
  |   Vbias prefactor (k)  :  0.0225 Eh       |
  |   Vbias exponent (α)   :  0.7800 bohr⁻²   |
*MTD  12 completed successfully ...        0 min,  3.634 sec
  ::::::::::::: starting MTD   13 :::::::::::::
  |   MD simulation time   :     5.0 ps       |
  |   target T             :   300.0 K        |
  |   timestep dt          :     5.0 fs       |
  |   dump interval(trj)   :   100.0 fs       |
  |   SHAKE algorithm      : true (all bonds) |
  |   dump interval(Vbias) :    1.00 ps       |
  |   Vbias prefactor (k)  :  0.0150 Eh       |
  |   Vbias exponent (α)   :  0.1000 bohr⁻²   |
*MTD   1 completed successfully ...        0 min,  3.650 sec
  ::::::::::::: starting MTD    2 :::::::::::::
  |   MD simulation time   :     5.0 ps       |
  |   target T             :   300.0 K        |
  |   timestep dt          :     5.0 fs       |
  |   dump interval(trj)   :   100.0 fs       |
  |   SHAKE algorithm      : true (all bonds) |
  |   dump interval(Vbias) :    1.00 ps       |
  |   Vbias prefactor (k)  :  0.0225 Eh       |
  |   Vbias exponent (α)   :  1.3000 bohr⁻²   |
*MTD   9 completed successfully ...        0 min,  3.698 sec
  ::::::::::::: starting MTD   10 :::::::::::::
  |   MD simulation time   :     5.0 ps       |
  |   target T             :   300.0 K        |
  |   timestep dt          :     5.0 fs       |
  |   dump interval(trj)   :   100.0 fs       |
  |   SHAKE algorithm      : true (all bonds) |
  |   dump interval(Vbias) :    1.00 ps       |
  |   Vbias prefactor (k)  :  0.0450 Eh       |
  |   Vbias exponent (α)   :  0.2808 bohr⁻²   |
*MTD   5 completed successfully ...        0 min,  3.833 sec
  ::::::::::::: starting MTD    6 :::::::::::::
  |   MD simulation time   :     5.0 ps       |
  |   target T             :   300.0 K        |
  |   timestep dt          :     5.0 fs       |
  |   dump interval(trj)   :   100.0 fs       |
  |   SHAKE algorithm      : true (all bonds) |
  |   dump interval(Vbias) :    1.00 ps       |
  |   Vbias prefactor (k)  :  0.0112 Eh       |
  |   Vbias exponent (α)   :  0.7800 bohr⁻²   |
*MTD  13 completed successfully ...        0 min,  3.818 sec
  ::::::::::::: starting MTD   14 :::::::::::::
  |   MD simulation time   :     5.0 ps       |
  |   target T             :   300.0 K        |
  |   timestep dt          :     5.0 fs       |
  |   dump interval(trj)   :   100.0 fs       |
  |   SHAKE algorithm      : true (all bonds) |
  |   dump interval(Vbias) :    1.00 ps       |
  |   Vbias prefactor (k)  :  0.0750 Eh       |
  |   Vbias exponent (α)   :  0.8000 bohr⁻²   |
*MTD  10 completed successfully ...        0 min,  3.818 sec
  ::::::::::::: starting MTD   11 :::::::::::::
  |   MD simulation time   :     5.0 ps       |
  |   target T             :   300.0 K        |
  |   timestep dt          :     5.0 fs       |
  |   dump interval(trj)   :   100.0 fs       |
  |   SHAKE algorithm      : true (all bonds) |
  |   dump interval(Vbias) :    1.00 ps       |
  |   Vbias prefactor (k)  :  0.0225 Eh       |
  |   Vbias exponent (α)   :  0.2808 bohr⁻²   |
*MTD   2 completed successfully ...        0 min,  3.953 sec
  ::::::::::::: starting MTD    3 :::::::::::::
  |   MD simulation time   :     5.0 ps       |
  |   target T             :   300.0 K        |
  |   timestep dt          :     5.0 fs       |
  |   dump interval(trj)   :   100.0 fs       |
  |   SHAKE algorithm      : true (all bonds) |
  |   dump interval(Vbias) :    1.00 ps       |
  |   Vbias prefactor (k)  :  0.0112 Eh       |
  |   Vbias exponent (α)   :  1.3000 bohr⁻²   |
*MTD   6 completed successfully ...        0 min,  3.769 sec
  ::::::::::::: starting MTD    7 :::::::::::::
  |   MD simulation time   :     5.0 ps       |
  |   target T             :   300.0 K        |
  |   timestep dt          :     5.0 fs       |
  |   dump interval(trj)   :   100.0 fs       |
  |   SHAKE algorithm      : true (all bonds) |
  |   dump interval(Vbias) :    1.00 ps       |
  |   Vbias prefactor (k)  :  0.0450 Eh       |
  |   Vbias exponent (α)   :  0.4680 bohr⁻²   |
*MTD  14 completed successfully ...        0 min,  3.584 sec
*MTD  11 completed successfully ...        0 min,  3.636 sec
*MTD   3 completed successfully ...        0 min,  3.613 sec
  ::::::::::::: starting MTD    4 :::::::::::::
  |   MD simulation time   :     5.0 ps       |
  |   target T             :   300.0 K        |
  |   timestep dt          :     5.0 fs       |
  |   dump interval(trj)   :   100.0 fs       |
  |   SHAKE algorithm      : true (all bonds) |
  |   dump interval(Vbias) :    1.00 ps       |
  |   Vbias prefactor (k)  :  0.0450 Eh       |
  |   Vbias exponent (α)   :  0.7800 bohr⁻²   |
*MTD   7 completed successfully ...        0 min,  3.647 sec
  ::::::::::::: starting MTD    8 :::::::::::::
  |   MD simulation time   :     5.0 ps       |
  |   target T             :   300.0 K        |
  |   timestep dt          :     5.0 fs       |
  |   dump interval(trj)   :   100.0 fs       |
  |   SHAKE algorithm      : true (all bonds) |
  |   dump interval(Vbias) :    1.00 ps       |
  |   Vbias prefactor (k)  :  0.0225 Eh       |
  |   Vbias exponent (α)   :  0.4680 bohr⁻²   |
*MTD   4 completed successfully ...        0 min,  3.540 sec
*MTD   8 completed successfully ...        0 min,  3.548 sec
 
 ======================================
 |  Multilevel Ensemble Optimization  |
 ======================================
 Optimizing all 686 structures from file "crest_dynamics.trj" ...
 ----------------------
 crude pre-optimization
 ----------------------
 Optimization engine: ANCOPT
 Hessian update type: BFGS
 E/G convergence criteria:  0.500E-03 Eh, 0.100E-01 Eh/a0
 maximum optimization steps: 200
 |>0.1% |>10.1% |>20.1% |>30.0% |>40.1% |>50.0% |>60.1% |>70.1% |>80.0% |>90.1% |>100.0%
 done.
> 686 of 686 structures successfully optimized (100.0% success)
> Total runtime for 686 optimizations:
 * wall-time:     0 d,  0 h,  0 min,  5.089 sec
 *  cpu-time:     0 d,  0 h,  0 min, 20.207 sec
 * ratio c/w:     3.971 speedup
> Corresponding to approximately 0.007 sec per processed structure
 
CREGEN> running RMSDs ... done.
CREGEN> E lowest :   -17.72126
 476 structures remain within    12.00 kcal/mol window
 ----------------------------------
 optimization with tight thresholds
 ----------------------------------
 Optimization engine: ANCOPT
 Hessian update type: BFGS
 E/G convergence criteria:  0.100E-05 Eh, 0.800E-03 Eh/a0
 maximum optimization steps: 200
 |>0.2% |>10.1% |>20.2% |>30.0% |>40.1% |>50.0% |>60.1% |>70.2% |>80.0% |>90.1% |>100.0%
 done.
> 476 of 476 structures successfully optimized (100.0% success)
> Total runtime for 476 optimizations:
 * wall-time:     0 d,  0 h,  0 min, 10.681 sec
 *  cpu-time:     0 d,  0 h,  0 min, 41.062 sec
 * ratio c/w:     3.844 speedup
> Corresponding to approximately 0.022 sec per processed structure
 
CREGEN> running RMSDs ... done.
CREGEN> E lowest :   -17.72130
 90 structures remain within     6.00 kcal/mol window
 
 ------------------------------
 Meta-Dynamics Iteration 2
 ------------------------------
 list of applied metadynamics Vbias parameters:
$metadyn    0.04500   1.300
$metadyn    0.02250   1.300
$metadyn    0.01125   1.300
$metadyn    0.04500   0.780
$metadyn    0.02250   0.780
$metadyn    0.01125   0.780
$metadyn    0.04500   0.468
$metadyn    0.02250   0.468
$metadyn    0.01125   0.468
$metadyn    0.04500   0.281
$metadyn    0.02250   0.281
$metadyn    0.01125   0.281
$metadyn    0.01500   0.100
$metadyn    0.07500   0.800
 
  ::::::::::::: starting MTD    1 :::::::::::::
  |   MD simulation time   :     5.0 ps       |
  |   target T             :   300.0 K        |
  |   timestep dt          :     5.0 fs       |
  |   dump interval(trj)   :   100.0 fs       |
  |   SHAKE algorithm      : true (all bonds) |
  |   dump interval(Vbias) :    1.00 ps       |
  |   Vbias prefactor (k)  :  0.0450 Eh       |
  |   Vbias exponent (α)   :  1.3000 bohr⁻²   |
  ::::::::::::: starting MTD    5 :::::::::::::
  |   MD simulation time   :     5.0 ps       |
  |   target T             :   300.0 K        |
  |   timestep dt          :     5.0 fs       |
  |   dump interval(trj)   :   100.0 fs       |
  |   SHAKE algorithm      : true (all bonds) |
  |   dump interval(Vbias) :    1.00 ps       |
  |   Vbias prefactor (k)  :  0.0225 Eh       |
  |   Vbias exponent (α)   :  0.7800 bohr⁻²   |
  ::::::::::::: starting MTD   12 :::::::::::::
  |   MD simulation time   :     5.0 ps       |
  |   target T             :   300.0 K        |
  |   timestep dt          :     5.0 fs       |
  |   dump interval(trj)   :   100.0 fs       |
  |   SHAKE algorithm      : true (all bonds) |
  |   dump interval(Vbias) :    1.00 ps       |
  |   Vbias prefactor (k)  :  0.0112 Eh       |
  |   Vbias exponent (α)   :  0.2808 bohr⁻²   |
  ::::::::::::: starting MTD    9 :::::::::::::
  |   MD simulation time   :     5.0 ps       |
  |   target T             :   300.0 K        |
  |   timestep dt          :     5.0 fs       |
  |   dump interval(trj)   :   100.0 fs       |
  |   SHAKE algorithm      : true (all bonds) |
  |   dump interval(Vbias) :    1.00 ps       |
  |   Vbias prefactor (k)  :  0.0112 Eh       |
  |   Vbias exponent (α)   :  0.4680 bohr⁻²   |
*MTD  12 completed successfully ...        0 min,  5.829 sec
  ::::::::::::: starting MTD   13 :::::::::::::
  |   MD simulation time   :     5.0 ps       |
  |   target T             :   300.0 K        |
  |   timestep dt          :     5.0 fs       |
  |   dump interval(trj)   :   100.0 fs       |
  |   SHAKE algorithm      : true (all bonds) |
  |   dump interval(Vbias) :    1.00 ps       |
  |   Vbias prefactor (k)  :  0.0150 Eh       |
  |   Vbias exponent (α)   :  0.1000 bohr⁻²   |
*MTD   1 completed successfully ...        0 min,  5.831 sec
  ::::::::::::: starting MTD    2 :::::::::::::
  |   MD simulation time   :     5.0 ps       |
  |   target T             :   300.0 K        |
  |   timestep dt          :     5.0 fs       |
  |   dump interval(trj)   :   100.0 fs       |
  |   SHAKE algorithm      : true (all bonds) |
  |   dump interval(Vbias) :    1.00 ps       |
  |   Vbias prefactor (k)  :  0.0225 Eh       |
  |   Vbias exponent (α)   :  1.3000 bohr⁻²   |
*MTD   5 completed successfully ...        0 min,  5.883 sec
  ::::::::::::: starting MTD    6 :::::::::::::
  |   MD simulation time   :     5.0 ps       |
  |   target T             :   300.0 K        |
  |   timestep dt          :     5.0 fs       |
  |   dump interval(trj)   :   100.0 fs       |
  |   SHAKE algorithm      : true (all bonds) |
  |   dump interval(Vbias) :    1.00 ps       |
  |   Vbias prefactor (k)  :  0.0112 Eh       |
  |   Vbias exponent (α)   :  0.7800 bohr⁻²   |
*MTD   9 completed successfully ...        0 min,  6.163 sec
  ::::::::::::: starting MTD   10 :::::::::::::
  |   MD simulation time   :     5.0 ps       |
  |   target T             :   300.0 K        |
  |   timestep dt          :     5.0 fs       |
  |   dump interval(trj)   :   100.0 fs       |
  |   SHAKE algorithm      : true (all bonds) |
  |   dump interval(Vbias) :    1.00 ps       |
  |   Vbias prefactor (k)  :  0.0450 Eh       |
  |   Vbias exponent (α)   :  0.2808 bohr⁻²   |
*MTD   2 completed successfully ...        0 min,  6.454 sec
  ::::::::::::: starting MTD    3 :::::::::::::
  |   MD simulation time   :     5.0 ps       |
  |   target T             :   300.0 K        |
  |   timestep dt          :     5.0 fs       |
  |   dump interval(trj)   :   100.0 fs       |
  |   SHAKE algorithm      : true (all bonds) |
  |   dump interval(Vbias) :    1.00 ps       |
  |   Vbias prefactor (k)  :  0.0112 Eh       |
  |   Vbias exponent (α)   :  1.3000 bohr⁻²   |
*MTD  13 completed successfully ...        0 min,  6.499 sec
  ::::::::::::: starting MTD   14 :::::::::::::
  |   MD simulation time   :     5.0 ps       |
  |   target T             :   300.0 K        |
  |   timestep dt          :     5.0 fs       |
  |   dump interval(trj)   :   100.0 fs       |
  |   SHAKE algorithm      : true (all bonds) |
  |   dump interval(Vbias) :    1.00 ps       |
  |   Vbias prefactor (k)  :  0.0750 Eh       |
  |   Vbias exponent (α)   :  0.8000 bohr⁻²   |
*MTD   6 completed successfully ...        0 min,  6.577 sec
  ::::::::::::: starting MTD    7 :::::::::::::
  |   MD simulation time   :     5.0 ps       |
  |   target T             :   300.0 K        |
  |   timestep dt          :     5.0 fs       |
  |   dump interval(trj)   :   100.0 fs       |
  |   SHAKE algorithm      : true (all bonds) |
  |   dump interval(Vbias) :    1.00 ps       |
  |   Vbias prefactor (k)  :  0.0450 Eh       |
  |   Vbias exponent (α)   :  0.4680 bohr⁻²   |
*MTD  10 completed successfully ...        0 min,  6.314 sec
  ::::::::::::: starting MTD   11 :::::::::::::
  |   MD simulation time   :     5.0 ps       |
  |   target T             :   300.0 K        |
  |   timestep dt          :     5.0 fs       |
  |   dump interval(trj)   :   100.0 fs       |
  |   SHAKE algorithm      : true (all bonds) |
  |   dump interval(Vbias) :    1.00 ps       |
  |   Vbias prefactor (k)  :  0.0225 Eh       |
  |   Vbias exponent (α)   :  0.2808 bohr⁻²   |
*MTD  14 completed successfully ...        0 min,  6.092 sec
*MTD   3 completed successfully ...        0 min,  6.142 sec
  ::::::::::::: starting MTD    4 :::::::::::::
  |   MD simulation time   :     5.0 ps       |
  |   target T             :   300.0 K        |
  |   timestep dt          :     5.0 fs       |
  |   dump interval(trj)   :   100.0 fs       |
  |   SHAKE algorithm      : true (all bonds) |
  |   dump interval(Vbias) :    1.00 ps       |
  |   Vbias prefactor (k)  :  0.0450 Eh       |
  |   Vbias exponent (α)   :  0.7800 bohr⁻²   |
*MTD   7 completed successfully ...        0 min,  6.214 sec
  ::::::::::::: starting MTD    8 :::::::::::::
  |   MD simulation time   :     5.0 ps       |
  |   target T             :   300.0 K        |
  |   timestep dt          :     5.0 fs       |
  |   dump interval(trj)   :   100.0 fs       |
  |   SHAKE algorithm      : true (all bonds) |
  |   dump interval(Vbias) :    1.00 ps       |
  |   Vbias prefactor (k)  :  0.0225 Eh       |
  |   Vbias exponent (α)   :  0.4680 bohr⁻²   |
*MTD  11 completed successfully ...        0 min,  6.315 sec
*MTD   4 completed successfully ...        0 min,  4.352 sec
*MTD   8 completed successfully ...        0 min,  4.180 sec
 
 ======================================
 |  Multilevel Ensemble Optimization  |
 ======================================
 Optimizing all 686 structures from file "crest_dynamics.trj" ...
 ----------------------
 crude pre-optimization
 ----------------------
 Optimization engine: ANCOPT
 Hessian update type: BFGS
 E/G convergence criteria:  0.500E-03 Eh, 0.100E-01 Eh/a0
 maximum optimization steps: 200
 |>0.1% |>10.1% |>20.1% |>30.0% |>40.1% |>50.0% |>60.1% |>70.1% |>80.0% |>90.1% |>100.0%
 done.
> 686 of 686 structures successfully optimized (100.0% success)
> Total runtime for 686 optimizations:
 * wall-time:     0 d,  0 h,  0 min,  6.962 sec
 *  cpu-time:     0 d,  0 h,  0 min, 26.356 sec
 * ratio c/w:     3.786 speedup
> Corresponding to approximately 0.010 sec per processed structure
 
CREGEN> running RMSDs ... done.
CREGEN> E lowest :   -17.72123
 489 structures remain within    12.00 kcal/mol window
 ----------------------------------
 optimization with tight thresholds
 ----------------------------------
 Optimization engine: ANCOPT
 Hessian update type: BFGS
 E/G convergence criteria:  0.100E-05 Eh, 0.800E-03 Eh/a0
 maximum optimization steps: 200
 |>0.2% |>10.0% |>20.0% |>30.1% |>40.1% |>50.1% |>60.1% |>70.1% |>80.2% |>90.2% |>100.0%
 done.
> 489 of 489 structures successfully optimized (100.0% success)
> Total runtime for 489 optimizations:
 * wall-time:     0 d,  0 h,  0 min,  9.159 sec
 *  cpu-time:     0 d,  0 h,  0 min, 35.688 sec
 * ratio c/w:     3.896 speedup
> Corresponding to approximately 0.019 sec per processed structure
 
CREGEN> running RMSDs ... done.
CREGEN> E lowest :   -17.72130
 82 structures remain within     6.00 kcal/mol window
 
========================================
           MTD Simulations done         
========================================
 Collecting ensmbles.
CREGEN> running RMSDs ... done.
CREGEN> E lowest :   -17.72130
 101 structures remain within     6.00 kcal/mol window
 

 ===============================================
 Additional regular MDs on lowest 4 conformer(s)
 ===============================================
  :::::::::::::: starting MD   1 ::::::::::::::
  |   MD simulation time   :     2.5 ps       |
  |   target T             :   400.0 K        |
  |   timestep dt          :     5.0 fs       |
  |   dump interval(trj)   :   100.0 fs       |
  |   SHAKE algorithm      : true (all bonds) |
  :::::::::::::: starting MD   2 ::::::::::::::
  |   MD simulation time   :     2.5 ps       |
  |   target T             :   400.0 K        |
  |   timestep dt          :     5.0 fs       |
  |   dump interval(trj)   :   100.0 fs       |
  |   SHAKE algorithm      : true (all bonds) |
  :::::::::::::: starting MD   3 ::::::::::::::
  |   MD simulation time   :     2.5 ps       |
  |   target T             :   400.0 K        |
  |   timestep dt          :     5.0 fs       |
  |   dump interval(trj)   :   100.0 fs       |
  |   SHAKE algorithm      : true (all bonds) |
  :::::::::::::: starting MD   8 ::::::::::::::
  |   MD simulation time   :     2.5 ps       |
  |   target T             :   500.0 K        |
  |   timestep dt          :     5.0 fs       |
  |   dump interval(trj)   :   100.0 fs       |
  |   SHAKE algorithm      : true (all bonds) |
*MD   2 completed successfully ...        0 min,  1.860 sec
  :::::::::::::: starting MD   4 ::::::::::::::
  |   MD simulation time   :     2.5 ps       |
  |   target T             :   400.0 K        |
  |   timestep dt          :     5.0 fs       |
  |   dump interval(trj)   :   100.0 fs       |
  |   SHAKE algorithm      : true (all bonds) |
*MD   1 completed successfully ...        0 min,  1.886 sec
  :::::::::::::: starting MD   5 ::::::::::::::
  |   MD simulation time   :     2.5 ps       |
  |   target T             :   500.0 K        |
  |   timestep dt          :     5.0 fs       |
  |   dump interval(trj)   :   100.0 fs       |
  |   SHAKE algorithm      : true (all bonds) |
*MD   3 completed successfully ...        0 min,  1.886 sec
  :::::::::::::: starting MD   6 ::::::::::::::
  |   MD simulation time   :     2.5 ps       |
  |   target T             :   500.0 K        |
  |   timestep dt          :     5.0 fs       |
  |   dump interval(trj)   :   100.0 fs       |
  |   SHAKE algorithm      : true (all bonds) |
*MD   8 completed successfully ...        0 min,  1.897 sec
  :::::::::::::: starting MD   7 ::::::::::::::
  |   MD simulation time   :     2.5 ps       |
  |   target T             :   500.0 K        |
  |   timestep dt          :     5.0 fs       |
  |   dump interval(trj)   :   100.0 fs       |
  |   SHAKE algorithm      : true (all bonds) |
*MD   4 completed successfully ...        0 min,  1.877 sec
*MD   5 completed successfully ...        0 min,  1.871 sec
*MD   6 completed successfully ...        0 min,  1.880 sec
*MD   7 completed successfully ...        0 min,  1.884 sec
 Appending file crest_rotamers_1.xyz with new structures
 Optimizing all 293 structures from file "crest_rotamers_1.xyz" ...
 ----------------------------------
 optimization with tight thresholds
 ----------------------------------
 Optimization engine: ANCOPT
 Hessian update type: BFGS
 E/G convergence criteria:  0.100E-05 Eh, 0.800E-03 Eh/a0
 maximum optimization steps: 200
 |>0.3% |>10.2% |>20.1% |>30.0% |>40.3% |>50.2% |>60.1% |>70.3% |>80.2% |>90.1% |>100.0%
 done.
> 293 of 293 structures successfully optimized (100.0% success)
> Total runtime for 293 optimizations:
 * wall-time:     0 d,  0 h,  0 min,  4.482 sec
 *  cpu-time:     0 d,  0 h,  0 min, 17.298 sec
 * ratio c/w:     3.860 speedup
> Corresponding to approximately 0.015 sec per processed structure
 
CREGEN> running RMSDs ... done.
CREGEN> E lowest :   -17.72130
 101 structures remain within     6.00 kcal/mol window
 
     ========================================
     |        Structure Crossing (GC)       |
     ========================================
 
 =============================
  # threads =           4
 =============================
input  file name : crest_rotamers_2.xyz
number of atoms                :      15
number of points on xyz files  :     101
conformer energy window  /kcal :    6.00
CN per atom difference cut-off :  0.3000
RMSD threshold (Ang, Bohr)     :  0.2500  0.4724
max. # of generated structures :      250
 # in E window         101
  10.7 % done
  36.1 % done
  61.4 % done
  85.5 % done
 finished.
 average rmsd w.r.t input     :     2.50231
 number of clash discarded    :         289
 removed identical structures :        1731

 250 structures written to confcross.xyz

 
 ======================================
 |  Multilevel Ensemble Optimization  |
 ======================================
 Optimizing all 250 structures from file "confcross.xyz" ...
 ----------------------
 crude pre-optimization
 ----------------------
 Optimization engine: ANCOPT
 Hessian update type: BFGS
 E/G convergence criteria:  0.500E-03 Eh, 0.100E-01 Eh/a0
 maximum optimization steps: 200
 |>0.4% |>10.0% |>20.0% |>30.0% |>40.0% |>50.0% |>60.0% |>70.4% |>80.0% |>90.4% |>100.0%
 done.
> 250 of 250 structures successfully optimized (100.0% success)
> Total runtime for 250 optimizations:
 * wall-time:     0 d,  0 h,  0 min,  1.963 sec
 *  cpu-time:     0 d,  0 h,  0 min,  7.137 sec
 * ratio c/w:     3.635 speedup
> Corresponding to approximately 0.008 sec per processed structure
 
CREGEN> running RMSDs ... done.
CREGEN> E lowest :   -17.72129
 136 structures remain within    12.00 kcal/mol window
 ----------------------------------
 optimization with tight thresholds
 ----------------------------------
 Optimization engine: ANCOPT
 Hessian update type: BFGS
 E/G convergence criteria:  0.100E-05 Eh, 0.800E-03 Eh/a0
 maximum optimization steps: 200
 |>0.7% |>10.3% |>20.6% |>30.1% |>40.4% |>50.0% |>60.3% |>70.6% |>80.1% |>90.4% |>100.0%
 done.
> 136 of 136 structures successfully optimized (100.0% success)
> Total runtime for 136 optimizations:
 * wall-time:     0 d,  0 h,  0 min,  2.273 sec
 *  cpu-time:     0 d,  0 h,  0 min,  8.703 sec
 * ratio c/w:     3.829 speedup
> Corresponding to approximately 0.017 sec per processed structure
 
CREGEN> running RMSDs ... done.
CREGEN> E lowest :   -17.72130
 60 structures remain within     6.00 kcal/mol window
appending new structures to crest_rotamers_2.xyz
CREGEN> running RMSDs ... done.
CREGEN> E lowest :   -17.72130


   ================================================
   |           Final Geometry Optimization        |
   ================================================
 Optimizing all 103 structures from file "crest_rotamers_3.xyz" ...
 ---------------------------------------
 optimization with very tight thresholds
 ---------------------------------------
 Optimization engine: ANCOPT
 Hessian update type: BFGS
 E/G convergence criteria:  0.100E-06 Eh, 0.200E-03 Eh/a0
 maximum optimization steps: 200
 |>1.0% |>10.7% |>20.4% |>30.1% |>40.8% |>50.5% |>60.2% |>70.9% |>80.6% |>90.3% |>100.0%
 done.
> 103 of 103 structures successfully optimized (100.0% success)
> Total runtime for 103 optimizations:
 * wall-time:     0 d,  0 h,  0 min,  1.383 sec
 *  cpu-time:     0 d,  0 h,  0 min,  5.498 sec
 * ratio c/w:     3.975 speedup
> Corresponding to approximately 0.013 sec per processed structure
 
CREGEN> running RMSDs ... done.
CREGEN> E lowest :   -17.72130
 83 structures remain within     6.00 kcal/mol window


 --------------------------
 Final Ensemble Information
 --------------------------
 input  file name : crest_rotamers_3.xyz
 output file name : crest_rotamers_4.xyz
 number of atoms                :   15
 number of points on xyz files  :   103
 RMSD threshold                 :   0.1250
 Bconst threshold               :   0.0100
 population threshold           :   0.0500
 # fragment in coord            :     1
 # bonds in reference structure :    14
 number of reliable points      :   103
 sorting energy window (EWIN)   :    6.0000 / kcal*mol⁻¹
 reference state Etot           :  -17.7212995900000
 number of doubles removed by rot/RMSD         :          20
 total number unique points considered further :          83
       Erel/kcal        Etot weight/tot  conformer     set   degen     origin
       1   0.000   -17.72130    0.01738    0.31275       1      18
       2   0.000   -17.72130    0.01738
       3   0.000   -17.72130    0.01738
       4   0.000   -17.72130    0.01738
       5   0.000   -17.72130    0.01738
       6   0.000   -17.72130    0.01738
       7   0.000   -17.72130    0.01738
       8   0.000   -17.72130    0.01738
       9   0.000   -17.72130    0.01738
      10   0.000   -17.72130    0.01737
      11   0.000   -17.72130    0.01737
      12   0.000   -17.72130    0.01737
      13   0.000   -17.72130    0.01737
      14   0.000   -17.72130    0.01737
      15   0.000   -17.72130    0.01737
      16   0.000   -17.72130    0.01737
      17   0.000   -17.72130    0.01737
      18   0.000   -17.72130    0.01737
      19   0.008   -17.72129    0.01716    0.15442       2       9
      20   0.008   -17.72129    0.01716
      21   0.008   -17.72129    0.01716
      22   0.008   -17.72129    0.01716
      23   0.008   -17.72129    0.01716
      24   0.008   -17.72129    0.01716
      25   0.008   -17.72129    0.01716
      26   0.008   -17.72129    0.01716
      27   0.008   -17.72129    0.01714
      28   0.096   -17.72115    0.01478    0.26500       3      18
      29   0.096   -17.72115    0.01478
      30   0.096   -17.72115    0.01478
      31   0.096   -17.72115    0.01478
      32   0.096   -17.72115    0.01478
      33   0.096   -17.72115    0.01478
      34   0.096   -17.72115    0.01478
      35   0.096   -17.72115    0.01478
      36   0.096   -17.72115    0.01477
      37   0.096   -17.72115    0.01477
      38   0.101   -17.72114    0.01467
      39   0.101   -17.72114    0.01466
      40   0.101   -17.72114    0.01466
      41   0.101   -17.72114    0.01466
      42   0.101   -17.72114    0.01466
      43   0.101   -17.72114    0.01466
      44   0.102   -17.72114    0.01464
      45   0.103   -17.72114    0.01461
      46   0.145   -17.72107    0.01362    0.24491       4      18
      47   0.145   -17.72107    0.01362
      48   0.145   -17.72107    0.01362
      49   0.145   -17.72107    0.01362
      50   0.145   -17.72107    0.01362
      51   0.145   -17.72107    0.01362
      52   0.145   -17.72107    0.01361
      53   0.145   -17.72107    0.01361
      54   0.145   -17.72107    0.01361
      55   0.146   -17.72107    0.01360
      56   0.146   -17.72107    0.01360
      57   0.146   -17.72107    0.01360
      58   0.146   -17.72107    0.01360
      59   0.146   -17.72107    0.01360
      60   0.146   -17.72107    0.01360
      61   0.146   -17.72107    0.01360
      62   0.146   -17.72107    0.01360
      63   0.146   -17.72107    0.01359
      64   1.581   -17.71878    0.00121    0.02168       5      18
      65   1.581   -17.71878    0.00121
      66   1.581   -17.71878    0.00121
      67   1.581   -17.71878    0.00121
      68   1.581   -17.71878    0.00121
      69   1.581   -17.71878    0.00121
      70   1.581   -17.71878    0.00121
      71   1.581   -17.71878    0.00121
      72   1.581   -17.71878    0.00121
      73   1.585   -17.71877    0.00120
      74   1.585   -17.71877    0.00120
      75   1.585   -17.71877    0.00120
      76   1.585   -17.71877    0.00120
      77   1.585   -17.71877    0.00120
      78   1.585   -17.71877    0.00120
      79   1.585   -17.71877    0.00120
      80   1.585   -17.71877    0.00120
      81   1.585   -17.71877    0.00120
      82   1.977   -17.71815    0.00062    0.00124       6       2
      83   1.978   -17.71815    0.00062
T /K                                  :   298.15
E lowest                              :   -17.72130
ensemble average energy (kcal)        :    0.100
ensemble entropy (J/mol K, cal/mol K) :   35.091    8.387
ensemble free energy (kcal/mol)       :   -2.501
population of lowest in %             :   31.275
 number of unique conformers for further calc            6
 list of relative energies saved as "crest.energies"
 
 -----------------
 Wall Time Summary
 -----------------
 CREST runtime (total)               0 d,  0 h,  1 min, 26.089 sec
 ------------------------------------------------------------------
 Trial metadynamics (MTD)   ...        0 min,  0.744 sec (  0.864%)
 Metadynamics (MTD)         ...        0 min, 37.747 sec ( 43.846%)
 Geometry optimization      ...        0 min, 39.101 sec ( 45.419%)
 Molecular dynamics (MD)    ...        0 min,  3.799 sec (  4.412%)
 Genetic crossing (GC)      ...        0 min,  4.461 sec (  5.182%)
 I/O and setup              ...        0 min,  0.237 sec (  0.276%)
 ------------------------------------------------------------------
 * wall-time:     0 d,  0 h,  1 min, 26.089 sec
 *  cpu-time:     0 d,  0 h,  5 min, 18.808 sec
 * ratio c/w:     3.703 speedup
 ------------------------------------------------------------------
 * Total number of energy+grad calls: 73065
 
 CREST terminated normally.
