  15
 Etot=         -17.7202526557
 C         -2.4952036740        0.3060013905       -0.0003392098
 C         -1.2228419387       -0.5209868749       -0.0004923922
 C          0.0207963545        0.3542283666       -0.0002155667
 O          1.1706597808       -0.4803154112        0.0006697735
 C          2.3697310247        0.2822605730        0.0005272718
 H         -3.3815383661       -0.3377227644       -0.0004998178
 H         -2.5370822946        0.9402847734        0.8896516730
 H         -2.5421555942        0.9538124376       -0.8813853859
 H         -1.2076141250       -1.1816959979       -0.8754029982
 H         -1.2074215810       -1.1813214235        0.8755615425
 H          0.0522690560        0.9894503562       -0.8911153888
 H          0.0516183517        0.9905665587        0.8909576542
 H          3.2265966669       -0.3932955743        0.0009310845
 H          2.3905371724        0.9206873922        0.8848215106
 H          2.3913455888        0.9007701669       -0.8979562800
  15
 Etot=         -17.7211171480
 C         -2.4968889362        0.3072483645        0.0018817759
 C         -1.2254477497       -0.5276327625       -0.0003075554
 C          0.0171783916        0.3489233977       -0.0001802658
 O          1.1731032098       -0.4760984297        0.0011858845
 C          2.3667971319        0.2866321920       -0.0022029803
 H         -3.3734478633       -0.3377085338       -0.0008858977
 H         -2.5403800353        0.9406704587        0.8869140680
 H         -2.5401428505        0.9477730087       -0.8779811122
 H         -1.1944987514       -1.1747819111       -0.8810179159
 H         -1.1945889679       -1.1749781902        0.8803916601
 H          0.0321403384        0.9915413148       -0.8913598763
 H          0.0311971188        0.9928979243        0.8903625981
 H          3.1970229902       -0.4158864556        0.0029958328
 H          2.4127507413        0.9234065119        0.8863767213
 H          2.4149016545        0.9107170791       -0.9004594664
  15
 Etot=         -17.7212581068
 C         -2.5003414151        0.3037465546        0.0020551191
 C         -1.2261615829       -0.5298589411        0.0002746401
 C          0.0142250227        0.3543500598       -0.0000504671
 O          1.1719210650       -0.4643544433        0.0012611685
 C          2.3681053283        0.2857717868       -0.0027982760
 H         -3.3717307579       -0.3436304606       -0.0007041233
 H         -2.5411293358        0.9356099877        0.8856525589
 H         -2.5398248244        0.9408424726       -0.8777826467
 H         -1.1922620380       -1.1713642277       -0.8815234357
 H         -1.1910557953       -1.1726898488        0.8810517634
 H          0.0224248926        1.0006286019       -0.8914406578
 H          0.0217332809        1.0022661184        0.8901515363
 H          3.1811010266       -0.4362193351        0.0027921608
 H          2.4306277078        0.9240735939        0.8858917170
 H          2.4320638478        0.9135520501       -0.8991175867
  15
 Etot=         -17.7212756519
 C         -2.5027162081        0.3014388651        0.0019711732
 C         -1.2252089481       -0.5283741671        0.0003218404
 C          0.0134239134        0.3596860644       -0.0000455541
 O          1.1699473291       -0.4584355632        0.0012835161
 C          2.3693723494        0.2831912910       -0.0026089900
 H         -3.3719999200       -0.3489293814       -0.0003613417
 H         -2.5445525537        0.9332446771        0.8855057893
 H         -2.5434093150        0.9378148014       -0.8783160399
 H         -1.1898412557       -1.1694461926       -0.8812813066
 H         -1.1882935724       -1.1708105887        0.8808448050
 H          0.0199544460        1.0062259610       -0.8915957012
 H          0.0193202172        1.0080172809        0.8901871001
 H          3.1772280001       -0.4442265635        0.0020478146
 H          2.4379291708        0.9216774357        0.8858041618
 H          2.4385427692        0.9116500490       -0.8980437963
