  6
 Etot=         -14.3701465581
 C         -0.5016552390        0.4364348764        0.0000536313
 C          0.5019401929       -0.4373346061        0.0003707420
 Cl         2.1454339010        0.0424436830       -0.0001034772
 Cl        -2.1455153661       -0.0421221874       -0.0000839875
 H         -0.3828374191        1.5118425707        0.0013251754
 H          0.3823073008       -1.5124294604        0.0002117573
  6
 Etot=         -14.3705051191
 C         -0.4957489989        0.4371274765        0.0007378484
 C          0.4958518240       -0.4377424849        0.0004667599
 Cl         2.1381427312        0.0560730197        0.0002061009
 Cl        -2.1382527902       -0.0561304102        0.0001106163
 H         -0.3639570146        1.5084102540        0.0005949811
 H          0.3636376189       -1.5089029787       -0.0003424653
  6
 Etot=         -14.3705664695
 C         -0.4933592701        0.4393885072       -0.0002859500
 C          0.4933233108       -0.4397979323       -0.0006860340
 Cl         2.1358305139        0.0636082015        0.0005809786
 Cl        -2.1359410438       -0.0639644158        0.0004572871
 H         -0.3543353528        1.5084138218        0.0013030088
 H          0.3541552125       -1.5088133061        0.0004045508
  6
 Etot=         -14.3705705974
 C         -0.4930332386        0.4404246324        0.0018202518
 C          0.4929509868       -0.4407916645        0.0018471540
 Cl         2.1360718472        0.0648540426        0.0000707463
 Cl        -2.1361776733       -0.0652855445        0.0000245487
 H         -0.3530744985        1.5089702877       -0.0004819557
 H          0.3529359469       -1.5093368775       -0.0015069037
