  9
 Etot=         -13.4848231485
 C         -2.3162818474        0.2551218306       -0.2889562868
 C         -1.2165440678        0.0608117409        0.4482366358
 C         -0.0632434828       -0.7812028792        0.0139566107
 Cl         1.4124235952        0.2033163709       -0.0587174620
 H         -3.1255088354        0.8723290395        0.0856581060
 H         -2.4291205969       -0.1931003577       -1.2691380488
 H         -1.1590621972        0.5278293561        1.4278285823
 H          0.1040524766       -1.5902846246        0.7310980133
 H         -0.2192600077       -1.2239470785       -0.9744514113
  9
 Etot=         -13.4858289697
 C         -2.3116595158        0.2545476522       -0.2874850985
 C         -1.2296115164        0.0524789072        0.4474685778
 C         -0.0763837180       -0.7859133271        0.0191643816
 Cl         1.4113172707        0.2007529386       -0.0569881139
 H         -3.1225105916        0.8612643608        0.0778763817
 H         -2.4227043045       -0.1829570771       -1.2657494790
 H         -1.1440116389        0.5263163722        1.4164472333
 H          0.1166860901       -1.5855590816        0.7386095278
 H         -0.2336670388       -1.2100573473       -0.9738286717
  9
 Etot=         -13.4860463277
 C         -2.3084951962        0.2596709839       -0.2890442266
 C         -1.2333376899        0.0551762586        0.4466316977
 C         -0.0844834382       -0.7877842325        0.0202110534
 Cl         1.4158257872        0.2031269109       -0.0578980884
 H         -3.1208806106        0.8666241921        0.0640810115
 H         -2.4274220623       -0.1911057868       -1.2582822284
 H         -1.1373260083        0.5088219105        1.4224284969
 H          0.1222610633       -1.5795432162        0.7414719372
 H         -0.2386868082       -1.2041136225       -0.9740849144
  9
 Etot=         -13.4861059989
 C         -2.3115699671        0.2552190179       -0.2857839329
 C         -1.2381307411        0.0487994832        0.4526425157
 C         -0.0903851640       -0.7936349633        0.0223880387
 Cl         1.4115046595        0.2111623941       -0.0664652983
 H         -3.1237832564        0.8687922502        0.0576376701
 H         -2.4189289371       -0.1768738807       -1.2655406285
 H         -1.1301425771        0.5064636003        1.4256420553
 H          0.1302826742       -1.5780874301        0.7456960060
 H         -0.2413916541       -1.2109670737       -0.9707016871
  9
 Etot=         -13.4861308567
 C         -2.3085217178        0.2620448876       -0.2888629725
 C         -1.2367255609        0.0507919414        0.4534240943
 C         -0.0916844244       -0.7953358270        0.0227683346
 Cl         1.4114687296        0.2132560887       -0.0713390594
 H         -3.1273876544        0.8661175455        0.0588937275
 H         -2.4165990681       -0.1761697559       -1.2666975244
 H         -1.1323405078        0.5029548850        1.4295068538
 H          0.1306058143       -1.5774689811        0.7471706444
 H         -0.2413605739       -1.2153173862       -0.9693493592
