  11
 Etot=         -17.6116076315
 C          2.3026767522        0.0723925449       -0.0002737424
 C          0.8449419454        0.4799645418        0.0002744664
 O          0.0381794087       -0.6884126270        0.0002476080
 C         -1.3076991265       -0.4778210490       -0.0001471063
 O         -1.8870189098        0.5970745666       -0.0000830390
 H          2.9541677069        0.9509928151        0.0000443641
 H          2.5329750310       -0.5381411681        0.8794303487
 H          2.5333523788       -0.5376543250       -0.8796630600
 H          0.6115589721        1.0688382475       -0.8915675300
 H          0.6114312100        1.0701051219        0.8913557378
 H         -1.8208825681       -1.4524787594       -0.0004678136
  11
 Etot=         -17.6145936657
 C          2.3008573051        0.0601933491       -0.0000564262
 C          0.8463524819        0.4885873451       -0.0000633697
 O          0.0220632321       -0.6796039164        0.0001752259
 C         -1.2943231004       -0.4837973268        0.0000197776
 O         -1.8560250407        0.5802852196       -0.0001983467
 H          2.9399107333        0.9389833977        0.0002233752
 H          2.5212273019       -0.5386691425        0.8825675996
 H          2.5213065830       -0.5382896143       -0.8827395162
 H          0.6100213204        1.0849228916       -0.8873967194
 H          0.6101549804        1.0854229747        0.8869427084
 H         -1.8078629962       -1.4531752684       -0.0003240749
  11
 Etot=         -17.6151128320
 C          2.3000725063        0.0545093513        0.0000113529
 C          0.8489070568        0.4972745259       -0.0001410710
 O          0.0121156859       -0.6730007158       -0.0002739665
 C         -1.2830351478       -0.4879156078       -0.0008404642
 O         -1.8447871939        0.5743239962       -0.0001783845
 H          2.9378317569        0.9312150003        0.0003613265
 H          2.5095052770       -0.5410669558        0.8829930113
 H          2.5098092429       -0.5406362385       -0.8832310478
 H          0.6091104000        1.0946753664       -0.8861511446
 H          0.6089503704        1.0946152342        0.8858483604
 H         -1.7947971537       -1.4591340471        0.0007522613
  11
 Etot=         -17.6151662697
 C          2.3002097150        0.0541719742       -0.0001827020
 C          0.8509478663        0.5017885432        0.0001427142
 O          0.0119654758       -0.6706356199        0.0016324255
 C         -1.2810022576       -0.4890453157        0.0030264161
 O         -1.8505019384        0.5724139182       -0.0010418732
 H          2.9418854733        0.9283792706       -0.0004562636
 H          2.5066432332       -0.5421930755        0.8828839287
 H          2.5062771421       -0.5425021786       -0.8831568764
 H          0.6091540798        1.0967423407       -0.8865425658
 H          0.6100656117        1.0979371868        0.8862639721
 H         -1.7919616004       -1.4621971347       -0.0034189420
  11
 Etot=         -17.6150670551
 C          2.3003801896        0.0540061745        0.0006805267
 C          0.8552755243        0.5113453587       -0.0010944959
 O          0.0122694686       -0.6657156351       -0.0071186793
 C         -1.2775995695       -0.4912294682       -0.0142323222
 O         -1.8643703799        0.5671329135        0.0026161383
 H          2.9513906771        0.9223404422        0.0029348833
 H          2.4991699806       -0.5467832593        0.8827960352
 H          2.5017418752       -0.5439227728       -0.8827372212
 H          0.6133838657        1.1051529622       -0.8874279582
 H          0.6094412021        1.1004370194        0.8873790403
 H         -1.7874000330       -1.4679038258        0.0153542866
  11
 Etot=         -17.6151926476
 C          2.3001340747        0.0544647131       -0.0000816320
 C          0.8533012061        0.5070516436        0.0000765727
 O          0.0124539660       -0.6679974507        0.0003139958
 C         -1.2797684786       -0.4901234205        0.0000482620
 O         -1.8591257646        0.5682405881       -0.0010225246
 H          2.9476914094        0.9249417807        0.0001044784
 H          2.5037218383       -0.5440286181        0.8826096355
 H          2.5036930266       -0.5435981015       -0.8830864890
 H          0.6109958779        1.1001801040       -0.8869612327
 H          0.6111919172        1.1002757229        0.8871008550
 H         -1.7906062723       -1.4645470523        0.0000483126
  11
 Etot=         -17.6151934878
 C          2.2999942652        0.0544893042       -0.0000652013
 C          0.8534093045        0.5072472297        0.0000404740
 O          0.0124438094       -0.6680079369        0.0002504178
 C         -1.2797498631       -0.4900113137       -0.0002198454
 O         -1.8596213620        0.5674401348       -0.0007215366
 H          2.9477796902        0.9247432192        0.0000940297
 H          2.5038407212       -0.5439167224        0.8827166187
 H          2.5038399698       -0.5435872813       -0.8830665376
 H          0.6112857644        1.1002864431       -0.8870245561
 H          0.6114781800        1.1004155349        0.8870711416
 H         -1.7910176788       -1.4642387021        0.0000752286
