  16
 Etot=         -23.1300817873
 C         -2.9107422747        0.0246825958        0.0006412548
 C         -1.4190457462        0.0074680456       -0.0011268368
 C         -0.7355962562       -1.2085161493       -0.0006446606
 C          0.6591427895       -1.2236422484       -0.0002025694
 C          1.3704017158       -0.0241425128        0.0001496713
 C          0.6859530782        1.1918722305       -0.0003047411
 C         -0.7087859675        1.2069983296       -0.0007468323
 O          2.7311295787       -0.0391047144        0.0010528258
 H         -3.2864476916        0.0299347779       -1.0275181951
 H         -3.3114763144       -0.8528650963        0.5198524620
 H         -3.2905891199        0.9094348899        0.5210706469
 H         -1.2808234791       -2.1485744626       -0.0022704166
 H          1.1865600970       -2.1735700090       -0.0006856977
 H          1.2340878818        2.1305730071       -0.0006033207
 H         -1.2331445732        2.1595511652       -0.0011316467
 H          3.0771232939        0.8674747506        0.0012033933
  16
 Etot=         -23.1313454359
 C         -2.9199552659        0.0237618691        0.0041019540
 C         -1.4220726649        0.0090460818        0.0094013173
 C         -0.7251048693       -1.1933844043        0.0024626039
 C          0.6601167243       -1.2122726590       -0.0031669127
 C          1.3702824019       -0.0185923883       -0.0033233462
 C          0.6796142750        1.1890504696       -0.0027452924
 C         -0.7056603182        1.1985285012        0.0030351825
 O          2.7329703267       -0.0544565363       -0.0013581122
 H         -3.2943101530        0.0283132211       -1.0197225010
 H         -3.3196191916       -0.8569989437        0.5058472814
 H         -3.3020653579        0.9109953966        0.5076842387
 H         -1.2655331590       -2.1288986481        0.0045686385
 H          1.1939502555       -2.1520298213       -0.0018990904
 H          1.2242249664        2.1239063025       -0.0019501914
 H         -1.2295022401        2.1439445320        0.0053141516
 H          3.0904112822        0.8466616265        0.0004854156
  16
 Etot=         -23.1314965990
 C         -2.9258956960        0.0223704668        0.0041794568
 C         -1.4264095436        0.0099474764        0.0127404342
 C         -0.7221912526       -1.1872533045        0.0062328274
 C          0.6592817641       -1.2066946011       -0.0012802270
 C          1.3703510834       -0.0134908496       -0.0027890393
 C          0.6767095293        1.1908705531       -0.0006231419
 C         -0.7054024900        1.1961312700        0.0067318926
 O          2.7339718383       -0.0649133030       -0.0049131422
 H         -3.2945389876        0.0263064346       -1.0211580607
 H         -3.3219049279       -0.8600428715        0.5003903684
 H         -3.3067573699        0.9105902437        0.5020983699
 H         -1.2608604383       -2.1224334493        0.0087657949
 H          1.1999683833       -2.1401388948       -0.0046941989
 H          1.2195060800        2.1250649175       -0.0033499207
 H         -1.2297477736        2.1395807157        0.0098077776
 H          3.1016668132        0.8316797953       -0.0034038540
  16
 Etot=         -23.1315134568
 C         -2.9273014659        0.0218964877        0.0035231121
 C         -1.4279064619        0.0102305126        0.0139714516
 C         -0.7222913110       -1.1867047774        0.0074101750
 C          0.6586495679       -1.2054095189       -0.0011233612
 C          1.3703353392       -0.0112329037       -0.0037393672
 C          0.6765019931        1.1926926409       -0.0001389356
 C         -0.7057594047        1.1962214397        0.0083489341
 O          2.7337782285       -0.0686511793       -0.0074090065
 H         -3.2929827755        0.0255092901       -1.0231794725
 H         -3.3226708508       -0.8609357413        0.4988016082
 H         -3.3089346443        0.9099411547        0.5004985445
 H         -1.2608940935       -2.1225562696        0.0109217833
 H          1.2030401924       -2.1366477442       -0.0035459585
 H          1.2183634144        2.1275924431       -0.0018686446
 H         -1.2307060903        2.1398801515        0.0123045616
 H          3.1065253747        0.8257486133       -0.0060400874
