  6
 Etot=          -8.6968343787
 C          1.2937015211        0.0000854816        0.0001092767
 C         -0.1677682328       -0.0001048428       -0.0002403894
 N         -1.3287311280        0.0000583459        0.0001191248
 H          1.6822260463       -0.9568939190       -0.3622525868
 H          1.6827687033        0.1642917716        1.0091533898
 H          1.6827773427        0.7920220620       -0.6469938508
  6
 Etot=          -8.6985208451
 C          1.2941253360       -0.0000685224        0.0000325501
 C         -0.1410900688       -0.0001770057       -0.0001301380
 N         -1.2831254921        0.0002366542        0.0001153767
 H          1.6582443198       -0.9610930551       -0.3640376036
 H          1.6583905555        0.1650281841        1.0141001713
 H          1.6584296023        0.7955326441       -0.6501853921
  6
 Etot=          -8.6985941281
 C          1.2952077501       -0.0000905291       -0.0000500794
 C         -0.1342556862        0.0002951288       -0.0003055525
 N         -1.2803392455       -0.0001116187        0.0003186950
 H          1.6546245415       -0.9610073358       -0.3639983473
 H          1.6546780445        0.1649646784        1.0140838203
 H          1.6550588482        0.7954085756       -0.6501535718
  6
 Etot=          -8.6985902364
 C          1.2947646323       -0.0005242153        0.0001122105
 C         -0.1345369081       -0.0037304483        0.0017565877
 N         -1.2805663454        0.0033984124       -0.0014348197
 H          1.6564172587       -0.9599857655       -0.3638658284
 H          1.6555877187        0.1651397285        1.0131709644
 H          1.6533078963        0.7951611874       -0.6498441501
  6
 Etot=          -8.6985939009
 C          1.2945995592       -0.0002159838       -0.0000569331
 C         -0.1346820832       -0.0005450524        0.0002197020
 N         -1.2806568759        0.0006496575       -0.0000944723
 H          1.6554318304       -0.9600103499       -0.3636648329
 H          1.6552334005        0.1648625524        1.0130491044
 H          1.6550484216        0.7947180755       -0.6495576039
