  14
 Etot=         -19.3251147270
 C          2.4373695873        0.0001633164        0.0011277070
 C          0.9465647941        0.0000337598       -0.0003046879
 C          0.2486571616       -1.2023765719        0.0002704415
 C         -1.1359470640       -1.1494201429       -0.0005983973
 N         -1.8493475499       -0.0001119621        0.0000741763
 C         -1.1365321267        1.1488314870       -0.0002768121
 C          0.2476841337        1.2028598100        0.0002568995
 H          2.8110219974        0.0001951188        1.0289111839
 H          2.8284896583       -0.8807328335       -0.5186665439
 H          2.8281514228        0.8822105972       -0.5180785635
 H          0.7634677723       -2.1574764890        0.0006986923
 H         -1.7269502033       -2.0585104341        0.0008616950
 H         -1.7275880086        2.0579491537       -0.0001653659
 H          0.7639141205        2.1568285412       -0.0002538280
  14
 Etot=         -19.3271426602
 C          2.4526107313        0.0003481000       -0.0053000078
 C          0.9582297423        0.0000786036       -0.0098000939
 C          0.2414744102       -1.1910773914       -0.0022583335
 C         -1.1406637310       -1.1352000545        0.0041463423
 N         -1.8387245064       -0.0002886844        0.0043149366
 C         -1.1410287399        1.1346243878        0.0032780017
 C          0.2409200290        1.1912912750       -0.0029451870
 H          2.8187936083        0.0004041854        1.0205509814
 H          2.8430592173       -0.8855120266       -0.5049640988
 H          2.8427884282        0.8867036814       -0.5046601545
 H          0.7487649325       -2.1438391551       -0.0060372421
 H         -1.7379111808       -2.0376703730        0.0020910887
 H         -1.7384086980        2.0370915539        0.0024719154
 H          0.7490514525        2.1434892486       -0.0070315516
  14
 Etot=         -19.3273066137
 C          2.4586616168        0.0003617209       -0.0064424482
 C          0.9642874622        0.0000974627       -0.0135222411
 C          0.2392584875       -1.1874677513       -0.0072072005
 C         -1.1431340849       -1.1311443042        0.0017995801
 N         -1.8335268259       -0.0003223660        0.0063906439
 C         -1.1434462635        1.1306974736        0.0024972144
 C          0.2388674554        1.1875388445       -0.0070070725
 H          2.8179418304        0.0000680405        1.0218761365
 H          2.8468430233       -0.8867826614       -0.5001112124
 H          2.8465376005        0.8879949617       -0.4994993334
 H          0.7442716311       -2.1403429713       -0.0107404311
 H         -1.7405906200       -2.0332950794        0.0094525489
 H         -1.7411333886        2.0327603262        0.0074498524
 H          0.7441177715        2.1402796541       -0.0110794401
  14
 Etot=         -19.3273111827
 C          2.4588175964        0.0003271893       -0.0063456350
 C          0.9648121777        0.0000903496       -0.0144259644
 C          0.2389614752       -1.1874371427       -0.0063422128
 C         -1.1440423613       -1.1318739887        0.0067933656
 N         -1.8336712667       -0.0002820546        0.0106338112
 C         -1.1443462332        1.1315084454        0.0046113153
 C          0.2386099140        1.1874426710       -0.0076960793
 H          2.8160764219        0.0004795000        1.0231575422
 H          2.8472271433       -0.8870504788       -0.4987927810
 H          2.8469292695        0.8877063214       -0.4989557832
 H          0.7444723791       -2.1406603374       -0.0141708885
 H         -1.7391742636       -2.0356817282        0.0043410682
 H         -1.7397289256        2.0351582481        0.0061789762
 H          0.7440123688        2.1407163561       -0.0151301377
