  5
 Etot=         -14.8716442157
 C          0.0002189625        0.0004739288        0.5226544332
 Br         0.3852240127       -1.8225247471       -0.0329712852
 Br         1.3864403176        1.2446958042       -0.0329958880
 Br        -1.7716975477        0.5777601073       -0.0329799331
 H          0.0000240961       -0.0001905161        1.6159268241
  5
 Etot=         -14.8709887179
 C          0.0005783539       -0.0007310690        0.5969409774
 Br         0.3761961626       -1.7825685332       -0.0809871678
 Br         1.3530397635        1.2177252249       -0.0812129757
 Br        -1.7298669794        0.5658791991       -0.0814771158
 H          0.0002625405       -0.0000902446        1.6863704328
  5
 Etot=         -14.8719908921
 C          0.0000171660        0.0003748630        0.5508233518
 Br         0.3815925341       -1.8045647944       -0.0504151067
 Br         1.3729750040        1.2322347198       -0.0501477131
 Br        -1.7543244983        0.5719726800       -0.0500586417
 H         -0.0000503647        0.0001971087        1.6394322606
  5
 Etot=         -14.8719870701
 C          0.0013653787       -0.0018631612        0.5495226692
 Br         0.3803166214       -1.8085323379       -0.0479583850
 Br         1.3691956943        1.2366199680       -0.0491365977
 Br        -1.7512681623        0.5748870261       -0.0497618458
 H          0.0006003090       -0.0008969178        1.6369683104
  5
 Etot=         -14.8719909911
 C         -0.0001941613        0.0005171128        0.5492098921
 Br         0.3817187649       -1.8050442139       -0.0486937094
 Br         1.3737740141        1.2326671321       -0.0485291688
 Br        -1.7551012752        0.5720287249       -0.0484102335
 H          0.0000124986        0.0000458213        1.6360573705
