  12
 Etot=         -14.5669433128
 C         -0.9503885160       -1.0820695484       -0.1054249014
 C          0.0140827947       -0.0046849058        0.3651741029
 C          1.4380446077       -0.2781983199       -0.0963550592
 O         -0.4090925578        1.2571946277       -0.1414082339
 H         -1.9711221034       -0.8758581135        0.2317883657
 H         -0.9496773551       -1.1443197930       -1.1988705568
 H         -0.6519429718       -2.0689372195        0.2662798968
 H         -0.0099271481        0.0558484303        1.4581517961
 H          2.1239256834        0.5023271880        0.2470820985
 H          1.4805673928       -0.3258672422       -1.1902167902
 H          1.7929767281       -1.2457285603        0.2747748693
 H         -1.2999046565        1.4115657523        0.2086108522
  12
 Etot=         -14.5680222073
 C         -0.9478569525       -1.0991865663       -0.1064865631
 C          0.0080165978       -0.0105127369        0.3692643593
 C          1.4284056921       -0.2805484535       -0.1021498015
 O         -0.3792780919        1.2667149971       -0.1347505586
 H         -1.9616539843       -0.8973298985        0.2354472814
 H         -0.9506988322       -1.1390609955       -1.1960933415
 H         -0.6429433843       -2.0734620740        0.2738880544
 H         -0.0008542297        0.0308877874        1.4689382045
 H          2.0972024017        0.5038242506        0.2457042592
 H          1.4623551591       -0.3039991039       -1.1915811148
 H          1.7743231158       -1.2388278897        0.2823947878
 H         -1.2794755936        1.4427729788        0.1750108730
  12
 Etot=         -14.5681762050
 C         -0.9522220522       -1.1019851794       -0.1077130886
 C          0.0073427293       -0.0146287966        0.3715358895
 C          1.4302590826       -0.2830198000       -0.1027193073
 O         -0.3691093908        1.2656206904       -0.1282137347
 H         -1.9640940780       -0.9060283648        0.2391893472
 H         -0.9561018959       -1.1341602982       -1.1947892767
 H         -0.6371090116       -2.0676974156        0.2750990155
 H         -0.0008908091        0.0186711784        1.4738145821
 H          2.0904211260        0.5068904130        0.2435183663
 H          1.4563224462       -0.2992068381       -1.1890781390
 H          1.7778578408       -1.2361441719        0.2830660719
 H         -1.2751340893        1.4529608784        0.1558767138
  12
 Etot=         -14.5682030212
 C         -0.9529634229       -1.1021580163       -0.1080027694
 C          0.0070030116       -0.0145988866        0.3732022234
 C          1.4308747012       -0.2840758967       -0.1024974452
 O         -0.3657494835        1.2657543191       -0.1230888818
 H         -1.9636642209       -0.9083700651        0.2437447037
 H         -0.9598836191       -1.1305516959       -1.1946914683
 H         -0.6335688867       -2.0675661952        0.2709931090
 H         -0.0022574314        0.0154576420        1.4759414950
 H          2.0884209688        0.5087861050        0.2424444186
 H          1.4540524367       -0.3017281679       -1.1883674610
 H          1.7805654971       -1.2354682597        0.2841339221
 H         -1.2752876528        1.4557914130        0.1457745940
