    -14.570074780852    -14.570074780852         0.11954E-03
    -14.570075349781    -14.570075349781         0.48367E-04
    -14.570075405887    -14.570075405887         0.26834E-04
    -14.570075499269    -14.570075499269         0.68013E-04
    -14.570075280590    -14.570075280590         0.14159E-03
    -14.570075292087    -14.570075292087         0.11276E-03
    -14.570075293542    -14.570075293542         0.10645E-03
    -14.570075342342    -14.570075342342         0.47644E-04
    -14.570075324370    -14.570075324370         0.68374E-04
    -14.568221344754    -14.568221344754         0.17990E-03
    -14.568222843367    -14.568222843367         0.45776E-04
    -14.568222007637    -14.568222007637         0.93111E-04
    -14.568222276913    -14.568222276913         0.43547E-04
    -14.568222289021    -14.568222289021         0.65300E-04
    -14.568221368588    -14.568221368588         0.17232E-03
    -14.568221421461    -14.568221421461         0.14126E-03
    -14.568221552894    -14.568221552894         0.11837E-03
    -14.568222146247    -14.568222146247         0.93668E-04
    -14.568222675113    -14.568222675113         0.87141E-04
    -14.568222316303    -14.568222316303         0.17537E-03
    -14.568222280541    -14.568222280541         0.14625E-03
    -14.568222396540    -14.568222396540         0.44248E-04
    -14.568222499621    -14.568222499621         0.43384E-04
    -14.568222333156    -14.568222333156         0.14682E-03
    -14.568221604777    -14.568221604777         0.66197E-04
    -14.568222589717    -14.568222589717         0.42396E-04
    -14.568222531770    -14.568222531770         0.73186E-04
    -14.570089859102    -14.570089859102         0.83844E-04
    -14.568232173757    -14.568232173757         0.11311E-03
    -14.568232293293    -14.568232293293         0.18919E-03
    -14.568232452976    -14.568232452976         0.10312E-03
