  16
 Etot=         -19.8647024440
 C          2.5284531555       -0.0888312147        0.0004627684
 C          1.2849080188        0.7818327999       -0.0003536443
 C          0.0003488937       -0.0288413082        0.0002334839
 O          0.0002549586       -1.2588578907       -0.0002113848
 C         -1.2852493101        0.7820232018        0.0001645996
 C         -2.5288809100       -0.0889294019        0.0000879185
 H          3.4290203194        0.5324680556        0.0004626653
 H          2.5565714938       -0.7329094876        0.8845773183
 H          2.5571060362       -0.7333321081       -0.8849787095
 H          1.2857752106        1.4202306642        0.8897050138
 H          1.2865244491        1.4205816656       -0.8901638902
 H         -1.2865141896        1.4195163328       -0.8899937616
 H         -1.2864895054        1.4206735107        0.8895195596
 H         -3.4378166760        0.5219319383       -0.0003551458
 H         -2.5574988875       -0.7321419679        0.8853164802
 H         -2.5457187192       -0.7279089283       -0.8878257332
  16
 Etot=         -19.8656221726
 C          2.5266904666       -0.0903226195        0.0002797739
 C          1.2773914198        0.7781485802        0.0000661861
 C         -0.0004984299       -0.0312277629        0.0001409409
 O         -0.0007103508       -1.2476712848       -0.0002600584
 C         -1.2785543587        0.7788004416        0.0006491152
 C         -2.5260165674       -0.0923620605       -0.0011059004
 H          3.4219729029        0.5292077640        0.0002731866
 H          2.5472653364       -0.7329140560        0.8792285560
 H          2.5476348723       -0.7327589625       -0.8792721859
 H          1.2675257008        1.4230154318        0.8812773575
 H          1.2678381421        1.4230273088       -0.8810871995
 H         -1.2683222510        1.4233344926       -0.8806295821
 H         -1.2680015180        1.4239015676        0.8815842401
 H         -3.4239955724        0.5238382749       -0.0020401874
 H         -2.5468208848       -0.7345020039        0.8783248686
 H         -2.5426045701       -0.7340092498       -0.8807815732
  16
 Etot=         -19.8656892256
 C          2.5239351774       -0.0905088894        0.0002164099
 C          1.2729242965        0.7776586058        0.0001994269
 C          0.0000249337       -0.0370042568        0.0001290900
 O          0.0002601847       -1.2503650771       -0.0004304523
 C         -1.2735507505        0.7770505428        0.0001643619
 C         -2.5234969678       -0.0924520895       -0.0010583174
 H          3.4164323861        0.5289428761        0.0003120645
 H          2.5390932142       -0.7314973519        0.8785153623
 H          2.5392700978       -0.7312379884       -0.8782977861
 H          1.2607429377        1.4248758952        0.8789208450
 H          1.2608215438        1.4248002062       -0.8785606857
 H         -1.2613621047        1.4245503272       -0.8783590734
 H         -1.2620080782        1.4238160640        0.8791361691
 H         -3.4169965976        0.5256756726       -0.0022472959
 H         -2.5387374839       -0.7333672425        0.8773121959
 H         -2.5365584512       -0.7334314329       -0.8793047765
  16
 Etot=         -19.8656907598
 C          2.5244314498       -0.0901633137        0.0002736241
 C          1.2725574788        0.7778686873        0.0001880763
 C          0.0001920712       -0.0377980470       -0.0002661511
 O          0.0006165099       -1.2514799379       -0.0004622610
 C         -1.2729063750        0.7768515473       -0.0000874286
 C         -2.5240151907       -0.0922557732       -0.0010441819
 H          3.4169870518        0.5285694178        0.0005007740
 H          2.5376497108       -0.7309080452        0.8787590140
 H          2.5378822475       -0.7306459289       -0.8783889608
 H          1.2597349303        1.4248679990        0.8791943616
 H          1.2600304736        1.4249283367       -0.8787784375
 H         -1.2604756475        1.4243977411       -0.8786989891
 H         -1.2610982743        1.4233735922        0.8792782544
 H         -3.4170708292        0.5256866358       -0.0018756422
 H         -2.5376120584       -0.7327671531        0.8776063259
 H         -2.5361092107       -0.7330198968       -0.8795508399
