    -19.865747151649    -19.865747151649         0.10992E-03
    -19.865746375275    -19.865746375275         0.18918E-03
    -19.865746062828    -19.865746062828         0.16572E-03
    -19.865747408240    -19.865747408240         0.16655E-03
    -19.865746174715    -19.865746174715         0.12594E-03
    -19.865747163661    -19.865747163661         0.10413E-03
    -19.865747298321    -19.865747298321         0.15576E-03
    -19.865747564131    -19.865747564131         0.18992E-04
    -19.865747348403    -19.865747348403         0.67859E-04
    -19.865746268420    -19.865746268420         0.15909E-03
    -19.865746239849    -19.865746239849         0.12869E-03
    -19.865747486019    -19.865747486019         0.67776E-04
    -19.865746836423    -19.865746836423         0.55975E-04
    -19.865745747934    -19.865745747934         0.18186E-03
    -19.865746452580    -19.865746452580         0.91865E-04
    -19.865746355904    -19.865746355904         0.18186E-03
    -19.865370167236    -19.865370167236         0.15113E-03
    -19.865746575153    -19.865746575153         0.77051E-04
    -19.865369761878    -19.865369761878         0.53770E-04
    -19.865746809739    -19.865746809739         0.97102E-04
    -19.865370445930    -19.865370445930         0.13821E-03
    -19.865381089516    -19.865381089516         0.16192E-03
    -19.865370337596    -19.865370337596         0.67706E-04
    -19.865380021602    -19.865380021602         0.13886E-03
    -19.865370150939    -19.865370150939         0.18064E-03
    -19.865380210139    -19.865380210139         0.13589E-03
    -19.865378723131    -19.865378723131         0.18990E-03
    -19.865370739534    -19.865370739534         0.70240E-04
    -19.865379894774    -19.865379894774         0.89185E-04
    -19.865380125601    -19.865380125601         0.11681E-03
    -19.865369720105    -19.865369720105         0.11035E-03
    -19.865381103386    -19.865381103386         0.12069E-03
    -19.865378141862    -19.865378141862         0.73989E-04
    -19.865381045452    -19.865381045452         0.48940E-04
    -19.865370327975    -19.865370327975         0.17448E-03
    -19.865369424967    -19.865369424967         0.17832E-03
    -19.865378372072    -19.865378372072         0.19702E-03
    -19.865377863832    -19.865377863832         0.12687E-03
    -19.865369566201    -19.865369566201         0.70012E-04
    -19.865369629495    -19.865369629495         0.10839E-03
    -19.865369533484    -19.865369533484         0.13374E-03
    -19.865381020619    -19.865381020619         0.55916E-04
    -19.865369910535    -19.865369910535         0.69658E-04
    -19.865369652887    -19.865369652887         0.17017E-03
    -19.865369765837    -19.865369765837         0.14035E-03
    -19.865370049268    -19.865370049268         0.10461E-03
    -19.865369708161    -19.865369708161         0.81243E-04
    -19.865369902704    -19.865369902704         0.95301E-04
    -19.865370248432    -19.865370248432         0.11499E-03
    -19.865369044367    -19.865369044367         0.14025E-03
    -19.865369671428    -19.865369671428         0.74623E-04
    -19.865370479685    -19.865370479685         0.14079E-03
    -19.865370523600    -19.865370523600         0.44787E-04
    -19.865369811814    -19.865369811814         0.80799E-04
    -19.865370497148    -19.865370497148         0.76604E-04
    -19.865370508485    -19.865370508485         0.23702E-04
    -19.865380844620    -19.865380844620         0.47115E-04
    -19.865370494290    -19.865370494290         0.23974E-04
    -19.865370494113    -19.865370494113         0.50075E-04
    -19.865369869633    -19.865369869633         0.17498E-03
    -19.865380930939    -19.865380930939         0.74414E-04
    -19.865370695666    -19.865370695666         0.10190E-03
    -19.865369682230    -19.865369682230         0.15236E-03
    -19.865369603977    -19.865369603977         0.94669E-04
    -19.865381127564    -19.865381127564         0.48666E-04
    -19.865369781170    -19.865369781170         0.51615E-04
    -19.865380972306    -19.865380972306         0.18387E-03
    -19.865370325130    -19.865370325130         0.18754E-03
    -19.865380340999    -19.865380340999         0.63510E-04
    -19.865380259194    -19.865380259194         0.18324E-03
    -19.865370445282    -19.865370445282         0.14975E-03
    -19.865379825244    -19.865379825244         0.86905E-04
    -19.865379620863    -19.865379620863         0.89288E-04
    -19.865379604773    -19.865379604773         0.10206E-03
    -19.865381522315    -19.865381522315         0.11209E-03
    -19.865379590265    -19.865379590265         0.15172E-03
    -19.865379386366    -19.865379386366         0.15133E-03
    -19.865379559561    -19.865379559561         0.90437E-04
    -19.865369729809    -19.865369729809         0.77533E-04
    -19.865379781879    -19.865379781879         0.11543E-03
    -19.865379832566    -19.865379832566         0.14899E-03
    -19.865379684693    -19.865379684693         0.16368E-03
    -19.865379034357    -19.865379034357         0.15288E-03
    -19.865379246842    -19.865379246842         0.15600E-04
    -19.865379374261    -19.865379374261         0.13721E-03
    -19.865380818562    -19.865380818562         0.13092E-03
    -19.865380151500    -19.865380151500         0.13957E-03
    -19.865380189527    -19.865380189527         0.10009E-03
    -19.865375284486    -19.865375284486         0.95827E-04
    -19.865378846234    -19.865378846234         0.16609E-03
    -19.865742517863    -19.865742517863         0.69784E-04
    -19.865742673436    -19.865742673436         0.78191E-04
    -19.865035046378    -19.865035046378         0.41429E-04
    -19.865742122382    -19.865742122382         0.10923E-03
    -19.865379345959    -19.865379345959         0.18600E-03
    -19.865742659512    -19.865742659512         0.11125E-03
    -19.865033801338    -19.865033801338         0.14841E-03
    -19.865742295742    -19.865742295742         0.17809E-03
    -19.865376115689    -19.865376115689         0.11819E-03
    -19.865376458533    -19.865376458533         0.13489E-03
    -19.865372324846    -19.865372324846         0.83219E-04
    -19.865369017687    -19.865369017687         0.15754E-03
    -19.865369366732    -19.865369366732         0.16898E-03
    -19.865369511411    -19.865369511411         0.67074E-04
    -19.865369355370    -19.865369355370         0.10107E-03
    -19.865372624119    -19.865372624119         0.10541E-03
    -19.864610525367    -19.864610525367         0.83527E-04
    -19.865371271081    -19.865371271081         0.13533E-03
    -19.864610498743    -19.864610498743         0.70662E-04
    -19.864610529061    -19.864610529061         0.39264E-04
    -19.864610504557    -19.864610504557         0.30846E-04
    -19.864610332934    -19.864610332934         0.62062E-04
    -19.865369231659    -19.865369231659         0.90645E-04
    -19.864610461602    -19.864610461602         0.97353E-04
    -19.865366774845    -19.865366774845         0.10595E-03
    -19.864610441997    -19.864610441997         0.42403E-04
    -19.864610366305    -19.864610366305         0.10005E-03
    -19.864610355122    -19.864610355122         0.10579E-03
    -19.864610321402    -19.864610321402         0.15429E-03
    -19.864610292083    -19.864610292083         0.19092E-03
    -19.864610360626    -19.864610360626         0.82998E-04
    -19.864610278431    -19.864610278431         0.11053E-03
    -19.864610343691    -19.864610343691         0.72206E-04
    -19.864610270367    -19.864610270367         0.10479E-03
    -19.864610396382    -19.864610396382         0.85866E-04
    -19.864610414774    -19.864610414774         0.97710E-04
    -19.864594165309    -19.864594165309         0.19129E-04
    -19.864594170584    -19.864594170584         0.32417E-04
    -19.864610484528    -19.864610484528         0.72593E-04
    -19.864594039264    -19.864594039264         0.11567E-03
    -19.864594179778    -19.864594179778         0.79876E-04
    -19.864593849013    -19.864593849013         0.15865E-03
    -19.864594127843    -19.864594127843         0.57692E-04
    -19.864593715896    -19.864593715896         0.10564E-03
    -19.864593424480    -19.864593424480         0.55592E-04
    -19.864592297476    -19.864592297476         0.97768E-04
    -19.864592281468    -19.864592281468         0.14371E-03
    -19.864592193954    -19.864592193954         0.14947E-03
    -19.864592364095    -19.864592364095         0.17484E-03
    -19.864592465340    -19.864592465340         0.58949E-04
    -19.864592506815    -19.864592506815         0.21133E-04
    -19.864592033029    -19.864592033029         0.10645E-03
    -19.864591767262    -19.864591767262         0.16920E-03
    -19.864120850776    -19.864120850776         0.16534E-03
    -19.864591985997    -19.864591985997         0.79634E-04
    -19.864593434110    -19.864593434110         0.79413E-04
