  16
 Etot=         -23.1292822915
 C         -1.8108799462       -1.4705339283       -0.0006030740
 C         -0.5233682789       -0.7139688644       -0.0007062670
 C          0.6808111941       -1.4180088372        0.0000104563
 C          1.8920708251       -0.7263615961        0.0004579344
 C          1.8998108321        0.6681379833        0.0005812755
 C          0.6947536878        1.3716994975       -0.0001076916
 C         -0.5165059432        0.6800522565       -0.0005551698
 O         -1.6845898238        1.3827594440        0.0002551606
 H         -2.1339827213       -1.6606332259       -1.0285796563
 H         -1.7015771029       -2.4288812992        0.5182901763
 H         -2.5948744038       -0.9093626594        0.5184783235
 H          0.6861448830       -2.5042516180       -0.0014636435
 H          2.8307117075       -1.2736181198       -0.0003109481
 H          2.8424286873        1.2066632525       -0.0004739240
 H          0.7070717294        2.4589336900        0.0001691145
 H         -1.5017926350        2.3349426477        0.0008333477
  16
 Etot=         -23.1306876339
 C         -1.8172082440       -1.4665772211        0.0030857903
 C         -0.5197312066       -0.7175249872        0.0072769079
 C          0.6883352575       -1.4018216152        0.0029997861
 C          1.8951446452       -0.7195972808       -0.0029406732
 C          1.9032868766        0.6647318299       -0.0027623150
 C          0.7066730462        1.3618041194       -0.0014803626
 C         -0.5056868386        0.6771052844        0.0011693707
 O         -1.6879287411        1.3580764397        0.0029301966
 H         -2.1434946513       -1.6507457082       -1.0204684587
 H         -1.7084819938       -2.4270419034        0.5061002727
 H         -2.5955117983       -0.8917992807        0.5047527296
 H          0.6868421754       -2.4819153162        0.0065211462
 H          2.8278430288       -1.2659523632       -0.0017227545
 H          2.8402327841        1.2026215007       -0.0013760107
 H          0.7168566034        2.4437231252       -0.0009038251
 H         -1.5209382524        2.3124819999        0.0030936143
  16
 Etot=         -23.1308634305
 C         -1.8201763061       -1.4629604293        0.0040208656
 C         -0.5174304628       -0.7211803883        0.0091489118
 C          0.6929299424       -1.3969861230        0.0065486624
 C          1.8991046494       -0.7188816904       -0.0003415929
 C          1.9062494636        0.6635864577       -0.0022778126
 C          0.7114919822        1.3585690927       -0.0005395088
 C         -0.4998202148        0.6760850053        0.0014835128
 O         -1.6914060509        1.3419717780        0.0012912600
 H         -2.1470090257       -1.6382282263       -1.0204068833
 H         -1.7139872019       -2.4245372388        0.4995080215
 H         -2.5891628989       -0.8781318601        0.5029890375
 H          0.6859119489       -2.4761376231        0.0112189317
 H          2.8287499303       -1.2665326852       -0.0038105429
 H          2.8403702963        1.2035541811       -0.0059675598
 H          0.7175711373        2.4390685080       -0.0022101566
 H         -1.5371544982        2.2983098650        0.0056202683
  16
 Etot=         -23.1308830231
 C         -1.8206705425       -1.4610930132        0.0040180633
 C         -0.5162627276       -0.7228190848        0.0094691216
 C          0.6945628142       -1.3974424294        0.0074656701
 C          1.9011292010       -0.7194257976       -0.0008946377
 C          1.9074465134        0.6634411199       -0.0040559196
 C          0.7120188366        1.3585201701       -0.0015845762
 C         -0.4981820452        0.6759010375        0.0012631020
 O         -1.6924766559        1.3367593338        0.0002454257
 H         -2.1493443668       -1.6296503910       -1.0212639326
 H         -1.7167482820       -2.4249262748        0.4948200811
 H         -2.5853082172       -0.8746481818        0.5067350470
 H          0.6861080947       -2.4772465829        0.0144014702
 H          2.8303263186       -1.2677550733       -0.0014845879
 H          2.8409609416        1.2048533810       -0.0063680588
 H          0.7163763341        2.4392547527       -0.0030206216
 H         -1.5437035258        2.2938456571        0.0065297680
