  10
 Etot=         -13.5229103555
 C          1.4644086790       -0.5780997576        0.0002011365
 C          0.6889147884        0.7247510073       -0.0001303259
 C         -0.8054105204        0.5150253720       -0.0003019579
 O         -1.3566385863       -0.5803962567       -0.0000286880
 H          2.5442351924       -0.3946176033        0.0002044314
 H          1.2274289105       -1.1764960622       -0.8859339840
 H          1.2174769556       -1.1694297637        0.8880606681
 H          0.9434490137        1.3129895213        0.8876358476
 H          0.9440951725        1.3138621280       -0.8869719460
 H         -1.4041575686        1.4419162530        0.0002147341
  10
 Etot=         -13.5238764716
 C          1.4685919770       -0.5853305449        0.0011111666
 C          0.6865029773        0.7180787713       -0.0005304269
 C         -0.7952546083        0.5108735235       -0.0002074294
 O         -1.3490231705       -0.5652352688        0.0002042385
 H          2.5398353348       -0.3908608054        0.0023155718
 H          1.2244676798       -1.1788717680       -0.8787929710
 H          1.2206046984       -1.1776969155        0.8805314610
 H          0.9287153502        1.3195079111        0.8790145850
 H          0.9287878243        1.3199320982       -0.8797708794
 H         -1.3894260261        1.4391078365       -0.0009254003
  10
 Etot=         -13.5239497061
 C          1.4715660442       -0.5873380022        0.0010138957
 C          0.6843497105        0.7147717312       -0.0003267028
 C         -0.7928461738        0.5058434318       -0.0009827953
 O         -1.3542485607       -0.5627096531        0.0006204462
 H          2.5391467074       -0.3878973295        0.0028028296
 H          1.2239937729       -1.1774341409       -0.8779262498
 H          1.2211509547       -1.1771936385        0.8791815596
 H          0.9257774260        1.3210724062        0.8760227077
 H          0.9267149598        1.3202261999       -0.8768782718
 H         -1.3818028041        1.4401638330       -0.0005775031
  10
 Etot=         -13.5239540053
 C          1.4731630227       -0.5880395290        0.0009097338
 C          0.6830937109        0.7134886747        0.0007200205
 C         -0.7930168826        0.5047598795        0.0019151341
 O         -1.3588209264       -0.5616138831        0.0003589286
 H          2.5398228032       -0.3865084090        0.0016874929
 H          1.2250535664       -1.1775122106       -0.8780692605
 H          1.2239420738       -1.1779308516        0.8792755495
 H          0.9254764802        1.3205646451        0.8765217109
 H          0.9248455642        1.3198827762       -0.8757372183
 H         -1.3797573757        1.4424137455       -0.0046321756
