  13
 Etot=         -20.4076951815
 C         -2.2402475852        0.0003283594       -0.0001948012
 C         -1.5433756269       -1.2080136549        0.0000294667
 C         -0.1485545309       -1.2076952952       -0.0000645281
 C          0.5493791707       -0.0003935339        0.0000095519
 C         -0.1484922014        1.2079679639       -0.0001865682
 C         -1.5433132974        1.2076496041       -0.0000925734
 C          1.9782262246       -0.0003459370        0.0003166505
 N          3.1399083597        0.0003199431       -0.0001000472
 H         -3.3268205851        0.0007348598        0.0017928236
 H         -2.0860182535       -2.1490364262        0.0003814093
 H          0.3812455454       -2.1573951524       -0.0003102025
 H          0.3813424336        2.1581790552        0.0001895881
 H         -2.0862442569        2.1490593922        0.0015149611
  13
 Etot=         -20.4090043426
 C         -2.2287614542        0.0001745397        0.0008464005
 C         -1.5368345775       -1.2030321318        0.0002097154
 C         -0.1521490990       -1.2086327137       -0.0001638659
 C          0.5429856613       -0.0001269740       -0.0000308259
 C         -0.1518794438        1.2088461488        0.0003564676
 C         -1.5365577226        1.2029428524        0.0008488483
 C          1.9591235417       -0.0000998430        0.0000276331
 N          3.1050316382        0.0005737920       -0.0003078326
 H         -3.3093972933        0.0003626516        0.0010401526
 H         -2.0761908104       -2.1387165197        0.0000772970
 H          0.3836028210       -2.1482017227       -0.0002663305
 H          0.3839637198        2.1484382605        0.0002149936
 H         -2.0759015842        2.1388308380        0.0004330773
  13
 Etot=         -20.4091092178
 C         -2.2267475317        0.0001383581        0.0005265058
 C         -1.5361543969       -1.2021028918        0.0002688244
 C         -0.1542474198       -1.2100350113        0.0000507449
 C          0.5400939088       -0.0000357997        0.0001028250
 C         -0.1539993198        1.2101636198        0.0002225748
 C         -1.5358977634        1.2022040344        0.0003990486
 C          1.9518838934        0.0000133161       -0.0000076935
 N          3.1004373866        0.0005580340       -0.0004120418
 H         -3.3054879223        0.0002438706        0.0008935747
 H         -2.0747734526       -2.1363318174        0.0002290206
 H          0.3879814665       -2.1436248195       -0.0002665423
 H          0.3883525954        2.1436336193        0.0002833097
 H         -2.0744060475        2.1365346656        0.0009955798
  13
 Etot=         -20.4091242647
 C         -2.2269770984        0.0001434276        0.0006319361
 C         -1.5365712566       -1.2024492302        0.0002469348
 C         -0.1548918535       -1.2111767311        0.0000128968
 C          0.5394636738       -0.0000088917        0.0000947785
 C         -0.1547273447        1.2112542639        0.0004545631
 C         -1.5364007666        1.2026589135        0.0007343096
 C          1.9498852264        0.0000511391       -0.0000988043
 N          3.0989392869        0.0004349799       -0.0005579547
 H         -3.3055275821        0.0002172140        0.0007562373
 H         -2.0755887393       -2.1365473151        0.0002052778
 H          0.3922187352       -2.1415448130       -0.0001816455
 H          0.3925177134        2.1415091709        0.0003812318
 H         -2.0753045976        2.1368170503        0.0006059692
