 
       ╔════════════════════════════════════════════╗
       ║            ___ ___ ___ ___ _____           ║
       ║           / __| _ \ __/ __|_   _|          ║
       ║          | (__|   / _|\__ \ | |            ║
       ║           \___|_|_\___|___/ |_|            ║
       ║                                            ║
       ║  Conformer-Rotamer Ensemble Sampling Tool  ║
       ║          based on the xTB methods          ║
       ║                                            ║
       ╚════════════════════════════════════════════╝
       Version 3.0.2, Sun Aug 25 20:02:36 UTC 2024
       commit (af7eb99) compiled by 'runner@fv-az1984-471'
 
   Cite work conducted with this code as

   • P.Pracht, F.Bohle, S.Grimme, PCCP, 2020, 22, 7169-7192.
   • S.Grimme, JCTC, 2019, 15, 2847-2862.
   • P.Pracht, S.Grimme, C.Bannwarth, F.Bohle, S.Ehlert,
     G.Feldmann, J.Gorges, M.Müller, T.Neudecker, C.Plett,
     S.Spicher, P.Steinbach, P.Wesołowski, F.Zeller,
     J. Chem. Phys., 2024, 160, 114110.

   for works involving QCG cite

   • S.Spicher, C.Plett, P.Pracht, A.Hansen, S.Grimme,
     JCTC, 2022, 18 (5), 3174-3189.
   • C.Plett, S. Grimme,
     Angew. Chem. Int. Ed. 2023, 62, e202214477.

   for works involving MECP screening cite

   • P.Pracht, C.Bannwarth, JCTC, 2022, 18 (10), 6370-6385.
 
   Original code
     P.Pracht, S.Grimme, Universität Bonn, MCTC
   with help from (alphabetical order):
     C.Bannwarth, F.Bohle, S.Ehlert, G.Feldmann, J.Gorges,
     S.Grimme, C.Plett, P.Pracht, S.Spicher, P.Steinbach,
     P.Wesolowski, F.Zeller
 
   Online documentation is available at
   https://crest-lab.github.io/crest-docs/
 
   This program is distributed in the hope that it will be useful,
   but WITHOUT ANY WARRANTY; without even the implied warranty of
   MERCHANTABILITY or FITNESS FOR A PARTICULAR PURPOSE. See the
   GNU Lesser General Public License (LGPL) for more details.

 Command line input:
 $ crest mobley_7708038.xyz --alpb water --chrg 0 --uhf 0 -T 4 --noreftopo

  --alpb water : implicit solvation
  --chrg 0
  --uhf 0
  -T 4 (CPUs/Threads selected)

> Setting up backup calculator ... done.
 ----------------
 Calculation info
 ----------------
> User-defined calculation level:
 : xTB calculation via tblite lib
 : GFN2-xTB level
 :   Molecular charge    : 0
 :   Solvation model     : alpb
 :   Solvent             : water
 :   Fermi temperature   : 300.00000
 :   Accuracy            : 1.00000
 :   max SCC cycles      : 500
 
 
 -----------------------------
 Initial Geometry Optimization
 -----------------------------
 Geometry successfully optimized.
 
          ┍━━━━━━━━━━━━━━━━━━━━━━━━━━━━━━━━━━━━━━━━━━━━━━━━━┑
          │              CREST iMTD-GC SAMPLING             │
          ┕━━━━━━━━━━━━━━━━━━━━━━━━━━━━━━━━━━━━━━━━━━━━━━━━━┙
 
 Input structure:
  11
 
 C         -3.1917466771       -0.0342740228        0.0000018961
 C         -1.7638928428        0.5024686599        0.0001599066
 C         -0.7755776382       -0.6477503627       -0.0001696864
 Br         1.0870622843        0.0045249400        0.0001824223
 H         -3.8974537857        0.7911845422        0.0001043695
 H         -3.3715514191       -0.6427795840       -0.8829008753
 H         -3.3716414845       -0.6430650766        0.8826923924
 H         -1.6012159821        1.1239702314        0.8830473111
 H         -1.6012099372        1.1244755597       -0.8823680888
 H         -0.8701665428       -1.2642905767       -0.8924017470
 H         -0.8702937752       -1.2649298200        0.8916104930
 
 ------------------------------------------------
 Generating MTD length from a flexibility measure
 ------------------------------------------------
 Calculating GFN0-xTB WBOs   ... done.
 Calculating NCI flexibility ... done.
     covalent flexibility measure :   0.000
 non-covalent flexibility measure :   0.863
 flexibility measure :   0.000
 t(MTD) / ps    :     5.0
 Σ(t(MTD)) / ps :    70.0 (14 MTDs)
 
 -----------------------------------
 Starting trial MTD to test settings
 -----------------------------------
 Trial MTD 1 runtime (1.0 ps) ...        0 min,  0.817 sec
 Estimated runtime for one MTD (5.0 ps) on a single thread: 4 sec
 Estimated runtime for a batch of 14 MTDs on 4 threads: 16 sec
 
******************************************************************************************
**                         N E W   I T E R A T I O N  C Y C L E                         **
******************************************************************************************
 
 ------------------------------
 Meta-Dynamics Iteration 1
 ------------------------------
 list of applied metadynamics Vbias parameters:
$metadyn    0.03300   1.300
$metadyn    0.01650   1.300
$metadyn    0.00825   1.300
$metadyn    0.03300   0.780
$metadyn    0.01650   0.780
$metadyn    0.00825   0.780
$metadyn    0.03300   0.468
$metadyn    0.01650   0.468
$metadyn    0.00825   0.468
$metadyn    0.03300   0.281
$metadyn    0.01650   0.281
$metadyn    0.00825   0.281
$metadyn    0.01100   0.100
$metadyn    0.05500   0.800
 
  ::::::::::::: starting MTD    5 :::::::::::::
  |   MD simulation time   :     5.0 ps       |
  |   target T             :   300.0 K        |
  |   timestep dt          :     5.0 fs       |
  |   dump interval(trj)   :   100.0 fs       |
  |   SHAKE algorithm      : true (all bonds) |
  |   dump interval(Vbias) :    1.00 ps       |
  |   Vbias prefactor (k)  :  0.0165 Eh       |
  |   Vbias exponent (α)   :  0.7800 bohr⁻²   |
  ::::::::::::: starting MTD   12 :::::::::::::
  |   MD simulation time   :     5.0 ps       |
  |   target T             :   300.0 K        |
  |   timestep dt          :     5.0 fs       |
  |   dump interval(trj)   :   100.0 fs       |
  |   SHAKE algorithm      : true (all bonds) |
  |   dump interval(Vbias) :    1.00 ps       |
  |   Vbias prefactor (k)  :  0.0083 Eh       |
  |   Vbias exponent (α)   :  0.2808 bohr⁻²   |
  ::::::::::::: starting MTD    9 :::::::::::::
  |   MD simulation time   :     5.0 ps       |
  |   target T             :   300.0 K        |
  |   timestep dt          :     5.0 fs       |
  |   dump interval(trj)   :   100.0 fs       |
  |   SHAKE algorithm      : true (all bonds) |
  |   dump interval(Vbias) :    1.00 ps       |
  |   Vbias prefactor (k)  :  0.0083 Eh       |
  |   Vbias exponent (α)   :  0.4680 bohr⁻²   |
  ::::::::::::: starting MTD    1 :::::::::::::
  |   MD simulation time   :     5.0 ps       |
  |   target T             :   300.0 K        |
  |   timestep dt          :     5.0 fs       |
  |   dump interval(trj)   :   100.0 fs       |
  |   SHAKE algorithm      : true (all bonds) |
  |   dump interval(Vbias) :    1.00 ps       |
  |   Vbias prefactor (k)  :  0.0330 Eh       |
  |   Vbias exponent (α)   :  1.3000 bohr⁻²   |
*MTD   1 completed successfully ...        0 min,  3.456 sec
  ::::::::::::: starting MTD    2 :::::::::::::
  |   MD simulation time   :     5.0 ps       |
  |   target T             :   300.0 K        |
  |   timestep dt          :     5.0 fs       |
  |   dump interval(trj)   :   100.0 fs       |
  |   SHAKE algorithm      : true (all bonds) |
  |   dump interval(Vbias) :    1.00 ps       |
  |   Vbias prefactor (k)  :  0.0165 Eh       |
  |   Vbias exponent (α)   :  1.3000 bohr⁻²   |
*MTD   9 completed successfully ...        0 min,  3.460 sec
  ::::::::::::: starting MTD   10 :::::::::::::
  |   MD simulation time   :     5.0 ps       |
  |   target T             :   300.0 K        |
  |   timestep dt          :     5.0 fs       |
  |   dump interval(trj)   :   100.0 fs       |
  |   SHAKE algorithm      : true (all bonds) |
  |   dump interval(Vbias) :    1.00 ps       |
  |   Vbias prefactor (k)  :  0.0330 Eh       |
  |   Vbias exponent (α)   :  0.2808 bohr⁻²   |
*MTD  12 completed successfully ...        0 min,  3.475 sec
  ::::::::::::: starting MTD   13 :::::::::::::
  |   MD simulation time   :     5.0 ps       |
  |   target T             :   300.0 K        |
  |   timestep dt          :     5.0 fs       |
  |   dump interval(trj)   :   100.0 fs       |
  |   SHAKE algorithm      : true (all bonds) |
  |   dump interval(Vbias) :    1.00 ps       |
  |   Vbias prefactor (k)  :  0.0110 Eh       |
  |   Vbias exponent (α)   :  0.1000 bohr⁻²   |
*MTD   5 completed successfully ...        0 min,  3.486 sec
  ::::::::::::: starting MTD    6 :::::::::::::
  |   MD simulation time   :     5.0 ps       |
  |   target T             :   300.0 K        |
  |   timestep dt          :     5.0 fs       |
  |   dump interval(trj)   :   100.0 fs       |
  |   SHAKE algorithm      : true (all bonds) |
  |   dump interval(Vbias) :    1.00 ps       |
  |   Vbias prefactor (k)  :  0.0083 Eh       |
  |   Vbias exponent (α)   :  0.7800 bohr⁻²   |
*MTD   2 completed successfully ...        0 min,  3.521 sec
  ::::::::::::: starting MTD    3 :::::::::::::
  |   MD simulation time   :     5.0 ps       |
  |   target T             :   300.0 K        |
  |   timestep dt          :     5.0 fs       |
  |   dump interval(trj)   :   100.0 fs       |
  |   SHAKE algorithm      : true (all bonds) |
  |   dump interval(Vbias) :    1.00 ps       |
  |   Vbias prefactor (k)  :  0.0083 Eh       |
  |   Vbias exponent (α)   :  1.3000 bohr⁻²   |
*MTD   6 completed successfully ...        0 min,  3.503 sec
  ::::::::::::: starting MTD    7 :::::::::::::
  |   MD simulation time   :     5.0 ps       |
  |   target T             :   300.0 K        |
  |   timestep dt          :     5.0 fs       |
  |   dump interval(trj)   :   100.0 fs       |
  |   SHAKE algorithm      : true (all bonds) |
  |   dump interval(Vbias) :    1.00 ps       |
  |   Vbias prefactor (k)  :  0.0330 Eh       |
  |   Vbias exponent (α)   :  0.4680 bohr⁻²   |
*MTD  10 completed successfully ...        0 min,  3.550 sec
  ::::::::::::: starting MTD   11 :::::::::::::
  |   MD simulation time   :     5.0 ps       |
  |   target T             :   300.0 K        |
  |   timestep dt          :     5.0 fs       |
  |   dump interval(trj)   :   100.0 fs       |
  |   SHAKE algorithm      : true (all bonds) |
  |   dump interval(Vbias) :    1.00 ps       |
  |   Vbias prefactor (k)  :  0.0165 Eh       |
  |   Vbias exponent (α)   :  0.2808 bohr⁻²   |
*MTD  13 completed successfully ...        0 min,  3.572 sec
  ::::::::::::: starting MTD   14 :::::::::::::
  |   MD simulation time   :     5.0 ps       |
  |   target T             :   300.0 K        |
  |   timestep dt          :     5.0 fs       |
  |   dump interval(trj)   :   100.0 fs       |
  |   SHAKE algorithm      : true (all bonds) |
  |   dump interval(Vbias) :    1.00 ps       |
  |   Vbias prefactor (k)  :  0.0550 Eh       |
  |   Vbias exponent (α)   :  0.8000 bohr⁻²   |
*MTD   3 completed successfully ...        0 min,  3.435 sec
  ::::::::::::: starting MTD    4 :::::::::::::
  |   MD simulation time   :     5.0 ps       |
  |   target T             :   300.0 K        |
  |   timestep dt          :     5.0 fs       |
  |   dump interval(trj)   :   100.0 fs       |
  |   SHAKE algorithm      : true (all bonds) |
  |   dump interval(Vbias) :    1.00 ps       |
  |   Vbias prefactor (k)  :  0.0330 Eh       |
  |   Vbias exponent (α)   :  0.7800 bohr⁻²   |
*MTD  11 completed successfully ...        0 min,  3.429 sec
*MTD   7 completed successfully ...        0 min,  3.454 sec
  ::::::::::::: starting MTD    8 :::::::::::::
  |   MD simulation time   :     5.0 ps       |
  |   target T             :   300.0 K        |
  |   timestep dt          :     5.0 fs       |
  |   dump interval(trj)   :   100.0 fs       |
  |   SHAKE algorithm      : true (all bonds) |
  |   dump interval(Vbias) :    1.00 ps       |
  |   Vbias prefactor (k)  :  0.0165 Eh       |
  |   Vbias exponent (α)   :  0.4680 bohr⁻²   |
*MTD  14 completed successfully ...        0 min,  3.429 sec
*MTD   4 completed successfully ...        0 min,  3.366 sec
*MTD   8 completed successfully ...        0 min,  3.378 sec
 
 ======================================
 |  Multilevel Ensemble Optimization  |
 ======================================
 Optimizing all 686 structures from file "crest_dynamics.trj" ...
 ----------------------
 crude pre-optimization
 ----------------------
 Optimization engine: ANCOPT
 Hessian update type: BFGS
 E/G convergence criteria:  0.500E-03 Eh, 0.100E-01 Eh/a0
 maximum optimization steps: 200
 |>0.1% |>10.1% |>20.1% |>30.0% |>40.1% |>50.0% |>60.1% |>70.1% |>80.0% |>90.1% |>100.0%
 done.
> 686 of 686 structures successfully optimized (100.0% success)
> Total runtime for 686 optimizations:
 * wall-time:     0 d,  0 h,  0 min,  3.979 sec
 *  cpu-time:     0 d,  0 h,  0 min, 15.841 sec
 * ratio c/w:     3.981 speedup
> Corresponding to approximately 0.006 sec per processed structure
 
CREGEN> running RMSDs ... done.
CREGEN> E lowest :   -14.07943
 149 structures remain within    12.00 kcal/mol window
 ----------------------------------
 optimization with tight thresholds
 ----------------------------------
 Optimization engine: ANCOPT
 Hessian update type: BFGS
 E/G convergence criteria:  0.100E-05 Eh, 0.800E-03 Eh/a0
 maximum optimization steps: 200
 |>0.7% |>10.1% |>20.1% |>30.2% |>40.3% |>50.3% |>60.4% |>70.5% |>80.5% |>90.6% |>100.0%
 done.
> 149 of 149 structures successfully optimized (100.0% success)
> Total runtime for 149 optimizations:
 * wall-time:     0 d,  0 h,  0 min,  1.925 sec
 *  cpu-time:     0 d,  0 h,  0 min,  7.226 sec
 * ratio c/w:     3.754 speedup
> Corresponding to approximately 0.013 sec per processed structure
 
CREGEN> running RMSDs ... done.
CREGEN> E lowest :   -14.07945
 10 structures remain within     6.00 kcal/mol window
 
 ------------------------------
 Meta-Dynamics Iteration 2
 ------------------------------
 list of applied metadynamics Vbias parameters:
$metadyn    0.03300   1.300
$metadyn    0.01650   1.300
$metadyn    0.00825   1.300
$metadyn    0.03300   0.780
$metadyn    0.01650   0.780
$metadyn    0.00825   0.780
$metadyn    0.03300   0.468
$metadyn    0.01650   0.468
$metadyn    0.00825   0.468
$metadyn    0.03300   0.281
$metadyn    0.01650   0.281
$metadyn    0.00825   0.281
$metadyn    0.01100   0.100
$metadyn    0.05500   0.800
 
  ::::::::::::: starting MTD    1 :::::::::::::
  |   MD simulation time   :     5.0 ps       |
  |   target T             :   300.0 K        |
  |   timestep dt          :     5.0 fs       |
  |   dump interval(trj)   :   100.0 fs       |
  |   SHAKE algorithm      : true (all bonds) |
  |   dump interval(Vbias) :    1.00 ps       |
  |   Vbias prefactor (k)  :  0.0330 Eh       |
  |   Vbias exponent (α)   :  1.3000 bohr⁻²   |
  ::::::::::::: starting MTD    9 :::::::::::::
  |   MD simulation time   :     5.0 ps       |
  |   target T             :   300.0 K        |
  |   timestep dt          :     5.0 fs       |
  |   dump interval(trj)   :   100.0 fs       |
  |   SHAKE algorithm      : true (all bonds) |
  |   dump interval(Vbias) :    1.00 ps       |
  |   Vbias prefactor (k)  :  0.0083 Eh       |
  |   Vbias exponent (α)   :  0.4680 bohr⁻²   |
  ::::::::::::: starting MTD   12 :::::::::::::
  |   MD simulation time   :     5.0 ps       |
  |   target T             :   300.0 K        |
  |   timestep dt          :     5.0 fs       |
  |   dump interval(trj)   :   100.0 fs       |
  |   SHAKE algorithm      : true (all bonds) |
  |   dump interval(Vbias) :    1.00 ps       |
  |   Vbias prefactor (k)  :  0.0083 Eh       |
  |   Vbias exponent (α)   :  0.2808 bohr⁻²   |
  ::::::::::::: starting MTD    5 :::::::::::::
  |   MD simulation time   :     5.0 ps       |
  |   target T             :   300.0 K        |
  |   timestep dt          :     5.0 fs       |
  |   dump interval(trj)   :   100.0 fs       |
  |   SHAKE algorithm      : true (all bonds) |
  |   dump interval(Vbias) :    1.00 ps       |
  |   Vbias prefactor (k)  :  0.0165 Eh       |
  |   Vbias exponent (α)   :  0.7800 bohr⁻²   |
*MTD  12 completed successfully ...        0 min,  3.417 sec
  ::::::::::::: starting MTD   13 :::::::::::::
  |   MD simulation time   :     5.0 ps       |
  |   target T             :   300.0 K        |
  |   timestep dt          :     5.0 fs       |
  |   dump interval(trj)   :   100.0 fs       |
  |   SHAKE algorithm      : true (all bonds) |
  |   dump interval(Vbias) :    1.00 ps       |
  |   Vbias prefactor (k)  :  0.0110 Eh       |
  |   Vbias exponent (α)   :  0.1000 bohr⁻²   |
*MTD   1 completed successfully ...        0 min,  3.450 sec
  ::::::::::::: starting MTD    2 :::::::::::::
  |   MD simulation time   :     5.0 ps       |
  |   target T             :   300.0 K        |
  |   timestep dt          :     5.0 fs       |
  |   dump interval(trj)   :   100.0 fs       |
  |   SHAKE algorithm      : true (all bonds) |
  |   dump interval(Vbias) :    1.00 ps       |
  |   Vbias prefactor (k)  :  0.0165 Eh       |
  |   Vbias exponent (α)   :  1.3000 bohr⁻²   |
*MTD   9 completed successfully ...        0 min,  3.511 sec
  ::::::::::::: starting MTD   10 :::::::::::::
  |   MD simulation time   :     5.0 ps       |
  |   target T             :   300.0 K        |
  |   timestep dt          :     5.0 fs       |
  |   dump interval(trj)   :   100.0 fs       |
  |   SHAKE algorithm      : true (all bonds) |
  |   dump interval(Vbias) :    1.00 ps       |
  |   Vbias prefactor (k)  :  0.0330 Eh       |
  |   Vbias exponent (α)   :  0.2808 bohr⁻²   |
*MTD   5 completed successfully ...        0 min,  3.576 sec
  ::::::::::::: starting MTD    6 :::::::::::::
  |   MD simulation time   :     5.0 ps       |
  |   target T             :   300.0 K        |
  |   timestep dt          :     5.0 fs       |
  |   dump interval(trj)   :   100.0 fs       |
  |   SHAKE algorithm      : true (all bonds) |
  |   dump interval(Vbias) :    1.00 ps       |
  |   Vbias prefactor (k)  :  0.0083 Eh       |
  |   Vbias exponent (α)   :  0.7800 bohr⁻²   |
*MTD  13 completed successfully ...        0 min,  3.415 sec
  ::::::::::::: starting MTD   14 :::::::::::::
  |   MD simulation time   :     5.0 ps       |
  |   target T             :   300.0 K        |
  |   timestep dt          :     5.0 fs       |
  |   dump interval(trj)   :   100.0 fs       |
  |   SHAKE algorithm      : true (all bonds) |
  |   dump interval(Vbias) :    1.00 ps       |
  |   Vbias prefactor (k)  :  0.0550 Eh       |
  |   Vbias exponent (α)   :  0.8000 bohr⁻²   |
*MTD   2 completed successfully ...        0 min,  3.452 sec
  ::::::::::::: starting MTD    3 :::::::::::::
  |   MD simulation time   :     5.0 ps       |
  |   target T             :   300.0 K        |
  |   timestep dt          :     5.0 fs       |
  |   dump interval(trj)   :   100.0 fs       |
  |   SHAKE algorithm      : true (all bonds) |
  |   dump interval(Vbias) :    1.00 ps       |
  |   Vbias prefactor (k)  :  0.0083 Eh       |
  |   Vbias exponent (α)   :  1.3000 bohr⁻²   |
*MTD   6 completed successfully ...        0 min,  3.417 sec
  ::::::::::::: starting MTD    7 :::::::::::::
  |   MD simulation time   :     5.0 ps       |
  |   target T             :   300.0 K        |
  |   timestep dt          :     5.0 fs       |
  |   dump interval(trj)   :   100.0 fs       |
  |   SHAKE algorithm      : true (all bonds) |
  |   dump interval(Vbias) :    1.00 ps       |
  |   Vbias prefactor (k)  :  0.0330 Eh       |
  |   Vbias exponent (α)   :  0.4680 bohr⁻²   |
*MTD  10 completed successfully ...        0 min,  3.506 sec
  ::::::::::::: starting MTD   11 :::::::::::::
  |   MD simulation time   :     5.0 ps       |
  |   target T             :   300.0 K        |
  |   timestep dt          :     5.0 fs       |
  |   dump interval(trj)   :   100.0 fs       |
  |   SHAKE algorithm      : true (all bonds) |
  |   dump interval(Vbias) :    1.00 ps       |
  |   Vbias prefactor (k)  :  0.0165 Eh       |
  |   Vbias exponent (α)   :  0.2808 bohr⁻²   |
*MTD  14 completed successfully ...        0 min,  3.502 sec
*MTD   7 completed successfully ...        0 min,  3.515 sec
  ::::::::::::: starting MTD    8 :::::::::::::
  |   MD simulation time   :     5.0 ps       |
  |   target T             :   300.0 K        |
  |   timestep dt          :     5.0 fs       |
  |   dump interval(trj)   :   100.0 fs       |
  |   SHAKE algorithm      : true (all bonds) |
  |   dump interval(Vbias) :    1.00 ps       |
  |   Vbias prefactor (k)  :  0.0165 Eh       |
  |   Vbias exponent (α)   :  0.4680 bohr⁻²   |
*MTD   3 completed successfully ...        0 min,  3.620 sec
  ::::::::::::: starting MTD    4 :::::::::::::
  |   MD simulation time   :     5.0 ps       |
  |   target T             :   300.0 K        |
  |   timestep dt          :     5.0 fs       |
  |   dump interval(trj)   :   100.0 fs       |
  |   SHAKE algorithm      : true (all bonds) |
  |   dump interval(Vbias) :    1.00 ps       |
  |   Vbias prefactor (k)  :  0.0330 Eh       |
  |   Vbias exponent (α)   :  0.7800 bohr⁻²   |
*MTD  11 completed successfully ...        0 min,  3.563 sec
*MTD   8 completed successfully ...        0 min,  3.360 sec
*MTD   4 completed successfully ...        0 min,  3.378 sec
 
 ======================================
 |  Multilevel Ensemble Optimization  |
 ======================================
 Optimizing all 686 structures from file "crest_dynamics.trj" ...
 ----------------------
 crude pre-optimization
 ----------------------
 Optimization engine: ANCOPT
 Hessian update type: BFGS
 E/G convergence criteria:  0.500E-03 Eh, 0.100E-01 Eh/a0
 maximum optimization steps: 200
 |>0.1% |>10.1% |>20.1% |>30.0% |>40.1% |>50.0% |>60.1% |>70.1% |>80.0% |>90.1% |>100.0%
 done.
> 686 of 686 structures successfully optimized (100.0% success)
> Total runtime for 686 optimizations:
 * wall-time:     0 d,  0 h,  0 min,  3.906 sec
 *  cpu-time:     0 d,  0 h,  0 min, 15.491 sec
 * ratio c/w:     3.966 speedup
> Corresponding to approximately 0.006 sec per processed structure
 
CREGEN> running RMSDs ... done.
CREGEN> E lowest :   -14.07944
 144 structures remain within    12.00 kcal/mol window
 ----------------------------------
 optimization with tight thresholds
 ----------------------------------
 Optimization engine: ANCOPT
 Hessian update type: BFGS
 E/G convergence criteria:  0.100E-05 Eh, 0.800E-03 Eh/a0
 maximum optimization steps: 200
 |>0.7% |>10.4% |>20.1% |>30.6% |>40.3% |>50.0% |>60.4% |>70.1% |>80.6% |>90.3% |>100.0%
 done.
> 144 of 144 structures successfully optimized (100.0% success)
> Total runtime for 144 optimizations:
 * wall-time:     0 d,  0 h,  0 min,  1.796 sec
 *  cpu-time:     0 d,  0 h,  0 min,  7.145 sec
 * ratio c/w:     3.979 speedup
> Corresponding to approximately 0.012 sec per processed structure
 
CREGEN> running RMSDs ... done.
CREGEN> E lowest :   -14.07945
 9 structures remain within     6.00 kcal/mol window
 
========================================
           MTD Simulations done         
========================================
 Collecting ensmbles.
CREGEN> running RMSDs ... done.
CREGEN> E lowest :   -14.07945
 10 structures remain within     6.00 kcal/mol window
 

 ===============================================
 Additional regular MDs on lowest 3 conformer(s)
 ===============================================
  :::::::::::::: starting MD   1 ::::::::::::::
  |   MD simulation time   :     2.5 ps       |
  |   target T             :   400.0 K        |
  |   timestep dt          :     5.0 fs       |
  |   dump interval(trj)   :   100.0 fs       |
  |   SHAKE algorithm      : true (all bonds) |
  :::::::::::::: starting MD   2 ::::::::::::::
  |   MD simulation time   :     2.5 ps       |
  |   target T             :   400.0 K        |
  |   timestep dt          :     5.0 fs       |
  |   dump interval(trj)   :   100.0 fs       |
  |   SHAKE algorithm      : true (all bonds) |
  :::::::::::::: starting MD   3 ::::::::::::::
  |   MD simulation time   :     2.5 ps       |
  |   target T             :   400.0 K        |
  |   timestep dt          :     5.0 fs       |
  |   dump interval(trj)   :   100.0 fs       |
  |   SHAKE algorithm      : true (all bonds) |
  :::::::::::::: starting MD   6 ::::::::::::::
  |   MD simulation time   :     2.5 ps       |
  |   target T             :   500.0 K        |
  |   timestep dt          :     5.0 fs       |
  |   dump interval(trj)   :   100.0 fs       |
  |   SHAKE algorithm      : true (all bonds) |
*MD   6 completed successfully ...        0 min,  1.720 sec
  :::::::::::::: starting MD   5 ::::::::::::::
  |   MD simulation time   :     2.5 ps       |
  |   target T             :   500.0 K        |
  |   timestep dt          :     5.0 fs       |
  |   dump interval(trj)   :   100.0 fs       |
  |   SHAKE algorithm      : true (all bonds) |
*MD   3 completed successfully ...        0 min,  1.729 sec
  :::::::::::::: starting MD   4 ::::::::::::::
  |   MD simulation time   :     2.5 ps       |
  |   target T             :   500.0 K        |
  |   timestep dt          :     5.0 fs       |
  |   dump interval(trj)   :   100.0 fs       |
  |   SHAKE algorithm      : true (all bonds) |
*MD   2 completed successfully ...        0 min,  1.739 sec
*MD   1 completed successfully ...        0 min,  1.752 sec
*MD   5 completed successfully ...        0 min,  1.730 sec
*MD   4 completed successfully ...        0 min,  1.733 sec
 Appending file crest_rotamers_1.xyz with new structures
 Optimizing all 154 structures from file "crest_rotamers_1.xyz" ...
 ----------------------------------
 optimization with tight thresholds
 ----------------------------------
 Optimization engine: ANCOPT
 Hessian update type: BFGS
 E/G convergence criteria:  0.100E-05 Eh, 0.800E-03 Eh/a0
 maximum optimization steps: 200
 |>0.6% |>10.4% |>20.1% |>30.5% |>40.3% |>50.0% |>60.4% |>70.1% |>80.5% |>90.3% |>100.0%
 done.
> 154 of 154 structures successfully optimized (100.0% success)
> Total runtime for 154 optimizations:
 * wall-time:     0 d,  0 h,  0 min,  2.059 sec
 *  cpu-time:     0 d,  0 h,  0 min,  7.801 sec
 * ratio c/w:     3.790 speedup
> Corresponding to approximately 0.013 sec per processed structure
 
CREGEN> running RMSDs ... done.
CREGEN> E lowest :   -14.07945
 10 structures remain within     6.00 kcal/mol window
 
     ========================================
     |        Structure Crossing (GC)       |
     ========================================
 
 =============================
  # threads =           4
 =============================
input  file name : crest_rotamers_2.xyz
number of atoms                :      11
number of points on xyz files  :      10
conformer energy window  /kcal :    6.00
CN per atom difference cut-off :  0.3000
RMSD threshold (Ang, Bohr)     :  0.2500  0.4724
max. # of generated structures :      250
 # in E window          10
  20.0 % done
  40.0 % done
  62.2 % done
  86.7 % done
 finished.
 average rmsd w.r.t input     :     1.56942
 number of clash discarded    :          33
 removed identical structures :           7

 5 structures written to confcross.xyz

 
 ======================================
 |  Multilevel Ensemble Optimization  |
 ======================================
 Optimizing all 5 structures from file "confcross.xyz" ...
 ----------------------
 crude pre-optimization
 ----------------------
 Optimization engine: ANCOPT
 Hessian update type: BFGS
 E/G convergence criteria:  0.500E-03 Eh, 0.100E-01 Eh/a0
 maximum optimization steps: 200
 |>20.0% |>40.0% |>60.0% |>80.0% |>100.0%
 done.
> 5 of 5 structures successfully optimized (100.0% success)
> Total runtime for 5 optimizations:
 * wall-time:     0 d,  0 h,  0 min,  0.015 sec
 *  cpu-time:     0 d,  0 h,  0 min,  0.061 sec
 * ratio c/w:     3.972 speedup
> Corresponding to approximately 0.003 sec per processed structure
 
CREGEN> running RMSDs ... done.
CREGEN> E lowest :   -14.07937
 5 structures remain within    12.00 kcal/mol window
 ----------------------------------
 optimization with tight thresholds
 ----------------------------------
 Optimization engine: ANCOPT
 Hessian update type: BFGS
 E/G convergence criteria:  0.100E-05 Eh, 0.800E-03 Eh/a0
 maximum optimization steps: 200
 |>20.0% |>40.0% |>60.0% |>80.0% |>100.0%
 done.
> 5 of 5 structures successfully optimized (100.0% success)
> Total runtime for 5 optimizations:
 * wall-time:     0 d,  0 h,  0 min,  0.124 sec
 *  cpu-time:     0 d,  0 h,  0 min,  0.495 sec
 * ratio c/w:     3.984 speedup
> Corresponding to approximately 0.025 sec per processed structure
 
CREGEN> running RMSDs ... done.
CREGEN> E lowest :   -14.07945
 3 structures remain within     6.00 kcal/mol window
appending new structures to crest_rotamers_2.xyz
CREGEN> running RMSDs ... done.
CREGEN> E lowest :   -14.07945


   ================================================
   |           Final Geometry Optimization        |
   ================================================
 Optimizing all 11 structures from file "crest_rotamers_3.xyz" ...
 ---------------------------------------
 optimization with very tight thresholds
 ---------------------------------------
 Optimization engine: ANCOPT
 Hessian update type: BFGS
 E/G convergence criteria:  0.100E-06 Eh, 0.200E-03 Eh/a0
 maximum optimization steps: 200
 |>9.1% |>18.2% |>27.3% |>36.4% |>45.5% |>54.5% |>63.6% |>72.7% |>81.8% |>90.9% |>100.0%
 done.
> 11 of 11 structures successfully optimized (100.0% success)
> Total runtime for 11 optimizations:
 * wall-time:     0 d,  0 h,  0 min,  0.148 sec
 *  cpu-time:     0 d,  0 h,  0 min,  0.587 sec
 * ratio c/w:     3.974 speedup
> Corresponding to approximately 0.013 sec per processed structure
 
CREGEN> running RMSDs ... done.
CREGEN> E lowest :   -14.07945
 9 structures remain within     6.00 kcal/mol window


 --------------------------
 Final Ensemble Information
 --------------------------
 input  file name : crest_rotamers_3.xyz
 output file name : crest_rotamers_4.xyz
 number of atoms                :   11
 number of points on xyz files  :   11
 RMSD threshold                 :   0.1250
 Bconst threshold               :   0.0100
 population threshold           :   0.0500
 # fragment in coord            :     1
 # bonds in reference structure :    10
 number of reliable points      :    11
 sorting energy window (EWIN)   :    6.0000 / kcal*mol⁻¹
 reference state Etot           :  -14.0794469200000
 number of doubles removed by rot/RMSD         :           2
 total number unique points considered further :           9
       Erel/kcal        Etot weight/tot  conformer     set   degen     origin
       1   0.000   -14.07945    0.11828    0.35484       1       3
       2   0.000   -14.07945    0.11828
       3   0.000   -14.07945    0.11828
       4   0.056   -14.07936    0.10759    0.64516       2       6
       5   0.056   -14.07936    0.10754
       6   0.056   -14.07936    0.10754
       7   0.057   -14.07936    0.10751
       8   0.057   -14.07936    0.10751
       9   0.057   -14.07936    0.10748
T /K                                  :   298.15
E lowest                              :   -14.07945
ensemble average energy (kcal)        :    0.036
ensemble entropy (J/mol K, cal/mol K) :   18.260    4.364
ensemble free energy (kcal/mol)       :   -1.301
population of lowest in %             :   35.484
 number of unique conformers for further calc            2
 list of relative energies saved as "crest.energies"
 
 -----------------
 Wall Time Summary
 -----------------
 CREST runtime (total)               0 d,  0 h,  0 min, 46.858 sec
 ------------------------------------------------------------------
 Trial metadynamics (MTD)   ...        0 min,  0.820 sec (  1.749%)
 Metadynamics (MTD)         ...        0 min, 27.795 sec ( 59.317%)
 Geometry optimization      ...        0 min, 14.506 sec ( 30.956%)
 Molecular dynamics (MD)    ...        0 min,  3.474 sec (  7.415%)
 Genetic crossing (GC)      ...        0 min,  0.149 sec (  0.317%)
 I/O and setup              ...        0 min,  0.115 sec (  0.246%)
 ------------------------------------------------------------------
 * wall-time:     0 d,  0 h,  0 min, 46.858 sec
 *  cpu-time:     0 d,  0 h,  2 min, 51.324 sec
 * ratio c/w:     3.656 speedup
 ------------------------------------------------------------------
 * Total number of energy+grad calls: 47341
 
 CREST terminated normally.
