  11
 Etot=         -14.0788962683
 C         -3.1869886282       -0.0270034367        0.0002347449
 C         -1.7558774178        0.4853230402       -0.0002985721
 C         -0.7617352926       -0.6608891617       -0.0001466556
 Br         1.0539863367        0.0403931879        0.0000298855
 H         -3.8905675566        0.8120231429       -0.0000657598
 H         -3.3851142216       -0.6366513560       -0.8876580773
 H         -3.3854460190       -0.6368765890        0.8875866492
 H         -1.6025005883        1.1214716208        0.8810932429
 H         -1.6026815512        1.1220156245       -0.8800931957
 H         -0.8550792873       -1.2846801736       -0.8932153383
 H         -0.8556835746       -1.2855914088        0.8924914697
  11
 Etot=         -14.0793499501
 C         -3.1939114820       -0.0334662789        0.0000385698
 C         -1.7663773277        0.4962555652        0.0000663052
 C         -0.7641866148       -0.6419995422       -0.0003190502
 Br         1.0886092606        0.0018394774        0.0003927885
 H         -3.8971923510        0.7968523885        0.0000082735
 H         -3.3828325715       -0.6421101185       -0.8833174895
 H         -3.3828283603       -0.6422322389        0.8831664396
 H         -1.6023599471        1.1214853333        0.8829373464
 H         -1.6026306087        1.1219712206       -0.8820847190
 H         -0.8619727711       -1.2643010155       -0.8904515471
 H         -0.8620050269       -1.2647603006        0.8895214764
  11
 Etot=         -14.0794378309
 C         -3.1905870859       -0.0352016387       -0.0000041690
 C         -1.7646274696        0.5025332460        0.0002044831
 C         -0.7742619704       -0.6463961222       -0.0001907765
 Br         1.0833527661        0.0069795220        0.0002096809
 H         -3.8937855842        0.7913215673        0.0000455079
 H         -3.3729096389       -0.6433476558       -0.8819767489
 H         -3.3729497975       -0.6434903621        0.8818504863
 H         -1.5995283188        1.1232802967        0.8836514866
 H         -1.5995646721        1.1237829662       -0.8829385415
 H         -0.8712856510       -1.2646314598       -0.8917172762
 H         -0.8715403781       -1.2652958693        0.8908242606
  11
 Etot=         -14.0794467035
 C         -3.1914253901       -0.0342500827        0.0000125207
 C         -1.7645310984        0.5029459150        0.0001635738
 C         -0.7755061518       -0.6474359334       -0.0001854219
 Br         1.0855408520        0.0038618481        0.0002259989
 H         -3.8967493273        0.7910248077        0.0000844731
 H         -3.3708943637       -0.6427698638       -0.8825152682
 H         -3.3709973054       -0.6429948530        0.8823798657
 H         -1.6014997835        1.1241284824        0.8831132324
 H         -1.6014777816        1.1246718079       -0.8824651522
 H         -0.8699980033       -1.2644920238       -0.8923163550
 H         -0.8701494473       -1.2651556142        0.8914609261
