  14
 Etot=         -24.4877889666
 C         -0.7492365471       -1.8168447665       -0.0002573979
 C          0.5881381610       -1.4204234495       -0.0000856535
 C          0.9125446832       -0.0638519133        0.0001892961
 C         -0.0991057617        0.8959668883        0.0006845735
 C         -1.4367320793        0.4985781444        0.0005407164
 C         -1.7611386014       -0.8579933918        0.0002657669
 O         -2.4250323900        1.4347059725       -0.0005479902
 C          2.2830235381        0.3425423547       -0.0004487194
 N          3.3973001350        0.6729549196        0.0000012797
 H         -1.0022171563       -2.8736047649        0.0000847393
 H          1.3662449244       -2.1799468786       -0.0002454983
 H          0.1436883100        1.9563830413       -0.0005886846
 H         -2.8014336178       -1.1725188113       -0.0007537495
 H         -3.2949066170        1.0056013133       -0.0004045900
  14
 Etot=         -24.4893397499
 C         -0.7400455424       -1.8147154517       -0.0000214251
 C          0.5884789983       -1.4242781614        0.0000003291
 C          0.9025173546       -0.0659209662       -0.0001136163
 C         -0.1055485156        0.8951794584       -0.0001242462
 C         -1.4358781045        0.4939267431       -0.0002865566
 C         -1.7491708779       -0.8648910058       -0.0001920517
 O         -2.4061537966        1.4424650023       -0.0003998814
 C          2.2578717326        0.3438261763       -0.0002586340
 N          3.3607662720        0.6537273654        0.0001894140
 H         -0.9899494527       -2.8649535978       -0.0000859653
 H          1.3713120364       -2.1697690615       -0.0001023423
 H          0.1333180567        1.9496428804        0.0000185280
 H         -2.7830553111       -1.1808382166       -0.0000742319
 H         -3.2833258688        1.0281474931       -0.0001152316
  14
 Etot=         -24.4895004676
 C         -0.7385400456       -1.8162934097       -0.0000494113
 C          0.5882203615       -1.4302625750       -0.0001383272
 C          0.8989118470       -0.0706229907       -0.0001870572
 C         -0.1075730327        0.8919145733       -0.0001794527
 C         -1.4371454330        0.4903029023       -0.0001495099
 C         -1.7469249030       -0.8692545876       -0.0000962299
 O         -2.3951232911        1.4476563309       -0.0002723497
 C          2.2506548543        0.3349638024       -0.0002413472
 N          3.3488326047        0.6693928544        0.0003660870
 H         -0.9891110625       -2.8643772343       -0.0000153838
 H          1.3759262003       -2.1670481689       -0.0001171077
 H          0.1305750736        1.9438244603       -0.0002010851
 H         -2.7790402447       -1.1847286460       -0.0001630590
 H         -3.2785259478        1.0460813466       -0.0001216775
  14
 Etot=         -24.4895178094
 C         -0.7364636426       -1.8169219001       -0.0001039957
 C          0.5900501619       -1.4307437232       -0.0001649204
 C          0.8971575481       -0.0689480829       -0.0001840529
 C         -0.1108432885        0.8917646726       -0.0002208951
 C         -1.4406575720        0.4879310969       -0.0001563892
 C         -1.7469729182       -0.8722889808       -0.0001214142
 O         -2.3922082474        1.4491591918       -0.0002099407
 C          2.2452461844        0.3440114768       -0.0000327579
 N          3.3524998894        0.6532140796        0.0002830290
 H         -0.9869625018       -2.8651563229       -0.0000209210
 H          1.3829914985       -2.1609636635       -0.0001192474
 H          0.1253582259        1.9433603518       -0.0002775176
 H         -2.7784482165       -1.1891642046       -0.0000938675
 H         -3.2796101401        1.0562946667       -0.0001430206
  14
 Etot=         -24.4895379157
 C         -0.7374683035       -1.8179581347       -0.0001030159
 C          0.5897577059       -1.4327310978       -0.0001341288
 C          0.8983544055       -0.0708952207       -0.0001830361
 C         -0.1093938518        0.8901893373       -0.0002410760
 C         -1.4404713469        0.4874801485       -0.0002017770
 C         -1.7479197015       -0.8722835278       -0.0001377127
 O         -2.3908695077        1.4494769081       -0.0002114354
 C          2.2479082554        0.3393793576       -0.0000788984
 N          3.3494695882        0.6656877626        0.0003311182
 H         -0.9892017489       -2.8665291771       -0.0000484389
 H          1.3830665130       -2.1629473646       -0.0001266052
 H          0.1272687132        1.9421609126       -0.0002628846
 H         -2.7799643134       -1.1888108701       -0.0000319567
 H         -3.2793994265        1.0593296240       -0.0001360640
