  15
 Etot=         -17.7223122284
 C          2.3868477730        0.3811284139       -0.0000062011
 C          1.1745345552       -0.5248399337       -0.0001290128
 O          0.0002733734        0.2733340291       -0.0000841306
 C         -1.1755348347       -0.5261996177       -0.0000101722
 C         -2.3863742493        0.3818471330        0.0000928470
 H          3.3105764417       -0.2031894122       -0.0001635684
 H          2.3809321069        1.0340536357       -0.8789468473
 H          2.3813646183        1.0330212021        0.8799481885
 H          1.1690999784       -1.1590521277        0.8921530942
 H          1.1688998151       -1.1601684388       -0.8910386268
 H         -1.1693010354       -1.1585052672       -0.8909089910
 H         -1.1685543690       -1.1591996003        0.8910898755
 H         -3.3105162324       -0.2022962556       -0.0002177954
 H         -2.3804463307        1.0345901014        0.8797930670
 H         -2.3801174663        1.0346203513       -0.8797468988
  15
 Etot=         -17.7230151653
 C          2.3888880119        0.3926686125        0.0000939180
 C          1.1803613861       -0.5223888058        0.0001906491
 O          0.0003930815        0.2655323778       -0.0000060167
 C         -1.1809518499       -0.5227396915       -0.0000513456
 C         -2.3885469821        0.3934649794        0.0000617482
 H          3.3023845648       -0.1969357637       -0.0002839721
 H          2.3744611995        1.0316946207       -0.8816587046
 H          2.3749143334        1.0309744331        0.8824540110
 H          1.1833186787       -1.1655770547        0.8911522500
 H          1.1833375078       -1.1660948144       -0.8901496702
 H         -1.1831917239       -1.1647846084       -0.8907695611
 H         -1.1829733196       -1.1649527728        0.8907847405
 H         -3.3025064755       -0.1955580285       -0.0001463558
 H         -2.3742316254        1.0318649745        0.8823666304
 H         -2.3739726430        1.0319757551       -0.8822134934
  15
 Etot=         -17.7231429473
 C          2.3870532368        0.4008791052        0.0001916718
 C          1.1827093689       -0.5248789094        0.0002790536
 O          0.0003219158        0.2551085730        0.0000547206
 C         -1.1829287871       -0.5246547194        0.0000168798
 C         -2.3867411255        0.4016347980        0.0000060903
 H          3.2983563709       -0.1879271659       -0.0002517011
 H          2.3653061784        1.0339280963       -0.8817187397
 H          2.3658456011        1.0335070920        0.8824006186
 H          1.1921943749       -1.1727845909        0.8909337841
 H          1.1923063544       -1.1730690601       -0.8901575160
 H         -1.1921819458       -1.1723612229       -0.8906511182
 H         -1.1922231989       -1.1723712131        0.8906807110
 H         -3.2984103896       -0.1866499705       -0.0001358049
 H         -2.3650376279        1.0342829525        0.8821120367
 H         -2.3648861822        1.0345004486       -0.8819358591
  15
 Etot=         -17.7231579088
 C          2.3846034865        0.4029240062        0.0001946177
 C          1.1827827096       -0.5274876971        0.0002758239
 O          0.0002147143        0.2498709375        0.0000878383
 C         -1.1828665192       -0.5271670453        0.0000388841
 C         -2.3842544807        0.4036831982        0.0000119344
 H          3.2983116238       -0.1823849776       -0.0001981517
 H          2.3592499722        1.0356842183       -0.8817020360
 H          2.3597423703        1.0353275530        0.8823437211
 H          1.1950926983       -1.1757429787        0.8909987364
 H          1.1952043131       -1.1759553033       -0.8903152025
 H         -1.1951788818       -1.1754555394       -0.8906862822
 H         -1.1952702762       -1.1754585241        0.8907336497
 H         -3.2982370363       -0.1812070052       -0.0001261825
 H         -2.3589347807        1.0361654262        0.8820697636
 H         -2.3587757690        1.0363479446       -0.8819022866
