  12
 Etot=         -40.1558559936
 C         -0.9553469741        1.0156582470       -0.0003792363
 C         -1.3576973079       -0.3199446663       -0.0001208667
 C         -0.4015401793       -1.3354689319       -0.0002287490
 C          0.9559673416       -1.0163101472       -0.0002026117
 C          1.3576469274        0.3200339168       -0.0004328243
 C          0.4014897988        1.3355581823       -0.0003249420
 Cl         0.9035007600        3.0055461656        0.0000366877
 Cl         3.0550980479        0.7201335463        0.0005570233
 Cl         2.1510783636       -2.2851149380       -0.0004214832
 Cl        -0.9038927512       -3.0057993273        0.0002848676
 Cl        -3.0548317084       -0.7198092571        0.0002473893
 Cl        -2.1511287441        2.2852041885       -0.0001322078
  12
 Etot=         -40.1575345402
 C         -0.9538339756        1.0136593633       -0.0001760612
 C         -1.3550469412       -0.3193992641       -0.0000710432
 C         -0.4007819227       -1.3328864785       -0.0001203042
 C          0.9541331775       -1.0139721899       -0.0001702673
 C          1.3549538887        0.3193834304       -0.0001023200
 C          0.4008271795        1.3329988107       -0.0001090148
 Cl         0.8991212263        2.9894987008       -0.0000555792
 Cl         3.0386458807        0.7162072900        0.0001096524
 Cl         2.1395624105       -2.2729810704       -0.0003115710
 Cl        -0.8990187847       -2.9896839008        0.0000630606
 Cl        -3.0384789123       -0.7163254892        0.0001020790
 Cl        -2.1397396523        2.2731877765       -0.0002755842
  12
 Etot=         -40.1583059046
 C         -0.9548947720        1.0144690739       -0.0001881767
 C         -1.3560608687       -0.3197335473       -0.0001646069
 C         -0.4011261339       -1.3341789759       -0.0001136195
 C          0.9549633042       -1.0145344299       -0.0001703795
 C          1.3560793945        0.3196199218       -0.0001644634
 C          0.4012470770        1.3341617316       -0.0002152255
 Cl         0.8940049851        2.9731576004       -0.0000828784
 Cl         3.0217964329        0.7122850761        0.0000664119
 Cl         2.1277194926       -2.2608438844       -0.0001118025
 Cl        -0.8939141654       -2.9732318533        0.0000253005
 Cl        -3.0217202937       -0.7123777968        0.0000335342
 Cl        -2.1277508782        2.2608940626       -0.0000310474
  12
 Etot=         -40.1583172050
 C         -0.9556003681        1.0152860248       -0.0000755540
 C         -1.3571066966       -0.3199648718       -0.0000665881
 C         -0.4014580679       -1.3352568542       -0.0000740617
 C          0.9556774998       -1.0153599871       -0.0001045939
 C          1.3571451305        0.3198863233       -0.0000771068
 C          0.4015437387        1.3352224012       -0.0000905296
 Cl         0.8944095597        2.9743670560       -0.0001242227
 Cl         3.0230753158        0.7126191735       -0.0000965062
 Cl         2.1286685180       -2.2617585945       -0.0001378729
 Cl        -0.8943599455       -2.9744438943       -0.0000579325
 Cl        -3.0229945599       -0.7126621728       -0.0000542740
 Cl        -2.1286565501        2.2617523748       -0.0001577107
