  15
 Etot=         -26.1564534300
 C          1.2715785489       -1.7175272506       -0.0002007919
 C          2.2180346161       -0.6928605789        0.0001524648
 C          1.8029598200        0.6387695925        0.0001619963
 C          0.4427306861        0.9461223230        0.0002106995
 C         -0.5034467938       -0.0795043492       -0.0001144848
 C         -0.0883719977       -1.4111345207       -0.0001240163
 C         -1.9284988622        0.2184160570        0.0000699582
 O         -2.7986313847       -0.6559656630        0.0001037423
 O          0.0567331861        2.2528456215       -0.0001779343
 H          1.5955313872       -2.7547651954       -0.0001347857
 H          3.2773950141       -0.9312872839       -0.0003509742
 H          2.5459120665        1.4324905343        0.0000006756
 H         -0.8167008380       -2.2183052910        0.0005453419
 H         -2.2254612711        1.2895050330       -0.0007862421
 H          0.8363200922        2.8311675088        0.0000468219
  15
 Etot=         -26.1582831460
 C          1.2737032792       -1.7174434126        0.0000555277
 C          2.2128741603       -0.6936440646       -0.0000785311
 C          1.8054369815        0.6303011528       -0.0000564146
 C          0.4492720801        0.9478633740       -0.0001510209
 C         -0.5022005669       -0.0832010324       -0.0001745233
 C         -0.0740263297       -1.4126532810        0.0001754307
 C         -1.9249273498        0.2139948323       -0.0006123198
 O         -2.8048700631       -0.6340046713        0.0004167915
 O          0.0412843580        2.2401876089       -0.0002673347
 H          1.5951541160       -2.7483930735       -0.0000002173
 H          3.2667441399       -0.9291551330        0.0000165494
 H          2.5450789542        1.4186245218        0.0001415352
 H         -0.8111223715       -2.2025555330       -0.0000943780
 H         -2.1958266986        1.2835884900        0.0000824231
 H          0.8095095799        2.8344567589       -0.0000510467
  15
 Etot=         -26.1586665721
 C          1.2771869233       -1.7221208775       -0.0002145116
 C          2.2120572210       -0.6949026511       -0.0001508863
 C          1.8072423508        0.6253591322       -0.0000016842
 C          0.4529360860        0.9493156376        0.0003807035
 C         -0.5008531890       -0.0871480695        0.0006837490
 C         -0.0643466524       -1.4165164325       -0.0000675699
 C         -1.9214917074        0.2120666187        0.0021982410
 O         -2.8130173497       -0.6172898175       -0.0006309332
 O          0.0274393722        2.2289581864        0.0005300234
 H          1.5986303276       -2.7502373804       -0.0002307922
 H          3.2647028205       -0.9268775422       -0.0005535221
 H          2.5442019395        1.4131954735       -0.0002910983
 H         -0.8145691218       -2.1915743273        0.0005893880
 H         -2.1678541053        1.2860047730       -0.0029535251
 H          0.7838193542        2.8397338140        0.0001148890
  15
 Etot=         -26.1586782420
 C          1.2788383731       -1.7251033885        0.0005282810
 C          2.2125592183       -0.6955234280        0.0004363869
 C          1.8071356567        0.6245308783       -0.0000475024
 C          0.4528898278        0.9493852921       -0.0012643562
 C         -0.5001795648       -0.0894205745       -0.0021114581
 C         -0.0624823248       -1.4191729485       -0.0000565367
 C         -1.9195713680        0.2125800371       -0.0067125718
 O         -2.8164431909       -0.6112806535        0.0017608555
 O          0.0232607718        2.2253034735       -0.0018396532
 H          1.6019073744       -2.7529421542        0.0007347560
 H          3.2659975850       -0.9260005465        0.0012451932
 H          2.5436160789        1.4134772306        0.0004806342
 H         -0.8179813282       -2.1899372450       -0.0008453303
 H         -2.1577985987        1.2892971336        0.0075269020
 H          0.7743357591        2.8427734308       -0.0004331288
