  12
 Etot=         -23.9857915170
 C         -0.6974598845       -1.2074340455        0.0000311620
 C          0.6974309330       -1.2081608873        0.0003123917
 C          1.3946217646       -0.0000835125        0.0002845682
 C          0.6980906057        1.2080279633        0.0003678839
 C         -0.6973168327        1.2078990522        0.0001147543
 C         -1.3945076643       -0.0001783227        0.0001425778
 Cl        -3.1156586879        0.0000242340       -0.0001932798
 Cl         3.1153465271       -0.0000574736       -0.0002548145
 H         -1.2281886145       -2.1560750906        0.0004584681
 H          1.2281391320       -2.1560653109        0.0004187665
 H          1.2283027148        2.1558132555       -0.0000313221
 H         -1.2275084107        2.1566592287       -0.0000197206
  12
 Etot=         -23.9866826468
 C         -0.6924916208       -1.2037437578        0.0002725066
 C          0.6925536237       -1.2041590051        0.0002912509
 C          1.3817379459       -0.0001206129        0.0000836336
 C          0.6928336552        1.2039646287        0.0000252499
 C         -0.6923651353        1.2039960566        0.0000190340
 C         -1.3815922258        0.0000444485        0.0001221463
 Cl        -3.1072362352        0.0003506623       -0.0000512298
 Cl         3.1071394787       -0.0001817196       -0.0000034436
 H         -1.2267593401       -2.1418322053        0.0003261190
 H          1.2268724056       -2.1419619438        0.0003867918
 H          1.2268772180        2.1418279972        0.0001306542
 H         -1.2262781874        2.1421845418        0.0000287225
  12
 Etot=         -23.9868033308
 C         -0.6914301308       -1.2045876544        0.0002109904
 C          0.6914746789       -1.2047618763        0.0002130622
 C          1.3759058991       -0.0001018208        0.0001695833
 C          0.6916448683        1.2046341138        0.0001016339
 C         -0.6912647908        1.2047458151        0.0000855416
 C         -1.3757081832        0.0001394768        0.0001151646
 Cl        -3.1063717455        0.0003582981        0.0000818520
 Cl         3.1064641039       -0.0002279940        0.0001955205
 H         -1.2306572833       -2.1371129125        0.0003055717
 H          1.2306807204       -2.1372856372        0.0002783569
 H          1.2308344133        2.1371977322       -0.0001030637
 H         -1.2302809678        2.1373715497       -0.0000227779
  12
 Etot=         -23.9868391001
 C         -0.6915531736       -1.2061568668        0.0002222221
 C          0.6915739953       -1.2062119852        0.0002176362
 C          1.3730439775       -0.0000751351        0.0001153415
 C          0.6917401604        1.2061638086       -0.0000316816
 C         -0.6913589842        1.2062984195       -0.0000150519
 C         -1.3728045610        0.0001641624        0.0001178106
 Cl        -3.1076652028        0.0002860117        0.0001864553
 Cl         3.1078873415       -0.0002397755        0.0002335091
 H         -1.2347439851       -2.1360306402        0.0002614327
 H          1.2346348236       -2.1362207620        0.0003157933
 H          1.2349574284        2.1361251293        0.0000507752
 H         -1.2344202374        2.1362667238       -0.0000428071
