  9
 Etot=         -11.8568975664
 C         -1.5532756502       -0.5113235239        0.0033003991
 C         -0.6545522916        0.6819541646        0.0013813118
 C          0.7080531772        0.1430048218        0.0004106937
 N          1.7905215577       -0.2760110364       -0.0009734312
 H         -2.6106614402       -0.2219096436        0.0042475197
 H         -1.3820483539       -1.0996271314       -0.9094241367
 H         -1.3483677898       -1.1714304174        0.8540445780
 H         -0.8336108734        1.2959747452        0.8903086153
 H         -0.8355504303        1.2952243736       -0.8863310992
  9
 Etot=         -11.8600953575
 C         -1.5748977520       -0.5335962345       -0.0084620669
 C         -0.6408977170        0.6658261937        0.0029058599
 C          0.7186859805        0.1772965667        0.0054763624
 N          1.7889919505       -0.2204529806       -0.0061979203
 H         -2.6180520668       -0.2198631800        0.0106995967
 H         -1.4191614350       -1.1321799585       -0.9095857992
 H         -1.3921743609       -1.1772492171        0.8518915169
 H         -0.7922052709        1.2851024400        0.8908344125
 H         -0.7897814229        1.2909727226       -0.8805975115
  9
 Etot=         -11.8604684225
 C         -1.5886127074       -0.5434734113       -0.0120683857
 C         -0.6328389193        0.6514558584       -0.0003791105
 C          0.7292086830        0.1936386669       -0.0152497994
 N          1.8092696577       -0.1886153798        0.0127103347
 H         -2.6207431827       -0.2019577884        0.0152385401
 H         -1.4420749755       -1.1405739360       -0.9101957669
 H         -1.4133915811       -1.1793386326        0.8530172795
 H         -0.7764926025        1.2630732974        0.8932840994
 H         -0.7838164667        1.2816476777       -0.8793927406
  9
 Etot=         -11.8601510719
 C         -1.5988607410       -0.5513036907       -0.0126953239
 C         -0.6249668345        0.6383762064        0.0058058576
 C          0.7418260682        0.2108289803        0.0311666240
 N          1.8267894237       -0.1655335424       -0.0400427707
 H         -2.6196467203       -0.1805932354        0.0018252385
 H         -1.4482130401       -1.1491977986       -0.9046336665
 H         -1.4426518594       -1.1786695846        0.8611779142
 H         -0.7897154704        1.2496512133        0.8947422866
 H         -0.7640529207        1.2622978039       -0.8803817091
  9
 Etot=         -11.8605737132
 C         -1.5921533443       -0.5464391568       -0.0115659765
 C         -0.6278602745        0.6442845958        0.0011031700
 C          0.7372875585        0.2001384553       -0.0022894506
 N          1.8187044548       -0.1763531622       -0.0034532567
 H         -2.6171121585       -0.1863223778        0.0086422164
 H         -1.4469284433       -1.1442742766       -0.9075020403
 H         -1.4264222430       -1.1796296583        0.8568763095
 H         -0.7830928816        1.2526978867        0.8949958582
 H         -0.7819147625        1.2717540463       -0.8798423794
  9
 Etot=         -11.8605777996
 C         -1.5919720954       -0.5461741019       -0.0113468674
 C         -0.6277168728        0.6440012782        0.0014441763
 C          0.7377125946        0.1995872790       -0.0028345856
 N          1.8205590234       -0.1755534820       -0.0041035776
 H         -2.6163713932       -0.1851890769        0.0069330239
 H         -1.4471060948       -1.1455398802       -0.9067792986
 H         -1.4281135313       -1.1795654140        0.8572541037
 H         -0.7832201695        1.2524850333        0.8955623489
 H         -0.7832635556        1.2718047170       -0.8791648733
