  13
 Etot=         -26.8794924339
 C          2.5861207965       -0.2829913610        0.1133433147
 O          1.2750035102       -0.6907676396        0.4718359480
 S          0.0001978853        0.1690933495       -0.0819823420
 O          0.0309567771        0.1371373734       -1.5329588085
 O         -0.0328669867        1.4330512915        0.6299685236
 O         -1.2734457963       -0.7271431512        0.4166186076
 C         -2.5867565917       -0.2837938221        0.1111335391
 H          3.3156635352       -0.9611264384        0.5636334536
 H          2.7591803720        0.7376675418        0.4622455753
 H          2.6847885057       -0.3162767665       -0.9737586883
 H         -3.3112386528       -0.9934957752        0.5154191819
 H         -2.6985951828       -0.2041860220       -0.9715842116
 H         -2.7429222427        0.6949052620        0.5679205707
  13
 Etot=         -26.8857881097
 C          2.5412928924       -0.2745457006        0.1044654435
 O          1.2371999365       -0.7052345832        0.4812618187
 S          0.0004846670        0.1669919703       -0.0819216845
 O          0.0320896531        0.1414086663       -1.5251821920
 O         -0.0340084010        1.4280571206        0.6193688852
 O         -1.2340835591       -0.7425416876        0.4261837399
 C         -2.5407021306       -0.2721078742        0.1079943929
 H          3.2441681672       -0.9664551516        0.5701084088
 H          2.7209212939        0.7412301269        0.4633503795
 H          2.6470730670       -0.3080668787       -0.9823706789
 H         -3.2405616445       -1.0006627582        0.5177630699
 H         -2.6603116110       -0.2015440936       -0.9748662762
 H         -2.7074764017        0.7055446857        0.5656793572
  13
 Etot=         -26.8897003667
 C          2.4839119912       -0.2692130344        0.0997170249
 O          1.1808214000       -0.7229508275        0.4923860957
 S          0.0003398700        0.1623842177       -0.0818610906
 O          0.0338655502        0.1524300045       -1.5136295139
 O         -0.0364314174        1.4229487233        0.5969780706
 O         -1.1769122071       -0.7613319651        0.4368731550
 C         -2.4821685797       -0.2652685874        0.1067109073
 H          3.1721008166       -0.9689056189        0.5713765216
 H          2.6547217917        0.7443879454        0.4641485026
 H          2.5799921882       -0.2971972758       -0.9861478613
 H         -3.1695214327       -1.0025954755        0.5192280279
 H         -2.5939289963       -0.1957084763       -0.9759741811
 H         -2.6407050456        0.7130942122        0.5620290055
  13
 Etot=         -26.8901729821
 C          2.4734849197       -0.2704645188        0.1018386964
 O          1.1678338829       -0.7263392865        0.4935852816
 S          0.0001111623        0.1579973970       -0.0811115496
 O          0.0340081308        0.1566270211       -1.5111597625
 O         -0.0370780044        1.4232019452        0.5858540036
 O         -1.1641793617       -0.7644368976        0.4386369704
 C         -2.4715902028       -0.2671364741        0.1080370226
 H          3.1664903904       -0.9677888413        0.5670089148
 H          2.6298845223        0.7441948748        0.4685082458
 H          2.5544481101       -0.2929537589       -0.9848959929
 H         -3.1640756757       -0.9987837567        0.5186012475
 H         -2.5689872846       -0.1955008124       -0.9754560112
 H         -2.6142646603        0.7134569505        0.5623875977
  13
 Etot=         -26.8903904047
 C          2.4739816426       -0.2719057305        0.1049180656
 O          1.1648440583       -0.7273470363        0.4921596829
 S         -0.0001072390        0.1517086040       -0.0800490833
 O          0.0334910555        0.1592603391       -1.5110338157
 O         -0.0370233850        1.4246365095        0.5745913529
 O         -1.1616058098       -0.7645045848        0.4387150424
 C         -2.4721087898       -0.2694692367        0.1097717272
 H          3.1728863323       -0.9674144865        0.5617398997
 H          2.6196262143        0.7426754739        0.4756550261
 H          2.5437989161       -0.2875034719       -0.9826002902
 H         -3.1706163755       -0.9945227806        0.5187778226
 H         -2.5590258518       -0.1964939218       -0.9742419667
 H         -2.6020548391        0.7129541647        0.5634312006
  13
 Etot=         -26.8904579437
 C          2.4773154688       -0.2720296525        0.1067498299
 O          1.1662068250       -0.7275324151        0.4898087821
 S         -0.0001814543        0.1475955423       -0.0803834211
 O          0.0326651122        0.1605303829       -1.5130332298
 O         -0.0363616419        1.4266123718        0.5661049093
 O         -1.1631971651       -0.7635886080        0.4381604942
 C         -2.4754859282       -0.2700501768        0.1109681123
 H          3.1768041106       -0.9696017733        0.5592206646
 H          2.6221862131        0.7405615852        0.4827280813
 H          2.5465725874       -0.2819189456       -0.9807494172
 H         -3.1747578133       -0.9934589180        0.5209578258
 H         -2.5623597241       -0.1977214335       -0.9728546182
 H         -2.6033206610        0.7126758827        0.5641566508
  13
 Etot=         -26.8904857180
 C          2.4797375594       -0.2716909804        0.1082589522
 O          1.1675319252       -0.7276922244        0.4869211270
 S         -0.0001764575        0.1455603039       -0.0824425657
 O          0.0316183992        0.1615943779       -1.5165499297
 O         -0.0352832767        1.4292249287        0.5578993519
 O         -1.1646576349       -0.7624575648        0.4373431404
 C         -2.4779382476       -0.2699919239        0.1121818318
 H          3.1766634206       -0.9739005157        0.5581601618
 H          2.6278017050        0.7379575136        0.4907593969
 H          2.5527235960       -0.2754791980       -0.9790002646
 H         -3.1749249548       -0.9944472691        0.5249003046
 H         -2.5692221286       -0.1993059166       -0.9713065286
 H         -2.6077879762        0.7127023110        0.5647096861
