  13
 Etot=         -13.9127076083
 C         -1.9504174182        0.1304365035        0.0001221064
 C         -0.5723809260       -0.5151959443       -0.0002882893
 C          0.5574805653        0.5081508282        0.0008922249
 N          1.8549685141       -0.1088353929        0.0010526558
 H         -2.7391671745       -0.6291840432       -0.0005465511
 H         -2.0771548158        0.7483406312        0.8950797149
 H         -2.0899023599        0.7734503138       -0.8744487545
 H         -0.4793987354       -1.1438225638       -0.8930978353
 H         -0.4825389431       -1.1746455499        0.8710512748
 H          0.4996615368        1.1309645244       -0.8969301739
 H          0.4986897493        1.1641797310        0.8745951027
 H          2.2557856733       -0.4128435297       -0.8732508714
 H          2.2556715273       -0.4143698961        0.8742684152
  13
 Etot=         -13.9181543657
 C         -1.9450224387        0.1302364670        0.0046203871
 C         -0.5640881766       -0.5136559808       -0.0052036048
 C          0.5699468769        0.5194064469       -0.0044846815
 N          1.8992104787       -0.0351180488        0.0007459261
 H         -2.7255437345       -0.6295579579        0.0004835901
 H         -2.0751041849        0.7477592449        0.8933162409
 H         -2.0803438344        0.7637928213       -0.8708992612
 H         -0.4617501911       -1.1451819535       -0.8926000959
 H         -0.4602698267       -1.1605441380        0.8706366280
 H          0.4729024458        1.1510433300       -0.8940249081
 H          0.4688274093        1.1667099159        0.8731244687
 H          2.2200090146       -0.4662683335       -0.8548646167
 H          2.2125233546       -0.4719962014        0.8576489467
  13
 Etot=         -13.8678162323
 C         -1.9321589110        0.1344228263        0.0188795731
 C         -0.5485552576       -0.5249127853       -0.0202867050
 C          0.6173953141        0.5367584615       -0.0202828633
 N          2.0872418884        0.2672663682        0.0006439466
 H         -2.6907822779       -0.6170434831       -0.0003844280
 H         -2.0652541465        0.7460792164        0.8871435496
 H         -2.0469199583        0.7399185619       -0.8563708941
 H         -0.4288794489       -1.1611015612       -0.8925698337
 H         -0.4133799098       -1.1332771376        0.8686649058
 H          0.3905408174        1.1937417752       -0.8839660966
 H          0.3781326160        1.1586791070        0.8677220162
 H          2.1020355239       -0.6398786476       -0.7816050186
 H          2.0818809434       -0.6440270896        0.7909108673
  13
 Etot=         -13.9205393719
 C         -1.9181465406        0.1307297896        0.0106330072
 C         -0.5363978917       -0.5187902317       -0.0135241995
 C          0.5825846449        0.5482657393       -0.0149824097
 N          1.9533348806        0.0731162995       -0.0005823616
 H         -2.6937712205       -0.6254388512        0.0012731402
 H         -2.0551422432        0.7494272231        0.8920464375
 H         -2.0466281867        0.7529235017       -0.8667401571
 H         -0.4309776775       -1.1582470125       -0.8933323645
 H         -0.4133373486       -1.1423130957        0.8731319137
 H          0.4162249134        1.1924720899       -0.8882765875
 H          0.4046496473        1.1685380700        0.8726305205
 H          2.1441560594       -0.5547916928       -0.8077345931
 H          2.1247481565       -0.5592662172        0.8139566731
  13
 Etot=         -13.9140700337
 C         -1.9547871635        0.1474090550        0.0008719498
 C         -0.6005892828       -0.5697564106       -0.0025627363
 C          0.5836548704        0.4541227654        0.0008851665
 N          2.0075351270        0.1096778868        0.0025911792
 H         -2.7516124859       -0.5838379190       -0.0113958168
 H         -2.0523371866        0.7522570162        0.8893106454
 H         -2.0629645683        0.7890165835       -0.8658925644
 H         -0.5379400829       -1.1847990851       -0.8980054137
 H         -0.5309714147       -1.2157563653        0.8722081575
 H          0.4934380479        1.0806130385       -0.8856299317
 H          0.4942847457        1.1023812787        0.8737127821
 H          2.2069704349       -0.4366615497       -0.7892157182
 H          2.2366161518       -0.3880406822        0.7916213198
  13
 Etot=         -13.9219620759
 C         -1.9276959032        0.1351196805        0.0065627790
 C         -0.5578243509       -0.5374410399       -0.0085298977
 C          0.5759240979        0.5152051097       -0.0083451263
 N          1.9526582751        0.0580278712       -0.0015556331
 H         -2.7165023397       -0.6080273269       -0.0030219278
 H         -2.0422676908        0.7508351367        0.8915824115
 H         -2.0419404655        0.7670586633       -0.8673951357
 H         -0.4655255144       -1.1696958862       -0.8927101263
 H         -0.4551068981       -1.1725589614        0.8720541600
 H          0.4439017966        1.1486925103       -0.8905597840
 H          0.4389693409        1.1474979780        0.8740802295
 H          2.1650414739       -0.4914811458       -0.8090555575
 H          2.1616653715       -0.4866069774        0.8153926276
  13
 Etot=         -13.9222661288
 C         -1.9240165760        0.1306886326        0.0073633399
 C         -0.5468171006       -0.5244566735       -0.0109729518
 C          0.5768656736        0.5350603239       -0.0078861653
 N          1.9404249940        0.0463708769       -0.0016410989
 H         -2.7039422375       -0.6206114132       -0.0090299306
 H         -2.0486383565        0.7412655930        0.8946825646
 H         -2.0412111052        0.7637449721       -0.8645011268
 H         -0.4389662695       -1.1546255581       -0.8959727151
 H         -0.4281132607       -1.1597662308        0.8679763728
 H          0.4345694137        1.1746820621       -0.8861985889
 H          0.4305004616        1.1638035080        0.8772345880
 H          2.1309565377       -0.5471877886       -0.8131142949
 H          2.1496850185       -0.4923426924        0.8205590262
  13
 Etot=         -13.9223556194
 C         -1.9239492442        0.1259449638        0.0072248391
 C         -0.5414399531       -0.5137391150       -0.0095330003
 C          0.5762766379        0.5480210741       -0.0121725979
 N          1.9266544076        0.0302057014       -0.0037052815
 H         -2.6939548509       -0.6348774313        0.0009323935
 H         -2.0491687997        0.7429217077        0.8896758644
 H         -2.0476114637        0.7493628598       -0.8704839061
 H         -0.4211652227       -1.1496606148       -0.8889616710
 H         -0.4066680439       -1.1388316868        0.8756407100
 H          0.4416919932        1.1928706434       -0.8879294642
 H          0.4362877039        1.1766791141        0.8738516710
 H          2.1279291165       -0.5282961598       -0.8150876823
 H          2.1064149121       -0.5439754446        0.8190471447
  13
 Etot=         -13.9224334357
 C         -1.9263615779        0.1294269713        0.0074368999
 C         -0.5473867140       -0.5226089213       -0.0088416904
 C          0.5805369735        0.5361351434       -0.0108653910
 N          1.9488986173        0.0542598294       -0.0034077947
 H         -2.7029724696       -0.6252988889       -0.0020517201
 H         -2.0522194860        0.7450350442        0.8909111057
 H         -2.0487142666        0.7558792036       -0.8684999400
 H         -0.4416053354       -1.1581310638       -0.8900496899
 H         -0.4301296211       -1.1521311717        0.8746617934
 H          0.4420224977        1.1761607310       -0.8893828822
 H          0.4377288502        1.1664043723        0.8740087502
 H          2.1427249725       -0.5204859179       -0.8147007455
 H          2.1287747524       -0.5280197196        0.8192803239
  13
 Etot=         -13.9224934767
 C         -1.9271752904        0.1277643018        0.0056296022
 C         -0.5471482237       -0.5186990224       -0.0089910070
 C          0.5799273968        0.5378580278       -0.0055457292
 N          1.9426628316        0.0421751021       -0.0028928723
 H         -2.6991383198       -0.6320116604       -0.0075294092
 H         -2.0546909616        0.7392690183        0.8914186406
 H         -2.0493514377        0.7570982649       -0.8684417219
 H         -0.4359943544       -1.1477303305       -0.8935990029
 H         -0.4273615166       -1.1513249623        0.8708664480
 H          0.4486962883        1.1784910624       -0.8840727280
 H          0.4468008212        1.1694255384        0.8794978203
 H          2.1184748042       -0.5434260450       -0.8125414077
 H          2.1355951553       -0.5022636830        0.8147003864
  13
 Etot=         -13.9226699993
 C         -1.9255904280        0.1262311616        0.0060386735
 C         -0.5430181842       -0.5149727371       -0.0085921639
 C          0.5802369377        0.5445467023       -0.0081211356
 N          1.9398343850        0.0398474527       -0.0038105984
 H         -2.6949057606       -0.6361971229       -0.0039554356
 H         -2.0552239978        0.7402172325        0.8900452700
 H         -2.0511469497        0.7522025059       -0.8699481842
 H         -0.4284368249       -1.1473412694       -0.8909369202
 H         -0.4184432303       -1.1446085813        0.8736930774
 H          0.4475858690        1.1870018540       -0.8856009165
 H          0.4451978131        1.1748278021        0.8777943818
 H          2.1173389867       -0.5397040342       -0.8140869255
 H          2.1178685770       -0.5254253541        0.8159798964
  13
 Etot=         -13.9227564464
 C         -1.9247865910        0.1247961398        0.0056531036
 C         -0.5400635573       -0.5118962154       -0.0079101678
 C          0.5814217086        0.5489201335       -0.0080857292
 N          1.9407433862        0.0395562715       -0.0045072186
 H         -2.6914407549       -0.6406873306       -0.0030338105
 H         -2.0571978956        0.7396078401        0.8889311953
 H         -2.0533499680        0.7490609982       -0.8713237697
 H         -0.4241743281       -1.1452458110       -0.8896953431
 H         -0.4148543705       -1.1409687421        0.8750901866
 H          0.4496602604        1.1917820484       -0.8853701812
 H          0.4480993757        1.1787330730        0.8783875273
 H          2.1099010969       -0.5417129891       -0.8148297338
 H          2.1073388306       -0.5353198042        0.8151929601
  13
 Etot=         -13.9229208165
 C         -1.9223142649        0.1207327049        0.0038441558
 C         -0.5320178106       -0.5037334788       -0.0058058305
 C          0.5839958823        0.5600746611       -0.0059924330
 N          1.9426711471        0.0374191092       -0.0063490351
 H         -2.6819100048       -0.6532114606       -0.0022928218
 H         -2.0621953644        0.7367784014        0.8860145616
 H         -2.0585468647        0.7417821902       -0.8751562409
 H         -0.4129707169       -1.1378382013       -0.8874468600
 H         -0.4069614125       -1.1334388551        0.8776964229
 H          0.4571525848        1.2031546083       -0.8832882933
 H          0.4587033422        1.1889466494        0.8818031150
 H          2.0829692783       -0.5520961888       -0.8167894213
 H          2.0827213974       -0.5519445278        0.8122616998
  13
 Etot=         -13.9229965525
 C         -1.9206618705        0.1186943025        0.0023063792
 C         -0.5282586340       -0.5005717400       -0.0044041245
 C          0.5841376967        0.5644446966       -0.0035658860
 N          1.9425017774        0.0356887462       -0.0073519972
 H         -2.6778429925       -0.6586323187       -0.0028906188
 H         -2.0633709681        0.7350533621        0.8844976963
 H         -2.0597516026        0.7392169726       -0.8773827513
 H         -0.4085383437       -1.1339694243       -0.8869139835
 H         -0.4051714231       -1.1322157076        0.8785040657
 H          0.4620248934        1.2067655764       -0.8814405436
 H          0.4657630165        1.1931283666        0.8846403304
 H          2.0665056175       -0.5580102404       -0.8181501657
 H          2.0739600260       -0.5529669799        0.8106506183
  13
 Etot=         -13.9230469443
 C         -1.9190438471        0.1176663882        0.0009952660
 C         -0.5264511372       -0.5003950823       -0.0033776527
 C          0.5824134570        0.5654614318       -0.0014383611
 N          1.9407008351        0.0351672679       -0.0078518016
 H         -2.6768455769       -0.6600266695       -0.0035259643
 H         -2.0614983949        0.7342609274        0.8838189091
 H         -2.0585648247        0.7392034135       -0.8787616737
 H         -0.4076167580       -1.1326911845       -0.8871734234
 H         -0.4060804498       -1.1345815057        0.8785880514
 H          0.4652565185        1.2062839116       -0.8803652706
 H          0.4704204126        1.1944428487        0.8865966384
 H          2.0569871962       -0.5599755674       -0.8193070644
 H          2.0716197624       -0.5481905675        0.8103013662
  13
 Etot=         -13.9230775036
 C         -1.9178494407        0.1175519099        0.0004870655
 C         -0.5262106641       -0.5021674178       -0.0030841100
 C          0.5798798444        0.5644376958       -0.0007305012
 N          1.9383113671        0.0363403864       -0.0077021649
 H         -2.6781739813       -0.6584708800       -0.0035644569
 H         -2.0580652164        0.7343877262        0.8841734590
 H         -2.0564744780        0.7408603618       -0.8788786581
 H         -0.4089174953       -1.1336930107       -0.8879072336
 H         -0.4076613137       -1.1382617810        0.8781529986
 H          0.4659994297        1.2037844006       -0.8807431644
 H          0.4713326914        1.1940963482        0.8867606060
 H          2.0563165203       -0.5586826615       -0.8198096644
 H          2.0728099299       -0.5435574657        0.8113448438
  13
 Etot=         -13.9231011332
 C         -1.9166761685        0.1178981017        0.0004404532
 C         -0.5267476432       -0.5053037184       -0.0031485768
 C          0.5763750973        0.5622119435       -0.0008757883
 N          1.9351479352        0.0388498701       -0.0070313916
 H         -2.6810192019       -0.6550826865       -0.0031348889
 H         -2.0532949774        0.7350800140        0.8852461744
 H         -2.0537623564        0.7436835266       -0.8782327932
 H         -0.4115764235       -1.1361465980       -0.8890130991
 H         -0.4096823410       -1.1430968845        0.8774605054
 H          0.4654239701        1.1998676519       -0.8822967629
 H          0.4700429618        1.1931821644        0.8856980126
 H          2.0612180444       -0.5550395901       -0.8199435995
 H          2.0758482962       -0.5394781827        0.8133307739
