  12
 Etot=         -28.8463409261
 C          0.1958216017        1.5112066518        0.0001976734
 C          1.1004905876        0.5346540287        0.0002125843
 C          0.6854858708       -0.8810709039        0.0002037030
 O          1.5084305703       -1.7894033766       -0.0001713617
 N         -0.6931746311       -1.0615285531        0.0007109873
 C         -1.6613780069       -0.0490819013        0.0006927794
 O         -2.8701951154       -0.2863209108       -0.0012695186
 N         -1.1458719966        1.2414213122        0.0005964927
 F          2.4248467595        0.7738904378       -0.0006063462
 H          0.4689012730        2.5591232484       -0.0003496937
 H         -1.0326139528       -2.0203250351        0.0012139973
 H         -1.7879079955        2.0283107356       -0.0003043097
  12
 Etot=         -28.8492886039
 C          0.1881030089        1.5182608654       -0.0000875833
 C          1.0947475407        0.5288442447       -0.0000983268
 C          0.6865781254       -0.8794043178        0.0002299077
 O          1.4732706305       -1.8114580513        0.0002504562
 N         -0.6828166630       -1.0445007910        0.0004934717
 C         -1.6412819514       -0.0445150770       -0.0001985235
 O         -2.8313595941       -0.2870880501       -0.0006087312
 N         -1.1451731229        1.2363727659        0.0002354025
 F          2.4194137391        0.7737512807       -0.0004295888
 H          0.4644435352        2.5632922579       -0.0001102845
 H         -1.0290427257       -2.0002588743        0.0012293512
 H         -1.8040475581        2.0075794807        0.0002214364
  12
 Etot=         -28.8498019648
 C          0.1859398699        1.5217848778        0.0000157181
 C          1.0925516558        0.5254926390        0.0000690544
 C          0.6909386907       -0.8775651636        0.0003145052
 O          1.4526341132       -1.8287972118        0.0001934244
 N         -0.6769150166       -1.0338492270        0.0005758349
 C         -1.6339186238       -0.0428604368        0.0003837471
 O         -2.8203212200       -0.2886771862       -0.0002159828
 N         -1.1432074966        1.2336913023        0.0002696086
 F          2.4175466088        0.7835338238       -0.0002869465
 H          0.4699499796        2.5631349465       -0.0003302649
 H         -1.0268767498       -1.9884276669        0.0004753028
 H         -1.8154868468        1.9934150368       -0.0003370139
  12
 Etot=         -28.8499119504
 C          0.1857742990        1.5219539143       -0.0001814203
 C          1.0923577738        0.5236282414       -0.0000697995
 C          0.6947826861       -0.8772080332        0.0001814533
 O          1.4455152990       -1.8366750873        0.0004156815
 N         -0.6754721044       -1.0309762671        0.0003538764
 C         -1.6333579991       -0.0427378948       -0.0000773355
 O         -2.8211376985       -0.2885486409        0.0001740651
 N         -1.1420944137        1.2342028861       -0.0000244475
 F          2.4171896378        0.7933702869       -0.0000640641
 H          0.4762708399        2.5610147040       -0.0002167507
 H         -1.0259919489       -1.9856315252        0.0006229646
 H         -1.8210014065        1.9884831493        0.0000127642
  12
 Etot=         -28.8499517450
 C          0.1855928572        1.5206477512       -0.0000531653
 C          1.0923369852        0.5220535515        0.0001002298
 C          0.6978486866       -0.8775294583        0.0003396343
 O          1.4431120509       -1.8405931639        0.0002786117
 N         -0.6757475643       -1.0307037296        0.0004052945
 C         -1.6341197372       -0.0430062574        0.0004124043
 O         -2.8232899151       -0.2868872648        0.0002324685
 N         -1.1415733353        1.2358100122        0.0000419678
 F          2.4166546498        0.8019931156       -0.0000990396
 H          0.4817926243        2.5581331674       -0.0003604303
 H         -1.0253364679       -1.9858144205        0.0002158540
 H         -1.8244358694        1.9867724305       -0.0003868421
