  12
 Etot=         -16.9937951640
 C         -2.0135332589       -0.0136620496        0.0001867579
 C         -0.7246296765        0.7875647927       -0.0001330507
 C          0.5068246980       -0.0944060575        0.0006037506
 O          0.4705869380       -1.3220200563       -0.0002297439
 N          1.6748666617        0.6370114186       -0.0000646205
 H         -2.8784435781        0.6554415816       -0.0004991341
 H         -2.0767893723       -0.6554106491       -0.8854527846
 H         -2.0769935251       -0.6564853067        0.8838003921
 H         -0.6913224264        1.4311523990        0.8863333165
 H         -0.6908355576        1.4313976322       -0.8865574593
 H          1.6794163123        1.6527695211       -0.0009466191
 H          2.5795086665        0.1769366055        0.0000327439
  12
 Etot=         -16.9954714981
 C         -2.0150107232       -0.0141776024       -0.0002296538
 C         -0.7277045695        0.7953454715       -0.0001679373
 C          0.5117433752       -0.0775812557       -0.0004896891
 O          0.4866109620       -1.2994657813       -0.0000474726
 N          1.6663537865        0.6277308417       -0.0001729759
 H         -2.8805531590        0.6462630891       -0.0001424762
 H         -2.0642948100       -0.6553459716       -0.8796323600
 H         -2.0640231388       -0.6561036078        0.8781839245
 H         -0.6915263291        1.4364732477        0.8838336746
 H         -0.6916495588        1.4365431557       -0.8840945510
 H          1.6708481022        1.6343393473       -0.0006302183
 H          2.5578619441        0.1562688973        0.0006632838
  12
 Etot=         -16.9956945094
 C         -2.0129140909       -0.0163001466       -0.0005270685
 C         -0.7305553033        0.8043849520       -0.0000977339
 C          0.5127065584       -0.0669830711        0.0005143010
 O          0.4890733745       -1.2907051032        0.0002405005
 N          1.6623157511        0.6231933103       -0.0000156204
 H         -2.8803724724        0.6376544838       -0.0003734770
 H         -2.0513813653       -0.6562993694       -0.8786022161
 H         -2.0515200960       -0.6569378167        0.8770871859
 H         -0.6961758194        1.4436780251        0.8837572752
 H         -0.6956767519        1.4438114158       -0.8838537473
 H          1.6692590704        1.6274279300       -0.0003306436
 H          2.5438970265        0.1373652218       -0.0007252071
  12
 Etot=         -16.9957224912
 C         -2.0121531653       -0.0172532492       -0.0004435662
 C         -0.7320808035        0.8078928610       -0.0002208133
 C          0.5122167669       -0.0629659237       -0.0004495223
 O          0.4855559897       -1.2881468148        0.0001736421
 N          1.6638242208        0.6232287432       -0.0001913898
 H         -2.8824608918        0.6326860527       -0.0000973589
 H         -2.0467606987       -0.6573015816       -0.8785414413
 H         -2.0466368023       -0.6580071337        0.8771996636
 H         -0.6988420415        1.4466389004        0.8839897532
 H         -0.6987531087        1.4468622678       -0.8842412405
 H          1.6738456403        1.6279406594       -0.0004107798
 H          2.5409007758        0.1287150499        0.0003066019
