  6
 Etot=          -6.2707781569
 C          0.6671442338        0.0000155976        0.0000483987
 C         -0.6671799396        0.0000283591        0.0000359836
 H          1.2219133848        0.9315150198       -0.0000766273
 H          1.2215403329       -0.9316800073       -0.0004665446
 H         -1.2212551111       -0.9321635199       -0.0000362113
 H         -1.2217731323        0.9318047147       -0.0004261265
  6
 Etot=          -6.2713995388
 C          0.6599841361       -0.0000128722       -0.0006580218
 C         -0.6599356061       -0.0000286884       -0.0007661006
 H          1.2210935338        0.9199116749       -0.0001487564
 H          1.2209153856       -0.9200457529        0.0003337632
 H         -1.2206679430       -0.9202348665       -0.0000822572
 H         -1.2209997380        0.9199306692        0.0004002455
  6
 Etot=          -6.2714582760
 C          0.6585377200       -0.0000356211        0.0017976110
 C         -0.6584292384       -0.0000714555        0.0025485011
 H          1.2259856607        0.9148272351       -0.0007291763
 H          1.2259463766       -0.9149286948       -0.0017365469
 H         -1.2257357606       -0.9150132983       -0.0008968965
 H         -1.2259149898        0.9147419986       -0.0019046198
  6
 Etot=          -6.2713712414
 C          0.6579296701       -0.0000613719       -0.0102966380
 C         -0.6577682310       -0.0001195619       -0.0144398794
 H          1.2314709797        0.9115560992        0.0042082289
 H          1.2315847011       -0.9116225475        0.0065298720
 H         -1.2314057080       -0.9116509696        0.0053762177
 H         -1.2314216434        0.9114185158        0.0077010715
  6
 Etot=          -6.2714568241
 C          0.6583624974       -0.0000571433       -0.0033549768
 C         -0.6582234899       -0.0001071017       -0.0045695780
 H          1.2301110803        0.9131294216        0.0006190676
 H          1.2301836602       -0.9131979707        0.0025135871
 H         -1.2299987160       -0.9132578543        0.0009878666
 H         -1.2300452635        0.9130108125        0.0028829063
  6
 Etot=          -6.2714628497
 C          0.6586079197       -0.0000538811        0.0014340768
 C         -0.6584737920       -0.0000958509        0.0019347411
 H          1.2280326130        0.9147712094        0.0014855639
 H          1.2280764173       -0.9148513905       -0.0035318280
 H         -1.2278805171       -0.9149725290        0.0013861297
 H         -1.2279728725        0.9147226061       -0.0036298110
