  13
 Etot=         -23.2664596224
 C         -3.4752793065        0.3939653414       -0.0000587617
 C         -2.6934277451        1.5491402730       -0.0001741778
 C         -1.3022311785        1.4486514498        0.0001568700
 C         -0.6928039324        0.1943439003        0.0002109776
 C         -1.4756537214       -0.9607786907        0.0002980762
 C         -2.8668502880       -0.8602898674       -0.0000329716
 O         -0.9198375443       -2.2060470430       -0.0000301707
 I          1.3939337766        0.0994403837       -0.0000268199
 H         -4.5590933277        0.4719878021       -0.0008729404
 H         -3.1681184930        2.5258811634       -0.0011369972
 H         -0.7133698043        2.3631259381        0.0017976578
 H         -3.4828145416       -1.7555355119        0.0004908412
 H          0.0473443446       -2.1404204490       -0.0011895000
  13
 Etot=         -23.2682460954
 C         -3.4697483909        0.3951980649       -0.0003144482
 C         -2.6994089673        1.5476622285       -0.0000984059
 C         -1.3185068674        1.4527946604        0.0005673497
 C         -0.7070538950        0.2085390596        0.0002966260
 C         -1.4758257864       -0.9566143333        0.0000206497
 C         -2.8628428893       -0.8488514469       -0.0000048940
 O         -0.9386259280       -2.2049335935       -0.0000772872
 I          1.4335198095        0.0993707598        0.0003165530
 H         -4.5470681045        0.4653914623       -0.0006383256
 H         -3.1701499776        2.5189318901       -0.0003815063
 H         -0.7243644606        2.3555085830        0.0005286609
 H         -3.4592403900       -1.7485376051        0.0000325746
 H          0.0311140858       -2.1609950402       -0.0008154630
  13
 Etot=         -23.2685479055
 C         -3.4662111564        0.3963224721       -0.0002442141
 C         -2.7005805910        1.5492787038       -0.0001083468
 C         -1.3222938180        1.4563892831        0.0000996462
 C         -0.7173605903        0.2152354963        0.0001416659
 C         -1.4716451081       -0.9562370362       -0.0000505302
 C         -2.8588917109       -0.8430637730       -0.0001159606
 O         -0.9442281665       -2.2032248324       -0.0000989532
 I          1.4174306113        0.0994492902        0.0004697515
 H         -4.5413915303        0.4610755400       -0.0004093267
 H         -3.1686382934        2.5190292910       -0.0000406685
 H         -0.7203520702        2.3507822764        0.0004627467
 H         -3.4407150716       -1.7492213150       -0.0002307210
 H          0.0266757338       -2.1723507066       -0.0004430057
  13
 Etot=         -23.2685897073
 C         -3.4666969163        0.3971837134       -0.0001966930
 C         -2.7007595576        1.5507732283        0.0000254197
 C         -1.3213738286        1.4563795078        0.0001946655
 C         -0.7188435722        0.2138708931        0.0001571054
 C         -1.4699056668       -0.9589342905       -0.0001037077
 C         -2.8592168126       -0.8415250904       -0.0002466273
 O         -0.9500849079       -2.2055125919       -0.0001652001
 I          1.4172288793        0.1189172346        0.0004585157
 H         -4.5422799166        0.4603213100       -0.0003167582
 H         -3.1676215385        2.5214434267        0.0000026057
 H         -0.7147272602        2.3476969320        0.0002143821
 H         -3.4352426062       -1.7518766965       -0.0003890640
 H          0.0213219426       -2.1852728869       -0.0002025601
