  14
 Etot=         -17.2432715100
 C         -3.8545851612        0.5122702786       -0.0004343339
 C         -2.7152954766       -0.4950309836       -0.0000082622
 C         -1.3537425564        0.1987864599       -0.0000327427
 C         -0.2246929538       -0.8170741278       -0.0005440435
 Br         1.4906282897        0.1050075707        0.0000665388
 H         -4.8253987313        0.0061458732       -0.0001205468
 H         -3.8020172306        1.1441307227        0.8907811237
 H         -3.8053759050        1.1610727068       -0.8807864557
 H         -2.8053674980       -1.1382877936       -0.8831264352
 H         -2.8053536871       -1.1390712755        0.8819824527
 H         -1.2739077011        0.8490238893       -0.8802688936
 H         -1.2738617184        0.8494021809        0.8792142279
 H         -0.2400628438       -1.4468146405       -0.8939530502
 H         -0.2405139905       -1.4478148902        0.8931498557
  14
 Etot=         -17.2436782327
 C         -3.8593316883        0.5136622020        0.0023843132
 C         -2.7215166373       -0.4976982143       -0.0008481017
 C         -1.3638284351        0.2012903428       -0.0004189351
 C         -0.2255811818       -0.8016744883       -0.0006605379
 Br         1.5298751714        0.0732375869        0.0002880197
 H         -4.8216849823        0.0053741254       -0.0006776743
 H         -3.8092117537        1.1460331334        0.8878080549
 H         -3.8078423241        1.1543429651       -0.8767411147
 H         -2.8004212300       -1.1376087624       -0.8840082818
 H         -2.8005526115       -1.1388269810        0.8810545468
 H         -1.2818766078        0.8433048011       -0.8825062460
 H         -1.2818947511        0.8428361724        0.8818106232
 H         -0.2426750045       -1.4308701493       -0.8908290657
 H         -0.2430051280       -1.4316567629        0.8892638345
  14
 Etot=         -17.2437580072
 C         -3.8588647546        0.5134406005        0.0027505399
 C         -2.7185606672       -0.4966105287       -0.0005718033
 C         -1.3617927549        0.2059159330       -0.0002909355
 C         -0.2334361824       -0.8069626469       -0.0006291647
 Br         1.5248913213        0.0779174969        0.0000707411
 H         -4.8168919354        0.0019592567       -0.0007419306
 H         -3.8089185382        1.1446666145        0.8864004656
 H         -3.8066915666        1.1507258622       -0.8761235753
 H         -2.7957683192       -1.1341812889       -0.8837195994
 H         -2.7949120967       -1.1369691425        0.8806152649
 H         -1.2795749025        0.8443195610       -0.8831440563
 H         -1.2795054847        0.8435320996        0.8831427982
 H         -0.2496249692       -1.4326036579       -0.8920018012
 H         -0.2498963136       -1.4334041887        0.8901624915
  14
 Etot=         -17.2437672881
 C         -3.8608966897        0.5129541920        0.0023419433
 C         -2.7181743829       -0.4953252780       -0.0002855330
 C         -1.3603784544        0.2073740379       -0.0000193133
 C         -0.2350924889       -0.8084609463       -0.0006091976
 Br         1.5275677953        0.0750826041       -0.0001140280
 H         -4.8181850072       -0.0003587304       -0.0004026991
 H         -3.8100613669        1.1436348072        0.8861929265
 H         -3.8084701735        1.1498329726       -0.8769829647
 H         -2.7959457719       -1.1320883133       -0.8836053046
 H         -2.7945400576       -1.1356540878        0.8806623757
 H         -1.2783765239        0.8457177767       -0.8823678554
 H         -1.2782535473        0.8447810441        0.8830314114
 H         -0.2493528773       -1.4324086211       -0.8927313406
 H         -0.2493876179       -1.4333354870        0.8908090145
