  8
 Etot=         -14.4848452445
 C         -0.4643077177       -0.5949465133       -0.0003403629
 C          0.4649908387        0.5950636371       -0.0001528577
 Br         2.3094231666       -0.0225700325        0.0000416414
 Br        -2.3095430847        0.0225494721        0.0000449407
 H         -0.3426636414       -1.2178713117        0.8912006704
 H         -0.3427878614       -1.2184229363       -0.8907425611
 H          0.3433467624        1.2179884356       -0.8916938911
 H          0.3434709824        1.2185400602        0.8902493404
  8
 Etot=         -14.4850257884
 C         -0.4659163634       -0.5934214456        0.0000253493
 C          0.4667129649        0.5934187965       -0.0003128798
 Br         2.3213371586       -0.0285763766       -0.0001454686
 Br        -2.3208127846        0.0287023059       -0.0002629532
 H         -0.3340631722       -1.2095857266        0.8915124454
 H         -0.3343188376       -1.2099638502       -0.8909730998
 H          0.3344644112        1.2096150195       -0.8917377934
 H          0.3345260680        1.2101420881        0.8905013202
  8
 Etot=         -14.4850751153
 C         -0.4633259778       -0.5961535064        0.0000407698
 C          0.4636616597        0.5962851799       -0.0003965166
 Br         2.3222652241       -0.0269387252       -0.0001844333
 Br        -2.3220529490        0.0270814504       -0.0001131647
 H         -0.3364676441       -1.2083641525        0.8928714877
 H         -0.3364186073       -1.2089046541       -0.8924515751
 H          0.3371802163        1.2083773764       -0.8933842141
 H          0.3370875230        1.2089478427        0.8922245664
