  14
 Etot=         -20.7912721375
 C         -2.6426694822        0.3173759046        0.0000784225
 C         -1.3381430729       -0.4517903410       -0.0002876363
 O         -0.2497941529        0.4770264953        0.0006678514
 C          0.9954574549       -0.0790799572        0.0004516715
 O          1.2559571682       -1.2739125014       -0.0005927162
 C          2.0286935837        1.0062623714        0.0008150893
 H         -3.4972829870       -0.3654605794       -0.0002274895
 H         -2.7077485631        0.9653938047        0.8800599646
 H         -2.7084830002        0.9664827415       -0.8783081069
 H         -1.2639004688       -1.0805789976       -0.8923632279
 H         -1.2634356757       -1.0822200699        0.8903897249
 H          2.2844602486        1.2744799650        1.0292005887
 H          1.6530592408        1.8775093637       -0.5419901417
 H          2.9318316643        0.6469382422       -0.5005558090
  14
 Etot=         -20.7937162280
 C         -2.6391173002        0.3278079338        0.0009770661
 C         -1.3433390886       -0.4594408993        0.0007621917
 O         -0.2449519265        0.4612308022       -0.0058052487
 C          0.9905454156       -0.0661067934       -0.0078350495
 O          1.2232584935       -1.2552196016        0.0002928367
 C          2.0333020657        1.0097520513       -0.0095150142
 H         -3.4816625791       -0.3585590275        0.0020807331
 H         -2.6971606665        0.9635279132        0.8832863140
 H         -2.6985252999        0.9618914252       -0.8822920312
 H         -1.2662784763       -1.0970534579       -0.8857442828
 H         -1.2630420593       -1.0936345426        0.8893211758
 H          2.2722630602        1.2733731680        1.0183388782
 H          1.6548365418        1.8888468057       -0.5250621302
 H          2.9378737774        0.6420106647       -0.4914672537
  14
 Etot=         -20.7940892779
 C         -2.6351561845        0.3323066763        0.0013655900
 C         -1.3450945902       -0.4653997890        0.0008934451
 O         -0.2413584551        0.4525392955       -0.0128907439
 C          0.9860979249       -0.0581625760       -0.0125576064
 O          1.2025507002       -1.2506844798       -0.0025947929
 C          2.0328074506        1.0143484743       -0.0135614354
 H         -3.4759079648       -0.3526539159        0.0047298922
 H         -2.6836023918        0.9640959808        0.8829918806
 H         -2.6867558319        0.9591242289       -0.8837435047
 H         -1.2684321534       -1.1102070057       -0.8812951735
 H         -1.2607306646       -1.0983714366        0.8907381009
 H          2.2623269005        1.2719877179        1.0175551003
 H          1.6557228368        1.8979259713       -0.5171514956
 H          2.9355343809        0.6415772997       -0.4871410714
  14
 Etot=         -20.7941084314
 C         -2.6338300750        0.3326984608        0.0015587316
 C         -1.3456151883       -0.4677513651        0.0008120009
 O         -0.2417965419        0.4509945262       -0.0170455665
 C          0.9850529418       -0.0572823898       -0.0160879401
 O          1.2028285926       -1.2515114821       -0.0047939332
 C          2.0314580037        1.0152706484       -0.0129837371
 H         -3.4772001947       -0.3495038368        0.0068491110
 H         -2.6784844461        0.9661562560        0.8821870030
 H         -2.6835946122        0.9585728269       -0.8842642976
 H         -1.2700652780       -1.1146649166       -0.8798544154
 H         -1.2588557926       -1.0981233121        0.8922619985
 H          2.2579816459        1.2703283652        1.0201247171
 H          1.6549702762        1.8993124514       -0.5161657353
 H          2.9351526262        0.6439302094       -0.4852597516
