  14
 Etot=         -17.7201247191
 C         -0.9256119370        0.3934112665       -1.3952577460
 C         -0.4395127456        0.0004186141        0.0007663767
 C         -0.9254751760       -1.4060895513        0.3582412669
 C         -0.9238651258        1.0125777063        1.0386713550
 Cl         1.3579183531       -0.0002518573       -0.0006464168
 H         -0.5865911409        1.3991517723       -1.6697480643
 H         -0.5582991746       -0.3024091917       -2.1583489755
 H         -2.0196736895        0.3895757568       -1.4448376872
 H         -0.5860633204       -1.7050875668        1.3568967525
 H         -2.0190620966       -1.4673449336        0.3433273431
 H         -0.5444387630       -2.1454076312       -0.3556705125
 H         -0.5845858608        0.7467368241        2.0468445572
 H         -2.0183608117        1.0741865581        1.0592757941
 H         -0.5419182681        2.0156673990        0.8161457018
  14
 Etot=         -17.7214366578
 C         -0.9280327048        0.3938608440       -1.3972815618
 C         -0.4701086144        0.0003319880        0.0005492811
 C         -0.9255692684       -1.4087550995        0.3568749289
 C         -0.9247513925        1.0157349391        1.0396516774
 Cl         1.3355048941       -0.0005328935        0.0010569956
 H         -0.5752752259        1.3925087228       -1.6550582244
 H         -0.5502522837       -0.3068423922       -2.1418177678
 H         -2.0161107556        0.3886979235       -1.4356478623
 H         -0.5765304302       -1.6900632346        1.3503181660
 H         -2.0132650652       -1.4508036131        0.3453638620
 H         -0.5417413525       -2.1339736311       -0.3609439627
 H         -0.5766758309        0.7369586221        2.0342553747
 H         -2.0127023484        1.0591177588        1.0516693273
 H         -0.5400293781        2.0088952310        0.8066695110
  14
 Etot=         -17.7216281529
 C         -0.9283974174        0.3937722652       -1.3969418844
 C         -0.4738359478        0.0003901412        0.0000620849
 C         -0.9283663535       -1.4063346781        0.3571604947
 C         -0.9284290818        1.0135712450        1.0389402448
 Cl         1.3439481536        0.0003709184        0.0007622515
 H         -0.5702939723        1.3883364790       -1.6494505135
 H         -0.5491552703       -0.3089631007       -2.1341232860
 H         -2.0141819532        0.3905896480       -1.4339015935
 H         -0.5723349982       -1.6836701659        1.3457771429
 H         -2.0141382033       -1.4440974593        0.3507168243
 H         -0.5467137975       -2.1249566979       -0.3632686575
 H         -0.5740064375        0.7331980117        2.0273094769
 H         -2.0141756347        1.0505274680        1.0518185568
 H         -0.5454588428        2.0024010907        0.8007986030
  14
 Etot=         -17.7216863441
 C         -0.9272659642        0.3942605733       -1.3985401678
 C         -0.4781449786        0.0004277917        0.0001888926
 C         -0.9290693920       -1.4073545442        0.3574132381
 C         -0.9301382529        1.0142417723        1.0398665061
 Cl         1.3494272045        0.0007200657        0.0022528606
 H         -0.5656603446        1.3870103722       -1.6504198171
 H         -0.5489807040       -0.3103829593       -2.1334681299
 H         -2.0126143606        0.3945218744       -1.4376676395
 H         -0.5680351152       -1.6854847400        1.3433617426
 H         -2.0145801317       -1.4445902719        0.3569429101
 H         -0.5520876709       -2.1244210360       -0.3660726321
 H         -0.5713912110        0.7353645667        2.0264123129
 H         -2.0155752139        1.0475388818        1.0565294545
 H         -0.5514236216        2.0032828185        0.7988602139
  14
 Etot=         -17.7217057443
 C         -0.9259367671        0.3944984488       -1.3992496260
 C         -0.4809518259        0.0004640534        0.0004157974
 C         -0.9295782242       -1.4077924856        0.3574124085
 C         -0.9315423625        1.0144219176        1.0401705328
 Cl         1.3534189777        0.0008920232        0.0043585652
 H         -0.5609423701        1.3863227495       -1.6518962202
 H         -0.5490766228       -0.3121782540       -2.1336418494
 H         -2.0118171495        0.3986373042       -1.4411016568
 H         -0.5637356658       -1.6882201509        1.3414796008
 H         -2.0156690382       -1.4460272247        0.3626298627
 H         -0.5566051186       -2.1243448997       -0.3693995112
 H         -0.5686458485        0.7382228856        2.0264766761
 H         -2.0176225817        1.0453588213        1.0614288797
 H         -0.5568351594        2.0048799765        0.7965762853
