    -17.721708237088    -17.721708237088         0.17669E-03
    -17.721708280248    -17.721708280248         0.14783E-03
    -17.721708330682    -17.721708330682         0.69216E-04
    -17.721708354720    -17.721708354720         0.48370E-04
    -17.721708356966    -17.721708356966         0.33626E-04
    -17.721708295862    -17.721708295862         0.99190E-04
    -17.721708247647    -17.721708247647         0.16111E-03
    -17.721708208132    -17.721708208132         0.17842E-03
    -17.721708332457    -17.721708332457         0.11613E-03
    -17.721708276556    -17.721708276556         0.14970E-03
    -17.721708351892    -17.721708351892         0.23361E-04
    -17.721708354253    -17.721708354253         0.27846E-04
    -17.721708356930    -17.721708356930         0.22223E-04
    -17.721708358208    -17.721708358208         0.36422E-04
    -17.721708356226    -17.721708356226         0.19412E-04
    -17.721708358474    -17.721708358474         0.21503E-04
    -17.721708325931    -17.721708325931         0.10294E-03
    -17.721708362672    -17.721708362672         0.25855E-04
    -17.721708352366    -17.721708352366         0.11853E-04
    -17.721708362877    -17.721708362877         0.87736E-05
    -17.721708344064    -17.721708344064         0.13255E-04
    -17.721708352105    -17.721708352105         0.45507E-04
    -17.721708355113    -17.721708355113         0.26235E-04
    -17.721708370160    -17.721708370160         0.20035E-04
    -17.721708362181    -17.721708362181         0.81785E-05
    -17.721708347326    -17.721708347326         0.17675E-04
    -17.721708366326    -17.721708366326         0.11424E-04
    -17.721706318224    -17.721706318224         0.99255E-04
    -17.721707546250    -17.721707546250         0.83654E-04
    -17.721707574785    -17.721707574785         0.58502E-04
    -17.717475250493    -17.717475250493         0.19565E-03
    -17.721707539776    -17.721707539776         0.70339E-04
    -17.717474965528    -17.717474965528         0.17919E-03
    -17.717474962535    -17.717474962535         0.18651E-03
    -17.717474942200    -17.717474942200         0.17562E-03
    -17.717474959613    -17.717474959613         0.18888E-03
    -17.717474928091    -17.717474928091         0.18211E-03
    -17.717474881810    -17.717474881810         0.18323E-03
    -17.717474982214    -17.717474982214         0.18819E-03
    -17.721707555506    -17.721707555506         0.12371E-03
    -17.721707559168    -17.721707559168         0.34629E-04
    -17.721707454222    -17.721707454222         0.19720E-03
    -17.721707502202    -17.721707502202         0.12552E-03
    -17.721707567154    -17.721707567154         0.72112E-04
    -17.721707529919    -17.721707529919         0.14743E-03
    -17.721707593735    -17.721707593735         0.40632E-04
    -17.721707539504    -17.721707539504         0.10542E-03
    -17.721707589434    -17.721707589434         0.31215E-04
    -17.721707495915    -17.721707495915         0.14593E-03
    -17.721707538764    -17.721707538764         0.11696E-03
    -17.721707572182    -17.721707572182         0.50257E-04
    -17.721707595078    -17.721707595078         0.11642E-04
    -17.721707483909    -17.721707483909         0.15047E-03
