  14
 Etot=         -36.3208787268
 C         -0.7339530339       -1.0194879016       -0.1913698866
 C          0.7336497351       -1.0185707800        0.1915651880
 O          1.3525402181        0.1452237017       -0.3428980702
 N          2.7388040596        0.2415882396       -0.0382877657
 O          3.2404373389       -0.6630591065        0.6325655955
 O          3.2614026911        1.2533532769       -0.5060357529
 O         -1.3527689425        0.1455887670        0.3420166782
 N         -2.7384905932        0.2419731111        0.0386611690
 O         -3.2404415751       -0.6638711325       -0.6318717669
 O         -3.2612003633        1.2540483549        0.5056988520
 H         -1.2478584515       -1.8951407149        0.2164540614
 H         -0.8454049861       -0.9989382505       -1.2787935272
 H          1.2475815240       -1.8952652493       -0.2162864074
 H          0.8454262634       -0.9988749861        1.2794347038
  14
 Etot=         -36.3352500487
 C         -0.7318189803       -1.0162715492       -0.2042915614
 C          0.7317279401       -1.0158483364        0.2041386226
 O          1.3653889432        0.1402990301       -0.3366362218
 N          2.7261086808        0.2487972599       -0.0434891712
 O          3.2141566143       -0.6301188000        0.6083781159
 O          3.2401578894        1.2286864611       -0.5003004692
 O         -1.3654882449        0.1407583541        0.3357891505
 N         -2.7257491454        0.2491315098        0.0435914108
 O         -3.2143122615       -0.6307082607       -0.6073763401
 O         -3.2400263737        1.2289626435        0.5003181171
 H         -1.2258272453       -1.9069799998        0.1974295403
 H         -0.8335927360       -1.0005012617       -1.2935761622
 H          1.2254747133       -1.9075017289       -0.1966936921
 H          0.8335240904       -1.0001379921        1.2935717319
  14
 Etot=         -36.3368823403
 C         -0.7280566663       -1.0211221475       -0.2161265459
 C          0.7280976906       -1.0211186450        0.2154374253
 O          1.3678593348        0.1277188319       -0.3389160178
 N          2.7112360478        0.2495957312       -0.0601131606
 O          3.1984770521       -0.6013461953        0.6050543675
 O          3.2068267248        1.2272467015       -0.5037421107
 O         -1.3676882411        0.1283072525        0.3378842289
 N         -2.7113312878        0.2488079215        0.0619609257
 O         -3.1986507910       -0.6012471889       -0.6045043399
 O         -3.2064289453        1.2277116741        0.5035176823
 H         -1.2126899191       -1.9247265253        0.1683391682
 H         -0.8142038993       -0.9935206408       -1.3064488631
 H          1.2125447971       -1.9256296330       -0.1673273701
 H          0.8137319870       -0.9921098071        1.3058376813
  14
 Etot=         -36.3349265673
 C         -0.7233393747       -1.0282038290       -0.2311162436
 C          0.7233980786       -1.0286709743        0.2299440465
 O          1.3644781546        0.1162907606       -0.3344249548
 N          2.6864666429        0.2763348759       -0.0278701758
 O          3.1970790072       -0.5891918410        0.5946639414
 O          3.1868711555        1.2108325591       -0.5501276241
 O         -1.3635062407        0.1182216962        0.3314518730
 N         -2.6847639102        0.2797203983        0.0230310591
 O         -3.1983603735       -0.5909361064       -0.5901211322
 O         -3.1874821659        1.2086014911        0.5551619662
 H         -1.2116560958       -1.9391361794        0.1306055306
 H         -0.7872988441       -0.9834967516       -1.3228152561
 H          1.2109147540       -1.9410583613       -0.1291640246
 H          0.7869230968       -0.9807404082        1.3216340654
  14
 Etot=         -36.3375865711
 C         -0.7237215824       -1.0321080973       -0.2291123997
 C          0.7237498045       -1.0323334675        0.2277838027
 O          1.3617311701        0.1109209533       -0.3425544103
 N          2.6933633890        0.2606640758       -0.0569884525
 O          3.1982942796       -0.5788115542        0.6163285382
 O          3.1816380356        1.2265888630       -0.5411000007
 O         -1.3609038176        0.1122848098        0.3400725926
 N         -2.6930326854        0.2608070670        0.0575845805
 O         -3.1990705746       -0.5793395878       -0.6140630983
 O         -3.1812111162        1.2261605184        0.5429448045
 H         -1.2154130333       -1.9419449894        0.1297691085
 H         -0.7904646032       -0.9817188958       -1.3202686110
 H          1.2149884190       -1.9434649733       -0.1285237557
 H          0.7897761993       -0.9791373922        1.3189803723
  14
 Etot=         -36.3378139800
 C         -0.7219464933       -1.0398139600       -0.2343163044
 C          0.7219514957       -1.0400748122        0.2327859959
 O          1.3597127888        0.0975848737       -0.3512142521
 N          2.6849082772        0.2618064651       -0.0649716137
 O          3.1949588234       -0.5579080049        0.6321823789
 O          3.1669372722        1.2274483295       -0.5598528399
 O         -1.3585572437        0.0993077191        0.3480631366
 N         -2.6843442530        0.2625206089        0.0647572571
 O         -3.1961150526       -0.5589645926       -0.6288400907
 O         -3.1665228625        1.2267234741        0.5626101287
 H         -1.2191637325       -1.9534159917        0.1069176232
 H         -0.7793902760       -0.9722261985       -1.3252108671
 H          1.2185278673       -1.9550362947       -0.1056977482
 H          0.7787672734       -0.9693842861        1.3236402668
  14
 Etot=         -36.3378859935
 C         -0.7188072792       -1.0525565658       -0.2424326827
 C          0.7187680840       -1.0522110486        0.2414253134
 O          1.3570337189        0.0755863789       -0.3656181543
 N          2.6670901236        0.2703201579       -0.0664870215
 O          3.1894082408       -0.5257898086        0.6513723485
 O          3.1458074877        1.2222183324       -0.5978839596
 O         -1.3567781842        0.0748178887        0.3659841555
 N         -2.6706943980        0.2615538668        0.0813222408
 O         -3.1891034224       -0.5232326166       -0.6551709523
 O         -3.1425180221        1.2275162785        0.5896270295
 H         -1.2243451176       -1.9733880292        0.0657220454
 H         -0.7612774617       -0.9522739332       -1.3318705026
 H          1.2248319594       -1.9726387862       -0.0658492695
 H          0.7603081552       -0.9513547852        1.3307124805
  14
 Etot=         -36.3377659303
 C         -0.7157614838       -1.0638703174       -0.2507060860
 C          0.7156903598       -1.0649749294        0.2479159270
 O          1.3578040006        0.0479462986       -0.3891046428
 N          2.6554816107        0.2640369978       -0.0902213559
 O          3.1791452278       -0.4856566141        0.6849134048
 O          3.1229544595        1.2235414407       -0.6184937416
 O         -1.3546484082        0.0531404061        0.3809984024
 N         -2.6511685522        0.2736814177        0.0763826307
 O         -3.1836460681       -0.4939635587       -0.6675180899
 O         -3.1240910112        1.2188317773        0.6301519083
 H         -1.2307778719       -1.9897693783        0.0248059726
 H         -0.7438052821       -0.9317847539       -1.3377098314
 H          1.2280980468       -1.9930267103       -0.0250195798
 H          0.7444488567       -0.9295647464        1.3344581525
  14
 Etot=         -36.3380431743
 C         -0.7184128465       -1.0544184683       -0.2421125604
 C          0.7184169200       -1.0546040283        0.2414353061
 O          1.3594249654        0.0671310732       -0.3750226957
 N          2.6662591868        0.2657433143       -0.0755690144
 O          3.1844706186       -0.5156378516        0.6591087103
 O          3.1432547303        1.2225932113       -0.5959956451
 O         -1.3582770275        0.0688815363        0.3724117178
 N         -2.6657126195        0.2669949050        0.0741198525
 O         -3.1861206728       -0.5170336907       -0.6562633446
 O         -3.1429089922        1.2217690500        0.5986746882
 H         -1.2242876643       -1.9755299797        0.0583811033
 H         -0.7602217529       -0.9463031930       -1.3292293815
 H          1.2234397054       -1.9766369805       -0.0573867279
 H          0.7603993338       -0.9443815683        1.3283010626
  14
 Etot=         -36.3380706556
 C         -0.7187109920       -1.0553826407       -0.2412980328
 C          0.7187575261       -1.0556785987        0.2401616352
 O          1.3601953957        0.0632495145       -0.3814785003
 N          2.6654478783        0.2675440379       -0.0735331741
 O          3.1822717107       -0.5071521918        0.6714025592
 O          3.1450560531        1.2174074082       -0.6067320031
 O         -1.3592298049        0.0646036862        0.3794028823
 N         -2.6659391746        0.2663808158        0.0763936334
 O         -3.1834457986       -0.5083636463       -0.6684778267
 O         -3.1440567586        1.2184592994        0.6061757371
 H         -1.2226797974       -1.9784231522        0.0568204320
 H         -0.7621593636       -0.9428914111       -1.3281185098
 H          1.2221624865       -1.9793768770       -0.0566779459
 H          0.7620545239       -0.9418089143        1.3268121847
  14
 Etot=         -36.3380999786
 C         -0.7192116544       -1.0559990103       -0.2397912300
 C          0.7192507055       -1.0563684030        0.2385669485
 O          1.3623922143        0.0580720451       -0.3899222121
 N          2.6653327005        0.2676364631       -0.0742908853
 O          3.1781502091       -0.4982344886        0.6827964165
 O          3.1474371920        1.2126933800       -0.6136503672
 O         -1.3614055528        0.0595048608        0.3878654123
 N         -2.6657520051        0.2665922216        0.0769865320
 O         -3.1792532183       -0.4999101653       -0.6791308829
 O         -3.1465199483        1.2139052895        0.6129164334
 H         -1.2205989154       -1.9815193296        0.0548853186
 H         -0.7648582174       -0.9379640518       -1.3259778231
 H          1.2199746325       -1.9825788108       -0.0550323243
 H          0.7647857422       -0.9372626709        1.3246317346
  14
 Etot=         -36.3381702123
 C         -0.7214024162       -1.0589597556       -0.2331867281
 C          0.7213965546       -1.0594009801        0.2325023186
 O          1.3711075413        0.0373598299       -0.4211457534
 N          2.6648734627        0.2686783091       -0.0774755348
 O          3.1614723951       -0.4638019026        0.7231671706
 O          3.1553424760        1.1968584463       -0.6371701495
 O         -1.3702578922        0.0388229007        0.4198204167
 N         -2.6648500508        0.2685869328        0.0780417443
 O         -3.1623811515       -0.4662741813       -0.7193490170
 O         -3.1549160650        1.1978779282        0.6367476455
 H         -1.2123850961       -1.9938514147        0.0489522752
 H         -0.7767247320       -0.9210455477       -1.3167975569
 H          1.2114324575       -1.9949462686       -0.0493688514
 H          0.7770164011       -0.9213369668        1.3161150912
  14
 Etot=         -36.3381981022
 C         -0.7219939729       -1.0604372668       -0.2314767795
 C          0.7219997434       -1.0609729736        0.2310087392
 O          1.3731554104        0.0312201669       -0.4276332866
 N          2.6640191627        0.2698638200       -0.0780077417
 O          3.1565109307       -0.4540540794        0.7307434072
 O          3.1553221860        1.1947744554       -0.6409758313
 O         -1.3724878717        0.0325815405        0.4266948208
 N         -2.6639163379        0.2700903424        0.0780725438
 O         -3.1573138346       -0.4567388593       -0.7266685914
 O         -3.1550790012        1.1958235111        0.6402126636
 H         -1.2102338827       -1.9975531582        0.0475616265
 H         -0.7799603502       -0.9183194024       -1.3143218006
 H          1.2093406416       -1.9985354112       -0.0482368666
 H          0.7803610608       -0.9191753555        1.3138801676
