    -36.343620735858    -36.343620735858         0.89231E-04
    -36.343619657502    -36.343619657502         0.58115E-04
    -36.343619712665    -36.343619712665         0.92894E-04
    -36.343610327528    -36.343610327528         0.48955E-04
    -36.343614356723    -36.343614356723         0.16918E-03
    -36.343607631300    -36.343607631300         0.11697E-03
    -36.343625497705    -36.343625497705         0.54720E-04
    -36.343605837207    -36.343605837207         0.85853E-04
    -36.343606848013    -36.343606848013         0.15028E-03
    -36.343589410734    -36.343589410734         0.36569E-04
    -36.343596404663    -36.343596404663         0.72721E-04
    -36.343591074760    -36.343591074760         0.26697E-04
    -36.343612616648    -36.343612616648         0.20364E-04
    -36.343152468328    -36.343152468328         0.72759E-04
    -36.343157348812    -36.343157348812         0.45661E-04
    -36.343159861318    -36.343159861318         0.62827E-04
    -36.343152423364    -36.343152423364         0.34938E-04
    -36.341330388753    -36.341330388753         0.96330E-04
    -36.343125030182    -36.343125030182         0.63256E-04
    -36.341331371107    -36.341331371107         0.29572E-04
    -36.341317806889    -36.341317806889         0.96781E-04
    -36.341326812811    -36.341326812811         0.34850E-04
    -36.341298185820    -36.341298185820         0.87667E-04
    -36.341306636038    -36.341306636038         0.71618E-04
    -36.341330465811    -36.341330465811         0.64108E-04
    -36.343604398935    -36.343604398935         0.12084E-03
    -36.343602763201    -36.343602763201         0.15500E-03
    -36.343597715628    -36.343597715628         0.97122E-04
    -36.339543987900    -36.339543987900         0.49356E-04
    -36.339550959421    -36.339550959421         0.98364E-04
    -36.339539646488    -36.339539646488         0.33802E-04
    -36.343622556430    -36.343622556430         0.12481E-03
    -36.339298608645    -36.339298608645         0.94171E-04
    -36.339540615854    -36.339540615854         0.39100E-04
    -36.339537530201    -36.339537530201         0.18189E-03
    -36.339530899668    -36.339530899668         0.45634E-04
    -36.339257868941    -36.339257868941         0.79185E-04
    -36.339254748595    -36.339254748595         0.12855E-03
    -36.339274849564    -36.339274849564         0.92487E-04
    -36.339265538074    -36.339265538074         0.63807E-04
    -36.339251896971    -36.339251896971         0.94068E-04
    -36.339250056616    -36.339250056616         0.94945E-04
    -36.339274464477    -36.339274464477         0.49370E-04
    -36.339281550229    -36.339281550229         0.53825E-04
    -36.339236244766    -36.339236244766         0.68764E-04
    -36.339256608778    -36.339256608778         0.88959E-04
    -36.339253397146    -36.339253397146         0.74805E-04
    -36.339246222047    -36.339246222047         0.87720E-04
    -36.339262633748    -36.339262633748         0.50135E-04
    -36.339242747317    -36.339242747317         0.49616E-04
    -36.339255333374    -36.339255333374         0.36446E-04
    -36.339254063336    -36.339254063336         0.35104E-04
    -36.343585762170    -36.343585762170         0.84419E-04
    -36.339264709948    -36.339264709948         0.21957E-04
    -36.338137544635    -36.338137544635         0.10378E-03
    -36.339271990477    -36.339271990477         0.18961E-03
    -36.338139196131    -36.338139196131         0.15130E-03
    -36.338168440464    -36.338168440464         0.54689E-04
    -36.338146826116    -36.338146826116         0.85512E-04
    -36.338132976138    -36.338132976138         0.78783E-04
    -36.338137953699    -36.338137953699         0.69139E-04
    -36.341345670666    -36.341345670666         0.14032E-03
    -36.338129530371    -36.338129530371         0.40088E-04
    -36.338145682348    -36.338145682348         0.69477E-04
    -36.341342834928    -36.341342834928         0.12681E-03
    -36.338130709803    -36.338130709803         0.16844E-03
    -36.338126385662    -36.338126385662         0.18254E-03
    -36.338139616951    -36.338139616951         0.58118E-04
    -36.338132090766    -36.338132090766         0.89115E-04
    -36.337803715695    -36.337803715695         0.94161E-04
    -36.338134784912    -36.338134784912         0.54202E-04
    -36.339547100044    -36.339547100044         0.56408E-04
    -36.339269645644    -36.339269645644         0.79809E-04
    -36.335826534221    -36.335826534221         0.89595E-04
    -36.339248526870    -36.339248526870         0.81474E-04
    -36.335851210027    -36.335851210027         0.10573E-03
    -36.335794327934    -36.335794327934         0.33100E-04
    -36.343187381131    -36.343187381131         0.11708E-03
    -36.338128084820    -36.338128084820         0.84815E-04
