  9
 Etot=         -24.0776680191
 C          0.9268118524       -0.8169672227        0.0987608895
 C         -0.3595638947       -0.0360624994        0.0078859726
 F         -0.4367454704        0.6174248804       -1.1721878593
 F         -0.4465638692        0.8815079112        0.9931603233
 F         -1.4329845103       -0.8496997524        0.0965911155
 O          2.0215104244        0.0799605106       -0.0074355221
 H          0.9910925544       -1.3392061375        1.0573095357
 H          0.9900645762       -1.5483640982       -0.7119583611
 H          2.8304899405       -0.4540913668        0.0556813120
  9
 Etot=         -24.0797126492
 C          0.9465902153       -0.8362036825        0.1013009247
 C         -0.3370936719       -0.0405399983        0.0058679510
 F         -0.4440405779        0.6203898968       -1.1627955734
 F         -0.4487367476        0.8775676516        0.9821022734
 F         -1.4197182194       -0.8359400617        0.0962320584
 O          2.0182631982        0.0824053892       -0.0076423848
 H          0.9615825641       -1.3515919793        1.0695467589
 H          0.9599166740       -1.5632277484       -0.7199394390
 H          2.8473481685       -0.4183572424        0.0531348369
  9
 Etot=         -24.0800264251
 C          0.9570646484       -0.8404473288        0.1011031801
 C         -0.3294842291       -0.0408958085        0.0048620723
 F         -0.4507735764        0.6215588918       -1.1573552591
 F         -0.4534514943        0.8759713821        0.9766697540
 F         -1.4146704403       -0.8312525235        0.0969864001
 O          2.0183477661        0.0762521651       -0.0070433833
 H          0.9491984654       -1.3535759960        1.0708994638
 H          0.9498138948       -1.5668497288       -0.7210602337
 H          2.8580665687       -0.4062588282        0.0527454119
  9
 Etot=         -24.0800683328
 C          0.9594348488       -0.8391390660        0.1006088830
 C         -0.3290632266       -0.0393615262        0.0042683763
 F         -0.4525329464        0.6217588725       -1.1567869531
 F         -0.4542730648        0.8759616513        0.9762062974
 F         -1.4124756549       -0.8329788111        0.0977953873
 O          2.0187512275        0.0723428513       -0.0065011265
 H          0.9452472202       -1.3533129070        1.0694583401
 H          0.9474067155       -1.5667301195       -0.7200640679
 H          2.8616164840       -0.4040387202        0.0528222696
