  12
 Etot=         -27.2483416772
 C         -1.6647178681        1.2152748407       -0.0025280619
 C         -0.8988949604       -0.0075867330        0.4799818816
 H         -0.9327676248       -0.0605391150        1.5734889405
 C          0.5434220857        0.0114854877        0.0209908261
 F          1.1870544878        1.1018175466        0.4901329499
 F          1.2062337601       -1.0762997115        0.4720673656
 F          0.6374319740        0.0228471696       -1.3253278781
 O         -1.5169373330       -1.1818190424       -0.0364666727
 H         -1.6433961257        1.2872746309       -1.0952162213
 H         -1.2515137511        2.1366912518        0.4193773244
 H         -2.7188447534        1.1436394726        0.2859123718
 H         -2.4269938296       -1.1870581214        0.3002568417
  12
 Etot=         -27.2511047838
 C         -1.6665529901        1.2380270964       -0.0036787945
 C         -0.9365753409       -0.0066402021        0.4880684609
 H         -0.9177238339       -0.0454019908        1.5865077093
 C          0.5110840571        0.0085906950        0.0238167234
 F          1.1656719503        1.0947367035        0.4770272285
 F          1.2020957361       -1.0606804056        0.4664198400
 F          0.6301167118        0.0186503581       -1.3154573453
 O         -1.4920933273       -1.2071489743       -0.0289934563
 H         -1.6251820781        1.2901636257       -1.0920176586
 H         -1.2250049765        2.1420192609        0.4123658909
 H         -2.7100354929        1.1835834510        0.3010530069
 H         -2.4157243541       -1.2501719411        0.2675580624
  12
 Etot=         -27.2515198405
 C         -1.6727562502        1.2403325583       -0.0051794414
 C         -0.9503716252       -0.0073726757        0.4916731878
 H         -0.9125649721       -0.0374863039        1.5916202348
 C          0.5022528176        0.0098392750        0.0260805787
 F          1.1637627675        1.0928237228        0.4738880834
 F          1.2024297695       -1.0521368228        0.4634281038
 F          0.6317284002        0.0211050944       -1.3087081841
 O         -1.4837655445       -1.2086575235       -0.0231946350
 H         -1.6304521055        1.2813213476       -1.0910561641
 H         -1.2036513596        2.1295910407        0.4060797685
 H         -2.7108598992        1.2082111435        0.3120982673
 H         -2.4156759370       -1.2718431798        0.2459398679
  12
 Etot=         -27.2516035495
 C         -1.6726795340        1.2398195473       -0.0051099163
 C         -0.9537273909       -0.0104982407        0.4923008355
 H         -0.9139431208       -0.0355545562        1.5923456902
 C          0.5011770549        0.0112736689        0.0271232181
 F          1.1612531145        1.0943535295        0.4777060613
 F          1.2010704272       -1.0497303683        0.4634109925
 F          0.6316476223        0.0255602062       -1.3063153217
 O         -1.4801980448       -1.2097093485       -0.0195300932
 H         -1.6418270327        1.2722502970       -1.0910759166
 H         -1.1897575524        2.1265591562        0.3954962419
 H         -2.7069450339        1.2209096639        0.3241907641
 H         -2.4159944479       -1.2795058786        0.2321271117
  12
 Etot=         -27.2516406295
 C         -1.6726776280        1.2382270329       -0.0049876818
 C         -0.9541036953       -0.0130142171        0.4927308469
 H         -0.9160429709       -0.0340336199        1.5930025145
 C          0.5025639438        0.0119792720        0.0288515522
 F          1.1599948830        1.0951002812        0.4849945520
 F          1.2005857378       -1.0502551108        0.4634309727
 F          0.6320727353        0.0313307662       -1.3041680484
 O         -1.4770886682       -1.2102085023       -0.0169078790
 H         -1.6585905415        1.2615725664       -1.0920080549
 H         -1.1780134364        2.1254109479        0.3806358628
 H         -2.7023328502        1.2306907392        0.3396462217
 H         -2.4162914479       -1.2810724791        0.2174488089
