  14
 Etot=         -13.6672497682
 C         -0.4681701815        1.3715971749       -0.1069085762
 C          0.0007483422       -0.0001297609        0.3731108314
 C         -0.9542213766       -1.0914345268       -0.1071763161
 C          1.4226336451       -0.2808660807       -0.1071883506
 H          0.2082569395        2.1641173724        0.2308029674
 H         -0.5103415268        1.4071352098       -1.2007822553
 H         -1.4693260253        1.5959568571        0.2740004803
 H          0.0006465593       -0.0001197337        1.4703487224
 H         -0.6292984883       -2.0820769930        0.2313655881
 H         -1.0064312005       -1.1077391005       -1.2002930963
 H         -1.9660603228       -0.9181572754        0.2744084597
 H          1.7701624665       -1.2629331252        0.2306948222
 H          2.1170689984        0.4749410650        0.2734283838
 H          1.4735205347       -0.2611958488       -1.2016766358
  14
 Etot=         -13.6676016661
 C         -0.4689590003        1.3686616603       -0.1070483205
 C          0.0008424569       -0.0007042721        0.3740135403
 C         -0.9541588781       -1.0883743358       -0.1088365558
 C          1.4206830246       -0.2782319926       -0.1104479402
 H          0.2075596156        2.1509842873        0.2350247448
 H         -0.5034779392        1.3994232567       -1.1960309154
 H         -1.4660367131        1.5892736649        0.2722627846
 H          0.0020228446       -0.0017684527        1.4705184313
 H         -0.6266105634       -2.0691860427        0.2343354196
 H         -0.9958465966       -1.1039188116       -1.1976009291
 H         -1.9609305254       -0.9133372083        0.2692347242
 H          1.7609934762       -1.2548373231        0.2313508737
 H          2.1110405404        0.4753095014        0.2670049409
 H          1.4620666215       -0.2641986976       -1.1996457732
  14
 Etot=         -13.6676334798
 C         -0.4690722041        1.3707155357       -0.1056029507
 C          0.0002546958       -0.0002636844        0.3743766140
 C         -0.9534065480       -1.0897122377       -0.1090412665
 C          1.4198434328       -0.2788589928       -0.1124440911
 H          0.2060301399        2.1502336173        0.2396187548
 H         -0.4987929235        1.3993027152       -1.1927653085
 H         -1.4659074103        1.5883736066        0.2706261543
 H          0.0027125841       -0.0023815563        1.4706094064
 H         -0.6272208321       -2.0674870908        0.2376170747
 H         -0.9884143699       -1.1050134053       -1.1963034804
 H         -1.9591047978       -0.9111912354        0.2641042791
 H          1.7594061916       -1.2526834629        0.2324277210
 H          2.1077610051        0.4762310241        0.2606731610
 H          1.4550994000       -0.2681695990       -1.1997610431
