  8
 Etot=         -15.4197823977
 C         -0.6706400509        1.0075595448        0.3555651889
 C          0.6709679788        1.0068608494       -0.3555483086
 Cl         1.6429585703       -0.4240831318        0.0642738119
 Cl        -1.6430919871       -0.4240756930       -0.0642047215
 H         -1.2512418008        1.8863357081        0.0591751369
 H         -0.5507400729        1.0288527376        1.4428345186
 H          0.5512054750        1.0273914393       -1.4436849901
 H          1.2515615262        1.8861858687       -0.0609559748
  8
 Etot=         -15.4202854626
 C         -0.6665790361        1.0188060019        0.3579116038
 C          0.6672217728        1.0189389387       -0.3580699886
 Cl         1.6316286851       -0.4194499072        0.0791872392
 Cl        -1.6320730932       -0.4194039816       -0.0796216156
 H         -1.2446249423        1.8962050957        0.0624568446
 H         -0.5378392111        1.0027621059        1.4418028603
 H          0.5378374773        1.0004287060       -1.4421951055
 H          1.2454079861        1.8967403637       -0.0640171767
  8
 Etot=         -15.4204661356
 C         -0.6644077740        1.0239571708        0.3606253397
 C          0.6649242087        1.0236402408       -0.3610172028
 Cl         1.6476969657       -0.4070253705        0.0956637193
 Cl        -1.6474481350       -0.4065996254       -0.0959860973
 H         -1.2391956403        1.9030956603        0.0747996959
 H         -0.5324686274        0.9784014134        1.4410736007
 H          0.5322914352        0.9763794660       -1.4412024391
 H          1.2395872057        1.9031783676       -0.0765019550
  8
 Etot=         -15.4205059276
 C         -0.6627844443        1.0247631626        0.3626062560
 C          0.6631656039        1.0244642643       -0.3632769565
 Cl         1.6565881599       -0.4006287981        0.1081149744
 Cl        -1.6565012919       -0.4003024269       -0.1078670556
 H         -1.2361961655        1.9072193512        0.0864688018
 H         -0.5306678383        0.9669155376        1.4412920273
 H          0.5307467710        0.9654573046       -1.4417328776
 H          1.2366288438        1.9071389277       -0.0881505084
