  8
 Etot=         -27.5277452988
 C         -0.8231622183        0.0009392569       -0.6209140234
 C          0.6020873679       -0.0006034522       -0.0314140344
 Cl         1.4955170519        1.4782997783       -0.5380989802
 Cl         1.5380556193       -1.4092704756       -0.6495642181
 Cl         0.6022213740       -0.0706960344        1.7614763727
 Cl        -1.7700949282       -1.4485397425       -0.1537972574
 Cl        -1.7684752961        1.4500176276       -0.1502548470
 H         -0.7853620459        0.0026409333       -1.7152618892
  8
 Etot=         -27.5303307276
 C         -0.8068892293        0.0017082062       -0.6485192530
 C          0.5852689661       -0.0003039077       -0.0377402947
 Cl         1.4341679104        1.4896488424       -0.5443668860
 Cl         1.4754033058       -1.4241223409       -0.6528426145
 Cl         0.5245200452       -0.0680782518        1.7433442318
 Cl        -1.6789718963       -1.4629532091       -0.1127768151
 Cl        -1.6810926225        1.4619156163       -0.1040713278
 H         -0.7616195549        0.0049729361       -1.7408559178
  8
 Etot=         -27.5307072503
 C         -0.8096637525        0.0036710226       -0.6438426178
 C          0.5827180949        0.0018980202       -0.0438290037
 Cl         1.4547772030        1.4697833685       -0.5449083817
 Cl         1.4783503377       -1.4156006098       -0.6406582950
 Cl         0.5239390976       -0.0568982783        1.7292733654
 Cl        -1.6769767724       -1.4601943217       -0.1236929479
 Cl        -1.6940136725        1.4472235312       -0.0951903043
 H         -0.7683436114        0.0129051588       -1.7349806921
  8
 Etot=         -27.5307613099
 C         -0.8085543528        0.0031092283       -0.6391126841
 C          0.5869591584        0.0003502680       -0.0415568056
 Cl         1.4508853379        1.4655005029       -0.5525228311
 Cl         1.4766508656       -1.4178996798       -0.6359702047
 Cl         0.5241888734       -0.0490908868        1.7291399421
 Cl        -1.6774184523       -1.4607036057       -0.1364610450
 Cl        -1.6925595585        1.4418632573       -0.0906443158
 H         -0.7693649473        0.0196588072       -1.7307009328
  8
 Etot=         -27.5307741522
 C         -0.8102659373        0.0037458369       -0.6401506951
 C          0.5877897364        0.0007334362       -0.0413302996
 Cl         1.4521903339        1.4626801805       -0.5566995945
 Cl         1.4745430728       -1.4201596719       -0.6300312044
 Cl         0.5243006567       -0.0452588044        1.7288120063
 Cl        -1.6741570534       -1.4628802560       -0.1413134438
 Cl        -1.6932555647        1.4389450709       -0.0848041947
 H         -0.7703583199        0.0249820992       -1.7323114512
