  13
 Etot=         -14.7598936128
 C         -0.0211945918        1.2275962761       -0.1319217769
 C          1.2167467782        0.3614261110        0.1046208402
 C          0.6856898092       -1.0234594935       -0.0424993762
 C         -0.6504669220       -1.0457122820       -0.0425543647
 C         -1.2280710455        0.3207472141        0.1048122603
 H         -0.0269953700        1.5890227489       -1.1684671236
 H         -0.0353361601        2.1105280133        0.5165514788
 H          1.9965865117        0.5789868953       -0.6308669538
 H          1.6247112394        0.5077572559        1.1096134742
 H          1.3091150705       -1.9038568544       -0.1072946741
 H         -1.2442139668       -1.9467319427       -0.1096514418
 H         -2.0152384975        0.5109496385       -0.6307007853
 H         -1.6408503324        0.4527985719        1.1106923224
  13
 Etot=         -14.7607255794
 C         -0.0210121157        1.2420777162       -0.1312325161
 C          1.2171829893        0.3607651338        0.0969935263
 C          0.6799761991       -1.0288139395       -0.0400114396
 C         -0.6448648501       -1.0510119844       -0.0403536037
 C         -1.2283675251        0.3198502137        0.0965556976
 H         -0.0266455419        1.6007185412       -1.1634566315
 H         -0.0354650162        2.1176736357        0.5198243258
 H          2.0111219460        0.5698032165       -0.6224173076
 H          1.6326487132        0.5019885032        1.0981508439
 H          1.3124750525       -1.8986255422       -0.1037650428
 H         -1.2479072406       -1.9416514266       -0.1039792415
 H         -2.0300318674        0.5011283368       -0.6219042119
 H         -1.6486282199        0.4461497478        1.0979294807
  13
 Etot=         -14.7608578158
 C         -0.0210921039        1.2444890307       -0.1327963870
 C          1.2183111078        0.3604172808        0.0935077492
 C          0.6781260507       -1.0315148283       -0.0396572982
 C         -0.6429249178       -1.0537677882       -0.0399984969
 C         -1.2297040258        0.3191633818        0.0934655981
 H         -0.0271305528        1.6044759379       -1.1621412030
 H         -0.0357107620        2.1102969032        0.5261505590
 H          2.0140056551        0.5674393266       -0.6230059601
 H          1.6352711526        0.5011704799        1.0945946359
 H          1.3221632181       -1.8918336626       -0.0995561785
 H         -1.2576367630       -1.9352223011       -0.1001715699
 H         -2.0321364860        0.4994560175       -0.6227370861
 H         -1.6510590499        0.4454823741        1.0946795169
  13
 Etot=         -14.7608831731
 C         -0.0210082782        1.2460195910       -0.1318772694
 C          1.2177082381        0.3597468056        0.0914650877
 C          0.6779031262       -1.0343289422       -0.0382353078
 C         -0.6427241224       -1.0567025671       -0.0379995868
 C         -1.2292602810        0.3183717532        0.0914069478
 H         -0.0271007919        1.6102907919       -1.1588737666
 H         -0.0355385880        2.1057335720        0.5336750653
 H          2.0095937344        0.5646780822       -0.6290887740
 H          1.6367899382        0.5013021903        1.0919469200
 H          1.3327840635       -1.8867229475       -0.0966733078
 H         -1.2684500821       -1.9307315290       -0.0957870244
 H         -2.0272936742        0.4966510470       -0.6294282387
 H         -1.6529207595        0.4457443049        1.0918031341
