  10
 Etot=         -13.5013426185
 C          1.8335185281        0.0097095765       -0.2882059492
 C          0.6998906856       -0.2546275616        0.3707999627
 C         -0.5570512009        0.5365971800        0.2200103669
 O         -1.5849933192       -0.3250075866       -0.2461325592
 H          2.7250452260       -0.5917391455       -0.1478471885
 H          1.8836981482        0.8410863181       -0.9829754933
 H          0.6848151819       -1.0891795164        1.0674718827
 H         -0.4427074856        1.3604802599       -0.4916947585
 H         -0.8558921051        0.9455854803        1.1899400984
 H         -2.3862971733        0.2170463021       -0.3338121758
  10
 Etot=         -13.5024569176
 C          1.8257005917        0.0146453694       -0.2844519264
 C          0.7066822346       -0.2443855858        0.3713488497
 C         -0.5564508019        0.5376366301        0.2213169016
 O         -1.5878429396       -0.3299491366       -0.2404119538
 H          2.7120889083       -0.5799799676       -0.1451830554
 H          1.8853553848        0.8349668676       -0.9819094469
 H          0.6608374677       -1.0901379528        1.0454643648
 H         -0.4091471690        1.3580780760       -0.4916315322
 H         -0.8401255472        0.9561099029        1.1970876362
 H         -2.3970716436        0.1929671036       -0.3340756516
  10
 Etot=         -13.5025963976
 C          1.8238780992        0.0116086295       -0.2884271030
 C          0.7072851857       -0.2499018580        0.3616280423
 C         -0.5562843818        0.5378119574        0.2159694896
 O         -1.5921859777       -0.3306283406       -0.2308800480
 H          2.7114100337       -0.5766127871       -0.1456693924
 H          1.9007772365        0.8477091609       -0.9630908765
 H          0.6446741915       -1.0896695953        1.0392816121
 H         -0.4033860448        1.3536292969       -0.5020111821
 H         -0.8289526659        0.9653650411        1.1929006407
 H         -2.4071891906        0.1806398021       -0.3221469966
  10
 Etot=         -13.5026584134
 C          1.8289083656        0.0193735168       -0.2786424394
 C          0.7091556254       -0.2495527804        0.3611048658
 C         -0.5558207812        0.5407893705        0.2130914408
 O         -1.5908237572       -0.3307409811       -0.2229288894
 H          2.7123798435       -0.5779516403       -0.1483151951
 H          1.9092984950        0.8495640026       -0.9594582945
 H          0.6278829302       -1.0983463354        1.0259772534
 H         -0.4046105308        1.3527049754       -0.5097060523
 H         -0.8240000951        0.9747259835        1.1888680769
 H         -2.4123436097        0.1693851952       -0.3124365800
  10
 Etot=         -13.5026970999
 C          1.8312994443        0.0196109725       -0.2772647501
 C          0.7073750457       -0.2534626482        0.3557536110
 C         -0.5558224689        0.5415010230        0.2086183812
 O         -1.5932762302       -0.3309384534       -0.2146938342
 H          2.7167503386       -0.5760242270       -0.1423048834
 H          1.9165672050        0.8572340455       -0.9496238511
 H          0.6199807302       -1.1062257826        1.0146993264
 H         -0.4091559636        1.3484064152       -0.5204784814
 H         -0.8167136962        0.9832066053        1.1827414829
 H         -2.4169779191        0.1666433565       -0.2998928152
