  10
 Etot=         -15.4570744277
 C         -0.7037828158       -0.6095864460       -0.2826113455
 C          0.7036432520       -0.6088604169        0.2827640490
 O          1.3851424849        0.5550643821       -0.1688241018
 O         -1.3850431202        0.5553601180        0.1686334889
 H         -1.2651277363       -1.4853365693        0.0567123961
 H         -0.6768852275       -0.5887014783       -1.3753941866
 H          1.2649961166       -1.4854574862       -0.0571220192
 H          0.6770117743       -0.5895000932        1.3760425781
 H          2.2769778651        0.5207814248        0.2112552761
 H         -2.2768869861        0.5211985047       -0.2102880110
  10
 Etot=         -15.4584927607
 C         -0.7029321997       -0.6006294423       -0.2863174452
 C          0.7034023861       -0.6007102657        0.2848398979
 O          1.3992511814        0.5435639023       -0.1950074915
 O         -1.3980598636        0.5443856941        0.1941549200
 H         -1.2211501496       -1.5116154556        0.0386208695
 H         -0.6462389099       -0.5749056124       -1.3804803527
 H          1.2208010908       -1.5135399259       -0.0377707947
 H          0.6456426343       -0.5748278939        1.3791133115
 H          2.2838172404        0.5372002438        0.1979606802
 H         -2.2844878031        0.5360406953       -0.1939454708
  10
 Etot=         -15.4590824490
 C         -0.7045170006       -0.5929615674       -0.2904369078
 C          0.7051259771       -0.5937477505        0.2883815210
 O          1.4207472870        0.5172545671       -0.2270461163
 O         -1.4187303336        0.5189931169        0.2255660480
 H         -1.1928881665       -1.5345376107        0.0043775015
 H         -0.6334988914       -0.5404743741       -1.3842669864
 H          1.1924419307       -1.5368973333       -0.0036275643
 H          0.6326674929       -0.5393274356        1.3821507165
 H          2.2941033893        0.5443315797        0.1896542037
 H         -2.2954060779        0.5423287476       -0.1835842919
  10
 Etot=         -15.4594093243
 C         -0.7059073539       -0.5904410048       -0.2923155085
 C          0.7062203730       -0.5912713809        0.2911567827
 O          1.4356614187        0.4888816809       -0.2569075851
 O         -1.4337321626        0.4905841181        0.2560153462
 H         -1.1801860501       -1.5500351945       -0.0308286584
 H         -0.6282481304       -0.5041525320       -1.3841576315
 H          1.1794018474       -1.5513896920        0.0309132833
 H          0.6278909535       -0.5032938570        1.3827974296
 H          2.2969765458        0.5489062201        0.1836287203
 H         -2.2980318343        0.5471735819       -0.1791340544
  10
 Etot=         -15.4596256819
 C         -0.7054377453       -0.5888559036       -0.2947365148
 C          0.7055655178       -0.5896755306        0.2944723818
 O          1.4478084265        0.4623342968       -0.2818912330
 O         -1.4463809919        0.4637518848        0.2815617493
 H         -1.1745403202       -1.5581950099       -0.0673283213
 H         -0.6238994200       -0.4679159628       -1.3828933663
 H          1.1737586317       -1.5589914423        0.0670933075
 H          0.6239830292       -0.4678822206        1.3823625718
 H          2.2979377513        0.5458745457        0.1739259840
 H         -2.2987492721        0.5445172822       -0.1713984347
  10
 Etot=         -15.4597291209
 C         -0.7033907874       -0.5874564290       -0.2980385688
 C          0.7036170466       -0.5883764236        0.2973450129
 O          1.4586656409        0.4401145191       -0.3046861998
 O         -1.4568718512        0.4420202651        0.3034523932
 H         -1.1694535357       -1.5641615231       -0.1018094444
 H         -0.6176655394       -0.4348020349       -1.3816320405
 H          1.1686720242       -1.5657637679        0.1017802427
 H          0.6176224566       -0.4346503772        1.3807475263
 H          2.2988538865        0.5400765822        0.1639006080
 H         -2.3000037341        0.5379611291       -0.1598914054
  10
 Etot=         -15.4597651703
 C         -0.7017992973       -0.5873095570       -0.2995497563
 C          0.7016370206       -0.5875782262        0.3002062185
 O          1.4654870634        0.4254499443       -0.3187061178
 O         -1.4652007906        0.4259181588        0.3198945492
 H         -1.1651155128       -1.5688458863       -0.1266565597
 H         -0.6128020391       -0.4104903077       -1.3784335024
 H          1.1645037021       -1.5687085856        0.1262385395
 H          0.6135674801       -0.4114935765        1.3789125040
 H          2.3005371249        0.5340311932        0.1539104886
 H         -2.3007691444        0.5339887827       -0.1546482394
