    -15.464224093224    -15.464224093224         0.12200E-03
    -15.464240658160    -15.464240658160         0.75261E-04
    -15.464232030965    -15.464232030965         0.88595E-04
    -15.464244592648    -15.464244592648         0.11862E-03
    -15.463906574170    -15.463906574170         0.20361E-03
    -15.463923549452    -15.463923549452         0.78869E-04
    -15.463656319703    -15.463656319703         0.12902E-03
    -15.463641584170    -15.463641584170         0.15897E-03
    -15.463646289595    -15.463646289595         0.17228E-03
    -15.463648441362    -15.463648441362         0.57264E-04
    -15.463085563239    -15.463085563239         0.18907E-03
    -15.463302307075    -15.463302307075         0.75000E-04
    -15.463069863322    -15.463069863322         0.18115E-03
    -15.463302391602    -15.463302391602         0.81276E-04
    -15.462609442776    -15.462609442776         0.13759E-03
    -15.462602270388    -15.462602270388         0.17393E-03
    -15.462593887149    -15.462593887149         0.13079E-03
    -15.462611602808    -15.462611602808         0.10603E-03
    -15.462092299172    -15.462092299172         0.99322E-04
    -15.461614623468    -15.461614623468         0.14552E-03
    -15.460530476443    -15.460530476443         0.20364E-03
    -15.460543986515    -15.460543986515         0.50787E-04
    -15.461628623266    -15.461628623266         0.14229E-03
    -15.460547991196    -15.460547991196         0.12768E-03
    -15.459793260098    -15.459793260098         0.80603E-04
    -15.459790902247    -15.459790902247         0.11382E-03
    -15.460526918082    -15.460526918082         0.10653E-03
    -15.459282308434    -15.459282308434         0.15839E-03
    -15.463644020112    -15.463644020112         0.65205E-04
    -15.461637411219    -15.461637411219         0.69221E-04
