  12
 Etot=         -22.7957576597
 C         -2.2508970290        0.0735047423        0.0080023667
 O         -1.0003794826        0.7334343356        0.1290345859
 S          0.3685625207       -0.1466447405       -0.0069933949
 O          0.4094493435       -0.7754054129       -1.3123145372
 O          0.5811637202       -0.8976586676        1.2135228120
 C          1.4972420001        1.2224138302       -0.0176827717
 H         -3.0600840238        0.7995407246        0.1226983119
 H         -2.3308027030       -0.7013534248        0.7750153419
 H         -2.3160985040       -0.3875191348       -0.9810409855
 H          2.5023132316        0.8190544352       -0.1056544611
 H          1.2471310475        1.8476072322       -0.8705589183
 H          1.3684299626        1.7605259603        0.9173128403
  12
 Etot=         -22.7984705254
 C         -2.2442633439        0.0541915231        0.0043105285
 O         -1.0077596995        0.7405838096        0.1288635783
 S          0.3634180928       -0.1224977104       -0.0079709672
 O          0.3651210958       -0.7733551945       -1.3007615579
 O          0.5370249590       -0.8992422164        1.2004903028
 C          1.5105484459        1.2338576354       -0.0169121339
 H         -3.0335545339        0.7953821884        0.1245926090
 H         -2.3245559338       -0.7124030253        0.7782200450
 H         -2.3087754471       -0.4095248614       -0.9832619611
 H          2.5067148352        0.8196030911       -0.1043386744
 H          1.2663204793        1.8547308962       -0.8682662191
 H          1.3857911342        1.7661737440        0.9163756401
  12
 Etot=         -22.8000791252
 C         -2.2317773040        0.0389330007        0.0027933069
 O         -1.0139202889        0.7637217024        0.1302407357
 S          0.3518793331       -0.0876271265       -0.0097526196
 O          0.3022117616       -0.7726718199       -1.2830051122
 O          0.4761354005       -0.9061211774        1.1770814378
 C          1.5254230055        1.2455525307       -0.0161851271
 H         -3.0185829677        0.7789202915        0.1194719977
 H         -2.2959425459       -0.7221054160        0.7819364474
 H         -2.2780419120       -0.4354688256       -0.9788470462
 H          2.5113404232        0.8123885186       -0.1030815092
 H          1.2853014172        1.8622759332       -0.8675847380
 H          1.4020037612        1.7697022680        0.9182734170
  12
 Etot=         -22.8003594806
 C         -2.2262473925        0.0399844057        0.0044299478
 O         -1.0154530427        0.7795490313        0.1299874875
 S          0.3433041328       -0.0774401883       -0.0119385472
 O          0.2863554291       -0.7719305680       -1.2790891430
 O          0.4597522776       -0.9111959042        1.1649056932
 C          1.5261616649        1.2450218935       -0.0156717557
 H         -3.0260115586        0.7670103422        0.1128333184
 H         -2.2764271195       -0.7179000475        0.7879104692
 H         -2.2578756065       -0.4432658596       -0.9734605989
 H          2.5097903302        0.8054634802       -0.1012434995
 H          1.2898273184        1.8639618253       -0.8672312414
 H          1.4028536506        1.7682414691        0.9199090595
  12
 Etot=         -22.8005450715
 C         -2.2205149130        0.0438289119        0.0079638694
 O         -1.0176061888        0.7990299118        0.1271787428
 S          0.3316905437       -0.0693077655       -0.0165548018
 O          0.2794164901       -0.7699309040       -1.2791404184
 O          0.4489659956       -0.9185936277        1.1483835675
 C          1.5236706375        1.2410797766       -0.0144928477
 H         -3.0389445211        0.7529330629        0.1027777146
 H         -2.2551344392       -0.7065756754        0.8000052157
 H         -2.2361507008       -0.4524318911       -0.9640819525
 H          2.5062139941        0.7967945785       -0.0963314096
 H          1.2949462866        1.8651589301       -0.8659560343
 H          1.3994768991        1.7655145714        0.9215895444
  12
 Etot=         -22.8005705590
 C         -2.2205172659        0.0444035150        0.0096955182
 O         -1.0188498792        0.8015888120        0.1237361778
 S          0.3294075073       -0.0688302162       -0.0195541176
 O          0.2845550342       -0.7679604669       -1.2831099829
 O          0.4499358307       -0.9209136796        1.1428088157
 C          1.5226774899        1.2396627724       -0.0135614747
 H         -3.0412274407        0.7512720562        0.0996701094
 H         -2.2545821263       -0.7005449242        0.8065735816
 H         -2.2360290410       -0.4572397742       -0.9592934920
 H          2.5055107888        0.7952349545       -0.0924802934
 H          1.2981854650        1.8655777767       -0.8650879725
 H          1.3969637210        1.7652490539        0.9219443207
