    -22.802132733320    -22.802132733320         0.12535E-03
    -22.802132721264    -22.802132721264         0.80340E-04
    -22.802132709225    -22.802132709225         0.94163E-04
    -22.802132741244    -22.802132741244         0.80033E-04
    -22.802148151777    -22.802148151777         0.10565E-03
    -22.802148232092    -22.802148232092         0.91088E-04
    -22.802148079860    -22.802148079860         0.98941E-04
    -22.802131987351    -22.802131987351         0.17264E-03
    -22.802148244006    -22.802148244006         0.15791E-03
    -22.802148341912    -22.802148341912         0.63826E-04
    -22.802148265562    -22.802148265562         0.70290E-04
    -22.802148259610    -22.802148259610         0.12895E-03
    -22.802148150925    -22.802148150925         0.16399E-03
    -22.802147867197    -22.802147867197         0.73012E-04
    -22.802132751604    -22.802132751604         0.13652E-03
    -22.802132778550    -22.802132778550         0.77560E-04
    -22.802132688726    -22.802132688726         0.65147E-04
    -22.802132731618    -22.802132731618         0.86092E-04
    -22.800741549409    -22.800741549409         0.16514E-03
    -22.800741739799    -22.800741739799         0.14300E-03
    -22.800741584940    -22.800741584940         0.16748E-03
    -22.800627404110    -22.800627404110         0.88857E-04
    -22.800626891112    -22.800626891112         0.16202E-03
    -22.800627773676    -22.800627773676         0.10391E-03
    -22.800627222043    -22.800627222043         0.13551E-03
    -22.800627532339    -22.800627532339         0.85586E-04
    -22.800627462060    -22.800627462060         0.19070E-03
    -22.800627988939    -22.800627988939         0.79267E-04
    -22.802141146547    -22.802141146547         0.93036E-04
    -22.800627490926    -22.800627490926         0.65759E-04
    -22.802148756977    -22.802148756977         0.12082E-03
    -22.800628108804    -22.800628108804         0.57103E-04
    -22.802142084436    -22.802142084436         0.13274E-03
    -22.802142882311    -22.802142882311         0.10631E-03
    -22.802146268310    -22.802146268310         0.15579E-03
    -22.802148514296    -22.802148514296         0.90142E-04
    -22.802143537585    -22.802143537585         0.96538E-04
    -22.800617042868    -22.800617042868         0.17460E-03
    -22.799885564458    -22.799885564458         0.15334E-03
    -22.802146323865    -22.802146323865         0.12910E-03
    -22.800614591890    -22.800614591890         0.11832E-03
    -22.800633304426    -22.800633304426         0.98072E-04
