  15
 Etot=         -26.1575248562
 C         -2.4620090371       -0.0006692836        0.3966644201
 C         -1.8049019126        1.2078510627        0.1655588176
 C         -0.4892448188        1.2078897071       -0.2976607956
 C          0.1691601304        0.0007667786       -0.5301390920
 C         -0.4888990108       -1.2077732953       -0.2987280801
 C         -1.8045561046       -1.2078119397        0.1644915332
 O          1.4532642465        0.0009168784       -0.9803819113
 C          2.4082243898        0.0000179520        0.0415913353
 O          2.1984291160       -0.0009941702        1.2440799708
 H         -3.4874173005       -0.0004781536        0.7561749995
 H         -2.3177542511        2.1473564624        0.3465949548
 H          0.0186551458        2.1524476906       -0.4739385362
 H          0.0185448997       -2.1523483156       -0.4773049788
 H         -2.3166906015       -2.1489688212        0.3441606218
 H          3.4115788823       -0.0000110318       -0.4128487174
  15
 Etot=         -26.1635690259
 C         -2.4622025813       -0.0005465657        0.3881122329
 C         -1.8086166815        1.2004820611        0.1588087690
 C         -0.4979172618        1.2039848878       -0.2903887934
 C          0.1584485989        0.0005150367       -0.5123691934
 C         -0.4977592612       -1.2037784837       -0.2924489186
 C         -1.8084192617       -1.2007294720        0.1569074824
 O          1.4723620401        0.0007808613       -0.9448449518
 C          2.4129377730       -0.0004030917        0.0332014681
 O          2.2008063438       -0.0011038530        1.2123895371
 H         -3.4797940684       -0.0005304433        0.7509703191
 H         -2.3146022621        2.1367065598        0.3415600200
 H          0.0181016070        2.1385792491       -0.4627880537
 H          0.0184328610       -2.1380973638       -0.4658066674
 H         -2.3131782755       -2.1378896776        0.3399266165
 H          3.4077842031        0.0002218155       -0.4249153252
  15
 Etot=         -26.1650868254
 C         -2.4672649240       -0.0005290303        0.3824643115
 C         -1.8138055835        1.1979280204        0.1567540591
 C         -0.5021173202        1.2042612603       -0.2796120365
 C          0.1490083657        0.0003528468       -0.4926899259
 C         -0.5014694178       -1.2039767981       -0.2804992144
 C         -1.8130522723       -1.1985233553        0.1562994610
 O          1.4885950617        0.0008868433       -0.9157739419
 C          2.4169105452        0.0009829552        0.0211113498
 O          2.2186747686       -0.0010633145        1.1999316705
 H         -3.4841299356       -0.0007710385        0.7383650866
 H         -2.3187818203        2.1335393010        0.3305147203
 H          0.0234555416        2.1307480250       -0.4495623388
 H          0.0242928045       -2.1300514487       -0.4517414097
 H         -2.3184195846       -2.1344973872        0.3264599067
 H          3.4044875446       -0.0010953586       -0.4537071566
  15
 Etot=         -26.1653506492
 C         -2.4754013775       -0.0003229985        0.3743035229
 C         -1.8191836311        1.1989072060        0.1560841956
 C         -0.5026660754        1.2056663427       -0.2692019684
 C          0.1453765096       -0.0001309897       -0.4776591190
 C         -0.5033490911       -1.2058963657       -0.2717596406
 C         -1.8198430518       -1.1994573012        0.1535632309
 O          1.4890880494       -0.0004420388       -0.9083764389
 C          2.4256044748       -0.0037419300        0.0133965212
 O          2.2516821484       -0.0004196285        1.2014694771
 H         -3.4956430140       -0.0004211456        0.7214745776
 H         -2.3256194660        2.1350968127        0.3251203935
 H          0.0266610724        2.1302664817       -0.4375774277
 H          0.0263947643       -2.1303316687       -0.4396627247
 H         -2.3258534625       -2.1357227592        0.3228218877
 H          3.4091359240        0.0051415035       -0.4756819455
  15
 Etot=         -26.1652795313
 C         -2.4859898696       -0.0012450150        0.3640255589
 C         -1.8288976002        1.2004692284        0.1549561622
 C         -0.5062208524        1.2098414085       -0.2565193401
 C          0.1405545884        0.0026413996       -0.4567774592
 C         -0.5024776892       -1.2067686300       -0.2565873770
 C         -1.8256622203       -1.2011635274        0.1540809368
 O          1.4875188101        0.0066330856       -0.9001235295
 C          2.4382103006        0.0164979785        0.0024683569
 O          2.3013128212       -0.0059612221        1.2019915060
 H         -3.5128721711       -0.0026625972        0.6944988443
 H         -2.3395556730        2.1364864055        0.3176670172
 H          0.0261820768        2.1334958253       -0.4210199400
 H          0.0322241819       -2.1291356747       -0.4216513426
 H         -2.3344610303       -2.1384395682        0.3156483940
 H          3.4165181007       -0.0224975762       -0.5043432464
  15
 Etot=         -26.1654754697
 C         -2.4860665508       -0.0004063472        0.3635970270
 C         -1.8270936902        1.2004466158        0.1561103107
 C         -0.5040355229        1.2080430594       -0.2542845003
 C          0.1410757125       -0.0001670143       -0.4554952712
 C         -0.5041039275       -1.2083856366       -0.2551268860
 C         -1.8269620687       -1.2011289334        0.1557113201
 O          1.4861059673       -0.0004315906       -0.9009662629
 C          2.4392987805       -0.0020246950        0.0010718688
 O          2.3046569865        0.0009374911        1.1986465959
 H         -3.5146642372       -0.0005857461        0.6892382415
 H         -2.3376354625        2.1367495512        0.3179388213
 H          0.0290496949        2.1317924612       -0.4166624335
 H          0.0284249463       -2.1319862917       -0.4197849082
 H         -2.3387575331       -2.1375578703        0.3133604280
 H          3.4170906783        0.0028964671       -0.5050398096
  15
 Etot=         -26.1654913112
 C         -2.4860861447       -0.0004789515        0.3616223970
 C         -1.8267410513        1.2000876123        0.1562033514
 C         -0.5038918608        1.2077695419       -0.2534203145
 C          0.1420676997        0.0002684135       -0.4559875874
 C         -0.5040658116       -1.2075898655       -0.2559314501
 C         -1.8270369158       -1.2006794784        0.1533567748
 O          1.4860017026        0.0005356159       -0.9012531559
 C          2.4388502905       -0.0004769265        0.0008991232
 O          2.3018414375       -0.0006054966        1.1961072384
 H         -3.5139656123       -0.0007964876        0.6880798773
 H         -2.3372905458        2.1359690359        0.3186361548
 H          0.0282493164        2.1320133075       -0.4150078391
 H          0.0286415534       -2.1315468425       -0.4176102479
 H         -2.3365214373       -2.1368206821        0.3171192198
 H          3.4163311530        0.0005427243       -0.5044990002
