  13
 Etot=         -28.5081168696
 C         -0.0004984302       -2.5072796513       -0.0008603363
 C          1.2079185822       -1.8105379557       -0.0002826528
 C          1.2077503932       -0.4157169003        0.0001590346
 C          0.0005237752        0.2823467264        0.0004154719
 C         -1.2079128304       -0.4153943917       -0.0001344491
 C         -1.2077446414       -1.8102154471       -0.0005761365
 Cl        -2.7401198437        0.3911147554        0.0006803644
 C         -0.0001996777        1.7181598377       -0.0006735378
 N          0.0008727377        2.8727850148       -0.0014154548
 Cl         2.7398679169        0.3907424513        0.0006146151
 H         -0.0006302807       -3.5938986911       -0.0006481645
 H          2.1395231404       -2.3701472232       -0.0014721257
 H         -2.1402192613       -2.3702664058       -0.0004917054
  13
 Etot=         -28.5100115805
 C         -0.0003232029       -2.5025400391       -0.0006940542
 C          1.2054498882       -1.8150140257       -0.0006153535
 C          1.2058671711       -0.4285900320       -0.0001774994
 C          0.0001490352        0.2762606018        0.0000297222
 C         -1.2061439765       -0.4282735361        0.0000062602
 C         -1.2055747940       -1.8146883394       -0.0002957908
 Cl        -2.7168275042        0.4175589067        0.0005853586
 C         -0.0002529186        1.6970352870        0.0000878591
 N          0.0008750785        2.8423118656       -0.0016638584
 Cl         2.7167183987        0.4169939133        0.0004512066
 H         -0.0003389709       -3.5816029434       -0.0009908241
 H          2.1374690180       -2.3590522616       -0.0008421694
 H         -2.1379356426       -2.3587072778       -0.0005659338
  13
 Etot=         -28.5103971594
 C         -0.0002484230       -2.5026704208       -0.0004017006
 C          1.2058627011       -1.8209515567       -0.0002778048
 C          1.2053551510       -0.4389492839       -0.0001641245
 C         -0.0000072796        0.2724933844       -0.0003885211
 C         -1.2055561904       -0.4386701430       -0.0000560300
 C         -1.2062521169       -1.8206713020       -0.0001764440
 Cl        -2.6984394819        0.4403261418       -0.0001705251
 C          0.0001268284        1.6837116310       -0.0036613570
 N          0.0004567499        2.8314190311        0.0023154652
 Cl         2.6985431309        0.4396803390       -0.0003159047
 H         -0.0002732247       -3.5787186238       -0.0007476411
 H          2.1409570148       -2.3529218301       -0.0005353922
 H         -2.1413932795       -2.3523852478       -0.0001050970
  13
 Etot=         -28.5103697718
 C         -0.0002174303       -2.5038283416       -0.0016429948
 C          1.2067405293       -1.8221592330       -0.0013417135
 C          1.2055273918       -0.4397766276       -0.0001660250
 C         -0.0002626463        0.2729531433        0.0009124538
 C         -1.2060051896       -0.4398284563       -0.0001422959
 C         -1.2072187106       -1.8221860737       -0.0012194611
 Cl        -2.6964956752        0.4435743774        0.0019241769
 C         -0.0007094111        1.6838252275        0.0123155265
 N          0.0022325819        2.8315247263       -0.0130165081
 Cl         2.6961834911        0.4434858375        0.0016554307
 H         -0.0001845587       -3.5808951527       -0.0020368265
 H          2.1435000928       -2.3525181417       -0.0011150816
 H         -2.1439588850       -2.3524791662       -0.0008117582
  13
 Etot=         -28.5104124222
 C         -0.0002612377       -2.5043606466       -0.0005142727
 C          1.2071556975       -1.8225591882       -0.0004863766
 C          1.2058419377       -0.4397593035       -0.0003428338
 C         -0.0000303068        0.2734153989       -0.0003187224
 C         -1.2060248951       -0.4395924029       -0.0001741776
 C         -1.2075861255       -1.8223919368       -0.0002411280
 Cl        -2.6963511371        0.4440731725        0.0001045139
 C          0.0001226880        1.6846855446       -0.0007478549
 N          0.0007434697        2.8321818242       -0.0000873386
 Cl         2.6963740617        0.4436240876       -0.0001650173
 H         -0.0003305124       -3.5821169559       -0.0007899418
 H          2.1444962872       -2.3529114372       -0.0005390774
 H         -2.1450183471       -2.3525960374       -0.0003828496
