  8
 Etot=         -32.1024077120
 C          0.8620649521       -0.0498942541       -0.3997005463
 C         -0.6567735428       -0.0103216140       -0.2766045161
 F         -1.1716721561       -0.0790911262       -1.5381354004
 Cl        -1.2236801430        1.5104408839        0.4599817528
 Cl        -1.2844054360       -1.4022371961        0.6432406986
 F          1.2320521339       -1.2100752399       -1.0051124437
 F          1.2706226260        0.9505805415       -1.2265371750
 Cl         1.7252837333        0.0936364805        1.1460359332
  8
 Etot=         -32.1036768466
 C          0.8560912148       -0.0513794672       -0.4126171754
 C         -0.6659499256       -0.0105681694       -0.2854788611
 F         -1.1922117692       -0.0803348267       -1.5353169126
 Cl        -1.1738271119        1.5185562652        0.4604629287
 Cl        -1.2351965898       -1.4086278064        0.6498586033
 F          1.2360890463       -1.2023325325       -1.0086747154
 F          1.2733160429        0.9451459633       -1.2240252360
 Cl         1.6551812598        0.0925790493        1.1589596717
  8
 Etot=         -32.1040434283
 C          0.8610540959       -0.0518583562       -0.4209539200
 C         -0.6704243403       -0.0102999937       -0.2907440333
 F         -1.2134130497       -0.0836240262       -1.5262082013
 Cl        -1.1635611479        1.5139713105        0.4558497359
 Cl        -1.2198930641       -1.3988664592        0.6558094543
 F          1.2473495978       -1.1920405394       -1.0135613076
 F          1.2849890822        0.9407007358       -1.2185073962
 Cl         1.6273909935        0.0850558040        1.1614839714
  8
 Etot=         -32.1040651815
 C          0.8632493880       -0.0513879713       -0.4209953473
 C         -0.6723665732       -0.0105462793       -0.2901931331
 F         -1.2167752749       -0.0871702932       -1.5236225320
 Cl        -1.1649278355        1.5156924917        0.4497639198
 Cl        -1.2200896540       -1.3976210140        0.6573364959
 F          1.2481463066       -1.1893214759       -1.0161311047
 F          1.2865849035        0.9431962305       -1.2142836298
 Cl         1.6296709070        0.0801967871        1.1612936344
