  8
 Etot=         -31.5614165430
 C         -0.7766254078        0.0000839952        0.0006382968
 C          0.7764669636        0.0004162093       -0.0003493031
 Cl         1.4489768802       -1.4663153479        0.8114696121
 Cl         1.4471445315        0.0301423087       -1.6760384028
 Cl         1.4484730131        1.4365928918        0.8629428875
 Cl        -1.4473029757       -0.0296421042        1.6763273965
 Cl        -1.4483669521       -1.4369277236       -0.8631363369
 Cl        -1.4488708193        1.4659805161       -0.8116630616
  8
 Etot=         -31.5665431468
 C         -0.7617289511        0.0000913833        0.0006074314
 C          0.7617503823        0.0004039321       -0.0005114833
 Cl         1.3590447535       -1.4753461036        0.8166572152
 Cl         1.3575868253        0.0302736760       -1.6868166602
 Cl         1.3588097095        1.4455261684        0.8685459452
 Cl        -1.3577299804       -0.0299379263        1.6867973398
 Cl        -1.3585842854       -1.4458199367       -0.8683663918
 Cl        -1.3592532201        1.4751395521       -0.8167223079
  8
 Etot=         -31.5673327047
 C         -0.7574004218        0.0000150667        0.0004782407
 C          0.7574008302        0.0002901285       -0.0004069219
 Cl         1.3580207261       -1.4595452790        0.8080044330
 Cl         1.3564426381        0.0298576036       -1.6689252601
 Cl         1.3575343614        1.4302416695        0.8593473031
 Cl        -1.3564910630       -0.0296937835        1.6689311428
 Cl        -1.3576001354       -1.4303203805       -0.8591877824
 Cl        -1.3580117021        1.4594857201       -0.8080500668
  8
 Etot=         -31.5673986061
 C         -0.7611105360       -0.0000248433        0.0004625076
 C          0.7610694469        0.0002378708       -0.0003887005
 Cl         1.3592380983       -1.4589496293        0.8076579334
 Cl         1.3577997910        0.0298537902       -1.6682494068
 Cl         1.3588059195        1.4297216499        0.8588821544
 Cl        -1.3578268413       -0.0296958023        1.6682994524
 Cl        -1.3588269714       -1.4297490661       -0.8588397240
 Cl        -1.3592536736        1.4589367755       -0.8076331280
  8
 Etot=         -31.5674217976
 C         -0.7647060579       -0.0000412529        0.0004000149
 C          0.7647034277        0.0001998291       -0.0003542174
 Cl         1.3586159751       -1.4588021456        0.8076433599
 Cl         1.3572006064        0.0297939486       -1.6682277255
 Cl         1.3582147722        1.4296723168        0.8588706424
 Cl        -1.3572212845       -0.0297469342        1.6682473222
 Cl        -1.3582325172       -1.4296047324       -0.8588048211
 Cl        -1.3586796883        1.4588597160       -0.8075834869
