  14
 Etot=         -20.7869467908
 C         -2.4914238697        0.0351284279       -0.0005631202
 C         -1.2110839776       -0.7823156467        0.0004093065
 C          0.0213050836        0.0919332294        0.0000863428
 O          0.0179358224        1.3158607736        0.0002079826
 O          1.1293261188       -0.7063255123        0.0006919179
 C          2.3849878506       -0.0185145712       -0.0001594084
 H         -3.3722510589       -0.6151157269       -0.0006074765
 H         -2.5365954861        0.6727289789        0.8867170286
 H         -2.5477907543        0.6759227910       -0.8866699752
 H         -1.1851612466       -1.4165126240       -0.8916558290
 H         -1.1858333075       -1.4159515663        0.8926429782
 H          3.1864333165       -0.7528094827        0.0002253937
 H          2.4382142458        0.6127397896        0.8855216192
 H          2.4379275600        0.5923284109       -0.8977546615
  14
 Etot=         -20.7893679530
 C         -2.4989551917        0.0414365502        0.0005963844
 C         -1.2202516498       -0.7840701311       -0.0002277402
 C          0.0175638886        0.0754076622        0.0004613351
 O          0.0343628658        1.2847091351       -0.0000207146
 O          1.1228134882       -0.6932812206        0.0006082811
 C          2.3778945127       -0.0053804575       -0.0024051527
 H         -3.3691897941       -0.6120371000        0.0010497266
 H         -2.5410817751        0.6810790913        0.8802302511
 H         -2.5444392821        0.6808602103       -0.8795908927
 H         -1.1748746551       -1.4258723921       -0.8819574290
 H         -1.1761539262       -1.4252420519        0.8818129910
 H          3.1523860984       -0.7673180540        0.0032894196
 H          2.4519252899        0.6266108655        0.8828007044
 H          2.4539904274        0.6121951640       -0.8975550655
  14
 Etot=         -20.7896503063
 C         -2.5000251862        0.0425918863        0.0006796084
 C         -1.2237926852       -0.7871284537        0.0000405810
 C          0.0150888389        0.0697528739       -0.0006362418
 O          0.0429511182        1.2782783176       -0.0003152977
 O          1.1182977846       -0.6827859019       -0.0003498330
 C          2.3743057068        0.0009079318       -0.0027936592
 H         -3.3676824225       -0.6095232973        0.0018444814
 H         -2.5353909660        0.6817946713        0.8786995044
 H         -2.5368896494        0.6808765000       -0.8780698240
 H         -1.1754398164       -1.4325501490       -0.8781674250
 H         -1.1749991672       -1.4326579017        0.8782619435
 H          3.1324127675       -0.7772346526        0.0044683414
 H          2.4569115845        0.6347540390        0.8810238379
 H          2.4602423892        0.6220214075       -0.8955939186
  14
 Etot=         -20.7896663088
 C         -2.4995295705        0.0423184627        0.0006569739
 C         -1.2238718349       -0.7885212626        0.0001791972
 C          0.0144789257        0.0686483106       -0.0001709893
 O          0.0417996684        1.2791105957       -0.0008208379
 O          1.1179729679       -0.6806336186       -0.0005445498
 C          2.3745729820        0.0013926274       -0.0028048845
 H         -3.3685557446       -0.6078398993        0.0016506378
 H         -2.5333177703        0.6815904073        0.8788371019
 H         -2.5344672552        0.6806665854       -0.8781618731
 H         -1.1759717904       -1.4340121013       -0.8783862860
 H         -1.1754313189       -1.4340479747        0.8787075107
 H          3.1300640534       -0.7782573316        0.0041003525
 H          2.4574537295        0.6355379599        0.8806804196
 H          2.4607932547        0.6231445103       -0.8948306746
