  8
 Etot=         -14.4444156645
 C          1.3891640677       -0.5463079994       -0.0004570799
 O          0.6229000364        0.6623691218       -0.0006830626
 C         -0.7248292173        0.4954136509        0.0001710555
 O         -1.3449919153       -0.5566848368        0.0001608995
 H          2.4550265495       -0.3032215825       -0.0008617837
 H          1.1398042484       -1.1373860751       -0.8858634211
 H          1.1497632197       -1.1190021455        0.8976073104
 H         -1.1988598832        1.4885080641        0.0008146769
  8
 Etot=         -14.4471304860
 C          1.3785087806       -0.5577529558        0.0020253581
 O          0.6072388664        0.6470488677       -0.0009503306
 C         -0.7138263661        0.4995541946       -0.0007280899
 O         -1.3182506271       -0.5403436381        0.0005559438
 H          2.4268547754       -0.2636802411       -0.0042535789
 H          1.1425642069       -1.1512084223       -0.8828357293
 H          1.1518958243       -1.1392390767        0.8973449021
 H         -1.1870083546        1.4893094693       -0.0002698802
  8
 Etot=         -14.4474939390
 C          1.3764899574       -0.5636214317        0.0025644775
 O          0.5964931370        0.6378302698        0.0014841372
 C         -0.7080051924        0.5025151990        0.0032017118
 O         -1.3121486667       -0.5356361644        0.0007841434
 H          2.4147117903       -0.2426962791       -0.0055663037
 H          1.1448175138       -1.1587975558       -0.8810171426
 H          1.1553115517       -1.1503094995        0.8947817999
 H         -1.1796929853        1.4944036592       -0.0053442285
  8
 Etot=         -14.4474181262
 C          1.3785147948       -0.5655791276        0.0025491171
 O          0.5933338602        0.6346156201       -0.0082942347
 C         -0.7073102118        0.5035791688       -0.0164755918
 O         -1.3170260983       -0.5341243039        0.0039339874
 H          2.4133067864       -0.2378681155       -0.0016548954
 H          1.1514276224       -1.1650894183       -0.8791491215
 H          1.1541576309       -1.1487527612        0.8956727088
 H         -1.1784272787        1.4969071350        0.0143066251
  8
 Etot=         -14.4475448175
 C          1.3803523766       -0.5660020707        0.0024702995
 O          0.5929648340        0.6339176112        0.0001297203
 C         -0.7078417323        0.5037885484        0.0001103888
 O         -1.3217641801       -0.5335611071        0.0016442408
 H          2.4144653532       -0.2380557397       -0.0046504564
 H          1.1497445322       -1.1618769502       -0.8806797912
 H          1.1590001423       -1.1521493635        0.8944041581
 H         -1.1789442200        1.4976272690       -0.0025399649
  8
 Etot=         -14.4475482362
 C          1.3810492284       -0.5662306248        0.0024624568
 O          0.5934551772        0.6341565312       -0.0000220977
 C         -0.7080211930        0.5034588807       -0.0000859930
 O         -1.3239470735       -0.5321161515        0.0013665172
 H          2.4156591549       -0.2391000502       -0.0046843776
 H          1.1502432759       -1.1616106202       -0.8810465527
 H          1.1596489043       -1.1515549974        0.8950294422
 H         -1.1801103685        1.4966852296       -0.0021308002
