  12
 Etot=         -13.7432247607
 C         -2.4889593443        0.0610824128        0.0119134881
 C         -1.0751698869       -0.4980202606       -0.0504449176
 C         -0.0395585196        0.6171517272        0.0403655090
 S          1.6398786387       -0.0678696999       -0.0361621043
 H         -3.2314607340       -0.7398939515       -0.0534283065
 H         -2.6452671983        0.5930613198        0.9566421779
 H         -2.6693319113        0.7644208011       -0.8074019876
 H         -0.9583137856       -1.0524065597       -0.9887340430
 H         -0.9422103209       -1.2107186010        0.7719362771
 H         -0.1623354448        1.3269177230       -0.7841871321
 H         -0.1466774260        1.1681794774        0.9800356417
 H          1.5294413297       -0.8379264020        1.0536774602
  12
 Etot=         -13.7440256504
 C         -2.5028583232        0.0680835666        0.0135663282
 C         -1.0919742893       -0.5022005898       -0.0487099242
 C         -0.0469667801        0.5987679623        0.0526970897
 S          1.6535135365       -0.0459668116       -0.0395927842
 H         -3.2367918173       -0.7320755937       -0.0570447733
 H         -2.6617319812        0.5982026461        0.9524518795
 H         -2.6745203436        0.7652972755       -0.8054452055
 H         -0.9496248386       -1.0467057023       -0.9862647333
 H         -0.9474965124       -1.2101153760        0.7716770473
 H         -0.1362899550        1.2956800354       -0.7823070168
 H         -0.1470232089        1.1585811665        0.9849202424
 H          1.5517999097       -0.8235705922        1.0382639131
  12
 Etot=         -13.7441171820
 C         -2.5063754900        0.0705922987        0.0120811099
 C         -1.0970132198       -0.5046674972       -0.0462789088
 C         -0.0547785350        0.5976528989        0.0561423893
 S          1.6523210839       -0.0437185062       -0.0400258889
 H         -3.2383054414       -0.7286112276       -0.0600783525
 H         -2.6640272538        0.6004435218        0.9484780994
 H         -2.6716194927        0.7653108441       -0.8078117537
 H         -0.9511163818       -1.0459342919       -0.9835506771
 H         -0.9544353853       -1.2121410767        0.7736508394
 H         -0.1344917513        1.2916661812       -0.7812678535
 H         -0.1491764162        1.1560630688        0.9878825467
 H          1.5790536800       -0.8226782275        1.0349905127
  12
 Etot=         -13.7441326674
 C         -2.5076681204        0.0710213931        0.0105135171
 C         -1.0979813242       -0.5056273454       -0.0446620337
 C         -0.0562608221        0.5967516884        0.0584475477
 S          1.6541816764       -0.0441677723       -0.0441947993
 H         -3.2409577952       -0.7269646000       -0.0622193107
 H         -2.6651995848        0.6019187482        0.9460093388
 H         -2.6691852435        0.7650515827       -0.8105401269
 H         -0.9530329925       -1.0470951638       -0.9815438650
 H         -0.9590028778       -1.2130286182        0.7757175511
 H         -0.1360313763        1.2912244553       -0.7778770261
 H         -0.1479364433        1.1525094228        0.9913305500
 H          1.5891103004       -0.8176158044        1.0332307199
