----------------------------------------------- 
  Element       SASA      Sigma Z        Total  
     Z         Ang**2 cal/Ang**2/mol   kcal/mol 
----------------------------------------------- 
      H         61.622      48.690       3.000
      C         55.692     129.740       7.225
      O         16.724       0.000       0.000
      Cl        37.626       9.820       0.369

 Subtotal:     171.664                  10.595
 -----------------------------------------------

  Elements    COT*SASA   Sigma Z,Z'     Total   
    Z,Z'       Ang**2  cal/Ang**2/mol kcal/mol  
 ---------------------------------------------- 
  H   C         33.585     -60.770      -2.041
  H   O          8.475       0.000       0.000
  C   C         74.562     -72.950      -5.439
  O   C          3.459      68.690       0.238

 Subtotal:                              -7.243
 ---------------------------------------------- 

 NONAQUEOUS SOLVENT CONTRIBUTION (kcal/mol):
 (proportional to SASA, atomic number independent)
 ---------------------------------------------- 
 Subtotal:                               0.000
 ---------------------------------------------- 

 CDS TOTAL (kcal/mol):                   3.353
...............................................................................
