  10
 Etot=         -11.5527924130
 C          1.8323540649       -0.1191219624       -0.0000039763
 C          0.5999436220        0.4009448239       -0.0001985293
 C         -0.5997695411       -0.4013501643        0.0000813595
 C         -1.8325845627        0.1196307320       -0.0000863786
 H          2.7206443748        0.5037505807        0.0003428487
 H          1.9711095190       -1.1954437781        0.0005186473
 H          0.4887016309        1.4817452008        0.0006759301
 H         -0.4891356061       -1.4824413326       -0.0000543792
 H         -2.7197872244       -0.5038733555        0.0002134596
 H         -1.9708604246        1.1950302120        0.0007763816
  10
 Etot=         -11.5533463611
 C          1.8280759094       -0.1218591536        0.0005211693
 C          0.6020507674        0.3973731380        0.0006962369
 C         -0.6020356712       -0.3976560005        0.0005128967
 C         -1.8280513449        0.1219720630        0.0005937999
 H          2.7109757500        0.4948527860        0.0001210953
 H          1.9769763047       -1.1905250626       -0.0003817720
 H          0.4786212374        1.4733943577        0.0004079297
 H         -0.4790020518       -1.4737500597       -0.0000555217
 H         -2.7104004350       -0.4953284051       -0.0001288141
 H         -1.9765946132        1.1903972933       -0.0000216566
  10
 Etot=         -11.5534241542
 C          1.8275570235       -0.1240660882       -0.0002577436
 C          0.6043975954        0.3959758423       -0.0004538098
 C         -0.6043331881       -0.3962134331       -0.0007472598
 C         -1.8274349572        0.1239268689       -0.0007867872
 H          2.7093475506        0.4905836990        0.0007791547
 H          1.9828720652       -1.1900170008        0.0008600104
 H          0.4719080095        1.4700109230        0.0005218978
 H         -0.4719752305       -1.4702434779        0.0001206926
 H         -2.7090747079       -0.4909927903        0.0007974490
 H         -1.9826483078        1.1899064136        0.0014317591
  10
 Etot=         -11.5534295796
 C          1.8276995333       -0.1247374783        0.0006432475
 C          0.6052046018        0.3961057069        0.0013063471
 C         -0.6050959778       -0.3963389457        0.0017361650
 C         -1.8275687438        0.1245272815        0.0022960983
 H          2.7100983620        0.4900369497       -0.0003157297
 H          1.9845149677       -1.1906907476       -0.0010150828
 H          0.4701224700        1.4699039987        0.0005210458
 H         -0.4700428817       -1.4701272925       -0.0003647756
 H         -2.7099418968       -0.4903186235       -0.0011583267
 H         -1.9843745819        1.1905101073       -0.0013836255
