  14
 Etot=         -19.3245907286
 C          2.3859040314        0.0207549239       -0.0007122281
 C          0.8943002541        0.0174663192       -0.0001149556
 C          0.2125495715        1.2233642934       -0.0004023722
 C         -1.1780590317        1.1855226843        0.0004492695
 C         -1.8339946952       -0.0402889295       -0.0000917376
 C         -1.0610325832       -1.1902729310        0.0005163238
 N          0.2916839743       -1.1929181290       -0.0004417548
 H          2.7607040179        0.0216070870       -1.0289229283
 H          2.7751970383        0.9029589246        0.5185478762
 H          2.7786638879       -0.8600943615        0.5188503105
 H          0.7364123162        2.1728524555       -0.0001681125
 H         -1.7483225494        2.1090937510        0.0005215061
 H         -2.9164579014       -0.0944151072        0.0012364733
 H         -1.5242339699       -2.1712920102        0.0003122200
  14
 Etot=         -19.3266088992
 C          2.3896512972        0.0124635850        0.0055338771
 C          0.8945001851        0.0223949789        0.0111484838
 C          0.1979262009        1.2246130451        0.0026482005
 C         -1.1870203466        1.1921147517       -0.0034454589
 C         -1.8284887622       -0.0371388880       -0.0032988629
 C         -1.0473994378       -1.1784136574       -0.0004340495
 N          0.2851253354       -1.1668317068        0.0081438542
 H          2.7558554074        0.0108311570       -1.0203455575
 H          2.7813694913        0.8955198664        0.5092693988
 H          2.7684626875       -0.8807657868        0.5001517251
 H          0.7241816783        2.1666122428        0.0038287119
 H         -1.7586998289        2.1103885469       -0.0031142041
 H         -2.9055705813       -0.1039763247       -0.0022921154
 H         -1.4965789658       -2.1634728396        0.0017858873
  14
 Etot=         -19.3268702724
 C          2.3934334357        0.0097589299        0.0074719205
 C          0.8972457811        0.0259615174        0.0131067714
 C          0.1912701407        1.2269526640        0.0045427725
 C         -1.1916461601        1.1954441150       -0.0022669404
 C         -1.8283198281       -0.0365253575       -0.0017555796
 C         -1.0407381660       -1.1744607705        0.0054319285
 N          0.2819561069       -1.1520765106        0.0129051948
 H          2.7530631571        0.0092864360       -1.0200745436
 H          2.7888495376        0.8880321369        0.5099157618
 H          2.7573332408       -0.8920918503        0.4905939112
 H          0.7211936668        2.1660192958        0.0049393146
 H         -1.7635304904        2.1114318706       -0.0088432574
 H         -2.9036866401       -0.1111057570       -0.0076632316
 H         -1.4831094215       -2.1622877494        0.0012758677
  14
 Etot=         -19.3268819388
 C          2.3944313037        0.0097122046        0.0074149781
 C          0.8984606425        0.0272323458        0.0149036394
 C          0.1906856307        1.2280958406        0.0049594572
 C         -1.1921609621        1.1953073690       -0.0046638159
 C         -1.8293758714       -0.0368295299       -0.0052245013
 C         -1.0406140238       -1.1748340906        0.0031064128
 N          0.2821788643       -1.1504672402        0.0145208010
 H          2.7521764306        0.0131031398       -1.0211791267
 H          2.7921311482        0.8846242701        0.5133920407
 H          2.7558767232       -0.8951726100        0.4863030970
 H          0.7213030549        2.1674071795        0.0057951923
 H         -1.7641690984        2.1112464563       -0.0090744627
 H         -2.9047906915       -0.1122610800       -0.0085043386
 H         -1.4828187902       -2.1628252845        0.0078305170
