  9
 Etot=         -13.8156300898
 C          1.3212511471       -0.7129289414        0.0000436191
 C          1.3218699924        0.7119323051        0.0002564848
 C          0.0457403181        1.2301974017       -0.0003298526
 S         -1.1473798024        0.0004701256        0.0001223643
 C          0.0440026377       -1.2301698425       -0.0002654090
 H          2.2117960256       -1.3281377006        0.0000900828
 H          2.2133305889        1.3248196319       -0.0001034327
 H         -0.2431701423        2.2713533678       -0.0003144325
 H         -0.2464269850       -2.2714433833       -0.0000477603
  9
 Etot=         -13.8167295232
 C          1.3124018354       -0.7076584793        0.0000449440
 C          1.3131808584        0.7062098593       -0.0001391126
 C          0.0541384125        1.2244925120       -0.0001415770
 S         -1.1459537075        0.0005440941       -0.0003799506
 C          0.0525960925       -1.2244846937        0.0000313437
 H          2.2007648894       -1.3137850045        0.0001485597
 H          2.2026362955        1.3105291413       -0.0001568237
 H         -0.2329830239        2.2580498938        0.0000143046
 H         -0.2357678722       -2.2578043589        0.0000299759
  9
 Etot=         -13.8168109124
 C          1.3104568761       -0.7073889449       -0.0000177400
 C          1.3113260663        0.7057271166        0.0000696218
 C          0.0574684963        1.2246377071       -0.0001471721
 S         -1.1460782758        0.0006267756        0.0000507871
 C          0.0559288475       -1.2247071137       -0.0000623029
 H          2.2002124322       -1.3094543079       -0.0000295058
 H          2.2020609221        1.3063705074        0.0000971914
 H         -0.2338012016        2.2552087000       -0.0004546980
 H         -0.2365603829       -2.2549274761       -0.0000545175
  9
 Etot=         -13.8168341267
 C          1.3104242995       -0.7079886273        0.0000186452
 C          1.3113378932        0.7062206371       -0.0002147389
 C          0.0590852761        1.2258100442       -0.0001556900
 S         -1.1467037951        0.0006864785       -0.0003782696
 C          0.0575124627       -1.2259439959       -0.0000506083
 H          2.2020644233       -1.3073889146        0.0002147255
 H          2.2038047515        1.3044457481       -0.0001469804
 H         -0.2368361139        2.2548658165        0.0000807267
 H         -0.2396754172       -2.2546142225        0.0000838539
