  16
 Etot=         -21.1579813782
 C         -2.9084002722       -0.3391897983        0.2503031114
 C         -1.9555000796        0.4894680394       -0.1958990973
 C         -0.5270509653        0.2296463302       -0.1028893819
 C          0.3684361428        1.2931522960        0.0101544146
 C          1.7379371018        1.0441258664        0.0994794427
 C          2.2122019342       -0.2670508045        0.0754460010
 C          1.3157321598       -1.3303964614       -0.0376908962
 C         -0.0537687992       -1.0813700317       -0.1270159243
 H         -3.9521445489       -0.0587228004        0.1494857122
 H         -2.7036679840       -1.2891426229        0.7286077436
 H         -2.2772001850        1.4321161608       -0.6337170519
 H          0.0151600426        2.3206270091        0.0301971440
 H          2.4355531186        1.8722822912        0.1879544621
 H          3.2780305149       -0.4615022105        0.1449807938
 H          1.6851783715       -2.3518088766       -0.0568526954
 H         -0.7400520977       -1.9212541463       -0.2156664079
  16
 Etot=         -21.1593626362
 C         -2.9165397235       -0.3302727456        0.2468609766
 C         -1.9621683027        0.4866746997       -0.1882714761
 C         -0.5299293574        0.2214778160       -0.1002593709
 C          0.3709131185        1.2799922359       -0.0004517248
 C          1.7314445600        1.0362264330        0.0973688228
 C          2.2082786941       -0.2652841441        0.0796040178
 C          1.3197786601       -1.3241422847       -0.0306659172
 C         -0.0411406926       -1.0831942286       -0.1177338562
 H         -3.9557190437       -0.0592175410        0.1489050848
 H         -2.7106498249       -1.2744401359        0.7222793293
 H         -2.2574334984        1.4405787811       -0.6103614937
 H          0.0107075882        2.2995592061        0.0181015611
 H          2.4230523564        1.8628386156        0.1845807191
 H          3.2704975313       -0.4548804013        0.1440883791
 H          1.6906464465       -2.3393435438       -0.0564397334
 H         -0.7212940576       -1.9155925219       -0.2307279478
  16
 Etot=         -21.1596037209
 C         -2.9246397385       -0.3252837191        0.2421192517
 C         -1.9660264633        0.4891142210       -0.1778398482
 C         -0.5326282563        0.2160695006       -0.0979506210
 C          0.3714598109        1.2727162340       -0.0028907724
 C          1.7289234469        1.0337794153        0.0940166901
 C          2.2095419815       -0.2640017408        0.0791387677
 C          1.3239430601       -1.3220364019       -0.0335577352
 C         -0.0340175326       -1.0857532808       -0.1197986220
 H         -3.9625288845       -0.0557207293        0.1570477845
 H         -2.7163794045       -1.2794535587        0.6933785747
 H         -2.2369428462        1.4528056522       -0.5915886782
 H          0.0039381208        2.2881274685        0.0070915144
 H          2.4163035306        1.8619006422        0.1767184929
 H          3.2701558555       -0.4504970079        0.1494587168
 H          1.6948093272       -2.3353938140       -0.0530513201
 H         -0.7154675534       -1.9153926407       -0.2154148251
  16
 Etot=         -21.1596746009
 C         -2.9300978985       -0.3243137455        0.2349945313
 C         -1.9669733888        0.4903921674       -0.1733865378
 C         -0.5340826421        0.2116915598       -0.0955887416
 C          0.3704805164        1.2695436511       -0.0072169849
 C          1.7281665407        1.0342210253        0.0893200308
 C          2.2116715130       -0.2631615372        0.0798991901
 C          1.3265278601       -1.3229038490       -0.0276323377
 C         -0.0319662466       -1.0895579343       -0.1117277859
 H         -3.9678753210       -0.0513249269        0.1609811511
 H         -2.7211270621       -1.2849638113        0.6738224226
 H         -2.2231109247        1.4655278245       -0.5710805515
 H         -0.0021940186        2.2834711160       -0.0001303961
 H          2.4131789632        1.8647027415        0.1690274349
 H          3.2726914701       -0.4474004665        0.1495495471
 H          1.6987640253       -2.3358682230       -0.0506466426
 H         -0.7136089321       -1.9190753514       -0.2133069591
  16
 Etot=         -21.1597215231
 C         -2.9342530808       -0.3241409207        0.2278264301
 C         -1.9665220456        0.4942005019       -0.1639689196
 C         -0.5348820815        0.2085683169       -0.0927120246
 C          0.3696182366        1.2679754734       -0.0111398056
 C          1.7281793947        1.0353449898        0.0837089701
 C          2.2133904810       -0.2623801224        0.0788960067
 C          1.3281929472       -1.3237944673       -0.0235237776
 C         -0.0315110057       -1.0925638426       -0.1053284070
 H         -3.9720022968       -0.0481929303        0.1595372068
 H         -2.7263156903       -1.2974438494        0.6423961466
 H         -2.2121622245        1.4800433189       -0.5423715288
 H         -0.0062624635        2.2814347257       -0.0081681887
 H          2.4120333168        1.8679985774        0.1576489812
 H          3.2750553087       -0.4451892555        0.1474311955
 H          1.7014207771       -2.3371115145       -0.0425556712
 H         -0.7135351193       -1.9237687608       -0.2007992435
