  11
 Etot=         -17.6236554915
 C          1.7264173323        0.6793177372       -0.0011480407
 C          0.4603439483       -0.1237538207       -0.0000259204
 O          0.4245707687       -1.3463104181       -0.0008295098
 O         -0.6126705950        0.7169012534        0.0008885013
 C         -1.8932119560        0.0795263070        0.0008658081
 H          2.0382253878        0.8787281662       -1.0289131974
 H          2.5073952651        0.1400200174        0.5413198736
 H          1.5505083939        1.6345988929        0.5010271865
 H         -2.6655879646        0.8462530403        0.0015121090
 H         -1.9710910846       -0.5483201931        0.8854779342
 H         -1.9716409418       -0.5282494629       -0.8976883125
  11
 Etot=         -17.6260607313
 C          1.7314837832        0.6893899654        0.0092297394
 C          0.4626123066       -0.1072966237        0.0093088400
 O          0.4031849889       -1.3170371521       -0.0000552032
 O         -0.6099628063        0.7018801740        0.0077494981
 C         -1.8905807788        0.0649801185       -0.0035601228
 H          2.0370495130        0.8699248408       -1.0186354958
 H          2.5137972571        0.1336699255        0.5213283600
 H          1.5616866014        1.6476805156        0.4964278532
 H         -2.6339866938        0.8578015833        0.0019476189
 H         -1.9927029143       -0.5655863333        0.8794546983
 H         -1.9893227029       -0.5466954944       -0.9007093544
  11
 Etot=         -17.6263964405
 C          1.7338936560        0.6961623609        0.0142109346
 C          0.4638637808       -0.0990252143        0.0120969403
 O          0.3905193386       -1.3077504166        0.0027302071
 O         -0.6085965907        0.6910328647        0.0128459908
 C         -1.8902263021        0.0586229346       -0.0047979503
 H          2.0352913210        0.8655420849       -1.0166525651
 H          2.5158341161        0.1330864046        0.5136417522
 H          1.5683905536        1.6554398742        0.4934982249
 H         -2.6165150074        0.8664239015        0.0027637413
 H         -2.0041323601       -0.5777567566        0.8739975967
 H         -1.9950639520       -0.5530665183       -0.9018484407
  11
 Etot=         -17.6264099420
 C          1.7341333746        0.6965806347        0.0142163010
 C          0.4642252854       -0.0982523766        0.0163265376
 O          0.3911463418       -1.3088227535        0.0035423974
 O         -0.6087431326        0.6896261723        0.0166792761
 C         -1.8909316535        0.0588522617       -0.0051262810
 H          2.0320264246        0.8646737951       -1.0185660616
 H          2.5174104397        0.1338833708        0.5119423141
 H          1.5698343245        1.6559797855        0.4928552847
 H         -2.6154799473        0.8672522299        0.0016906486
 H         -2.0071343326       -0.5793467375        0.8719173716
 H         -1.9932285705       -0.5517148628       -0.9029913568
