  12
 Etot=         -19.9341567477
 C         -2.3535197064        0.0000930579       -0.0004310870
 C         -1.6564419169       -1.2081301765       -0.0000172820
 C         -0.2616209347       -1.2075740961        0.0003267943
 C          0.4361069303       -0.0001534062        0.0006493706
 C         -0.2619702851        1.2080891408        0.0002633999
 C         -1.6567912673        1.2075330604       -0.0000806764
 Cl         2.1570741524        0.0000490908       -0.0002333966
 H         -3.4401387233       -0.0000773269       -0.0001428473
 H         -2.1999386929       -2.1487426260       -0.0007059906
 H          0.2683410489       -2.1571836398        0.0002244629
 H          0.2676718866        2.1575153691        0.0003461011
 H         -2.1999285408        2.1484586110        0.0000210489
  12
 Etot=         -19.9351914794
 C         -2.3484659490       -0.0000902291       -0.0000965818
 C         -1.6542407018       -1.1998774687       -0.0001950836
 C         -0.2685697573       -1.2035753489       -0.0001000648
 C          0.4189507370        0.0000382603        0.0000340526
 C         -0.2687060872        1.2038931037        0.0002398350
 C         -1.6543976857        1.1994804701        0.0001862623
 Cl         2.1466818471        0.0002770162        0.0002661340
 H         -3.4286943235       -0.0003024312       -0.0003994486
 H         -2.1908168171       -2.1366304964       -0.0002118607
 H          0.2690917693       -2.1410095540        0.0001707804
 H          0.2688149731        2.1412558899        0.0003920573
 H         -2.1908040541        2.1364178465       -0.0000661843
  12
 Etot=         -19.9353219424
 C         -2.3485268736       -0.0001315176       -0.0002403966
 C         -1.6548305676       -1.1981704759       -0.0001141985
 C         -0.2708909845       -1.2046661733        0.0001133358
 C          0.4105500840        0.0001000383        0.0002307114
 C         -0.2710243116        1.2048013004        0.0000290258
 C         -1.6549779128        1.1979643839       -0.0002001827
 Cl         2.1456425387        0.0002748014        0.0004957077
 H         -3.4266828934       -0.0002805420       -0.0002073667
 H         -2.1886420618       -2.1346158824       -0.0002884531
 H          0.2736413258       -2.1353935476       -0.0000883911
 H          0.2734004127        2.1355625400        0.0001863311
 H         -2.1888148051        2.1344321333        0.0003037748
  12
 Etot=         -19.9353565760
 C         -2.3491104678       -0.0001246338        0.0000735637
 C         -1.6557424075       -1.1984386181       -0.0001903285
 C         -0.2714555261       -1.2063553809       -0.0001613038
 C          0.4066301308        0.0001029756        0.0000650594
 C         -0.2716264639        1.2063976729        0.0003509424
 C         -1.6559185556        1.1983366380        0.0003130236
 Cl         2.1476715103        0.0002225299        0.0004492800
 H         -3.4270318979       -0.0002141360       -0.0001754139
 H         -2.1891741202       -2.1352919290       -0.0002811541
 H          0.2771947314       -2.1340165331       -0.0000712225
 H          0.2769002927        2.1341525117        0.0003301687
 H         -2.1894932755        2.1351059613       -0.0004827171
