  9
 Etot=          -9.4480638942
 C         -0.6554322179       -0.5665893545       -0.0000029280
 C         -0.1631619764        0.8507461768        0.0000324434
 C          0.8185941944       -0.2841568223       -0.0000295153
 H         -1.0970592713       -0.9482603628       -0.9121080684
 H         -1.0964787127       -0.9478753535        0.9119915765
 H         -0.2726182855        1.4235846781       -0.9125114557
 H         -0.2730633701        1.4233211945        0.9123144901
 H          1.3698323621       -0.4752533363       -0.9122562442
 H          1.3693872775       -0.4755168200        0.9125697017
  9
 Etot=          -9.4482164423
 C         -0.6545586573       -0.5658483731       -0.0000583803
 C         -0.1628166797        0.8499413731        0.0000037766
 C          0.8174925658       -0.2837949034        0.0000168328
 H         -1.0984058684       -0.9498542618       -0.9057579446
 H         -1.0982561998       -0.9497361922        0.9056359739
 H         -0.2734535063        1.4262075279       -0.9057888439
 H         -0.2736139482        1.4262031845        0.9056845726
 H          1.3719593841       -0.4765169551       -0.9055587312
 H          1.3716529099       -0.4766013998        0.9058227440
  9
 Etot=          -9.4482318216
 C         -0.6540713992       -0.5655558397       -0.0000561040
 C         -0.1627226652        0.8491440620       -0.0000152754
 C          0.8167358357       -0.2836339052        0.0000442639
 H         -1.0997534980       -0.9509634068       -0.9035280203
 H         -1.0997963759       -0.9509700192        0.9034175218
 H         -0.2735869347        1.4278375746       -0.9034879363
 H         -0.2737165198        1.4279018324        0.9034050112
 H          1.3735577284       -0.4768744656       -0.9033023954
 H          1.3733538288       -0.4768858325        0.9035229346
