  14
 Etot=         -18.8128431190
 C          1.4899239264        1.2054520875       -0.1123090708
 C          0.7991800232       -0.1136960175        0.1056338969
 O          1.3688493800       -1.1828739523       -0.1032712676
 C         -0.5886710455       -0.0606484454        0.5777020766
 C         -1.5796983262        0.8146970870       -0.1416817762
 C         -1.6775043179       -0.6756702547       -0.2608420658
 H          1.3257713847        1.5390862699       -1.1393826686
 H          1.0995571391        1.9443385059        0.5920868634
 H          2.5644524014        1.0904343372        0.0544526559
 H         -0.7028517677       -0.1384437767        1.6539597823
 H         -2.3387253589        1.3245795722        0.4385214769
 H         -1.2292086002        1.3681010351       -1.0051167895
 H         -2.5029602750       -1.1677918209        0.2403353748
 H         -1.3936277542       -1.1275762056       -1.2034963546
  14
 Etot=         -18.8140615982
 C          1.4988180941        1.2019155373       -0.0994641831
 C          0.8086757109       -0.1171228634        0.1024311990
 O          1.3764878017       -1.1796831247       -0.0966401209
 C         -0.6001241348       -0.0529786383        0.5669378369
 C         -1.5925196980        0.8212646906       -0.1455027388
 C         -1.6869840559       -0.6716115278       -0.2659368570
 H          1.3303851655        1.5311050006       -1.1220817373
 H          1.0996154402        1.9493837323        0.5825432124
 H          2.5715857724        1.0859636247        0.0460663137
 H         -0.7026755425       -0.1435410336        1.6423286555
 H         -2.3364747510        1.3357326565        0.4431509821
 H         -1.2488626942        1.3775437541       -1.0041380377
 H         -2.4899245751       -1.1834774341        0.2435380386
 H         -1.3935157240       -1.1345059524       -1.1966404297
  14
 Etot=         -18.8143367543
 C          1.5064435662        1.2005874180       -0.0900873554
 C          0.8213283723       -0.1197011290        0.1062880385
 O          1.3852205054       -1.1798196263       -0.0851614230
 C         -0.6040462808       -0.0479426308        0.5604673367
 C         -1.5991077148        0.8215590060       -0.1473435327
 C         -1.6911456157       -0.6709672219       -0.2669866237
 H          1.3260073403        1.5258430359       -1.1122286276
 H          1.1051316002        1.9508450637        0.5825575023
 H          2.5791410529        1.0861885642        0.0382771286
 H         -0.6921240886       -0.1422794390        1.6364693085
 H         -2.3399124677        1.3346871309        0.4439176532
 H         -1.2675291055        1.3761848023       -1.0098030567
 H         -2.4903850881       -1.1861164010        0.2409056020
 H         -1.4045352671       -1.1290801512       -1.2006798168
  14
 Etot=         -18.8143712691
 C          1.5087299268        1.2003326272       -0.0878294061
 C          0.8239749770       -0.1201102227        0.1053179362
 O          1.3872401470       -1.1819100836       -0.0778967535
 C         -0.6051440779       -0.0464304286        0.5557952685
 C         -1.6012905037        0.8215549323       -0.1492942644
 C         -1.6930545650       -0.6714403114       -0.2675386218
 H          1.3216448449        1.5272312876       -1.1095849563
 H          1.1094309043        1.9481593166        0.5882819726
 H          2.5821480779        1.0873224216        0.0356600635
 H         -0.6864607704       -0.1390939788        1.6326984268
 H         -2.3404731551        1.3350131018        0.4447496125
 H         -1.2733530271        1.3766166479       -1.0134672810
 H         -2.4907625916       -1.1880157512        0.2421917722
 H         -1.4081433780       -1.1292411369       -1.2024916353
