  13
 Etot=         -18.6188463694
 C         -1.7986165780       -0.6527643032        0.1897234228
 O         -1.0729060049        0.3061885517       -0.5683284132
 C          0.0046210024        0.8767464636        0.1735666048
 O          0.9727504663       -0.0720405243        0.6191691102
 C          1.8857891366       -0.4318864393       -0.4090382151
 H         -2.6100191793       -1.0606244765       -0.4175861339
 H         -2.2044570059       -0.1770972945        1.0869978757
 H         -1.1243334013       -1.4604929843        0.4821726925
 H          0.4920084651        1.6307609416       -0.4558487018
 H         -0.3907083253        1.4001908934        1.0518454054
 H          2.6014641573       -1.1561191648       -0.0176033876
 H          2.4043375259        0.4617364718       -0.7589334292
 H          1.3276900906       -0.8776590946       -1.2329163582
  13
 Etot=         -18.6217339971
 C         -1.7815824953       -0.6513592079        0.1996372942
 O         -1.0432307596        0.2957377267       -0.5605149275
 C          0.0043490910        0.8821928492        0.1797469763
 O          0.9709448972       -0.0479160433        0.6094265166
 C          1.8726391375       -0.4268419638       -0.4226533038
 H         -2.5738398331       -1.0299984745       -0.4440351215
 H         -2.2157747274       -0.1729648195        1.0831216316
 H         -1.1317716884       -1.4728899223        0.5134109531
 H          0.4619075845        1.6316806077       -0.4780165553
 H         -0.3937140162        1.3605538793        1.0857018425
 H          2.5656022813       -1.1462662609        0.0092595359
 H          2.4206216613        0.4501813457       -0.7774925477
 H          1.3314692168       -0.8851706758       -1.2543718223
  13
 Etot=         -18.6223715938
 C         -1.7779658740       -0.6528037498        0.2019020212
 O         -1.0212378039        0.2850410677       -0.5511651693
 C          0.0067004930        0.8834098844        0.1861110093
 O          0.9869306380       -0.0195372007        0.6035493582
 C          1.8723033915       -0.4263533148       -0.4318033028
 H         -2.5523405027       -1.0176937531       -0.4690543746
 H         -2.2309046317       -0.1670152836        1.0724091611
 H         -1.1446841064       -1.4784344803        0.5392632634
 H          0.4295718684        1.6489326746       -0.4778440196
 H         -0.3911375173        1.3330052175        1.1084439395
 H          2.5500045004       -1.1446002596        0.0238857579
 H          2.4332919760        0.4360734346       -0.8062072622
 H          1.3270879180       -0.8930851961       -1.2562699101
  13
 Etot=         -18.6225103668
 C         -1.7786767068       -0.6543428302        0.1996508500
 O         -1.0087766724        0.2775545473       -0.5482534070
 C          0.0091326358        0.8839273257        0.1922925359
 O          1.0035811055       -0.0018442578        0.6058008867
 C          1.8740507032       -0.4273347735       -0.4355771736
 H         -2.5417841793       -1.0204812282       -0.4817703670
 H         -2.2431829276       -0.1608210564        1.0598175042
 H         -1.1532026223       -1.4789476152        0.5530589721
 H          0.4157615115        1.6634265689       -0.4667375361
 H         -0.3910254714        1.3236568303        1.1183087848
 H          2.5489558920       -1.1449189204        0.0223634424
 H          2.4370424007        0.4260785161       -0.8275727264
 H          1.3157446805       -0.8990140661       -1.2481612940
  13
 Etot=         -18.6226050600
 C         -1.7776985987       -0.6558648034        0.1953380588
 O         -0.9909963702        0.2676028101       -0.5470241619
 C          0.0132706699        0.8856440051        0.2014997294
 O          1.0252358944        0.0185366505        0.6124161559
 C          1.8734916055       -0.4288998159       -0.4396060299
 H         -2.5254198230       -1.0302873947       -0.4975128824
 H         -2.2597529965       -0.1505316837        1.0391278427
 H         -1.1608063708       -1.4764837826        0.5719065326
 H          0.4058022909        1.6811616282       -0.4480681816
 H         -0.3935835587        1.3139976808        1.1295907102
 H          2.5501652775       -1.1457534512        0.0144201211
 H          2.4352133025        0.4137682136       -0.8553885118
 H          1.2926990266       -0.9059510160       -1.2334789108
  13
 Etot=         -18.6226365624
 C         -1.7746579310       -0.6557827033        0.1926296227
 O         -0.9804789186        0.2634619755       -0.5471571418
 C          0.0160085731        0.8873187660        0.2070721043
 O          1.0349595345        0.0266953065        0.6171977517
 C          1.8699924502       -0.4299470859       -0.4414303472
 H         -2.5122906541       -1.0392422532       -0.5062977831
 H         -2.2689873470       -0.1439209042        1.0249935571
 H         -1.1610414544       -1.4715906368        0.5840128663
 H          0.4052504073        1.6885946942       -0.4370422758
 H         -0.3961885629        1.3089059997        1.1354839830
 H          2.5505634398       -1.1465659560        0.0074667629
 H          2.4285263361        0.4079057696       -0.8695319875
 H          1.2759644765       -0.9088939315       -1.2241766403
