    -18.622701721022    -18.622701721022         0.54359E-04
    -18.622701651877    -18.622701651877         0.18011E-03
    -18.622701736467    -18.622701736467         0.11376E-03
    -18.622701709800    -18.622701709800         0.90484E-04
    -18.622701673060    -18.622701673060         0.18571E-03
    -18.622701731869    -18.622701731869         0.94609E-04
    -18.622701686783    -18.622701686783         0.17209E-03
    -18.622701752218    -18.622701752218         0.36577E-04
    -18.622701738977    -18.622701738977         0.10700E-03
    -18.622700560791    -18.622700560791         0.10736E-03
    -18.622700549618    -18.622700549618         0.19200E-03
    -18.622700536303    -18.622700536303         0.16125E-03
    -18.622700560620    -18.622700560620         0.12346E-03
    -18.622700573853    -18.622700573853         0.10857E-03
    -18.622700544151    -18.622700544151         0.13512E-03
    -18.622700621670    -18.622700621670         0.65561E-05
    -18.622700603129    -18.622700603129         0.95073E-04
    -18.617912306257    -18.617912306257         0.19242E-03
    -18.622700588591    -18.622700588591         0.92368E-04
    -18.617912617338    -18.617912617338         0.13966E-03
    -18.617904059245    -18.617904059245         0.12970E-03
    -18.617904106324    -18.617904106324         0.12320E-03
    -18.617904202284    -18.617904202284         0.11741E-03
    -18.617903518638    -18.617903518638         0.14395E-03
    -18.617910982721    -18.617910982721         0.16549E-03
    -18.617912502001    -18.617912502001         0.18721E-03
    -18.617912368087    -18.617912368087         0.16844E-03
    -18.617912353909    -18.617912353909         0.11587E-03
    -18.617912563349    -18.617912563349         0.76184E-04
    -18.617912547576    -18.617912547576         0.10035E-03
    -18.617912622162    -18.617912622162         0.47532E-04
    -18.617912341956    -18.617912341956         0.18348E-03
    -18.617912433448    -18.617912433448         0.17761E-03
    -18.617912397910    -18.617912397910         0.16961E-03
    -18.617912231423    -18.617912231423         0.17231E-03
    -18.617912620083    -18.617912620083         0.10029E-03
    -18.617912019618    -18.617912019618         0.14923E-03
    -18.617911297744    -18.617911297744         0.16370E-03
    -18.617904194425    -18.617904194425         0.12811E-03
    -18.617911105872    -18.617911105872         0.19911E-03
    -18.617904092368    -18.617904092368         0.19455E-03
    -18.617912649711    -18.617912649711         0.76389E-04
    -18.617903635802    -18.617903635802         0.17085E-03
    -18.617904188326    -18.617904188326         0.14992E-03
    -18.617904163870    -18.617904163870         0.15387E-03
    -18.617904244182    -18.617904244182         0.15958E-03
    -18.617904178220    -18.617904178220         0.18540E-03
    -18.617903997779    -18.617903997779         0.16025E-03
    -18.617904071405    -18.617904071405         0.15420E-03
    -18.617904055988    -18.617904055988         0.10297E-03
    -18.617904243512    -18.617904243512         0.11556E-03
    -18.617904197668    -18.617904197668         0.10831E-03
    -18.617904203079    -18.617904203079         0.98247E-04
    -18.616948668327    -18.616948668327         0.19700E-03
    -18.616949150249    -18.616949150249         0.86846E-04
    -18.616949154500    -18.616949154500         0.10989E-03
    -18.616949158435    -18.616949158435         0.51939E-04
    -18.616949082435    -18.616949082435         0.15395E-03
    -18.616948981267    -18.616948981267         0.10265E-03
    -18.616949071838    -18.616949071838         0.63263E-04
    -18.616949179787    -18.616949179787         0.92373E-04
    -18.616949214322    -18.616949214322         0.10424E-03
    -18.616949056076    -18.616949056076         0.90740E-04
    -18.616949037683    -18.616949037683         0.93041E-04
    -18.616949084546    -18.616949084546         0.43758E-04
    -18.616948401658    -18.616948401658         0.20003E-03
    -18.616949170633    -18.616949170633         0.12299E-03
    -18.616948905317    -18.616948905317         0.12030E-03
    -18.616948068180    -18.616948068180         0.14626E-03
    -18.616948386664    -18.616948386664         0.86034E-04
    -18.622695366327    -18.622695366327         0.11673E-03
    -18.616949872576    -18.616949872576         0.15485E-03
    -18.616950009248    -18.616950009248         0.50547E-04
    -18.616943346349    -18.616943346349         0.10211E-03
    -18.616944310927    -18.616944310927         0.67043E-04
    -18.616949124243    -18.616949124243         0.84840E-04
    -18.616949503385    -18.616949503385         0.74470E-04
    -18.616949654966    -18.616949654966         0.72214E-04
    -18.616949804862    -18.616949804862         0.95840E-04
    -18.617909785399    -18.617909785399         0.71355E-04
    -18.616944292940    -18.616944292940         0.54704E-04
    -18.617909888898    -18.617909888898         0.11995E-03
    -18.616948434078    -18.616948434078         0.13097E-03
    -18.616945049479    -18.616945049479         0.12809E-03
    -18.616948325896    -18.616948325896         0.19451E-03
