  16
 Etot=         -19.8791831593
 C         -1.4818528491       -0.0060907094       -0.2144109024
 C         -0.7218459210       -1.2564747074        0.2136992780
 C          0.7330275103       -1.1820900454       -0.2318624136
 O          1.3533868922        0.0057495736        0.2627771287
 C          0.7234944300        1.1872339234       -0.2316358740
 C         -0.7326281777        1.2508786014        0.2133419978
 H         -2.4892927525       -0.0102517434        0.2174438496
 H         -1.5985728218       -0.0061450058       -1.3049710544
 H         -0.7575423115       -1.3300586458        1.3079557250
 H         -1.2003457748       -2.1523273513       -0.1943349489
 H          1.2878704375       -2.0380284531        0.1643039256
 H          0.8170101727       -1.2081720947       -1.3246604915
 H          1.2707284341        2.0484369288        0.1652171570
 H          0.8076262339        1.2157173323       -1.3236667961
 H         -0.7687763807        1.3252869835        1.3073359192
 H         -1.2179769061        2.1422433890       -0.1964084472
  16
 Etot=         -19.8804444891
 C         -1.4890609365       -0.0060353610       -0.2304554518
 C         -0.7290393406       -1.2506543356        0.2236028466
 C          0.7258295931       -1.1690873925       -0.2286712697
 O          1.3622904625        0.0057468263        0.2550458104
 C          0.7164397702        1.1746331918       -0.2284913766
 C         -0.7394579881        1.2450083598        0.2233819114
 H         -2.4971037579       -0.0103219237        0.1906681748
 H         -1.5812124665       -0.0064350397       -1.3215760490
 H         -0.7508024495       -1.3187318483        1.3152095558
 H         -1.1901771892       -2.1512602069       -0.1860739902
 H          1.3077844824       -2.0034088722        0.1710588233
 H          0.7883562321       -1.1873103818       -1.3262354488
 H          1.2912756903        2.0144580590        0.1706960480
 H          0.7785837455        1.1943653925       -1.3259112472
 H         -0.7620085804        1.3132024977        1.3148749116
 H         -1.2073870518        2.1417390103       -0.1869991960
  16
 Etot=         -19.8805925437
 C         -1.4880576571       -0.0059079100       -0.2351048831
 C         -0.7310266411       -1.2493325504        0.2301337306
 C          0.7238108263       -1.1677783726       -0.2280721241
 O          1.3630477112        0.0059142595        0.2445208760
 C          0.7142245449        1.1737216255       -0.2284253056
 C         -0.7412669601        1.2437250429        0.2300570236
 H         -2.5012744368       -0.0101256350        0.1697028705
 H         -1.5566161781       -0.0062596483       -1.3263352365
 H         -0.7531828642       -1.3058858347        1.3201972267
 H         -1.1851456005       -2.1534114729       -0.1756865265
 H          1.3139741109       -1.9954280146        0.1709335585
 H          0.7724893392       -1.1865879808       -1.3278935267
 H          1.2974827373        2.0067138052        0.1698469592
 H          0.7622300493        1.1927480066       -1.3283953402
 H         -0.7638359103        1.2995497013        1.3201597551
 H         -1.2025428554        2.1442529540       -0.1755150051
  16
 Etot=         -19.8806227314
 C         -1.4859089700       -0.0058916050       -0.2389755119
 C         -0.7313416613       -1.2480545254        0.2342121738
 C          0.7232095017       -1.1682625485       -0.2283875820
 O          1.3641063848        0.0059688258        0.2372084841
 C          0.7135222552        1.1744546616       -0.2289301371
 C         -0.7415042565        1.2423972604        0.2341305837
 H         -2.5033008305       -0.0100684384        0.1540663243
 H         -1.5406148060       -0.0062054088       -1.3305002484
 H         -0.7528996804       -1.2962990531        1.3241793846
 H         -1.1855370619       -2.1540714282       -0.1657662540
 H          1.3135837628       -1.9951913766        0.1697162920
 H          0.7651919598       -1.1916203106       -1.3288212314
 H          1.2970856534        2.0065187085        0.1685298478
 H          0.7549361663        1.1974637825       -1.3294828215
 H         -0.7630457120        1.2898765957        1.3241604315
 H         -1.2031724899        2.1448928358       -0.1652156829
