  13
 Etot=         -24.1876329499
 C         -1.9767989126        0.6141939224       -0.0001272482
 C         -1.8975137577       -0.7784420017        0.0000895677
 C         -0.6514346059       -1.4051897533        0.0000309210
 C          0.5147348350       -0.6405082370        0.0001477727
 C          0.4345657029        0.7525943704       -0.0000409203
 C         -0.8115134489        1.3793421219        0.0000177263
 O          1.5716548633        1.5007743193       -0.0001126485
 F          1.7088421807       -1.2478414461        0.0000059795
 H         -2.9474240068        1.1026891263        0.0004747272
 H         -2.8050604770       -1.3746388170       -0.0004670138
 H         -0.5892402083       -2.4894150892       -0.0010995129
 H         -0.8804778433        2.4636250120        0.0007433991
 H          2.3526858596        0.9252084705        0.0006198560
  13
 Etot=         -24.1894048541
 C         -1.9669654867        0.6075506968        0.0002417372
 C         -1.8959801108       -0.7775203645       -0.0002799834
 C         -0.6621441924       -1.4059276929       -0.0004531012
 C          0.4908625254       -0.6412473877       -0.0001689186
 C          0.4332606294        0.7519067174        0.0002090306
 C         -0.8105026402        1.3699752096        0.0004521074
 O          1.5630801059        1.5107092763        0.0002903993
 F          1.7000101222       -1.2504828247       -0.0001233326
 H         -2.9287004052        1.0976910431        0.0002976858
 H         -2.7980217284       -1.3695336575       -0.0003537178
 H         -0.5898731074       -2.4835577895       -0.0005490181
 H         -0.8632215616        2.4477884199        0.0003240198
 H          2.3512160311        0.9450403523        0.0003956973
  13
 Etot=         -24.1898593725
 C         -1.9641175331        0.6043066768       -0.0000040742
 C         -1.8991929955       -0.7783533742       -0.0001552995
 C         -0.6689979922       -1.4095189844       -0.0002177865
 C          0.4742768907       -0.6412495508       -0.0000801932
 C          0.4355786451        0.7515973569        0.0000694430
 C         -0.8106600394        1.3649824541        0.0000890260
 O          1.5580166722        1.5162947442        0.0002359668
 F          1.6991016155       -1.2516664226       -0.0001108777
 H         -2.9211201589        1.0978856811        0.0002333356
 H         -2.7996431552       -1.3678874582       -0.0003849451
 H         -0.5841913577       -2.4835081751       -0.0005901016
 H         -0.8479659887        2.4407493287        0.0008595205
 H          2.3519355784        0.9587597222        0.0003385916
  13
 Etot=         -24.1899141681
 C         -1.9647967116        0.6041621949        0.0002375316
 C         -1.9013176470       -0.7791261169       -0.0002549793
 C         -0.6701994470       -1.4114516863       -0.0003923513
 C          0.4710568876       -0.6405504305       -0.0001509081
 C          0.4376285903        0.7517139918        0.0003075761
 C         -0.8109979755        1.3646798779        0.0005009909
 O          1.5570120823        1.5164541577        0.0004695220
 F          1.7014004912       -1.2521392684       -0.0002486525
 H         -2.9217071505        1.0992426138        0.0001977037
 H         -2.8026684076       -1.3681828309       -0.0003665971
 H         -0.5809670304       -2.4851560721       -0.0005243432
 H         -0.8442309338        2.4411647779        0.0002651909
 H          2.3528074332        0.9615807895        0.0002419220
  13
 Etot=         -24.1899226334
 C         -1.9651827334        0.6044152895       -0.0000185125
 C         -1.9019015520       -0.7794731974       -0.0001719611
 C         -0.6702198150       -1.4120489347       -0.0002549695
 C          0.4708009761       -0.6398416863       -0.0000898461
 C          0.4387250566        0.7519176936        0.0000908185
 C         -0.8111998131        1.3650532495        0.0001121542
 O          1.5568277242        1.5156923228        0.0003136439
 F          1.7026972134       -1.2527763572       -0.0001853263
 H         -2.9226336684        1.0997516153        0.0001786025
 H         -2.8039974499       -1.3683525957       -0.0003244403
 H         -0.5799758108       -2.4859141663       -0.0005388640
 H         -0.8443306273        2.4420926217        0.0008482255
 H          2.3534106806        0.9618761438        0.0003230809
