  17
 Etot=         -16.8350638302
 C          0.2129663164       -0.8989038287       -1.2264857899
 C         -0.0001759673        0.0004541272        0.0001109793
 C         -1.1560516581        0.9727486072       -0.2727494822
 C          1.2832885395        0.7954761393        0.2802178515
 C         -0.3396960839       -0.8695655211        1.2189271681
 H          1.0334107992       -1.6055340070       -1.0617659010
 H         -0.6885025980       -1.4807504676       -1.4519060309
 H          0.4568164074       -0.3051790931       -2.1146581107
 H         -1.3330229189        1.6290459010        0.5865066118
 H         -2.0879975932        0.4335184654       -0.4770987624
 H         -0.9430490332        1.6091167375       -1.1389223775
 H          1.1611519341        1.4475301179        1.1528588193
 H          2.1280470118        0.1262201622        0.4794051017
 H          1.5514526201        1.4265750761       -0.5734871080
 H         -0.4973301856       -0.2557668652        2.1119018038
 H          0.4683102636       -1.5760146896        1.4389937825
 H         -1.2532326881       -1.4512580478        1.0479251879
  17
 Etot=         -16.8357783268
 C          0.2119043027       -0.8957141330       -1.2224109241
 C         -0.0002225225       -0.0000659634       -0.0000111195
 C         -1.1519965568        0.9693042526       -0.2717098926
 C          1.2783259295        0.7926829535        0.2793941858
 C         -0.3386469341       -0.8666604034        1.2146612735
 H          1.0294317151       -1.5950383470       -1.0498750674
 H         -0.6885103384       -1.4703282309       -1.4392494206
 H          0.4541118284       -0.2974279704       -2.1004778800
 H         -1.3206224200        1.6176111175        0.5878827720
 H         -2.0740528901        0.4245802318       -0.4738174449
 H         -0.9312447467        1.5975807147       -1.1343832781
 H          1.1487617290        1.4382011286        1.1479166203
 H          2.1127899577        0.1199503017        0.4762416104
 H          1.5380152981        1.4176222303       -0.5744453068
 H         -0.4940158245       -0.2478357618        2.0978819035
 H          0.4700883302       -1.5658578520        1.4259117349
 H         -1.2477316917       -1.4408914553        1.0362639769
  17
 Etot=         -16.8358131476
 C          0.2118303382       -0.8955831651       -1.2222769405
 C         -0.0002437470       -0.0000880084       -0.0000186073
 C         -1.1521678574        0.9693056795       -0.2717467185
 C          1.2782588679        0.7924728743        0.2794495980
 C         -0.3386772070       -0.8667686124        1.2144809251
 H          1.0282622027       -1.5929725319       -1.0483060025
 H         -0.6876449332       -1.4682932338       -1.4372663576
 H          0.4536841197       -0.2967597442       -2.0975748561
 H         -1.3188286728        1.6154775247        0.5873093684
 H         -2.0715482579        0.4239220358       -0.4732283414
 H         -0.9298897087        1.5954826978       -1.1330108888
 H          1.1470993609        1.4362915918        1.1463684605
 H          2.1101120057        0.1195706779        0.4756108809
 H          1.5359519678        1.4157363924       -0.5739592878
 H         -0.4932920513       -0.2472257223        2.0950904338
 H          0.4696792087       -1.5638584060        1.4239478504
 H         -1.2462004704       -1.4389972365        1.0349042269
