  12
 Etot=         -28.0309887573
 C          0.0001572962       -2.5622365127       -0.0001052028
 C          1.2084205188       -1.8652279807        0.0001967609
 C          1.2079445071       -0.4704069292        0.0001101993
 C          0.0005638634        0.2273903058        0.0001140998
 C         -1.2077187316       -0.4706176424       -0.0001597226
 C         -1.2072427199       -1.8654386940       -0.0000731610
 Cl        -2.7452677362        0.3246364295       -0.0000202206
 Cl        -0.0004773466        1.9654236522        0.0000625681
 Cl         2.7450136395        0.3252748127       -0.0001087626
 H          0.0002652568       -3.6488553968        0.0005184978
 H          2.1397374056       -2.4255856315        0.0005963260
 H         -2.1395937169       -2.4256953538        0.0002325165
  12
 Etot=         -28.0326008430
 C          0.0002756094       -2.5649492321        0.0003654868
 C          1.2030411362       -1.8751419960        0.0003187379
 C          1.2005962340       -0.4875140926        0.0000902379
 C          0.0001791833        0.2113763245        0.0000226401
 C         -1.2004894852       -0.4876848906        0.0000651530
 C         -1.2022446992       -1.8753104057        0.0002202236
 Cl        -2.7091300736        0.3582678554       -0.0000653850
 Cl        -0.0004355270        1.9469342450       -0.0000804574
 Cl         2.7090784732        0.3586357707       -0.0000422687
 H          0.0004985317       -3.6434843210        0.0003172941
 H          2.1366823673       -2.4162236796        0.0003035426
 H         -2.1362495138       -2.4162445187       -0.0001513063
  12
 Etot=         -28.0327921989
 C          0.0002958223       -2.5667739621        0.0000419612
 C          1.2026382215       -1.8809662517        0.0001259487
 C          1.1996784075       -0.4957549271        0.0001041708
 C          0.0000202396        0.2069735993       -0.0000098979
 C         -1.1995696544       -0.4959603038       -0.0000908940
 C         -1.2021355804       -1.8811811751       -0.0000766986
 Cl        -2.6951768948        0.3725302710       -0.0001641879
 Cl        -0.0001376352        1.9405247265       -0.0000380125
 Cl         2.6951749329        0.3730287356        0.0002121861
 H          0.0004875296       -3.6430994397        0.0003320008
 H          2.1402919237       -2.4102217758        0.0003877091
 H         -2.1397650761       -2.4104384380        0.0005396129
  12
 Etot=         -28.0328032608
 C          0.0002903107       -2.5671525494        0.0004264458
 C          1.2029287353       -1.8818387819        0.0003090959
 C          1.2001157429       -0.4964816820        0.0001371620
 C          0.0000186504        0.2079222576        0.0000410153
 C         -1.1999555866       -0.4967027473        0.0001563293
 C         -1.2024740524       -1.8820702441        0.0003494168
 Cl        -2.6946567532        0.3727352677       -0.0000567907
 Cl        -0.0001266464        1.9402443250       -0.0001927898
 Cl         2.6947012301        0.3732469732       -0.0000088203
 H          0.0004324079       -3.6439963385        0.0003144525
 H          2.1422258644       -2.4084585314        0.0002080480
 H         -2.1416976666       -2.4087868898       -0.0003196665
