  16
 Etot=         -22.2855223060
 C         -2.5127274080        0.6936203553       -0.8820330583
 S         -1.8801648227       -0.4020299338        0.4101762976
 C         -0.1267489316       -0.1659519544        0.1885168727
 C          0.4288831444        1.1054847940        0.3314944619
 C          1.8006701837        1.2896144638        0.1588022979
 C          2.6166068961        0.2036993041       -0.1569896387
 C          2.0599899271       -1.0678837416       -0.2998745838
 C          0.6882028878       -1.2520134115       -0.1271824198
 H         -3.6052378866        0.6698562910       -0.8872410775
 H         -2.1447601729        0.3667889044       -1.8578774704
 H         -2.1783529172        1.7169920807       -0.6981064110
 H         -0.1902696843        1.9647963101        0.5788474343
 H          2.2350254932        2.2786264991        0.2719599718
 H          3.6846252133        0.3466719229       -0.2886737470
 H          2.6948024922       -1.9144025415       -0.5440465082
 H          0.2734288309       -2.2510599192       -0.2423108581
  16
 Etot=         -22.2869008274
 C         -2.5014250323        0.7036438713       -0.8907950295
 S         -1.8728090970       -0.4090184287        0.3951744801
 C         -0.1198005156       -0.1592170568        0.1706284296
 C          0.4347462795        1.1037422037        0.3235329861
 C          1.7978769004        1.2830802124        0.1540963406
 C          2.6092976372        0.2021506550       -0.1554068601
 C          2.0548644663       -1.0615473185       -0.2916377698
 C          0.6905484809       -1.2443427849       -0.1277090379
 H         -3.5870380503        0.6460433359       -0.8587216344
 H         -2.1419095329        0.3692212145       -1.8624090035
 H         -2.1810902915        1.7252637177       -0.6969750002
 H         -0.1865826387        1.9498911812        0.5837248131
 H          2.2282192794        2.2673116089        0.2707528578
 H          3.6723050732        0.3439716473       -0.2875282104
 H          2.6836115479       -1.9055466039       -0.5355292563
 H          0.2631587390       -2.2318380316       -0.2357365415
  16
 Etot=         -22.2870653327
 C         -2.5047836197        0.7100613917       -0.8961598001
 S         -1.8673961084       -0.4146229202        0.3828866696
 C         -0.1120689553       -0.1589947983        0.1718613900
 C          0.4391714720        1.1032988189        0.3239837445
 C          1.7992551042        1.2811412499        0.1518731862
 C          2.6096518269        0.2013255413       -0.1569823202
 C          2.0564971036       -1.0606258883       -0.2909377272
 C          0.6949118254       -1.2441908636       -0.1270347632
 H         -3.5868331061        0.6369458652       -0.8501739796
 H         -2.1449479198        0.3801795865       -1.8659182564
 H         -2.1895646432        1.7280508129       -0.6915343603
 H         -0.1882373210        1.9432775552        0.5803586841
 H          2.2268205257        2.2647116887        0.2682736008
 H          3.6711034137        0.3428352858       -0.2871696183
 H          2.6839938115       -1.9059774866       -0.5257417586
 H          0.2563998360       -2.2246064157       -0.2321231275
  16
 Etot=         -22.2870995996
 C         -2.5090585347        0.7135339723       -0.8970047351
 S         -1.8648992900       -0.4193857996        0.3766239242
 C         -0.1095103759       -0.1588497412        0.1666159118
 C          0.4401740704        1.1042569409        0.3199572336
 C          1.8009694926        1.2809613610        0.1508577388
 C          2.6120672085        0.2002080611       -0.1545456080
 C          2.0600028904       -1.0626931188       -0.2860777111
 C          0.6978654943       -1.2461465533       -0.1265408194
 H         -3.5894739552        0.6328657485       -0.8471978034
 H         -2.1483353059        0.3908982718       -1.8680663215
 H         -2.1975389726        1.7301765211       -0.6841282999
 H         -0.1903485079        1.9415317543        0.5770157766
 H          2.2277392131        2.2651773784        0.2655542849
 H          3.6730747491        0.3425498041       -0.2867708048
 H          2.6873658084       -1.9082896369       -0.5207513621
 H          0.2538792610       -2.2239855402       -0.2300798409
