  13
 Etot=         -22.3421069953
 C         -0.0475105178       -1.0673621460       -0.0007152145
 C          1.3223375259       -1.2758071542        0.0002926178
 N          2.2391973613       -0.2812128352       -0.0001349952
 C          1.7552330307        0.9813065959        0.0003261542
 C          0.4058907352        1.2947534641       -0.0003299857
 C         -0.5067756362        0.2448653755       -0.0000202553
 C         -1.9341158290        0.5183044731        0.0001640256
 O         -2.7914976302       -0.3700487487        0.0001526237
 H         -0.7313363116       -1.9099315361        0.0013112783
 H          1.7315471769       -2.2797556917        0.0011845537
 H          2.5067503652        1.7630122238        0.0004110020
 H          0.0806004400        2.3294769758        0.0008858435
 H         -2.2510411568        1.5846112057       -0.0009712048
  13
 Etot=         -22.3447250165
 C         -0.0399829445       -1.0660571276        0.0003593061
 C          1.3295327818       -1.2662655646        0.0006382636
 N          2.2216348755       -0.2762680420        0.0003717977
 C          1.7556266449        0.9719618996        0.0001892664
 C          0.4083418680        1.2897659747       -0.0000260818
 C         -0.5145925941        0.2443168538       -0.0000263344
 C         -1.9505314569        0.5121742436       -0.0009391967
 O         -2.8072200900       -0.3528719716        0.0003890352
 H         -0.7243627634       -1.9009889097        0.0005185456
 H          1.7489290901       -2.2629724167        0.0006693679
 H          2.5130466256        1.7439560247        0.0003460350
 H          0.0859674597        2.3198262919        0.0000035537
 H         -2.2471099430        1.5756349459        0.0000628851
  13
 Etot=         -22.3450707823
 C         -0.0354410105       -1.0674867838        0.0006326458
 C          1.3355000192       -1.2640964045       -0.0000431534
 N          2.2126219672       -0.2732657065       -0.0002983073
 C          1.7565387331        0.9690356445        0.0003065206
 C          0.4082353122        1.2878809938        0.0010517077
 C         -0.5170971658        0.2427848805        0.0013993835
 C         -1.9595079610        0.5075172257        0.0032008113
 O         -2.8185772829       -0.3451018012       -0.0007983337
 H         -0.7249016427       -1.8961656234        0.0008914118
 H          1.7591120553       -2.2584035513        0.0000169248
 H          2.5153129244        1.7386837791       -0.0003922373
 H          0.0832060485        2.3154281621        0.0011218958
 H         -2.2357224436        1.5754013871       -0.0045328264
  13
 Etot=         -22.3450614114
 C         -0.0343255370       -1.0693638149       -0.0000899241
 C          1.3372879633       -1.2653754959        0.0015336895
 N          2.2117101582       -0.2724719813        0.0019457893
 C          1.7564308474        0.9698167765        0.0001392994
 C          0.4071887872        1.2875521269       -0.0019423303
 C         -0.5163620691        0.2411684674       -0.0028534415
 C         -1.9601866662        0.5066293626       -0.0086661145
 O         -2.8217123558       -0.3429056677        0.0018238082
 H         -0.7267888889       -1.8958376620       -0.0004562907
 H          1.7611268110       -2.2596175693        0.0024977827
 H          2.5140097000        1.7406578046        0.0013229534
 H          0.0793284563        2.3144297292       -0.0026960955
 H         -2.2284276529        1.5775301259        0.0099973174
  13
 Etot=         -22.3451009644
 C         -0.0340942445       -1.0704162335        0.0004390065
 C          1.3377372152       -1.2663101879        0.0006567486
 N          2.2120620922       -0.2722736834        0.0004698027
 C          1.7561802713        0.9705358069        0.0001546413
 C          0.4065000939        1.2874759092        0.0000188650
 C         -0.5156256905        0.2402416620        0.0001153618
 C         -1.9595899037        0.5066508345       -0.0001628675
 O         -2.8223376618       -0.3421380617        0.0000941890
 H         -0.7278845662       -1.8961300900        0.0004111734
 H          1.7613507416       -2.2606903355        0.0005140773
 H          2.5128610004        1.7423367997        0.0002812523
 H          0.0771302793        2.3141552428       -0.0001027706
 H         -2.2250100734        1.5787745390       -0.0003330364
