  12
 Etot=         -13.7352533385
 C         -2.1901671277        0.0072104731        0.0013963356
 C         -0.8281030652       -0.6609680000        0.0012629964
 S          0.4922507349        0.5825241100       -0.0002252190
 C          1.9102814111       -0.5379436151        0.0000545205
 H         -3.0000937799       -0.7298904815        0.0014270691
 H         -2.3159015002        0.6641818890        0.8681497181
 H         -2.3030243463        0.6215122360       -0.8983806325
 H         -0.7169890860       -1.2947351695       -0.8841667629
 H         -0.7168539949       -1.2922931098        0.8877878128
 H          2.8361888803        0.0393787239       -0.0004702884
 H          1.8800482893       -1.1696667620       -0.8897133279
 H          1.8799786277       -1.1694006877        0.8901925473
  12
 Etot=         -13.7359762726
 C         -2.1926209194        0.0138672082       -0.0059283222
 C         -0.8379523487       -0.6668443005        0.0023595956
 S          0.4941471022        0.5743164421       -0.0004257037
 C          1.9099668605       -0.5524173819        0.0001798254
 H         -2.9863634087       -0.7318501592        0.0039271433
 H         -2.3039767656        0.6565011453        0.8664697024
 H         -2.3038888176        0.6300190242       -0.8986819506
 H         -0.7121166141       -1.2901025334       -0.8864083463
 H         -0.7129042805       -1.2849856443        0.8950153370
 H          2.8108388524        0.0549302739       -0.0002952199
 H          1.8812156078       -1.1722765447       -0.8943126849
 H          1.8812697750       -1.1712479232        0.8954153929
  12
 Etot=         -13.7360946482
 C         -2.1979622316        0.0153044916       -0.0070584779
 C         -0.8451552081       -0.6687013788        0.0009855144
 S          0.4984335052        0.5723813636       -0.0015671004
 C          1.9162063362       -0.5581787292        0.0000748824
 H         -2.9868606482       -0.7318307818        0.0039017426
 H         -2.3023866606        0.6532011777        0.8668749178
 H         -2.3039239068        0.6311666028       -0.8964963116
 H         -0.7123246266       -1.2892319356       -0.8867749128
 H         -0.7174547745       -1.2793243712        0.8963272082
 H          2.8064773377        0.0609641159       -0.0000611628
 H          1.8865876720       -1.1736385415       -0.8944399673
 H          1.8859782487       -1.1722024068        0.8955484367
  12
 Etot=         -13.7361078592
 C         -2.1992532139        0.0155544528       -0.0070348133
 C         -0.8472144061       -0.6705500302        0.0009276601
 S          0.4990594283        0.5731434329       -0.0024574008
 C          1.9188824681       -0.5586241731       -0.0000453606
 H         -2.9889611247       -0.7307310554        0.0028413123
 H         -2.3031317146        0.6526589035        0.8675701367
 H         -2.3044986418        0.6321517589       -0.8958492000
 H         -0.7134639950       -1.2901823623       -0.8865581417
 H         -0.7189623279       -1.2793073456        0.8967533847
 H          2.8078530107        0.0617616534       -0.0001734385
 H          1.8892189327       -1.1740471797       -0.8940545921
 H          1.8880866274       -1.1719184485        0.8953952222
