  6
 Etot=         -14.3693368971
 C          0.0004341173        1.8077655273        0.0000395588
 C          0.0004918021        0.4548376018        0.0001979816
 Cl         1.4761691516       -0.4516696023       -0.0000237883
 Cl        -1.4764821803       -0.4513350118       -0.0000247517
 H         -0.9287019465        2.4000212543       -0.0005337955
 H          0.9286789437        2.4004966187       -0.0005894339
  6
 Etot=         -14.3723178674
 C          0.0003018802        1.8098410654       -0.0005805577
 C          0.0003784919        0.4893862032       -0.0004312871
 Cl         1.4534431686       -0.4441796526        0.0002362402
 Cl        -1.4536800296       -0.4438793183        0.0002608828
 H         -0.9204066229        2.3742263663       -0.0002028160
 H          0.9205529997        2.3747217242       -0.0002166912
  6
 Etot=         -14.3725107705
 C          0.0002080518        1.8175213824        0.0004817931
 C          0.0002916624        0.5019475147        0.0008955126
 Cl         1.4416309789       -0.4501002127       -0.0003260919
 Cl        -1.4417672246       -0.4498481536       -0.0003053498
 H         -0.9203576411        2.3701262665       -0.0008292635
 H          0.9205840604        2.3704695908       -0.0008508295
  6
 Etot=         -14.3725213409
 C          0.0001742785        1.8201502767       -0.0016925967
 C          0.0002464905        0.5035519777       -0.0019394529
 Cl         1.4405148069       -0.4518530054        0.0008630438
 Cl        -1.4405827700       -0.4516249801        0.0008909219
 H         -0.9223572107        2.3698408735        0.0004756327
 H          0.9225942927        2.3700512457        0.0004682223
