2025-04-03 13:51:46,172 -     censo.parallel     -  DEBUG   - Free cores decreased 2 -> 1.
2025-04-03 13:51:46,176 -     censo.parallel     -  DEBUG   - Free cores decreased 1 -> 0.
2025-04-03 13:51:46,176 -   censo.qm_processor   -  DEBUG   - worker3501506:Running on 1 cores.
2025-04-03 13:51:46,178 -   censo.qm_processor   -  DEBUG   - worker3501507:Running on 1 cores.
2025-04-03 13:51:46,196 -   censo.qm_processor   -   INFO   - worker3501506:Running xtb_gsolv calculation in /srv/scratch/z5358697/.automated/986/0_PRESCREENING/CONF1/xtb_gsolv.
2025-04-03 13:51:46,201 -   censo.qm_processor   -   INFO   - worker3501507:Running xtb_gsolv calculation in /srv/scratch/z5358697/.automated/986/0_PRESCREENING/CONF2/xtb_gsolv.
2025-04-03 13:51:46,212 -   censo.qm_processor   -  DEBUG   - worker3501506:Running ['/srv/scratch/z5358697/.xtb/bin/xtb', 'gas.coord', '--gfn2', '--sp', '--chrg', '0', '--norestart', '--parallel', '1']...
2025-04-03 13:51:46,237 -   censo.qm_processor   -  DEBUG   - worker3501507:Running ['/srv/scratch/z5358697/.xtb/bin/xtb', 'gas.coord', '--gfn2', '--sp', '--chrg', '0', '--norestart', '--parallel', '1']...
2025-04-03 13:51:46,349 -   censo.qm_processor   -  DEBUG   - worker3501507:Started (PID: 3501515).
2025-04-03 13:51:46,349 -   censo.qm_processor   -  DEBUG   - worker3501506:Started (PID: 3501514).
2025-04-03 13:51:48,044 -   censo.qm_processor   -  DEBUG   - worker3501506:Done.
2025-04-03 13:51:48,045 -   censo.qm_processor   -  DEBUG   - worker3501507:Done.
2025-04-03 13:51:48,074 -   censo.qm_processor   -  DEBUG   - worker3501507:Running ['/srv/scratch/z5358697/.xtb/bin/xtb', 'solv.coord', '--gfn2', '--sp', '--chrg', '0', '--norestart', '--parallel', '1', '--alpb', 'water', 'reference', '-I', 'xtb_sp-xcontrol-inp']...
2025-04-03 13:51:48,074 -   censo.qm_processor   -  DEBUG   - worker3501506:Running ['/srv/scratch/z5358697/.xtb/bin/xtb', 'solv.coord', '--gfn2', '--sp', '--chrg', '0', '--norestart', '--parallel', '1', '--alpb', 'water', 'reference', '-I', 'xtb_sp-xcontrol-inp']...
2025-04-03 13:51:48,078 -   censo.qm_processor   -  DEBUG   - worker3501507:Started (PID: 3501516).
2025-04-03 13:51:48,078 -   censo.qm_processor   -  DEBUG   - worker3501506:Started (PID: 3501517).
2025-04-03 13:51:48,141 -   censo.qm_processor   -  DEBUG   - worker3501507:Done.
2025-04-03 13:51:48,141 -   censo.qm_processor   -  DEBUG   - worker3501506:Done.
2025-04-03 13:51:48,143 -     censo.parallel     -  DEBUG   - Free cores increased 0 -> 1.
2025-04-03 13:51:48,143 -     censo.parallel     -  DEBUG   - Free cores increased 1 -> 2.
2025-04-03 13:51:48,151 -     censo.parallel     -  DEBUG   - Checking for failed jobs...
2025-04-03 13:51:48,151 -     censo.parallel     -   INFO   - All jobs executed successfully.
2025-04-03 13:51:48,157 -     censo.parallel     -  DEBUG   - Free cores decreased 2 -> 1.
2025-04-03 13:51:48,160 -     censo.parallel     -  DEBUG   - Free cores decreased 1 -> 0.
2025-04-03 13:51:48,162 -   censo.qm_processor   -  DEBUG   - worker3501534:Running on 1 cores.
2025-04-03 13:51:48,162 -   censo.qm_processor   -  DEBUG   - worker3501533:Running on 1 cores.
2025-04-03 13:51:48,167 -   censo.qm_processor   -   INFO   - worker3501533:Running sp calculation in /srv/scratch/z5358697/.automated/986/0_PRESCREENING/CONF1/sp.
2025-04-03 13:51:48,176 -   censo.qm_processor   -   INFO   - worker3501534:Running sp calculation in /srv/scratch/z5358697/.automated/986/0_PRESCREENING/CONF2/sp.
2025-04-03 13:51:48,242 -   censo.qm_processor   -  DEBUG   - worker3501533:Running ['/apps/z_install_tree/linux-rocky8-ivybridge/gcc-12.2.0/orca-6.0.0-srtngmq3qlimg2qxbl6avaaiffipurdx/bin/orca', 'sp.inp']...
2025-04-03 13:51:48,249 -   censo.qm_processor   -  DEBUG   - worker3501533:Started (PID: 3501541).
2025-04-03 13:51:48,282 -   censo.qm_processor   -  DEBUG   - worker3501534:Running ['/apps/z_install_tree/linux-rocky8-ivybridge/gcc-12.2.0/orca-6.0.0-srtngmq3qlimg2qxbl6avaaiffipurdx/bin/orca', 'sp.inp']...
2025-04-03 13:51:48,286 -   censo.qm_processor   -  DEBUG   - worker3501534:Started (PID: 3501542).
2025-04-03 13:51:58,072 -   censo.qm_processor   -  DEBUG   - worker3501533:Done.
2025-04-03 13:51:58,081 -     censo.parallel     -  DEBUG   - Free cores increased 0 -> 1.
2025-04-03 13:51:58,117 -   censo.qm_processor   -  DEBUG   - worker3501534:Done.
2025-04-03 13:51:58,122 -     censo.parallel     -  DEBUG   - Free cores increased 1 -> 2.
2025-04-03 13:51:58,185 -     censo.parallel     -  DEBUG   - Checking for failed jobs...
2025-04-03 13:51:58,185 -     censo.parallel     -   INFO   - All jobs executed successfully.
2025-04-03 13:51:58,185 -censo.ensembleopt.prescreening-  DEBUG   - Writing to /srv/scratch/z5358697/.automated/986/0_PRESCREENING.out.
2025-04-03 13:51:58,231 -     censo.parallel     -  DEBUG   - Free cores decreased 2 -> 1.
2025-04-03 13:51:58,233 -     censo.parallel     -  DEBUG   - Free cores decreased 1 -> 0.
2025-04-03 13:51:58,235 -   censo.qm_processor   -  DEBUG   - worker3501626:Running on 1 cores.
2025-04-03 13:51:58,235 -   censo.qm_processor   -  DEBUG   - worker3501627:Running on 1 cores.
2025-04-03 13:51:58,280 -   censo.qm_processor   -   INFO   - worker3501627:Running gsolv calculation in /srv/scratch/z5358697/.automated/986/1_SCREENING/CONF2/gsolv.
2025-04-03 13:51:58,282 -   censo.qm_processor   -   INFO   - worker3501626:Running gsolv calculation in /srv/scratch/z5358697/.automated/986/1_SCREENING/CONF1/gsolv.
2025-04-03 13:51:58,295 -  censo.orca_processor  -  DEBUG   - worker3501626:Copying .gbw file from /srv/scratch/z5358697/.automated/986/0_PRESCREENING/CONF1/sp/sp.gbw.
2025-04-03 13:51:58,306 -  censo.orca_processor  -  DEBUG   - worker3501627:Copying .gbw file from /srv/scratch/z5358697/.automated/986/0_PRESCREENING/CONF2/sp/sp.gbw.
2025-04-03 13:51:58,338 -   censo.qm_processor   -  DEBUG   - worker3501627:Running ['/apps/z_install_tree/linux-rocky8-ivybridge/gcc-12.2.0/orca-6.0.0-srtngmq3qlimg2qxbl6avaaiffipurdx/bin/orca', 'sp_gas.inp']...
2025-04-03 13:51:58,338 -   censo.qm_processor   -  DEBUG   - worker3501626:Running ['/apps/z_install_tree/linux-rocky8-ivybridge/gcc-12.2.0/orca-6.0.0-srtngmq3qlimg2qxbl6avaaiffipurdx/bin/orca', 'sp_gas.inp']...
2025-04-03 13:51:58,343 -   censo.qm_processor   -  DEBUG   - worker3501627:Started (PID: 3501634).
2025-04-03 13:51:58,344 -   censo.qm_processor   -  DEBUG   - worker3501626:Started (PID: 3501635).
2025-04-03 13:52:22,354 -   censo.qm_processor   -  DEBUG   - worker3501627:Done.
2025-04-03 13:52:22,369 -  censo.orca_processor  -  DEBUG   - worker3501627:Copying .gbw file from /srv/scratch/z5358697/.automated/986/0_PRESCREENING/CONF2/sp/sp.gbw.
2025-04-03 13:52:22,400 -   censo.qm_processor   -  DEBUG   - worker3501627:Running ['/apps/z_install_tree/linux-rocky8-ivybridge/gcc-12.2.0/orca-6.0.0-srtngmq3qlimg2qxbl6avaaiffipurdx/bin/orca', 'sp_solv.inp']...
2025-04-03 13:52:22,403 -   censo.qm_processor   -  DEBUG   - worker3501627:Started (PID: 3501678).
2025-04-03 13:52:22,513 -   censo.qm_processor   -  DEBUG   - worker3501626:Done.
2025-04-03 13:52:22,531 -  censo.orca_processor  -  DEBUG   - worker3501626:Copying .gbw file from /srv/scratch/z5358697/.automated/986/0_PRESCREENING/CONF1/sp/sp.gbw.
2025-04-03 13:52:22,569 -   censo.qm_processor   -  DEBUG   - worker3501626:Running ['/apps/z_install_tree/linux-rocky8-ivybridge/gcc-12.2.0/orca-6.0.0-srtngmq3qlimg2qxbl6avaaiffipurdx/bin/orca', 'sp_solv.inp']...
2025-04-03 13:52:22,571 -   censo.qm_processor   -  DEBUG   - worker3501626:Started (PID: 3501679).
2025-04-03 13:52:50,726 -   censo.qm_processor   -  DEBUG   - worker3501626:Done.
2025-04-03 13:52:50,731 -     censo.parallel     -  DEBUG   - Free cores increased 0 -> 1.
2025-04-03 13:52:53,591 -   censo.qm_processor   -  DEBUG   - worker3501627:Done.
2025-04-03 13:52:53,596 -     censo.parallel     -  DEBUG   - Free cores increased 1 -> 2.
2025-04-03 13:52:53,603 -     censo.parallel     -  DEBUG   - Checking for failed jobs...
2025-04-03 13:52:53,603 -     censo.parallel     -   INFO   - All jobs executed successfully.
2025-04-03 13:52:53,651 -     censo.parallel     -  DEBUG   - Free cores decreased 2 -> 1.
2025-04-03 13:52:53,654 -     censo.parallel     -  DEBUG   - Free cores decreased 1 -> 0.
2025-04-03 13:52:53,656 -   censo.qm_processor   -  DEBUG   - worker3501749:Running on 1 cores.
2025-04-03 13:52:53,656 -   censo.qm_processor   -  DEBUG   - worker3501748:Running on 1 cores.
2025-04-03 13:52:53,715 -   censo.qm_processor   -   INFO   - worker3501749:Running xtb_opt calculation in /srv/scratch/z5358697/.automated/986/2_OPTIMIZATION/CONF1/xtb_opt.
2025-04-03 13:52:53,718 -   censo.qm_processor   -   INFO   - worker3501748:Running xtb_opt calculation in /srv/scratch/z5358697/.automated/986/2_OPTIMIZATION/CONF2/xtb_opt.
2025-04-03 13:52:53,746 -  censo.orca_processor  -  DEBUG   - worker3501749:Copying .gbw file from /srv/scratch/z5358697/.automated/986/1_SCREENING/CONF1/gsolv/sp_solv.gbw.
2025-04-03 13:52:53,790 -   censo.qm_processor   -  DEBUG   - worker3501749:Running ['/srv/scratch/z5358697/.xtb/bin/xtb', 'xtb_opt.coord', '--opt', 'normal', '--orca', '-I', 'xtb_opt-xcontrol-inp']...
2025-04-03 13:52:53,798 -   censo.qm_processor   -  DEBUG   - worker3501749:Started (PID: 3501756).
2025-04-03 13:52:53,831 -  censo.orca_processor  -  DEBUG   - worker3501748:Copying .gbw file from /srv/scratch/z5358697/.automated/986/1_SCREENING/CONF2/gsolv/sp_solv.gbw.
2025-04-03 13:52:53,861 -   censo.qm_processor   -  DEBUG   - worker3501748:Running ['/srv/scratch/z5358697/.xtb/bin/xtb', 'xtb_opt.coord', '--opt', 'normal', '--orca', '-I', 'xtb_opt-xcontrol-inp']...
2025-04-03 13:52:53,864 -   censo.qm_processor   -  DEBUG   - worker3501748:Started (PID: 3501759).
2025-04-03 13:54:55,774 -   censo.qm_processor   -  DEBUG   - worker3501748:Done.
2025-04-03 13:54:55,785 -     censo.parallel     -  DEBUG   - Free cores increased 0 -> 1.
2025-04-03 13:55:02,785 -   censo.qm_processor   -  DEBUG   - worker3501749:Done.
2025-04-03 13:55:02,795 -     censo.parallel     -  DEBUG   - Free cores increased 1 -> 2.
2025-04-03 13:55:02,803 -     censo.parallel     -  DEBUG   - Checking for failed jobs...
2025-04-03 13:55:02,803 -     censo.parallel     -   INFO   - All jobs executed successfully.
2025-04-03 13:55:02,809 -     censo.parallel     -  DEBUG   - Free cores decreased 2 -> 1.
2025-04-03 13:55:02,812 -     censo.parallel     -  DEBUG   - Free cores decreased 1 -> 0.
2025-04-03 13:55:02,814 -   censo.qm_processor   -  DEBUG   - worker3502208:Running on 1 cores.
2025-04-03 13:55:02,814 -   censo.qm_processor   -  DEBUG   - worker3502209:Running on 1 cores.
2025-04-03 13:55:02,820 -   censo.qm_processor   -   INFO   - worker3502209:Running xtb_rrho calculation in /srv/scratch/z5358697/.automated/986/2_OPTIMIZATION/CONF1/xtb_rrho.
2025-04-03 13:55:02,829 -   censo.qm_processor   -   INFO   - worker3502208:Running xtb_rrho calculation in /srv/scratch/z5358697/.automated/986/2_OPTIMIZATION/CONF2/xtb_rrho.
2025-04-03 13:55:02,844 -   censo.qm_processor   -  DEBUG   - worker3502209:Running ['/srv/scratch/z5358697/.xtb/bin/xtb', 'xtb_rrho.coord', '--gfn2', '--bhess', 'vtight', '--chrg', '0', '--enso', '--norestart', '-I', 'rrho-xcontrol-inp', '--parallel', '1', '--alpb', 'water']...
2025-04-03 13:55:02,852 -   censo.qm_processor   -  DEBUG   - worker3502208:Running ['/srv/scratch/z5358697/.xtb/bin/xtb', 'xtb_rrho.coord', '--gfn2', '--bhess', 'vtight', '--chrg', '0', '--enso', '--norestart', '-I', 'rrho-xcontrol-inp', '--parallel', '1', '--alpb', 'water']...
2025-04-03 13:55:02,852 -   censo.qm_processor   -  DEBUG   - worker3502209:Started (PID: 3502216).
2025-04-03 13:55:02,855 -   censo.qm_processor   -  DEBUG   - worker3502208:Started (PID: 3502217).
2025-04-03 13:55:03,610 -   censo.qm_processor   -  DEBUG   - worker3502209:Done.
2025-04-03 13:55:03,613 -   censo.qm_processor   -  DEBUG   - worker3502208:Done.
2025-04-03 13:55:03,614 -     censo.parallel     -  DEBUG   - Free cores increased 0 -> 1.
2025-04-03 13:55:03,616 -     censo.parallel     -  DEBUG   - Free cores increased 1 -> 2.
2025-04-03 13:55:03,623 -     censo.parallel     -  DEBUG   - Checking for failed jobs...
2025-04-03 13:55:03,623 -     censo.parallel     -   INFO   - All jobs executed successfully.
2025-04-03 13:55:03,624 -censo.ensembleopt.optimization-   INFO   - Threshold: 1.50 kcal/mol
2025-04-03 13:55:03,629 -     censo.parallel     -  DEBUG   - Free cores decreased 2 -> 1.
2025-04-03 13:55:03,632 -     censo.parallel     -  DEBUG   - Free cores decreased 1 -> 0.
2025-04-03 13:55:03,634 -   censo.qm_processor   -  DEBUG   - worker3502233:Running on 1 cores.
2025-04-03 13:55:03,634 -   censo.qm_processor   -  DEBUG   - worker3502234:Running on 1 cores.
2025-04-03 13:55:03,636 -   censo.qm_processor   -   INFO   - worker3502234:Running xtb_rrho calculation in /srv/scratch/z5358697/.automated/986/2_OPTIMIZATION/CONF1/xtb_rrho.
2025-04-03 13:55:03,636 -   censo.qm_processor   -   INFO   - worker3502233:Running xtb_rrho calculation in /srv/scratch/z5358697/.automated/986/2_OPTIMIZATION/CONF2/xtb_rrho.
2025-04-03 13:55:03,667 -   censo.qm_processor   -  DEBUG   - worker3502234:Running ['/srv/scratch/z5358697/.xtb/bin/xtb', 'xtb_rrho.coord', '--gfn2', '--ohess', 'vtight', '--chrg', '0', '--enso', '--norestart', '-I', 'rrho-xcontrol-inp', '--parallel', '1', '--alpb', 'water']...
2025-04-03 13:55:03,667 -   censo.qm_processor   -  DEBUG   - worker3502233:Running ['/srv/scratch/z5358697/.xtb/bin/xtb', 'xtb_rrho.coord', '--gfn2', '--ohess', 'vtight', '--chrg', '0', '--enso', '--norestart', '-I', 'rrho-xcontrol-inp', '--parallel', '1', '--alpb', 'water']...
2025-04-03 13:55:03,672 -   censo.qm_processor   -  DEBUG   - worker3502234:Started (PID: 3502241).
2025-04-03 13:55:03,672 -   censo.qm_processor   -  DEBUG   - worker3502233:Started (PID: 3502242).
2025-04-03 13:55:04,429 -   censo.qm_processor   -  DEBUG   - worker3502233:Done.
2025-04-03 13:55:04,430 -   censo.qm_processor   -  DEBUG   - worker3502234:Done.
2025-04-03 13:55:04,433 -     censo.parallel     -  DEBUG   - Free cores increased 0 -> 1.
2025-04-03 13:55:04,433 -     censo.parallel     -  DEBUG   - Free cores increased 1 -> 2.
2025-04-03 13:55:04,442 -     censo.parallel     -  DEBUG   - Checking for failed jobs...
2025-04-03 13:55:04,442 -     censo.parallel     -   INFO   - All jobs executed successfully.
2025-04-03 13:55:04,442 -censo.ensembleopt.optimization-  DEBUG   - Writing to /srv/scratch/z5358697/.automated/986/2_OPTIMIZATION.out.
2025-04-03 13:55:04,453 -censo.ensembleopt.optimization-  DEBUG   - Writing to /srv/scratch/z5358697/.automated/986/2_OPTIMIZATION.out.
2025-04-03 13:55:04,491 -     censo.parallel     -  DEBUG   - Free cores decreased 2 -> 1.
2025-04-03 13:55:04,494 -     censo.parallel     -  DEBUG   - Free cores decreased 1 -> 0.
2025-04-03 13:55:04,496 -   censo.qm_processor   -  DEBUG   - worker3502259:Running on 1 cores.
2025-04-03 13:55:04,497 -   censo.qm_processor   -  DEBUG   - worker3502260:Running on 1 cores.
2025-04-03 13:55:04,699 -   censo.qm_processor   -   INFO   - worker3502260:Running gsolv calculation in /srv/scratch/z5358697/.automated/986/3_REFINEMENT/CONF1/gsolv.
2025-04-03 13:55:04,712 -  censo.orca_processor  -  DEBUG   - worker3502260:Copying .gbw file from /srv/scratch/z5358697/.automated/986/2_OPTIMIZATION/CONF1/xtb_opt/xtb_opt.gbw.
2025-04-03 13:55:04,740 -   censo.qm_processor   -   INFO   - worker3502259:Running gsolv calculation in /srv/scratch/z5358697/.automated/986/3_REFINEMENT/CONF2/gsolv.
2025-04-03 13:55:04,802 -  censo.orca_processor  -  DEBUG   - worker3502259:Copying .gbw file from /srv/scratch/z5358697/.automated/986/2_OPTIMIZATION/CONF2/xtb_opt/xtb_opt.gbw.
2025-04-03 13:55:04,814 -   censo.qm_processor   -  DEBUG   - worker3502260:Running ['/apps/z_install_tree/linux-rocky8-ivybridge/gcc-12.2.0/orca-6.0.0-srtngmq3qlimg2qxbl6avaaiffipurdx/bin/orca', 'sp_gas.inp']...
2025-04-03 13:55:04,820 -   censo.qm_processor   -  DEBUG   - worker3502260:Started (PID: 3502267).
2025-04-03 13:55:04,838 -   censo.qm_processor   -  DEBUG   - worker3502259:Running ['/apps/z_install_tree/linux-rocky8-ivybridge/gcc-12.2.0/orca-6.0.0-srtngmq3qlimg2qxbl6avaaiffipurdx/bin/orca', 'sp_gas.inp']...
2025-04-03 13:55:04,842 -   censo.qm_processor   -  DEBUG   - worker3502259:Started (PID: 3502268).
2025-04-03 13:57:24,036 -   censo.qm_processor   -  DEBUG   - worker3502260:Done.
2025-04-03 13:57:24,059 -  censo.orca_processor  -  DEBUG   - worker3502260:Copying .gbw file from /srv/scratch/z5358697/.automated/986/2_OPTIMIZATION/CONF1/xtb_opt/xtb_opt.gbw.
2025-04-03 13:57:24,184 -   censo.qm_processor   -  DEBUG   - worker3502260:Running ['/apps/z_install_tree/linux-rocky8-ivybridge/gcc-12.2.0/orca-6.0.0-srtngmq3qlimg2qxbl6avaaiffipurdx/bin/orca', 'sp_solv.inp']...
2025-04-03 13:57:24,189 -   censo.qm_processor   -  DEBUG   - worker3502260:Started (PID: 3509200).
2025-04-03 13:57:24,501 -   censo.qm_processor   -  DEBUG   - worker3502259:Done.
2025-04-03 13:57:24,524 -  censo.orca_processor  -  DEBUG   - worker3502259:Copying .gbw file from /srv/scratch/z5358697/.automated/986/2_OPTIMIZATION/CONF2/xtb_opt/xtb_opt.gbw.
2025-04-03 13:57:24,613 -   censo.qm_processor   -  DEBUG   - worker3502259:Running ['/apps/z_install_tree/linux-rocky8-ivybridge/gcc-12.2.0/orca-6.0.0-srtngmq3qlimg2qxbl6avaaiffipurdx/bin/orca', 'sp_solv.inp']...
2025-04-03 13:57:24,616 -   censo.qm_processor   -  DEBUG   - worker3502259:Started (PID: 3509202).
2025-04-03 13:59:59,698 -   censo.qm_processor   -  DEBUG   - worker3502259:Done.
2025-04-03 13:59:59,706 -     censo.parallel     -  DEBUG   - Free cores increased 0 -> 1.
2025-04-03 13:59:59,759 -   censo.qm_processor   -  DEBUG   - worker3502260:Done.
2025-04-03 13:59:59,766 -     censo.parallel     -  DEBUG   - Free cores increased 1 -> 2.
2025-04-03 13:59:59,773 -     censo.parallel     -  DEBUG   - Checking for failed jobs...
2025-04-03 13:59:59,773 -     censo.parallel     -   INFO   - All jobs executed successfully.
2025-04-03 13:59:59,773 -censo.ensembleopt.refinement-  DEBUG   - Writing to /srv/scratch/z5358697/.automated/986/3_REFINEMENT.out.
