
         ______________________________________________________________
        |                                                              |
        |                                                              |
        |                   CENSO - Commandline ENSO                   |
        |                           v 2.1.2                            |
        |    energetic sorting of CREST Conformer Rotamer Ensembles    |
        |                    University of Bonn, MCTC                  |
        |                           Oct 2024                           |
        |                 based on ENSO version 2.0.1                  |
        |             L. M. Seidler, F. Bohle and S. Grimme            |
        |                                                              |
        |______________________________________________________________|

        Please cite:
        (TBA)
        S. Grimme, F. Bohle, A. Hansen, P. Pracht, S. Spicher, and M. Stahn
        J. Phys. Chem. A 2021, 125, 19, 4039-4054.
        DOI: https://doi.org/10.1021/acs.jpca.1c00971

        This program is distributed in the hope that it will be useful,
        but WITHOUT ANY WARRANTY; without even the implied warranty of
        MERCHANTABILITY or FITNESS FOR A PARTICULAR PURPOSE.

Reading configuration file from /home/z5358697/.censo2rc.
CALL: /srv/scratch/z5358697/.censo/bin/censo --cleanup_all
Removing ALL files generated by previous CENSO runs, including ensembles!
Be aware that files in /srv/scratch/z5358697/.automated/986 and subdirectories with names containing the following substrings will be deleted:
censo.log
0_PRESCREENING
1_SCREENING
2_OPTIMIZATION
3_REFINEMENT
4_NMR
6_UVVIS
Do you wish to continue?
Please type 'yes' or 'no':
Removing: 2_OPTIMIZATION.json
Removing: censo.log
Removing: 1_SCREENING.out
Removing: 0_PRESCREENING.json
Removing: 0_PRESCREENING.out
Removing: 1_SCREENING.json
Removing: 2_OPTIMIZATION.out
Removing: 2_OPTIMIZATION.xyz
Removing: 3_REFINEMENT.out
Removing: 0_PRESCREENING.xyz
Removing: 3_REFINEMENT.json
Removing: 1_SCREENING.xyz
Removing: /srv/scratch/z5358697/.automated/986/2_OPTIMIZATION
Removing: /srv/scratch/z5358697/.automated/986/0_PRESCREENING
Removing: /srv/scratch/z5358697/.automated/986/1_SCREENING
Removing: /srv/scratch/z5358697/.automated/986/3_REFINEMENT
Removed files and going to exit!
