  12
 Etot=         -23.9854957797
 C         -0.0008677983       -2.1284158053       -0.0001680178
 C          1.2076216116       -1.4317996933        0.0004139681
 C          1.2075985256       -0.0369785586        0.0004541447
 C          0.0004445449        0.6612107027        0.0003050033
 C         -1.2080645669       -0.0364048217       -0.0002489357
 C         -1.2080414809       -1.4312259564       -0.0002891123
 Cl        -2.6983414511        0.8234700065        0.0000479752
 Cl         2.6987944397        0.8231291799       -0.0001969703
 H         -0.0002375287       -3.2150655193       -0.0001257779
 H          2.1410689876       -1.9885086819        0.0007273731
 H          0.0007092323        1.7488290292       -0.0002479631
 H         -2.1418737982       -1.9881658560       -0.0006783593
  12
 Etot=         -23.9865720822
 C         -0.0005340367       -2.1205945600        0.0000043147
 C          1.2034701171       -1.4337822347        0.0002484287
 C          1.1962532623       -0.0470693205        0.0000670020
 C          0.0001772536        0.6546527876       -0.0000203599
 C         -1.1966359201       -0.0464349725       -0.0001377674
 C         -1.2038518212       -1.4331872076       -0.0002315191
 Cl        -2.6861285111        0.8221971698       -0.0001787578
 Cl         2.6865723750        0.8214469720        0.0001830682
 H         -0.0002047023       -3.1991729424       -0.0000367934
 H          2.1368281515       -1.9769358197        0.0005374687
 H          0.0003314078        1.7351722220        0.0000622152
 H         -2.1374668583       -1.9762180681       -0.0005039718
  12
 Etot=         -23.9867358813
 C         -0.0003691079       -2.1194292210       -0.0000204014
 C          1.2035792217       -1.4367174318        0.0001548722
 C          1.1910471521       -0.0521166261        0.0002282033
 C          0.0000870780        0.6546082583        0.0000303676
 C         -1.1912407165       -0.0515894954       -0.0001514457
 C         -1.2039982078       -1.4362381605       -0.0001785002
 Cl        -2.6829481362        0.8235399776       -0.0004075084
 Cl         2.6833828338        0.8227048099        0.0004461139
 H         -0.0003741123       -3.1960014851       -0.0000080558
 H          2.1390161495       -1.9707834374        0.0001839397
 H          0.0002426480        1.7321179669       -0.0000623448
 H         -2.1396140849       -1.9700211296       -0.0002219123
  12
 Etot=         -23.9867679270
 C         -0.0003239610       -2.1203516325        0.0000155770
 C          1.2041944340       -1.4381514275        0.0001119531
 C          1.1895683466       -0.0535039612        0.0000985562
 C          0.0000908979        0.6561065567       -0.0000411658
 C         -1.1896329275       -0.0530757076       -0.0001533527
 C         -1.2046348588       -1.4377560217       -0.0001114661
 Cl        -2.6843734266        0.8243396288       -0.0003920536
 Cl         2.6847612445        0.8235181452        0.0004427860
 H         -0.0005016043       -3.1974523678       -0.0000099426
 H          2.1412345751       -1.9687068130        0.0002759501
 H          0.0002671804        1.7330983562        0.0000451117
 H         -2.1418391826       -1.9679907299       -0.0002886252
