  6
 Etot=          -8.2327238481
 C          0.7268037781       -0.0115416100       -0.0005256901
 O         -0.6866247903        0.0683867752       -0.0008934392
 H          1.1497753418        0.9953077600       -0.0120756858
 H          1.0602809372       -0.5689306010       -0.8797813396
 H          1.0527021903       -0.5313885002        0.9032189839
 H         -1.0243929525       -0.8429853317        0.0090841048
  6
 Etot=          -8.2333415366
 C          0.7268091042       -0.0289169072        0.0023964413
 O         -0.6863597211        0.0725752481       -0.0026316491
 H          1.1196968668        0.9850585415       -0.0150563283
 H          1.0857377459       -0.5637165848       -0.8812762345
 H          1.0814459447       -0.5307564603        0.9074429337
 H         -1.0487854358       -0.8253953451        0.0081517709
  6
 Etot=          -8.2333911373
 C          0.7279279658       -0.0317813161        0.0025194436
 O         -0.6829573615        0.0712576726       -0.0034848772
 H          1.1118947940        0.9860554139       -0.0150084165
 H          1.0921817662       -0.5641403090       -0.8799569418
 H          1.0871553381       -0.5320030234        0.9058617930
 H         -1.0576579980       -0.8205399457        0.0090959328
