  5
 Etot=          -7.7479524862
 C          1.6181332841        0.0000624123        0.0000092309
 Br        -0.3172803655       -0.0000069251       -0.0000019439
 H          1.9572838470       -0.6092728804       -0.8392865435
 H          1.9561290625        1.0320825438       -0.1074258750
 H          1.9568219953       -0.4230043920        0.9467565234
  5
 Etot=          -7.7480753239
 C          1.6217097754        0.0001542160        0.0001253534
 Br        -0.3230013191       -0.0005034263       -0.0002271200
 H          1.9573362398       -0.6063439222       -0.8360935099
 H          1.9575167029        1.0275080278       -0.1070031075
 H          1.9575264243       -0.4209541367        0.9432497759
  5
 Etot=          -7.7481024884
 C          1.6279280105       -0.0001990806       -0.0000609617
 Br        -0.3234152359       -0.0000186826        0.0000394278
 H          1.9560550882       -0.6063874026       -0.8363464521
 H          1.9549897520        1.0274109123       -0.1070206032
 H          1.9555302086       -0.4209449878        0.9434399811
