  5
 Etot=         -11.3105394974
 C          0.0005807121        0.9685164917        0.0001504187
 Br        -1.6160853358       -0.0928151558       -0.0000036116
 Br         1.6159992852       -0.0928711906        0.0000027250
 H         -0.0005018248        1.5901308217        0.8969851040
 H          0.0004035712        1.5890226553       -0.8987072283
  5
 Etot=         -11.3103501762
 C          0.0002474688        0.9981694735       -0.0006329807
 Br        -1.5803418538       -0.1253174968        0.0001033394
 Br         1.5800733675       -0.1250655013        0.0007097299
 H          0.0002931185        1.6071790164        0.9030134314
 H          0.0001243068        1.6070181305       -0.9047661122
  5
 Etot=         -11.3106684323
 C          0.0001775414        0.9827431132       -0.0006666502
 Br        -1.6112194082       -0.1013204267       -0.0000025884
 Br         1.6110290154       -0.1011179814        0.0006923965
 H          0.0003691452        1.5910321325        0.9021041660
 H          0.0000401141        1.5906467847       -0.9036999162
  5
 Etot=         -11.3106714505
 C          0.0003115867        0.9839465043        0.0000556502
 Br        -1.6134878363       -0.1002675222       -0.0002461276
 Br         1.6137593114       -0.1005979400       -0.0002318562
 H         -0.0005416222        1.5904870309        0.9026105297
 H          0.0003549684        1.5884155493       -0.9037607882
