  13
 Etot=         -19.9599512094
 C         -1.8691359117        0.0340389316       -0.0005008986
 C         -1.2005160666       -1.1901621421       -0.0000173219
 C          0.1939361154       -1.2222388864        0.0004238388
 C          0.9197213158       -0.0314724439        0.0007737505
 C          0.2501027682        1.1927713198        0.0003179383
 C         -1.1443494138        1.2248480641       -0.0001232224
 O          2.2801087136       -0.0628787491       -0.0005573726
 H         -2.9554578522        0.0588070184        0.0005869366
 H         -1.7658194350       -2.1169275116       -0.0002444171
 H          0.7097145229       -2.1788972623       -0.0014163284
 H          0.8096061242        2.1247406886        0.0000175418
 H         -1.6653245058        2.1782230959       -0.0000758523
 H          2.6380942100        0.8393858294       -0.0004361988
  13
 Etot=         -19.9609057636
 C         -1.8652716047        0.0348095445        0.0002646483
 C         -1.1939577285       -1.1781300212       -0.0001422595
 C          0.1903339732       -1.2122674708       -0.0004948937
 C          0.9130915608       -0.0254059915       -0.0004553295
 C          0.2381398392        1.1922315490       -0.0000205674
 C         -1.1465044377        1.2189038958        0.0002819170
 O          2.2734729760       -0.0791415245       -0.0005593965
 H         -2.9457810788        0.0564940260        0.0001894603
 H         -1.7510800963       -2.1032964669       -0.0002372427
 H          0.7141053991       -2.1575271254       -0.0003251244
 H          0.7942146031        2.1200947005        0.0001848433
 H         -1.6649926683        2.1669169721        0.0000312234
 H          2.6449098478        0.8165558651        0.0000311152
  13
 Etot=         -19.9610068969
 C         -1.8669571961        0.0346134711       -0.0001284307
 C         -1.1929080578       -1.1747875239       -0.0001571878
 C          0.1885475977       -1.2080608869       -0.0001520045
 C          0.9106468794       -0.0203242971       -0.0000748630
 C          0.2335070526        1.1948137961       -0.0000729425
 C         -1.1488315641        1.2174997565       -0.0000907442
 O          2.2707425510       -0.0887838215       -0.0003092035
 H         -2.9455928854        0.0545814715        0.0001552652
 H         -1.7456602371       -2.1012997879       -0.0001414466
 H          0.7212803665       -2.1460377524       -0.0006070652
 H          0.7891144839        2.1213760834       -0.0000543626
 H         -1.6659716122        2.1645387171        0.0006235413
 H          2.6527632063        0.8021087265       -0.0002421618
  13
 Etot=         -19.9610236162
 C         -1.8684419205        0.0343929600        0.0002458526
 C         -1.1933417483       -1.1748216776       -0.0001616956
 C          0.1877406774       -1.2068616688       -0.0003814786
 C          0.9099054470       -0.0177128101       -0.0003049493
 C          0.2325912053        1.1967793506        0.0001067231
 C         -1.1500401376        1.2173790080        0.0003924935
 O          2.2694869892       -0.0927257482       -0.0004404157
 H         -2.9468748903        0.0539912013        0.0001729751
 H         -1.7447190212       -2.1024572555       -0.0003124188
 H          0.7260057891       -2.1414813674       -0.0004291720
 H          0.7880014943        2.1235250268        0.0000959921
 H         -1.6669948220        2.1646968182       -0.0000452693
 H          2.6573615224        0.7955341153       -0.0001902432
