  14
 Etot=         -22.6872819979
 C         -1.2491807527       -0.7075059097       -0.2319959864
 C          0.0101586820        0.0010234122        0.2553554147
 C          1.2687706041       -0.7016781513       -0.2348246970
 O          2.4087304397        0.0021977445        0.2489410486
 O          0.0170946698        1.3325344423       -0.2642437278
 O         -2.4035664911       -0.0242940751        0.2454149018
 H         -1.2946438386       -1.7408741595        0.1275108536
 H         -1.3014553420       -0.7106059269       -1.3246984881
 H          0.0176319139        0.0886564903        1.3480578419
 H          1.3186942412       -0.7094908910       -1.3290479793
 H          1.3199470787       -1.7277405643        0.1417531742
 H          3.1877723028       -0.4711305760       -0.0815723043
 H         -0.7832135904        1.7610310392        0.0747464714
 H         -3.1725386813       -0.5110979645       -0.0895593419
  14
 Etot=         -22.6895917005
 C         -1.2487821403       -0.7220065244       -0.2344112325
 C          0.0054011174        0.0082419680        0.2405401956
 C          1.2685293803       -0.6971189943       -0.2363749201
 O          2.4037089141       -0.0132028315        0.2800950642
 O          0.0193806237        1.3360352800       -0.2741562088
 O         -2.3850692273       -0.0253034862        0.2664101805
 H         -1.2510985630       -1.7559579017        0.1319435689
 H         -1.2666737562       -0.7176364489       -1.3306746853
 H          0.0143570452        0.0578198917        1.3374184200
 H          1.2910161083       -0.6834002717       -1.3321428298
 H          1.2672717850       -1.7337003867        0.1232924487
 H          3.1932106614       -0.4560965376       -0.0639955397
 H         -0.7922283232        1.7648359853        0.0358314020
 H         -3.1748223891       -0.4814848317       -0.0579386821
  14
 Etot=         -22.6902689946
 C         -1.2477292609       -0.7260922650       -0.2338803797
 C          0.0059418680        0.0177096834        0.2354237766
 C          1.2708684817       -0.6926679177       -0.2412266021
 O          2.3988310609       -0.0407886163        0.3136743720
 O          0.0164027657        1.3341594764       -0.2835085177
 O         -2.3713604122       -0.0316317908        0.2816081318
 H         -1.2226188567       -1.7578391978        0.1368857901
 H         -1.2597797417       -0.7252372331       -1.3307390382
 H          0.0135907451        0.0525213858        1.3349780699
 H          1.2945224201       -0.6508314029       -1.3369410136
 H          1.2318360446       -1.7404950770        0.0912434881
 H          3.1978127469       -0.4531957992       -0.0469195309
 H         -0.8074076876        1.7618165337       -0.0027537200
 H         -3.1767089379       -0.4664028693       -0.0320076449
  14
 Etot=         -22.6905676169
 C         -1.2487772348       -0.7284347159       -0.2288904084
 C          0.0074957636        0.0254312634        0.2296994477
 C          1.2741436027       -0.6880223441       -0.2468650962
 O          2.3954893693       -0.0694573693        0.3456221427
 O          0.0127467585        1.3327778638       -0.2934732836
 O         -2.3644209636       -0.0386255074        0.2932936002
 H         -1.2103103445       -1.7582874647        0.1439897372
 H         -1.2671141205       -0.7338627322       -1.3253848827
 H          0.0173299753        0.0587361675        1.3298425066
 H          1.3128998732       -0.6159319484       -1.3411136959
 H          1.2119818927       -1.7457101095        0.0534223971
 H          3.2016402264       -0.4565978731       -0.0274283604
 H         -0.8194348301        1.7583738988       -0.0338546070
 H         -3.1794687321       -0.4593642187       -0.0130223159
  14
 Etot=         -22.6907578126
 C         -1.2502779319       -0.7306541683       -0.2221311225
 C          0.0088854942        0.0301324938        0.2233778754
 C          1.2764121098       -0.6837030404       -0.2534163373
 O          2.3913718726       -0.0988850875        0.3797136354
 O          0.0080433221        1.3310852035       -0.3074229848
 O         -2.3608651799       -0.0432807802        0.3038850800
 H         -1.2057217772       -1.7585127814        0.1547695959
 H         -1.2794164545       -0.7446119463       -1.3185735727
 H          0.0243799879        0.0702834668        1.3233103632
 H          1.3378747222       -0.5779364581       -1.3448457783
 H          1.1991292792       -1.7501815110        0.0106097234
 H          3.2028854965       -0.4613964799       -0.0067027283
 H         -0.8274623514        1.7550498085       -0.0591804587
 H         -3.1810373532       -0.4563638093        0.0024438906
  14
 Etot=         -22.6909403798
 C         -1.2519497192       -0.7338602403       -0.2129235215
 C          0.0102589818        0.0331383059        0.2138979576
 C          1.2784631464       -0.6785021085       -0.2626495860
 O          2.3851189266       -0.1363003983        0.4235263420
 O          0.0015313663        1.3291022497       -0.3289729674
 O         -2.3582140317       -0.0454192403        0.3169027212
 H         -1.2036940990       -1.7589209747        0.1717699760
 H         -1.2948687682       -0.7594896109       -1.3093644070
 H          0.0349176897        0.0860587396        1.3132220393
 H          1.3713850059       -0.5276181187       -1.3480027915
 H          1.1860431836       -1.7548013845       -0.0473014067
 H          3.2022641304       -0.4680379688        0.0216785409
 H         -0.8355439260        1.7509020427       -0.0869599094
 H         -3.1815106504       -0.4552263827        0.0210141940
  14
 Etot=         -22.6910918992
 C         -1.2526463610       -0.7368305143       -0.2044429346
 C          0.0112647935        0.0348297875        0.2029079568
 C          1.2800309119       -0.6723467731       -0.2733750324
 O          2.3777546501       -0.1719226266        0.4601462155
 O         -0.0067212021        1.3282677553       -0.3529631433
 O         -2.3564536390       -0.0446416497        0.3292879746
 H         -1.2023994971       -1.7588236187        0.1894238862
 H         -1.3084625909       -0.7732852004       -1.3004857887
 H          0.0462166006        0.1022211385        1.3013073136
 H          1.4037103524       -0.4786720824       -1.3484627870
 H          1.1767936144       -1.7546314893       -0.1058171378
 H          3.1990255448       -0.4817564326        0.0569290485
 H         -0.8438755696        1.7469245117       -0.1089867579
 H         -3.1800363720       -0.4583078958        0.0403683677
  14
 Etot=         -22.6911788948
 C         -1.2518821620       -0.7391996670       -0.1983138222
 C          0.0119408716        0.0355389116        0.1951769672
 C          1.2812719391       -0.6689660921       -0.2800198208
 O          2.3698592955       -0.2031364673        0.4910772076
 O         -0.0119288410        1.3271302574       -0.3723417528
 O         -2.3546357502       -0.0404516131        0.3354119506
 H         -1.2007920683       -1.7572801585        0.2059799922
 H         -1.3137888377       -0.7852174170       -1.2935219940
 H          0.0529185955        0.1141895696        1.2924580957
 H          1.4249402023       -0.4377215800       -1.3440057439
 H          1.1670805696       -1.7556143539       -0.1535445397
 H          3.1968635317       -0.4889039151        0.0775803742
 H         -0.8503584361        1.7436572789       -0.1258688096
 H         -3.1772876739       -0.4629998433        0.0557690768
  14
 Etot=         -22.6912138815
 C         -1.2501705879       -0.7404444128       -0.1948733425
 C          0.0119831272        0.0370118697        0.1896568090
 C          1.2821730977       -0.6646003249       -0.2864415546
 O          2.3641349737       -0.2231195145        0.5006190068
 O         -0.0171797318        1.3280127055       -0.3857724872
 O         -2.3549961076       -0.0354331690        0.3342417655
 H         -1.1991363215       -1.7542885060        0.2196389412
 H         -1.3130647490       -0.7945138349       -1.2889383685
 H          0.0570201793        0.1232293489        1.2857633802
 H          1.4345959392       -0.4111179936       -1.3384570663
 H          1.1622493821       -1.7494281854       -0.1854514308
 H          3.1942831411       -0.5042085172        0.0983162831
 H         -0.8536582794        1.7434644238       -0.1284498976
 H         -3.1740328268       -0.4735389795        0.0659851431
  14
 Etot=         -22.6912458930
 C         -1.2493801186       -0.7430022006       -0.1888479651
 C          0.0125199132        0.0411649362        0.1840072439
 C          1.2837409410       -0.6592851387       -0.2942591205
 O          2.3593086074       -0.2517907422        0.5264889331
 O         -0.0216330937        1.3282315734       -0.4002447468
 O         -2.3540917820       -0.0326593476        0.3342024934
 H         -1.1950423608       -1.7511931781        0.2394015454
 H         -1.3140598662       -0.8107805441       -1.2821708497
 H          0.0618828580        0.1336159077        1.2793995641
 H          1.4506795212       -0.3704397692       -1.3385120231
 H          1.1477965836       -1.7496598083       -0.2292963777
 H          3.1938081868       -0.5158571791        0.1184293729
 H         -0.8586404968        1.7434294590       -0.1422458203
 H         -3.1726876569       -0.4807490580        0.0794849318
  14
 Etot=         -22.6912675623
 C         -1.2495412340       -0.7426219124       -0.1895135151
 C          0.0122772439        0.0418148388        0.1864154864
 C          1.2834709134       -0.6600904854       -0.2929323840
 O          2.3591307321       -0.2493080658        0.5220217000
 O         -0.0207529210        1.3284005301       -0.3950796963
 O         -2.3551096231       -0.0325849013        0.3295104561
 H         -1.1954324438       -1.7499594015        0.2394376450
 H         -1.3109389741       -0.8117339103       -1.2828979205
 H          0.0604177310        0.1312772175        1.2819823484
 H          1.4481515763       -0.3764550908       -1.3381538426
 H          1.1496226236       -1.7483625484       -0.2221128046
 H          3.1937822497       -0.5140143980        0.1100926787
 H         -0.8573902881        1.7450249919       -0.1384270436
 H         -3.1734863497       -0.4803619542        0.0754940735
