  16
 Etot=         -29.7975223103
 C         -1.4434291569       -1.2073019171        0.0013810446
 C         -0.0485382977       -1.2079852807        0.0015356944
 C          0.6486148901        0.0001137931        0.0012892608
 C         -0.0479538972        1.2082035765        0.0012805291
 C         -1.4433613482        1.2080311746        0.0011541361
 C         -2.1405145359       -0.0000678992        0.0014005698
 N         -3.5510968986       -0.0003738635        0.0029186271
 N          2.0694258951        0.0000712309       -0.0007321904
 O          2.6766280567       -1.0980101804       -0.0015977075
 O          2.6770590714        1.0974402506       -0.0011292192
 H         -1.9765563031       -2.1556583548        0.0020972781
 H          0.4829419774       -2.1563373384        0.0012328471
 H          0.4839141207        2.1561684332        0.0010754316
 H         -1.9765270993        2.1562201210        0.0010928885
 H         -4.0391011797       -0.8712362637       -0.0449614478
 H         -4.0390608846        0.8722575647       -0.0434552742
  16
 Etot=         -29.8036452452
 C         -1.4383169749       -1.2117106813        0.0004699818
 C         -0.0615290459       -1.2122349228        0.0019344137
 C          0.6354046250        0.0000134899        0.0014410914
 C         -0.0613068397        1.2122891119        0.0017413065
 C         -1.4382209713        1.2121930297        0.0001836080
 C         -2.1448089657        0.0001349689       -0.0025168268
 N         -3.5111830787        0.0000965174        0.0035234534
 N          2.0422881749       -0.0000213800       -0.0003212897
 O          2.6448800191       -1.0838483071       -0.0013447128
 O          2.6452067555        1.0833844041       -0.0009235154
 H         -1.9678895353       -2.1526348266        0.0013847716
 H          0.4811008269       -2.1467466105        0.0014620463
 H          0.4815256487        2.1466475102        0.0011747737
 H         -1.9677115272        2.1530804435        0.0007684195
 H         -4.0037430508       -0.8715556027       -0.0426603448
 H         -4.0032516503        0.8724479023       -0.0417347083
  16
 Etot=         -29.8049202090
 C         -1.4346373364       -1.2145766112       -0.0011277055
 C         -0.0687266230       -1.2151665513        0.0014808368
 C          0.6317895208       -0.0000332090        0.0011732606
 C         -0.0686092776        1.2151898308        0.0013149454
 C         -1.4344503286        1.2148712220       -0.0012645959
 C         -2.1545174064        0.0002216776       -0.0055566555
 N         -3.4869329094        0.0003519408       -0.0033659982
 N          2.0254137620       -0.0001037467        0.0003900828
 O          2.6265265850       -1.0769845439       -0.0003997130
 O          2.6267578953        1.0766270148       -0.0000214755
 H         -1.9675851445       -2.1498914841       -0.0015452175
 H          0.4889075809       -2.1378465695        0.0031562774
 H          0.4891661341        2.1378138214        0.0028915740
 H         -1.9672506834        2.1502680163       -0.0019895518
 H         -3.9869171747       -0.8708859245       -0.0354019369
 H         -3.9864901839        0.8716801632       -0.0351516595
  16
 Etot=         -29.8050243678
 C         -1.4334345454       -1.2147473879       -0.0031380440
 C         -0.0674628154       -1.2153905460        0.0009432924
 C          0.6345408298       -0.0000325401        0.0013699540
 C         -0.0672923600        1.2154364629        0.0007536804
 C         -1.4332362681        1.2150413914       -0.0033237939
 C         -2.1555025820        0.0002144741       -0.0078721686
 N         -3.4910178041        0.0003495246       -0.0080811278
 N          2.0261674891       -0.0001172366        0.0016549965
 O          2.6289060905       -1.0786034601        0.0013571451
 O          2.6290840274        1.0782548747        0.0016371092
 H         -1.9693635692       -2.1494658075       -0.0036085776
 H          0.4934297892       -2.1366257108        0.0030366042
 H          0.4937534540        2.1365924667        0.0027429112
 H         -1.9690177277        2.1498452918       -0.0038665338
 H         -3.9937000632       -0.8701895167       -0.0295521399
 H         -3.9934095346        0.8709727662       -0.0294708396
  16
 Etot=         -29.8050626673
 C         -1.4324356131       -1.2149491902       -0.0055061831
 C         -0.0671063823       -1.2157352507       -0.0004802995
 C          0.6370517925       -0.0000261008        0.0010310803
 C         -0.0668903563        1.2158126099       -0.0005817426
 C         -1.4322225426        1.2152497966       -0.0055969911
 C         -2.1564225765        0.0002162892       -0.0094349632
 N         -3.4922280762        0.0003445150       -0.0141032470
 N          2.0256913125       -0.0001382282        0.0034229294
 O          2.6307999626       -1.0797586259        0.0042155894
 O          2.6309521266        1.0793998806        0.0044117184
 H         -1.9720471135       -2.1484573890       -0.0068247265
 H          0.4977995375       -2.1349389470        0.0025659578
 H          0.4981753259        2.1349162707        0.0022561035
 H         -1.9716783379        2.1488505333       -0.0071046849
 H         -3.9985580608       -0.8687376688       -0.0218555967
 H         -3.9984365881        0.8694865521       -0.0218324762
