  14
 Etot=         -19.3244014052
 C          2.4279678245        0.0195145859        0.0006602268
 C          0.9412945800       -0.0092719181        0.0006232727
 C          0.2481636712       -1.2154203503       -0.0000859121
 C         -1.1421053684       -1.2111901786        0.0002354593
 C         -1.7876378835        0.0148688902       -0.0007298445
 N         -1.1481252313        1.2068726281        0.0000802901
 C          0.2032646360        1.1630272680       -0.0000247301
 H          2.8024967024        0.0264598980        1.0291386574
 H          2.8365935690       -0.8543248586       -0.5183268886
 H          2.8019732985        0.9072668675       -0.5193405347
 H          0.7827245477       -2.1609458047        0.0004473845
 H         -1.7033611174       -2.1383624862       -0.0009877195
 H         -2.8709755048        0.0726062074       -0.0007082397
 H          0.6886745038        2.1339376131        0.0005768494
  14
 Etot=         -19.3262188163
 C          2.4334185011        0.0210221192       -0.0039522513
 C          0.9409634509       -0.0159623149       -0.0084189636
 C          0.2467044223       -1.2201202738       -0.0028432333
 C         -1.1393571451       -1.2054473599        0.0030266433
 C         -1.7818292153        0.0200038129        0.0038667016
 N         -1.1417340807        1.1878390172        0.0028968396
 C          0.1903166110        1.1515078155       -0.0028795192
 H          2.8039602571        0.0289988868        1.0208244755
 H          2.8432642055       -0.8550528313       -0.5058482364
 H          2.8027019024        0.9153579702       -0.5046360251
 H          0.7815398581       -2.1603683124       -0.0067748621
 H         -1.7053918713       -2.1243084149        0.0013048207
 H         -2.8618451586        0.0887358900        0.0012902305
 H          0.6682364904        2.1228323572       -0.0062983492
  14
 Etot=         -19.3264139789
 C          2.4371933799        0.0219367607       -0.0046409009
 C          0.9427367488       -0.0189638472       -0.0120456964
 C          0.2457260672       -1.2224784406       -0.0069304332
 C         -1.1390674970       -1.2043170288        0.0006122729
 C         -1.7814828383        0.0226889174        0.0032067865
 N         -1.1368323673        1.1786171457        0.0011001181
 C          0.1861892859        1.1480454755       -0.0060787591
 H          2.8012621846        0.0300826187        1.0219619306
 H          2.8469652376       -0.8535746846       -0.5018467408
 H          2.8006749031        0.9196448891       -0.4980625630
 H          0.7815375550       -2.1603944163       -0.0104152166
 H         -1.7076884609       -2.1202768295        0.0047045779
 H         -2.8608348986        0.0950692465        0.0099003879
 H          0.6645689275        2.1189585554       -0.0099074927
  14
 Etot=         -19.3264231779
 C          2.4377961488        0.0219764016       -0.0042786933
 C          0.9432904341       -0.0190868474       -0.0131618320
 C          0.2451107381       -1.2222675545       -0.0074137661
 C         -1.1396113259       -1.2046850293        0.0025220667
 C         -1.7827622008        0.0228154034        0.0067335636
 N         -1.1363220760        1.1782516606        0.0016640628
 C          0.1864474106        1.1486409227       -0.0077924760
 H          2.7996031451        0.0299149932        1.0234370311
 H          2.8486416543       -0.8529208623       -0.5013510952
 H          2.8006736801        0.9202205498       -0.4967181919
 H          0.7814681550       -2.1600760015       -0.0130267324
 H         -1.7081959865       -2.1209158399        0.0039329120
 H         -2.8621313050        0.0943611683        0.0097100373
 H          0.6669397558        2.1188093972       -0.0126986156
