  11
 Etot=         -14.5448200362
 C         -2.5503640911        0.0647574133        0.0005675926
 C         -1.1310472746       -0.4846978627       -0.0002533789
 C         -0.0601889599        0.5990959505        0.0009467832
 Cl         1.5815562229       -0.0846631498        0.0004493226
 H         -3.2847289184       -0.7459263076       -0.0005301102
 H         -2.7170990417        0.6715986933        0.8960161490
 H         -2.7376928615        0.7016803789       -0.8698133974
 H         -0.9972839504       -1.1501646444        0.8606411185
 H         -1.0003157177       -1.1013295741       -0.8979162290
 H         -0.1543186969        1.2480147958        0.8769798447
 H         -0.1523058896        1.2191999803       -0.8962078653
  11
 Etot=         -14.5456366920
 C         -2.5373241694        0.0769719858        0.0062038250
 C         -1.1301063032       -0.5047843040       -0.0110680880
 C         -0.0904915793        0.6052445991       -0.0048786802
 Cl         1.5539716838       -0.0841223536        0.0041533039
 H         -3.2655157275       -0.7302764770        0.0018707721
 H         -2.7017277445        0.6824450771        0.8972794282
 H         -2.7118621547        0.7020151480       -0.8682064141
 H         -0.9851404374       -1.1456434944        0.8628284974
 H         -0.9914899858       -1.1229471876       -0.9032784494
 H         -0.1749899961        1.2319729396        0.8851654835
 H         -0.1691127648        1.2266897403       -0.8991898486
  11
 Etot=         -14.5457451362
 C         -2.5394706717        0.0769319181        0.0054549158
 C         -1.1319147966       -0.5074826627       -0.0113495710
 C         -0.0943496430        0.6030438485       -0.0059120899
 Cl         1.5620568047       -0.0739047859        0.0022165070
 H         -3.2719998068       -0.7245094422        0.0013779605
 H         -2.6944059223        0.6817170768        0.8952901157
 H         -2.7054774142        0.7008585095       -0.8687810815
 H         -0.9835896330       -1.1420789052        0.8643810042
 H         -0.9943160232       -1.1247879700       -0.9011364652
 H         -0.1788458582        1.2226281125        0.8866497878
 H         -0.1714762148        1.2251499740       -0.8973112536
  11
 Etot=         -14.5457725563
 C         -2.5401965481        0.0769646776        0.0043964299
 C         -1.1318769588       -0.5093300347       -0.0100396017
 C         -0.0971326528        0.6032605621       -0.0053503393
 Cl         1.5676170774       -0.0694697768       -0.0018362802
 H         -3.2751759440       -0.7219824243        0.0000862688
 H         -2.6912045754        0.6817498148        0.8938994997
 H         -2.7018957874        0.7008945907       -0.8700979252
 H         -0.9842124199       -1.1424386736        0.8658865671
 H         -0.9959965467       -1.1266447641       -0.8987538263
 H         -0.1798416730        1.2195954028        0.8884172815
 H         -0.1738731503        1.2249662990       -0.8957282446
