  8
 Etot=         -15.4231711856
 C         -0.0006382120       -1.8070600773       -0.1559087460
 C         -0.0000389360       -0.4136423134        0.4455333344
 Cl        -1.4561075582        0.4757928594       -0.0574331064
 Cl         1.4568516016        0.4748321059       -0.0575344224
 H          0.8881320030       -2.3780084111        0.1390056567
 H         -0.8833018597       -2.3709809408        0.1661660042
 H         -0.0230621722       -1.7604301621       -1.2503075842
 H          0.0001302939       -0.4653730341        1.5377622042
  8
 Etot=         -15.4239371014
 C         -0.0043190424       -1.8198254554       -0.1664040010
 C          0.0003452869       -0.4387459959        0.4455466351
 Cl        -1.4418156649        0.4817859619       -0.0534932124
 Cl         1.4431122037        0.4793018472       -0.0575646224
 H          0.8881663032       -2.3601306584        0.1467273911
 H         -0.8868431311       -2.3631142431        0.1696499256
 H         -0.0188879170       -1.7623590715       -1.2546132459
 H          0.0022071220       -0.4617823581        1.5374344706
  8
 Etot=         -15.4240237368
 C         -0.0044918813       -1.8222324783       -0.1681236037
 C         -0.0005071940       -0.4442056269        0.4433879606
 Cl        -1.4482699374        0.4815041781       -0.0498890808
 Cl         1.4477710737        0.4761805521       -0.0586200670
 H          0.8870179876       -2.3551269292        0.1500493303
 H         -0.8868007528       -2.3588212831        0.1689640397
 H         -0.0156927456       -1.7603812556       -1.2526972272
 H          0.0029386102       -0.4617871304        1.5342119888
  8
 Etot=         -15.4240390869
 C         -0.0044673952       -1.8229974119       -0.1679503056
 C         -0.0002897499       -0.4458056477        0.4449126077
 Cl        -1.4499010804        0.4826956918       -0.0495359483
 Cl         1.4483074091        0.4784704883       -0.0608415724
 H          0.8856722226       -2.3569956041        0.1508645236
 H         -0.8874307328       -2.3592808710        0.1665443269
 H         -0.0138567957       -1.7602139423       -1.2520216725
 H          0.0039312828       -0.4607426765        1.5353113812
