  14
 Etot=         -20.7811296959
 C          1.9801121975       -0.8082382903        0.3578811454
 C          0.7248271507        0.0437979507        0.2543451832
 C          1.0266231841        1.4338469312       -0.2861813990
 O         -0.2099519763       -0.6010039939       -0.6049926060
 C         -1.5217107026       -0.3854421670       -0.3141023472
 O         -1.9774553156        0.2935211580        0.5930969976
 H          1.7520123337       -1.8053726993        0.7475302469
 H          2.4504439872       -0.9166194011       -0.6252467926
 H          2.7232566319       -0.3386006209        1.0123418464
 H          0.2582942201        0.1294243232        1.2411866847
 H          0.1173932347        2.0387399369       -0.3569440359
 H          1.4800113970        1.3645836313       -1.2812973338
 H          1.7472153668        1.9563802777        0.3522031308
 H         -2.1399711083       -0.9315023260       -1.0432596509
  14
 Etot=         -20.7845915918
 C          1.9763874162       -0.8105205393        0.3488088751
 C          0.7304694232        0.0584285178        0.2707390610
 C          1.0378524602        1.4419336527       -0.2875706735
 O         -0.2206691959       -0.5956261288       -0.5829636472
 C         -1.5095852250       -0.3906322592       -0.3230797078
 O         -1.9652210627        0.2735547660        0.5714093835
 H          1.7354229514       -1.7975972602        0.7383011152
 H          2.4241065035       -0.9241427550       -0.6382473178
 H          2.7045774359       -0.3413238867        1.0074670825
 H          0.2725631403        0.1558929899        1.2637886264
 H          0.1272891807        2.0364147664       -0.3462342020
 H          1.4681766386        1.3580219971       -1.2862112433
 H          1.7484277191        1.9549800741        0.3572538894
 H         -2.1186967847       -0.9458692241       -1.0469001719
  14
 Etot=         -20.7850865387
 C          1.9754836738       -0.8132715837        0.3460419996
 C          0.7379523170        0.0699891033        0.2844213788
 C          1.0407686692        1.4504586186       -0.2883818535
 O         -0.2287624608       -0.5980907435       -0.5606824297
 C         -1.4989879042       -0.4191741982       -0.3117989170
 O         -1.9686882969        0.2715656109        0.5522322082
 H          1.7219030712       -1.7954544920        0.7324976163
 H          2.4002861649       -0.9270561665       -0.6468427597
 H          2.7048023084       -0.3514078899        1.0015361757
 H          0.2868653343        0.1746521762        1.2805939910
 H          0.1295234143        2.0412589190       -0.3391761164
 H          1.4567459183        1.3544030648       -1.2876619530
 H          1.7512650831        1.9584525810        0.3531765318
 H         -2.0980566917       -0.9428102896       -1.0693948025
  14
 Etot=         -20.7847343189
 C          1.9701906866       -0.8176077771        0.3438725246
 C          0.7442717745        0.0837956947        0.2940780496
 C          1.0496978311        1.4618487821       -0.2850935752
 O         -0.2345050850       -0.5787191570       -0.5595218318
 C         -1.4916151522       -0.3881988717       -0.3466771170
 O         -1.9822470082        0.2580997553        0.5426398546
 H          1.7003962098       -1.7971329195        0.7233378521
 H          2.3781025951       -0.9292724684       -0.6535908819
 H          2.7065028349       -0.3702278682        0.9979592312
 H          0.2915394135        0.1919214240        1.2887370764
 H          0.1398302830        2.0541214165       -0.3289357447
 H          1.4552044157        1.3574502874       -1.2848315971
 H          1.7640286941        1.9623523676        0.3538784860
 H         -2.0802968921       -1.0149159550       -1.0392912573
  14
 Etot=         -20.7854423074
 C          1.9726657211       -0.8142110421        0.3456170363
 C          0.7414482594        0.0776339629        0.2913041726
 C          1.0456076289        1.4557563008       -0.2851123316
 O         -0.2276899355       -0.5894282807       -0.5595784111
 C         -1.4981239568       -0.4064228540       -0.3281649247
 O         -1.9881217622        0.2674928346        0.5437821105
 H          1.7102764405       -1.7960425115        0.7287608639
 H          2.3894217460       -0.9274378977       -0.6507709813
 H          2.7128380505       -0.3636835387        0.9977502273
 H          0.2879878999        0.1824768282        1.2852862613
 H          0.1357261685        2.0501077266       -0.3298286300
 H          1.4545518614        1.3570076157       -1.2870218957
 H          1.7641016125        1.9622503766        0.3499148612
 H         -2.0895891335       -0.9819848101       -1.0553772892
  14
 Etot=         -20.7854565852
 C          1.9719768264       -0.8140935488        0.3461272655
 C          0.7422384176        0.0791571401        0.2926578628
 C          1.0457744877        1.4565374378       -0.2846147452
 O         -0.2273999359       -0.5895008001       -0.5588166906
 C         -1.4969107833       -0.4088940829       -0.3277602845
 O         -1.9908763193        0.2662711063        0.5413740069
 H          1.7085524403       -1.7956938468        0.7294785317
 H          2.3871987936       -0.9274865912       -0.6508822343
 H          2.7150500680       -0.3658869922        0.9969109498
 H          0.2875844504        0.1839571391        1.2857029332
 H          0.1368607062        2.0527868421       -0.3262768895
 H          1.4515470214        1.3573966673       -1.2878220725
 H          1.7678433350        1.9625638941        0.3472931426
 H         -2.0883389073       -0.9835996542       -1.0568107064
