  15
 Etot=         -22.6346641445
 C         -4.1601121115        0.0001751065        0.0006999359
 C         -2.6682408355        0.0004644015       -0.0003062402
 C         -1.9715965521       -1.2080089090       -0.0003154549
 C         -0.5767755329       -1.2079533888       -0.0008822898
 C          0.1213856438       -0.0007831672       -0.0010475591
 C         -0.5762580403        1.2077098153       -0.0010098579
 C         -1.9710790595        1.2076542951       -0.0004430230
 Br         2.0105762538        0.0000805883        0.0003991747
 H         -4.5345972457        0.0012877038       -1.0272444431
 H         -4.5508797133       -0.8803183145        0.5198107303
 H         -4.5501890717        0.8826077756        0.5201626869
 H         -2.5065606570       -2.1539459556       -0.0015444537
 H         -0.0481849302       -2.1586085339       -0.0017597878
 H         -0.0482430621        2.1578603927       -0.0007585067
 H         -2.5058055837        2.1535682994       -0.0009337542
  15
 Etot=         -22.6360986768
 C         -4.1667302933        0.0004050071        0.0055624768
 C         -2.6710864820        0.0002808285        0.0098549695
 C         -1.9653452495       -1.1981178713        0.0023747953
 C         -0.5800214561       -1.2032344928       -0.0044293595
 C          0.1074188527       -0.0004108266       -0.0050251598
 C         -0.5795030470        1.2030549418       -0.0038052214
 C         -1.9648370347        1.1980349612        0.0029001419
 Br         2.0125940348       -0.0005083925       -0.0009226464
 H         -4.5366098529        0.0012401522       -1.0191718108
 H         -4.5574706845       -0.8840585069        0.5062848077
 H         -4.5570171372        0.8854468184        0.5066801192
 H         -2.4957618509       -2.1386881574        0.0049525148
 H         -0.0438349665       -2.1425249882       -0.0029950144
 H         -0.0433689550        2.1420934696       -0.0030438289
 H         -2.4949863759        2.1387771661        0.0056103735
  15
 Etot=         -22.6363087083
 C         -4.1709209868        0.0005674713        0.0063424151
 C         -2.6745909799        0.0002319973        0.0132631666
 C         -1.9639178952       -1.1946301233        0.0065151961
 C         -0.5815637291       -1.2037585064       -0.0015199251
 C          0.0986911066       -0.0002325188       -0.0040625516
 C         -0.5810546264        1.2035529856       -0.0016953509
 C         -1.9634191629        1.1947939006        0.0064216138
 Br         2.0177821477       -0.0007516239       -0.0073313590
 H         -4.5343571421        0.0008646885       -1.0201885920
 H         -4.5593523771       -0.8855697629        0.5004236062
 H         -4.5589658941        0.8866765224        0.5007248915
 H         -2.4938587601       -2.1336176289        0.0090728549
 H         -0.0393947842       -2.1365610098       -0.0068831358
 H         -0.0386010803        2.1362114435       -0.0056869624
 H         -2.4930363339        2.1340122741        0.0094312900
  15
 Etot=         -22.6363318362
 C         -4.1715293883        0.0005906008        0.0056371275
 C         -2.6753883481        0.0002484600        0.0147204288
 C         -1.9642604431       -1.1947519461        0.0075653369
 C         -0.5815666591       -1.2051807608       -0.0025764064
 C          0.0961116207       -0.0002362532       -0.0059015486
 C         -0.5810815003        1.2049274589       -0.0019371520
 C         -1.9637860830        1.1949977772        0.0080486882
 Br         2.0206576513       -0.0007263055       -0.0118818211
 H         -4.5319511090        0.0009593139       -1.0224048245
 H         -4.5603169657       -0.8857381105        0.4985593039
 H         -4.5599566520        0.8866605952        0.4991454639
 H         -2.4952613174       -2.1338516568        0.0118939635
 H         -0.0373178201       -2.1364560303       -0.0042545613
 H         -0.0364807047        2.1360356716       -0.0040412082
 H         -2.4944327789        2.1343112948        0.0122543670
