  12
 Etot=         -32.0765568776
 C          1.1777358207       -1.2084125260       -0.0004955425
 C          1.8764469434       -0.0011331438        0.0000145414
 C          1.1794532427        1.2070579747        0.0000616171
 C         -0.2150669287        1.2086349010       -0.0000088079
 C         -0.9132957226        0.0004799775       -0.0004908486
 C         -0.2163020218       -1.2077111410       -0.0005379243
 Cl        -1.0137380249       -2.7446177154       -0.0004893010
 Cl        -2.6514878021        0.0012406124        0.0011572177
 Cl        -1.0095510177        2.7457167400       -0.0006815980
 Cl         3.5978955006       -0.0019113513        0.0005238232
 H          1.7249626210       -2.1496248287       -0.0009755149
 H          1.7275571452        2.1474770313        0.0003933307
  12
 Etot=         -32.0778975799
 C          1.1853409130       -1.2071986724       -0.0004618723
 C          1.8735710749       -0.0011382617       -0.0001052940
 C          1.1868249471        1.2057211503       -0.0000223937
 C         -0.2009602193        1.2011443856       -0.0000873229
 C         -0.9021811054        0.0005547186       -0.0000286956
 C         -0.2022289663       -1.2005186815       -0.0003221630
 Cl        -1.0428518461       -2.7085104252       -0.0005302635
 Cl        -2.6355243884        0.0016408088        0.0004226832
 Cl        -1.0390795045        2.7096109613       -0.0001897129
 Cl         3.5930986141       -0.0020065774        0.0002729376
 H          1.7230718153       -2.1439059832       -0.0006970913
 H          1.7255284216        2.1418031074        0.0002201812
  12
 Etot=         -32.0780938277
 C          1.1898554144       -1.2090757579       -0.0002978669
 C          1.8709656218       -0.0011190265       -0.0001007566
 C          1.1912966925        1.2076152987        0.0000292276
 C         -0.1939505981        1.1998827477        0.0000073734
 C         -0.9001380820        0.0005996662       -0.0001122423
 C         -0.1953282486       -1.1994297049       -0.0003177577
 Cl        -1.0556973817       -2.6925901550       -0.0005309878
 Cl        -2.6289629635        0.0017109016        0.0000867807
 Cl        -1.0522605984        2.6937850713        0.0001146913
 Cl         3.5904136007       -0.0021185418       -0.0000129229
 H          1.7229309374       -2.1445265510       -0.0004681749
 H          1.7254853612        2.1424625820        0.0000736289
  12
 Etot=         -32.0781089378
 C          1.1903433443       -1.2098910623       -0.0002909712
 C          1.8701220215       -0.0011109417       -0.0001409743
 C          1.1918082483        1.2084689529       -0.0000052040
 C         -0.1935506979        1.2004921582       -0.0000038816
 C         -0.9013991524        0.0006022234       -0.0001085945
 C         -0.1949803527       -1.2000901941       -0.0002819715
 Cl        -1.0561592322       -2.6914746120       -0.0004949478
 Cl        -2.6279662524        0.0016635616       -0.0000328344
 Cl        -1.0528075559        2.6927493293        0.0001924563
 Cl         3.5903805300       -0.0021527263       -0.0000994689
 H          1.7230996300       -2.1456601180       -0.0004009611
 H          1.7257192251        2.1435999595        0.0001383456
