  9
 Etot=         -11.3895580301
 C         -1.1746017279       -0.2502711604        0.0008711449
 O          0.0005264077        0.5485466895       -0.0000815241
 C          1.1750447644       -0.2514133075       -0.0008771756
 H         -2.0560144708        0.3965483071        0.0019449904
 H         -1.1796782270       -0.8908441526        0.8860922872
 H         -1.1830206773       -0.8721923370       -0.8966928759
 H          2.0524701057        0.3973821015       -0.0023897180
 H          1.1744654247       -0.8907138218       -0.8851935877
 H          1.1781427127       -0.8693295575        0.8976048280
  9
 Etot=         -11.3904467353
 C         -1.1712764354       -0.2567946398       -0.0016744232
 O         -0.0012969259        0.5409904187       -0.0003688576
 C          1.1694025511       -0.2573614490        0.0019176722
 H         -2.0218977946        0.4220587946        0.0030782521
 H         -1.2002891133       -0.8932433768        0.8885668110
 H         -1.2039768705       -0.8836466383       -0.8989977402
 H          2.0185308556        0.4222311158       -0.0037491321
 H          1.1971657249       -0.8941439948       -0.8875445102
 H          1.2009723202       -0.8823774691        0.9000502971
  9
 Etot=         -11.3905797889
 C         -1.1756861211       -0.2585456414       -0.0019145967
 O         -0.0017065987        0.5273246201       -0.0004600345
 C          1.1730132576       -0.2586368670        0.0021600358
 H         -2.0105543766        0.4382151698        0.0025217982
 H         -1.2185409791       -0.8953002764        0.8885445230
 H         -1.2211947585       -0.8890121572       -0.8969764973
 H          2.0076532646        0.4382999405       -0.0030876901
 H          1.2159465007       -0.8965543709       -0.8875228561
 H          1.2184041233       -0.8880776562        0.8980136867
  9
 Etot=         -11.3905906565
 C         -1.1776747034       -0.2585602165       -0.0015236487
 O         -0.0015171050        0.5223112561       -0.0005000510
 C          1.1749378284       -0.2585566985        0.0017451627
 H         -2.0092211663        0.4414394560        0.0016433757
 H         -1.2246182594       -0.8951812296        0.8889384214
 H         -1.2264806140       -0.8900133820       -0.8955705734
 H          2.0064412756        0.4415064438       -0.0021201721
 H          1.2219854772       -0.8963166573       -0.8879476233
 H          1.2234815791       -0.8889162106        0.8966134779
