  16
 Etot=         -29.7748235092
 C         -2.6133864358       -0.2170810328       -0.0000804553
 C         -1.9370713906       -1.4370463886       -0.0019487175
 C         -0.5424448122       -1.4603419489       -0.0021018459
 C          0.1758282917       -0.2650309783        0.0000033117
 C         -0.5014856939        0.9549707301        0.0018997977
 C         -1.8961122723        0.9782662904        0.0020529261
 N          0.2029325512        2.1812083139        0.0052649102
 N          1.5974394425       -0.3175898587        0.0005508602
 O          2.2021344873       -0.3427985587        1.0978791723
 O          2.2023559672       -0.3378171023       -1.0974304041
 H         -3.6998493277       -0.1986710533        0.0005955673
 H         -2.4955817083       -2.3677763948       -0.0049287482
 H         -0.0287989396       -2.4188732981       -0.0039913834
 H         -2.4342220687        1.9233048016        0.0058025055
 H         -0.3118842532        3.0347552544       -0.0407924276
 H          1.2001324614        2.1672494076       -0.0425418671
  16
 Etot=         -29.7806147335
 C         -2.6004554896       -0.2140321663        0.0008929509
 C         -1.9298595843       -1.4303720787       -0.0025627307
 C         -0.5458522881       -1.4543053598       -0.0022579364
 C          0.1678078322       -0.2614714015       -0.0002772416
 C         -0.4976654722        0.9697797882        0.0007634249
 C         -1.8939619929        0.9746823419        0.0025142063
 N          0.1959292520        2.1613334977        0.0134363084
 N          1.5925541482       -0.3149756752        0.0007701562
 O          2.1820002627       -0.3474177119        1.0780934937
 O          2.1828971842       -0.3401468861       -1.0769131210
 H         -3.6803535031       -0.1960142952        0.0006905932
 H         -2.4817787770       -2.3576759967       -0.0052628561
 H         -0.0235094505       -2.4007126244       -0.0038876208
 H         -2.4251348032        1.9143239121        0.0050298373
 H         -0.3172776116        3.0173820573       -0.0435949495
 H          1.1946465920        2.1563507821       -0.0472013129
  16
 Etot=         -29.7817098095
 C         -2.5941641034       -0.2133026452        0.0007590378
 C         -1.9298074316       -1.4319575614       -0.0029470918
 C         -0.5503024412       -1.4550117818       -0.0018765781
 C          0.1593387147       -0.2628850862        0.0014623444
 C         -0.4906798541        0.9817663958        0.0031352546
 C         -1.8919883036        0.9707564992        0.0035796570
 N          0.1951421056        2.1488393081        0.0234291210
 N          1.5909625005       -0.3236221014        0.0023103167
 O          2.1675814705       -0.3453379203        1.0705675103
 O          2.1683322027       -0.3277722724       -1.0666932284
 H         -3.6714583710       -0.1927281222        0.0005555632
 H         -2.4793374618       -2.3575240901       -0.0071296140
 H         -0.0157431119       -2.3916163124       -0.0048814634
 H         -2.4165710108        1.9110024091        0.0061061207
 H         -0.3158088244        3.0078299162       -0.0501949861
 H          1.1944902189        2.1582915486       -0.0579487620
  16
 Etot=         -29.7818056615
 C         -2.5936916218       -0.2149076684        0.0012251368
 C         -1.9294092631       -1.4344765918       -0.0031062937
 C         -0.5492971547       -1.4538497602       -0.0020120966
 C          0.1567353857       -0.2597287489        0.0020941472
 C         -0.4902881104        0.9862880883        0.0038564754
 C         -1.8930109725        0.9696639540        0.0041791624
 N          0.1947538151        2.1536515738        0.0285019430
 N          1.5917988633       -0.3133358136        0.0035873050
 O          2.1644637040       -0.3694455690        1.0742450071
 O          2.1662736292       -0.3383217174       -1.0677099888
 H         -3.6713963181       -0.1943657642        0.0004829139
 H         -2.4784760466       -2.3606325353       -0.0075722278
 H         -0.0088260047       -2.3874920741       -0.0045872605
 H         -2.4175809088        1.9107772134        0.0066308832
 H         -0.3155637413        3.0130079131       -0.0540042248
 H          1.1935010435        2.1698956838       -0.0655776798
  16
 Etot=         -29.7819159194
 C         -2.5940616280       -0.2158121633        0.0016312153
 C         -1.9317009994       -1.4372404589       -0.0030847768
 C         -0.5509936378       -1.4565153533       -0.0015859705
 C          0.1543023644       -0.2624078508        0.0028583955
 C         -0.4887613698        0.9853769833        0.0043524065
 C         -1.8922757163        0.9682129599        0.0046626153
 N          0.1972304462        2.1548095040        0.0342226402
 N          1.5918602075       -0.3205382276        0.0050543438
 O          2.1630921142       -0.3731783827        1.0784712025
 O          2.1665779699       -0.3222056899       -1.0688294751
 H         -3.6723099249       -0.1935334280        0.0004928308
 H         -2.4821894450       -2.3629367072       -0.0081134129
 H         -0.0076419954       -2.3889659806       -0.0038416579
 H         -2.4159915389        1.9109342561        0.0072936517
 H         -0.3119430562        3.0144950178       -0.0585479950
 H          1.1947925086        2.1762337047       -0.0748028116
  16
 Etot=         -29.7819760230
 C         -2.5936657624       -0.2160635515        0.0017980608
 C         -1.9326168351       -1.4384942830       -0.0027170761
 C         -0.5517772898       -1.4577061507        0.0002498138
 C          0.1526921243       -0.2633858969        0.0044887205
 C         -0.4877185106        0.9850233132        0.0051943098
 C         -1.8915420673        0.9675558445        0.0052864868
 N          0.1979190063        2.1548222742        0.0427913483
 N          1.5923414138       -0.3234067430        0.0073675000
 O          2.1616548118       -0.3899350409        1.0811142557
 O          2.1672689670       -0.3020654958       -1.0668864810
 H         -3.6721241310       -0.1926967770        0.0004919788
 H         -2.4841964902       -2.3635757564       -0.0092645828
 H         -0.0064613298       -2.3890594078       -0.0022660538
 H         -2.4148652711        1.9109210747        0.0084095379
 H         -0.3103119558        3.0139753449       -0.0667924456
 H          1.1933896189        2.1808194350       -0.0890321710
  16
 Etot=         -29.7812053043
 C         -2.5911009894       -0.2171727018        0.0031989367
 C         -1.9375410792       -1.4453111366        0.0019452515
 C         -0.5560010194       -1.4647412105        0.0168848178
 C          0.1434620742       -0.2687778712        0.0159768017
 C         -0.4816976496        0.9819578765        0.0077126375
 C         -1.8869408486        0.9643682026        0.0077247724
 N          0.2023757171        2.1551279177        0.1075516215
 N          1.5959093291       -0.3394992684        0.0239983944
 O          2.1518711037       -0.5418298434        1.0975080341
 O          2.1745259735       -0.1320141668       -1.0505985420
 H         -3.6708013766       -0.1875158196       -0.0005170295
 H         -2.4963386253       -2.3662499606       -0.0141299327
 H          0.0001164127       -2.3899166843        0.0168934747
 H         -2.4085752855        1.9109985495        0.0119635191
 H         -0.2995382808        3.0083491636       -0.1282107939
 H          1.1802608432        2.2089551367       -0.1976687614
  16
 Etot=         -29.7822259301
 C         -2.5924777491       -0.2161509732        0.0024085883
 C         -1.9339307098       -1.4403924898       -0.0000686037
 C         -0.5530281719       -1.4601016135        0.0084888524
 C          0.1499663194       -0.2651073998        0.0072934616
 C         -0.4856345180        0.9836694569       -0.0001437751
 C         -1.8896439453        0.9668160979        0.0037339870
 N          0.1992899492        2.1546319197        0.0568686296
 N          1.5935371276       -0.3296230730        0.0128469048
 O          2.1580429820       -0.4509256739        1.0834572973
 O          2.1704632378       -0.2343025637       -1.0576023467
 H         -3.6712801467       -0.1906776547        0.0019529241
 H         -2.4882991555       -2.3638018418       -0.0106350742
 H         -0.0045213119       -2.3894886610        0.0078921326
 H         -2.4126031106        1.9109468636        0.0099126871
 H         -0.3060255414        3.0109589021       -0.0846067628
 H          1.1861310433        2.1902768877       -0.1215657003
  16
 Etot=         -29.7824129535
 C         -2.5922963070       -0.2159794432        0.0016493652
 C         -1.9336788379       -1.4402791674        0.0016607315
 C         -0.5528726927       -1.4600947698        0.0123754990
 C          0.1499777611       -0.2649056772        0.0079945535
 C         -0.4855467422        0.9835634642       -0.0015645793
 C         -1.8895508168        0.9670642921        0.0023725541
 N          0.1994655553        2.1547572354        0.0605311532
 N          1.5937677486       -0.3297610452        0.0135485919
 O          2.1574552932       -0.4805921235        1.0820861460
 O          2.1714301496       -0.2065055169       -1.0548463003
 H         -3.6711250255       -0.1905678829        0.0009235921
 H         -2.4883229399       -2.3634973805       -0.0078941325
 H         -0.0042349305       -2.3893600254        0.0148022839
 H         -2.4127459610        1.9110842328        0.0053771487
 H         -0.3061260689        3.0103692679       -0.0851610648
 H          1.1843901136        2.1914327230       -0.1336223403
  16
 Etot=         -29.7826450893
 C         -2.5920212324       -0.2158245942        0.0010557248
 C         -1.9336748092       -1.4404342127        0.0044645018
 C         -0.5529822482       -1.4604494970        0.0178408302
 C          0.1498170321       -0.2651184951        0.0090681307
 C         -0.4851313237        0.9834647150       -0.0044887658
 C         -1.8892210955        0.9671337389       -0.0002231463
 N          0.1999723852        2.1546512209        0.0632315504
 N          1.5938224608       -0.3309095950        0.0143159308
 O          2.1565831809       -0.5138337764        1.0795274496
 O          2.1722354529       -0.1724555822       -1.0512509275
 H         -3.6708903324       -0.1902230991       -0.0004954795
 H         -2.4887839165       -2.3633733218       -0.0055222568
 H         -0.0039325957       -2.3894298785        0.0225613184
 H         -2.4124290151        1.9112036703        0.0025022348
 H         -0.3056826506        3.0096645539       -0.0882213603
 H          1.1823050063        2.1926623363       -0.1441325332
  16
 Etot=         -29.7829107488
 C         -2.5917032280       -0.2156451488        0.0004612310
 C         -1.9335655289       -1.4405665313        0.0067830946
 C         -0.5530299868       -1.4606736574        0.0231675842
 C          0.1498564366       -0.2652318583        0.0102909721
 C         -0.4846665032        0.9836588818       -0.0065943707
 C         -1.8889088549        0.9671951654       -0.0017520006
 N          0.2002868258        2.1546799909        0.0647239204
 N          1.5936896492       -0.3318748874        0.0150888254
 O          2.1557672438       -0.5460458249        1.0760389955
 O          2.1727137582       -0.1405840668       -1.0465888983
 H         -3.6705981369       -0.1899110088       -0.0023520562
 H         -2.4889964589       -2.3633124094       -0.0035683060
 H         -0.0035199063       -2.3893493814        0.0304326336
 H         -2.4120910491        1.9113357190       -0.0008202097
 H         -0.3058776050        3.0092242681       -0.0892891933
 H          1.1806296433        2.1938289328       -0.1557890200
  16
 Etot=         -29.7831974043
 C         -2.5914203220       -0.2154414567       -0.0002013687
 C         -1.9333780071       -1.4406106247        0.0090022616
 C         -0.5530350713       -1.4607854526        0.0282756466
 C          0.1501466093       -0.2653025847        0.0113648988
 C         -0.4842649340        0.9838814602       -0.0089440997
 C         -1.8886423198        0.9672859165       -0.0034848100
 N          0.2005380494        2.1546783539        0.0645585267
 N          1.5933839127       -0.3326133920        0.0156078827
 O          2.1550743909       -0.5754044914        1.0715961911
 O          2.1731443724       -0.1117587595       -1.0414325859
 H         -3.6703255305       -0.1896582614       -0.0041478325
 H         -2.4890280603       -2.3632246468       -0.0018245577
 H         -0.0032367326       -2.3892552708        0.0379602508
 H         -2.4118124094        1.9114572295       -0.0032205215
 H         -0.3063642928        3.0090507042       -0.0899559162
 H          1.1792066441        2.1944294598       -0.1649207641
  16
 Etot=         -29.7834964396
 C         -2.5911596638       -0.2152152074       -0.0007780060
 C         -1.9330710026       -1.4405420755        0.0109248161
 C         -0.5529605545       -1.4607328040        0.0329068568
 C          0.1506778584       -0.2652603182        0.0122616600
 C         -0.4839460582        0.9841925534       -0.0110713772
 C         -1.8884449674        0.9674255907       -0.0048252989
 N          0.2006163932        2.1547467841        0.0631628671
 N          1.5929341828       -0.3330598320        0.0158933912
 O          2.1545108314       -0.6012057520        1.0664868148
 O          2.1734878912       -0.0873109134       -1.0360092071
 H         -3.6700530215       -0.1895026621       -0.0059665970
 H         -2.4888026163       -2.3631019860       -0.0003203366
 H         -0.0030334761       -2.3890903781        0.0449485164
 H         -2.4116380415        1.9115717816       -0.0056176683
 H         -0.3072867112        3.0091005377       -0.0891883908
 H          1.1781552549        2.1947128646       -0.1725748386
  16
 Etot=         -29.7838019001
 C         -2.5909208011       -0.2149962688       -0.0013262131
 C         -1.9327690785       -1.4404741888        0.0128501803
 C         -0.5529018036       -1.4606682059        0.0372020757
 C          0.1512651841       -0.2652362827        0.0129237465
 C         -0.4836522311        0.9844511078       -0.0134936064
 C         -1.8882564512        0.9675554340       -0.0064157683
 N          0.2006573962        2.1548027204        0.0609130907
 N          1.5924140122       -0.3335111689        0.0160232578
 O          2.1538655759       -0.6258834566        1.0610354955
 O          2.1739882109       -0.0638840321       -1.0305079826
 H         -3.6698002299       -0.1893654362       -0.0074660066
 H         -2.4885770337       -2.3629833789        0.0015104765
 H         -0.0028791871       -2.3889334601        0.0516774706
 H         -2.4114763102        1.9116707592       -0.0079328267
 H         -0.3082084989        3.0092424323       -0.0884034600
 H          1.1772375448        2.1949416088       -0.1783567279
  16
 Etot=         -29.7841102192
 C         -2.5906821274       -0.2147554181       -0.0018505573
 C         -1.9323805873       -1.4403305778        0.0145555194
 C         -0.5527872450       -1.4604900073        0.0412326264
 C          0.1519913609       -0.2651208026        0.0135619136
 C         -0.4833979472        0.9848093796       -0.0154905554
 C         -1.8881188502        0.9677192297       -0.0076128349
 N          0.2005147276        2.1549023933        0.0584137553
 N          1.5918255762       -0.3337878093        0.0160777007
 O          2.1533146034       -0.6473838380        1.0552396830
 O          2.1743903362       -0.0443399231       -1.0248044956
 H         -3.6695306950       -0.1892864594       -0.0091068584
 H         -2.4881739089       -2.3628367713        0.0028626801
 H         -0.0027393444       -2.3886974560        0.0577311265
 H         -2.4113849922        1.9117607229       -0.0100389282
 H         -0.3094757146        3.0095006576       -0.0865988518
 H          1.1766211068        2.1950648633       -0.1839387216
  16
 Etot=         -29.7844180403
 C         -2.5904495904       -0.2145632144       -0.0022834877
 C         -1.9321095341       -1.4403184350        0.0164862534
 C         -0.5527739857       -1.4604425347        0.0450401623
 C          0.1525626240       -0.2651271799        0.0139571234
 C         -0.4830975158        0.9850278110       -0.0181140349
 C         -1.8879325660        0.9678107337       -0.0093849861
 N          0.2004561825        2.1549845199        0.0554960830
 N          1.5912523039       -0.3343893417        0.0160641043
 O          2.1525363997       -0.6709916564        1.0493804103
 O          2.1750725725       -0.0219723909       -1.0191703024
 H         -3.6692920240       -0.1891618066       -0.0101956676
 H         -2.4880103076       -2.3627572903        0.0051648549
 H         -0.0025466504       -2.3885134472        0.0640449453
 H         -2.4112245042        1.9118353189       -0.0125552675
 H         -0.3103164436        3.0097538201       -0.0859803118
 H          1.1758593380        2.1955532772       -0.1877166769
  16
 Etot=         -29.7844325379
 C         -2.5878706015       -0.2106867701       -0.0073752538
 C         -1.9255035195       -1.4369100949        0.0428633861
 C         -0.5508093393       -1.4566213483        0.1017281444
 C          0.1669802101       -0.2630376244        0.0218412177
 C         -0.4807503030        0.9892998702       -0.0529503638
 C         -1.8867179788        0.9708846808       -0.0310942987
 N          0.1986290000        2.1556054706        0.0013064014
 N          1.5798653120       -0.3338255421        0.0160810083
 O          2.1422130605       -0.9988750125        0.9512558496
 O          2.1854020741        0.2798463263       -0.9234073021
 H         -3.6660094921       -0.1891732630       -0.0263728225
 H         -2.4805508261       -2.3597915250        0.0333311979
 H         -0.0033604806       -2.3856965393        0.1478606592
 H         -2.4111983937        1.9129601260       -0.0439705763
 H         -0.3296551877        3.0142660483       -0.0753937034
 H          1.1693227644        2.1884833808       -0.2354703421
  16
 Etot=         -29.7880608111
 C         -2.5905924545       -0.2082296069       -0.0043206430
 C         -1.9216024666       -1.4293391365        0.0339180753
 C         -0.5482823268       -1.4522103205        0.0930983489
 C          0.1818927649       -0.2624400150        0.0212792622
 C         -0.4850969408        0.9869087844       -0.0487070412
 C         -1.8882219879        0.9744187919       -0.0244617343
 N          0.2001143734        2.1528438167       -0.0205839696
 N          1.5736768632       -0.3126512384        0.0125651595
 O          2.1451840046       -0.8968919390        0.9349796585
 O          2.1882454203        0.1875831302       -0.9144674092
 H         -3.6670473039       -0.1916453699       -0.0226132744
 H         -2.4726037006       -2.3547694352        0.0227977297
 H         -0.0178065572       -2.3910026759        0.1248485580
 H         -2.4135667148        1.9127284546       -0.0273323118
 H         -0.3420485105        3.0117182095       -0.0718227138
 H          1.1777418362        2.1497067334       -0.1889444928
  16
 Etot=         -29.7894963320
 C         -2.5898696585       -0.2074935776       -0.0037761510
 C         -1.9258639868       -1.4325215082        0.0388174680
 C         -0.5534621860       -1.4582670992        0.0978121983
 C          0.1764432649       -0.2694479741        0.0149753085
 C         -0.4814920596        0.9842023351       -0.0595652106
 C         -1.8858896118        0.9720468549       -0.0258912677
 N          0.1995246268        2.1472643914       -0.0108211062
 N          1.5753643145       -0.3267694051        0.0156386024
 O          2.1349361768       -0.9236906233        0.9228355376
 O          2.1998507459        0.2578383082       -0.8940216314
 H         -3.6666968716       -0.1863817696       -0.0226801377
 H         -2.4806233464       -2.3550733756        0.0235144308
 H         -0.0178584475       -2.3937049480        0.1440350603
 H         -2.4076770526        1.9135535936       -0.0350027027
 H         -0.3334750103        3.0006469252       -0.0521953597
 H          1.1767754012        2.1545260557       -0.2334418372
  16
 Etot=         -29.7903956320
 C         -2.5872981788       -0.2068496954       -0.0045046011
 C         -1.9202041852       -1.4330089752        0.0491271725
 C         -0.5502497017       -1.4504005613        0.1101064239
 C          0.1753061312       -0.2593380876        0.0171519702
 C         -0.4815709916        0.9975588799       -0.0662789822
 C         -1.8895499724        0.9732598303       -0.0287875944
 N          0.1882242513        2.1591465163       -0.0235871380
 N          1.5749979223       -0.3333029362        0.0222063819
 O          2.1327392240       -1.0790421301        0.8753175790
 O          2.2005803717        0.3339271239       -0.8368429278
 H         -3.6649324060       -0.1894282683       -0.0270699319
 H         -2.4715058097       -2.3574369177        0.0341039322
 H         -0.0003242333       -2.3780852278        0.1680365002
 H         -2.4132598054        1.9156471230       -0.0507078782
 H         -0.3420891494        3.0073369440       -0.0489353721
 H          1.1691228317        2.1767445658       -0.2691023321
  16
 Etot=         -29.7921950576
 C         -2.5883078497       -0.2067914781       -0.0043683561
 C         -1.9213389657       -1.4330757065        0.0478278121
 C         -0.5513018711       -1.4517371511        0.1066311968
 C          0.1773381706       -0.2615754943        0.0162296493
 C         -0.4815595570        0.9946318117       -0.0651542874
 C         -1.8890475277        0.9727201689       -0.0302560034
 N          0.1895454525        2.1571225814       -0.0358954176
 N          1.5736105841       -0.3310191109        0.0220984488
 O          2.1304812204       -1.0641634596        0.8588883636
 O          2.2047512155        0.3366559874       -0.8206669058
 H         -3.6657522158       -0.1889829709       -0.0228133738
 H         -2.4736850985       -2.3570496688        0.0383863081
 H         -0.0039018621       -2.3804984212        0.1618077454
 H         -2.4118287162        1.9150882505       -0.0474102711
 H         -0.3406102936        3.0077356561       -0.0546664212
 H          1.1715936132        2.1676671889       -0.2504052858
  16
 Etot=         -29.7951516882
 C         -2.5883240155       -0.2075724329        0.0020777200
 C         -1.9221491491       -1.4346722975        0.0562709386
 C         -0.5506867190       -1.4537067196        0.0969408755
 C          0.1762450281       -0.2610734421        0.0202184255
 C         -0.4812557433        0.9938820226       -0.0538752365
 C         -1.8891740824        0.9721693573       -0.0315638469
 N          0.1886001349        2.1591467564       -0.0531499196
 N          1.5744646749       -0.3353731376        0.0276443483
 O          2.1215292255       -1.1541662552        0.7793878070
 O          2.2140499261        0.4299112487       -0.7172065409
 H         -3.6662613663       -0.1893352402       -0.0150367498
 H         -2.4767142845       -2.3578716997        0.0667555726
 H         -0.0016450568       -2.3806847544        0.1632018956
 H         -2.4128741374        1.9141376077       -0.0690528633
 H         -0.3383687202        3.0134076399       -0.0891998276
 H          1.1725505840        2.1685295301       -0.2631793965
  16
 Etot=         -29.7973719114
 C         -2.5865470842       -0.2080612391        0.0097769790
 C         -1.9183930044       -1.4349486096        0.0765225359
 C         -0.5472549265       -1.4498910003        0.1077007187
 C          0.1776746690       -0.2536920209        0.0242327454
 C         -0.4822076989        0.9979668370       -0.0666852780
 C         -1.8909733999        0.9726528071       -0.0418695764
 N          0.1761245475        2.1679605528       -0.0922406214
 N          1.5768178520       -0.3351187518        0.0477733792
 O          2.1029446904       -1.2857440737        0.6695506279
 O          2.2375010618        0.5074479609       -0.5919561736
 H         -3.6650370723       -0.1917447843       -0.0074019790
 H         -2.4729896084       -2.3582303210        0.0913568976
 H          0.0071176906       -2.3742103436        0.1609053705
 H         -2.4177722268        1.9128776170       -0.0789843970
 H         -0.3463880105        3.0265604058       -0.1210240661
 H          1.1693688194        2.1829031471       -0.2674239606
  16
 Etot=         -29.7987517221
 C         -2.5860425865       -0.2069879109        0.0175294839
 C         -1.9192940908       -1.4366816263        0.0915110489
 C         -0.5502609372       -1.4527043868        0.1185794144
 C          0.1799691011       -0.2574599097        0.0118836093
 C         -0.4795757217        0.9952417474       -0.0922422736
 C         -1.8902157258        0.9712177423       -0.0517082136
 N          0.1664515573        2.1669750754       -0.1367459169
 N          1.5758701234       -0.3612967380        0.0312228115
 O          2.0903071660       -1.3237847838        0.6011309756
 O          2.2602120571        0.5715103437       -0.4770960633
 H         -3.6650109942       -0.1888945376        0.0079714141
 H         -2.4770689823       -2.3578551040        0.1088474845
 H          0.0071466234       -2.3757028192        0.1564975048
 H         -2.4168592976        1.9115837268       -0.0819619580
 H         -0.3483748687        3.0323469972       -0.1283971221
 H          1.1727328753        2.1892203670       -0.2567889979
  16
 Etot=         -29.7996509718
 C         -2.5843905663       -0.2056735455        0.0172194633
 C         -1.9124425939       -1.4350738164        0.0930674293
 C         -0.5465268331       -1.4457470338        0.1303336426
 C          0.1864847963       -0.2472926344        0.0189554975
 C         -0.4798540619        1.0026868692       -0.0983534240
 C         -1.8934315647        0.9724407713       -0.0556679276
 N          0.1503095865        2.1760154870       -0.1645452226
 N          1.5766477372       -0.3562889835        0.0432764632
 O          2.0890035343       -1.3600700675        0.5243240341
 O          2.2683278700        0.5284799542       -0.4379574274
 H         -3.6635306662       -0.1914510333        0.0092230435
 H         -2.4693305462       -2.3567240497        0.1160923822
 H          0.0156903466       -2.3654944653        0.1717944452
 H         -2.4234984133        1.9104723106       -0.1019334088
 H         -0.3608042494        3.0444896435       -0.1194062207
 H          1.1673319232        2.2059587770       -0.2261895679
  16
 Etot=         -29.8002114393
 C         -2.5848594322       -0.2044039034        0.0203352361
 C         -1.9107161582       -1.4338554837        0.0942165772
 C         -0.5465013452       -1.4433164437        0.1209330560
 C          0.1905051330       -0.2438188516        0.0213817556
 C         -0.4790925612        1.0053174148       -0.0894388054
 C         -1.8949797414        0.9722310407       -0.0553225523
 N          0.1471245306        2.1762310164       -0.1871890098
 N          1.5762249739       -0.3512568853        0.0543858410
 O          2.0836147436       -1.4475994918        0.4280339039
 O          2.2821806694        0.6005553391       -0.3306109402
 H         -3.6637641630       -0.1920380134        0.0183610222
 H         -2.4681403013       -2.3550820333        0.1405568446
 H          0.0164126906       -2.3610386090        0.1900775894
 H         -2.4250206020        1.9094287074       -0.1257238616
 H         -0.3627465323        3.0431954861       -0.1380080169
 H          1.1597443946        2.2021788943       -0.2417554378
  16
 Etot=         -29.8010777732
 C         -2.5874395266       -0.2042269154        0.0182402636
 C         -1.9166417422       -1.4345288255        0.0903098320
 C         -0.5512379048       -1.4489658042        0.1073757470
 C          0.1881440877       -0.2527839057        0.0143869200
 C         -0.4775297316        0.9989462855       -0.0817271458
 C         -1.8926393926        0.9703115425       -0.0528300282
 N          0.1600738874        2.1659476444       -0.1722711284
 N          1.5742238996       -0.3514708689        0.0441250157
 O          2.0915860552       -1.3834440469        0.4746411135
 O          2.2732758190        0.6061167851       -0.3500553043
 H         -3.6659252388       -0.1891286838        0.0183938579
 H         -2.4750729816       -2.3546273651        0.1351571043
 H          0.0072416463       -2.3692505999        0.1788908012
 H         -2.4177035281        1.9101078040       -0.1091854374
 H         -0.3523399112        3.0293423246       -0.1382396324
 H          1.1619708613        2.1843828129       -0.2569787767
  16
 Etot=         -29.8014919261
 C         -2.5876905830       -0.2036250292        0.0202284483
 C         -1.9153080832       -1.4335682448        0.0995234204
 C         -0.5506232180       -1.4469640011        0.1178771429
 C          0.1897170472       -0.2505577787        0.0198873781
 C         -0.4781953515        1.0007262809       -0.0864598555
 C         -1.8937268006        0.9707240035       -0.0580419734
 N          0.1542856538        2.1694072945       -0.1870521985
 N          1.5744601016       -0.3529558978        0.0454392630
 O          2.0953757334       -1.4044685493        0.4323861162
 O          2.2733207089        0.6077888403       -0.3190352806
 H         -3.6661647242       -0.1899656551        0.0170261199
 H         -2.4724855048       -2.3539659605        0.1393014949
 H          0.0087560756       -2.3675562301        0.1772446289
 H         -2.4186898670        1.9105975768       -0.1137738854
 H         -0.3594902184        3.0327690274       -0.1532029382
 H          1.1664453290        2.1883425069       -0.2311146789
  16
 Etot=         -29.8018455219
 C         -2.5881353597       -0.2017243397        0.0240893632
 C         -1.9142063558       -1.4317449789        0.1071925126
 C         -0.5505161066       -1.4453790101        0.1205437371
 C          0.1933954344       -0.2493593381        0.0209236427
 C         -0.4776102402        1.0021663261       -0.0903830486
 C         -1.8939312595        0.9710050867       -0.0618892550
 N          0.1496698776        2.1707232161       -0.2091957801
 N          1.5751153065       -0.3535499413        0.0500568258
 O          2.0966568635       -1.4437618616        0.3506259840
 O          2.2821136528        0.6334639024       -0.2303127393
 H         -3.6665702768       -0.1892322154        0.0218630065
 H         -2.4711768806       -2.3520441718        0.1546853420
 H          0.0082329540       -2.3666665449        0.1797923372
 H         -2.4172881162        1.9117000707       -0.1244433691
 H         -0.3698259798        3.0314112762       -0.1718501284
 H          1.1640627854        2.1897207069       -0.2214652288
  16
 Etot=         -29.8021133394
 C         -2.5881977797       -0.2007362383        0.0248261704
 C         -1.9142226782       -1.4304033452        0.1072316761
 C         -0.5503079674       -1.4450666188        0.1170928372
 C          0.1944279627       -0.2498934876        0.0197713043
 C         -0.4770522243        1.0023588446       -0.0886353792
 C         -1.8929838670        0.9713702001       -0.0620849765
 N          0.1512685998        2.1704850237       -0.2084184354
 N          1.5758159619       -0.3533067242        0.0510829105
 O          2.0982160292       -1.4472723834        0.3210463801
 O          2.2837672205        0.6371903777       -0.1952292539
 H         -3.6665818799       -0.1882445209        0.0247481105
 H         -2.4708866754       -2.3508640133        0.1607064841
 H          0.0064451257       -2.3674923428        0.1805087507
 H         -2.4151364378        1.9128566645       -0.1274088940
 H         -0.3759603322        3.0266373864       -0.1832377623
 H          1.1613752409        2.1891093612       -0.2217667205
  16
 Etot=         -29.8023184112
 C         -2.5885425076       -0.1998643596        0.0262346650
 C         -1.9154458698       -1.4290957814        0.1109850663
 C         -0.5507402654       -1.4458207160        0.1099356142
 C          0.1948608249       -0.2521571469        0.0126796568
 C         -0.4762314222        1.0011154385       -0.0928637639
 C         -1.8914063449        0.9710776312       -0.0693298567
 N          0.1535918821        2.1693597907       -0.2109919475
 N          1.5766149999       -0.3549373648        0.0472382072
 O          2.0990371499       -1.4557093385        0.2578436238
 O          2.2862481256        0.6575984724       -0.1201197030
 H         -3.6669407448       -0.1861146254        0.0361213806
 H         -2.4720086804       -2.3492364569        0.1788316259
 H          0.0025589606       -2.3697360664        0.1813395758
 H         -2.4119481960        1.9134757191       -0.1324521539
 H         -0.3854628847        3.0189173316       -0.2172119740
 H          1.1658012716        2.1878556561       -0.1980068147
  16
 Etot=         -29.8024192771
 C         -2.5877234321       -0.1996572471        0.0247759169
 C         -1.9154327680       -1.4282971697        0.1133879974
 C         -0.5502940365       -1.4455413253        0.1141662425
 C          0.1941486512       -0.2521467091        0.0178737506
 C         -0.4757633283        1.0011526964       -0.0871037338
 C         -1.8904923912        0.9715803035       -0.0707982380
 N          0.1564299387        2.1699208489       -0.1992117219
 N          1.5776282091       -0.3550287406        0.0458507873
 O          2.1040508687       -1.4586147427        0.2288621945
 O          2.2790664438        0.6570178291       -0.1022118942
 H         -3.6659684658       -0.1848976757        0.0329650657
 H         -2.4711954949       -2.3482454071        0.1804097939
 H          0.0015950459       -2.3699620484        0.1856080476
 H         -2.4120900167        1.9132778471       -0.1398335646
 H         -0.3885813385        3.0159186147       -0.2306488864
 H          1.1646084138        2.1902511095       -0.1938585556
  16
 Etot=         -29.8024522588
 C         -2.5869807427       -0.1994328341        0.0252034900
 C         -1.9150141388       -1.4279023490        0.1161641542
 C         -0.5496900205       -1.4452567034        0.1143108716
 C          0.1948491437       -0.2518393690        0.0163861761
 C         -0.4751548895        1.0014786026       -0.0892713737
 C         -1.8899206250        0.9715699966       -0.0743570674
 N          0.1550148447        2.1717578807       -0.1979209686
 N          1.5792527365       -0.3564522691        0.0460865744
 O          2.1017824562       -1.4707702248        0.1934886673
 O          2.2834442994        0.6593389861       -0.0666527348
 H         -3.6652644082       -0.1837068933        0.0350865031
 H         -2.4710792250       -2.3473980580        0.1893898904
 H          0.0019174368       -2.3695428599        0.1875497544
 H         -2.4125404158        1.9124905065       -0.1450229213
 H         -0.3930994663        3.0153205334       -0.2405364407
 H          1.1624693135        2.1970732381       -0.1896713729
  16
 Etot=         -29.8024777741
 C         -2.5864425522       -0.2000970971        0.0252733016
 C         -1.9150916916       -1.4285525594        0.1174925536
 C         -0.5494492438       -1.4457256761        0.1129955069
 C          0.1943773719       -0.2520399202        0.0127584130
 C         -0.4749642635        1.0010459434       -0.0930482615
 C         -1.8897190533        0.9710006599       -0.0776748942
 N          0.1537246472        2.1730068080       -0.1938864583
 N          1.5802986131       -0.3576708913        0.0441973146
 O          2.0973584481       -1.4713413867        0.1810209913
 O          2.2869253380        0.6558926319       -0.0547842912
 H         -3.6648281590       -0.1831009129        0.0367083046
 H         -2.4718686590       -2.3474683206        0.1965326966
 H          0.0028522336       -2.3693409328        0.1878577092
 H         -2.4137703016        1.9108929962       -0.1475747560
 H         -0.3925474881        3.0164836677       -0.2438392187
 H          1.1631310593        2.2037431734       -0.1837957096
