  13
 Etot=         -14.7109854728
 C          2.1716206903       -0.5841980416       -0.0589137658
 C          1.2409122317        0.3588078947       -0.2504302645
 C          0.0004028125        0.4923001442        0.5822582728
 C         -1.2414542080        0.3586150618       -0.2495238136
 C         -2.1713208153       -0.5842410403       -0.0591913063
 H          3.0505602902       -0.6235922938       -0.6915252363
 H          2.0730910496       -1.3271193606        0.7244347030
 H          1.3926123239        1.0833298428       -1.0459181832
 H         -0.0000997102        1.4820737194        1.0537845365
 H          0.0000053546       -0.2399810397        1.3988010517
 H         -1.3931438599        1.0838318864       -1.0454363760
 H         -3.0520005977       -0.6228440391       -0.6917463864
 H         -2.0729399049       -1.3276437497        0.7242131921
  13
 Etot=         -14.7123805798
 C          2.1585164669       -0.5773106585       -0.0613852661
 C          1.2380144949        0.3554904407       -0.2429201379
 C          0.0002649362        0.4934157115        0.5887796416
 C         -1.2387267583        0.3561375759       -0.2417929022
 C         -2.1587482729       -0.5770636964       -0.0611626637
 H          3.0339437658       -0.6252985057       -0.6877576151
 H          2.0695326540       -1.3167509660        0.7176568363
 H          1.3630864009        1.0737993416       -1.0437782784
 H          0.0000878148        1.4883557981        1.0499990507
 H         -0.0001818623       -0.2534164688        1.3866893384
 H         -1.3634783028        1.0746459204       -1.0428660627
 H         -3.0340904568       -0.6256342116       -0.6881873076
 H         -2.0699752236       -1.3170312968        0.7175317911
  13
 Etot=         -14.7125461480
 C          2.1543675608       -0.5748640422       -0.0651434383
 C          1.2344358616        0.3534669436       -0.2424933233
 C          0.0000379231        0.4919781496        0.5944757811
 C         -1.2345849097        0.3534448889       -0.2424498463
 C         -2.1539988888       -0.5755640833       -0.0658360062
 H          3.0266083656       -0.6335402506       -0.6924451797
 H          2.0764874348       -1.3077090997        0.7199346932
 H          1.3428537841        1.0760899953       -1.0411723456
 H          0.0000002978        1.4879293526        1.0511861117
 H         -0.0000555672       -0.2581942123        1.3865282226
 H         -1.3435542981        1.0769285522       -1.0402227884
 H         -3.0267687852       -0.6336657208       -0.6923536172
 H         -2.0775831220       -1.3069614890        0.7207981608
  13
 Etot=         -14.7125716380
 C          2.1533803158       -0.5726162758       -0.0664785714
 C          1.2319290495        0.3543130500       -0.2411525464
 C         -0.0001566084        0.4928516440        0.6011690747
 C         -1.2331811736        0.3556382478       -0.2399725181
 C         -2.1555191557       -0.5701999310       -0.0640217020
 H          3.0224007649       -0.6393939028       -0.6978673924
 H          2.0788721128       -1.3055318237        0.7193666370
 H          1.3266709389        1.0749002661       -1.0437732053
 H          0.0006449533        1.4888190249        1.0560047272
 H         -0.0000907327       -0.2571076704        1.3924713981
 H         -1.3268041410        1.0748677965       -1.0439751287
 H         -3.0219292073       -0.6402640965       -0.6987092350
 H         -2.0779714594       -1.3069373448        0.7177448866
