  14
 Etot=         -18.8551021237
 C          1.4209909743       -0.7243096767        0.2349083249
 C          1.4214500511        0.7238232033       -0.2343591374
 C          0.0380079472        1.2437108489        0.1335468034
 C         -0.8026061887       -0.0001646340        0.0000602591
 O         -2.0268425487        0.0003687180        0.0002847495
 C          0.0371652297       -1.2434369303       -0.1344386706
 H          1.5609490026       -0.7642325144        1.3218144466
 H          2.2185305268       -1.3127748552       -0.2293528041
 H          2.2188126083        1.3123634381        0.2304067655
 H          1.5628169625        0.7639547433       -1.3207807203
 H          0.0017702683        1.5879534557        1.1710668554
 H         -0.2970637445        2.0266483782       -0.5503558114
 H         -0.2982293318       -2.0278533774        0.5477858713
 H          0.0025376626       -1.5874174359       -1.1717391784
  14
 Etot=         -18.8576423283
 C          1.4464200663       -0.7262554772        0.2349123331
 C          1.4464096457        0.7258840293       -0.2341288116
 C          0.0402106588        1.2183213207        0.1169478655
 C         -0.8375009824       -0.0001408722       -0.0001913966
 O         -2.0554515174       -0.0000242052        0.0004406852
 C          0.0401985685       -1.2180446017       -0.1172686605
 H          1.5862355313       -0.7665156416        1.3174304895
 H          2.2367345197       -1.3152383764       -0.2311294792
 H          2.2364271889        1.3149325526        0.2324848016
 H          1.5872809280        0.7661061401       -1.3164798470
 H         -0.0123105469        1.5689861778        1.1477247849
 H         -0.3208097227        2.0117950561       -0.5353383271
 H         -0.3233325418       -2.0133129801        0.5317306001
 H         -0.0122223763       -1.5678597605       -1.1482872846
  14
 Etot=         -18.8578200784
 C          1.4470965865       -0.7271943565        0.2371159595
 C          1.4474492721        0.7265926589       -0.2364550215
 C          0.0421386404        1.2194652379        0.1096919124
 C         -0.8361990562       -0.0000868562        0.0002149630
 O         -2.0500527581        0.0000151753        0.0008827303
 C          0.0420146835       -1.2193172673       -0.1103531774
 H          1.5918388494       -0.7673788788        1.3176939525
 H          2.2269320540       -1.3202377443       -0.2358690172
 H          2.2267271906        1.3195956351        0.2375925264
 H          1.5935697929        0.7666546339       -1.3168738918
 H         -0.0132138185        1.5702066129        1.1410123283
 H         -0.3229058655        2.0214940349       -0.5303043691
 H         -0.3243962832       -2.0229761060        0.5269588022
 H         -0.0127098682       -1.5681994183       -1.1424599440
  14
 Etot=         -18.8578410310
 C          1.4463326442       -0.7273834683        0.2382400905
 C          1.4468599185        0.7267308561       -0.2375720811
 C          0.0422307656        1.2193785626        0.1060481720
 C         -0.8370244450       -0.0000220459        0.0000567382
 O         -2.0503422565        0.0000582291        0.0009633482
 C          0.0420014496       -1.2193687028       -0.1069693311
 H          1.5959390616       -0.7656131029        1.3178074451
 H          2.2228051836       -1.3204903377       -0.2388618077
 H          2.2228959662        1.3195588066        0.2405981870
 H          1.5979298438        0.7649513719       -1.3169248020
 H         -0.0131687398        1.5677519691        1.1395239318
 H         -0.3224407952        2.0250281854       -0.5295456472
 H         -0.3232088870       -2.0262039235        0.5267569734
 H         -0.0125202900       -1.5657430381       -1.1412734637
