  15
 Etot=         -18.9876684113
 C          1.6658709289       -0.0008980504        0.1627653987
 C          0.9422687420        1.2930309295       -0.0543651380
 C         -0.3666639197        1.5629355517       -0.1135325461
 C         -1.4769089442        0.6685017471        0.0791437492
 C         -1.4772336070       -0.6679266424        0.0793763455
 C         -0.3674421688       -1.5628188666       -0.1143757405
 C          0.9415197857       -1.2928087917       -0.0537526328
 H          2.0990046190       -0.0009111302        1.1694114170
 H          2.5142596188       -0.0005611381       -0.5350128737
 H          1.6086085231        2.1474004728       -0.1788359362
 H         -0.6564215136        2.5995371290       -0.2824813747
 H         -2.4320190223        1.1701787797        0.2310808866
 H         -2.4316974204       -1.1688823576        0.2327816920
 H         -0.6573287163       -2.5988712426       -0.2817204855
 H          1.6070382822       -2.1480797088       -0.1795730967
  15
 Etot=         -18.9885591628
 C          1.6687895036       -0.0006223889        0.1705069080
 C          0.9389709112        1.2896736018       -0.0585402718
 C         -0.3653707215        1.5617859344       -0.1027851874
 C         -1.4854848498        0.6699079115        0.0894912230
 C         -1.4859431526       -0.6693611298        0.0906932284
 C         -0.3661961618       -1.5622201843       -0.0998720763
 C          0.9382640327       -1.2902473441       -0.0556031107
 H          2.0856251188        0.0003081302        1.1870246963
 H          2.5345073970       -0.0011485681       -0.5057609950
 H          1.6136961912        2.1255560521       -0.2232655159
 H         -0.6482700598        2.5952692383       -0.2729237418
 H         -2.4389072593        1.1715779283        0.2208392706
 H         -2.4395921404       -1.1701052655        0.2225448327
 H         -0.6495189301       -2.5949486361       -0.2724014935
 H          1.6122853080       -2.1255985982       -0.2290381020
  15
 Etot=         -18.9890370617
 C          1.6700323502       -0.0001662087        0.1724711715
 C          0.9383059334        1.2863477054       -0.0835350770
 C         -0.3633079251        1.5593622947       -0.0971453435
 C         -1.4909155257        0.6708747868        0.1052551662
 C         -1.4912745683       -0.6701895936        0.1038885794
 C         -0.3639881696       -1.5586557235       -0.1006838564
 C          0.9377227714       -1.2862793208       -0.0863780448
 H          2.0398894969       -0.0003184286        1.2117704153
 H          2.5685609130       -0.0001414180       -0.4609840986
 H          1.6195859200        2.1087604189       -0.2651851193
 H         -0.6437132520        2.5892503572       -0.2699190469
 H         -2.4401638469        1.1729555291        0.2305549018
 H         -2.4408702609       -1.1722841690        0.2289154523
 H         -0.6448511687       -2.5886154592       -0.2735736592
 H          1.6178425197       -2.1110740893       -0.2545417762
  15
 Etot=         -18.9894557761
 C          1.6667738192       -0.0001607046        0.1908597102
 C          0.9405776965        1.2834722099       -0.1050032158
 C         -0.3605782554        1.5559163707       -0.0974177472
 C         -1.4898139812        0.6710899210        0.1216956969
 C         -1.4902770910       -0.6701930224        0.1212819788
 C         -0.3613617695       -1.5558157078       -0.0958582785
 C          0.9400192915       -1.2846747409       -0.1019783701
 H          1.9826242313        0.0008061638        1.2521894591
 H          2.5965222786       -0.0015876365       -0.3980888217
 H          1.6242238019        2.0962794866       -0.3207035278
 H         -0.6430074592        2.5812856884       -0.2913087654
 H         -2.4354288221        1.1754798810        0.2508306891
 H         -2.4367938693       -1.1740989455        0.2484141051
 H         -0.6444172717       -2.5811668095       -0.2910845791
 H          1.6237925878       -2.0968054728       -0.3229186690
  15
 Etot=         -18.9901534664
 C          1.6586982939        0.0000095256        0.2239347554
 C          0.9459290305        1.2781221230       -0.1395210601
 C         -0.3559587640        1.5503340975       -0.1031106102
 C         -1.4807143694        0.6709982426        0.1532266499
 C         -1.4814222507       -0.6700270740        0.1491377582
 C         -0.3566329022       -1.5499679079       -0.1035792349
 C          0.9454291366       -1.2801724616       -0.1317203694
 H          1.8852352880        0.0028368073        1.3148059664
 H          2.6342869312       -0.0027075209       -0.2920068919
 H          1.6281838555        2.0780388186       -0.4189174107
 H         -0.6452701645        2.5701675262       -0.3276305123
 H         -2.4223599195        1.1792105257        0.2963108939
 H         -2.4247615642       -1.1780219794        0.2829438075
 H         -0.6461914006       -2.5691749194       -0.3334055771
 H          1.6284039869       -2.0798191218       -0.4095585000
  15
 Etot=         -18.9911233843
 C          1.6461659092       -0.0000787886        0.2644431665
 C          0.9529478984        1.2692691836       -0.1735192707
 C         -0.3501501431        1.5431701086       -0.1189425166
 C         -1.4641254980        0.6709850973        0.1844211554
 C         -1.4652680577       -0.6695809920        0.1778815035
 C         -0.3512025268       -1.5429768756       -0.1196005843
 C          0.9526949453       -1.2726203192       -0.1609034639
 H          1.7797752376        0.0039799151        1.3741195931
 H          2.6594869627       -0.0031396627       -0.1749935637
 H          1.6281211808        2.0579313046       -0.5039018354
 H         -0.6489034522        2.5553096989       -0.3882564724
 H         -2.4020827292        1.1835480563        0.3538159980
 H         -2.4048933113       -1.1814578473        0.3367809072
 H         -0.6498969184       -2.5547843974       -0.3897597564
 H          1.6301856901       -2.0597278001       -0.5006751955
  15
 Etot=         -18.9926853338
 C          1.6277020513       -0.0002612346        0.3077590318
 C          0.9614550236        1.2558504674       -0.1989575002
 C         -0.3437246105        1.5340691163       -0.1486738575
 C         -1.4387860005        0.6709005244        0.2108773809
 C         -1.4402598933       -0.6692333286        0.2035603672
 C         -0.3452467444       -1.5340954958       -0.1508449706
 C          0.9616358363       -1.2594819072       -0.1889463144
 H          1.6728742348        0.0022175056        1.4158028154
 H          2.6613267640       -0.0007334950       -0.0580491184
 H          1.6259765651        2.0328449775       -0.5725210846
 H         -0.6540709802        2.5372817764       -0.4584088527
 H         -2.3735031917        1.1871000923        0.4200255879
 H         -2.3759273595       -1.1843060663        0.4064306345
 H         -0.6548732865       -2.5371573886       -0.4583472992
 H          1.6282767788       -2.0351688622       -0.5687971553
  15
 Etot=         -18.9943756296
 C          1.6059615449       -0.0002640271        0.3424351978
 C          0.9679973957        1.2362288199       -0.2336730745
 C         -0.3379904017        1.5231142239       -0.1929199281
 C         -1.4126865984        0.6721953022        0.2454539313
 C         -1.4142079069       -0.6703312935        0.2388093822
 C         -0.3393779705       -1.5226963204       -0.1963396815
 C          0.9685430018       -1.2392522244       -0.2287478025
 H          1.5255036730        0.0006700637        1.4535487809
 H          2.6810118662        0.0007287835        0.0840123155
 H          1.6296144811        1.9897363333       -0.6453207037
 H         -0.6549962525        2.5136966796       -0.5267650568
 H         -2.3402611442        1.1887527772        0.4977039234
 H         -2.3424405793       -1.1861017412        0.4878851344
 H         -0.6550895134       -2.5134206776       -0.5279190296
 H          1.6312735913       -1.9932300174       -0.6372537239
  15
 Etot=         -18.9935439655
 C          1.5776297600       -0.0004946450        0.3669484318
 C          0.9705174993        1.2113804697       -0.2190506042
 C         -0.3361269038        1.5135104783       -0.2324760194
 C         -1.3834089827        0.6749038415        0.2744457261
 C         -1.3839142708       -0.6733225915        0.2769580679
 C         -0.3364929616       -1.5119164065       -0.2338602726
 C          0.9709296250       -1.2110819985       -0.2291667482
 H          1.4401217240       -0.0029642125        1.4192845262
 H          2.6284258805        0.0020252102        0.1639700139
 H          1.6412842335        1.9289561470       -0.6572681553
 H         -0.6511804090        2.4823744997       -0.5938192037
 H         -2.3069616674        1.1837550831        0.5315185531
 H         -2.3068843344       -1.1826307016        0.5415318931
 H         -0.6506397015       -2.4818092923       -0.5925628313
 H          1.6395556962       -1.9328592002       -0.6555437128
  15
 Etot=         -18.9967106369
 C          1.5698203006       -0.0002835557        0.4001887827
 C          0.9724546101        1.2093599579       -0.2447676424
 C         -0.3318651210        1.5103230590       -0.2294003522
 C         -1.3798257344        0.6752546690        0.2945610867
 C         -1.3801625634       -0.6738295260        0.2956154787
 C         -0.3323038634       -1.5085450086       -0.2322470511
 C          0.9726691052       -1.2090307978       -0.2527675594
 H          1.3557431355       -0.0022024954        1.4800399570
 H          2.6550946568        0.0014789036        0.2563548490
 H          1.6508172810        1.9064009327       -0.7480261935
 H         -0.6496010294        2.4691328658       -0.6368787028
 H         -2.2950378120        1.1859164988        0.5759089710
 H         -2.2948791092       -1.1852226367        0.5807987575
 H         -0.6494009042       -2.4680948673       -0.6400100773
 H          1.6493322349       -1.9108313178       -0.7384606392
  15
 Etot=         -18.9972820631
 C          1.5509373287       -0.0006449236        0.4212057786
 C          0.9757169965        1.1970888455       -0.2837435942
 C         -0.3274252875        1.5024417090       -0.2580451333
 C         -1.3657436159        0.6756998945        0.2938687110
 C         -1.3656016896       -0.6745161698        0.2995644445
 C         -0.3278861090       -1.5017949474       -0.2487934763
 C          0.9750425019       -1.1974387202       -0.2780632237
 H          1.2605957935        0.0004302000        1.4929855251
 H          2.6498601169       -0.0035553704        0.3458325892
 H          1.6594131958        1.8687869120       -0.7659122496
 H         -0.6488895674        2.4484048038       -0.6703527508
 H         -2.2670325973        1.1873209693        0.6300227528
 H         -2.2666142814       -1.1859880717        0.6356932065
 H         -0.6497234487       -2.4478258501       -0.6632893865
 H          1.6602058505       -1.8685825992       -0.7900635288
  15
 Etot=         -18.9979240659
 C          1.5322131847       -0.0003565920        0.4508469466
 C          0.9790817464        1.1855831741       -0.2852012793
 C         -0.3236390428        1.4955692783       -0.2552769906
 C         -1.3504725290        0.6759975378        0.3253707680
 C         -1.3498876384       -0.6754230516        0.3238330796
 C         -0.3235482972       -1.4935498525       -0.2623710860
 C          0.9780177889       -1.1829955032       -0.2920832212
 H          1.1858980121       -0.0030753963        1.5006943578
 H          2.6308136999       -0.0002238462        0.4293219078
 H          1.6735485822        1.8210778334       -0.8413606782
 H         -0.6505119219        2.4229225824       -0.7164040976
 H         -2.2448362389        1.1869680294        0.6646163020
 H         -2.2430538848       -1.1878263338        0.6622974431
 H         -0.6504443671       -2.4215870480       -0.7207697816
 H          1.6696760931       -1.8232541302       -0.8226040058
  15
 Etot=         -18.9975071687
 C          1.5346486758       -0.0006070151        0.4357421702
 C          0.9774742898        1.1903303166       -0.2703192688
 C         -0.3230844859        1.4963107182       -0.2270590825
 C         -1.3584391744        0.6745408286        0.3145069640
 C         -1.3579802659       -0.6747656300        0.3121648346
 C         -0.3240285839       -1.4964457745       -0.2325411117
 C          0.9758988141       -1.1884651797       -0.2747448315
 H          1.2280844225       -0.0020963072        1.4695256821
 H          2.6066762807       -0.0001713404        0.3838007036
 H          1.6807251988        1.8137731191       -0.8145317711
 H         -0.6526136826        2.4192175986       -0.6895331054
 H         -2.2493847967        1.1889985199        0.6240851573
 H         -2.2477224945       -1.1887776883        0.6252663817
 H         -0.6551233634       -2.4196220593       -0.6899336914
 H          1.6777243530       -1.8123934249       -0.8055193663
  15
 Etot=         -18.9982901698
 C          1.5259249207       -0.0008827709        0.4520309536
 C          0.9811445575        1.1808959894       -0.2850436332
 C         -0.3199601505        1.4917832959       -0.2605770853
 C         -1.3460549428        0.6755901197        0.3275267707
 C         -1.3459442204       -0.6753758576        0.3334467805
 C         -0.3211358215       -1.4930392594       -0.2517481493
 C          0.9801553811       -1.1810772185       -0.2831531202
 H          1.1660267231        0.0003800720        1.4858828783
 H          2.6146064989       -0.0021277903        0.4450842889
 H          1.6785706657        1.7998928364       -0.8300125472
 H         -0.6515780791        2.4124871083       -0.7214338712
 H         -2.2367425814        1.1912832169        0.6530267905
 H         -2.2363629577       -1.1893324912        0.6651054543
 H         -0.6546882602       -2.4134308719       -0.7143353098
 H          1.6788934539       -1.7972196975       -0.8548905358
  15
 Etot=         -18.9980529491
 C          1.5237590632       -0.0001657625        0.4503412997
 C          0.9825196635        1.1820364907       -0.2919917846
 C         -0.3190399948        1.4932852929       -0.2619143040
 C         -1.3448065200        0.6758455656        0.3197440284
 C         -1.3444587363       -0.6754331083        0.3152668261
 C         -0.3189263815       -1.4919319594       -0.2718321362
 C          0.9817925932       -1.1798971926       -0.2988840786
 H          1.1449171355       -0.0026716749        1.4864063938
 H          2.6195546046        0.0005916511        0.4602505066
 H          1.6799340745        1.7962808294       -0.8526123093
 H         -0.6529395841        2.4146692335       -0.7128015028
 H         -2.2315893646        1.1916374101        0.6858952071
 H         -2.2308465771       -1.1920706096        0.6758648176
 H         -0.6529296168       -2.4133957279       -0.7227609830
 H          1.6759148278       -1.7989537564       -0.8200623159
  15
 Etot=         -18.9984529131
 C          1.5206840056       -0.0005697453        0.4583043631
 C          0.9832510145        1.1791684669       -0.2905947101
 C         -0.3178155022        1.4911557281       -0.2606973947
 C         -1.3419521110        0.6757566990        0.3304430156
 C         -1.3418046757       -0.6753843023        0.3311957340
 C         -0.3184360736       -1.4913002247       -0.2606046357
 C          0.9822860761       -1.1785749089       -0.2917098177
 H          1.1408584587       -0.0007843028        1.4847675010
 H          2.6094509599       -0.0011915521        0.4714873718
 H          1.6815946661        1.7862167728       -0.8495764733
 H         -0.6532976951        2.4075080575       -0.7314563823
 H         -2.2288382412        1.1924816550        0.6745756584
 H         -2.2285469427       -1.1914525641        0.6758580255
 H         -0.6549639059       -2.4075545179       -0.7296696691
 H          1.6803851536       -1.7856485797       -0.8514129217
  15
 Etot=         -18.9984588952
 C          1.5187053349       -0.0005349302        0.4599301115
 C          0.9840103612        1.1777861341       -0.2902007477
 C         -0.3167289448        1.4904058535       -0.2622739625
 C         -1.3399580656        0.6756660091        0.3299130043
 C         -1.3399289216       -0.6753176662        0.3312593982
 C         -0.3174493599       -1.4907586127       -0.2610616745
 C          0.9831926381       -1.1774747853       -0.2914777837
 H          1.1301226492       -0.0006026056        1.4829130745
 H          2.6063930061       -0.0008874554        0.4807836585
 H          1.6829514663        1.7793075432       -0.8582723688
 H         -0.6532055118        2.4060824399       -0.7248321253
 H         -2.2260958844        1.1928989116        0.6726460823
 H         -2.2258413512       -1.1917628064        0.6770348893
 H         -0.6550719686       -2.4061257708       -0.7247376192
 H          1.6817597394       -1.7788555773       -0.8607142721
  15
 Etot=         -18.9984776713
 C          1.5180317327       -0.0004909929        0.4595914326
 C          0.9848488798        1.1772254337       -0.2919057331
 C         -0.3159612287        1.4903769946       -0.2619530679
 C         -1.3387148714        0.6757185918        0.3323614575
 C         -1.3387510265       -0.6753057743        0.3336481468
 C         -0.3166313648       -1.4907027631       -0.2604588142
 C          0.9841225539       -1.1771775235       -0.2925343771
 H          1.1233485649       -0.0004823884        1.4805183215
 H          2.6059872721       -0.0008997508        0.4864825605
 H          1.6828703196        1.7763536873       -0.8586772334
 H         -0.6535283518        2.4051657436       -0.7298883297
 H         -2.2246214764        1.1932449026        0.6758930961
 H         -2.2246691612       -1.1920665149        0.6784260706
 H         -0.6551804536       -2.4051214940       -0.7296327028
 H          1.6817037987       -1.7760114702       -0.8609611627
