  10
 Etot=         -10.7471733315
 C         -1.2351925855       -0.2776807665       -0.0012987835
 C         -0.0103445847        0.5722965097       -0.0013670189
 N          1.1794878595       -0.2330823875        0.0005268254
 H         -2.1397683667        0.3406542073       -0.0036474774
 H         -1.2499608103       -0.9400157969       -0.8740967023
 H         -1.2544377803       -0.9021717452        0.8988287852
 H          0.0155988266        1.2074970681        0.8893148491
 H          0.0198966909        1.2098435090       -0.8890596960
 H          1.5310098022       -0.5942173299       -0.8721288210
 H          1.5290404686       -0.5932686382        0.8752341126
  10
 Etot=         -10.7537127128
 C         -1.2364950548       -0.2841213789        0.0032043619
 C          0.0126025332        0.5822177826       -0.0008004085
 N          1.2502943337       -0.1595824582        0.0010181747
 H         -2.1455020102        0.3181633683       -0.0063350223
 H         -1.2507874442       -0.9374128184       -0.8686881331
 H         -1.2576966632       -0.9138926815        0.8933645558
 H          0.0090975441        1.2314664961        0.8811051833
 H          0.0105612099        1.2291318062       -0.8842195767
 H          1.4967726916       -0.6397637509       -0.8541864631
 H          1.4964823800       -0.6363517351        0.8578434011
  10
 Etot=         -10.7082595886
 C         -1.2280445916       -0.3172707482        0.0127377182
 C          0.0732590419        0.6085329613        0.0005448906
 N          1.4803111766        0.1111825556        0.0018146903
 H         -2.1251603805        0.2766096480       -0.0133465561
 H         -1.2429808695       -0.9434966767       -0.8625539813
 H         -1.2535862337       -0.9433109551        0.8889436486
 H         -0.0131522222        1.2786700091        0.8687843245
 H         -0.0187236939        1.2672443152       -0.8783787823
 H          1.3570838524       -0.7752837166       -0.7960287775
 H          1.3563234408       -0.7730227627        0.7997888979
  10
 Etot=         -10.7569831359
 C         -1.2162729704       -0.3027928105        0.0086014751
 C          0.0422808128        0.6083936101        0.0007620806
 N          1.3296790920       -0.0609279374        0.0017330579
 H         -2.1203345844        0.2953334937       -0.0092329382
 H         -1.2343666711       -0.9431496097       -0.8680117900
 H         -1.2451645372       -0.9355932882        0.8920602980
 H         -0.0008492221        1.2691980505        0.8740808665
 H         -0.0054031778        1.2575116455       -0.8818015153
 H          1.4180400867       -0.7002777309       -0.8129233539
 H          1.4177206919       -0.6978407933        0.8170378924
  10
 Etot=         -10.7580240311
 C         -1.2300466096       -0.3054084330        0.0062156218
 C          0.0328580410        0.5843963438       -0.0001873336
 N          1.3248854926       -0.0737815757        0.0018105109
 H         -2.1152798257        0.3231778058       -0.0057897787
 H         -1.2494166305       -0.9442102745       -0.8733906817
 H         -1.2559423186       -0.9271560238        0.8969713827
 H          0.0074529127        1.2344541628        0.8787062162
 H          0.0043103095        1.2243618988       -0.8866516931
 H          1.4364285301       -0.6608810661       -0.8078034958
 H          1.4300796187       -0.6650982081        0.8124253244
  10
 Etot=         -10.7583594146
 C         -1.2151341206       -0.3005395471        0.0051857110
 C          0.0328512756        0.6033003118        0.0007244040
 N          1.3068559616       -0.0864328702        0.0026194799
 H         -2.1172322899        0.3034549338       -0.0041979973
 H         -1.2200180600       -0.9402308367       -0.8734574076
 H         -1.2276422946       -0.9318770793        0.8899814632
 H          0.0058649964        1.2546623645        0.8796018235
 H          0.0039636898        1.2453525542       -0.8850234178
 H          1.4038703700       -0.6869268360       -0.8120950071
 H          1.4119499920       -0.6709083652        0.8189670213
  10
 Etot=         -10.7582979237
 C         -1.2073283909       -0.2991090338        0.0073077883
 C          0.0321910117        0.6112065705       -0.0040072885
 N          1.3020861959       -0.0891574916        0.0016132032
 H         -2.1164040434        0.2946192828       -0.0016612935
 H         -1.2089177226       -0.9474462707       -0.8650684633
 H         -1.2102312067       -0.9242552221        0.8974252480
 H          0.0057529758        1.2641213190        0.8737588655
 H          0.0051617852        1.2508715181       -0.8916237563
 H          1.4089261962       -0.6665376733       -0.8173965564
 H          1.3740927191       -0.7044583690        0.8219583262
  10
 Etot=         -10.7585564364
 C         -1.2081661562       -0.3005978757        0.0048645599
 C          0.0309664398        0.6073963975       -0.0010988489
 N          1.3070592037       -0.0853182224        0.0027344738
 H         -2.1135878294        0.2985371204       -0.0013136063
 H         -1.2110115988       -0.9419586299       -0.8738029381
 H         -1.2132017143       -0.9290991834        0.8929614913
 H          0.0072012262        1.2570062502        0.8786052883
 H          0.0067332058        1.2465019573       -0.8884556064
 H          1.3921182429       -0.6816777767       -0.8162485950
 H          1.3872185004       -0.6809354074        0.8240598544
  10
 Etot=         -10.7586135884
 C         -1.2045668654       -0.3011562953        0.0041599890
 C          0.0300565334        0.6083361493       -0.0008862193
 N          1.3077168710       -0.0848627562        0.0030835371
 H         -2.1102379855        0.2981236558       -0.0001087084
 H         -1.2078773738       -0.9413456922       -0.8759562490
 H         -1.2087631390       -0.9308270511        0.8918840342
 H          0.0080714734        1.2566317534        0.8795191349
 H          0.0081415007        1.2465167260       -0.8886053589
 H          1.3814544931       -0.6846788797       -0.8149664707
 H          1.3813340124       -0.6768829800        0.8241823842
  10
 Etot=         -10.7586422365
 C         -1.1998773649       -0.3012613748        0.0039305723
 C          0.0297103564        0.6106664166       -0.0012641636
 N          1.3084624458       -0.0842540581        0.0031928710
 H         -2.1075492015        0.2958930965        0.0012307381
 H         -1.2031316544       -0.9416075234       -0.8765856263
 H         -1.2023016716       -0.9316069498        0.8916331912
 H          0.0085681968        1.2583952140        0.8793619524
 H          0.0089937441        1.2480052935       -0.8893764912
 H          1.3719632491       -0.6858705196       -0.8130023864
 H          1.3704914203       -0.6785049650        0.8231854156
