  15
 Etot=         -16.8992720628
 C         -2.7038931675        0.0795843984        0.0011920865
 C         -1.3725299750       -0.6482301158        0.0009047785
 S          0.0008955316        0.5363840641        0.0001157028
 C          1.3686832972       -0.6456760494       -0.0006028872
 C          2.7047120363        0.0777360162       -0.0016944875
 H         -3.5455759463       -0.6223097127        0.0020620285
 H         -2.8005409231        0.7404675072        0.8693082814
 H         -2.7896855097        0.6982247952       -0.8975869372
 H         -1.2889560219       -1.2852664777       -0.8845725323
 H         -1.2884314183       -1.2849251076        0.8869888153
 H          1.2897830891       -1.2862875382        0.8852287433
 H          1.2884460019       -1.2854852918       -0.8865115223
 H          3.5417666573       -0.6287245673       -0.0017678450
 H          2.8041780810        0.7355933265       -0.8706848587
 H          2.7966068985        0.6988536818        0.8962443633
  15
 Etot=         -16.9002211252
 C         -2.7083386270        0.0848187085       -0.0055513570
 C         -1.3839664299       -0.6533944380        0.0019036587
 S          0.0011215584        0.5284291497        0.0004385367
 C          1.3820112249       -0.6523572336       -0.0014345925
 C          2.7093642525        0.0824678873        0.0049119768
 H         -3.5337475321       -0.6260342714        0.0042950986
 H         -2.7913858016        0.7308954160        0.8675172079
 H         -2.7925242857        0.7054248938       -0.8976765490
 H         -1.2847528590       -1.2808993384       -0.8871634306
 H         -1.2852260176       -1.2777312560        0.8937345049
 H          1.2853500080       -1.2819994051        0.8874157472
 H          1.2854290823       -1.2789847404       -0.8926261602
 H          3.5316239628       -0.6317199940       -0.0038264704
 H          2.7944295324        0.7263076262       -0.8693631869
 H          2.7960705623        0.7047159245        0.8960487454
  15
 Etot=         -16.9004035666
 C         -2.7112514484        0.0850902422       -0.0066754964
 C         -1.3880650871       -0.6548897010        0.0008796552
 S          0.0012769714        0.5350254412        0.0001715463
 C          1.3876173876       -0.6555603410       -0.0004564607
 C          2.7124017499        0.0822131096        0.0059779277
 H         -3.5298028732       -0.6291030227        0.0041420832
 H         -2.7886559921        0.7256633713        0.8677349079
 H         -2.7916228380        0.7052447785       -0.8955444839
 H         -1.2806959040       -1.2796763755       -0.8876585399
 H         -1.2857621668       -1.2715338508        0.8955874992
 H          1.2807764650       -1.2805133860        0.8882387776
 H          1.2853430651       -1.2732407246       -0.8946861672
 H          3.5293753944       -0.6337272346       -0.0034088550
 H          2.7910289485        0.7213562972       -0.8694725143
 H          2.7934949586        0.7035903251        0.8937938499
  15
 Etot=         -16.9004251949
 C         -2.7138408025        0.0839867915       -0.0064593876
 C         -1.3895319290       -0.6546414391        0.0009543339
 S          0.0011066115        0.5388070717        0.0000344080
 C          1.3895597858       -0.6559846495       -0.0007062929
 C          2.7149713056        0.0809384889        0.0058734584
 H         -3.5322533661       -0.6305843800        0.0028135325
 H         -2.7917420488        0.7236762252        0.8686963359
 H         -2.7939893347        0.7048901265       -0.8947203726
 H         -1.2795361173       -1.2782813348       -0.8872417256
 H         -1.2853866520       -1.2696554681        0.8957722809
 H          1.2795340776       -1.2791646839        0.8878359712
 H          1.2847354969       -1.2716805157       -0.8950566588
 H          3.5324337831       -0.6347045002       -0.0019526654
 H          2.7938914724        0.7191688789       -0.8703132080
 H          2.7955063481        0.7031683177        0.8930937196
