    -16.902904817277    -16.902904817277         0.11880E-03
    -16.902911988904    -16.902911988904         0.10608E-03
    -16.902912145651    -16.902912145651         0.17349E-03
    -16.902912178401    -16.902912178401         0.17295E-03
    -16.902905982653    -16.902905982653         0.13213E-03
    -16.902912322691    -16.902912322691         0.76080E-04
    -16.902904477325    -16.902904477325         0.16776E-03
    -16.902905079929    -16.902905079929         0.12542E-03
    -16.902911575424    -16.902911575424         0.14263E-03
    -16.902912582138    -16.902912582138         0.30915E-04
    -16.902900048628    -16.902900048628         0.17050E-03
    -16.902912082637    -16.902912082637         0.14393E-03
    -16.902911535383    -16.902911535383         0.99675E-04
    -16.902911936067    -16.902911936067         0.17073E-03
    -16.902912293247    -16.902912293247         0.18170E-03
    -16.902911792469    -16.902911792469         0.83978E-04
    -16.902911865988    -16.902911865988         0.76106E-04
    -16.902912259973    -16.902912259973         0.10775E-03
    -16.902911353921    -16.902911353921         0.66696E-04
    -16.902918764548    -16.902918764548         0.46791E-04
    -16.902136331526    -16.902136331526         0.16499E-03
    -16.902127663733    -16.902127663733         0.17245E-03
    -16.902137494470    -16.902137494470         0.18455E-03
    -16.902920284379    -16.902920284379         0.62093E-04
    -16.902137673227    -16.902137673227         0.76639E-04
    -16.902127743428    -16.902127743428         0.16355E-03
    -16.902137537420    -16.902137537420         0.11314E-03
    -16.902135874812    -16.902135874812         0.15488E-03
    -16.902137355795    -16.902137355795         0.17627E-03
    -16.902137082659    -16.902137082659         0.92969E-04
    -16.902911599456    -16.902911599456         0.49826E-04
    -16.902137780677    -16.902137780677         0.10720E-03
    -16.902127686094    -16.902127686094         0.11140E-03
    -16.902127589381    -16.902127589381         0.11355E-03
    -16.902127569271    -16.902127569271         0.73642E-04
    -16.902127745898    -16.902127745898         0.19831E-04
    -16.902127745727    -16.902127745727         0.17758E-04
    -16.902127748707    -16.902127748707         0.53093E-04
    -16.902127752962    -16.902127752962         0.26701E-04
    -16.902127556279    -16.902127556279         0.16149E-03
    -16.902127337601    -16.902127337601         0.17340E-03
    -16.902127662252    -16.902127662252         0.60430E-04
    -16.902127795950    -16.902127795950         0.24054E-04
    -16.902135919215    -16.902135919215         0.18993E-03
    -16.902127769756    -16.902127769756         0.20002E-04
    -16.902137478524    -16.902137478524         0.39796E-04
    -16.902137473116    -16.902137473116         0.40780E-04
    -16.902137355342    -16.902137355342         0.73835E-04
    -16.902137457399    -16.902137457399         0.43917E-04
    -16.902137413881    -16.902137413881         0.39146E-04
    -16.902127812220    -16.902127812220         0.17618E-04
    -16.902127616203    -16.902127616203         0.17991E-03
    -16.902137135966    -16.902137135966         0.49505E-04
    -16.902127653075    -16.902127653075         0.14217E-03
    -16.902127770085    -16.902127770085         0.78777E-04
    -16.902136684979    -16.902136684979         0.52466E-04
    -16.902136980034    -16.902136980034         0.61208E-04
    -16.902136973737    -16.902136973737         0.47099E-04
    -16.901807455288    -16.901807455288         0.71190E-04
    -16.901723843602    -16.901723843602         0.11458E-03
    -16.902143477081    -16.902143477081         0.10106E-03
    -16.901725507023    -16.901725507023         0.87776E-04
    -16.902143376148    -16.902143376148         0.16408E-03
    -16.901734740531    -16.901734740531         0.64311E-04
    -16.902137310611    -16.902137310611         0.79570E-04
    -16.901719769169    -16.901719769169         0.11803E-03
    -16.901722255733    -16.901722255733         0.13639E-03
    -16.901718256303    -16.901718256303         0.13017E-03
    -16.901723250303    -16.901723250303         0.19680E-03
    -16.901725983749    -16.901725983749         0.14681E-03
    -16.901720791158    -16.901720791158         0.12561E-03
    -16.901735366470    -16.901735366470         0.76107E-04
    -16.901718558170    -16.901718558170         0.28582E-04
    -16.901718390816    -16.901718390816         0.39049E-04
    -16.901724235273    -16.901724235273         0.80997E-04
    -16.901718477823    -16.901718477823         0.10568E-03
    -16.901724079805    -16.901724079805         0.55539E-04
    -16.901723917758    -16.901723917758         0.16944E-03
    -16.901714882536    -16.901714882536         0.19379E-03
    -16.901723189183    -16.901723189183         0.59138E-04
    -16.901726649288    -16.901726649288         0.85014E-04
    -16.901724967321    -16.901724967321         0.18145E-03
    -16.901725126983    -16.901725126983         0.16997E-03
    -16.901724994203    -16.901724994203         0.73021E-04
    -16.901725439377    -16.901725439377         0.66537E-04
    -16.901718236318    -16.901718236318         0.84626E-04
    -16.901724451238    -16.901724451238         0.15277E-03
    -16.901725212635    -16.901725212635         0.59969E-04
    -16.901725541201    -16.901725541201         0.76605E-04
    -16.901725539650    -16.901725539650         0.16673E-03
    -16.901718302915    -16.901718302915         0.12891E-03
    -16.901717759558    -16.901717759558         0.16411E-03
    -16.901725240557    -16.901725240557         0.32264E-04
    -16.901725059462    -16.901725059462         0.10217E-03
    -16.901717909102    -16.901717909102         0.92245E-04
    -16.901720336542    -16.901720336542         0.70420E-04
    -16.901721687967    -16.901721687967         0.13984E-03
    -16.901733008560    -16.901733008560         0.58804E-04
    -16.901721417410    -16.901721417410         0.85814E-04
    -16.901740553769    -16.901740553769         0.98726E-04
    -16.901413093552    -16.901413093552         0.19305E-03
    -16.901413933966    -16.901413933966         0.18244E-03
    -16.901413173671    -16.901413173671         0.39622E-04
    -16.901740549017    -16.901740549017         0.10391E-03
    -16.901740472134    -16.901740472134         0.15446E-03
    -16.902912866332    -16.902912866332         0.39959E-04
    -16.901735075824    -16.901735075824         0.59469E-04
    -16.901731708176    -16.901731708176         0.71909E-04
    -16.902914269246    -16.902914269246         0.64487E-04
    -16.902925665563    -16.902925665563         0.46796E-04
    -16.902925457316    -16.902925457316         0.12417E-03
    -16.901740804732    -16.901740804732         0.91723E-04
    -16.902141662539    -16.902141662539         0.13746E-03
    -16.902141659468    -16.902141659468         0.13588E-03
    -16.901726995315    -16.901726995315         0.34433E-04
    -16.900431217505    -16.900431217505         0.44718E-04
    -16.900430922685    -16.900430922685         0.13475E-03
    -16.900431071516    -16.900431071516         0.77933E-04
    -16.900429684373    -16.900429684373         0.68431E-04
    -16.900430083588    -16.900430083588         0.76143E-04
    -16.900430845484    -16.900430845484         0.18287E-03
    -16.900428817672    -16.900428817672         0.13108E-03
    -16.900430104344    -16.900430104344         0.64874E-04
    -16.902141534361    -16.902141534361         0.18299E-03
    -16.900430865769    -16.900430865769         0.58931E-04
    -16.901721591911    -16.901721591911         0.33309E-04
    -16.900429984069    -16.900429984069         0.90615E-04
