  16
 Etot=         -29.7895353380
 C          1.1229426790       -1.8676146988       -0.0009272167
 C          2.1305521395       -0.9030205968        0.0006198020
 C          1.7980572227        0.4515904758        0.0020242278
 C          0.4592759620        0.8419155625        0.0022746063
 C         -0.5481144104       -0.1236538692        0.0007546523
 C         -0.2156194935       -1.4782649417       -0.0006497735
 N         -1.9120419716        0.2722688410       -0.0001483043
 O         -2.8017073692       -0.6124916031       -0.0008092831
 O         -2.1900274998        1.4955369962       -0.0004065869
 N          2.8163861715        1.4278361619        0.0041484468
 H          1.3825708914       -2.9227924800       -0.0019476654
 H          3.1713157022       -1.2177715668        0.0004370897
 H          0.2016091443        1.8985559905        0.0031784575
 H         -0.9919349037       -2.2401490045       -0.0008920858
 H          2.5658573480        2.3945314283       -0.0426123319
 H          3.7721806433        1.1357503972       -0.0432628802
  16
 Etot=         -29.7945250091
 C          1.1205463520       -1.8578472328       -0.0002476439
 C          2.1230182330       -0.8998584549       -0.0003162753
 C          1.8023119323        0.4634711061       -0.0004947248
 C          0.4617504399        0.8488348825        0.0011010722
 C         -0.5349312063       -0.1240647590        0.0010936746
 C         -0.2121483154       -1.4811333825       -0.0001931766
 N         -1.8922597118        0.2694819328        0.0004432139
 O         -2.7684380337       -0.6001193414       -0.0004339554
 O         -2.1666359857        1.4728951983       -0.0005796838
 N          2.7948997015        1.4113003989        0.0116775936
 H          1.3781397861       -2.9059468921       -0.0016567585
 H          3.1573878673       -1.2117796449        0.0007971541
 H          0.1918493740        1.8953766330        0.0025808722
 H         -0.9935858639       -2.2277362297       -0.0020577148
 H          2.5487414919        2.3795718381       -0.0437991672
 H          3.7506561944        1.1197810402       -0.0461333255
  16
 Etot=         -29.7953203133
 C          1.1197219675       -1.8541555929       -0.0003667768
 C          2.1177109214       -0.8986016143        0.0006744468
 C          1.8086865849        0.4734105726        0.0011540298
 C          0.4621773365        0.8501359237        0.0013784812
 C         -0.5272633529       -0.1270220638        0.0005019813
 C         -0.2128982371       -1.4864707207       -0.0009181308
 N         -1.8830157189        0.2684788467       -0.0010548398
 O         -2.7522866726       -0.5928969065       -0.0004688055
 O         -2.1515349070        1.4624939010        0.0002837203
 N          2.7853821947        1.4029667201        0.0186063882
 H          1.3795028115       -2.8995006801       -0.0014554334
 H          3.1505359022       -1.2060802709        0.0005423152
 H          0.1793435814        1.8902912653        0.0024702598
 H         -1.0023879016       -2.2194318666       -0.0021570219
 H          2.5447562808        2.3737301659       -0.0462444919
 H          3.7428714649        1.1148794130       -0.0511649679
  16
 Etot=         -29.7953688273
 C          1.1193433231       -1.8552621764       -0.0004024978
 C          2.1160829836       -0.8990203087       -0.0003711759
 C          1.8095114011        0.4743712543        0.0001954786
 C          0.4615840484        0.8484944685        0.0009717884
 C         -0.5268970237       -0.1288667681        0.0014415265
 C         -0.2142815398       -1.4887080524       -0.0001444818
 N         -1.8837991014        0.2684933391        0.0019217506
 O         -2.7539820503       -0.5935172431       -0.0017533242
 O         -2.1504889397        1.4640802992       -0.0019940562
 N          2.7878568745        1.4044562613        0.0204428653
 H          1.3810447388       -2.9007598368       -0.0016001954
 H          3.1499686416       -1.2049624864        0.0001310385
 H          0.1756846011        1.8882355394        0.0021132963
 H         -1.0060714278       -2.2191973333       -0.0016354055
 H          2.5496712915        2.3760986741       -0.0454267265
 H          3.7460744345        1.1182914619       -0.0521087266
