  16
 Etot=         -25.5181175905
 C          2.3920648602       -1.1249167238       -0.4190266429
 C          1.6701176995        0.1049940361        0.0305451756
 O          2.3351401305        1.0707011776        0.3906977585
 C          0.2185440221        0.0651396178        0.0132684763
 C         -0.5260860331        1.2206824919       -0.1999725776
 C         -1.9146608258        1.1530869821       -0.2124982386
 C         -2.5064106491       -0.0827884921       -0.0066391635
 N         -1.8159516690       -1.2268725792        0.2035702519
 C         -0.4679259817       -1.1220996391        0.2087061413
 H          2.6043072258       -1.8435949058        0.3885969383
 H          3.3447039272       -0.9093009557       -0.9279221612
 H          1.8158158148       -1.7166233719       -1.1520329733
 H         -0.0349061243        2.1765644783       -0.3587961442
 H         -2.5163154077        2.0399666078       -0.3754991394
 H         -3.5860741388       -0.1889992271       -0.0068088030
 H          0.0581876461       -2.0557977454        0.3801683728
  16
 Etot=         -25.5233339255
 C          2.3919232638       -1.1460080401       -0.4439745792
 C          1.6847249426        0.0909914850        0.0182184657
 O          2.3202466513        1.0742332428        0.3743870528
 C          0.2169751910        0.0572221659        0.0028192282
 C         -0.5221508410        1.2236285980       -0.1923907529
 C         -1.9056303445        1.1505686554       -0.2045941545
 C         -2.4982754058       -0.0855323538       -0.0044616063
 N         -1.8136354415       -1.2102892982        0.2034466935
 C         -0.4863702062       -1.1279659885        0.1994369715
 H          2.6008835404       -1.8100834866        0.4003840830
 H          3.3539163294       -0.8820534674       -0.8920668045
 H          1.8036655707       -1.7145999725       -1.1720875525
 H         -0.0191260435        2.1682325982       -0.3520346227
 H         -2.5071227674        2.0305142647       -0.3711317325
 H         -3.5742764184       -0.1987483515       -0.0088506910
 H          0.0248024756       -2.0599683003        0.3992572725
  16
 Etot=         -25.5242735490
 C          2.4001790534       -1.1553353996       -0.4546968140
 C          1.6939942298        0.0875030339       -0.0003176170
 O          2.3023998603        1.0861298292        0.3516926375
 C          0.2147826542        0.0501596902       -0.0005730018
 C         -0.5206315935        1.2212257927       -0.1913501458
 C         -1.9020411368        1.1499209370       -0.2011612266
 C         -2.4985542845       -0.0871430039       -0.0068704437
 N         -1.8144910517       -1.1996151228        0.2063460521
 C         -0.4984693049       -1.1325373008        0.2096639085
 H          2.5884497869       -1.7886286629        0.4132917116
 H          3.3663204840       -0.8791841619       -0.8721597967
 H          1.8115660423       -1.7093287390       -1.1776944311
 H         -0.0036761093        2.1575223347       -0.3414377830
 H         -2.5023820001        2.0301311788       -0.3578185585
 H         -3.5734392814       -0.2011510462       -0.0122284211
 H          0.0065431480       -2.0695276080        0.3916712003
  16
 Etot=         -25.5243972398
 C          2.4071217145       -1.1542135101       -0.4559147678
 C          1.6948933808        0.0881964676       -0.0095083274
 O          2.2915163134        1.0945366765        0.3384438043
 C          0.2130377831        0.0435459116       -0.0072354985
 C         -0.5204835571        1.2169748680       -0.1898138619
 C         -1.9020629819        1.1515997809       -0.1943937618
 C         -2.5022475569       -0.0849898373       -0.0023521075
 N         -1.8184992627       -1.1993254093        0.2046028961
 C         -0.5018749873       -1.1394160384        0.1999148779
 H          2.5778536075       -1.7837689308        0.4170792919
 H          3.3783457140       -0.8812802805       -0.8614216616
 H          1.8244079647       -1.7049898190       -1.1840873978
 H          0.0038203439        2.1494970557       -0.3388367601
 H         -2.5001171068        2.0341522962       -0.3490404588
 H         -3.5773226035       -0.1970084673       -0.0153956690
 H          0.0021617309       -2.0733690125        0.4043166729
  16
 Etot=         -25.5244983224
 C          2.4142344849       -1.1519224967       -0.4527548740
 C          1.6945321133        0.0908453634       -0.0201392773
 O          2.2799203682        1.1084519561        0.3127022037
 C          0.2109438799        0.0363807523       -0.0112909685
 C         -0.5204213740        1.2113984311       -0.1891420670
 C         -1.9021020853        1.1529845470       -0.1890456238
 C         -2.5058555987       -0.0834273054       -0.0023912231
 N         -1.8232799323       -1.2002202522        0.2036614825
 C         -0.5051155789       -1.1453656560        0.1987756099
 H          2.5615675775       -1.7801900577        0.4248989696
 H          3.3937445822       -0.8856656924       -0.8423968099
 H          1.8416209178       -1.7012451349       -1.1907355749
 H          0.0115053390        2.1402952644       -0.3362761053
 H         -2.4974536158        2.0395338621       -0.3352029753
 H         -3.5813294319       -0.1907921425       -0.0120182840
 H         -0.0019611491       -2.0809196871        0.3977127881
  16
 Etot=         -25.5245957593
 C          2.4202475702       -1.1496747470       -0.4453686003
 C          1.6930267222        0.0956781318       -0.0357091712
 O          2.2692941073        1.1262959166        0.2714285487
 C          0.2088984788        0.0299068972       -0.0157719360
 C         -0.5207158721        1.2067872679       -0.1870096068
 C         -1.9021605614        1.1543934027       -0.1805210308
 C         -2.5077377989       -0.0818959606        0.0019140065
 N         -1.8270378910       -1.2022351765        0.2008209310
 C         -0.5075548797       -1.1504854584        0.1947490424
 H          2.5331201695       -1.7815148340        0.4353799420
 H          3.4133833186       -0.8929586500       -0.8089047084
 H          1.8653136137       -1.6962132677       -1.2015539243
 H          0.0172601919        2.1327838193       -0.3320163241
 H         -2.4952267677        2.0440819631       -0.3188243420
 H         -3.5834786853       -0.1861072087       -0.0065517152
 H         -0.0060812194       -2.0887003442        0.3842961596
  16
 Etot=         -25.5246990692
 C          2.4243449283       -1.1490770788       -0.4338622383
 C          1.6915202957        0.1013953849       -0.0539839810
 O          2.2624094134        1.1460497431        0.2152670599
 C          0.2079038044        0.0260929822       -0.0203162831
 C         -0.5215462975        1.2048776942       -0.1831178059
 C         -1.9025609741        1.1553568207       -0.1707640908
 C         -2.5077267691       -0.0817674695        0.0062419819
 N         -1.8283157372       -1.2046981316        0.1954973562
 C         -0.5081560675       -1.1538362152        0.1862809913
 H          2.4928087887       -1.7885751896        0.4472485868
 H          3.4344033950       -0.9033438404       -0.7606638714
 H          1.8934998313       -1.6892660808       -1.2147965108
 H          0.0192358822        2.1294675714       -0.3261296466
 H         -2.4947951476        2.0468941572       -0.2998831139
 H         -3.5837132525       -0.1841049737        0.0046731933
 H         -0.0087615969       -2.0953236227        0.3646656434
  16
 Etot=         -25.5248139854
 C          2.4255522449       -1.1514836726       -0.4188441808
 C          1.6907183162        0.1071360152       -0.0737143063
 O          2.2619473066        1.1628313101        0.1510413703
 C          0.2086759481        0.0272820466       -0.0251797588
 C         -0.5232496038        1.2070789255       -0.1783442700
 C         -1.9038189389        1.1559881619       -0.1594085136
 C         -2.5060403047       -0.0828541118        0.0133967537
 N         -1.8258839870       -1.2069027800        0.1889115071
 C         -0.5057557667       -1.1538674755        0.1740988983
 H          2.4465559824       -1.7998689658        0.4592386480
 H          3.4515087501       -0.9169261680       -0.7034329728
 H          1.9220663293       -1.6826925044       -1.2257448486
 H          0.0154945548        2.1328802140       -0.3189075370
 H         -2.4974842449        2.0471183330       -0.2810238918
 H         -3.5820680254       -0.1867260093        0.0169378107
 H         -0.0076680644       -2.0988515675        0.3373325625
  16
 Etot=         -25.5249336460
 C          2.4241276992       -1.1573248629       -0.4029856697
 C          1.6907547814        0.1107795890       -0.0914016734
 O          2.2675332411        1.1707946790        0.0934678564
 C          0.2108772135        0.0337766680       -0.0319143338
 C         -0.5258131288        1.2133522242       -0.1741633360
 C         -1.9060550795        1.1562401114       -0.1494697059
 C         -2.5035534193       -0.0852212288        0.0195185240
 N         -1.8201763536       -1.2082930820        0.1806173578
 C         -0.5008630122       -1.1506386675        0.1574804567
 H          2.4062543780       -1.8106245138        0.4698621060
 H          3.4600230092       -0.9307546123       -0.6489861611
 H          1.9464022814       -1.6803189877       -1.2295140831
 H          0.0062307210        2.1430849427       -0.3122997957
 H         -2.5034227441        2.0454349682       -0.2636247210
 H         -3.5794123249       -0.1926133877        0.0320024094
 H         -0.0023567658       -2.0975320883        0.3077680402
  16
 Etot=         -25.5250007356
 C          2.4254970861       -1.1645079198       -0.3885034628
 C          1.6912581948        0.1131984299       -0.1126329022
 O          2.2695812963        1.1785162724        0.0362740754
 C          0.2120267401        0.0389979390       -0.0449381167
 C         -0.5288625202        1.2182852858       -0.1724699868
 C         -1.9090063669        1.1572102191       -0.1370882612
 C         -2.5034138355       -0.0865071518        0.0283664888
 N         -1.8158925554       -1.2089260883        0.1729500675
 C         -0.4973273783       -1.1489274775        0.1380023413
 H          2.3645501467       -1.8157817771        0.4849762983
 H          3.4732153851       -0.9451118185       -0.5915940501
 H          1.9760739209       -1.6805058936       -1.2343269925
 H         -0.0016743898        2.1516273755       -0.3060612346
 H         -2.5096535808        2.0456736765       -0.2411344082
 H         -3.5789329661       -0.1966854185        0.0474258941
 H          0.0031113197       -2.0964139017        0.2771115205
  16
 Etot=         -25.5250230270
 C          2.4256164944       -1.1708790793       -0.3773471257
 C          1.6916899506        0.1121444910       -0.1239104281
 O          2.2732723290        1.1754423419        0.0081585287
 C          0.2126167919        0.0450355067       -0.0574989113
 C         -0.5312194799        1.2229528010       -0.1735105698
 C         -1.9113384672        1.1579340567       -0.1295094933
 C         -2.5038227309       -0.0871305327        0.0339094350
 N         -1.8124868203       -1.2087528175        0.1659739224
 C         -0.4948866076       -1.1462611551        0.1212604669
 H          2.3493572097       -1.8127418232        0.4950182396
 H          3.4713356143       -0.9525092144       -0.5612650869
 H          1.9945663900       -1.6887625931       -1.2264514216
 H         -0.0095175079        2.1600398811       -0.3048364097
 H         -2.5147349236        2.0457956506       -0.2250921805
 H         -3.5788489014       -0.1991639022        0.0605311126
 H          0.0089511556       -2.0930018603        0.2509271928
  16
 Etot=         -25.5250570490
 C          2.4289430789       -1.1725730616       -0.3673687675
 C          1.6911874500        0.1148257984       -0.1401235260
 O          2.2695131483        1.1845385426       -0.0307179248
 C          0.2116445587        0.0444253031       -0.0676923726
 C         -0.5326554193        1.2227821397       -0.1729382881
 C         -1.9124911672        1.1588082291       -0.1208881979
 C         -2.5047139856       -0.0869961261        0.0384325864
 N         -1.8126417239       -1.2100083825        0.1604151115
 C         -0.4950601662       -1.1478949390        0.1089311559
 H          2.3198613584       -1.8127734372        0.5067263569
 H          3.4841465508       -0.9605986787       -0.5220185889
 H          2.0194293442       -1.6891650649       -1.2310338443
 H         -0.0106041073        2.1598912420       -0.3031304350
 H         -2.5159538896        2.0481165532       -0.2061756506
 H         -3.5796777522       -0.1976754874        0.0742914722
 H          0.0096232185       -2.0955608793        0.2296481837
