  12
 Etot=         -16.9911297248
 C         -1.7163449663        0.7261590630       -0.0004292662
 C         -0.4736443662       -0.1012108440       -0.0009347569
 O         -0.5619789420       -1.3225869032       -0.0002102090
 N          0.6937113776        0.6377035457       -0.0006314661
 C          2.0088580976        0.0371922676        0.0005129485
 H         -2.0649248157        0.9604778097        1.0190401122
 H         -1.5710480210        1.7034035846       -0.4892768322
 H         -2.5840866646        0.2748144103       -0.5071563618
 H          0.6249801619        1.6507329314       -0.0013270170
 H          2.3435725093       -0.1159897208       -1.0262759982
 H          1.9760352034       -0.9242042223        0.5138641410
 H          2.7142850659        0.6927651377        0.5133852565
  12
 Etot=         -16.9956194150
 C         -1.7176155137        0.7590701696       -0.0023593382
 C         -0.4742800055       -0.0830560223       -0.0081909890
 O         -0.5222318894       -1.3087404269        0.0061043648
 N          0.6734423772        0.6336451512       -0.0012322746
 C          1.9904876651        0.0348953002       -0.0013994262
 H         -2.0369673462        0.9518223442        1.0269493302
 H         -1.5709197742        1.7239451527       -0.4955542516
 H         -2.5409771906        0.2352158139       -0.4970887587
 H          0.6082584611        1.6395419040       -0.0097627118
 H          2.3457644523       -0.1196889857       -1.0227601786
 H          1.9461732770       -0.9309031608        0.5003213264
 H          2.6882801266        0.6835098197        0.5255334584
  12
 Etot=         -16.9963361154
 C         -1.7249670590        0.7706086061       -0.0021350508
 C         -0.4704597723       -0.0685417943       -0.0054532030
 O         -0.4921562040       -1.2976717172        0.0137205838
 N          0.6680444439        0.6351791248       -0.0012647020
 C          1.9824246042        0.0328899541       -0.0013703388
 H         -2.0244155741        0.9497480354        1.0292510275
 H         -1.5759692357        1.7220931685       -0.5013932933
 H         -2.5256774164        0.2174430623       -0.4900924773
 H          0.6124273174        1.6400101423       -0.0247204104
 H          2.3462299025       -0.1117106300       -1.0214297188
 H          1.9192897981       -0.9416069141        0.4825570330
 H          2.6746438350        0.6708160220        0.5428911010
  12
 Etot=         -16.9964316323
 C         -1.7288610925        0.7701251824       -0.0010029223
 C         -0.4691164480       -0.0642814221       -0.0058834010
 O         -0.4860217806       -1.2943505512        0.0203131608
 N          0.6696163656        0.6395676634       -0.0046793541
 C          1.9816354601        0.0323936292       -0.0005028097
 H         -2.0197595984        0.9528040768        1.0311057342
 H         -1.5824116620        1.7174196127       -0.5074545957
 H         -2.5267349758        0.2098080358       -0.4814309178
 H          0.6204321006        1.6454384573       -0.0390458770
 H          2.3534872195       -0.0989906640       -1.0194178101
 H          1.9063418740       -0.9494681056        0.4677894633
 H          2.6708071770        0.6587911452        0.5607698804
  12
 Etot=         -16.9965542426
 C         -1.7339891836        0.7677485710        0.0009448387
 C         -0.4669820593       -0.0583023923        0.0014612764
 O         -0.4787832387       -1.2887893161        0.0373600494
 N          0.6723553451        0.6475901791       -0.0090239511
 C          1.9805318696        0.0317092837       -0.0006298384
 H         -2.0155828774        0.9623950874        1.0322114437
 H         -1.5932953733        1.7082799231       -0.5201251551
 H         -2.5275526032        0.1950903532       -0.4677441393
 H          0.6344990748        1.6544733972       -0.0663386851
 H          2.3695461935       -0.0686672415       -1.0170832985
 H          1.8846030710       -0.9650525465        0.4336094567
 H          2.6640644213        0.6327817614        0.5959185536
  12
 Etot=         -16.9966372024
 C         -1.7354300467        0.7660770973        0.0020778807
 C         -0.4660101327       -0.0561001859        0.0060237124
 O         -0.4768025744       -1.2860384187        0.0552728442
 N          0.6733619108        0.6511712357       -0.0132498271
 C          1.9799776121        0.0315568260       -0.0011229240
 H         -2.0122471625        0.9739409258        1.0322234633
 H         -1.6002725925        1.7011364095       -0.5313173035
 H         -2.5287915962        0.1851946901       -0.4555591930
 H          0.6414458633        1.6573032507       -0.0874606531
 H          2.3858899651       -0.0390653659       -1.0141740293
 H          1.8716658179       -0.9772304061        0.4022370223
 H          2.6566275755        0.6113110012        0.6256095582
  12
 Etot=         -16.9967477801
 C         -1.7347003821        0.7648793083        0.0024676720
 C         -0.4659261199       -0.0563485221        0.0149440581
 O         -0.4783513651       -1.2849435433        0.0801881671
 N          0.6732433406        0.6515350557       -0.0169819819
 C          1.9798221154        0.0318807877       -0.0027782324
 H         -2.0093122441        0.9914051868        1.0300450842
 H         -1.6045132111        1.6924835923       -0.5461958952
 H         -2.5301596606        0.1764075364       -0.4419795774
 H          0.6444350531        1.6554605879       -0.1092869443
 H          2.4068190046        0.0009364373       -1.0098576704
 H          1.8628019641       -0.9904886316        0.3605897475
 H          2.6452561449        0.5860492643        0.6594061238
  12
 Etot=         -16.9968786264
 C         -1.7319501613        0.7645179901        0.0021551988
 C         -0.4669466045       -0.0593067383        0.0277316896
 O         -0.4834021661       -1.2857329901        0.1207105453
 N          0.6718246091        0.6476955879       -0.0235261195
 C          1.9804709182        0.0330989499       -0.0054144442
 H         -2.0020621460        1.0214007217        1.0256557194
 H         -1.6066637190        1.6784792031       -0.5714694130
 H         -2.5342055181        0.1665314474       -0.4195485212
 H          0.6422372161        1.6478718070       -0.1393869227
 H          2.4398318756        0.0661027431       -1.0003956532
 H          1.8553832872       -1.0097016653        0.2934061577
 H          2.6248970486        0.5483000032        0.7106423142
  12
 Etot=         -16.9969763673
 C         -1.7290118908        0.7651953660        0.0012846346
 C         -0.4685461949       -0.0633073694        0.0351130157
 O         -0.4889377666       -1.2878102725        0.1426089858
 N          0.6700470673        0.6417081787       -0.0279262411
 C          1.9815650857        0.0343432455       -0.0067766655
 H         -1.9954534441        1.0410783405        1.0216580726
 H         -1.6044481853        1.6692430660       -0.5874832963
 H         -2.5385017240        0.1651166652       -0.4052209386
 H          0.6346452295        1.6393868621       -0.1527184175
 H          2.4582630312        0.1046672738       -0.9891616959
 H          1.8593635453       -1.0162732267        0.2533032496
 H          2.6104298865        0.5259089306        0.7358798476
  12
 Etot=         -16.9970343843
 C         -1.7278300475        0.7665732354        0.0005363013
 C         -0.4695196128       -0.0655042894        0.0459845960
 O         -0.4906774222       -1.2888235804        0.1719226142
 N          0.6688865221        0.6369904115       -0.0336622135
 C          1.9826445102        0.0354016058       -0.0094227025
 H         -1.9875697500        1.0633995418        1.0163837414
 H         -1.6025305878        1.6568205420       -0.6085557347
 H         -2.5416469147        0.1602794153       -0.3898906031
 H          0.6273793105        1.6338658512       -0.1660663062
 H          2.4770449103        0.1503380060       -0.9785277557
 H          1.8585990634       -1.0275538069        0.2036986724
 H          2.5946346583        0.4974701273        0.7681599414
  12
 Etot=         -16.9970676728
 C         -1.7276838401        0.7685506343        0.0000139932
 C         -0.4706192991       -0.0674965417        0.0508910460
 O         -0.4912713684       -1.2899711560        0.1860655481
 N          0.6680429416        0.6316454870       -0.0404407870
 C          1.9839829377        0.0357897980       -0.0115799780
 H         -1.9792282788        1.0778202049        1.0117385650
 H         -1.5984095541        1.6466448550       -0.6229993426
 H         -2.5449901564        0.1609596764       -0.3798537326
 H          0.6166489946        1.6300034963       -0.1639121548
 H          2.4850145687        0.1743238153       -0.9659620147
 H          1.8646438612       -1.0281012639        0.1766309047
 H          2.5832838328        0.4790880541        0.7799685038
