  7
 Etot=         -26.7129506276
 C          0.1827551279       -0.1026578677        0.0013671526
 N         -1.1233746467        0.6695935518       -0.0035069509
 O         -2.1916554091        0.0417572787       -0.0117426640
 O         -1.0501702386        1.9098521678       -0.0026822543
 Cl         0.1439685245       -1.0772649806        1.4688393244
 Cl         0.1673184893       -1.0656759242       -1.4749674751
 Cl         1.5336104017        1.0324436067        0.0135602688
  7
 Etot=         -26.7180718811
 C          0.1705679754       -0.0930852604        0.0009328699
 N         -1.1257197559        0.6870795439       -0.0066014405
 O         -2.1526672970        0.0505430327       -0.0101040963
 O         -1.0583600114        1.8957591170       -0.0017080382
 Cl         0.1423092782       -1.0889447219        1.4554374368
 Cl         0.1647520883       -1.0782906811       -1.4617414554
 Cl         1.5215699714        1.0349868021        0.0146521253
  7
 Etot=         -26.7188564199
 C          0.1673871632       -0.0858438898        0.0045125723
 N         -1.1310487485        0.6990420259        0.0065873429
 O         -2.1287399730        0.0453711277       -0.0205600506
 O         -1.0588159667        1.8878106963       -0.0109918418
 Cl         0.1427807158       -1.0964778180        1.4525328930
 Cl         0.1513861257       -1.0781315688       -1.4566302873
 Cl         1.5195029324        1.0362772591        0.0154167731
  7
 Etot=         -26.7184959848
 C          0.1684061040       -0.0824602005       -0.0050037997
 N         -1.1364522168        0.7057251630       -0.0319342730
 O         -2.1223068454        0.0386684012        0.0112928300
 O         -1.0601292667        1.8889860083        0.0122948747
 Cl         0.1224071998       -1.0878211656        1.4485932903
 Cl         0.1677977893       -1.0885626575       -1.4595630160
 Cl         1.5227294849        1.0335122836        0.0151874953
  7
 Etot=         -26.7191063607
 C          0.1702097778       -0.0844202470        0.0009154270
 N         -1.1373138818        0.7038257690       -0.0064667853
 O         -2.1296787150        0.0387605734       -0.0095484969
 O         -1.0603619231        1.8932106093       -0.0026947047
 Cl         0.1366832112       -1.0930753773        1.4522700531
 Cl         0.1585147062       -1.0819653175       -1.4589625574
 Cl         1.5243990737        1.0317118224        0.0153544658
  7
 Etot=         -26.7191439355
 C          0.1722678481       -0.0854808424        0.0016285802
 N         -1.1397317561        0.7052147718       -0.0046150708
 O         -2.1309546029        0.0387220247       -0.0114651361
 O         -1.0593557702        1.8943071292       -0.0039407969
 Cl         0.1386907804       -1.0945840436        1.4535953307
 Cl         0.1580988532       -1.0820941682       -1.4596491471
 Cl         1.5234368964        1.0319629609        0.0153136415
