  13
 Etot=         -19.1305465743
 C         -2.3266916615        0.0199526734        0.0003052133
 C         -1.6131032512        1.2184986548       -0.0000282871
 C         -0.2184211398        1.1988064254       -0.0001835649
 C          0.4626759278       -0.0180730834       -0.0003976651
 C         -0.2519120756       -1.2166246643       -0.0000921341
 C         -1.6465941870       -1.1969324348        0.0000631437
 S          2.2445304760       -0.0436879440        0.0001002364
 H         -3.4132060233        0.0350308692       -0.0001301045
 H         -2.1436258466        2.1656035915        0.0000930190
 H          0.3205056606        2.1432675859       -0.0000418384
 H          0.2606713112       -2.1754845240       -0.0002945680
 H         -2.2025893199       -2.1303178779       -0.0001011575
 H          2.4341372079        1.2846500958        0.0012574830
  13
 Etot=         -19.1316216014
 C         -2.3196895749        0.0207144579       -0.0000678833
 C         -1.6118337702        1.2129113174        0.0000026859
 C         -0.2268612981        1.2011535477        0.0000389993
 C          0.4532746351       -0.0097489815       -0.0000252198
 C         -0.2524748412       -1.2050333723       -0.0001810658
 C         -1.6376827894       -1.1862249959       -0.0001975896
 S          2.2291012691       -0.0638818808        0.0000067774
 H         -3.4004483366        0.0324983570        0.0000521966
 H         -2.1389772723        2.1555712282        0.0000793080
 H          0.3135081398        2.1376781854       -0.0000859090
 H          0.2716365834       -2.1513443608       -0.0002052466
 H         -2.1849113299       -2.1178573792        0.0000218414
 H          2.4117356639        1.2582532445        0.0011108813
  13
 Etot=         -19.1317248232
 C         -2.3200146327        0.0201820246        0.0000343139
 C         -1.6135536270        1.2113121106        0.0000028038
 C         -0.2309771680        1.2049044631       -0.0000437234
 C          0.4488928050       -0.0047545362       -0.0000484166
 C         -0.2537834714       -1.2011650767       -0.0000487330
 C         -1.6363077608       -1.1840159019        0.0000133432
 S          2.2212820855       -0.0711197238        0.0000342382
 H         -3.3987339680        0.0302363853        0.0000042211
 H         -2.1394472991        2.1531602945        0.0000243056
 H          0.3122275199        2.1376565375        0.0000613901
 H          0.2803553183       -2.1397740219       -0.0001609125
 H         -2.1791901465       -2.1163763090       -0.0002632873
 H          2.4156274234        1.2444431216        0.0009402328
  13
 Etot=         -19.1317389466
 C         -2.3210820330        0.0198570613       -0.0000895502
 C         -1.6149721681        1.2113266135        0.0000346805
 C         -0.2321745558        1.2072439669        0.0000777593
 C          0.4479737681       -0.0025680017        0.0000399690
 C         -0.2543376398       -1.2002843638       -0.0001445539
 C         -1.6365901024       -1.1842763823       -0.0002046700
 S          2.2189046564       -0.0739481313        0.0000496295
 H         -3.3996218644        0.0293169803       -0.0000169033
 H         -2.1411406959        2.1532927425        0.0000585141
 H          0.3124143805        2.1390507092        0.0000679080
 H          0.2849913418       -2.1357031746       -0.0001164992
 H         -2.1782100032       -2.1174972656       -0.0000561224
 H          2.4202219945        1.2388786132        0.0008496143
