  13
 Etot=         -16.6878318143
 C          1.5406319948        0.8751356404        0.2980347802
 C          0.5293923904        0.0015602675       -0.4351442773
 C          0.5967268437       -1.4407730241        0.0513829543
 C         -0.8559222918        0.5918889406       -0.2573739506
 O         -1.7996466112        0.0106307035        0.2696614095
 H          1.4907577069        1.9111510949       -0.0542130495
 H          2.5606660803        0.5124403940        0.1357275938
 H          1.3474939331        0.8851871949        1.3765572210
 H          0.7479262628        0.0259239787       -1.5092347559
 H         -0.1315870667       -2.0656901811       -0.4770935303
 H          0.3759671724       -1.5015382176        1.1228318606
 H          1.5920199738       -1.8700128898       -0.1058548367
 H         -0.9948504268        1.6023848149       -0.6807284843
  13
 Etot=         -16.6887495764
 C          1.5304181396        0.8872335125        0.2911246564
 C          0.5314542326       -0.0111077107       -0.4386460101
 C          0.5941172333       -1.4496638590        0.0563805985
 C         -0.8511583164        0.5630170268       -0.2889785809
 O         -1.7796513931        0.0164671102        0.2632115486
 H          1.4772533336        1.9152095963       -0.0672159258
 H          2.5421517656        0.5193593196        0.1329791574
 H          1.3297309120        0.8862431306        1.3622211723
 H          0.7543478645        0.0204299033       -1.5111868379
 H         -0.1302696771       -2.0685864685       -0.4715770411
 H          0.3627316478       -1.4966660416        1.1202793352
 H          1.5891354470       -1.8622629692       -0.1016675318
 H         -0.9506852278        1.6186161666       -0.6123716060
  13
 Etot=         -16.6887894091
 C          1.5345654657        0.8961167371        0.2947325290
 C          0.5308528341       -0.0121264881       -0.4245854441
 C          0.5912070595       -1.4542281156        0.0602494100
 C         -0.8320065054        0.5692173063       -0.2400454717
 O         -1.7785672717        0.0075661646        0.2287027975
 H          1.4744923869        1.9168697793       -0.0665397164
 H          2.5345210709        0.5197083895        0.1220051109
 H          1.3395993390        0.8817967172        1.3611723647
 H          0.7417771469        0.0388509855       -1.4994978249
 H         -0.1395926423       -2.0585358662       -0.4643209612
 H          0.3622763068       -1.4968581854        1.1191338035
 H          1.5810130394       -1.8574142394       -0.1133769825
 H         -0.9405622683        1.5873255318       -0.6430766799
  13
 Etot=         -16.6893859261
 C          1.5347120127        0.8889737886        0.2930509350
 C          0.5272760624       -0.0110129169       -0.4308344618
 C          0.5964925986       -1.4519680296        0.0599344697
 C         -0.8442270482        0.5697193068       -0.2573567622
 O         -1.7962948517        0.0071098107        0.2255877814
 H          1.4717857595        1.9112087392       -0.0705601608
 H          2.5419729589        0.5199170603        0.1239961297
 H          1.3395414248        0.8858795925        1.3626510403
 H          0.7445128621        0.0291391437       -1.5047969276
 H         -0.1333000969       -2.0630907179       -0.4648880504
 H          0.3684983656       -1.4956630183        1.1222336443
 H          1.5878822782       -1.8628302765       -0.1061552279
 H         -0.9392763644        1.6109062342       -0.6183094749
  13
 Etot=         -16.6894137660
 C          1.5347366508        0.8909635652        0.2907881668
 C          0.5261182622       -0.0121823219       -0.4304665246
 C          0.5962715626       -1.4535176215        0.0615964597
 C         -0.8450666896        0.5673777184       -0.2603828414
 O         -1.8030354137        0.0022989268        0.2082066151
 H          1.4703385806        1.9123447978       -0.0745914827
 H          2.5417757983        0.5217107753        0.1215985526
 H          1.3404237627        0.8895561080        1.3604828546
 H          0.7428135222        0.0254763177       -1.5046276546
 H         -0.1330520047       -2.0668123535       -0.4619624272
 H          0.3700180160       -1.4960975703        1.1243874873
 H          1.5878534149       -1.8634450833       -0.1043923791
 H         -0.9296195007        1.6206154582       -0.5960838915
