 
       ╔════════════════════════════════════════════╗
       ║            ___ ___ ___ ___ _____           ║
       ║           / __| _ \ __/ __|_   _|          ║
       ║          | (__|   / _|\__ \ | |            ║
       ║           \___|_|_\___|___/ |_|            ║
       ║                                            ║
       ║  Conformer-Rotamer Ensemble Sampling Tool  ║
       ║          based on the xTB methods          ║
       ║                                            ║
       ╚════════════════════════════════════════════╝
       Version 3.0.2, Sun Aug 25 20:02:36 UTC 2024
       commit (af7eb99) compiled by 'runner@fv-az1984-471'
 
   Cite work conducted with this code as

   • P.Pracht, F.Bohle, S.Grimme, PCCP, 2020, 22, 7169-7192.
   • S.Grimme, JCTC, 2019, 15, 2847-2862.
   • P.Pracht, S.Grimme, C.Bannwarth, F.Bohle, S.Ehlert,
     G.Feldmann, J.Gorges, M.Müller, T.Neudecker, C.Plett,
     S.Spicher, P.Steinbach, P.Wesołowski, F.Zeller,
     J. Chem. Phys., 2024, 160, 114110.

   for works involving QCG cite

   • S.Spicher, C.Plett, P.Pracht, A.Hansen, S.Grimme,
     JCTC, 2022, 18 (5), 3174-3189.
   • C.Plett, S. Grimme,
     Angew. Chem. Int. Ed. 2023, 62, e202214477.

   for works involving MECP screening cite

   • P.Pracht, C.Bannwarth, JCTC, 2022, 18 (10), 6370-6385.
 
   Original code
     P.Pracht, S.Grimme, Universität Bonn, MCTC
   with help from (alphabetical order):
     C.Bannwarth, F.Bohle, S.Ehlert, G.Feldmann, J.Gorges,
     S.Grimme, C.Plett, P.Pracht, S.Spicher, P.Steinbach,
     P.Wesolowski, F.Zeller
 
   Online documentation is available at
   https://crest-lab.github.io/crest-docs/
 
   This program is distributed in the hope that it will be useful,
   but WITHOUT ANY WARRANTY; without even the implied warranty of
   MERCHANTABILITY or FITNESS FOR A PARTICULAR PURPOSE. See the
   GNU Lesser General Public License (LGPL) for more details.

 Command line input:
 $ crest mobley_2198613.xyz --alpb water --chrg 0 --uhf 0 -T 4 --noreftopo

  --alpb water : implicit solvation
  --chrg 0
  --uhf 0
  -T 4 (CPUs/Threads selected)

> Setting up backup calculator ... done.
 ----------------
 Calculation info
 ----------------
> User-defined calculation level:
 : xTB calculation via tblite lib
 : GFN2-xTB level
 :   Molecular charge    : 0
 :   Solvation model     : alpb
 :   Solvent             : water
 :   Fermi temperature   : 300.00000
 :   Accuracy            : 1.00000
 :   max SCC cycles      : 500
 
 
 -----------------------------
 Initial Geometry Optimization
 -----------------------------
 Geometry successfully optimized.
 
          ┍━━━━━━━━━━━━━━━━━━━━━━━━━━━━━━━━━━━━━━━━━━━━━━━━━┑
          │              CREST iMTD-GC SAMPLING             │
          ┕━━━━━━━━━━━━━━━━━━━━━━━━━━━━━━━━━━━━━━━━━━━━━━━━━┙
 
 Input structure:
  8
 
 C         -1.7179202674       -0.3801823381       -0.0000403512
 C         -0.6264280430        0.6681084984        0.0001681898
 Cl         1.0034977481       -0.1070756462        0.0001233072
 H         -2.6828202548        0.1195265274       -0.0000401786
 H         -1.6463864475       -1.0087883983       -0.8832278886
 H         -1.6465073924       -1.0090273008        0.8829876728
 H         -0.6604991536        1.2885663509        0.8932326875
 H         -0.6604293252        1.2888324955       -0.8927271822
 
 ------------------------------------------------
 Generating MTD length from a flexibility measure
 ------------------------------------------------
 Calculating GFN0-xTB WBOs   ... done.
 Calculating NCI flexibility ... done.
     covalent flexibility measure :   0.000
 non-covalent flexibility measure :   0.894
 flexibility measure :   0.000
 t(MTD) / ps    :     5.0
 Σ(t(MTD)) / ps :    70.0 (14 MTDs)
 
 -----------------------------------
 Starting trial MTD to test settings
 -----------------------------------
 Trial MTD 1 runtime (1.0 ps) ...        0 min,  0.409 sec
 Estimated runtime for one MTD (5.0 ps) on a single thread: 2 sec
 Estimated runtime for a batch of 14 MTDs on 4 threads: 8 sec
 
******************************************************************************************
**                         N E W   I T E R A T I O N  C Y C L E                         **
******************************************************************************************
 
 ------------------------------
 Meta-Dynamics Iteration 1
 ------------------------------
 list of applied metadynamics Vbias parameters:
$metadyn    0.02400   1.300
$metadyn    0.01200   1.300
$metadyn    0.00600   1.300
$metadyn    0.02400   0.780
$metadyn    0.01200   0.780
$metadyn    0.00600   0.780
$metadyn    0.02400   0.468
$metadyn    0.01200   0.468
$metadyn    0.00600   0.468
$metadyn    0.02400   0.281
$metadyn    0.01200   0.281
$metadyn    0.00600   0.281
$metadyn    0.00800   0.100
$metadyn    0.04000   0.800
 
  ::::::::::::: starting MTD    1 :::::::::::::
  |   MD simulation time   :     5.0 ps       |
  |   target T             :   300.0 K        |
  |   timestep dt          :     5.0 fs       |
  |   dump interval(trj)   :   100.0 fs       |
  |   SHAKE algorithm      : true (all bonds) |
  |   dump interval(Vbias) :    1.00 ps       |
  |   Vbias prefactor (k)  :  0.0240 Eh       |
  |   Vbias exponent (α)   :  1.3000 bohr⁻²   |
  ::::::::::::: starting MTD   12 :::::::::::::
  |   MD simulation time   :     5.0 ps       |
  |   target T             :   300.0 K        |
  |   timestep dt          :     5.0 fs       |
  |   dump interval(trj)   :   100.0 fs       |
  |   SHAKE algorithm      : true (all bonds) |
  |   dump interval(Vbias) :    1.00 ps       |
  |   Vbias prefactor (k)  :  0.0060 Eh       |
  |   Vbias exponent (α)   :  0.2808 bohr⁻²   |
  ::::::::::::: starting MTD    9 :::::::::::::
  |   MD simulation time   :     5.0 ps       |
  |   target T             :   300.0 K        |
  |   timestep dt          :     5.0 fs       |
  |   dump interval(trj)   :   100.0 fs       |
  |   SHAKE algorithm      : true (all bonds) |
  |   dump interval(Vbias) :    1.00 ps       |
  |   Vbias prefactor (k)  :  0.0060 Eh       |
  |   Vbias exponent (α)   :  0.4680 bohr⁻²   |
  ::::::::::::: starting MTD    5 :::::::::::::
  |   MD simulation time   :     5.0 ps       |
  |   target T             :   300.0 K        |
  |   timestep dt          :     5.0 fs       |
  |   dump interval(trj)   :   100.0 fs       |
  |   SHAKE algorithm      : true (all bonds) |
  |   dump interval(Vbias) :    1.00 ps       |
  |   Vbias prefactor (k)  :  0.0120 Eh       |
  |   Vbias exponent (α)   :  0.7800 bohr⁻²   |
*MTD   5 completed successfully ...        0 min,  2.034 sec
  ::::::::::::: starting MTD    6 :::::::::::::
  |   MD simulation time   :     5.0 ps       |
  |   target T             :   300.0 K        |
  |   timestep dt          :     5.0 fs       |
  |   dump interval(trj)   :   100.0 fs       |
  |   SHAKE algorithm      : true (all bonds) |
  |   dump interval(Vbias) :    1.00 ps       |
  |   Vbias prefactor (k)  :  0.0060 Eh       |
  |   Vbias exponent (α)   :  0.7800 bohr⁻²   |
*MTD   1 completed successfully ...        0 min,  2.039 sec
  ::::::::::::: starting MTD    2 :::::::::::::
  |   MD simulation time   :     5.0 ps       |
  |   target T             :   300.0 K        |
  |   timestep dt          :     5.0 fs       |
  |   dump interval(trj)   :   100.0 fs       |
  |   SHAKE algorithm      : true (all bonds) |
  |   dump interval(Vbias) :    1.00 ps       |
  |   Vbias prefactor (k)  :  0.0120 Eh       |
  |   Vbias exponent (α)   :  1.3000 bohr⁻²   |
*MTD   9 completed successfully ...        0 min,  2.040 sec
  ::::::::::::: starting MTD   10 :::::::::::::
  |   MD simulation time   :     5.0 ps       |
  |   target T             :   300.0 K        |
  |   timestep dt          :     5.0 fs       |
  |   dump interval(trj)   :   100.0 fs       |
  |   SHAKE algorithm      : true (all bonds) |
  |   dump interval(Vbias) :    1.00 ps       |
  |   Vbias prefactor (k)  :  0.0240 Eh       |
  |   Vbias exponent (α)   :  0.2808 bohr⁻²   |
*MTD  12 completed successfully ...        0 min,  2.078 sec
  ::::::::::::: starting MTD   13 :::::::::::::
  |   MD simulation time   :     5.0 ps       |
  |   target T             :   300.0 K        |
  |   timestep dt          :     5.0 fs       |
  |   dump interval(trj)   :   100.0 fs       |
  |   SHAKE algorithm      : true (all bonds) |
  |   dump interval(Vbias) :    1.00 ps       |
  |   Vbias prefactor (k)  :  0.0080 Eh       |
  |   Vbias exponent (α)   :  0.1000 bohr⁻²   |
*MTD  10 completed successfully ...        0 min,  2.072 sec
  ::::::::::::: starting MTD   11 :::::::::::::
  |   MD simulation time   :     5.0 ps       |
  |   target T             :   300.0 K        |
  |   timestep dt          :     5.0 fs       |
  |   dump interval(trj)   :   100.0 fs       |
  |   SHAKE algorithm      : true (all bonds) |
  |   dump interval(Vbias) :    1.00 ps       |
  |   Vbias prefactor (k)  :  0.0120 Eh       |
  |   Vbias exponent (α)   :  0.2808 bohr⁻²   |
*MTD   2 completed successfully ...        0 min,  2.091 sec
  ::::::::::::: starting MTD    3 :::::::::::::
  |   MD simulation time   :     5.0 ps       |
  |   target T             :   300.0 K        |
  |   timestep dt          :     5.0 fs       |
  |   dump interval(trj)   :   100.0 fs       |
  |   SHAKE algorithm      : true (all bonds) |
  |   dump interval(Vbias) :    1.00 ps       |
  |   Vbias prefactor (k)  :  0.0060 Eh       |
  |   Vbias exponent (α)   :  1.3000 bohr⁻²   |
*MTD  13 completed successfully ...        0 min,  2.101 sec
  ::::::::::::: starting MTD   14 :::::::::::::
  |   MD simulation time   :     5.0 ps       |
  |   target T             :   300.0 K        |
  |   timestep dt          :     5.0 fs       |
  |   dump interval(trj)   :   100.0 fs       |
  |   SHAKE algorithm      : true (all bonds) |
  |   dump interval(Vbias) :    1.00 ps       |
  |   Vbias prefactor (k)  :  0.0400 Eh       |
  |   Vbias exponent (α)   :  0.8000 bohr⁻²   |
*MTD   6 completed successfully ...        0 min,  2.344 sec
  ::::::::::::: starting MTD    7 :::::::::::::
  |   MD simulation time   :     5.0 ps       |
  |   target T             :   300.0 K        |
  |   timestep dt          :     5.0 fs       |
  |   dump interval(trj)   :   100.0 fs       |
  |   SHAKE algorithm      : true (all bonds) |
  |   dump interval(Vbias) :    1.00 ps       |
  |   Vbias prefactor (k)  :  0.0240 Eh       |
  |   Vbias exponent (α)   :  0.4680 bohr⁻²   |
*MTD  11 completed successfully ...        0 min,  2.029 sec
*MTD   3 completed successfully ...        0 min,  2.025 sec
  ::::::::::::: starting MTD    4 :::::::::::::
  |   MD simulation time   :     5.0 ps       |
  |   target T             :   300.0 K        |
  |   timestep dt          :     5.0 fs       |
  |   dump interval(trj)   :   100.0 fs       |
  |   SHAKE algorithm      : true (all bonds) |
  |   dump interval(Vbias) :    1.00 ps       |
  |   Vbias prefactor (k)  :  0.0240 Eh       |
  |   Vbias exponent (α)   :  0.7800 bohr⁻²   |
*MTD  14 completed successfully ...        0 min,  2.043 sec
*MTD   7 completed successfully ...        0 min,  2.041 sec
  ::::::::::::: starting MTD    8 :::::::::::::
  |   MD simulation time   :     5.0 ps       |
  |   target T             :   300.0 K        |
  |   timestep dt          :     5.0 fs       |
  |   dump interval(trj)   :   100.0 fs       |
  |   SHAKE algorithm      : true (all bonds) |
  |   dump interval(Vbias) :    1.00 ps       |
  |   Vbias prefactor (k)  :  0.0120 Eh       |
  |   Vbias exponent (α)   :  0.4680 bohr⁻²   |
*MTD   4 completed successfully ...        0 min,  1.974 sec
*MTD   8 completed successfully ...        0 min,  1.979 sec
 
 ======================================
 |  Multilevel Ensemble Optimization  |
 ======================================
 Optimizing all 686 structures from file "crest_dynamics.trj" ...
 ----------------------
 crude pre-optimization
 ----------------------
 Optimization engine: ANCOPT
 Hessian update type: BFGS
 E/G convergence criteria:  0.500E-03 Eh, 0.100E-01 Eh/a0
 maximum optimization steps: 200
 |>0.1% |>10.1% |>20.1% |>30.0% |>40.1% |>50.0% |>60.1% |>70.1% |>80.0% |>90.1% |>100.0%
 done.
> 686 of 686 structures successfully optimized (100.0% success)
> Total runtime for 686 optimizations:
 * wall-time:     0 d,  0 h,  0 min,  1.816 sec
 *  cpu-time:     0 d,  0 h,  0 min,  7.176 sec
 * ratio c/w:     3.951 speedup
> Corresponding to approximately 0.003 sec per processed structure
 
CREGEN> running RMSDs ... done.
CREGEN> E lowest :   -11.38130
 31 structures remain within    12.00 kcal/mol window
 This is less than 5% of the initial 686 structures.
 Increasing energy window to include more...
CREGEN> running RMSDs ... done.
CREGEN> E lowest :   -11.38130
 31 structures remain within    18.00 kcal/mol window
 ----------------------------------
 optimization with tight thresholds
 ----------------------------------
 Optimization engine: ANCOPT
 Hessian update type: BFGS
 E/G convergence criteria:  0.100E-05 Eh, 0.800E-03 Eh/a0
 maximum optimization steps: 200
 |>3.2% |>12.9% |>22.6% |>32.3% |>41.9% |>51.6% |>61.3% |>71.0% |>80.6% |>90.3% |>100.0%
 done.
> 31 of 31 structures successfully optimized (100.0% success)
> Total runtime for 31 optimizations:
 * wall-time:     0 d,  0 h,  0 min,  0.160 sec
 *  cpu-time:     0 d,  0 h,  0 min,  0.635 sec
 * ratio c/w:     3.961 speedup
> Corresponding to approximately 0.005 sec per processed structure
 
CREGEN> running RMSDs ... done.
CREGEN> E lowest :   -11.38131
 3 structures remain within     6.00 kcal/mol window
 
 ------------------------------
 Meta-Dynamics Iteration 2
 ------------------------------
 list of applied metadynamics Vbias parameters:
$metadyn    0.02400   1.300
$metadyn    0.01200   1.300
$metadyn    0.00600   1.300
$metadyn    0.02400   0.780
$metadyn    0.01200   0.780
$metadyn    0.00600   0.780
$metadyn    0.02400   0.468
$metadyn    0.01200   0.468
$metadyn    0.00600   0.468
$metadyn    0.02400   0.281
$metadyn    0.01200   0.281
$metadyn    0.00600   0.281
$metadyn    0.00800   0.100
$metadyn    0.04000   0.800
 
  ::::::::::::: starting MTD    1 :::::::::::::
  |   MD simulation time   :     5.0 ps       |
  |   target T             :   300.0 K        |
  |   timestep dt          :     5.0 fs       |
  |   dump interval(trj)   :   100.0 fs       |
  |   SHAKE algorithm      : true (all bonds) |
  |   dump interval(Vbias) :    1.00 ps       |
  |   Vbias prefactor (k)  :  0.0240 Eh       |
  |   Vbias exponent (α)   :  1.3000 bohr⁻²   |
  ::::::::::::: starting MTD    5 :::::::::::::
  |   MD simulation time   :     5.0 ps       |
  |   target T             :   300.0 K        |
  |   timestep dt          :     5.0 fs       |
  |   dump interval(trj)   :   100.0 fs       |
  |   SHAKE algorithm      : true (all bonds) |
  |   dump interval(Vbias) :    1.00 ps       |
  |   Vbias prefactor (k)  :  0.0120 Eh       |
  |   Vbias exponent (α)   :  0.7800 bohr⁻²   |
  ::::::::::::: starting MTD   12 :::::::::::::
  |   MD simulation time   :     5.0 ps       |
  |   target T             :   300.0 K        |
  |   timestep dt          :     5.0 fs       |
  |   dump interval(trj)   :   100.0 fs       |
  |   SHAKE algorithm      : true (all bonds) |
  |   dump interval(Vbias) :    1.00 ps       |
  |   Vbias prefactor (k)  :  0.0060 Eh       |
  |   Vbias exponent (α)   :  0.2808 bohr⁻²   |
  ::::::::::::: starting MTD    9 :::::::::::::
  |   MD simulation time   :     5.0 ps       |
  |   target T             :   300.0 K        |
  |   timestep dt          :     5.0 fs       |
  |   dump interval(trj)   :   100.0 fs       |
  |   SHAKE algorithm      : true (all bonds) |
  |   dump interval(Vbias) :    1.00 ps       |
  |   Vbias prefactor (k)  :  0.0060 Eh       |
  |   Vbias exponent (α)   :  0.4680 bohr⁻²   |
*MTD   9 completed successfully ...        0 min,  2.050 sec
  ::::::::::::: starting MTD   10 :::::::::::::
  |   MD simulation time   :     5.0 ps       |
  |   target T             :   300.0 K        |
  |   timestep dt          :     5.0 fs       |
  |   dump interval(trj)   :   100.0 fs       |
  |   SHAKE algorithm      : true (all bonds) |
  |   dump interval(Vbias) :    1.00 ps       |
  |   Vbias prefactor (k)  :  0.0240 Eh       |
  |   Vbias exponent (α)   :  0.2808 bohr⁻²   |
*MTD   1 completed successfully ...        0 min,  2.055 sec
  ::::::::::::: starting MTD    2 :::::::::::::
  |   MD simulation time   :     5.0 ps       |
  |   target T             :   300.0 K        |
  |   timestep dt          :     5.0 fs       |
  |   dump interval(trj)   :   100.0 fs       |
  |   SHAKE algorithm      : true (all bonds) |
  |   dump interval(Vbias) :    1.00 ps       |
  |   Vbias prefactor (k)  :  0.0120 Eh       |
  |   Vbias exponent (α)   :  1.3000 bohr⁻²   |
*MTD  12 completed successfully ...        0 min,  2.063 sec
  ::::::::::::: starting MTD   13 :::::::::::::
  |   MD simulation time   :     5.0 ps       |
  |   target T             :   300.0 K        |
  |   timestep dt          :     5.0 fs       |
  |   dump interval(trj)   :   100.0 fs       |
  |   SHAKE algorithm      : true (all bonds) |
  |   dump interval(Vbias) :    1.00 ps       |
  |   Vbias prefactor (k)  :  0.0080 Eh       |
  |   Vbias exponent (α)   :  0.1000 bohr⁻²   |
*MTD   5 completed successfully ...        0 min,  2.080 sec
  ::::::::::::: starting MTD    6 :::::::::::::
  |   MD simulation time   :     5.0 ps       |
  |   target T             :   300.0 K        |
  |   timestep dt          :     5.0 fs       |
  |   dump interval(trj)   :   100.0 fs       |
  |   SHAKE algorithm      : true (all bonds) |
  |   dump interval(Vbias) :    1.00 ps       |
  |   Vbias prefactor (k)  :  0.0060 Eh       |
  |   Vbias exponent (α)   :  0.7800 bohr⁻²   |
*MTD  10 completed successfully ...        0 min,  2.034 sec
  ::::::::::::: starting MTD   11 :::::::::::::
  |   MD simulation time   :     5.0 ps       |
  |   target T             :   300.0 K        |
  |   timestep dt          :     5.0 fs       |
  |   dump interval(trj)   :   100.0 fs       |
  |   SHAKE algorithm      : true (all bonds) |
  |   dump interval(Vbias) :    1.00 ps       |
  |   Vbias prefactor (k)  :  0.0120 Eh       |
  |   Vbias exponent (α)   :  0.2808 bohr⁻²   |
*MTD   2 completed successfully ...        0 min,  2.057 sec
  ::::::::::::: starting MTD    3 :::::::::::::
  |   MD simulation time   :     5.0 ps       |
  |   target T             :   300.0 K        |
  |   timestep dt          :     5.0 fs       |
  |   dump interval(trj)   :   100.0 fs       |
  |   SHAKE algorithm      : true (all bonds) |
  |   dump interval(Vbias) :    1.00 ps       |
  |   Vbias prefactor (k)  :  0.0060 Eh       |
  |   Vbias exponent (α)   :  1.3000 bohr⁻²   |
*MTD  13 completed successfully ...        0 min,  2.054 sec
  ::::::::::::: starting MTD   14 :::::::::::::
  |   MD simulation time   :     5.0 ps       |
  |   target T             :   300.0 K        |
  |   timestep dt          :     5.0 fs       |
  |   dump interval(trj)   :   100.0 fs       |
  |   SHAKE algorithm      : true (all bonds) |
  |   dump interval(Vbias) :    1.00 ps       |
  |   Vbias prefactor (k)  :  0.0400 Eh       |
  |   Vbias exponent (α)   :  0.8000 bohr⁻²   |
*MTD   6 completed successfully ...        0 min,  2.071 sec
  ::::::::::::: starting MTD    7 :::::::::::::
  |   MD simulation time   :     5.0 ps       |
  |   target T             :   300.0 K        |
  |   timestep dt          :     5.0 fs       |
  |   dump interval(trj)   :   100.0 fs       |
  |   SHAKE algorithm      : true (all bonds) |
  |   dump interval(Vbias) :    1.00 ps       |
  |   Vbias prefactor (k)  :  0.0240 Eh       |
  |   Vbias exponent (α)   :  0.4680 bohr⁻²   |
*MTD   7 completed successfully ...        0 min,  2.073 sec
  ::::::::::::: starting MTD    8 :::::::::::::
  |   MD simulation time   :     5.0 ps       |
  |   target T             :   300.0 K        |
  |   timestep dt          :     5.0 fs       |
  |   dump interval(trj)   :   100.0 fs       |
  |   SHAKE algorithm      : true (all bonds) |
  |   dump interval(Vbias) :    1.00 ps       |
  |   Vbias prefactor (k)  :  0.0120 Eh       |
  |   Vbias exponent (α)   :  0.4680 bohr⁻²   |
*MTD   3 completed successfully ...        0 min,  2.138 sec
  ::::::::::::: starting MTD    4 :::::::::::::
  |   MD simulation time   :     5.0 ps       |
  |   target T             :   300.0 K        |
  |   timestep dt          :     5.0 fs       |
  |   dump interval(trj)   :   100.0 fs       |
  |   SHAKE algorithm      : true (all bonds) |
  |   dump interval(Vbias) :    1.00 ps       |
  |   Vbias prefactor (k)  :  0.0240 Eh       |
  |   Vbias exponent (α)   :  0.7800 bohr⁻²   |
*MTD  11 completed successfully ...        0 min,  2.191 sec
*MTD  14 completed successfully ...        0 min,  2.195 sec
*MTD   8 completed successfully ...        0 min,  1.981 sec
*MTD   4 completed successfully ...        0 min,  1.957 sec
 
 ======================================
 |  Multilevel Ensemble Optimization  |
 ======================================
 Optimizing all 686 structures from file "crest_dynamics.trj" ...
 ----------------------
 crude pre-optimization
 ----------------------
 Optimization engine: ANCOPT
 Hessian update type: BFGS
 E/G convergence criteria:  0.500E-03 Eh, 0.100E-01 Eh/a0
 maximum optimization steps: 200
 |>0.1% |>10.1% |>20.1% |>30.0% |>40.1% |>50.0% |>60.1% |>70.1% |>80.0% |>90.1% |>100.0%
 done.
> 686 of 686 structures successfully optimized (100.0% success)
> Total runtime for 686 optimizations:
 * wall-time:     0 d,  0 h,  0 min,  1.860 sec
 *  cpu-time:     0 d,  0 h,  0 min,  7.407 sec
 * ratio c/w:     3.981 speedup
> Corresponding to approximately 0.003 sec per processed structure
 
CREGEN> running RMSDs ... done.
CREGEN> E lowest :   -11.38130
 29 structures remain within    12.00 kcal/mol window
 This is less than 5% of the initial 686 structures.
 Increasing energy window to include more...
CREGEN> running RMSDs ... done.
CREGEN> E lowest :   -11.38130
 29 structures remain within    18.00 kcal/mol window
 ----------------------------------
 optimization with tight thresholds
 ----------------------------------
 Optimization engine: ANCOPT
 Hessian update type: BFGS
 E/G convergence criteria:  0.100E-05 Eh, 0.800E-03 Eh/a0
 maximum optimization steps: 200
 |>3.4% |>10.3% |>20.7% |>31.0% |>41.4% |>51.7% |>62.1% |>72.4% |>82.8% |>93.1% |>100.0%
 done.
> 29 of 29 structures successfully optimized (100.0% success)
> Total runtime for 29 optimizations:
 * wall-time:     0 d,  0 h,  0 min,  0.170 sec
 *  cpu-time:     0 d,  0 h,  0 min,  0.675 sec
 * ratio c/w:     3.964 speedup
> Corresponding to approximately 0.006 sec per processed structure
 
CREGEN> running RMSDs ... done.
CREGEN> E lowest :   -11.38131
 3 structures remain within     6.00 kcal/mol window
 
========================================
           MTD Simulations done         
========================================
 Collecting ensmbles.
CREGEN> running RMSDs ... done.
CREGEN> E lowest :   -11.38131
 3 structures remain within     6.00 kcal/mol window
 

 ===============================================
 Additional regular MDs on lowest 1 conformer(s)
 ===============================================
  :::::::::::::: starting MD   1 ::::::::::::::
  |   MD simulation time   :     2.5 ps       |
  |   target T             :   400.0 K        |
  |   timestep dt          :     5.0 fs       |
  |   dump interval(trj)   :   100.0 fs       |
  |   SHAKE algorithm      : true (all bonds) |
  :::::::::::::: starting MD   2 ::::::::::::::
  |   MD simulation time   :     2.5 ps       |
  |   target T             :   500.0 K        |
  |   timestep dt          :     5.0 fs       |
  |   dump interval(trj)   :   100.0 fs       |
  |   SHAKE algorithm      : true (all bonds) |
*MD   2 completed successfully ...        0 min,  0.839 sec
*MD   1 completed successfully ...        0 min,  0.847 sec
 Appending file crest_rotamers_1.xyz with new structures
 Optimizing all 51 structures from file "crest_rotamers_1.xyz" ...
 ----------------------------------
 optimization with tight thresholds
 ----------------------------------
 Optimization engine: ANCOPT
 Hessian update type: BFGS
 E/G convergence criteria:  0.100E-05 Eh, 0.800E-03 Eh/a0
 maximum optimization steps: 200
 |>2.0% |>11.8% |>21.6% |>31.4% |>41.2% |>51.0% |>60.8% |>70.6% |>80.4% |>90.2% |>100.0%
 done.
> 51 of 51 structures successfully optimized (100.0% success)
> Total runtime for 51 optimizations:
 * wall-time:     0 d,  0 h,  0 min,  0.216 sec
 *  cpu-time:     0 d,  0 h,  0 min,  0.856 sec
 * ratio c/w:     3.969 speedup
> Corresponding to approximately 0.004 sec per processed structure
 
CREGEN> running RMSDs ... done.
CREGEN> E lowest :   -11.38131
 3 structures remain within     6.00 kcal/mol window
 
     ========================================
     |        Structure Crossing (GC)       |
     ========================================
 
 =============================
  # threads =           4
 =============================
input  file name : crest_rotamers_2.xyz
number of atoms                :       8
number of points on xyz files  :       3
conformer energy window  /kcal :    6.00
CN per atom difference cut-off :  0.3000
RMSD threshold (Ang, Bohr)     :  0.2500  0.4724
max. # of generated structures :      250
 # in E window           3
  66.7 % done
 100.0 % done
 100.0 % done
 finished.
 average rmsd w.r.t input     :     1.81161
 number of clash discarded    :           0
 removed identical structures :           1

 2 structures written to confcross.xyz

 
 ======================================
 |  Multilevel Ensemble Optimization  |
 ======================================
 Optimizing all 2 structures from file "confcross.xyz" ...
 ----------------------
 crude pre-optimization
 ----------------------
 Optimization engine: ANCOPT
 Hessian update type: BFGS
 E/G convergence criteria:  0.500E-03 Eh, 0.100E-01 Eh/a0
 maximum optimization steps: 200
 |>50.0% |>100.0%
 done.
> 2 of 2 structures successfully optimized (100.0% success)
> Total runtime for 2 optimizations:
 * wall-time:     0 d,  0 h,  0 min,  0.007 sec
 *  cpu-time:     0 d,  0 h,  0 min,  0.027 sec
 * ratio c/w:     3.961 speedup
> Corresponding to approximately 0.003 sec per processed structure
 
CREGEN> running RMSDs ... done.
CREGEN> E lowest :   -11.38128
 2 structures remain within    12.00 kcal/mol window
 ----------------------------------
 optimization with tight thresholds
 ----------------------------------
 Optimization engine: ANCOPT
 Hessian update type: BFGS
 E/G convergence criteria:  0.100E-05 Eh, 0.800E-03 Eh/a0
 maximum optimization steps: 200
 |>50.0% |>100.0%
 done.
> 2 of 2 structures successfully optimized (100.0% success)
> Total runtime for 2 optimizations:
 * wall-time:     0 d,  0 h,  0 min,  0.005 sec
 *  cpu-time:     0 d,  0 h,  0 min,  0.021 sec
 * ratio c/w:     3.931 speedup
> Corresponding to approximately 0.003 sec per processed structure
 
CREGEN> running RMSDs ... done.
CREGEN> E lowest :   -11.38130
 2 structures remain within     6.00 kcal/mol window
appending new structures to crest_rotamers_2.xyz
CREGEN> running RMSDs ... done.
CREGEN> E lowest :   -11.38131


   ================================================
   |           Final Geometry Optimization        |
   ================================================
 Optimizing all 3 structures from file "crest_rotamers_3.xyz" ...
 ---------------------------------------
 optimization with very tight thresholds
 ---------------------------------------
 Optimization engine: ANCOPT
 Hessian update type: BFGS
 E/G convergence criteria:  0.100E-06 Eh, 0.200E-03 Eh/a0
 maximum optimization steps: 200
 |>33.3% |>66.7% |>100.0%
 done.
> 3 of 3 structures successfully optimized (100.0% success)
> Total runtime for 3 optimizations:
 * wall-time:     0 d,  0 h,  0 min,  0.022 sec
 *  cpu-time:     0 d,  0 h,  0 min,  0.089 sec
 * ratio c/w:     3.955 speedup
> Corresponding to approximately 0.007 sec per processed structure
 
CREGEN> running RMSDs ... done.
CREGEN> E lowest :   -11.38130
 3 structures remain within     6.00 kcal/mol window


 --------------------------
 Final Ensemble Information
 --------------------------
 input  file name : crest_rotamers_3.xyz
 output file name : crest_rotamers_4.xyz
 number of atoms                :   8
 number of points on xyz files  :   3
 RMSD threshold                 :   0.1250
 Bconst threshold               :   0.0100
 population threshold           :   0.0500
 # fragment in coord            :     1
 # bonds in reference structure :     7
 number of reliable points      :     3
 sorting energy window (EWIN)   :    6.0000 / kcal*mol⁻¹
 reference state Etot           :  -11.3813026200000
 number of doubles removed by rot/RMSD         :           0
 total number unique points considered further :           3
       Erel/kcal        Etot weight/tot  conformer     set   degen     origin
       1   0.000   -11.38130    0.33334    1.00000       1       3
       2   0.000   -11.38130    0.33334
       3   0.000   -11.38130    0.33332
T /K                                  :   298.15
E lowest                              :   -11.38130
ensemble average energy (kcal)        :    0.000
ensemble entropy (J/mol K, cal/mol K) :    9.134    2.183
ensemble free energy (kcal/mol)       :   -0.651
population of lowest in %             :  100.000
 number of unique conformers for further calc            1
 list of relative energies saved as "crest.energies"
 
 -----------------
 Wall Time Summary
 -----------------
 CREST runtime (total)               0 d,  0 h,  0 min, 22.891 sec
 ------------------------------------------------------------------
 Trial metadynamics (MTD)   ...        0 min,  0.412 sec (  1.800%)
 Metadynamics (MTD)         ...        0 min, 16.655 sec ( 72.759%)
 Geometry optimization      ...        0 min,  4.856 sec ( 21.214%)
 Molecular dynamics (MD)    ...        0 min,  0.852 sec (  3.720%)
 Genetic crossing (GC)      ...        0 min,  0.019 sec (  0.084%)
 I/O and setup              ...        0 min,  0.097 sec (  0.423%)
 ------------------------------------------------------------------
 * wall-time:     0 d,  0 h,  0 min, 22.891 sec
 *  cpu-time:     0 d,  0 h,  1 min, 21.872 sec
 * ratio c/w:     3.577 speedup
 ------------------------------------------------------------------
 * Total number of energy+grad calls: 37589
 
 CREST terminated normally.
