  8
 Etot=         -11.3807283955
 C         -1.7058293122       -0.3741418896       -0.0000175535
 C         -0.6042499031        0.6647179681       -0.0000547830
 Cl         0.9906637491       -0.1179834042        0.0000091701
 H         -2.6846566039        0.1146843838        0.0000691934
 H         -1.6477463118       -1.0127179951       -0.8876120119
 H         -1.6480292497       -1.0128058183        0.8874719050
 H         -0.6690796941        1.2988383936        0.8888155023
 H         -0.6685658102        1.2993685504       -0.8882051658
  8
 Etot=         -11.3811553307
 C         -1.7143047862       -0.3783251890       -0.0000681672
 C         -0.6161838452        0.6638277903        0.0001406759
 Cl         0.9938107744       -0.1054241072        0.0000978940
 H         -2.6827187621        0.1193754858       -0.0000579694
 H         -1.6472834187       -1.0110176981       -0.8837777006
 H         -1.6473550644       -1.0111380917        0.8835417804
 H         -0.6617780624        1.2912005846        0.8915478077
 H         -0.6616799713        1.2914614141       -0.8909480641
  8
 Etot=         -11.3812759911
 C         -1.7178301484       -0.3807389325       -0.0000343099
 C         -0.6236334920        0.6654709488        0.0001794199
 Cl         0.9990892906       -0.1038648064        0.0001288070
 H         -2.6802072526        0.1218594754       -0.0000598375
 H         -1.6464719064       -1.0090710905       -0.8825346399
 H         -1.6465863294       -1.0093332570        0.8823019100
 H         -0.6609442303        1.2876870011        0.8927956662
 H         -0.6609090673        1.2879508497       -0.8923007591
  8
 Etot=         -11.3812975632
 C         -1.7183777599       -0.3807492487       -0.0000420003
 C         -0.6256877652        0.6670739027        0.0001874429
 Cl         1.0023404763       -0.1053386892        0.0001262784
 H         -2.6815220093        0.1208015285       -0.0000511412
 H         -1.6464872808       -1.0087930885       -0.8828385914
 H         -1.6466014221       -1.0090382438        0.8825937396
 H         -0.6605974626        1.2878779190        0.8930827013
 H         -0.6605599122        1.2881261088       -0.8925821727
