  13
 Etot=         -24.0137039465
 C          0.8528792141       -1.8378487733       -0.0001182417
 C          1.8757262070       -0.8894264152        0.0001263074
 C          1.5648514248        0.4703099082        0.0001502026
 C          0.2324576141        0.8819112978        0.0003218468
 C         -0.7901858469       -0.0674897264        0.0001053616
 C         -0.4793110647       -1.4272260498        0.0000814663
 Cl        -2.4350834235        0.4385111921       -0.0000768975
 O          2.5626391947        1.3961335712       -0.0001834539
 H          1.0956663072       -2.8970288451       -0.0000634846
 H          2.9125142627       -1.2153702936       -0.0002138936
 H         -0.0017812341        1.9438797360       -0.0001234534
 H         -1.2660050042       -2.1783968949       -0.0009220323
 H          3.4288049193        0.9580567992       -0.0010077109
  13
 Etot=         -24.0149513410
 C          0.8498868733       -1.8345224712       -0.0002277722
 C          1.8701387927       -0.8982548503       -0.0000946243
 C          1.5668701043        0.4611045858       -0.0001253195
 C          0.2394145654        0.8734645537       -0.0000183806
 C         -0.7706048731       -0.0751856288       -0.0001601592
 C         -0.4749545452       -1.4296841630       -0.0002961903
 Cl        -2.4173387102        0.4411288903       -0.0000339503
 O          2.5434844176        1.4038351020       -0.0001751024
 H          1.0869113565       -2.8873472115       -0.0002107794
 H          2.9003519475       -1.2248846802       -0.0000696390
 H          0.0080297708        1.9288099028        0.0001478625
 H         -1.2664849175       -2.1649941783       -0.0000953248
 H          3.4174677884        0.9825456551       -0.0005646037
  13
 Etot=         -24.0151817079
 C          0.8484546046       -1.8348293601       -0.0000740443
 C          1.8696570535       -0.9045989480       -0.0001501149
 C          1.5709342420        0.4551834484       -0.0001179615
 C          0.2432073129        0.8693026934       -0.0000266697
 C         -0.7604647004       -0.0801314710        0.0000453972
 C         -0.4759988495       -1.4342615215       -0.0000031803
 Cl        -2.4114064914        0.4457243334        0.0000387383
 O          2.5319646125        1.4098918172       -0.0002289359
 H          1.0833161291       -2.8859044955       -0.0002040689
 H          2.8974703871       -1.2315636741       -0.0002229054
 H          0.0158040012        1.9222020271       -0.0000962501
 H         -1.2730169709       -2.1587244410       -0.0004793257
 H          3.4132512398        1.0037250982       -0.0004046620
  13
 Etot=         -24.0152173691
 C          0.8480699343       -1.8357637499       -0.0002859357
 C          1.8704600637       -0.9063473018       -0.0002338824
 C          1.5731207363        0.4535423782       -0.0001829168
 C          0.2438901393        0.8685164724       -0.0001415254
 C         -0.7584158907       -0.0814238292       -0.0001798382
 C         -0.4774360737       -1.4365078064       -0.0002809548
 Cl        -2.4128209530        0.4479417426        0.0000195859
 O          2.5291894611        1.4114946892       -0.0001572278
 H          1.0830869405       -2.8874188201       -0.0002420823
 H          2.8982324498       -1.2340411087       -0.0002096562
 H          0.0188983330        1.9217379800        0.0000175771
 H         -1.2767086956       -2.1579230903        0.0001463808
 H          3.4136061255        1.0122079501       -0.0001935072
