 
       ╔════════════════════════════════════════════╗
       ║            ___ ___ ___ ___ _____           ║
       ║           / __| _ \ __/ __|_   _|          ║
       ║          | (__|   / _|\__ \ | |            ║
       ║           \___|_|_\___|___/ |_|            ║
       ║                                            ║
       ║  Conformer-Rotamer Ensemble Sampling Tool  ║
       ║          based on the xTB methods          ║
       ║                                            ║
       ╚════════════════════════════════════════════╝
       Version 3.0.2, Sun Aug 25 20:02:36 UTC 2024
       commit (af7eb99) compiled by 'runner@fv-az1984-471'
 
   Cite work conducted with this code as

   • P.Pracht, F.Bohle, S.Grimme, PCCP, 2020, 22, 7169-7192.
   • S.Grimme, JCTC, 2019, 15, 2847-2862.
   • P.Pracht, S.Grimme, C.Bannwarth, F.Bohle, S.Ehlert,
     G.Feldmann, J.Gorges, M.Müller, T.Neudecker, C.Plett,
     S.Spicher, P.Steinbach, P.Wesołowski, F.Zeller,
     J. Chem. Phys., 2024, 160, 114110.

   for works involving QCG cite

   • S.Spicher, C.Plett, P.Pracht, A.Hansen, S.Grimme,
     JCTC, 2022, 18 (5), 3174-3189.
   • C.Plett, S. Grimme,
     Angew. Chem. Int. Ed. 2023, 62, e202214477.

   for works involving MECP screening cite

   • P.Pracht, C.Bannwarth, JCTC, 2022, 18 (10), 6370-6385.
 
   Original code
     P.Pracht, S.Grimme, Universität Bonn, MCTC
   with help from (alphabetical order):
     C.Bannwarth, F.Bohle, S.Ehlert, G.Feldmann, J.Gorges,
     S.Grimme, C.Plett, P.Pracht, S.Spicher, P.Steinbach,
     P.Wesolowski, F.Zeller
 
   Online documentation is available at
   https://crest-lab.github.io/crest-docs/
 
   This program is distributed in the hope that it will be useful,
   but WITHOUT ANY WARRANTY; without even the implied warranty of
   MERCHANTABILITY or FITNESS FOR A PARTICULAR PURPOSE. See the
   GNU Lesser General Public License (LGPL) for more details.

 Command line input:
 $ crest mobley_8057732.xyz --alpb water --chrg 0 --uhf 0 -T 4 --noreftopo

  --alpb water : implicit solvation
  --chrg 0
  --uhf 0
  -T 4 (CPUs/Threads selected)

> Setting up backup calculator ... done.
 ----------------
 Calculation info
 ----------------
> User-defined calculation level:
 : xTB calculation via tblite lib
 : GFN2-xTB level
 :   Molecular charge    : 0
 :   Solvation model     : alpb
 :   Solvent             : water
 :   Fermi temperature   : 300.00000
 :   Accuracy            : 1.00000
 :   max SCC cycles      : 500
 
 
 -----------------------------
 Initial Geometry Optimization
 -----------------------------
 Geometry successfully optimized.
 
          ┍━━━━━━━━━━━━━━━━━━━━━━━━━━━━━━━━━━━━━━━━━━━━━━━━━┑
          │              CREST iMTD-GC SAMPLING             │
          ┕━━━━━━━━━━━━━━━━━━━━━━━━━━━━━━━━━━━━━━━━━━━━━━━━━┙
 
 Input structure:
  13
 
 C          0.8478792236       -1.8363358575       -0.0000853580
 C          1.8709069455       -0.9065862697       -0.0002073623
 C          1.5740984350        0.4531536442       -0.0001713307
 C          0.2437383047        0.8684611247       -0.0000815001
 C         -0.7580998745       -0.0815969714        0.0000257476
 C         -0.4780800737       -1.4373478652        0.0000398728
 Cl        -2.4154027521        0.4487375969        0.0000428777
 O          2.5288376871        1.4114139797       -0.0002059992
 H          1.0834622721       -2.8885530116       -0.0002265866
 H          2.8988334398       -1.2352150870       -0.0003038664
 H          0.0203524879        1.9223481668       -0.0001367671
 H         -1.2780721942       -2.1581949892       -0.0003744283
 H          3.4147186692        1.0157310458       -0.0002392825
 
 ------------------------------------------------
 Generating MTD length from a flexibility measure
 ------------------------------------------------
 Calculating GFN0-xTB WBOs   ... done.
 Calculating NCI flexibility ... done.
     covalent flexibility measure :   0.006
 non-covalent flexibility measure :   0.794
 flexibility measure :   0.035
 t(MTD) / ps    :     5.0
 Σ(t(MTD)) / ps :    70.0 (14 MTDs)
 
 -----------------------------------
 Starting trial MTD to test settings
 -----------------------------------
 Trial MTD 1 runtime (1.0 ps) ...        0 min,  1.753 sec
 Estimated runtime for one MTD (5.0 ps) on a single thread: 9 sec
 Estimated runtime for a batch of 14 MTDs on 4 threads: 35 sec
 
******************************************************************************************
**                         N E W   I T E R A T I O N  C Y C L E                         **
******************************************************************************************
 
 ------------------------------
 Meta-Dynamics Iteration 1
 ------------------------------
 list of applied metadynamics Vbias parameters:
$metadyn    0.03900   1.300
$metadyn    0.01950   1.300
$metadyn    0.00975   1.300
$metadyn    0.03900   0.780
$metadyn    0.01950   0.780
$metadyn    0.00975   0.780
$metadyn    0.03900   0.468
$metadyn    0.01950   0.468
$metadyn    0.00975   0.468
$metadyn    0.03900   0.281
$metadyn    0.01950   0.281
$metadyn    0.00975   0.281
$metadyn    0.01300   0.100
$metadyn    0.06500   0.800
 
  ::::::::::::: starting MTD    1 :::::::::::::
  |   MD simulation time   :     5.0 ps       |
  |   target T             :   300.0 K        |
  |   timestep dt          :     5.0 fs       |
  |   dump interval(trj)   :   100.0 fs       |
  |   SHAKE algorithm      : true (all bonds) |
  |   dump interval(Vbias) :    1.00 ps       |
  |   Vbias prefactor (k)  :  0.0390 Eh       |
  |   Vbias exponent (α)   :  1.3000 bohr⁻²   |
  ::::::::::::: starting MTD    9 :::::::::::::
  |   MD simulation time   :     5.0 ps       |
  |   target T             :   300.0 K        |
  |   timestep dt          :     5.0 fs       |
  |   dump interval(trj)   :   100.0 fs       |
  |   SHAKE algorithm      : true (all bonds) |
  |   dump interval(Vbias) :    1.00 ps       |
  |   Vbias prefactor (k)  :  0.0097 Eh       |
  |   Vbias exponent (α)   :  0.4680 bohr⁻²   |
  ::::::::::::: starting MTD    5 :::::::::::::
  |   MD simulation time   :     5.0 ps       |
  |   target T             :   300.0 K        |
  |   timestep dt          :     5.0 fs       |
  |   dump interval(trj)   :   100.0 fs       |
  |   SHAKE algorithm      : true (all bonds) |
  |   dump interval(Vbias) :    1.00 ps       |
  |   Vbias prefactor (k)  :  0.0195 Eh       |
  |   Vbias exponent (α)   :  0.7800 bohr⁻²   |
  ::::::::::::: starting MTD   12 :::::::::::::
  |   MD simulation time   :     5.0 ps       |
  |   target T             :   300.0 K        |
  |   timestep dt          :     5.0 fs       |
  |   dump interval(trj)   :   100.0 fs       |
  |   SHAKE algorithm      : true (all bonds) |
  |   dump interval(Vbias) :    1.00 ps       |
  |   Vbias prefactor (k)  :  0.0097 Eh       |
  |   Vbias exponent (α)   :  0.2808 bohr⁻²   |
*MTD  12 completed successfully ...        0 min,  7.094 sec
  ::::::::::::: starting MTD   13 :::::::::::::
  |   MD simulation time   :     5.0 ps       |
  |   target T             :   300.0 K        |
  |   timestep dt          :     5.0 fs       |
  |   dump interval(trj)   :   100.0 fs       |
  |   SHAKE algorithm      : true (all bonds) |
  |   dump interval(Vbias) :    1.00 ps       |
  |   Vbias prefactor (k)  :  0.0130 Eh       |
  |   Vbias exponent (α)   :  0.1000 bohr⁻²   |
*MTD   9 completed successfully ...        0 min,  7.136 sec
  ::::::::::::: starting MTD   10 :::::::::::::
  |   MD simulation time   :     5.0 ps       |
  |   target T             :   300.0 K        |
  |   timestep dt          :     5.0 fs       |
  |   dump interval(trj)   :   100.0 fs       |
  |   SHAKE algorithm      : true (all bonds) |
  |   dump interval(Vbias) :    1.00 ps       |
  |   Vbias prefactor (k)  :  0.0390 Eh       |
  |   Vbias exponent (α)   :  0.2808 bohr⁻²   |
*MTD   5 completed successfully ...        0 min,  7.139 sec
  ::::::::::::: starting MTD    6 :::::::::::::
  |   MD simulation time   :     5.0 ps       |
  |   target T             :   300.0 K        |
  |   timestep dt          :     5.0 fs       |
  |   dump interval(trj)   :   100.0 fs       |
  |   SHAKE algorithm      : true (all bonds) |
  |   dump interval(Vbias) :    1.00 ps       |
  |   Vbias prefactor (k)  :  0.0097 Eh       |
  |   Vbias exponent (α)   :  0.7800 bohr⁻²   |
*MTD   1 completed successfully ...        0 min,  7.227 sec
  ::::::::::::: starting MTD    2 :::::::::::::
  |   MD simulation time   :     5.0 ps       |
  |   target T             :   300.0 K        |
  |   timestep dt          :     5.0 fs       |
  |   dump interval(trj)   :   100.0 fs       |
  |   SHAKE algorithm      : true (all bonds) |
  |   dump interval(Vbias) :    1.00 ps       |
  |   Vbias prefactor (k)  :  0.0195 Eh       |
  |   Vbias exponent (α)   :  1.3000 bohr⁻²   |
*MTD  13 completed successfully ...        0 min,  7.180 sec
  ::::::::::::: starting MTD   14 :::::::::::::
  |   MD simulation time   :     5.0 ps       |
  |   target T             :   300.0 K        |
  |   timestep dt          :     5.0 fs       |
  |   dump interval(trj)   :   100.0 fs       |
  |   SHAKE algorithm      : true (all bonds) |
  |   dump interval(Vbias) :    1.00 ps       |
  |   Vbias prefactor (k)  :  0.0650 Eh       |
  |   Vbias exponent (α)   :  0.8000 bohr⁻²   |
*MTD   6 completed successfully ...        0 min,  7.218 sec
  ::::::::::::: starting MTD    7 :::::::::::::
  |   MD simulation time   :     5.0 ps       |
  |   target T             :   300.0 K        |
  |   timestep dt          :     5.0 fs       |
  |   dump interval(trj)   :   100.0 fs       |
  |   SHAKE algorithm      : true (all bonds) |
  |   dump interval(Vbias) :    1.00 ps       |
  |   Vbias prefactor (k)  :  0.0390 Eh       |
  |   Vbias exponent (α)   :  0.4680 bohr⁻²   |
*MTD  10 completed successfully ...        0 min,  7.312 sec
  ::::::::::::: starting MTD   11 :::::::::::::
  |   MD simulation time   :     5.0 ps       |
  |   target T             :   300.0 K        |
  |   timestep dt          :     5.0 fs       |
  |   dump interval(trj)   :   100.0 fs       |
  |   SHAKE algorithm      : true (all bonds) |
  |   dump interval(Vbias) :    1.00 ps       |
  |   Vbias prefactor (k)  :  0.0195 Eh       |
  |   Vbias exponent (α)   :  0.2808 bohr⁻²   |
*MTD   2 completed successfully ...        0 min,  7.583 sec
  ::::::::::::: starting MTD    3 :::::::::::::
  |   MD simulation time   :     5.0 ps       |
  |   target T             :   300.0 K        |
  |   timestep dt          :     5.0 fs       |
  |   dump interval(trj)   :   100.0 fs       |
  |   SHAKE algorithm      : true (all bonds) |
  |   dump interval(Vbias) :    1.00 ps       |
  |   Vbias prefactor (k)  :  0.0097 Eh       |
  |   Vbias exponent (α)   :  1.3000 bohr⁻²   |
*MTD  14 completed successfully ...        0 min,  7.193 sec
*MTD  11 completed successfully ...        0 min,  7.071 sec
*MTD   7 completed successfully ...        0 min,  7.163 sec
  ::::::::::::: starting MTD    8 :::::::::::::
  |   MD simulation time   :     5.0 ps       |
  |   target T             :   300.0 K        |
  |   timestep dt          :     5.0 fs       |
  |   dump interval(trj)   :   100.0 fs       |
  |   SHAKE algorithm      : true (all bonds) |
  |   dump interval(Vbias) :    1.00 ps       |
  |   Vbias prefactor (k)  :  0.0195 Eh       |
  |   Vbias exponent (α)   :  0.4680 bohr⁻²   |
*MTD   3 completed successfully ...        0 min,  7.259 sec
  ::::::::::::: starting MTD    4 :::::::::::::
  |   MD simulation time   :     5.0 ps       |
  |   target T             :   300.0 K        |
  |   timestep dt          :     5.0 fs       |
  |   dump interval(trj)   :   100.0 fs       |
  |   SHAKE algorithm      : true (all bonds) |
  |   dump interval(Vbias) :    1.00 ps       |
  |   Vbias prefactor (k)  :  0.0390 Eh       |
  |   Vbias exponent (α)   :  0.7800 bohr⁻²   |
*MTD   8 completed successfully ...        0 min,  7.029 sec
*MTD   4 completed successfully ...        0 min,  7.036 sec
 
 ======================================
 |  Multilevel Ensemble Optimization  |
 ======================================
 Optimizing all 686 structures from file "crest_dynamics.trj" ...
 ----------------------
 crude pre-optimization
 ----------------------
 Optimization engine: ANCOPT
 Hessian update type: BFGS
 E/G convergence criteria:  0.500E-03 Eh, 0.100E-01 Eh/a0
 maximum optimization steps: 200
 |>0.1% |>10.1% |>20.1% |>30.0% |>40.1% |>50.0% |>60.1% |>70.1% |>80.0% |>90.1% |>100.0%
 done.
> 686 of 686 structures successfully optimized (100.0% success)
> Total runtime for 686 optimizations:
 * wall-time:     0 d,  0 h,  0 min,  8.953 sec
 *  cpu-time:     0 d,  0 h,  0 min, 35.330 sec
 * ratio c/w:     3.946 speedup
> Corresponding to approximately 0.013 sec per processed structure
 
CREGEN> running RMSDs ... done.
CREGEN> E lowest :   -24.01529
 4 structures remain within    12.00 kcal/mol window
 This is less than 5% of the initial 686 structures.
 Increasing energy window to include more...
CREGEN> running RMSDs ... done.
CREGEN> E lowest :   -24.01529
 4 structures remain within    18.00 kcal/mol window
 ----------------------------------
 optimization with tight thresholds
 ----------------------------------
 Optimization engine: ANCOPT
 Hessian update type: BFGS
 E/G convergence criteria:  0.100E-05 Eh, 0.800E-03 Eh/a0
 maximum optimization steps: 200
 |>25.0% |>50.0% |>75.0% |>100.0%
 done.
> 4 of 4 structures successfully optimized (100.0% success)
> Total runtime for 4 optimizations:
 * wall-time:     0 d,  0 h,  0 min,  0.119 sec
 *  cpu-time:     0 d,  0 h,  0 min,  0.475 sec
 * ratio c/w:     3.984 speedup
> Corresponding to approximately 0.030 sec per processed structure
 
CREGEN> running RMSDs ... done.
CREGEN> E lowest :   -24.01531
 2 structures remain within     6.00 kcal/mol window
 
 ------------------------------
 Meta-Dynamics Iteration 2
 ------------------------------
 list of applied metadynamics Vbias parameters:
$metadyn    0.03900   1.300
$metadyn    0.01950   1.300
$metadyn    0.00975   1.300
$metadyn    0.03900   0.780
$metadyn    0.01950   0.780
$metadyn    0.00975   0.780
$metadyn    0.03900   0.468
$metadyn    0.01950   0.468
$metadyn    0.00975   0.468
$metadyn    0.03900   0.281
$metadyn    0.01950   0.281
$metadyn    0.00975   0.281
$metadyn    0.01300   0.100
$metadyn    0.06500   0.800
 
  ::::::::::::: starting MTD    1 :::::::::::::
  |   MD simulation time   :     5.0 ps       |
  |   target T             :   300.0 K        |
  |   timestep dt          :     5.0 fs       |
  |   dump interval(trj)   :   100.0 fs       |
  |   SHAKE algorithm      : true (all bonds) |
  |   dump interval(Vbias) :    1.00 ps       |
  |   Vbias prefactor (k)  :  0.0390 Eh       |
  |   Vbias exponent (α)   :  1.3000 bohr⁻²   |
  ::::::::::::: starting MTD    5 :::::::::::::
  |   MD simulation time   :     5.0 ps       |
  |   target T             :   300.0 K        |
  |   timestep dt          :     5.0 fs       |
  |   dump interval(trj)   :   100.0 fs       |
  |   SHAKE algorithm      : true (all bonds) |
  |   dump interval(Vbias) :    1.00 ps       |
  |   Vbias prefactor (k)  :  0.0195 Eh       |
  |   Vbias exponent (α)   :  0.7800 bohr⁻²   |
  ::::::::::::: starting MTD    9 :::::::::::::
  |   MD simulation time   :     5.0 ps       |
  |   target T             :   300.0 K        |
  |   timestep dt          :     5.0 fs       |
  |   dump interval(trj)   :   100.0 fs       |
  |   SHAKE algorithm      : true (all bonds) |
  |   dump interval(Vbias) :    1.00 ps       |
  |   Vbias prefactor (k)  :  0.0097 Eh       |
  |   Vbias exponent (α)   :  0.4680 bohr⁻²   |
  ::::::::::::: starting MTD   12 :::::::::::::
  |   MD simulation time   :     5.0 ps       |
  |   target T             :   300.0 K        |
  |   timestep dt          :     5.0 fs       |
  |   dump interval(trj)   :   100.0 fs       |
  |   SHAKE algorithm      : true (all bonds) |
  |   dump interval(Vbias) :    1.00 ps       |
  |   Vbias prefactor (k)  :  0.0097 Eh       |
  |   Vbias exponent (α)   :  0.2808 bohr⁻²   |
*MTD   1 completed successfully ...        0 min,  7.160 sec
  ::::::::::::: starting MTD    2 :::::::::::::
  |   MD simulation time   :     5.0 ps       |
  |   target T             :   300.0 K        |
  |   timestep dt          :     5.0 fs       |
  |   dump interval(trj)   :   100.0 fs       |
  |   SHAKE algorithm      : true (all bonds) |
  |   dump interval(Vbias) :    1.00 ps       |
  |   Vbias prefactor (k)  :  0.0195 Eh       |
  |   Vbias exponent (α)   :  1.3000 bohr⁻²   |
*MTD   9 completed successfully ...        0 min,  7.161 sec
  ::::::::::::: starting MTD   10 :::::::::::::
  |   MD simulation time   :     5.0 ps       |
  |   target T             :   300.0 K        |
  |   timestep dt          :     5.0 fs       |
  |   dump interval(trj)   :   100.0 fs       |
  |   SHAKE algorithm      : true (all bonds) |
  |   dump interval(Vbias) :    1.00 ps       |
  |   Vbias prefactor (k)  :  0.0390 Eh       |
  |   Vbias exponent (α)   :  0.2808 bohr⁻²   |
*MTD  12 completed successfully ...        0 min,  7.200 sec
  ::::::::::::: starting MTD   13 :::::::::::::
  |   MD simulation time   :     5.0 ps       |
  |   target T             :   300.0 K        |
  |   timestep dt          :     5.0 fs       |
  |   dump interval(trj)   :   100.0 fs       |
  |   SHAKE algorithm      : true (all bonds) |
  |   dump interval(Vbias) :    1.00 ps       |
  |   Vbias prefactor (k)  :  0.0130 Eh       |
  |   Vbias exponent (α)   :  0.1000 bohr⁻²   |
*MTD   5 completed successfully ...        0 min,  7.280 sec
  ::::::::::::: starting MTD    6 :::::::::::::
  |   MD simulation time   :     5.0 ps       |
  |   target T             :   300.0 K        |
  |   timestep dt          :     5.0 fs       |
  |   dump interval(trj)   :   100.0 fs       |
  |   SHAKE algorithm      : true (all bonds) |
  |   dump interval(Vbias) :    1.00 ps       |
  |   Vbias prefactor (k)  :  0.0097 Eh       |
  |   Vbias exponent (α)   :  0.7800 bohr⁻²   |
*MTD  10 completed successfully ...        0 min,  7.286 sec
  ::::::::::::: starting MTD   11 :::::::::::::
  |   MD simulation time   :     5.0 ps       |
  |   target T             :   300.0 K        |
  |   timestep dt          :     5.0 fs       |
  |   dump interval(trj)   :   100.0 fs       |
  |   SHAKE algorithm      : true (all bonds) |
  |   dump interval(Vbias) :    1.00 ps       |
  |   Vbias prefactor (k)  :  0.0195 Eh       |
  |   Vbias exponent (α)   :  0.2808 bohr⁻²   |
*MTD   6 completed successfully ...        0 min,  7.191 sec
  ::::::::::::: starting MTD    7 :::::::::::::
  |   MD simulation time   :     5.0 ps       |
  |   target T             :   300.0 K        |
  |   timestep dt          :     5.0 fs       |
  |   dump interval(trj)   :   100.0 fs       |
  |   SHAKE algorithm      : true (all bonds) |
  |   dump interval(Vbias) :    1.00 ps       |
  |   Vbias prefactor (k)  :  0.0390 Eh       |
  |   Vbias exponent (α)   :  0.4680 bohr⁻²   |
*MTD  13 completed successfully ...        0 min,  7.302 sec
  ::::::::::::: starting MTD   14 :::::::::::::
  |   MD simulation time   :     5.0 ps       |
  |   target T             :   300.0 K        |
  |   timestep dt          :     5.0 fs       |
  |   dump interval(trj)   :   100.0 fs       |
  |   SHAKE algorithm      : true (all bonds) |
  |   dump interval(Vbias) :    1.00 ps       |
  |   Vbias prefactor (k)  :  0.0650 Eh       |
  |   Vbias exponent (α)   :  0.8000 bohr⁻²   |
*MTD   2 completed successfully ...        0 min,  7.506 sec
  ::::::::::::: starting MTD    3 :::::::::::::
  |   MD simulation time   :     5.0 ps       |
  |   target T             :   300.0 K        |
  |   timestep dt          :     5.0 fs       |
  |   dump interval(trj)   :   100.0 fs       |
  |   SHAKE algorithm      : true (all bonds) |
  |   dump interval(Vbias) :    1.00 ps       |
  |   Vbias prefactor (k)  :  0.0097 Eh       |
  |   Vbias exponent (α)   :  1.3000 bohr⁻²   |
*MTD  11 completed successfully ...        0 min,  7.195 sec
*MTD   7 completed successfully ...        0 min,  7.191 sec
  ::::::::::::: starting MTD    8 :::::::::::::
  |   MD simulation time   :     5.0 ps       |
  |   target T             :   300.0 K        |
  |   timestep dt          :     5.0 fs       |
  |   dump interval(trj)   :   100.0 fs       |
  |   SHAKE algorithm      : true (all bonds) |
  |   dump interval(Vbias) :    1.00 ps       |
  |   Vbias prefactor (k)  :  0.0195 Eh       |
  |   Vbias exponent (α)   :  0.4680 bohr⁻²   |
*MTD  14 completed successfully ...        0 min,  7.249 sec
*MTD   3 completed successfully ...        0 min,  7.190 sec
  ::::::::::::: starting MTD    4 :::::::::::::
  |   MD simulation time   :     5.0 ps       |
  |   target T             :   300.0 K        |
  |   timestep dt          :     5.0 fs       |
  |   dump interval(trj)   :   100.0 fs       |
  |   SHAKE algorithm      : true (all bonds) |
  |   dump interval(Vbias) :    1.00 ps       |
  |   Vbias prefactor (k)  :  0.0390 Eh       |
  |   Vbias exponent (α)   :  0.7800 bohr⁻²   |
*MTD   8 completed successfully ...        0 min,  6.988 sec
*MTD   4 completed successfully ...        0 min,  7.078 sec
 
 ======================================
 |  Multilevel Ensemble Optimization  |
 ======================================
 Optimizing all 686 structures from file "crest_dynamics.trj" ...
 ----------------------
 crude pre-optimization
 ----------------------
 Optimization engine: ANCOPT
 Hessian update type: BFGS
 E/G convergence criteria:  0.500E-03 Eh, 0.100E-01 Eh/a0
 maximum optimization steps: 200
 |>0.1% |>10.1% |>20.1% |>30.0% |>40.1% |>50.0% |>60.1% |>70.1% |>80.0% |>90.1% |>100.0%
 done.
> 686 of 686 structures successfully optimized (100.0% success)
> Total runtime for 686 optimizations:
 * wall-time:     0 d,  0 h,  0 min,  8.676 sec
 *  cpu-time:     0 d,  0 h,  0 min, 34.467 sec
 * ratio c/w:     3.973 speedup
> Corresponding to approximately 0.013 sec per processed structure
 
CREGEN> running RMSDs ... done.
CREGEN> E lowest :   -24.01528
 7 structures remain within    12.00 kcal/mol window
 This is less than 5% of the initial 686 structures.
 Increasing energy window to include more...
CREGEN> running RMSDs ... done.
CREGEN> E lowest :   -24.01528
 7 structures remain within    18.00 kcal/mol window
 ----------------------------------
 optimization with tight thresholds
 ----------------------------------
 Optimization engine: ANCOPT
 Hessian update type: BFGS
 E/G convergence criteria:  0.100E-05 Eh, 0.800E-03 Eh/a0
 maximum optimization steps: 200
 |>14.3% |>28.6% |>42.9% |>57.1% |>71.4% |>85.7% |>100.0%
 done.
> 7 of 7 structures successfully optimized (100.0% success)
> Total runtime for 7 optimizations:
 * wall-time:     0 d,  0 h,  0 min,  0.225 sec
 *  cpu-time:     0 d,  0 h,  0 min,  0.897 sec
 * ratio c/w:     3.981 speedup
> Corresponding to approximately 0.032 sec per processed structure
 
CREGEN> running RMSDs ... done.
CREGEN> E lowest :   -24.01531
 2 structures remain within     6.00 kcal/mol window
 
========================================
           MTD Simulations done         
========================================
 Collecting ensmbles.
CREGEN> running RMSDs ... done.
CREGEN> E lowest :   -24.01531
 2 structures remain within     6.00 kcal/mol window
 

 ===============================================
 Additional regular MDs on lowest 2 conformer(s)
 ===============================================
  :::::::::::::: starting MD   1 ::::::::::::::
  |   MD simulation time   :     2.5 ps       |
  |   target T             :   400.0 K        |
  |   timestep dt          :     5.0 fs       |
  |   dump interval(trj)   :   100.0 fs       |
  |   SHAKE algorithm      : true (all bonds) |
  :::::::::::::: starting MD   2 ::::::::::::::
  |   MD simulation time   :     2.5 ps       |
  |   target T             :   400.0 K        |
  |   timestep dt          :     5.0 fs       |
  |   dump interval(trj)   :   100.0 fs       |
  |   SHAKE algorithm      : true (all bonds) |
  :::::::::::::: starting MD   3 ::::::::::::::
  |   MD simulation time   :     2.5 ps       |
  |   target T             :   500.0 K        |
  |   timestep dt          :     5.0 fs       |
  |   dump interval(trj)   :   100.0 fs       |
  |   SHAKE algorithm      : true (all bonds) |
  :::::::::::::: starting MD   4 ::::::::::::::
  |   MD simulation time   :     2.5 ps       |
  |   target T             :   500.0 K        |
  |   timestep dt          :     5.0 fs       |
  |   dump interval(trj)   :   100.0 fs       |
  |   SHAKE algorithm      : true (all bonds) |
*MD   4 completed successfully ...        0 min,  3.680 sec
*MD   3 completed successfully ...        0 min,  3.736 sec
*MD   2 completed successfully ...        0 min,  3.886 sec
*MD   1 completed successfully ...        0 min,  3.897 sec
 Appending file crest_rotamers_1.xyz with new structures
 Optimizing all 98 structures from file "crest_rotamers_1.xyz" ...
 ----------------------------------
 optimization with tight thresholds
 ----------------------------------
 Optimization engine: ANCOPT
 Hessian update type: BFGS
 E/G convergence criteria:  0.100E-05 Eh, 0.800E-03 Eh/a0
 maximum optimization steps: 200
 |>1.0% |>10.2% |>20.4% |>30.6% |>40.8% |>50.0% |>60.2% |>70.4% |>80.6% |>90.8% |>100.0%
 done.
> 98 of 98 structures successfully optimized (100.0% success)
> Total runtime for 98 optimizations:
 * wall-time:     0 d,  0 h,  0 min,  1.995 sec
 *  cpu-time:     0 d,  0 h,  0 min,  7.896 sec
 * ratio c/w:     3.958 speedup
> Corresponding to approximately 0.020 sec per processed structure
 
CREGEN> running RMSDs ... done.
CREGEN> E lowest :   -24.01531
 2 structures remain within     6.00 kcal/mol window
 This is less than 5% of the initial 98 structures.
 Increasing energy window to include more...
CREGEN> running RMSDs ... done.
CREGEN> E lowest :   -24.01531
 2 structures remain within     9.00 kcal/mol window
 
     ========================================
     |        Structure Crossing (GC)       |
     ========================================
 
 =============================
  # threads =           4
 =============================
input  file name : crest_rotamers_2.xyz
number of atoms                :      13
number of points on xyz files  :       2
conformer energy window  /kcal :    6.00
CN per atom difference cut-off :  0.3000
RMSD threshold (Ang, Bohr)     :  0.2500  0.4724
max. # of generated structures :      250
 # in E window           2
 100.0 % done
 100.0 % done
 finished.
 average rmsd w.r.t input     :     0.89911
 number of clash discarded    :           0
 removed identical structures :           0

 1 structures written to confcross.xyz

 
 ======================================
 |  Multilevel Ensemble Optimization  |
 ======================================
 Optimizing all 1 structures from file "confcross.xyz" ...
 ----------------------
 crude pre-optimization
 ----------------------
 Optimization engine: ANCOPT
 Hessian update type: BFGS
 E/G convergence criteria:  0.500E-03 Eh, 0.100E-01 Eh/a0
 maximum optimization steps: 200
 |>100.0%
 done.
> 1 of 1 structures successfully optimized (100.0% success)
> Total runtime for 1 optimizations:
 * wall-time:     0 d,  0 h,  0 min,  0.021 sec
 *  cpu-time:     0 d,  0 h,  0 min,  0.084 sec
 * ratio c/w:     3.978 speedup
> Corresponding to approximately 0.021 sec per processed structure
 
CREGEN> running RMSDs ... done.
CREGEN> E lowest :   -24.01518
 1 structures remain within    12.00 kcal/mol window
 ----------------------------------
 optimization with tight thresholds
 ----------------------------------
 Optimization engine: ANCOPT
 Hessian update type: BFGS
 E/G convergence criteria:  0.100E-05 Eh, 0.800E-03 Eh/a0
 maximum optimization steps: 200
 |>100.0%
 done.
> 1 of 1 structures successfully optimized (100.0% success)
> Total runtime for 1 optimizations:
 * wall-time:     0 d,  0 h,  0 min,  0.018 sec
 *  cpu-time:     0 d,  0 h,  0 min,  0.070 sec
 * ratio c/w:     3.987 speedup
> Corresponding to approximately 0.018 sec per processed structure
 
CREGEN> running RMSDs ... done.
CREGEN> E lowest :   -24.01523
 1 structures remain within     6.00 kcal/mol window
appending new structures to crest_rotamers_2.xyz
CREGEN> running RMSDs ... done.
CREGEN> E lowest :   -24.01531


   ================================================
   |           Final Geometry Optimization        |
   ================================================
 Optimizing all 2 structures from file "crest_rotamers_3.xyz" ...
 ---------------------------------------
 optimization with very tight thresholds
 ---------------------------------------
 Optimization engine: ANCOPT
 Hessian update type: BFGS
 E/G convergence criteria:  0.100E-06 Eh, 0.200E-03 Eh/a0
 maximum optimization steps: 200
 |>50.0% |>100.0%
 done.
> 2 of 2 structures successfully optimized (100.0% success)
> Total runtime for 2 optimizations:
 * wall-time:     0 d,  0 h,  0 min,  0.063 sec
 *  cpu-time:     0 d,  0 h,  0 min,  0.252 sec
 * ratio c/w:     3.989 speedup
> Corresponding to approximately 0.032 sec per processed structure
 
CREGEN> running RMSDs ... done.
CREGEN> E lowest :   -24.01531
 2 structures remain within     6.00 kcal/mol window


 --------------------------
 Final Ensemble Information
 --------------------------
 input  file name : crest_rotamers_3.xyz
 output file name : crest_rotamers_4.xyz
 number of atoms                :   13
 number of points on xyz files  :   2
 RMSD threshold                 :   0.1250
 Bconst threshold               :   0.0100
 population threshold           :   0.0500
 # fragment in coord            :     1
 # bonds in reference structure :    13
 number of reliable points      :     2
 sorting energy window (EWIN)   :    6.0000 / kcal*mol⁻¹
 reference state Etot           :  -24.0153135800000
 number of doubles removed by rot/RMSD         :           0
 total number unique points considered further :           2
       Erel/kcal        Etot weight/tot  conformer     set   degen     origin
       1   0.000   -24.01531    0.52245    0.52245       1       1
       2   0.053   -24.01523    0.47755    0.47755       2       1
T /K                                  :   298.15
E lowest                              :   -24.01531
ensemble average energy (kcal)        :    0.025
ensemble entropy (J/mol K, cal/mol K) :    5.755    1.375
ensemble free energy (kcal/mol)       :   -0.410
population of lowest in %             :   52.245
 number of unique conformers for further calc            2
 list of relative energies saved as "crest.energies"
 
 -----------------
 Wall Time Summary
 -----------------
 CREST runtime (total)               0 d,  0 h,  1 min, 25.166 sec
 ------------------------------------------------------------------
 Trial metadynamics (MTD)   ...        0 min,  1.756 sec (  2.062%)
 Metadynamics (MTD)         ...        0 min, 58.130 sec ( 68.254%)
 Geometry optimization      ...        0 min, 21.144 sec ( 24.827%)
 Molecular dynamics (MD)    ...        0 min,  3.905 sec (  4.585%)
 Genetic crossing (GC)      ...        0 min,  0.044 sec (  0.052%)
 I/O and setup              ...        0 min,  0.188 sec (  0.220%)
 ------------------------------------------------------------------
 * wall-time:     0 d,  0 h,  1 min, 25.166 sec
 *  cpu-time:     0 d,  0 h,  5 min,  6.628 sec
 * ratio c/w:     3.600 speedup
 ------------------------------------------------------------------
 * Total number of energy+grad calls: 41563
 
 CREST terminated normally.
