  16
 Etot=         -17.8762358486
 C         -2.9279283850       -0.5213449559       -0.0000902685
 C         -1.7743373652        0.4683185009       -0.0000518521
 C         -0.4230854348       -0.2465599643       -0.0000320341
 C          0.7347311509        0.7512976176       -0.0000237126
 C          2.0309986457        0.0592820256        0.0000254365
 C          3.0913885368       -0.5037732781        0.0000866015
 H         -3.8843491140        0.0105533693        0.0006585167
 H         -2.8959440842       -1.1616140186        0.8873343942
 H         -2.8962434197       -1.1616317126       -0.8873793602
 H         -1.8539725674        1.1136523770       -0.8825026569
 H         -1.8540673455        1.1128647300        0.8834249664
 H         -0.3511798833       -0.8984092676        0.8807449397
 H         -0.3514621824       -0.8981411887       -0.8802240687
 H          0.6671401918        1.3995841159        0.8815414174
 H          0.6673421047        1.3998385549       -0.8816105597
 H          4.0329162513       -1.0027306483       -0.0009648380
  16
 Etot=         -17.8769799329
 C         -2.9337832597       -0.5215823753        0.0001015543
 C         -1.7741408482        0.4641761537        0.0002193840
 C         -0.4226935332       -0.2462838071       -0.0001559552
 C          0.7395753876        0.7483088542       -0.0003555180
 C          2.0255694487        0.0689677651       -0.0015170082
 C          3.0824303774       -0.4905437160        0.0053154879
 H         -3.8872069723        0.0053753444        0.0004892681
 H         -2.8961449701       -1.1596681732        0.8822331090
 H         -2.8964734475       -1.1593175332       -0.8822237938
 H         -1.8455382720        1.1070820065       -0.8816606546
 H         -1.8454411515        1.1065613805        0.8826466567
 H         -0.3495844740       -0.8905621232        0.8813950933
 H         -0.3500136218       -0.8905875451       -0.8814809355
 H          0.6810815694        1.3887435342        0.8850797428
 H          0.6804026648        1.3892106931       -0.8854420203
 H          4.0039082023       -0.9986942016       -0.0037074890
  16
 Etot=         -17.8769548801
 C         -2.9341365956       -0.5213622574        0.0002012232
 C         -1.7738295748        0.4659734817        0.0005114588
 C         -0.4242938415       -0.2473387819        0.0003423872
 C          0.7406718190        0.7467446687        0.0006258440
 C          2.0153749370        0.0612209848       -0.0002582352
 C          3.0662582457       -0.5114991477       -0.0149378796
 H         -3.8850110120        0.0050151129        0.0004125513
 H         -2.8935653019       -1.1577874618        0.8808543183
 H         -2.8937104215       -1.1571421211       -0.8809163885
 H         -1.8428217725        1.1071309117       -0.8814542830
 H         -1.8428227989        1.1065846237        0.8828429495
 H         -0.3498204935       -0.8883593499        0.8818613981
 H         -0.3499464902       -0.8879075746       -0.8815845402
 H          0.6857469492        1.3840659174        0.8874514059
 H          0.6852903387        1.3844819078       -0.8858652986
 H          4.0085631127       -0.9686346573        0.0108500104
  16
 Etot=         -17.8770450674
 C         -2.9332830180       -0.5221450463        0.0001928438
 C         -1.7730261686        0.4656832357        0.0002954049
 C         -0.4237889729       -0.2490660930       -0.0000469727
 C          0.7398672101        0.7474920221       -0.0002304824
 C          2.0194207268        0.0708601485        0.0008022248
 C          3.0748599768       -0.4950191720        0.0005925861
 H         -3.8835939097        0.0052870398        0.0004896670
 H         -2.8924563659       -1.1581546761        0.8813635737
 H         -2.8927388370       -1.1575835701       -0.8814042986
 H         -1.8428353336        1.1067025765       -0.8816922655
 H         -1.8426058530        1.1061835624        0.8826556337
 H         -0.3483988580       -0.8895733976        0.8816813541
 H         -0.3486548471       -0.8895412367       -0.8818536627
 H          0.6810582014        1.3855238177        0.8857059616
 H          0.6812255467        1.3855287656       -0.8862180863
 H          3.9968976017       -0.9909917196       -0.0013965599
  16
 Etot=         -17.8770508544
 C         -2.9334092609       -0.5222586162        0.0002008625
 C         -1.7729573411        0.4653334130        0.0003673453
 C         -0.4232040860       -0.2483298000       -0.0000208469
 C          0.7403359833        0.7485846434       -0.0001387623
 C          2.0209581833        0.0707647728       -0.0010711637
 C          3.0748275709       -0.4965254582       -0.0001844358
 H         -3.8843968773        0.0051250491        0.0005201639
 H         -2.8926553449       -1.1585465176        0.8817173720
 H         -2.8929213964       -1.1579777974       -0.8817359963
 H         -1.8432564658        1.1065444289       -0.8816288199
 H         -1.8430353328        1.1060163202        0.8827736059
 H         -0.3481625954       -0.8896634584        0.8814919821
 H         -0.3486029271       -0.8893904700       -0.8817570705
 H          0.6801656131        1.3871188806        0.8856795984
 H          0.6795643009        1.3873986638       -0.8856812132
 H          3.9986970760       -0.9930077969        0.0004043001
