    -17.877103511478    -17.877103511478         0.18442E-03
    -17.877103695882    -17.877103695882         0.19495E-03
    -17.877103780368    -17.877103780368         0.52175E-04
    -17.877103757599    -17.877103757599         0.28627E-04
    -17.877103834457    -17.877103834457         0.39920E-04
    -17.877103970595    -17.877103970595         0.14091E-03
    -17.877061728619    -17.877061728619         0.14411E-03
    -17.876214638877    -17.876214638877         0.15567E-03
    -17.877062029305    -17.877062029305         0.92012E-04
    -17.877062087069    -17.877062087069         0.11946E-03
    -17.876214795859    -17.876214795859         0.11415E-03
    -17.876214766979    -17.876214766979         0.14274E-03
    -17.876214185707    -17.876214185707         0.11313E-03
    -17.876214277687    -17.876214277687         0.32605E-04
    -17.876214311066    -17.876214311066         0.30292E-04
    -17.876195028505    -17.876195028505         0.19645E-03
    -17.876193283491    -17.876193283491         0.89577E-04
    -17.876195155892    -17.876195155892         0.10070E-03
    -17.876193437579    -17.876193437579         0.12703E-03
    -17.876193524988    -17.876193524988         0.11101E-03
    -17.876195165962    -17.876195165962         0.18075E-04
    -17.875392008669    -17.875392008669         0.15492E-03
    -17.875392080135    -17.875392080135         0.25291E-04
    -17.875392054085    -17.875392054085         0.15282E-03
    -17.875393267340    -17.875393267340         0.15379E-03
    -17.875393307922    -17.875393307922         0.31062E-04
    -17.875393286897    -17.875393286897         0.40452E-04
    -17.876212798370    -17.876212798370         0.67337E-04
