  14
 Etot=         -24.4892505755
 C         -0.3495516340       -1.2126655508       -0.0003752226
 C          1.0452956666       -1.2237025201        0.0000643176
 C          1.7513967809       -0.0208113329        0.0001548792
 C          1.0638142247        1.1924154499        0.0001983798
 C         -0.3315560112        1.2026005072       -0.0002131469
 C         -1.0376571254       -0.0002906799       -0.0003037086
 C         -2.4670781229        0.0108663775        0.0000599140
 N         -3.6288507665        0.0197141769        0.0002620975
 O          3.1125080297       -0.0311141405        0.0000114853
 H         -0.8866369595       -2.1589111746        0.0003815143
 H          1.5761344923       -2.1716444450        0.0011814811
 H          1.6078893405        2.1320415636        0.0000116586
 H         -0.8541975289        2.1561055189       -0.0004049949
 H          3.4553990187        0.8770646775       -0.0000538955
  14
 Etot=         -24.4909002167
 C         -0.3429817787       -1.2100042662        0.0002275714
 C          1.0393226225       -1.2176025599        0.0002847989
 C          1.7433857313       -0.0153354295        0.0000171184
 C          1.0499677146        1.1951185245       -0.0001740697
 C         -0.3323405597        1.2055944449       -0.0002007672
 C         -1.0351781564        0.0012201754        0.0000212515
 C         -2.4500074276        0.0095199337        0.0010128189
 N         -3.5966760205        0.0177061142       -0.0009409284
 O          3.0981369023       -0.0468061163        0.0000985917
 H         -0.8810307675       -2.1475422725        0.0003979633
 H          1.5764812473       -2.1542350582        0.0005848353
 H          1.5898795380        2.1309574139       -0.0000927645
 H         -0.8606497231        2.1486315540       -0.0002010829
 H          3.4586000826        0.8544459697       -0.0000605779
  14
 Etot=         -24.4911652829
 C         -0.3395104855       -1.2090421157        0.0004885150
 C          1.0372650338       -1.2134755821        0.0004691664
 C          1.7417066837       -0.0102110543        0.0002208762
 C          1.0445591714        1.1986793844        0.0000500719
 C         -0.3324934148        1.2078068330        0.0000950588
 C         -1.0352562465        0.0019370632        0.0001425669
 C         -2.4429634468        0.0089373097       -0.0019682057
 N         -3.5919299721        0.0138140758        0.0012756683
 O          3.0913092730       -0.0576828749        0.0001964830
 H         -0.8815759183       -2.1411253222        0.0002597399
 H          1.5826977925       -2.1424178352        0.0004194108
 H          1.5833406037        2.1331820229       -0.0002305838
 H         -0.8679580111        2.1440021487       -0.0004122424
 H          3.4677183418        0.8372643745       -0.0000317666
  14
 Etot=         -24.4911948990
 C         -0.3383306523       -1.2101986140        0.0003045300
 C          1.0371928641       -1.2114205197       -0.0003442507
 C          1.7423848574       -0.0063876612       -0.0005429037
 C          1.0430892587        1.2014968144       -0.0007141923
 C         -0.3337147306        1.2080390477       -0.0001096739
 C         -1.0369711127        0.0007479248        0.0010263743
 C         -2.4425573687        0.0042527613        0.0094805460
 N         -3.5925602642        0.0192868557       -0.0094942782
 O          3.0887131380       -0.0626806903       -0.0004877411
 H         -0.8839523395       -2.1402260708        0.0016478715
 H          1.5902987685       -2.1359012420        0.0000586726
 H          1.5816707904        2.1364846832       -0.0006206430
 H         -0.8752239767        2.1407936991        0.0011381286
 H          3.4768701727        0.8273814394       -0.0003676815
