  14
 Etot=         -20.7759301386
 C         -2.8601435810        0.5198951991       -0.0004469179
 C         -1.7217067340       -0.4846955306       -0.0003411784
 C         -0.3634467380        0.1992399538       -0.0001499490
 O          0.6519379903       -0.7947594654       -0.0000595808
 C          1.9327210022       -0.3304105919       -0.0000613078
 O          2.2969687278        0.8347385711        0.0000879741
 H         -3.8298359539        0.0120540140       -0.0006272978
 H         -2.8076770504        1.1526614566        0.8912234957
 H         -2.8101250548        1.1677240595       -0.8805866311
 H         -1.8032092289       -1.1406581429       -0.8752831163
 H         -1.8031476213       -1.1403283964        0.8754704036
 H         -0.2393024961        0.8231967291       -0.8908963494
 H         -0.2395265100        0.8235585068        0.8914470011
 H          2.6219669738       -1.1892099838        0.0007102019
  14
 Etot=         -20.7788462248
 C         -2.8554939829        0.5205652274        0.0019747914
 C         -1.7198503634       -0.4916567964       -0.0005630419
 C         -0.3661135076        0.2037793662       -0.0001685715
 O          0.6669389662       -0.7849988166        0.0000987256
 C          1.9216761882       -0.3396091136        0.0007328504
 O          2.2694910087        0.8121008381       -0.0000358354
 H         -3.8157894270        0.0095883466       -0.0010395788
 H         -2.8071671366        1.1527928522        0.8876024892
 H         -2.8055772589        1.1614952466       -0.8766432632
 H         -1.7875261022       -1.1349016674       -0.8820907824
 H         -1.7877241343       -1.1354540058        0.8805904960
 H         -0.2490387507        0.8362160477       -0.8866423838
 H         -0.2495323447        0.8358865027        0.8869606535
 H          2.6111805709       -1.1927976487       -0.0002898009
  14
 Etot=         -20.7793186182
 C         -2.8552766296        0.5182319188        0.0026062500
 C         -1.7171559616       -0.4938314063        0.0000449555
 C         -0.3680896697        0.2123652880       -0.0000294287
 O          0.6744548121       -0.7766831089       -0.0015136642
 C          1.9113100251       -0.3462565284       -0.0033488351
 O          2.2595997129        0.8034690200        0.0009709806
 H         -3.8110441069        0.0041455709       -0.0007710047
 H         -2.8047753908        1.1484310500        0.8862696000
 H         -2.8025471158        1.1552487250       -0.8760659259
 H         -1.7802211245       -1.1299389841       -0.8835037098
 H         -1.7789970152       -1.1326674325        0.8816815182
 H         -0.2508814740        0.8468131416       -0.8852626351
 H         -0.2500214229        0.8455411221        0.8859426284
 H          2.5991190867       -1.2018619974        0.0034660188
  14
 Etot=         -20.7793033821
 C         -2.8573886440        0.5168599495        0.0017146226
 C         -1.7161031085       -0.4926739296       -0.0001184159
 C         -0.3694976132        0.2171067885        0.0011974236
 O          0.6746701443       -0.7740843779        0.0053880868
 C          1.9093018266       -0.3489653356        0.0122413098
 O          2.2654253451        0.8013034602       -0.0025600220
 H         -3.8118098064        0.0002309205       -0.0014786277
 H         -2.8075560118        1.1472448888        0.8851981242
 H         -2.8049166579        1.1530005533       -0.8775545803
 H         -1.7765884930       -1.1285307714       -0.8834190356
 H         -1.7765602247       -1.1307583698        0.8815461214
 H         -0.2481634041        0.8488154291       -0.8850536387
 H         -0.2515126964        0.8505087102        0.8866504746
 H          2.5961730695       -1.2070515368       -0.0132650947
  14
 Etot=         -20.7793918542
 C         -2.8597896503        0.5156907882        0.0023830705
 C         -1.7153373780       -0.4909028838        0.0000422634
 C         -0.3706061772        0.2210294478        0.0003929483
 O          0.6738641150       -0.7724449954       -0.0003888085
 C          1.9089436708       -0.3509936632       -0.0004955713
 O          2.2734575088        0.7995161245        0.0007664283
 H         -3.8132558541       -0.0034545714       -0.0002798439
 H         -2.8107764133        1.1463907006        0.8860257731
 H         -2.8089417826        1.1517469950       -0.8773614939
 H         -1.7751013111       -1.1267740075       -0.8832287534
 H         -1.7738631368       -1.1297958368        0.8812058320
 H         -0.2491162126        0.8525763980       -0.8855397587
 H         -0.2489432514        0.8515451464        0.8870070325
 H          2.5949395984       -1.2111232634       -0.0000423705
  14
 Etot=         -20.7793981450
 C         -2.8607826299        0.5152718696        0.0022510259
 C         -1.7150704389       -0.4895730338        0.0000045977
 C         -0.3703372977        0.2221525126        0.0004354396
 O          0.6736470851       -0.7720753226       -0.0002984739
 C          1.9098804981       -0.3515993585       -0.0002916004
 O          2.2766922754        0.7971806643        0.0006520979
 H         -3.8135711595       -0.0052985053       -0.0000834377
 H         -2.8130675137        1.1462365596        0.8858969171
 H         -2.8117092196        1.1516234660       -0.8774724512
 H         -1.7748241251       -1.1260081312       -0.8831885309
 H         -1.7737774661       -1.1289917801        0.8811146939
 H         -0.2486668630        0.8534489204       -0.8855367460
 H         -0.2486090264        0.8522855013        0.8872183797
 H          2.5956696069       -1.2116469832       -0.0002151639
