    -20.780371593081    -20.780371593081         0.88677E-04
    -20.780368560767    -20.780368560767         0.37646E-04
    -20.780368558789    -20.780368558789         0.17164E-03
    -20.780368581782    -20.780368581782         0.45573E-04
    -20.780236173478    -20.780236173478         0.19238E-04
    -20.780372488479    -20.780372488479         0.25898E-04
    -20.780372424688    -20.780372424688         0.45463E-04
    -20.780236217324    -20.780236217324         0.35410E-04
    -20.780237056486    -20.780237056486         0.18549E-03
    -20.780237549053    -20.780237549053         0.92490E-04
    -20.780237765874    -20.780237765874         0.44306E-04
    -20.780236026928    -20.780236026928         0.18461E-03
    -20.780041639975    -20.780041639975         0.13852E-03
    -20.780042509219    -20.780042509219         0.14303E-03
    -20.780041910046    -20.780041910046         0.16127E-03
    -20.780047987051    -20.780047987051         0.11129E-03
    -20.780048161925    -20.780048161925         0.58603E-04
    -20.780047863959    -20.780047863959         0.74492E-04
    -20.780047551797    -20.780047551797         0.81837E-04
    -20.780370453049    -20.780370453049         0.10912E-03
    -20.780045332634    -20.780045332634         0.36260E-04
    -20.780370570580    -20.780370570580         0.81740E-04
    -20.780044862784    -20.780044862784         0.78138E-04
    -20.780049090646    -20.780049090646         0.15552E-03
    -20.780047026457    -20.780047026457         0.19637E-03
    -20.780369489197    -20.780369489197         0.46364E-04
    -20.780045709928    -20.780045709928         0.11904E-03
    -20.780044263230    -20.780044263230         0.17991E-03
    -20.779674230480    -20.779674230480         0.12960E-03
    -20.780372075491    -20.780372075491         0.97359E-04
    -20.780046043040    -20.780046043040         0.88188E-04
    -20.780369568545    -20.780369568545         0.14170E-03
    -20.780371468681    -20.780371468681         0.11317E-03
    -20.779410006809    -20.779410006809         0.13532E-03
    -20.780045262124    -20.780045262124         0.19319E-03
    -20.780240981184    -20.780240981184         0.10111E-03
    -20.780240922161    -20.780240922161         0.12879E-03
    -20.780237707074    -20.780237707074         0.16205E-03
    -20.780237822395    -20.780237822395         0.16197E-03
    -20.780238402522    -20.780238402522         0.11953E-03
    -20.780039938294    -20.780039938294         0.82112E-04
    -20.780238174933    -20.780238174933         0.74154E-04
