  15
 Etot=         -16.9074648930
 C          3.0837678046        0.4555863940        0.0195733670
 C          1.9113866624       -0.5135151532       -0.0308909625
 C          0.5741242097        0.2279766275        0.0217690023
 C         -0.6423591413       -0.6957021301       -0.0251224630
 S         -2.2201335374        0.2037972345        0.0383822481
 H          4.0307849578       -0.0929073945       -0.0191445294
 H          3.0682308129        1.0427869014        0.9433418261
 H          3.0562012534        1.1478014569       -0.8290693093
 H          1.9851481860       -1.2085801484        0.8137639315
 H          1.9891823120       -1.1072086946       -0.9477529018
 H          0.5207198793        0.9663007252       -0.7885022512
 H          0.5268160659        0.7973050859        0.9591456854
 H         -0.6257522360       -1.3065074365       -0.9336702539
 H         -0.6146590804       -1.3771800900        0.8316870238
 H         -2.0191258492        0.9187119245       -1.0760000451
  15
 Etot=         -16.9084003466
 C          3.0838498016        0.4531140109        0.0206194429
 C          1.9049636287       -0.5104432564       -0.0289818614
 C          0.5787737404        0.2425522993        0.0316777471
 C         -0.6153006219       -0.7020417149       -0.0341731188
 S         -2.1979038888        0.1929924909        0.0458294731
 H          4.0250497958       -0.0932352836       -0.0195370328
 H          3.0671709952        1.0375858413        0.9395078136
 H          3.0536007363        1.1428151736       -0.8220125971
 H          1.9663914298       -1.2058664199        0.8125645144
 H          1.9564220006       -1.0996197787       -0.9487797068
 H          0.5265886838        0.9544005692       -0.7979188359
 H          0.5286819491        0.8174936403        0.9624162024
 H         -0.6119544506       -1.3046231044       -0.9453950500
 H         -0.6241816079       -1.3722694307        0.8279920329
 H         -2.0178198923        0.9058102657       -1.0662986555
  15
 Etot=         -16.9085228006
 C          3.0893224036        0.4502201083        0.0216437184
 C          1.9049984739       -0.5075885778       -0.0259359367
 C          0.5797324217        0.2475061345        0.0312172421
 C         -0.6071973286       -0.7002131718       -0.0348015564
 S         -2.2026333277        0.1837334143        0.0473960856
 H          4.0268619183       -0.0977603068       -0.0180715682
 H          3.0698802686        1.0331510647        0.9390794768
 H          3.0567258511        1.1373797050       -0.8202064343
 H          1.9621783516       -1.2031728427        0.8140624870
 H          1.9461417561       -1.0946300570       -0.9462489246
 H          0.5280881897        0.9495315926       -0.8047552665
 H          0.5243785915        0.8250221314        0.9569777561
 H         -0.6007676217       -1.2941508006       -0.9487923490
 H         -0.6228118073       -1.3720674170        0.8238682709
 H         -2.0305658409        0.9017043255       -1.0579226332
  15
 Etot=         -16.9085465868
 C          3.0915976043        0.4485330794        0.0228648682
 C          1.9045252457       -0.5063327193       -0.0244433599
 C          0.5792592477        0.2513431942        0.0293250539
 C         -0.6040167023       -0.6992972862       -0.0362096648
 S         -2.2071391922        0.1785647411        0.0509131977
 H          4.0265253990       -0.1034453581       -0.0159220902
 H          3.0729254146        1.0315573388        0.9402475573
 H          3.0609988311        1.1345752991       -0.8199099033
 H          1.9596321725       -1.2008075198        0.8163124542
 H          1.9448477129       -1.0941501663       -0.9438951959
 H          0.5293109705        0.9500886287       -0.8089406639
 H          0.5225225600        0.8319767120        0.9523557304
 H         -0.5976082438       -1.2886560562       -0.9525533847
 H         -0.6169702243       -1.3737765048        0.8196217453
 H         -2.0420784959        0.8984919200       -1.0522559764
