 
       ╔════════════════════════════════════════════╗
       ║            ___ ___ ___ ___ _____           ║
       ║           / __| _ \ __/ __|_   _|          ║
       ║          | (__|   / _|\__ \ | |            ║
       ║           \___|_|_\___|___/ |_|            ║
       ║                                            ║
       ║  Conformer-Rotamer Ensemble Sampling Tool  ║
       ║          based on the xTB methods          ║
       ║                                            ║
       ╚════════════════════════════════════════════╝
       Version 3.0.2, Sun Aug 25 20:02:36 UTC 2024
       commit (af7eb99) compiled by 'runner@fv-az1984-471'
 
   Cite work conducted with this code as

   • P.Pracht, F.Bohle, S.Grimme, PCCP, 2020, 22, 7169-7192.
   • S.Grimme, JCTC, 2019, 15, 2847-2862.
   • P.Pracht, S.Grimme, C.Bannwarth, F.Bohle, S.Ehlert,
     G.Feldmann, J.Gorges, M.Müller, T.Neudecker, C.Plett,
     S.Spicher, P.Steinbach, P.Wesołowski, F.Zeller,
     J. Chem. Phys., 2024, 160, 114110.

   for works involving QCG cite

   • S.Spicher, C.Plett, P.Pracht, A.Hansen, S.Grimme,
     JCTC, 2022, 18 (5), 3174-3189.
   • C.Plett, S. Grimme,
     Angew. Chem. Int. Ed. 2023, 62, e202214477.

   for works involving MECP screening cite

   • P.Pracht, C.Bannwarth, JCTC, 2022, 18 (10), 6370-6385.
 
   Original code
     P.Pracht, S.Grimme, Universität Bonn, MCTC
   with help from (alphabetical order):
     C.Bannwarth, F.Bohle, S.Ehlert, G.Feldmann, J.Gorges,
     S.Grimme, C.Plett, P.Pracht, S.Spicher, P.Steinbach,
     P.Wesolowski, F.Zeller
 
   Online documentation is available at
   https://crest-lab.github.io/crest-docs/
 
   This program is distributed in the hope that it will be useful,
   but WITHOUT ANY WARRANTY; without even the implied warranty of
   MERCHANTABILITY or FITNESS FOR A PARTICULAR PURPOSE. See the
   GNU Lesser General Public License (LGPL) for more details.

 Command line input:
 $ crest mobley_1563176.xyz --alpb water --chrg 0 --uhf 0 -T 4 --noreftopo

  --alpb water : implicit solvation
  --chrg 0
  --uhf 0
  -T 4 (CPUs/Threads selected)

> Setting up backup calculator ... done.
 ----------------
 Calculation info
 ----------------
> User-defined calculation level:
 : xTB calculation via tblite lib
 : GFN2-xTB level
 :   Molecular charge    : 0
 :   Solvation model     : alpb
 :   Solvent             : water
 :   Fermi temperature   : 300.00000
 :   Accuracy            : 1.00000
 :   max SCC cycles      : 500
 
 
 -----------------------------
 Initial Geometry Optimization
 -----------------------------
 Geometry successfully optimized.
 
          ┍━━━━━━━━━━━━━━━━━━━━━━━━━━━━━━━━━━━━━━━━━━━━━━━━━┑
          │              CREST iMTD-GC SAMPLING             │
          ┕━━━━━━━━━━━━━━━━━━━━━━━━━━━━━━━━━━━━━━━━━━━━━━━━━┙
 
 Input structure:
  15
 
 C          3.0944851032        0.4466447689        0.0249244173
 C          1.9041190994       -0.5043361807       -0.0226667377
 C          0.5783093003        0.2550820120        0.0248941864
 C         -0.6022521990       -0.6981326824       -0.0396002617
 S         -2.2121972793        0.1733737098        0.0593767233
 H          4.0268937438       -0.1105713034       -0.0119171325
 H          3.0779949494        1.0312066885        0.9418205996
 H          3.0686131724        1.1316235378       -0.8193818231
 H          1.9554886367       -1.1960830427        0.8207209027
 H          1.9464825513       -1.0951277014       -0.9400497427
 H          0.5311906675        0.9516071906       -0.8152944414
 H          0.5205468119        0.8391420631        0.9458026425
 H         -0.5994481875       -1.2820864073       -0.9594325455
 H         -0.6082932145       -1.3768080066        0.8127900795
 H         -2.0576008559        0.8931306563       -1.0444764986
 
 ------------------------------------------------
 Generating MTD length from a flexibility measure
 ------------------------------------------------
 Calculating GFN0-xTB WBOs   ... done.
 Calculating NCI flexibility ... done.
     covalent flexibility measure :   0.691
 non-covalent flexibility measure :   0.847
 flexibility measure :   0.698
 t(MTD) / ps    :     5.0
 Σ(t(MTD)) / ps :    70.0 (14 MTDs)
 
 -----------------------------------
 Starting trial MTD to test settings
 -----------------------------------
 Trial MTD 1 runtime (1.0 ps) ...        0 min,  0.960 sec
 Estimated runtime for one MTD (5.0 ps) on a single thread: 5 sec
 Estimated runtime for a batch of 14 MTDs on 4 threads: 19 sec
 
******************************************************************************************
**                         N E W   I T E R A T I O N  C Y C L E                         **
******************************************************************************************
 
 ------------------------------
 Meta-Dynamics Iteration 1
 ------------------------------
 list of applied metadynamics Vbias parameters:
$metadyn    0.04500   1.300
$metadyn    0.02250   1.300
$metadyn    0.01125   1.300
$metadyn    0.04500   0.780
$metadyn    0.02250   0.780
$metadyn    0.01125   0.780
$metadyn    0.04500   0.468
$metadyn    0.02250   0.468
$metadyn    0.01125   0.468
$metadyn    0.04500   0.281
$metadyn    0.02250   0.281
$metadyn    0.01125   0.281
$metadyn    0.01500   0.100
$metadyn    0.07500   0.800
 
  ::::::::::::: starting MTD    1 :::::::::::::
  |   MD simulation time   :     5.0 ps       |
  |   target T             :   300.0 K        |
  |   timestep dt          :     5.0 fs       |
  |   dump interval(trj)   :   100.0 fs       |
  |   SHAKE algorithm      : true (all bonds) |
  |   dump interval(Vbias) :    1.00 ps       |
  |   Vbias prefactor (k)  :  0.0450 Eh       |
  |   Vbias exponent (α)   :  1.3000 bohr⁻²   |
  ::::::::::::: starting MTD    5 :::::::::::::
  |   MD simulation time   :     5.0 ps       |
  |   target T             :   300.0 K        |
  |   timestep dt          :     5.0 fs       |
  |   dump interval(trj)   :   100.0 fs       |
  |   SHAKE algorithm      : true (all bonds) |
  |   dump interval(Vbias) :    1.00 ps       |
  |   Vbias prefactor (k)  :  0.0225 Eh       |
  |   Vbias exponent (α)   :  0.7800 bohr⁻²   |
  ::::::::::::: starting MTD   12 :::::::::::::
  |   MD simulation time   :     5.0 ps       |
  |   target T             :   300.0 K        |
  |   timestep dt          :     5.0 fs       |
  |   dump interval(trj)   :   100.0 fs       |
  |   SHAKE algorithm      : true (all bonds) |
  |   dump interval(Vbias) :    1.00 ps       |
  |   Vbias prefactor (k)  :  0.0112 Eh       |
  |   Vbias exponent (α)   :  0.2808 bohr⁻²   |
  ::::::::::::: starting MTD    9 :::::::::::::
  |   MD simulation time   :     5.0 ps       |
  |   target T             :   300.0 K        |
  |   timestep dt          :     5.0 fs       |
  |   dump interval(trj)   :   100.0 fs       |
  |   SHAKE algorithm      : true (all bonds) |
  |   dump interval(Vbias) :    1.00 ps       |
  |   Vbias prefactor (k)  :  0.0112 Eh       |
  |   Vbias exponent (α)   :  0.4680 bohr⁻²   |
*MTD   9 completed successfully ...        0 min,  4.832 sec
  ::::::::::::: starting MTD   10 :::::::::::::
  |   MD simulation time   :     5.0 ps       |
  |   target T             :   300.0 K        |
  |   timestep dt          :     5.0 fs       |
  |   dump interval(trj)   :   100.0 fs       |
  |   SHAKE algorithm      : true (all bonds) |
  |   dump interval(Vbias) :    1.00 ps       |
  |   Vbias prefactor (k)  :  0.0450 Eh       |
  |   Vbias exponent (α)   :  0.2808 bohr⁻²   |
*MTD   5 completed successfully ...        0 min,  4.862 sec
  ::::::::::::: starting MTD    6 :::::::::::::
  |   MD simulation time   :     5.0 ps       |
  |   target T             :   300.0 K        |
  |   timestep dt          :     5.0 fs       |
  |   dump interval(trj)   :   100.0 fs       |
  |   SHAKE algorithm      : true (all bonds) |
  |   dump interval(Vbias) :    1.00 ps       |
  |   Vbias prefactor (k)  :  0.0112 Eh       |
  |   Vbias exponent (α)   :  0.7800 bohr⁻²   |
*MTD   1 completed successfully ...        0 min,  4.872 sec
  ::::::::::::: starting MTD    2 :::::::::::::
  |   MD simulation time   :     5.0 ps       |
  |   target T             :   300.0 K        |
  |   timestep dt          :     5.0 fs       |
  |   dump interval(trj)   :   100.0 fs       |
  |   SHAKE algorithm      : true (all bonds) |
  |   dump interval(Vbias) :    1.00 ps       |
  |   Vbias prefactor (k)  :  0.0225 Eh       |
  |   Vbias exponent (α)   :  1.3000 bohr⁻²   |
*MTD  12 completed successfully ...        0 min,  4.993 sec
  ::::::::::::: starting MTD   13 :::::::::::::
  |   MD simulation time   :     5.0 ps       |
  |   target T             :   300.0 K        |
  |   timestep dt          :     5.0 fs       |
  |   dump interval(trj)   :   100.0 fs       |
  |   SHAKE algorithm      : true (all bonds) |
  |   dump interval(Vbias) :    1.00 ps       |
  |   Vbias prefactor (k)  :  0.0150 Eh       |
  |   Vbias exponent (α)   :  0.1000 bohr⁻²   |
*MTD  10 completed successfully ...        0 min,  4.793 sec
  ::::::::::::: starting MTD   11 :::::::::::::
  |   MD simulation time   :     5.0 ps       |
  |   target T             :   300.0 K        |
  |   timestep dt          :     5.0 fs       |
  |   dump interval(trj)   :   100.0 fs       |
  |   SHAKE algorithm      : true (all bonds) |
  |   dump interval(Vbias) :    1.00 ps       |
  |   Vbias prefactor (k)  :  0.0225 Eh       |
  |   Vbias exponent (α)   :  0.2808 bohr⁻²   |
*MTD   2 completed successfully ...        0 min,  4.813 sec
  ::::::::::::: starting MTD    3 :::::::::::::
  |   MD simulation time   :     5.0 ps       |
  |   target T             :   300.0 K        |
  |   timestep dt          :     5.0 fs       |
  |   dump interval(trj)   :   100.0 fs       |
  |   SHAKE algorithm      : true (all bonds) |
  |   dump interval(Vbias) :    1.00 ps       |
  |   Vbias prefactor (k)  :  0.0112 Eh       |
  |   Vbias exponent (α)   :  1.3000 bohr⁻²   |
*MTD   6 completed successfully ...        0 min,  4.919 sec
  ::::::::::::: starting MTD    7 :::::::::::::
  |   MD simulation time   :     5.0 ps       |
  |   target T             :   300.0 K        |
  |   timestep dt          :     5.0 fs       |
  |   dump interval(trj)   :   100.0 fs       |
  |   SHAKE algorithm      : true (all bonds) |
  |   dump interval(Vbias) :    1.00 ps       |
  |   Vbias prefactor (k)  :  0.0450 Eh       |
  |   Vbias exponent (α)   :  0.4680 bohr⁻²   |
*MTD  13 completed successfully ...        0 min,  4.966 sec
  ::::::::::::: starting MTD   14 :::::::::::::
  |   MD simulation time   :     5.0 ps       |
  |   target T             :   300.0 K        |
  |   timestep dt          :     5.0 fs       |
  |   dump interval(trj)   :   100.0 fs       |
  |   SHAKE algorithm      : true (all bonds) |
  |   dump interval(Vbias) :    1.00 ps       |
  |   Vbias prefactor (k)  :  0.0750 Eh       |
  |   Vbias exponent (α)   :  0.8000 bohr⁻²   |
*MTD  11 completed successfully ...        0 min,  4.882 sec
*MTD   7 completed successfully ...        0 min,  4.764 sec
  ::::::::::::: starting MTD    8 :::::::::::::
  |   MD simulation time   :     5.0 ps       |
  |   target T             :   300.0 K        |
  |   timestep dt          :     5.0 fs       |
  |   dump interval(trj)   :   100.0 fs       |
  |   SHAKE algorithm      : true (all bonds) |
  |   dump interval(Vbias) :    1.00 ps       |
  |   Vbias prefactor (k)  :  0.0225 Eh       |
  |   Vbias exponent (α)   :  0.4680 bohr⁻²   |
*MTD   3 completed successfully ...        0 min,  4.906 sec
  ::::::::::::: starting MTD    4 :::::::::::::
  |   MD simulation time   :     5.0 ps       |
  |   target T             :   300.0 K        |
  |   timestep dt          :     5.0 fs       |
  |   dump interval(trj)   :   100.0 fs       |
  |   SHAKE algorithm      : true (all bonds) |
  |   dump interval(Vbias) :    1.00 ps       |
  |   Vbias prefactor (k)  :  0.0450 Eh       |
  |   Vbias exponent (α)   :  0.7800 bohr⁻²   |
*MTD  14 completed successfully ...        0 min,  4.870 sec
*MTD   8 completed successfully ...        0 min,  4.738 sec
*MTD   4 completed successfully ...        0 min,  4.779 sec
 
 ======================================
 |  Multilevel Ensemble Optimization  |
 ======================================
 Optimizing all 686 structures from file "crest_dynamics.trj" ...
 ----------------------
 crude pre-optimization
 ----------------------
 Optimization engine: ANCOPT
 Hessian update type: BFGS
 E/G convergence criteria:  0.500E-03 Eh, 0.100E-01 Eh/a0
 maximum optimization steps: 200
 |>0.1% |>10.1% |>20.1% |>30.0% |>40.1% |>50.0% |>60.1% |>70.1% |>80.0% |>90.1% |>100.0%
 done.
> 686 of 686 structures successfully optimized (100.0% success)
> Total runtime for 686 optimizations:
 * wall-time:     0 d,  0 h,  0 min,  6.974 sec
 *  cpu-time:     0 d,  0 h,  0 min, 27.696 sec
 * ratio c/w:     3.971 speedup
> Corresponding to approximately 0.010 sec per processed structure
 
CREGEN> running RMSDs ... done.
CREGEN> E lowest :   -16.90854
 437 structures remain within    12.00 kcal/mol window
 ----------------------------------
 optimization with tight thresholds
 ----------------------------------
 Optimization engine: ANCOPT
 Hessian update type: BFGS
 E/G convergence criteria:  0.100E-05 Eh, 0.800E-03 Eh/a0
 maximum optimization steps: 200
 |>0.2% |>10.1% |>20.1% |>30.2% |>40.0% |>50.1% |>60.2% |>70.0% |>80.1% |>90.2% |>100.0%
 done.
> 437 of 437 structures successfully optimized (100.0% success)
> Total runtime for 437 optimizations:
 * wall-time:     0 d,  0 h,  0 min, 10.365 sec
 *  cpu-time:     0 d,  0 h,  0 min, 40.836 sec
 * ratio c/w:     3.940 speedup
> Corresponding to approximately 0.024 sec per processed structure
 
CREGEN> running RMSDs ... done.
CREGEN> E lowest :   -16.90872
 78 structures remain within     6.00 kcal/mol window
 
 ------------------------------
 Meta-Dynamics Iteration 2
 ------------------------------
 list of applied metadynamics Vbias parameters:
$metadyn    0.04500   1.300
$metadyn    0.02250   1.300
$metadyn    0.01125   1.300
$metadyn    0.04500   0.780
$metadyn    0.02250   0.780
$metadyn    0.01125   0.780
$metadyn    0.04500   0.468
$metadyn    0.02250   0.468
$metadyn    0.01125   0.468
$metadyn    0.04500   0.281
$metadyn    0.02250   0.281
$metadyn    0.01125   0.281
$metadyn    0.01500   0.100
$metadyn    0.07500   0.800
 
  ::::::::::::: starting MTD    1 :::::::::::::
  |   MD simulation time   :     5.0 ps       |
  |   target T             :   300.0 K        |
  |   timestep dt          :     5.0 fs       |
  |   dump interval(trj)   :   100.0 fs       |
  |   SHAKE algorithm      : true (all bonds) |
  |   dump interval(Vbias) :    1.00 ps       |
  |   Vbias prefactor (k)  :  0.0450 Eh       |
  |   Vbias exponent (α)   :  1.3000 bohr⁻²   |
  ::::::::::::: starting MTD   12 :::::::::::::
  |   MD simulation time   :     5.0 ps       |
  |   target T             :   300.0 K        |
  |   timestep dt          :     5.0 fs       |
  |   dump interval(trj)   :   100.0 fs       |
  |   SHAKE algorithm      : true (all bonds) |
  |   dump interval(Vbias) :    1.00 ps       |
  |   Vbias prefactor (k)  :  0.0112 Eh       |
  |   Vbias exponent (α)   :  0.2808 bohr⁻²   |
  ::::::::::::: starting MTD    5 :::::::::::::
  |   MD simulation time   :     5.0 ps       |
  |   target T             :   300.0 K        |
  |   timestep dt          :     5.0 fs       |
  |   dump interval(trj)   :   100.0 fs       |
  |   SHAKE algorithm      : true (all bonds) |
  |   dump interval(Vbias) :    1.00 ps       |
  |   Vbias prefactor (k)  :  0.0225 Eh       |
  |   Vbias exponent (α)   :  0.7800 bohr⁻²   |
  ::::::::::::: starting MTD    9 :::::::::::::
  |   MD simulation time   :     5.0 ps       |
  |   target T             :   300.0 K        |
  |   timestep dt          :     5.0 fs       |
  |   dump interval(trj)   :   100.0 fs       |
  |   SHAKE algorithm      : true (all bonds) |
  |   dump interval(Vbias) :    1.00 ps       |
  |   Vbias prefactor (k)  :  0.0112 Eh       |
  |   Vbias exponent (α)   :  0.4680 bohr⁻²   |
*MTD  12 completed successfully ...        0 min,  4.930 sec
  ::::::::::::: starting MTD   13 :::::::::::::
  |   MD simulation time   :     5.0 ps       |
  |   target T             :   300.0 K        |
  |   timestep dt          :     5.0 fs       |
  |   dump interval(trj)   :   100.0 fs       |
  |   SHAKE algorithm      : true (all bonds) |
  |   dump interval(Vbias) :    1.00 ps       |
  |   Vbias prefactor (k)  :  0.0150 Eh       |
  |   Vbias exponent (α)   :  0.1000 bohr⁻²   |
*MTD   5 completed successfully ...        0 min,  4.988 sec
  ::::::::::::: starting MTD    6 :::::::::::::
  |   MD simulation time   :     5.0 ps       |
  |   target T             :   300.0 K        |
  |   timestep dt          :     5.0 fs       |
  |   dump interval(trj)   :   100.0 fs       |
  |   SHAKE algorithm      : true (all bonds) |
  |   dump interval(Vbias) :    1.00 ps       |
  |   Vbias prefactor (k)  :  0.0112 Eh       |
  |   Vbias exponent (α)   :  0.7800 bohr⁻²   |
*MTD   9 completed successfully ...        0 min,  4.994 sec
  ::::::::::::: starting MTD   10 :::::::::::::
  |   MD simulation time   :     5.0 ps       |
  |   target T             :   300.0 K        |
  |   timestep dt          :     5.0 fs       |
  |   dump interval(trj)   :   100.0 fs       |
  |   SHAKE algorithm      : true (all bonds) |
  |   dump interval(Vbias) :    1.00 ps       |
  |   Vbias prefactor (k)  :  0.0450 Eh       |
  |   Vbias exponent (α)   :  0.2808 bohr⁻²   |
*MTD   1 completed successfully ...        0 min,  5.051 sec
  ::::::::::::: starting MTD    2 :::::::::::::
  |   MD simulation time   :     5.0 ps       |
  |   target T             :   300.0 K        |
  |   timestep dt          :     5.0 fs       |
  |   dump interval(trj)   :   100.0 fs       |
  |   SHAKE algorithm      : true (all bonds) |
  |   dump interval(Vbias) :    1.00 ps       |
  |   Vbias prefactor (k)  :  0.0225 Eh       |
  |   Vbias exponent (α)   :  1.3000 bohr⁻²   |
*MTD  13 completed successfully ...        0 min,  4.775 sec
  ::::::::::::: starting MTD   14 :::::::::::::
  |   MD simulation time   :     5.0 ps       |
  |   target T             :   300.0 K        |
  |   timestep dt          :     5.0 fs       |
  |   dump interval(trj)   :   100.0 fs       |
  |   SHAKE algorithm      : true (all bonds) |
  |   dump interval(Vbias) :    1.00 ps       |
  |   Vbias prefactor (k)  :  0.0750 Eh       |
  |   Vbias exponent (α)   :  0.8000 bohr⁻²   |
*MTD   6 completed successfully ...        0 min,  4.860 sec
  ::::::::::::: starting MTD    7 :::::::::::::
  |   MD simulation time   :     5.0 ps       |
  |   target T             :   300.0 K        |
  |   timestep dt          :     5.0 fs       |
  |   dump interval(trj)   :   100.0 fs       |
  |   SHAKE algorithm      : true (all bonds) |
  |   dump interval(Vbias) :    1.00 ps       |
  |   Vbias prefactor (k)  :  0.0450 Eh       |
  |   Vbias exponent (α)   :  0.4680 bohr⁻²   |
*MTD   2 completed successfully ...        0 min,  4.863 sec
  ::::::::::::: starting MTD    3 :::::::::::::
  |   MD simulation time   :     5.0 ps       |
  |   target T             :   300.0 K        |
  |   timestep dt          :     5.0 fs       |
  |   dump interval(trj)   :   100.0 fs       |
  |   SHAKE algorithm      : true (all bonds) |
  |   dump interval(Vbias) :    1.00 ps       |
  |   Vbias prefactor (k)  :  0.0112 Eh       |
  |   Vbias exponent (α)   :  1.3000 bohr⁻²   |
*MTD  10 completed successfully ...        0 min,  4.993 sec
  ::::::::::::: starting MTD   11 :::::::::::::
  |   MD simulation time   :     5.0 ps       |
  |   target T             :   300.0 K        |
  |   timestep dt          :     5.0 fs       |
  |   dump interval(trj)   :   100.0 fs       |
  |   SHAKE algorithm      : true (all bonds) |
  |   dump interval(Vbias) :    1.00 ps       |
  |   Vbias prefactor (k)  :  0.0225 Eh       |
  |   Vbias exponent (α)   :  0.2808 bohr⁻²   |
*MTD  14 completed successfully ...        0 min,  4.861 sec
*MTD   7 completed successfully ...        0 min,  4.824 sec
  ::::::::::::: starting MTD    8 :::::::::::::
  |   MD simulation time   :     5.0 ps       |
  |   target T             :   300.0 K        |
  |   timestep dt          :     5.0 fs       |
  |   dump interval(trj)   :   100.0 fs       |
  |   SHAKE algorithm      : true (all bonds) |
  |   dump interval(Vbias) :    1.00 ps       |
  |   Vbias prefactor (k)  :  0.0225 Eh       |
  |   Vbias exponent (α)   :  0.4680 bohr⁻²   |
*MTD   3 completed successfully ...        0 min,  4.820 sec
  ::::::::::::: starting MTD    4 :::::::::::::
  |   MD simulation time   :     5.0 ps       |
  |   target T             :   300.0 K        |
  |   timestep dt          :     5.0 fs       |
  |   dump interval(trj)   :   100.0 fs       |
  |   SHAKE algorithm      : true (all bonds) |
  |   dump interval(Vbias) :    1.00 ps       |
  |   Vbias prefactor (k)  :  0.0450 Eh       |
  |   Vbias exponent (α)   :  0.7800 bohr⁻²   |
*MTD  11 completed successfully ...        0 min,  4.899 sec
*MTD   8 completed successfully ...        0 min,  4.722 sec
*MTD   4 completed successfully ...        0 min,  4.735 sec
 
 ======================================
 |  Multilevel Ensemble Optimization  |
 ======================================
 Optimizing all 686 structures from file "crest_dynamics.trj" ...
 ----------------------
 crude pre-optimization
 ----------------------
 Optimization engine: ANCOPT
 Hessian update type: BFGS
 E/G convergence criteria:  0.500E-03 Eh, 0.100E-01 Eh/a0
 maximum optimization steps: 200
 |>0.1% |>10.1% |>20.1% |>30.0% |>40.1% |>50.0% |>60.1% |>70.1% |>80.0% |>90.1% |>100.0%
 done.
> 686 of 686 structures successfully optimized (100.0% success)
> Total runtime for 686 optimizations:
 * wall-time:     0 d,  0 h,  0 min,  6.776 sec
 *  cpu-time:     0 d,  0 h,  0 min, 26.915 sec
 * ratio c/w:     3.972 speedup
> Corresponding to approximately 0.010 sec per processed structure
 
CREGEN> running RMSDs ... done.
CREGEN> E lowest :   -16.90859
 437 structures remain within    12.00 kcal/mol window
 ----------------------------------
 optimization with tight thresholds
 ----------------------------------
 Optimization engine: ANCOPT
 Hessian update type: BFGS
 E/G convergence criteria:  0.100E-05 Eh, 0.800E-03 Eh/a0
 maximum optimization steps: 200
 |>0.2% |>10.1% |>20.1% |>30.2% |>40.0% |>50.1% |>60.2% |>70.0% |>80.1% |>90.2% |>100.0%
 done.
> 437 of 437 structures successfully optimized (100.0% success)
> Total runtime for 437 optimizations:
 * wall-time:     0 d,  0 h,  0 min, 10.210 sec
 *  cpu-time:     0 d,  0 h,  0 min, 40.018 sec
 * ratio c/w:     3.920 speedup
> Corresponding to approximately 0.023 sec per processed structure
 
CREGEN> running RMSDs ... done.
CREGEN> E lowest :   -16.90872
 76 structures remain within     6.00 kcal/mol window
 
========================================
           MTD Simulations done         
========================================
 Collecting ensmbles.
CREGEN> running RMSDs ... done.
CREGEN> E lowest :   -16.90872
 86 structures remain within     6.00 kcal/mol window
 

 ===============================================
 Additional regular MDs on lowest 4 conformer(s)
 ===============================================
  :::::::::::::: starting MD   1 ::::::::::::::
  |   MD simulation time   :     2.5 ps       |
  |   target T             :   400.0 K        |
  |   timestep dt          :     5.0 fs       |
  |   dump interval(trj)   :   100.0 fs       |
  |   SHAKE algorithm      : true (all bonds) |
  :::::::::::::: starting MD   2 ::::::::::::::
  |   MD simulation time   :     2.5 ps       |
  |   target T             :   400.0 K        |
  |   timestep dt          :     5.0 fs       |
  |   dump interval(trj)   :   100.0 fs       |
  |   SHAKE algorithm      : true (all bonds) |
  :::::::::::::: starting MD   3 ::::::::::::::
  |   MD simulation time   :     2.5 ps       |
  |   target T             :   400.0 K        |
  |   timestep dt          :     5.0 fs       |
  |   dump interval(trj)   :   100.0 fs       |
  |   SHAKE algorithm      : true (all bonds) |
  :::::::::::::: starting MD   8 ::::::::::::::
  |   MD simulation time   :     2.5 ps       |
  |   target T             :   500.0 K        |
  |   timestep dt          :     5.0 fs       |
  |   dump interval(trj)   :   100.0 fs       |
  |   SHAKE algorithm      : true (all bonds) |
*MD   1 completed successfully ...        0 min,  2.449 sec
  :::::::::::::: starting MD   4 ::::::::::::::
  |   MD simulation time   :     2.5 ps       |
  |   target T             :   400.0 K        |
  |   timestep dt          :     5.0 fs       |
  |   dump interval(trj)   :   100.0 fs       |
  |   SHAKE algorithm      : true (all bonds) |
*MD   2 completed successfully ...        0 min,  2.456 sec
  :::::::::::::: starting MD   5 ::::::::::::::
  |   MD simulation time   :     2.5 ps       |
  |   target T             :   500.0 K        |
  |   timestep dt          :     5.0 fs       |
  |   dump interval(trj)   :   100.0 fs       |
  |   SHAKE algorithm      : true (all bonds) |
*MD   3 completed successfully ...        0 min,  2.458 sec
  :::::::::::::: starting MD   6 ::::::::::::::
  |   MD simulation time   :     2.5 ps       |
  |   target T             :   500.0 K        |
  |   timestep dt          :     5.0 fs       |
  |   dump interval(trj)   :   100.0 fs       |
  |   SHAKE algorithm      : true (all bonds) |
*MD   8 completed successfully ...        0 min,  2.519 sec
  :::::::::::::: starting MD   7 ::::::::::::::
  |   MD simulation time   :     2.5 ps       |
  |   target T             :   500.0 K        |
  |   timestep dt          :     5.0 fs       |
  |   dump interval(trj)   :   100.0 fs       |
  |   SHAKE algorithm      : true (all bonds) |
*MD   4 completed successfully ...        0 min,  2.488 sec
*MD   5 completed successfully ...        0 min,  2.488 sec
*MD   6 completed successfully ...        0 min,  2.492 sec
*MD   7 completed successfully ...        0 min,  2.520 sec
 Appending file crest_rotamers_1.xyz with new structures
 Optimizing all 278 structures from file "crest_rotamers_1.xyz" ...
 ----------------------------------
 optimization with tight thresholds
 ----------------------------------
 Optimization engine: ANCOPT
 Hessian update type: BFGS
 E/G convergence criteria:  0.100E-05 Eh, 0.800E-03 Eh/a0
 maximum optimization steps: 200
 |>0.4% |>10.1% |>20.1% |>30.2% |>40.3% |>50.0% |>60.1% |>70.1% |>80.2% |>90.3% |>100.0%
 done.
> 278 of 278 structures successfully optimized (100.0% success)
> Total runtime for 278 optimizations:
 * wall-time:     0 d,  0 h,  0 min,  5.690 sec
 *  cpu-time:     0 d,  0 h,  0 min, 22.234 sec
 * ratio c/w:     3.907 speedup
> Corresponding to approximately 0.020 sec per processed structure
 
CREGEN> running RMSDs ... done.
CREGEN> E lowest :   -16.90873
 86 structures remain within     6.00 kcal/mol window
 
     ========================================
     |        Structure Crossing (GC)       |
     ========================================
 
 =============================
  # threads =           4
 =============================
input  file name : crest_rotamers_2.xyz
number of atoms                :      15
number of points on xyz files  :      86
conformer energy window  /kcal :    6.00
CN per atom difference cut-off :  0.3000
RMSD threshold (Ang, Bohr)     :  0.2500  0.4724
max. # of generated structures :      250
 # in E window          86
  10.1 % done
  36.6 % done
  61.3 % done
  86.3 % done
 finished.
 average rmsd w.r.t input     :     2.59609
 number of clash discarded    :        1236
 removed identical structures :         942

 250 structures written to confcross.xyz

 
 ======================================
 |  Multilevel Ensemble Optimization  |
 ======================================
 Optimizing all 250 structures from file "confcross.xyz" ...
 ----------------------
 crude pre-optimization
 ----------------------
 Optimization engine: ANCOPT
 Hessian update type: BFGS
 E/G convergence criteria:  0.500E-03 Eh, 0.100E-01 Eh/a0
 maximum optimization steps: 200
 |>0.4% |>10.0% |>20.0% |>30.0% |>40.0% |>50.0% |>60.0% |>70.4% |>80.0% |>90.4% |>100.0%
 done.
> 250 of 250 structures successfully optimized (100.0% success)
> Total runtime for 250 optimizations:
 * wall-time:     0 d,  0 h,  0 min,  1.608 sec
 *  cpu-time:     0 d,  0 h,  0 min,  6.351 sec
 * ratio c/w:     3.951 speedup
> Corresponding to approximately 0.006 sec per processed structure
 
CREGEN> running RMSDs ... done.
CREGEN> E lowest :   -16.90872
 122 structures remain within    12.00 kcal/mol window
 ----------------------------------
 optimization with tight thresholds
 ----------------------------------
 Optimization engine: ANCOPT
 Hessian update type: BFGS
 E/G convergence criteria:  0.100E-05 Eh, 0.800E-03 Eh/a0
 maximum optimization steps: 200
 |>0.8% |>10.7% |>20.5% |>30.3% |>40.2% |>50.0% |>60.7% |>70.5% |>80.3% |>90.2% |>100.0%
 done.
> 122 of 122 structures successfully optimized (100.0% success)
> Total runtime for 122 optimizations:
 * wall-time:     0 d,  0 h,  0 min,  2.333 sec
 *  cpu-time:     0 d,  0 h,  0 min,  9.296 sec
 * ratio c/w:     3.984 speedup
> Corresponding to approximately 0.019 sec per processed structure
 
CREGEN> running RMSDs ... done.
CREGEN> E lowest :   -16.90872
 51 structures remain within     6.00 kcal/mol window
appending new structures to crest_rotamers_2.xyz
CREGEN> running RMSDs ... done.
CREGEN> E lowest :   -16.90873


   ================================================
   |           Final Geometry Optimization        |
   ================================================
 Optimizing all 88 structures from file "crest_rotamers_3.xyz" ...
 ---------------------------------------
 optimization with very tight thresholds
 ---------------------------------------
 Optimization engine: ANCOPT
 Hessian update type: BFGS
 E/G convergence criteria:  0.100E-06 Eh, 0.200E-03 Eh/a0
 maximum optimization steps: 200
 |>1.1% |>10.2% |>20.5% |>30.7% |>40.9% |>50.0% |>60.2% |>70.5% |>80.7% |>90.9% |>100.0%
 done.
> 88 of 88 structures successfully optimized (100.0% success)
> Total runtime for 88 optimizations:
 * wall-time:     0 d,  0 h,  0 min,  0.689 sec
 *  cpu-time:     0 d,  0 h,  0 min,  2.744 sec
 * ratio c/w:     3.983 speedup
> Corresponding to approximately 0.008 sec per processed structure
 
CREGEN> running RMSDs ... done.
CREGEN> E lowest :   -16.90872
 88 structures remain within     6.00 kcal/mol window


 --------------------------
 Final Ensemble Information
 --------------------------
 input  file name : crest_rotamers_3.xyz
 output file name : crest_rotamers_4.xyz
 number of atoms                :   15
 number of points on xyz files  :   88
 RMSD threshold                 :   0.1250
 Bconst threshold               :   0.0100
 population threshold           :   0.0500
 # fragment in coord            :     1
 # bonds in reference structure :    14
 number of reliable points      :    88
 sorting energy window (EWIN)   :    6.0000 / kcal*mol⁻¹
 reference state Etot           :  -16.9087195100000
 number of doubles removed by rot/RMSD         :           0
 total number unique points considered further :          88
       Erel/kcal        Etot weight/tot  conformer     set   degen     origin
       1   0.000   -16.90872    0.04290    0.25699       1       6
       2   0.000   -16.90872    0.04290
       3   0.000   -16.90872    0.04289
       4   0.002   -16.90872    0.04278
       5   0.002   -16.90872    0.04277
       6   0.002   -16.90872    0.04275
       7   0.092   -16.90857    0.03671    0.21943       2       6
       8   0.093   -16.90857    0.03669
       9   0.093   -16.90857    0.03669
      10   0.097   -16.90857    0.03645
      11   0.097   -16.90857    0.03645
      12   0.097   -16.90857    0.03645
      13   0.528   -16.90788    0.01760    0.10543       3       6
      14   0.529   -16.90788    0.01757
      15   0.530   -16.90788    0.01757
      16   0.530   -16.90788    0.01756
      17   0.530   -16.90788    0.01756
      18   0.530   -16.90788    0.01756
      19   0.566   -16.90782    0.01652    0.09860       4       6
      20   0.566   -16.90782    0.01651
      21   0.567   -16.90782    0.01649
      22   0.572   -16.90781    0.01636
      23   0.572   -16.90781    0.01636
      24   0.572   -16.90781    0.01636
      25   0.569   -16.90781    0.01642    0.09822       5       6
      26   0.570   -16.90781    0.01642
      27   0.570   -16.90781    0.01641
      28   0.573   -16.90781    0.01633
      29   0.573   -16.90781    0.01632
      30   0.573   -16.90781    0.01631
      31   0.643   -16.90770    0.01452    0.08626       6       6
      32   0.643   -16.90770    0.01452
      33   0.643   -16.90770    0.01452
      34   0.654   -16.90768    0.01424
      35   0.654   -16.90768    0.01424
      36   0.654   -16.90768    0.01424
      37   1.223   -16.90677    0.00546    0.03266       7       6
      38   1.223   -16.90677    0.00546
      39   1.223   -16.90677    0.00546
      40   1.226   -16.90677    0.00543
      41   1.226   -16.90677    0.00543
      42   1.226   -16.90677    0.00543
      43   1.260   -16.90671    0.00512    0.01535       8       3
      44   1.261   -16.90671    0.00512
      45   1.261   -16.90671    0.00511
      46   1.270   -16.90670    0.00504    0.03015       9       6
      47   1.270   -16.90670    0.00504
      48   1.271   -16.90669    0.00503
      49   1.273   -16.90669    0.00502
      50   1.273   -16.90669    0.00501
      51   1.273   -16.90669    0.00501
      52   1.503   -16.90632    0.00340    0.02037      10       6
      53   1.503   -16.90632    0.00340
      54   1.503   -16.90632    0.00340
      55   1.505   -16.90632    0.00339
      56   1.505   -16.90632    0.00339
      57   1.506   -16.90632    0.00339
      58   1.708   -16.90600    0.00241    0.01442      11       6
      59   1.709   -16.90600    0.00241
      60   1.709   -16.90600    0.00240
      61   1.710   -16.90600    0.00240
      62   1.710   -16.90600    0.00240
      63   1.710   -16.90599    0.00240
      64   1.878   -16.90573    0.00181    0.01084      12       6
      65   1.878   -16.90573    0.00181
      66   1.878   -16.90573    0.00181
      67   1.879   -16.90573    0.00180
      68   1.879   -16.90572    0.00180
      69   1.880   -16.90572    0.00180
      70   2.446   -16.90482    0.00069    0.00414      13       6
      71   2.446   -16.90482    0.00069
      72   2.447   -16.90482    0.00069
      73   2.452   -16.90481    0.00069
      74   2.452   -16.90481    0.00069
      75   2.453   -16.90481    0.00069
      76   2.484   -16.90476    0.00065    0.00390      14       6
      77   2.484   -16.90476    0.00065
      78   2.484   -16.90476    0.00065
      79   2.486   -16.90476    0.00065
      80   2.486   -16.90476    0.00065
      81   2.486   -16.90476    0.00065
      82   2.671   -16.90446    0.00047    0.00283      15       6
      83   2.671   -16.90446    0.00047
      84   2.671   -16.90446    0.00047
      85   2.680   -16.90445    0.00047
      86   2.680   -16.90445    0.00047
      87   2.680   -16.90445    0.00047
      88   2.740   -16.90435    0.00042    0.00042      16       1
T /K                                  :   298.15
E lowest                              :   -16.90872
ensemble average energy (kcal)        :    0.447
ensemble entropy (J/mol K, cal/mol K) :   32.446    7.755
ensemble free energy (kcal/mol)       :   -2.312
population of lowest in %             :   25.699
 number of unique conformers for further calc           16
 list of relative energies saved as "crest.energies"
 
 -----------------
 Wall Time Summary
 -----------------
 CREST runtime (total)               0 d,  0 h,  1 min, 31.335 sec
 ------------------------------------------------------------------
 Trial metadynamics (MTD)   ...        0 min,  0.965 sec (  1.056%)
 Metadynamics (MTD)         ...        0 min, 38.930 sec ( 42.624%)
 Geometry optimization      ...        0 min, 41.907 sec ( 45.883%)
 Molecular dynamics (MD)    ...        0 min,  5.058 sec (  5.538%)
 Genetic crossing (GC)      ...        0 min,  4.220 sec (  4.621%)
 I/O and setup              ...        0 min,  0.255 sec (  0.279%)
 ------------------------------------------------------------------
 * wall-time:     0 d,  0 h,  1 min, 31.335 sec
 *  cpu-time:     0 d,  0 h,  5 min, 42.295 sec
 * ratio c/w:     3.748 speedup
 ------------------------------------------------------------------
 * Total number of energy+grad calls: 69848
 
 CREST terminated normally.
