    -16.908719436222    -16.908719436222         0.13516E-03
    -16.908719337222    -16.908719337222         0.23042E-04
    -16.908719512774    -16.908719512774         0.24115E-04
    -16.908716210797    -16.908716210797         0.12792E-03
    -16.908716716922    -16.908716716922         0.12732E-03
    -16.908565485803    -16.908565485803         0.18281E-03
    -16.908716559718    -16.908716559718         0.17110E-03
    -16.908571717057    -16.908571717057         0.14998E-03
    -16.908565392133    -16.908565392133         0.50632E-04
    -16.908572141477    -16.908572141477         0.19492E-03
    -16.907875635821    -16.907875635821         0.16861E-03
    -16.908571830809    -16.908571830809         0.10365E-03
    -16.907875430558    -16.907875430558         0.19784E-03
    -16.908565394134    -16.908565394134         0.28660E-04
    -16.907877676807    -16.907877676807         0.46195E-04
    -16.907875407182    -16.907875407182         0.12181E-03
    -16.907875494245    -16.907875494245         0.84625E-04
    -16.907876069532    -16.907876069532         0.91673E-04
    -16.907817348975    -16.907817348975         0.69539E-04
    -16.907817370299    -16.907817370299         0.10496E-03
    -16.907808398694    -16.907808398694         0.16490E-03
    -16.907805647566    -16.907805647566         0.13589E-03
    -16.907811614799    -16.907811614799         0.12581E-03
    -16.907812164411    -16.907812164411         0.89179E-04
    -16.907811832967    -16.907811832967         0.11456E-03
    -16.907806662125    -16.907806662125         0.15673E-03
    -16.907808510558    -16.907808510558         0.13442E-03
    -16.907806052628    -16.907806052628         0.14798E-03
    -16.907808512832    -16.907808512832         0.94561E-04
    -16.907815720364    -16.907815720364         0.15832E-03
    -16.907695547815    -16.907695547815         0.16381E-03
    -16.907695444149    -16.907695444149         0.17979E-03
    -16.907695491875    -16.907695491875         0.15193E-03
    -16.907677280855    -16.907677280855         0.79365E-04
    -16.906771050004    -16.906771050004         0.18187E-03
    -16.907677195589    -16.907677195589         0.27800E-04
    -16.907677075374    -16.907677075374         0.17231E-03
    -16.906771054511    -16.906771054511         0.11083E-03
    -16.906766082053    -16.906766082053         0.12402E-03
    -16.906770872802    -16.906770872802         0.78266E-04
    -16.906765927037    -16.906765927037         0.46376E-04
    -16.906710925774    -16.906710925774         0.59646E-04
    -16.906766011363    -16.906766011363         0.28506E-04
    -16.906710081880    -16.906710081880         0.10409E-03
    -16.906709703091    -16.906709703091         0.29890E-04
    -16.906693428936    -16.906693428936         0.16801E-03
    -16.906696213832    -16.906696213832         0.97633E-04
    -16.906691433787    -16.906691433787         0.14794E-03
    -16.906696174874    -16.906696174874         0.17503E-03
    -16.906690961519    -16.906690961519         0.98647E-04
    -16.906690402841    -16.906690402841         0.14714E-03
    -16.906323866763    -16.906323866763         0.14747E-03
    -16.906324197557    -16.906324197557         0.13684E-03
    -16.906320611503    -16.906320611503         0.16439E-03
    -16.906324344356    -16.906324344356         0.13233E-03
    -16.906320653261    -16.906320653261         0.72182E-04
    -16.906319974262    -16.906319974262         0.12343E-03
    -16.905995097429    -16.905995097429         0.13855E-03
    -16.905996140875    -16.905996140875         0.18042E-03
    -16.905998132445    -16.905998132445         0.48257E-04
    -16.905996835563    -16.905996835563         0.14941E-03
    -16.905995088942    -16.905995088942         0.11310E-03
    -16.905994767523    -16.905994767523         0.14991E-03
    -16.905727470374    -16.905727470374         0.27099E-04
    -16.905727180716    -16.905727180716         0.17457E-03
    -16.905725007997    -16.905725007997         0.98382E-04
    -16.905724522691    -16.905724522691         0.63931E-04
    -16.904820891771    -16.904820891771         0.27370E-04
    -16.905724028218    -16.905724028218         0.15865E-03
    -16.904820472052    -16.904820472052         0.13877E-03
    -16.904820826404    -16.904820826404         0.21054E-04
    -16.905727365883    -16.905727365883         0.10006E-03
    -16.904811013816    -16.904811013816         0.50998E-04
    -16.904811419457    -16.904811419457         0.14828E-03
    -16.904811279077    -16.904811279077         0.13845E-03
    -16.904761268073    -16.904761268073         0.18612E-03
    -16.904761328400    -16.904761328400         0.17496E-03
    -16.904761532859    -16.904761532859         0.95705E-04
    -16.904757543827    -16.904757543827         0.16480E-03
    -16.904757547379    -16.904757547379         0.15321E-03
    -16.904757690061    -16.904757690061         0.14438E-04
    -16.904463013436    -16.904463013436         0.40395E-04
    -16.904462945493    -16.904462945493         0.28192E-04
    -16.904462798699    -16.904462798699         0.34402E-04
    -16.904449015974    -16.904449015974         0.13274E-03
    -16.904449104490    -16.904449104490         0.11783E-03
    -16.904449085644    -16.904449085644         0.81702E-04
    -16.904352565407    -16.904352565407         0.11440E-03
