  11
 Etot=         -21.6579401777
 C         -2.9016985972       -0.0531916959       -0.0000971856
 O         -1.6766765145        0.6881374914        0.0008686519
 C         -0.5332210118       -0.0611677509        0.0004596220
 O         -0.4831560090       -1.2832395263        0.0001925080
 C          0.6458687059        0.8725647716        0.0003417482
 Cl         2.1575306341       -0.0524475718       -0.0002741824
 H         -3.7472767450        0.6385369490        0.0001819388
 H         -2.9410578284       -0.6943739316        0.8841438401
 H         -2.9408550698       -0.6733756599       -0.8987810129
 H          0.6302003603        1.4932161032        0.8991701120
 H          0.6292413748        1.4921757826       -0.9003062002
  11
 Etot=         -21.6602982467
 C         -2.8978746459       -0.0694998563       -0.0026646050
 O         -1.6738042804        0.6701413890        0.0008524649
 C         -0.5420323796       -0.0534037814        0.0008486730
 O         -0.5042137286       -1.2587337780        0.0000273547
 C          0.6470426814        0.8729865128        0.0003979690
 Cl         2.1618940489       -0.0565782077       -0.0000766033
 H         -3.7052812264        0.6604181171        0.0033221660
 H         -2.9503640086       -0.7063776815        0.8817865347
 H         -2.9527602741       -0.6910599307       -0.8983904299
 H          0.6285895897        1.4999037204        0.8924220535
 H          0.6277035228        1.4990384577       -0.8926257377
  11
 Etot=         -21.6606214365
 C         -2.8981352922       -0.0766079442       -0.0031267308
 O         -1.6699581508        0.6575531623        0.0000452498
 C         -0.5464088106       -0.0504631333       -0.0004017241
 O         -0.5097446325       -1.2539164657       -0.0006499801
 C          0.6463971044        0.8781755673        0.0003391343
 Cl         2.1588082787       -0.0608391194        0.0008889273
 H         -3.6841930751        0.6737301126        0.0044568334
 H         -2.9567203792       -0.7133548159        0.8799563552
 H         -2.9601825406       -0.6997478886       -0.8958871641
 H          0.6292670302        1.5064249883        0.8907924380
 H          0.6297697671        1.5058804981       -0.8905134990
  11
 Etot=         -21.6606620808
 C         -2.9007203514       -0.0770429352       -0.0030974240
 O         -1.6689853739        0.6537465169       -0.0004520614
 C         -0.5470541686       -0.0501445974       -0.0003165019
 O         -0.5053697322       -1.2556020229       -0.0012802645
 C          0.6465930045        0.8800718669        0.0003576294
 Cl         2.1589413478       -0.0606678989        0.0009786701
 H         -3.6821359340        0.6764539856        0.0041818123
 H         -2.9599993688       -0.7136230547        0.8799027719
 H         -2.9636801616       -0.7007523365       -0.8950065030
 H          0.6302864239        1.5072503460        0.8914291388
 H          0.6310236136        1.5071450916       -0.8907974280
