  5
 Etot=         -10.7659590391
 C          0.0004767171        1.1928449640        0.0000342509
 I         -1.7026212895       -0.0710344522       -0.0000016846
 I          1.7025631399       -0.0710825689        0.0000003887
 H          0.0005687198        1.8395352817        0.8829842068
 H          0.0010719713        1.8395893874       -0.8832291846
  5
 Etot=         -10.7663864874
 C          0.0008215014        1.1145014317       -0.0000340440
 I         -1.9073162307        0.0522187850       -0.0001533767
 I          1.9082711296        0.0510036641        0.0001457683
 H          0.0001761925        1.7560592098        0.8818170170
 H          0.0001066659        1.7560695213       -0.8819873872
  5
 Etot=         -10.7689254512
 C          0.0002626750        1.1532676579       -0.0000389820
 I         -1.8223640407        0.0197101186       -0.0001441885
 I          1.8227127004        0.0193658150        0.0001159183
 H          0.0007175084        1.7687740912        0.8951214819
 H          0.0007304156        1.7687349291       -0.8952662525
  5
 Etot=         -10.7690318695
 C          0.0009664612        1.1706454294       -0.0000606266
 I         -1.8012130519       -0.0019627640       -0.0000923602
 I          1.8024313856       -0.0035684906        0.0000791016
 H         -0.0001547041        1.7823820307        0.8948766488
 H          0.0000291678        1.7823564065       -0.8950147863
  5
 Etot=         -10.7690370284
 C         -0.0010115799        1.1663479896       -0.0000252181
 I         -1.8066157921        0.0044017283       -0.0001633717
 I          1.8050972250        0.0066259403        0.0000997622
 H          0.0022913861        1.7762920133        0.8953323578
 H          0.0022980196        1.7761849405       -0.8954555529
