  5
 Etot=         -21.0717046263
 C         -0.0000649465       -0.0002398877       -0.0001773258
 F         -0.3054765727        0.7791410080       -1.0510218233
 F          0.0238733255       -1.2860829298       -0.3877603882
 F         -0.9255955266        0.1610397041        0.9606442178
 F          1.2072398328        0.3460538740        0.4782500985
  5
 Etot=         -21.0743534561
 C         -0.0000756750       -0.0001739023       -0.0001546096
 F         -0.3013468132        0.7687422083       -1.0370162781
 F          0.0235739366       -1.2689244361       -0.3825756535
 F         -0.9131000088        0.1588721327        0.9478321972
 F          1.1909246730        0.3413957660        0.4718491231
  5
 Etot=         -21.0748669121
 C         -0.0000639641       -0.0000683819       -0.0000845207
 F         -0.2983235734        0.7611199484       -1.0268140270
 F          0.0233359114       -1.2563885454       -0.3788057234
 F         -0.9039826694        0.1572599340        0.9384764516
 F          1.1790104080        0.3379888136        0.4671625986
  5
 Etot=         -21.0748735142
 C         -0.0000482651       -0.0000453782       -0.0000590739
 F         -0.2986417609        0.7618962489       -1.0278877665
 F          0.0233474735       -1.2576925504       -0.3792086533
 F         -0.9049379543        0.1574129649        0.9394432902
 F          1.1802566193        0.3383404833        0.4676469827
