  8
 Etot=         -14.9532520858
 C          1.2328436190        0.5457317808       -0.0000845522
 C          0.2767548478       -0.6261574040       -0.0000945983
 Br        -1.5567448379        0.0304801606        0.0000115952
 Cl         2.9128589016       -0.0372207347        0.0000363500
 H          1.0990611391        1.1736169427       -0.8863759668
 H          1.0987399412        1.1749645895        0.8855628246
 H          0.3837171815       -1.2483446153        0.8935597719
 H          0.3835479688       -1.2489728929       -0.8928096122
  8
 Etot=         -14.9534680748
 C          1.2261262207        0.5532349304       -0.0003073240
 C          0.2774530667       -0.6242313609        0.0001677446
 Br        -1.5650732723        0.0281321881       -0.0000240127
 Cl         2.9033602434       -0.0532679817        0.0002113487
 H          1.0986843082        1.1700640357       -0.8929821652
 H          1.0984470700        1.1707767993        0.8919137397
 H          0.3959895719       -1.2400617310        0.8926199588
 H          0.3957915528       -1.2405490531       -0.8917934779
  8
 Etot=         -14.9535264185
 C          1.2248146063        0.5594979192       -0.0003009895
 C          0.2787626631       -0.6212853647        0.0001710933
 Br        -1.5754676378        0.0115411405        0.0000931219
 Cl         2.9034905184       -0.0621825979        0.0002348324
 H          1.1047871015        1.1703838167       -0.8952526652
 H          1.1046104913        1.1710084967        0.8941430680
 H          0.3948547321       -1.2320944721        0.8932124270
 H          0.3949262864       -1.2327711118       -0.8924950758
  8
 Etot=         -14.9535364980
 C          1.2225920202        0.5589207483       -0.0002267791
 C          0.2790554039       -0.6238188098        0.0002050485
 Br        -1.5741765524        0.0165615672       -0.0000703237
 Cl         2.9049317033       -0.0600832482        0.0001266073
 H          1.1038366802        1.1702055197       -0.8943484358
 H          1.1037398124        1.1709494997        0.8933445166
 H          0.3954238363       -1.2340002414        0.8937806888
 H          0.3953758573       -1.2346372087       -0.8930055105
