  15
 Etot=         -25.8031107979
 C          1.0827456325       -1.2091299453        0.4565718921
 C          2.2137136513       -0.3161456558        0.9329555603
 Cl         2.7938169911        0.7304831580       -0.3879071280
 O          0.0000219200       -0.4096564490       -0.0003148455
 C         -1.0827805315       -1.2088280444       -0.4562716552
 C         -2.2137170978       -0.3163505027       -0.9328756005
 Cl        -2.7938569319        0.7305003216        0.3879279900
 H          1.4042693711       -1.8727466575       -0.3523974180
 H          0.7213608121       -1.8220277613        1.2872380578
 H          1.8858989734        0.3412254234        1.7440263347
 H          3.0633554110       -0.9138452282        1.2732100257
 H         -1.4044950672       -1.8731702769        0.3526289293
 H         -0.7202989091       -1.8220601333       -1.2874409993
 H         -1.8855387515        0.3410855773       -1.7439032041
 H         -3.0630379896       -0.9143769226       -1.2736283316
  15
 Etot=         -25.8038993894
 C          1.0821730251       -1.2115003970        0.4583663864
 C          2.2059246539       -0.3136643455        0.9348638231
 Cl         2.7909789546        0.7210676121       -0.3963489132
 O         -0.0001096412       -0.4167328538        0.0002837982
 C         -1.0819104268       -1.2115156849       -0.4582107512
 C         -2.2055962466       -0.3139100490       -0.9349877045
 Cl        -2.7911830766        0.7206363044        0.3962063029
 H          1.4266924541       -1.8638312399       -0.3548351866
 H          0.7452857944       -1.8346843338        1.2981903419
 H          1.8629075848        0.3534646985        1.7264880395
 H          3.0525824554       -0.9093491978        1.2757418421
 H         -1.4270943799       -1.8639051105        0.3548451949
 H         -0.7446146363       -1.8349261790       -1.2981615727
 H         -1.8624835105        0.3534565290       -1.7264220249
 H         -3.0520955205       -0.9096488495       -1.2761999680
  15
 Etot=         -25.8042031093
 C          1.0849863597       -1.2180764429        0.4548587249
 C          2.1979631145       -0.3074368816        0.9350647682
 Cl         2.7970658475        0.7098415000       -0.4086823845
 O         -0.0001250788       -0.4333899355        0.0005459811
 C         -1.0847131199       -1.2181594509       -0.4546445039
 C         -2.1975926151       -0.3075919941       -0.9353677109
 Cl        -2.7975638523        0.7092606372        0.4083628081
 H          1.4449958249       -1.8629374247       -0.3603392767
 H          0.7671429170       -1.8516179803        1.2981195004
 H          1.8373253627        0.3741043701        1.7034691542
 H          3.0418163453       -0.8941740474        1.2897612470
 H         -1.4452194038       -1.8630255828        0.3602647467
 H         -0.7665722886       -1.8517245242       -1.2976329423
 H         -1.8368203186        0.3742191236       -1.7034547831
 H         -3.0412316107       -0.8943344632       -1.2905057213
  15
 Etot=         -25.8043488798
 C          1.0888623552       -1.2251048387        0.4491111935
 C          2.1914914094       -0.3013333755        0.9321993156
 Cl         2.8092549865        0.6962351144       -0.4230032181
 O         -0.0000880971       -0.4488706707        0.0005765229
 C         -1.0886404268       -1.2252176505       -0.4488592286
 C         -2.1911359558       -0.3014480430       -0.9325068057
 Cl        -2.8100235329        0.6956501965        0.4225653141
 H          1.4574124087       -1.8650969503       -0.3666917550
 H          0.7816295551       -1.8661444326        1.2914565719
 H          1.8123267009        0.3946209071        1.6782449519
 H          3.0329044903       -0.8758090698        1.3105343445
 H         -1.4576097536       -1.8651821940        0.3666609689
 H         -0.7810604715       -1.8661523749       -1.2908369461
 H         -1.8116463522        0.3947597344       -1.6781263080
 H         -3.0322198325       -0.8759494489       -1.3115053139
  15
 Etot=         -25.8044148798
 C          1.0912512999       -1.2286974664        0.4456194755
 C          2.1885795848       -0.2985030108        0.9290076785
 Cl         2.8195193629        0.6853536148       -0.4319418314
 O         -0.0000581999       -0.4551727761        0.0005107500
 C         -1.0911045665       -1.2287913821       -0.4452868954
 C         -2.1882332422       -0.2986070007       -0.9292838333
 Cl        -2.8204843806        0.6847763560        0.4314174025
 H          1.4605434950       -1.8671456382       -0.3701776045
 H          0.7854183728       -1.8715739947        1.2858452629
 H          1.7997362648        0.4053868768        1.6624332684
 H          3.0283032428       -0.8643460434        1.3250865745
 H         -1.4607706580       -1.8672490102        0.3702802187
 H         -0.7848225506       -1.8715204419       -1.2852683388
 H         -1.7988916888        0.4055423968       -1.6621993877
 H         -3.0275288526       -0.8644955765       -1.3262231321
  15
 Etot=         -25.8044560496
 C          1.0930145678       -1.2303951563        0.4433715597
 C          2.1871749923       -0.2969816925        0.9260972724
 Cl         2.8304047085        0.6732454923       -0.4388396687
 O         -0.0000498661       -0.4568693222        0.0004629167
 C         -1.0929199079       -1.2304508829       -0.4429715741
 C         -2.1868227512       -0.2970768487       -0.9263463682
 Cl        -2.8315363317        0.6726620296        0.4382389039
 H          1.4608988354       -1.8677446206       -0.3730797483
 H          0.7863459333       -1.8735976470        1.2818059904
 H          1.7919306010        0.4135480105        1.6494633538
 H          3.0241290666       -0.8567895494        1.3370736055
 H         -1.4611666475       -1.8678456070        0.3732880833
 H         -0.7857056019       -1.8735403082       -1.2812855015
 H         -1.7909703144        0.4137222366       -1.6491332173
 H         -3.0232698001       -0.8569292308       -1.3383259998
