    -25.805892987276    -25.805892987276         0.14785E-03
    -25.805896699786    -25.805896699786         0.14133E-03
    -25.805900407520    -25.805900407520         0.17911E-03
    -25.805897538611    -25.805897538611         0.98753E-04
    -25.805885980026    -25.805885980026         0.17751E-03
    -25.805885558544    -25.805885558544         0.99551E-04
    -25.805872517689    -25.805872517689         0.16798E-04
    -25.805864729502    -25.805864729502         0.14813E-03
    -25.805865955771    -25.805865955771         0.10422E-03
    -25.805863259916    -25.805863259916         0.18176E-03
    -25.805658832015    -25.805658832015         0.80916E-04
    -25.805663365891    -25.805663365891         0.15124E-03
    -25.805657286762    -25.805657286762         0.76175E-04
    -25.805663521565    -25.805663521565         0.75635E-04
    -25.805594393695    -25.805594393695         0.33540E-04
    -25.805583564158    -25.805583564158         0.19184E-03
    -25.805585060919    -25.805585060919         0.18307E-03
    -25.805590171784    -25.805590171784         0.19662E-03
    -25.805461541146    -25.805461541146         0.11566E-03
    -25.805462325330    -25.805462325330         0.80801E-04
    -25.805467245499    -25.805467245499         0.13646E-03
    -25.805461702620    -25.805461702620         0.98037E-04
    -25.805429800954    -25.805429800954         0.13678E-03
    -25.805872139655    -25.805872139655         0.66444E-04
    -25.805436738391    -25.805436738391         0.85724E-04
    -25.805436497729    -25.805436497729         0.10157E-03
    -25.805443750609    -25.805443750609         0.75390E-04
    -25.805382132826    -25.805382132826         0.11971E-03
    -25.805344917633    -25.805344917633         0.14592E-03
    -25.805867057478    -25.805867057478         0.16093E-03
    -25.805383688294    -25.805383688294         0.95298E-04
    -25.805338739439    -25.805338739439         0.14466E-03
    -25.805231618403    -25.805231618403         0.16334E-03
    -25.805344477784    -25.805344477784         0.10037E-03
    -25.805344026756    -25.805344026756         0.23722E-04
    -25.805232879628    -25.805232879628         0.13194E-03
    -25.805238153673    -25.805238153673         0.60863E-04
    -25.805233475793    -25.805233475793         0.60852E-04
    -25.805151801168    -25.805151801168         0.82819E-04
    -25.805151598581    -25.805151598581         0.96192E-04
    -25.805146271520    -25.805146271520         0.12238E-03
    -25.805117256695    -25.805117256695         0.19121E-03
    -25.805151679559    -25.805151679559         0.58957E-04
    -25.805116370173    -25.805116370173         0.20002E-03
    -25.805120952371    -25.805120952371         0.10706E-03
    -25.805862018093    -25.805862018093         0.59842E-04
    -25.805098362000    -25.805098362000         0.18461E-03
    -25.805101358821    -25.805101358821         0.72928E-04
    -25.805100764814    -25.805100764814         0.16087E-03
    -25.805122474678    -25.805122474678         0.66875E-04
    -25.805098190172    -25.805098190172         0.88180E-04
    -25.805061281335    -25.805061281335         0.17449E-03
    -25.805054121508    -25.805054121508         0.18817E-03
    -25.805054190485    -25.805054190485         0.31447E-04
    -25.805033790734    -25.805033790734         0.40275E-04
    -25.805034039735    -25.805034039735         0.77008E-04
    -25.805060574143    -25.805060574143         0.98154E-04
    -25.805011764083    -25.805011764083         0.15448E-03
    -25.805033483783    -25.805033483783         0.12489E-03
    -25.805013936639    -25.805013936639         0.16915E-04
    -25.805031277452    -25.805031277452         0.18840E-03
    -25.805011063550    -25.805011063550         0.12117E-03
    -25.805006729511    -25.805006729511         0.14864E-03
    -25.805003676581    -25.805003676581         0.14780E-03
    -25.804963368986    -25.804963368986         0.13964E-03
    -25.805005491968    -25.805005491968         0.10512E-03
    -25.805004228697    -25.805004228697         0.19749E-03
    -25.804963503045    -25.804963503045         0.77840E-04
    -25.805002976128    -25.805002976128         0.84957E-04
    -25.804966550724    -25.804966550724         0.76143E-04
    -25.804942022825    -25.804942022825         0.36904E-04
    -25.804938447633    -25.804938447633         0.11622E-03
    -25.804963974793    -25.804963974793         0.82706E-04
    -25.804936293552    -25.804936293552         0.50409E-04
    -25.804935730656    -25.804935730656         0.63683E-04
    -25.805016191135    -25.805016191135         0.87010E-04
    -25.804823939667    -25.804823939667         0.24903E-04
    -25.804806637618    -25.804806637618         0.12872E-03
    -25.804819262374    -25.804819262374         0.19089E-03
    -25.804812713148    -25.804812713148         0.19392E-04
    -25.804819098631    -25.804819098631         0.13813E-03
    -25.804797489061    -25.804797489061         0.16536E-03
    -25.804799431129    -25.804799431129         0.10101E-03
    -25.805108040667    -25.805108040667         0.69429E-04
    -25.805101600899    -25.805101600899         0.47963E-04
    -25.804725334787    -25.804725334787         0.76855E-04
    -25.804727847913    -25.804727847913         0.12675E-03
    -25.804747634125    -25.804747634125         0.18715E-03
    -25.804734931603    -25.804734931603         0.19497E-03
    -25.804740357693    -25.804740357693         0.17499E-03
    -25.805249681275    -25.805249681275         0.12882E-03
    -25.805029810633    -25.805029810633         0.82055E-04
    -25.804724499042    -25.804724499042         0.48161E-04
    -25.805107150769    -25.805107150769         0.44576E-04
    -25.804722542188    -25.804722542188         0.10152E-03
    -25.804711602027    -25.804711602027         0.86799E-04
    -25.804645522369    -25.804645522369         0.64945E-04
    -25.804645332000    -25.804645332000         0.19401E-03
    -25.804565930513    -25.804565930513         0.84156E-04
    -25.804582195954    -25.804582195954         0.16538E-03
    -25.804720279691    -25.804720279691         0.82777E-04
    -25.804582697899    -25.804582697899         0.28891E-04
    -25.804557825222    -25.804557825222         0.76119E-04
    -25.804567434113    -25.804567434113         0.97843E-04
    -25.804557077290    -25.804557077290         0.10907E-03
    -25.804472233163    -25.804472233163         0.86541E-04
    -25.804464494365    -25.804464494365         0.95451E-04
    -25.804473243312    -25.804473243312         0.10001E-03
    -25.804429189695    -25.804429189695         0.17386E-03
    -25.804939120476    -25.804939120476         0.55210E-04
    -25.804461094608    -25.804461094608         0.18329E-03
    -25.805392600577    -25.805392600577         0.13594E-03
    -25.803441177993    -25.803441177993         0.16296E-03
    -25.805667694844    -25.805667694844         0.15320E-03
    -25.805006088845    -25.805006088845         0.81169E-04
    -25.805013307407    -25.805013307407         0.96012E-04
    -25.804722363168    -25.804722363168         0.18512E-03
    -25.805890512773    -25.805890512773         0.39063E-04
    -25.805064206574    -25.805064206574         0.46245E-04
