  12
 Etot=         -14.5559041749
 C          1.8673804171       -0.1493753175       -0.0001336800
 C          0.5104348037        0.5212990789        0.0005419487
 O         -0.4988879498       -0.4773186051       -0.0005984030
 C         -1.8002591041        0.0946596412       -0.0006640494
 H          2.6704167697        0.5932620541        0.0010284813
 H          1.9802700003       -0.7927232724        0.8790860599
 H          1.9812673787       -0.7908954385       -0.8800062243
 H          0.3905033952        1.1439437528       -0.8908345527
 H          0.3900690314        1.1437737710        0.8920891087
 H         -2.5436221552       -0.7043327702       -0.0013717096
 H         -1.9166744607        0.7221438526       -0.8856205621
 H         -1.9154266219        0.7016168503        0.8981759748
  12
 Etot=         -14.5566849574
 C          1.8708780204       -0.1607959496       -0.0002082907
 C          0.5164559482        0.5197750251        0.0001616165
 O         -0.5006843689       -0.4707869418       -0.0013895020
 C         -1.7970111501        0.1003122365        0.0019310881
 H          2.6618775079        0.5853809333        0.0011802196
 H          1.9732428580       -0.7923343226        0.8812479020
 H          1.9739591578       -0.7900732001       -0.8830129772
 H          0.4032466265        1.1533953682       -0.8900048901
 H          0.4029681691        1.1511152536        0.8919135524
 H         -2.5093615884       -0.7215483936       -0.0036895560
 H         -1.9397134945        0.7224546789       -0.8867520179
 H         -1.9403861818        0.7091589092        0.9003152477
  12
 Etot=         -14.5568258540
 C          1.8738276930       -0.1673871621       -0.0002545948
 C          0.5214541025        0.5241801613        0.0004571827
 O         -0.5019445922       -0.4585580489       -0.0015213651
 C         -1.7976451582        0.1000596985        0.0023301115
 H          2.6633827095        0.5765515179        0.0010968753
 H          1.9673308894       -0.7949760538        0.8808178122
 H          1.9678493737       -0.7923989780       -0.8831499637
 H          0.4134629527        1.1635573970       -0.8893526383
 H          0.4130347708        1.1604818209        0.8923786885
 H         -2.4905550630       -0.7377645035       -0.0035637022
 H         -1.9572989132        0.7216560303       -0.8861619396
 H         -1.9574272606        0.7106517176        0.8986159259
  12
 Etot=         -14.5568363342
 C          1.8733655437       -0.1681703075       -0.0002479681
 C          0.5224546247        0.5277737671        0.0006285444
 O         -0.5008031326       -0.4541393957       -0.0015976085
 C         -1.7972907986        0.0985778846        0.0020952544
 H          2.6656535897        0.5732105824        0.0010991381
 H          1.9640636698       -0.7964835085        0.8806649924
 H          1.9644164966       -0.7936411667       -0.8831759809
 H          0.4163404787        1.1675556425       -0.8892501458
 H          0.4158794939        1.1641209038        0.8928743672
 H         -2.4869697575       -0.7415900173       -0.0029381495
 H         -1.9610515827        0.7196895258       -0.8861911245
 H         -1.9605871213        0.7091496867        0.8977310733
