  10
 Etot=         -14.6326596650
 C         -1.5740460479       -0.4804467521       -0.2115187927
 S          0.1521460808       -0.0849143334        0.4376813615
 O          1.0743259820       -0.9206179486       -0.3984302921
 C          0.1713570395        1.5905857369       -0.2461669064
 H         -2.3115887268        0.0952879586        0.3522066190
 H         -1.7641415489       -1.5487458331       -0.0879154996
 H         -1.6254944788       -0.2143402514       -1.2694419418
 H          1.1209326131        2.0670325115        0.0042042203
 H         -0.6558759847        2.1563075638        0.1849448404
 H          0.0575096480        1.5305248403       -1.3293328494
  10
 Etot=         -14.6341025446
 C         -1.5802914059       -0.4844547807       -0.2166569247
 S          0.1157122128       -0.0908715902        0.4302785801
 O          1.0530485961       -0.9086589199       -0.4014936737
 C          0.1695529329        1.5954129848       -0.2545343708
 H         -2.2929104015        0.0936999421        0.3612909063
 H         -1.7424043331       -1.5476983248       -0.0734927531
 H         -1.6251276435       -0.2321568515       -1.2712835091
 H          1.1181756648        2.0510748638        0.0161710877
 H         -0.6482846824        2.1579962822        0.1828884557
 H          0.0776536362        1.5563298869       -1.3369370393
  10
 Etot=         -14.6343524350
 C         -1.5778964361       -0.4859190599       -0.2176451493
 S          0.1013313074       -0.0951081185        0.4242656833
 O          1.0476567402       -0.9011731126       -0.4055651742
 C          0.1672018664        1.6027271499       -0.2570064867
 H         -2.2867175394        0.0918834427        0.3584559928
 H         -1.7372460146       -1.5457289806       -0.0634942648
 H         -1.6306651421       -0.2496180813       -1.2725698061
 H          1.1204273572        2.0382890337        0.0240108298
 H         -0.6443451962        2.1676480264        0.1835506998
 H          0.0853776337        1.5676731926       -1.3377715654
  10
 Etot=         -14.6343843659
 C         -1.5758661530       -0.4877986038       -0.2180104144
 S          0.1003452934       -0.0964941090        0.4224038837
 O          1.0482043336       -0.8979628864       -0.4089318650
 C          0.1668641287        1.6066286845       -0.2560310983
 H         -2.2861421061        0.0944830025        0.3531331242
 H         -1.7413155564       -1.5468953983       -0.0573564454
 H         -1.6320016536       -0.2601607027       -1.2754392908
 H          1.1228159078        2.0349239202        0.0258579587
 H         -0.6420930064        2.1731135397        0.1866741485
 H          0.0843133885        1.5708360460       -1.3360692420
