 
       ╔════════════════════════════════════════════╗
       ║            ___ ___ ___ ___ _____           ║
       ║           / __| _ \ __/ __|_   _|          ║
       ║          | (__|   / _|\__ \ | |            ║
       ║           \___|_|_\___|___/ |_|            ║
       ║                                            ║
       ║  Conformer-Rotamer Ensemble Sampling Tool  ║
       ║          based on the xTB methods          ║
       ║                                            ║
       ╚════════════════════════════════════════════╝
       Version 3.0.2, Sun Aug 25 20:02:36 UTC 2024
       commit (af7eb99) compiled by 'runner@fv-az1984-471'
 
   Cite work conducted with this code as

   • P.Pracht, F.Bohle, S.Grimme, PCCP, 2020, 22, 7169-7192.
   • S.Grimme, JCTC, 2019, 15, 2847-2862.
   • P.Pracht, S.Grimme, C.Bannwarth, F.Bohle, S.Ehlert,
     G.Feldmann, J.Gorges, M.Müller, T.Neudecker, C.Plett,
     S.Spicher, P.Steinbach, P.Wesołowski, F.Zeller,
     J. Chem. Phys., 2024, 160, 114110.

   for works involving QCG cite

   • S.Spicher, C.Plett, P.Pracht, A.Hansen, S.Grimme,
     JCTC, 2022, 18 (5), 3174-3189.
   • C.Plett, S. Grimme,
     Angew. Chem. Int. Ed. 2023, 62, e202214477.

   for works involving MECP screening cite

   • P.Pracht, C.Bannwarth, JCTC, 2022, 18 (10), 6370-6385.
 
   Original code
     P.Pracht, S.Grimme, Universität Bonn, MCTC
   with help from (alphabetical order):
     C.Bannwarth, F.Bohle, S.Ehlert, G.Feldmann, J.Gorges,
     S.Grimme, C.Plett, P.Pracht, S.Spicher, P.Steinbach,
     P.Wesolowski, F.Zeller
 
   Online documentation is available at
   https://crest-lab.github.io/crest-docs/
 
   This program is distributed in the hope that it will be useful,
   but WITHOUT ANY WARRANTY; without even the implied warranty of
   MERCHANTABILITY or FITNESS FOR A PARTICULAR PURPOSE. See the
   GNU Lesser General Public License (LGPL) for more details.

 Command line input:
 $ crest mobley_8578590.xyz --alpb water --chrg 0 --uhf 0 -T 4 --noreftopo

  --alpb water : implicit solvation
  --chrg 0
  --uhf 0
  -T 4 (CPUs/Threads selected)

> Setting up backup calculator ... done.
 ----------------
 Calculation info
 ----------------
> User-defined calculation level:
 : xTB calculation via tblite lib
 : GFN2-xTB level
 :   Molecular charge    : 0
 :   Solvation model     : alpb
 :   Solvent             : water
 :   Fermi temperature   : 300.00000
 :   Accuracy            : 1.00000
 :   max SCC cycles      : 500
 
 
 -----------------------------
 Initial Geometry Optimization
 -----------------------------
 Geometry successfully optimized.
 
          ┍━━━━━━━━━━━━━━━━━━━━━━━━━━━━━━━━━━━━━━━━━━━━━━━━━┑
          │              CREST iMTD-GC SAMPLING             │
          ┕━━━━━━━━━━━━━━━━━━━━━━━━━━━━━━━━━━━━━━━━━━━━━━━━━┙
 
 Input structure:
  10
 
 C         -1.5727629514       -0.4891135431       -0.2188905730
 S          0.1028176512       -0.0998789688        0.4211522975
 O          1.0510144379       -0.8942283254       -0.4152819468
 C          0.1652471334        1.6094812623       -0.2530312908
 H         -2.2855247655        0.1045113699        0.3405875423
 H         -1.7493683143       -1.5463397754       -0.0460564088
 H         -1.6271351523       -0.2754995966       -1.2806657291
 H          1.1246309246        2.0315390872        0.0251479002
 H         -0.6397193126        2.1769457565        0.1955484064
 H          0.0759249254        1.5732562261       -1.3322794387
 
 ------------------------------------------------
 Generating MTD length from a flexibility measure
 ------------------------------------------------
 Calculating GFN0-xTB WBOs   ... done.
 Calculating NCI flexibility ... done.
     covalent flexibility measure :   0.000
 non-covalent flexibility measure :   0.869
 flexibility measure :   0.000
 t(MTD) / ps    :     5.0
 Σ(t(MTD)) / ps :    70.0 (14 MTDs)
 
 -----------------------------------
 Starting trial MTD to test settings
 -----------------------------------
 Trial MTD 1 runtime (1.0 ps) ...        0 min,  0.650 sec
 Estimated runtime for one MTD (5.0 ps) on a single thread: 3 sec
 Estimated runtime for a batch of 14 MTDs on 4 threads: 13 sec
 
******************************************************************************************
**                         N E W   I T E R A T I O N  C Y C L E                         **
******************************************************************************************
 
 ------------------------------
 Meta-Dynamics Iteration 1
 ------------------------------
 list of applied metadynamics Vbias parameters:
$metadyn    0.03000   1.300
$metadyn    0.01500   1.300
$metadyn    0.00750   1.300
$metadyn    0.03000   0.780
$metadyn    0.01500   0.780
$metadyn    0.00750   0.780
$metadyn    0.03000   0.468
$metadyn    0.01500   0.468
$metadyn    0.00750   0.468
$metadyn    0.03000   0.281
$metadyn    0.01500   0.281
$metadyn    0.00750   0.281
$metadyn    0.01000   0.100
$metadyn    0.05000   0.800
 
  ::::::::::::: starting MTD    1 :::::::::::::
  |   MD simulation time   :     5.0 ps       |
  |   target T             :   300.0 K        |
  |   timestep dt          :     5.0 fs       |
  |   dump interval(trj)   :   100.0 fs       |
  |   SHAKE algorithm      : true (all bonds) |
  |   dump interval(Vbias) :    1.00 ps       |
  |   Vbias prefactor (k)  :  0.0300 Eh       |
  |   Vbias exponent (α)   :  1.3000 bohr⁻²   |
  ::::::::::::: starting MTD    9 :::::::::::::
  |   MD simulation time   :     5.0 ps       |
  |   target T             :   300.0 K        |
  |   timestep dt          :     5.0 fs       |
  |   dump interval(trj)   :   100.0 fs       |
  |   SHAKE algorithm      : true (all bonds) |
  |   dump interval(Vbias) :    1.00 ps       |
  |   Vbias prefactor (k)  :  0.0075 Eh       |
  |   Vbias exponent (α)   :  0.4680 bohr⁻²   |
  ::::::::::::: starting MTD   12 :::::::::::::
  |   MD simulation time   :     5.0 ps       |
  |   target T             :   300.0 K        |
  |   timestep dt          :     5.0 fs       |
  |   dump interval(trj)   :   100.0 fs       |
  |   SHAKE algorithm      : true (all bonds) |
  |   dump interval(Vbias) :    1.00 ps       |
  |   Vbias prefactor (k)  :  0.0075 Eh       |
  |   Vbias exponent (α)   :  0.2808 bohr⁻²   |
  ::::::::::::: starting MTD    5 :::::::::::::
  |   MD simulation time   :     5.0 ps       |
  |   target T             :   300.0 K        |
  |   timestep dt          :     5.0 fs       |
  |   dump interval(trj)   :   100.0 fs       |
  |   SHAKE algorithm      : true (all bonds) |
  |   dump interval(Vbias) :    1.00 ps       |
  |   Vbias prefactor (k)  :  0.0150 Eh       |
  |   Vbias exponent (α)   :  0.7800 bohr⁻²   |
*MTD   5 completed successfully ...        0 min,  3.073 sec
  ::::::::::::: starting MTD    6 :::::::::::::
  |   MD simulation time   :     5.0 ps       |
  |   target T             :   300.0 K        |
  |   timestep dt          :     5.0 fs       |
  |   dump interval(trj)   :   100.0 fs       |
  |   SHAKE algorithm      : true (all bonds) |
  |   dump interval(Vbias) :    1.00 ps       |
  |   Vbias prefactor (k)  :  0.0075 Eh       |
  |   Vbias exponent (α)   :  0.7800 bohr⁻²   |
*MTD   9 completed successfully ...        0 min,  3.082 sec
  ::::::::::::: starting MTD   10 :::::::::::::
  |   MD simulation time   :     5.0 ps       |
  |   target T             :   300.0 K        |
  |   timestep dt          :     5.0 fs       |
  |   dump interval(trj)   :   100.0 fs       |
  |   SHAKE algorithm      : true (all bonds) |
  |   dump interval(Vbias) :    1.00 ps       |
  |   Vbias prefactor (k)  :  0.0300 Eh       |
  |   Vbias exponent (α)   :  0.2808 bohr⁻²   |
*MTD  12 completed successfully ...        0 min,  3.118 sec
  ::::::::::::: starting MTD   13 :::::::::::::
  |   MD simulation time   :     5.0 ps       |
  |   target T             :   300.0 K        |
  |   timestep dt          :     5.0 fs       |
  |   dump interval(trj)   :   100.0 fs       |
  |   SHAKE algorithm      : true (all bonds) |
  |   dump interval(Vbias) :    1.00 ps       |
  |   Vbias prefactor (k)  :  0.0100 Eh       |
  |   Vbias exponent (α)   :  0.1000 bohr⁻²   |
*MTD   1 completed successfully ...        0 min,  3.174 sec
  ::::::::::::: starting MTD    2 :::::::::::::
  |   MD simulation time   :     5.0 ps       |
  |   target T             :   300.0 K        |
  |   timestep dt          :     5.0 fs       |
  |   dump interval(trj)   :   100.0 fs       |
  |   SHAKE algorithm      : true (all bonds) |
  |   dump interval(Vbias) :    1.00 ps       |
  |   Vbias prefactor (k)  :  0.0150 Eh       |
  |   Vbias exponent (α)   :  1.3000 bohr⁻²   |
*MTD  10 completed successfully ...        0 min,  3.029 sec
  ::::::::::::: starting MTD   11 :::::::::::::
  |   MD simulation time   :     5.0 ps       |
  |   target T             :   300.0 K        |
  |   timestep dt          :     5.0 fs       |
  |   dump interval(trj)   :   100.0 fs       |
  |   SHAKE algorithm      : true (all bonds) |
  |   dump interval(Vbias) :    1.00 ps       |
  |   Vbias prefactor (k)  :  0.0150 Eh       |
  |   Vbias exponent (α)   :  0.2808 bohr⁻²   |
*MTD  13 completed successfully ...        0 min,  3.014 sec
  ::::::::::::: starting MTD   14 :::::::::::::
  |   MD simulation time   :     5.0 ps       |
  |   target T             :   300.0 K        |
  |   timestep dt          :     5.0 fs       |
  |   dump interval(trj)   :   100.0 fs       |
  |   SHAKE algorithm      : true (all bonds) |
  |   dump interval(Vbias) :    1.00 ps       |
  |   Vbias prefactor (k)  :  0.0500 Eh       |
  |   Vbias exponent (α)   :  0.8000 bohr⁻²   |
*MTD   6 completed successfully ...        0 min,  3.060 sec
  ::::::::::::: starting MTD    7 :::::::::::::
  |   MD simulation time   :     5.0 ps       |
  |   target T             :   300.0 K        |
  |   timestep dt          :     5.0 fs       |
  |   dump interval(trj)   :   100.0 fs       |
  |   SHAKE algorithm      : true (all bonds) |
  |   dump interval(Vbias) :    1.00 ps       |
  |   Vbias prefactor (k)  :  0.0300 Eh       |
  |   Vbias exponent (α)   :  0.4680 bohr⁻²   |
*MTD   2 completed successfully ...        0 min,  2.971 sec
  ::::::::::::: starting MTD    3 :::::::::::::
  |   MD simulation time   :     5.0 ps       |
  |   target T             :   300.0 K        |
  |   timestep dt          :     5.0 fs       |
  |   dump interval(trj)   :   100.0 fs       |
  |   SHAKE algorithm      : true (all bonds) |
  |   dump interval(Vbias) :    1.00 ps       |
  |   Vbias prefactor (k)  :  0.0075 Eh       |
  |   Vbias exponent (α)   :  1.3000 bohr⁻²   |
*MTD   7 completed successfully ...        0 min,  3.016 sec
  ::::::::::::: starting MTD    8 :::::::::::::
  |   MD simulation time   :     5.0 ps       |
  |   target T             :   300.0 K        |
  |   timestep dt          :     5.0 fs       |
  |   dump interval(trj)   :   100.0 fs       |
  |   SHAKE algorithm      : true (all bonds) |
  |   dump interval(Vbias) :    1.00 ps       |
  |   Vbias prefactor (k)  :  0.0150 Eh       |
  |   Vbias exponent (α)   :  0.4680 bohr⁻²   |
*MTD  11 completed successfully ...        0 min,  3.045 sec
*MTD   3 completed successfully ...        0 min,  3.024 sec
  ::::::::::::: starting MTD    4 :::::::::::::
  |   MD simulation time   :     5.0 ps       |
  |   target T             :   300.0 K        |
  |   timestep dt          :     5.0 fs       |
  |   dump interval(trj)   :   100.0 fs       |
  |   SHAKE algorithm      : true (all bonds) |
  |   dump interval(Vbias) :    1.00 ps       |
  |   Vbias prefactor (k)  :  0.0300 Eh       |
  |   Vbias exponent (α)   :  0.7800 bohr⁻²   |
*MTD  14 completed successfully ...        0 min,  3.054 sec
*MTD   8 completed successfully ...        0 min,  2.949 sec
*MTD   4 completed successfully ...        0 min,  2.950 sec
 
 ======================================
 |  Multilevel Ensemble Optimization  |
 ======================================
 Optimizing all 686 structures from file "crest_dynamics.trj" ...
 ----------------------
 crude pre-optimization
 ----------------------
 Optimization engine: ANCOPT
 Hessian update type: BFGS
 E/G convergence criteria:  0.500E-03 Eh, 0.100E-01 Eh/a0
 maximum optimization steps: 200
 |>0.1% |>10.1% |>20.1% |>30.0% |>40.1% |>50.0% |>60.1% |>70.1% |>80.0% |>90.1% |>100.0%
 done.
> 686 of 686 structures successfully optimized (100.0% success)
> Total runtime for 686 optimizations:
 * wall-time:     0 d,  0 h,  0 min,  2.896 sec
 *  cpu-time:     0 d,  0 h,  0 min, 11.103 sec
 * ratio c/w:     3.834 speedup
> Corresponding to approximately 0.004 sec per processed structure
 
CREGEN> running RMSDs ... done.
CREGEN> E lowest :   -14.63442
 212 structures remain within    12.00 kcal/mol window
 ----------------------------------
 optimization with tight thresholds
 ----------------------------------
 Optimization engine: ANCOPT
 Hessian update type: BFGS
 E/G convergence criteria:  0.100E-05 Eh, 0.800E-03 Eh/a0
 maximum optimization steps: 200
 |>0.5% |>10.4% |>20.3% |>30.2% |>40.1% |>50.0% |>60.4% |>70.3% |>80.2% |>90.1% |>100.0%
 done.
> 212 of 212 structures successfully optimized (100.0% success)
> Total runtime for 212 optimizations:
 * wall-time:     0 d,  0 h,  0 min,  3.018 sec
 *  cpu-time:     0 d,  0 h,  0 min, 11.964 sec
 * ratio c/w:     3.965 speedup
> Corresponding to approximately 0.014 sec per processed structure
 
CREGEN> running RMSDs ... done.
CREGEN> E lowest :   -14.63443
 12 structures remain within     6.00 kcal/mol window
 
 ------------------------------
 Meta-Dynamics Iteration 2
 ------------------------------
 list of applied metadynamics Vbias parameters:
$metadyn    0.03000   1.300
$metadyn    0.01500   1.300
$metadyn    0.00750   1.300
$metadyn    0.03000   0.780
$metadyn    0.01500   0.780
$metadyn    0.00750   0.780
$metadyn    0.03000   0.468
$metadyn    0.01500   0.468
$metadyn    0.00750   0.468
$metadyn    0.03000   0.281
$metadyn    0.01500   0.281
$metadyn    0.00750   0.281
$metadyn    0.01000   0.100
$metadyn    0.05000   0.800
 
  ::::::::::::: starting MTD    1 :::::::::::::
  |   MD simulation time   :     5.0 ps       |
  |   target T             :   300.0 K        |
  |   timestep dt          :     5.0 fs       |
  |   dump interval(trj)   :   100.0 fs       |
  |   SHAKE algorithm      : true (all bonds) |
  |   dump interval(Vbias) :    1.00 ps       |
  |   Vbias prefactor (k)  :  0.0300 Eh       |
  |   Vbias exponent (α)   :  1.3000 bohr⁻²   |
  ::::::::::::: starting MTD    5 :::::::::::::
  |   MD simulation time   :     5.0 ps       |
  |   target T             :   300.0 K        |
  |   timestep dt          :     5.0 fs       |
  |   dump interval(trj)   :   100.0 fs       |
  |   SHAKE algorithm      : true (all bonds) |
  |   dump interval(Vbias) :    1.00 ps       |
  |   Vbias prefactor (k)  :  0.0150 Eh       |
  |   Vbias exponent (α)   :  0.7800 bohr⁻²   |
  ::::::::::::: starting MTD    9 :::::::::::::
  |   MD simulation time   :     5.0 ps       |
  |   target T             :   300.0 K        |
  |   timestep dt          :     5.0 fs       |
  |   dump interval(trj)   :   100.0 fs       |
  |   SHAKE algorithm      : true (all bonds) |
  |   dump interval(Vbias) :    1.00 ps       |
  |   Vbias prefactor (k)  :  0.0075 Eh       |
  |   Vbias exponent (α)   :  0.4680 bohr⁻²   |
  ::::::::::::: starting MTD   12 :::::::::::::
  |   MD simulation time   :     5.0 ps       |
  |   target T             :   300.0 K        |
  |   timestep dt          :     5.0 fs       |
  |   dump interval(trj)   :   100.0 fs       |
  |   SHAKE algorithm      : true (all bonds) |
  |   dump interval(Vbias) :    1.00 ps       |
  |   Vbias prefactor (k)  :  0.0075 Eh       |
  |   Vbias exponent (α)   :  0.2808 bohr⁻²   |
*MTD   5 completed successfully ...        0 min,  3.021 sec
  ::::::::::::: starting MTD    6 :::::::::::::
  |   MD simulation time   :     5.0 ps       |
  |   target T             :   300.0 K        |
  |   timestep dt          :     5.0 fs       |
  |   dump interval(trj)   :   100.0 fs       |
  |   SHAKE algorithm      : true (all bonds) |
  |   dump interval(Vbias) :    1.00 ps       |
  |   Vbias prefactor (k)  :  0.0075 Eh       |
  |   Vbias exponent (α)   :  0.7800 bohr⁻²   |
*MTD  12 completed successfully ...        0 min,  3.057 sec
  ::::::::::::: starting MTD   13 :::::::::::::
  |   MD simulation time   :     5.0 ps       |
  |   target T             :   300.0 K        |
  |   timestep dt          :     5.0 fs       |
  |   dump interval(trj)   :   100.0 fs       |
  |   SHAKE algorithm      : true (all bonds) |
  |   dump interval(Vbias) :    1.00 ps       |
  |   Vbias prefactor (k)  :  0.0100 Eh       |
  |   Vbias exponent (α)   :  0.1000 bohr⁻²   |
*MTD   9 completed successfully ...        0 min,  3.128 sec
  ::::::::::::: starting MTD   10 :::::::::::::
  |   MD simulation time   :     5.0 ps       |
  |   target T             :   300.0 K        |
  |   timestep dt          :     5.0 fs       |
  |   dump interval(trj)   :   100.0 fs       |
  |   SHAKE algorithm      : true (all bonds) |
  |   dump interval(Vbias) :    1.00 ps       |
  |   Vbias prefactor (k)  :  0.0300 Eh       |
  |   Vbias exponent (α)   :  0.2808 bohr⁻²   |
*MTD   1 completed successfully ...        0 min,  3.192 sec
  ::::::::::::: starting MTD    2 :::::::::::::
  |   MD simulation time   :     5.0 ps       |
  |   target T             :   300.0 K        |
  |   timestep dt          :     5.0 fs       |
  |   dump interval(trj)   :   100.0 fs       |
  |   SHAKE algorithm      : true (all bonds) |
  |   dump interval(Vbias) :    1.00 ps       |
  |   Vbias prefactor (k)  :  0.0150 Eh       |
  |   Vbias exponent (α)   :  1.3000 bohr⁻²   |
*MTD   6 completed successfully ...        0 min,  3.024 sec
  ::::::::::::: starting MTD    7 :::::::::::::
  |   MD simulation time   :     5.0 ps       |
  |   target T             :   300.0 K        |
  |   timestep dt          :     5.0 fs       |
  |   dump interval(trj)   :   100.0 fs       |
  |   SHAKE algorithm      : true (all bonds) |
  |   dump interval(Vbias) :    1.00 ps       |
  |   Vbias prefactor (k)  :  0.0300 Eh       |
  |   Vbias exponent (α)   :  0.4680 bohr⁻²   |
*MTD  13 completed successfully ...        0 min,  3.025 sec
  ::::::::::::: starting MTD   14 :::::::::::::
  |   MD simulation time   :     5.0 ps       |
  |   target T             :   300.0 K        |
  |   timestep dt          :     5.0 fs       |
  |   dump interval(trj)   :   100.0 fs       |
  |   SHAKE algorithm      : true (all bonds) |
  |   dump interval(Vbias) :    1.00 ps       |
  |   Vbias prefactor (k)  :  0.0500 Eh       |
  |   Vbias exponent (α)   :  0.8000 bohr⁻²   |
*MTD  10 completed successfully ...        0 min,  3.033 sec
  ::::::::::::: starting MTD   11 :::::::::::::
  |   MD simulation time   :     5.0 ps       |
  |   target T             :   300.0 K        |
  |   timestep dt          :     5.0 fs       |
  |   dump interval(trj)   :   100.0 fs       |
  |   SHAKE algorithm      : true (all bonds) |
  |   dump interval(Vbias) :    1.00 ps       |
  |   Vbias prefactor (k)  :  0.0150 Eh       |
  |   Vbias exponent (α)   :  0.2808 bohr⁻²   |
*MTD   2 completed successfully ...        0 min,  3.031 sec
  ::::::::::::: starting MTD    3 :::::::::::::
  |   MD simulation time   :     5.0 ps       |
  |   target T             :   300.0 K        |
  |   timestep dt          :     5.0 fs       |
  |   dump interval(trj)   :   100.0 fs       |
  |   SHAKE algorithm      : true (all bonds) |
  |   dump interval(Vbias) :    1.00 ps       |
  |   Vbias prefactor (k)  :  0.0075 Eh       |
  |   Vbias exponent (α)   :  1.3000 bohr⁻²   |
*MTD   7 completed successfully ...        0 min,  3.044 sec
  ::::::::::::: starting MTD    8 :::::::::::::
  |   MD simulation time   :     5.0 ps       |
  |   target T             :   300.0 K        |
  |   timestep dt          :     5.0 fs       |
  |   dump interval(trj)   :   100.0 fs       |
  |   SHAKE algorithm      : true (all bonds) |
  |   dump interval(Vbias) :    1.00 ps       |
  |   Vbias prefactor (k)  :  0.0150 Eh       |
  |   Vbias exponent (α)   :  0.4680 bohr⁻²   |
*MTD  14 completed successfully ...        0 min,  3.191 sec
*MTD  11 completed successfully ...        0 min,  3.183 sec
*MTD   3 completed successfully ...        0 min,  3.221 sec
  ::::::::::::: starting MTD    4 :::::::::::::
  |   MD simulation time   :     5.0 ps       |
  |   target T             :   300.0 K        |
  |   timestep dt          :     5.0 fs       |
  |   dump interval(trj)   :   100.0 fs       |
  |   SHAKE algorithm      : true (all bonds) |
  |   dump interval(Vbias) :    1.00 ps       |
  |   Vbias prefactor (k)  :  0.0300 Eh       |
  |   Vbias exponent (α)   :  0.7800 bohr⁻²   |
*MTD   8 completed successfully ...        0 min,  2.956 sec
*MTD   4 completed successfully ...        0 min,  2.946 sec
 
 ======================================
 |  Multilevel Ensemble Optimization  |
 ======================================
 Optimizing all 686 structures from file "crest_dynamics.trj" ...
 ----------------------
 crude pre-optimization
 ----------------------
 Optimization engine: ANCOPT
 Hessian update type: BFGS
 E/G convergence criteria:  0.500E-03 Eh, 0.100E-01 Eh/a0
 maximum optimization steps: 200
 |>0.1% |>10.1% |>20.1% |>30.0% |>40.1% |>50.0% |>60.1% |>70.1% |>80.0% |>90.1% |>100.0%
 done.
> 686 of 686 structures successfully optimized (100.0% success)
> Total runtime for 686 optimizations:
 * wall-time:     0 d,  0 h,  0 min,  2.873 sec
 *  cpu-time:     0 d,  0 h,  0 min, 11.441 sec
 * ratio c/w:     3.982 speedup
> Corresponding to approximately 0.004 sec per processed structure
 
CREGEN> running RMSDs ... done.
CREGEN> E lowest :   -14.63441
 220 structures remain within    12.00 kcal/mol window
 ----------------------------------
 optimization with tight thresholds
 ----------------------------------
 Optimization engine: ANCOPT
 Hessian update type: BFGS
 E/G convergence criteria:  0.100E-05 Eh, 0.800E-03 Eh/a0
 maximum optimization steps: 200
 |>0.5% |>10.0% |>20.0% |>30.0% |>40.0% |>50.0% |>60.0% |>70.5% |>80.0% |>90.5% |>100.0%
 done.
> 220 of 220 structures successfully optimized (100.0% success)
> Total runtime for 220 optimizations:
 * wall-time:     0 d,  0 h,  0 min,  3.051 sec
 *  cpu-time:     0 d,  0 h,  0 min, 12.148 sec
 * ratio c/w:     3.982 speedup
> Corresponding to approximately 0.014 sec per processed structure
 
CREGEN> running RMSDs ... done.
CREGEN> E lowest :   -14.63443
 11 structures remain within     6.00 kcal/mol window
 
========================================
           MTD Simulations done         
========================================
 Collecting ensmbles.
CREGEN> running RMSDs ... done.
CREGEN> E lowest :   -14.63443
 14 structures remain within     6.00 kcal/mol window
 

 ===============================================
 Additional regular MDs on lowest 2 conformer(s)
 ===============================================
  :::::::::::::: starting MD   1 ::::::::::::::
  |   MD simulation time   :     2.5 ps       |
  |   target T             :   400.0 K        |
  |   timestep dt          :     5.0 fs       |
  |   dump interval(trj)   :   100.0 fs       |
  |   SHAKE algorithm      : true (all bonds) |
  :::::::::::::: starting MD   2 ::::::::::::::
  |   MD simulation time   :     2.5 ps       |
  |   target T             :   400.0 K        |
  |   timestep dt          :     5.0 fs       |
  |   dump interval(trj)   :   100.0 fs       |
  |   SHAKE algorithm      : true (all bonds) |
  :::::::::::::: starting MD   3 ::::::::::::::
  |   MD simulation time   :     2.5 ps       |
  |   target T             :   500.0 K        |
  |   timestep dt          :     5.0 fs       |
  |   dump interval(trj)   :   100.0 fs       |
  |   SHAKE algorithm      : true (all bonds) |
  :::::::::::::: starting MD   4 ::::::::::::::
  |   MD simulation time   :     2.5 ps       |
  |   target T             :   500.0 K        |
  |   timestep dt          :     5.0 fs       |
  |   dump interval(trj)   :   100.0 fs       |
  |   SHAKE algorithm      : true (all bonds) |
*MD   2 completed successfully ...        0 min,  1.492 sec
*MD   1 completed successfully ...        0 min,  1.524 sec
*MD   4 completed successfully ...        0 min,  1.527 sec
*MD   3 completed successfully ...        0 min,  1.528 sec
 Appending file crest_rotamers_1.xyz with new structures
 Optimizing all 110 structures from file "crest_rotamers_1.xyz" ...
 ----------------------------------
 optimization with tight thresholds
 ----------------------------------
 Optimization engine: ANCOPT
 Hessian update type: BFGS
 E/G convergence criteria:  0.100E-05 Eh, 0.800E-03 Eh/a0
 maximum optimization steps: 200
 |>0.9% |>10.0% |>20.0% |>30.0% |>40.0% |>50.0% |>60.0% |>70.9% |>80.0% |>90.9% |>100.0%
 done.
> 110 of 110 structures successfully optimized (100.0% success)
> Total runtime for 110 optimizations:
 * wall-time:     0 d,  0 h,  0 min,  1.536 sec
 *  cpu-time:     0 d,  0 h,  0 min,  5.938 sec
 * ratio c/w:     3.865 speedup
> Corresponding to approximately 0.014 sec per processed structure
 
CREGEN> running RMSDs ... done.
CREGEN> E lowest :   -14.63444
 14 structures remain within     6.00 kcal/mol window
 
     ========================================
     |        Structure Crossing (GC)       |
     ========================================
 
 =============================
  # threads =           4
 =============================
input  file name : crest_rotamers_2.xyz
number of atoms                :      10
number of points on xyz files  :      14
conformer energy window  /kcal :    6.00
CN per atom difference cut-off :  0.3000
RMSD threshold (Ang, Bohr)     :  0.2500  0.4724
max. # of generated structures :      250
 # in E window          14
  17.6 % done
  36.3 % done
  65.9 % done
  92.3 % done
 100.0 % done
 finished.
 average rmsd w.r.t input     :     2.01812
 number of clash discarded    :           0
 removed identical structures :          32

 59 structures written to confcross.xyz

 
 ======================================
 |  Multilevel Ensemble Optimization  |
 ======================================
 Optimizing all 59 structures from file "confcross.xyz" ...
 ----------------------
 crude pre-optimization
 ----------------------
 Optimization engine: ANCOPT
 Hessian update type: BFGS
 E/G convergence criteria:  0.500E-03 Eh, 0.100E-01 Eh/a0
 maximum optimization steps: 200
 |>1.7% |>10.2% |>20.3% |>30.5% |>40.7% |>50.8% |>61.0% |>71.2% |>81.4% |>91.5% |>100.0%
 done.
> 59 of 59 structures successfully optimized (100.0% success)
> Total runtime for 59 optimizations:
 * wall-time:     0 d,  0 h,  0 min,  0.239 sec
 *  cpu-time:     0 d,  0 h,  0 min,  0.825 sec
 * ratio c/w:     3.451 speedup
> Corresponding to approximately 0.004 sec per processed structure
 
CREGEN> running RMSDs ... done.
CREGEN> E lowest :   -14.63441
 33 structures remain within    12.00 kcal/mol window
 ----------------------------------
 optimization with tight thresholds
 ----------------------------------
 Optimization engine: ANCOPT
 Hessian update type: BFGS
 E/G convergence criteria:  0.100E-05 Eh, 0.800E-03 Eh/a0
 maximum optimization steps: 200
 |>3.0% |>12.1% |>21.2% |>30.3% |>42.4% |>51.5% |>60.6% |>72.7% |>81.8% |>90.9% |>100.0%
 done.
> 33 of 33 structures successfully optimized (100.0% success)
> Total runtime for 33 optimizations:
 * wall-time:     0 d,  0 h,  0 min,  0.496 sec
 *  cpu-time:     0 d,  0 h,  0 min,  1.972 sec
 * ratio c/w:     3.973 speedup
> Corresponding to approximately 0.015 sec per processed structure
 
CREGEN> running RMSDs ... done.
CREGEN> E lowest :   -14.63443
 14 structures remain within     6.00 kcal/mol window
appending new structures to crest_rotamers_2.xyz
CREGEN> running RMSDs ... done.
CREGEN> E lowest :   -14.63444


   ================================================
   |           Final Geometry Optimization        |
   ================================================
 Optimizing all 17 structures from file "crest_rotamers_3.xyz" ...
 ---------------------------------------
 optimization with very tight thresholds
 ---------------------------------------
 Optimization engine: ANCOPT
 Hessian update type: BFGS
 E/G convergence criteria:  0.100E-06 Eh, 0.200E-03 Eh/a0
 maximum optimization steps: 200
 |>5.9% |>11.8% |>23.5% |>35.3% |>41.2% |>52.9% |>64.7% |>70.6% |>82.4% |>94.1% |>100.0%
 done.
> 17 of 17 structures successfully optimized (100.0% success)
> Total runtime for 17 optimizations:
 * wall-time:     0 d,  0 h,  0 min,  0.207 sec
 *  cpu-time:     0 d,  0 h,  0 min,  0.825 sec
 * ratio c/w:     3.977 speedup
> Corresponding to approximately 0.012 sec per processed structure
 
CREGEN> running RMSDs ... done.
CREGEN> E lowest :   -14.63443
 11 structures remain within     6.00 kcal/mol window


 --------------------------
 Final Ensemble Information
 --------------------------
 input  file name : crest_rotamers_3.xyz
 output file name : crest_rotamers_4.xyz
 number of atoms                :   10
 number of points on xyz files  :   17
 RMSD threshold                 :   0.1250
 Bconst threshold               :   0.0100
 population threshold           :   0.0500
 # fragment in coord            :     1
 # bonds in reference structure :     9
 number of reliable points      :    17
 sorting energy window (EWIN)   :    6.0000 / kcal*mol⁻¹
 reference state Etot           :  -14.6344298900000
 number of doubles removed by rot/RMSD         :           6
 total number unique points considered further :          11
       Erel/kcal        Etot weight/tot  conformer     set   degen     origin
       1   0.000   -14.63443    0.10826    0.97427       1       9
       2   0.000   -14.63443    0.10826
       3   0.000   -14.63443    0.10826
       4   0.000   -14.63443    0.10826
       5   0.000   -14.63443    0.10825
       6   0.000   -14.63443    0.10825
       7   0.000   -14.63443    0.10825
       8   0.000   -14.63443    0.10825
       9   0.000   -14.63443    0.10824
      10   1.263   -14.63242    0.01287    0.02573       2       2
      11   1.263   -14.63242    0.01286
T /K                                  :   298.15
E lowest                              :   -14.63443
ensemble average energy (kcal)        :    0.033
ensemble entropy (J/mol K, cal/mol K) :   18.941    4.527
ensemble free energy (kcal/mol)       :   -1.350
population of lowest in %             :   97.427
 number of unique conformers for further calc            2
 list of relative energies saved as "crest.energies"
 
 -----------------
 Wall Time Summary
 -----------------
 CREST runtime (total)               0 d,  0 h,  0 min, 41.987 sec
 ------------------------------------------------------------------
 Trial metadynamics (MTD)   ...        0 min,  0.657 sec (  1.565%)
 Metadynamics (MTD)         ...        0 min, 24.600 sec ( 58.590%)
 Geometry optimization      ...        0 min, 14.244 sec ( 33.926%)
 Molecular dynamics (MD)    ...        0 min,  1.535 sec (  3.656%)
 Genetic crossing (GC)      ...        0 min,  0.772 sec (  1.838%)
 I/O and setup              ...        0 min,  0.179 sec (  0.426%)
 ------------------------------------------------------------------
 * wall-time:     0 d,  0 h,  0 min, 41.987 sec
 *  cpu-time:     0 d,  0 h,  2 min, 33.531 sec
 * ratio c/w:     3.657 speedup
 ------------------------------------------------------------------
 * Total number of energy+grad calls: 49821
 
 CREST terminated normally.
