  7
 Etot=         -10.3588777491
 C         -1.2555076294       -0.1685220929        0.0001823465
 C          0.1158653267        0.4319414896       -0.0006552096
 O          1.1458135407       -0.2346026184        0.0001376258
 H         -1.5832191784       -0.3107853520        1.0321587540
 H         -1.9551109875        0.4940743055       -0.5157451235
 H         -1.2236290552       -1.1332296325       -0.5124170288
 H          0.1541565470        1.5349368525       -0.0005464956
  7
 Etot=         -10.3597997308
 C         -1.2520944945       -0.1675701900       -0.0176866043
 C          0.1144720119        0.4249627205       -0.0204903649
 O          1.1397895644       -0.2204307449       -0.0122377613
 H         -1.5693738889       -0.2855087470        1.0163685228
 H         -1.9566514870        0.4881646876       -0.5234579819
 H         -1.2326046651       -1.1512662962       -0.4850586325
 H          0.1548315233        1.5254615218        0.0456776910
  7
 Etot=         -10.3592780331
 C         -1.2486740149       -0.1673340947       -0.0239594963
 C          0.1132745711        0.4150119335        0.0305683731
 O          1.1388302976       -0.2053235898       -0.0459703162
 H         -1.5824129382       -0.2821248912        1.0025327216
 H         -1.9426542817        0.4948103219       -0.5234821023
 H         -1.2305415498       -1.1556583201       -0.4710824203
 H          0.1505464801        1.5144315922        0.0345081093
  7
 Etot=         -10.3601526892
 C         -1.2499397656       -0.1686857025       -0.0243949126
 C          0.1142206926        0.4163551228       -0.0039991900
 O          1.1448102288       -0.2104403332       -0.0519094929
 H         -1.5791186611       -0.2618081042        1.0101773550
 H         -1.9452692213        0.4836125511       -0.5400175082
 H         -1.2338900173       -1.1636461919       -0.4629697538
 H          0.1475553078        1.5184256098        0.0762283713
  7
 Etot=         -10.3602631541
 C         -1.2491480472       -0.1706165793       -0.0254808431
 C          0.1142423355        0.4144541726       -0.0069319634
 O          1.1480166513       -0.2081188833       -0.0782983314
 H         -1.5855383719       -0.2413831185        1.0103575866
 H         -1.9392048685        0.4754759568       -0.5567815305
 H         -1.2341348375       -1.1726247327       -0.4483469930
 H          0.1441357024        1.5166261361        0.1085969437
  7
 Etot=         -10.3603494313
 C         -1.2462147207       -0.1767295362       -0.0254309984
 C          0.1142499138        0.4095335766       -0.0076766422
 O          1.1546755195       -0.1984341644       -0.1651736555
 H         -1.6116860125       -0.1807627092        1.0088348469
 H         -1.9178444467        0.4504361509       -0.6073332631
 H         -1.2307141627       -1.1974529966       -0.4027431321
 H          0.1359024735        1.5072226307        0.2026377133
  7
 Etot=         -10.3604635751
 C         -1.2467215355       -0.1754725650       -0.0233321390
 C          0.1142665958        0.4114189251       -0.0061098206
 O          1.1512292233       -0.1984869187       -0.1423406878
 H         -1.6068225482       -0.1981302309        1.0082468629
 H         -1.9222223254        0.4562261993       -0.5926922127
 H         -1.2310962657       -1.1883646736       -0.4155952146
 H          0.1397354197        1.5066222157        0.1749380807
  7
 Etot=         -10.3605464781
 C         -1.2460658564       -0.1768573967       -0.0208773474
 C          0.1144294008        0.4114565219       -0.0040519596
 O          1.1498186882       -0.1931763780       -0.1655327561
 H         -1.6163396690       -0.1848552778        1.0056356701
 H         -1.9159001664        0.4490999545       -0.6040130276
 H         -1.2284209302       -1.1926194762       -0.4037407414
 H          0.1408470970        1.5007650041        0.1956950309
  7
 Etot=         -10.3606692741
 C         -1.2445273543       -0.1807228286       -0.0152486515
 C          0.1149688137        0.4108778942       -0.0000672645
 O          1.1459665854       -0.1782144342       -0.2422918729
 H         -1.6451117397       -0.1389076262        0.9981185747
 H         -1.8962257223        0.4254842957       -0.6433161776
 H         -1.2199877763       -1.2096285525       -0.3631520003
 H          0.1432857575        1.4849242034        0.2690722610
  7
 Etot=         -10.3607075288
 C         -1.2445664565       -0.1810114478       -0.0137653437
 C          0.1151761429        0.4111459492       -0.0003762463
 O          1.1421783010       -0.1726844317       -0.2582808288
 H         -1.6508422152       -0.1295425146        0.9950830355
 H         -1.8916337591        0.4188513518       -0.6511492353
 H         -1.2182992783       -1.2127009619       -0.3537080110
 H          0.1463558294        1.4797550067        0.2853114986
