  15
 Etot=         -17.7291945513
 C         -0.6394475715       -1.4463718180        0.1388490879
 C         -0.5042917260        0.0020560797       -0.3366659198
 C         -1.7584361436        0.7970727306        0.0188735361
 C          0.7383514514        0.6701857722        0.2581169377
 O          1.9054925925       -0.0387817125       -0.1353035276
 H          0.2572689472       -2.0217230273       -0.1139363371
 H         -1.4995166831       -1.9378960658       -0.3283618249
 H         -0.7683982005       -1.4955082527        1.2244320401
 H         -0.3994212563       -0.0200088551       -1.4297662461
 H         -1.6701075813        1.8350659599       -0.3173482967
 H         -1.9157953123        0.8099562915        1.1028832713
 H         -2.6504304122        0.3644603487       -0.4479173720
 H          0.8310487361        1.7002795144       -0.1022815857
 H          0.6926202518        0.6863516444        1.3525393068
 H          2.6605356078        0.4212298946        0.2640363857
  15
 Etot=         -17.7300983245
 C         -0.6313823046       -1.4433805414        0.1459743783
 C         -0.5080491913       -0.0006804317       -0.3376433720
 C         -1.7540552056        0.8030505670        0.0204782236
 C          0.7328207783        0.6630615587        0.2578735385
 O          1.8985788168       -0.0440356920       -0.1467674143
 H          0.2675194877       -2.0038357673       -0.1085790300
 H         -1.4867165153       -1.9259217270       -0.3244334709
 H         -0.7646836356       -1.4781666166        1.2271365943
 H         -0.3844011626       -0.0118534862       -1.4267428422
 H         -1.6658635730        1.8341073340       -0.3204778871
 H         -1.9074799147        0.8100379510        1.0994541065
 H         -2.6326501252        0.3615613202       -0.4464109448
 H          0.7935448757        1.7017854858       -0.0937445428
 H          0.6585921267        0.6645137708        1.3532066600
 H          2.6636982425        0.3961247795        0.2488254587
  15
 Etot=         -17.7302181759
 C         -0.6322751598       -1.4422198325        0.1475251053
 C         -0.5086170779       -0.0013225878       -0.3390584482
 C         -1.7544891687        0.8030512695        0.0177999268
 C          0.7322672769        0.6619844482        0.2614100774
 O          1.8936269032       -0.0383454170       -0.1560433420
 H          0.2698891019       -1.9942540370       -0.1023744932
 H         -1.4832654898       -1.9278948014       -0.3222050344
 H         -0.7676122329       -1.4669143370        1.2266655405
 H         -0.3801932933       -0.0105424566       -1.4267027703
 H         -1.6647780672        1.8299376964       -0.3276858975
 H         -1.9012854830        0.8123995464        1.0953121047
 H         -2.6304376589        0.3579920463       -0.4451794087
 H          0.7838949828        1.7066583702       -0.0765692929
 H          0.6555650529        0.6500156219        1.3572877562
 H          2.6671830138        0.3858229750        0.2379676320
  15
 Etot=         -17.7302611594
 C         -0.6322338421       -1.4416019165        0.1492177129
 C         -0.5090961207       -0.0008745783       -0.3395227168
 C         -1.7560218875        0.8043446262        0.0145357410
 C          0.7326828372        0.6602674400        0.2651472742
 O          1.8903506344       -0.0309001785       -0.1666066569
 H          0.2726224162       -1.9907822642       -0.0945898930
 H         -1.4794043312       -1.9305525925       -0.3227068132
 H         -0.7727378759       -1.4616871948        1.2273561158
 H         -0.3768792279       -0.0098852465       -1.4263722693
 H         -1.6675098522        1.8286263588       -0.3374228345
 H         -1.8988354132        0.8193913107        1.0920747096
 H         -2.6317536505        0.3548894890       -0.4436876599
 H          0.7784825746        1.7101262717       -0.0583385309
 H          0.6593187095        0.6348366783        1.3613785486
 H          2.6704877290        0.3801703011        0.2276867280
