    -17.731614834079    -17.731614834079         0.12629E-03
    -17.731624609736    -17.731624609736         0.18631E-03
    -17.731625066243    -17.731625066243         0.11153E-03
    -17.731615270320    -17.731615270320         0.12843E-03
    -17.731625080326    -17.731625080326         0.15456E-03
    -17.731625110637    -17.731625110637         0.26089E-04
    -17.731625086579    -17.731625086579         0.25575E-04
    -17.731625143978    -17.731625143978         0.32277E-04
    -17.731625139413    -17.731625139413         0.26504E-04
    -17.731625155363    -17.731625155363         0.22547E-04
    -17.731624984966    -17.731624984966         0.64067E-04
    -17.731615301302    -17.731615301302         0.36270E-04
    -17.731614933379    -17.731614933379         0.19169E-03
    -17.731615227542    -17.731615227542         0.13102E-03
    -17.731615179526    -17.731615179526         0.13332E-03
    -17.731615301575    -17.731615301575         0.27786E-04
    -17.731615277522    -17.731615277522         0.30989E-04
    -17.731615273660    -17.731615273660         0.41971E-04
    -17.730505747370    -17.730505747370         0.12642E-03
    -17.730502384586    -17.730502384586         0.17136E-03
    -17.730502748551    -17.730502748551         0.12196E-03
    -17.730505707230    -17.730505707230         0.14019E-03
    -17.730505540836    -17.730505540836         0.40644E-04
    -17.730503331963    -17.730503331963         0.15116E-03
    -17.730505362170    -17.730505362170         0.14573E-03
    -17.730505668913    -17.730505668913         0.31163E-04
    -17.730505614802    -17.730505614802         0.17803E-03
    -17.730505597243    -17.730505597243         0.16580E-03
    -17.730505390426    -17.730505390426         0.19231E-03
    -17.730502564298    -17.730502564298         0.15358E-03
    -17.730505598360    -17.730505598360         0.71151E-04
    -17.730503339738    -17.730503339738         0.28721E-04
    -17.730503285345    -17.730503285345         0.24333E-04
    -17.730503254501    -17.730503254501         0.78656E-04
    -17.730503130039    -17.730503130039         0.15494E-03
    -17.730324200274    -17.730324200274         0.15259E-03
    -17.730324017659    -17.730324017659         0.19271E-03
    -17.730502921002    -17.730502921002         0.17449E-03
    -17.730324053350    -17.730324053350         0.19319E-03
    -17.730324238095    -17.730324238095         0.10116E-03
    -17.730324278541    -17.730324278541         0.12401E-04
    -17.730324245476    -17.730324245476         0.96942E-04
    -17.730324280712    -17.730324280712         0.17092E-04
    -17.730324280566    -17.730324280566         0.20758E-04
    -17.730324225488    -17.730324225488         0.11234E-03
    -17.730308113594    -17.730308113594         0.12368E-03
    -17.730308216745    -17.730308216745         0.95335E-04
    -17.730308281983    -17.730308281983         0.31583E-04
    -17.730308206090    -17.730308206090         0.16046E-03
    -17.730308400720    -17.730308400720         0.17497E-03
    -17.730308526464    -17.730308526464         0.13334E-03
    -17.730308401564    -17.730308401564         0.25933E-04
    -17.730308566909    -17.730308566909         0.25097E-04
    -17.730308605804    -17.730308605804         0.29792E-04
    -17.729897945798    -17.729897945798         0.15833E-03
    -17.729898206602    -17.729898206602         0.27846E-04
    -17.729889937254    -17.729889937254         0.82560E-04
    -17.729898218066    -17.729898218066         0.28415E-04
    -17.729898163646    -17.729898163646         0.11272E-03
    -17.729897992222    -17.729897992222         0.14522E-03
    -17.729898221693    -17.729898221693         0.57640E-04
    -17.729890170633    -17.729890170633         0.83233E-04
    -17.729890209028    -17.729890209028         0.83148E-04
    -17.729898159442    -17.729898159442         0.10496E-03
    -17.729898191021    -17.729898191021         0.32024E-04
    -17.729898152156    -17.729898152156         0.32449E-04
    -17.729890051537    -17.729890051537         0.15441E-03
    -17.729890059452    -17.729890059452         0.16288E-03
    -17.729889806249    -17.729889806249         0.18903E-03
    -17.729890020863    -17.729890020863         0.18375E-03
    -17.729890377518    -17.729890377518         0.81818E-04
    -17.729890308862    -17.729890308862         0.82581E-04
    -17.729238923427    -17.729238923427         0.85864E-04
    -17.729238991530    -17.729238991530         0.12920E-03
    -17.729238989124    -17.729238989124         0.48053E-04
    -17.729238980331    -17.729238980331         0.11890E-03
    -17.729238942492    -17.729238942492         0.18398E-03
    -17.729238946930    -17.729238946930         0.94685E-04
    -17.729238914834    -17.729238914834         0.45022E-04
    -17.729239126213    -17.729239126213         0.42445E-04
    -17.729238975526    -17.729238975526         0.60829E-04
