  14
 Etot=         -17.7136214372
 C          2.1862688070        0.4703730863        0.0944072968
 C          1.2376845483       -0.6626574843       -0.2759595891
 C         -0.1430774580       -0.5418956986        0.3788838069
 H         -0.0408265874       -0.5484173042        1.4693150189
 C         -1.0543825750       -1.6879630284       -0.0436971432
 Cl        -0.9307854002        1.0053686950       -0.0567342530
 H          3.1518766401        0.3273923701       -0.4018759161
 H          2.3714999345        0.5081971720        1.1723190594
 H          1.7838982889        1.4373688693       -0.2218775777
 H          1.7017356367       -1.6216943428       -0.0150115265
 H          1.1168792890       -0.6592549657       -1.3664679623
 H         -2.0407638814       -1.6002689190        0.4251478862
 H         -1.2033667452       -1.6824921096       -1.1291388902
 H         -0.6329749990       -2.6607685900        0.2324151424
  14
 Etot=         -17.7147729681
 C          2.1867262285        0.4714366894        0.0972297149
 C          1.2360452378       -0.6531102144       -0.2944085810
 C         -0.1327912281       -0.5628104039        0.3734033979
 H         -0.0242016355       -0.5363127545        1.4619344335
 C         -1.0581981500       -1.6934003833       -0.0456336374
 Cl        -0.9080273702        0.9947755512       -0.0667404604
 H          3.1493038849        0.3336726804       -0.3934902185
 H          2.3517185128        0.4921738516        1.1740870062
 H          1.7847480541        1.4367408451       -0.2055685017
 H          1.6733818509       -1.6125796650       -0.0080321936
 H          1.1037483543       -0.6550322172       -1.3804791521
 H         -2.0328266215       -1.5950282965        0.4316861429
 H         -1.2019023296       -1.6884151101       -1.1261350164
 H         -0.6240592901       -2.6488228226        0.2438724182
  14
 Etot=         -17.7149462259
 C          2.1846605832        0.4671029613        0.1004055944
 C          1.2354325308       -0.6537877706       -0.3049259193
 C         -0.1297465004       -0.5612176072        0.3650191738
 H         -0.0178177119       -0.5229567837        1.4519947223
 C         -1.0537210407       -1.6944741201       -0.0427705916
 Cl        -0.9173636273        1.0003389769       -0.0726243210
 H          3.1469632981        0.3323554637       -0.3854610036
 H          2.3368394428        0.4732798551        1.1775655638
 H          1.7841737243        1.4339130694       -0.1938966529
 H          1.6670667147       -1.6144922632       -0.0180371691
 H          1.1011532520       -0.6490142685       -1.3882576009
 H         -2.0227878847       -1.5909131920        0.4379967026
 H         -1.1974293662       -1.6944700135       -1.1203341538
 H         -0.6137579162       -2.6423765575        0.2550510077
  14
 Etot=         -17.7150169514
 C          2.1853970410        0.4636599448        0.1043415639
 C          1.2341808625       -0.6516824180       -0.3134304832
 C         -0.1285421503       -0.5600221780        0.3596258329
 H         -0.0142476778       -0.5109993068        1.4453892381
 C         -1.0522354378       -1.6966805145       -0.0378046014
 Cl        -0.9252063508        1.0044020717       -0.0852781601
 H          3.1491075701        0.3325853745       -0.3778856193
 H          2.3300439298        0.4567901139        1.1819952078
 H          1.7860518881        1.4332423454       -0.1816592302
 H          1.6641452727       -1.6148830854       -0.0344542635
 H          1.1005439014       -0.6374579652       -1.3956992716
 H         -2.0195931209       -1.5898870456        0.4436350750
 H         -1.1963552747       -1.7052614742       -1.1144728968
 H         -0.6096249549       -2.6405181126        0.2674229607
  14
 Etot=         -17.7150529656
 C          2.1863387834        0.4612368650        0.1087177325
 C          1.2331548427       -0.6491193584       -0.3192863560
 C         -0.1279493225       -0.5594542177        0.3559121331
 H         -0.0131746373       -0.5015363689        1.4407356135
 C         -1.0514637964       -1.6988489694       -0.0330638888
 Cl        -0.9304865075        1.0056327665       -0.0991131617
 H          3.1509773322        0.3327942681       -0.3727778425
 H          2.3295507027        0.4452347891        1.1863869726
 H          1.7886701257        1.4339513085       -0.1701443271
 H          1.6626549957       -1.6159072748       -0.0509395599
 H          1.0994858831       -0.6244547529       -1.4015554298
 H         -2.0191038753       -1.5889948392        0.4477756517
 H         -1.1961461573       -1.7163771549       -1.1099627197
 H         -0.6088428710       -2.6408693110        0.2790405346
