  13
 Etot=         -20.9620024018
 C         -1.3467104532       -1.2620221891        0.0406365540
 C         -0.6649602782        0.0170889060        0.4937231962
 C         -1.3578388801        1.2577591625       -0.0447455196
 N          0.7134802395        0.0059316016       -0.0067078717
 O          0.8833131421       -0.0534258846       -1.2390257990
 O          1.6386131276        0.0370081804        0.8273888766
 H         -0.8331453196       -2.1420903240        0.4383260452
 H         -2.3908661813       -1.2949075609        0.3709384882
 H         -1.3467609341       -1.3315774985       -1.0534292833
 H         -0.6268193593        0.0550485780        1.5868756712
 H         -0.8462864686        2.1628950354        0.2967514524
 H         -2.3982233848        1.3037187787        0.2937567640
 H         -1.3526561027        1.2722548236       -1.1402422173
  13
 Etot=         -20.9650324675
 C         -1.3505835450       -1.2672168816        0.0333090847
 C         -0.6709153595        0.0145469031        0.4933942066
 C         -1.3545114275        1.2621467235       -0.0496645655
 N          0.7072180225       -0.0052047154       -0.0043340765
 O          0.8842327434       -0.0366312233       -1.2126220392
 O          1.6169119475        0.0459976319        0.8124251248
 H         -0.8423959460       -2.1426586373        0.4351893365
 H         -2.3827396962       -1.2777235713        0.3769510103
 H         -1.3454466777       -1.3290795819       -1.0551321652
 H         -0.6069758797        0.0522922174        1.5846947935
 H         -0.8483335190        2.1638693110        0.2945450737
 H         -2.3852681842        1.2917752711        0.2950575266
 H         -1.3500533313        1.2555681617       -1.1395669535
  13
 Etot=         -20.9647053292
 C         -1.3480546086       -1.2623169318        0.0284692600
 C         -0.6706788294        0.0225749389        0.4942354665
 C         -1.3637024753        1.2667225425       -0.0498105218
 N          0.7093682056        0.0256362338       -0.0067116499
 O          0.8883501433       -0.0769571010       -1.1973329558
 O          1.6092257890        0.0167094373        0.8045837722
 H         -0.8378841783       -2.1337019529        0.4295841911
 H         -2.3747969405       -1.2703240144        0.3755120329
 H         -1.3372919767       -1.3152664087       -1.0565786103
 H         -0.5935678275        0.0569728659        1.5844713930
 H         -0.8650714421        2.1677513721        0.2973501211
 H         -2.3908193274        1.2798942128        0.2965909750
 H         -1.3539373850        1.2499864145       -1.1361171171
  13
 Etot=         -20.9653491455
 C         -1.3539036519       -1.2646170910        0.0311894355
 C         -0.6691018436        0.0163027884        0.4952235494
 C         -1.3596304087        1.2617751595       -0.0501462296
 N          0.7120609382        0.0012160513       -0.0065220116
 O          0.8898697921       -0.0456359503       -1.2031427887
 O          1.6136472474        0.0412652789        0.8056631546
 H         -0.8473536125       -2.1386307587        0.4328359118
 H         -2.3824648062       -1.2684270940        0.3760889359
 H         -1.3423777605       -1.3181390498       -1.0544294508
 H         -0.5949620285        0.0523432813        1.5854537183
 H         -0.8577352595        2.1620952846        0.2952426972
 H         -2.3883654500        1.2822778688        0.2937810474
 H         -1.3485440088        1.2458558400       -1.1369916124
  13
 Etot=         -20.9653607377
 C         -1.3537809038       -1.2652300721        0.0317927154
 C         -0.6692914847        0.0158473665        0.4959093024
 C         -1.3587243562        1.2618001436       -0.0497174334
 N          0.7121940427        0.0029320750       -0.0073486970
 O          0.8886557586       -0.0450393712       -1.2060370713
 O          1.6146196263        0.0421570500        0.8066765740
 H         -0.8491104097       -2.1405128359        0.4340158012
 H         -2.3831727612       -1.2680883895        0.3752031981
 H         -1.3419345418       -1.3194234107       -1.0541969995
 H         -0.5951018091        0.0518007381        1.5859774136
 H         -0.8580793433        2.1632186738        0.2960384359
 H         -2.3881823610        1.2816881616        0.2928702555
 H         -1.3469523094        1.2465314796       -1.1369371380
