  8
 Etot=         -10.9137815352
 C         -2.1858033148       -0.4203870993        0.0000796988
 C         -1.1679863931        0.6953757398        0.0000519983
 Br         0.6286153539       -0.0478544805        0.0000042853
 H         -3.2001237631       -0.0081323877       -0.0009599541
 H         -2.0792939861       -1.0575274274       -0.8845348869
 H         -2.0807833985       -1.0565657962        0.8844961634
 H         -1.2544866496        1.3196841752        0.8927275739
 H         -1.2540489753        1.3193633583       -0.8936379278
  8
 Etot=         -10.9141765362
 C         -2.2045391250       -0.4277444203       -0.0001513947
 C         -1.1701365302        0.6752667473       -0.0002311024
 Br         0.6745730600        0.0036437862        0.0003997038
 H         -3.2039122194        0.0072936560       -0.0009660635
 H         -2.0998091029       -1.0575041507       -0.8834635725
 H         -2.1006825706       -1.0567217061        0.8835245383
 H         -1.2447372021        1.3000014449        0.8898521436
 H         -1.2446674363        1.2997207248       -0.8907373017
  8
 Etot=         -10.9143644608
 C         -2.2001909179       -0.4306837744       -0.0002724223
 C         -1.1793431235        0.6842953917       -0.0002905405
 Br         0.6664059249       -0.0199242856        0.0004104662
 H         -3.1937405846        0.0085901494       -0.0009186552
 H         -2.0907555242       -1.0547810566       -0.8832742392
 H         -2.0913893546       -1.0541443794        0.8833986103
 H         -1.2526099570        1.3055289050        0.8907845725
 H         -1.2522875896        1.3050751320       -0.8916108409
  8
 Etot=         -10.9143758057
 C         -2.2002953433       -0.4302675883       -0.0002667965
 C         -1.1818886290        0.6872668024       -0.0002661329
 Br         0.6652477020       -0.0222951287        0.0003822905
 H         -3.1960102632        0.0054099214       -0.0007848666
 H         -2.0897530000       -1.0548105597       -0.8831598527
 H         -2.0904098150       -1.0541924345        0.8832017507
 H         -1.2506900211        1.3066753702        0.8920794293
 H         -1.2501117570        1.3061696995       -0.8929588710
