  14
 Etot=         -13.6648945475
 C          1.9306915965       -0.1344532439        0.0003356070
 C          0.5588252081        0.5204624839        0.0003773798
 C         -0.5594028357       -0.5208218293        0.0005227866
 C         -1.9300437438        0.1347523129        0.0003102201
 H          2.7250073824        0.6183842457        0.0007185031
 H          2.0608426243       -0.7715870789        0.8810467890
 H          2.0531076968       -0.7583537017       -0.8912548356
 H          0.4674382670        1.1651171232        0.8828873361
 H          0.4677124858        1.1646894752       -0.8822567775
 H         -0.4685123034       -1.1646351353       -0.8822010310
 H         -0.4677139606       -1.1649137829        0.8823508342
 H         -2.7249356824       -0.6182202143        0.0007334337
 H         -2.0525983974        0.7582472162       -0.8909021353
 H         -2.0611849236        0.7719901122        0.8804556503
  14
 Etot=         -13.6651934335
 C          1.9378233181       -0.1373663940       -0.0018928283
 C          0.5624641036        0.5153441892        0.0007629952
 C         -0.5626500177       -0.5151691116        0.0008909257
 C         -1.9377400327        0.1375035995       -0.0020283263
 H          2.7249033904        0.6151886149        0.0007118952
 H          2.0647061816       -0.7678642978        0.8772542461
 H          2.0635948055       -0.7603569849       -0.8870601054
 H          0.4623698823        1.1545744651        0.8825402510
 H          0.4623603701        1.1547146318       -0.8807267278
 H         -0.4624654109       -1.1547551829       -0.8803996021
 H         -0.4624625106       -1.1544052639        0.8823531585
 H         -2.7251057541       -0.6150571589        0.0006250136
 H         -2.0635141246        0.7604901610       -0.8870582763
 H         -2.0650507868        0.7678167156        0.8771511414
  14
 Etot=         -13.6652165438
 C          1.9374858048       -0.1383724136       -0.0020318416
 C          0.5621654454        0.5164773478        0.0000624812
 C         -0.5622629457       -0.5163715081        0.0001066512
 C         -1.9375403051        0.1384690044       -0.0021084964
 H          2.7209822611        0.6153499670        0.0007718333
 H          2.0623047670       -0.7665745450        0.8772232912
 H          2.0624960981       -0.7603089253       -0.8857998899
 H          0.4637020951        1.1537361989        0.8821596377
 H          0.4624132691        1.1552286348       -0.8808152039
 H         -0.4624689063       -1.1552494132       -0.8807211289
 H         -0.4638817928       -1.1535050239        0.8823140307
 H         -2.7211250289       -0.6152209363        0.0005685913
 H         -2.0624996151        0.7604482449       -0.8858582981
 H         -2.0625377326        0.7665513506        0.8772521026
