    -13.665218117151    -13.665218117151         0.17787E-03
    -13.665218194761    -13.665218194761         0.22944E-04
    -13.665218196676    -13.665218196676         0.19014E-04
    -13.665218194213    -13.665218194213         0.74698E-05
    -13.665218194159    -13.665218194159         0.27091E-04
    -13.665218196356    -13.665218196356         0.40605E-05
    -13.665218185358    -13.665218185358         0.31077E-04
    -13.665218194182    -13.665218194182         0.61474E-05
    -13.665218192424    -13.665218192424         0.20085E-04
    -13.664242800028    -13.664242800028         0.12639E-03
    -13.664242895679    -13.664242895679         0.13858E-03
    -13.664242885392    -13.664242885392         0.88613E-04
    -13.664242867571    -13.664242867571         0.12899E-03
    -13.664242790654    -13.664242790654         0.18959E-03
    -13.664242812756    -13.664242812756         0.15168E-03
    -13.664242706315    -13.664242706315         0.12565E-03
    -13.664242829673    -13.664242829673         0.18801E-03
    -13.664242886098    -13.664242886098         0.87939E-04
    -13.664242922045    -13.664242922045         0.34902E-04
    -13.664242882426    -13.664242882426         0.93179E-04
    -13.664242840752    -13.664242840752         0.15495E-03
    -13.664242845787    -13.664242845787         0.14853E-03
    -13.664242862818    -13.664242862818         0.12235E-03
    -13.664242899158    -13.664242899158         0.39532E-04
    -13.664242847897    -13.664242847897         0.92592E-04
    -13.664242908348    -13.664242908348         0.17254E-04
    -13.664242934132    -13.664242934132         0.14791E-04
