  13
 Etot=         -20.9581293947
 C         -2.7584445343       -0.0015033175       -0.0160852978
 C         -1.3211050686        0.0058438818        0.4850027973
 C         -0.3091788543       -0.0077108544       -0.6497635250
 N          1.0456283148        0.0005234058       -0.0962766403
 O          1.5873347350       -1.0998329992        0.1381821752
 O          1.5823518816        1.1039642552        0.1300684604
 H         -3.4646695307        0.0082516512        0.8196587389
 H         -2.9469030425        0.8848144529       -0.6305103955
 H         -2.9620379412       -0.8851746339       -0.6286216063
 H         -1.1632478398       -0.8773656295        1.1150131578
 H         -1.1654063353        0.8888955919        1.1162932072
 H         -0.4210148359       -0.9131588532       -1.2526380017
 H         -0.4241313067        0.8610478375       -1.3043574976
  13
 Etot=         -20.9615319144
 C         -2.7468478315        0.0027254778       -0.0264351774
 C         -1.3169849921        0.0018203174        0.4977053064
 C         -0.3153748010       -0.0120667593       -0.6572113869
 N          1.0359030654       -0.0006987008       -0.1145819376
 O          1.5623099078       -1.0755131517        0.1426184287
 O          1.5505072004        1.0806191083        0.1371611866
 H         -3.4421401712        0.0092921937        0.8096314786
 H         -2.9391606200        0.8840690203       -0.6367857602
 H         -2.9445140050       -0.8827757208       -0.6278092884
 H         -1.1527928883       -0.8794621422        1.1244265264
 H         -1.1516298300        0.8906495907        1.1129814581
 H         -0.4279042017       -0.9237426805       -1.2490495612
 H         -0.4321951910        0.8736782356       -1.2866857004
  13
 Etot=         -20.9612366551
 C         -2.7459003696        0.0031353467       -0.0323069679
 C         -1.3220422393        0.0012479725        0.5080141515
 C         -0.3165341787       -0.0141917211       -0.6510401212
 N          1.0204226412       -0.0019696657       -0.0828883786
 O          1.5682181934       -1.0633700913        0.1106095583
 O          1.5528667340        1.0676235937        0.1051739352
 H         -3.4451276261        0.0093668027        0.7968081187
 H         -2.9272090986        0.8819921587       -0.6427748142
 H         -2.9304993749       -0.8828108739       -0.6315764539
 H         -1.1587908552       -0.8786851468        1.1325309509
 H         -1.1521857070        0.8926184773        1.1143933939
 H         -0.4297391247       -0.9277198179       -1.2370424676
 H         -0.4343033526        0.8813577537       -1.2639353322
  13
 Etot=         -20.9619259526
 C         -2.7453634213        0.0022363081       -0.0274846357
 C         -1.3177815029        0.0020047478        0.5027597463
 C         -0.3144228567       -0.0137592623       -0.6590100828
 N          1.0313248780       -0.0022233479       -0.1085294240
 O          1.5590232926       -1.0673342220        0.1338777144
 O          1.5438895383        1.0713601477        0.1281050596
 H         -3.4458860382        0.0093995954        0.8021289138
 H         -2.9257756450        0.8815830934       -0.6387105344
 H         -2.9310119603       -0.8834671335       -0.6281561870
 H         -1.1542522043       -0.8777900890        1.1276249946
 H         -1.1469900215        0.8925609396        1.1104871753
 H         -0.4343878378       -0.9258847003       -1.2449402199
 H         -0.4391905789        0.8799087115       -1.2721869476
  13
 Etot=         -20.9619381867
 C         -2.7446468093        0.0023216502       -0.0278296943
 C         -1.3171265046        0.0018367405        0.5029525159
 C         -0.3146760466       -0.0136257115       -0.6601315770
 N          1.0303612999       -0.0024434551       -0.1070169330
 O          1.5584789840       -1.0696873645        0.1345377413
 O          1.5429751299        1.0733476927        0.1294215531
 H         -3.4446856678        0.0097085994        0.8023111831
 H         -2.9265593393        0.8816435643       -0.6395566664
 H         -2.9313397888       -0.8839781786       -0.6278735331
 H         -1.1525653193       -0.8777493462        1.1283069773
 H         -1.1459320904        0.8926152630        1.1104718700
 H         -0.4353412110       -0.9252028772       -1.2464780376
 H         -0.4397669949        0.8798082114       -1.2731498266
