  12
 Etot=         -39.7201177453
 C          0.2127325284       -0.2701907710       -0.3277057777
 H         -0.0569542318       -0.1230901929       -1.3790232708
 C          1.3803320368        0.6252554697        0.0298517951
 F          1.0743253942        1.9273479333       -0.1553620029
 F          2.4470746499        0.3484540445       -0.7534720004
 F          1.7635834060        0.4646622642        1.3137806134
 O         -0.8752503196        0.0555204783        0.5354596204
 C         -2.1405816963       -0.1721314646       -0.0613159654
 F         -2.2271121332        0.6218114813       -1.1563908862
 F         -3.1060627795        0.2334710820        0.7981483167
 Cl         0.6733284187       -1.9758730771       -0.0957116039
 H         -2.3006661251       -1.2146868303       -0.3543966457
  12
 Etot=         -39.7232244870
 C          0.1991834099       -0.2722137241       -0.3390412860
 H         -0.0442320244       -0.1198173213       -1.3970071492
 C          1.3756591216        0.6180320106        0.0385596651
 F          1.0806118987        1.9137982196       -0.1449415148
 F          2.4457179011        0.3513129965       -0.7286451729
 F          1.7548003541        0.4695323743        1.3150168122
 O         -0.8761929265        0.0699735087        0.5030060499
 C         -2.1303044447       -0.1648644987       -0.0666284921
 F         -2.2714670988        0.6123792693       -1.1662874189
 F         -3.0605321235        0.2313766388        0.8152774399
 Cl         0.6731838909       -1.9747246738       -0.0948744473
 H         -2.3016788099       -1.2142343823       -0.3405722933
  12
 Etot=         -39.7244481167
 C          0.1889027495       -0.2646717275       -0.3506214372
 H         -0.0189148441       -0.1112847757       -1.4179816205
 C          1.3788892637        0.6157302537        0.0467819206
 F          1.0945763376        1.9068520255       -0.1325807724
 F          2.4516018768        0.3513436412       -0.7030689300
 F          1.7411007046        0.4670891067        1.3172497946
 O         -0.8788210369        0.0930513367        0.4611219294
 C         -2.1233715263       -0.1634351750       -0.0655941735
 F         -2.3232663750        0.5879976174       -1.1767943997
 F         -3.0199719298        0.2311462446        0.8360761018
 Cl         0.6566876600       -1.9726818465       -0.0992259416
 H         -2.3026637319       -1.2205862836       -0.3215002791
  12
 Etot=         -39.7246656700
 C          0.1895682791       -0.2537612535       -0.3617609966
 H         -0.0021151326       -0.1024879239       -1.4329641246
 C          1.3855168329        0.6165539852        0.0503546055
 F          1.1101029739        1.9098533047       -0.1283267654
 F          2.4621894823        0.3449114562       -0.6895444672
 F          1.7303973443        0.4594852101        1.3237665877
 O         -0.8785575477        0.1143519043        0.4389247188
 C         -2.1254702681       -0.1669877966       -0.0618437361
 F         -2.3564229232        0.5677170388       -1.1822195756
 F         -3.0119482535        0.2286346845        0.8492228076
 Cl         0.6401708617       -1.9690621213       -0.1049476485
 H         -2.2986825007       -1.2286580711       -0.3067992131
  12
 Etot=         -39.7248897978
 C          0.1901696286       -0.2311151403       -0.3816428598
 H          0.0210839638       -0.0838352516       -1.4569523877
 C          1.3964776931        0.6172614224        0.0551381870
 F          1.1431119952        1.9170634674       -0.1230243780
 F          2.4806934156        0.3283774627       -0.6670203460
 F          1.7106293668        0.4441396445        1.3355092359
 O         -0.8787042723        0.1594782353        0.4037700341
 C         -2.1284244577       -0.1744104603       -0.0555690402
 F         -2.4120522708        0.5314587052       -1.1894615667
 F         -3.0041682874        0.2174018969        0.8689010781
 Cl         0.6042335533       -1.9608786652       -0.1153485035
 H         -2.2783011798       -1.2443908997       -0.2804372607
  12
 Etot=         -39.7249879404
 C          0.1882537378       -0.2148927520       -0.3925530070
 H          0.0303045698       -0.0687392662       -1.4689589782
 C          1.4015308079        0.6163371418        0.0572246324
 F          1.1669886323        1.9209199139       -0.1197784933
 F          2.4892362502        0.3147715902       -0.6546274996
 F          1.6991648370        0.4340930667        1.3409619324
 O         -0.8809039007        0.1909247751        0.3846302314
 C         -2.1284300939       -0.1787951897       -0.0522196908
 F         -2.4417513056        0.5071221471       -1.1921882533
 F         -3.0023128427        0.2064917981        0.8765557426
 Cl         0.5773794250       -1.9533087472       -0.1222246139
 H         -2.2547109687       -1.2543740604       -0.2629598100
  12
 Etot=         -39.7250934469
 C          0.1845181388       -0.1959472891       -0.4028523618
 H          0.0356928879       -0.0487203595       -1.4793880603
 C          1.4049436782        0.6138178499        0.0590008096
 F          1.1950618591        1.9236218581       -0.1157145719
 F          2.4948206668        0.2969319732       -0.6429636519
 F          1.6879037373        0.4231874023        1.3451178632
 O         -0.8853075986        0.2257720642        0.3666046185
 C         -2.1269049219       -0.1825772304       -0.0496130080
 F         -2.4688987556        0.4778769005       -1.1940378738
 F         -3.0027629337        0.1926585514        0.8807526514
 Cl         0.5463931709       -1.9417694715       -0.1304331677
 H         -2.2207107807       -1.2643018317       -0.2426110548
  12
 Etot=         -39.7251525877
 C          0.1821601281       -0.1854151869       -0.4079963704
 H          0.0364245352       -0.0343923134       -1.4843487815
 C          1.4055606004        0.6114655433        0.0602444171
 F          1.2114815273        1.9234551115       -0.1122964045
 F          2.4958468041        0.2856224063       -0.6369500232
 F          1.6822418019        0.4173756960        1.3469048292
 O         -0.8886709994        0.2429168183        0.3581560336
 C         -2.1256788885       -0.1837204402       -0.0495462960
 F         -2.4816004499        0.4575345740       -1.1962488882
 F         -3.0031882229        0.1866516828        0.8813832180
 Cl         0.5312893717       -1.9322623935       -0.1368797876
 H         -2.2011170595       -1.2686810808       -0.2285597539
  12
 Etot=         -39.7251792895
 C          0.1814093154       -0.1775156939       -0.4132395485
 H          0.0386646943       -0.0210061385       -1.4899073785
 C          1.4069552270        0.6103095015        0.0620407067
 F          1.2252902992        1.9235062875       -0.1085947977
 F          2.4984142598        0.2773028833       -0.6303062072
 F          1.6767486492        0.4125790983        1.3495949940
 O         -0.8904437844        0.2547794332        0.3503924516
 C         -2.1256927557       -0.1852246422       -0.0497898848
 F         -2.4942331168        0.4371998952       -1.2007732916
 F         -3.0017624684        0.1860877007        0.8831432393
 Cl         0.5215520678       -1.9241760519       -0.1451585723
 H         -2.1921532389       -1.2732918557       -0.2135395183
