  12
 Etot=         -20.6756824529
 C         -0.1375519469       -1.2021710300        0.0003199690
 C         -1.5221735604       -1.1496679098       -0.0003202411
 N         -2.2359501131       -0.0005932617        0.0003769247
 C         -1.5235109061        1.1485834243       -0.0001894722
 C         -0.1393123360        1.2030648952        0.0001067888
 C          0.5599619301        0.0004676370       -0.0004725014
 C          1.9882786179        0.0001539537        0.0001114415
 N          3.1506903324        0.0001794320        0.0000394968
 H          0.3730609095       -2.1598992110       -0.0001719878
 H         -2.1132806791       -2.0588276164       -0.0003653941
 H         -2.1152721482        2.0583084049       -0.0004926533
 H          0.3706804797        2.1610336552        0.0005342328
  12
 Etot=         -20.6778831567
 C         -0.1376188540       -1.2008031233       -0.0000460876
 C         -1.5203849418       -1.1391204514       -0.0001732645
 N         -2.2129583217       -0.0007054274       -0.0001463681
 C         -1.5214788515        1.1381251027       -0.0001412122
 C         -0.1389250334        1.2016279253        0.0001254675
 C          0.5676385725        0.0006428432        0.0001382353
 C          1.9866366235        0.0007851780        0.0004637421
 N          3.1305092651        0.0000463402       -0.0002437500
 H          0.3709879045       -2.1532117723       -0.0002006039
 H         -2.1180549992       -2.0401515141       -0.0002626121
 H         -2.1197677095        2.0390693519       -0.0001680101
 H          0.3690369253        2.1543279206        0.0001310673
  12
 Etot=         -20.6781047112
 C         -0.1390613422       -1.2014998054       -0.0001102249
 C         -1.5223928917       -1.1358083424       -0.0001681739
 N         -2.2034720557       -0.0006369768       -0.0001371359
 C         -1.5231585587        1.1349637335       -0.0000628801
 C         -0.1398898712        1.2018917325        0.0000709809
 C          0.5693259348        0.0004230602        0.0001578816
 C          1.9849163718        0.0003545368       -0.0000044593
 N          3.1317370353        0.0014379501        0.0001170914
 H          0.3721416414       -2.1502277072       -0.0001416577
 H         -2.1220087939       -2.0347080985       -0.0002422648
 H         -2.1232850194        2.0335499360       -0.0001396628
 H          0.3707681294        2.1508923547        0.0001371090
  12
 Etot=         -20.6781194968
 C         -0.1392659667       -1.2023772465       -0.0000560756
 C         -1.5233965258       -1.1367439425       -0.0001980424
 N         -2.2024914026       -0.0006977503       -0.0002593735
 C         -1.5244401323        1.1359612159       -0.0001192151
 C         -0.1403822618        1.2030050858        0.0000662646
 C          0.5686036173        0.0006578326        0.0001208823
 C          1.9835193036        0.0013533273        0.0006077143
 N          3.1307490516       -0.0002955318       -0.0004767511
 H          0.3752429348       -2.1494557116        0.0000020444
 H         -2.1220190629       -2.0365783534       -0.0003220801
 H         -2.1238131089        2.0352936145       -0.0001454288
 H          0.3733141336        2.1505098334        0.0002566645
