  12
 Etot=         -29.0230085393
 C          0.1123490959        1.4263066607        0.0001611474
 O          0.2094350088        2.6542484970        0.0005759579
 N          1.2189224276        0.5818558837       -0.0004279302
 C          1.1796825037       -0.8110590608        0.0000029115
 O          2.1944644579       -1.5082818216       -0.0000818880
 N         -0.1061286184       -1.3463556570        0.0005619251
 C         -1.2916789048       -0.6162905354       -0.0000989816
 O         -2.4037622114       -1.1457125625        0.0000918251
 N         -1.1132366621        0.7651503458       -0.0007754117
 H          2.1364456368        1.0183707186       -0.0014074884
 H         -0.1860712746       -2.3591071963        0.0012628327
 H         -1.9506017756        1.3400900018       -0.0010175787
  12
 Etot=         -29.0273910140
 C          0.1111191567        1.4105053730       -0.0002619881
 O          0.2065755767        2.6169740526        0.0003584373
 N          1.2083655764        0.5765432638       -0.0004821167
 C          1.1662811304       -0.8018428274       -0.0000744846
 O          2.1634002305       -1.4870862206       -0.0000184700
 N         -0.1051650728       -1.3347832667        0.0004739274
 C         -1.2771665917       -0.6092678139       -0.0000110124
 O         -2.3696489978       -1.1296753490        0.0001859919
 N         -1.1035463078        0.7585526764       -0.0007332400
 H          2.1256048487        1.0133179960       -0.0009361520
 H         -0.1849690070       -2.3476450432        0.0010849083
 H         -1.9410308586        1.3336224329       -0.0007384800
  12
 Etot=         -29.0274805770
 C          0.1109700884        1.4085098321       -0.0002569492
 O          0.2062857669        2.6124111554        0.0000255547
 N          1.2048592344        0.5746826514       -0.0004338914
 C          1.1644570661       -0.8005684066       -0.0000200861
 O          2.1595340193       -1.4846026828       -0.0000503180
 N         -0.1048524408       -1.3308895599        0.0004341836
 C         -1.2753549349       -0.6083044352        0.0000645748
 O         -2.3655128658       -1.1278035785        0.0002344230
 N         -1.1002764379        0.7563197718       -0.0005965268
 H          2.1217419778        1.0116549839       -0.0007304859
 H         -0.1844360816       -2.3435582983        0.0008638858
 H         -1.9375957080        1.3313638406       -0.0006870434
  12
 Etot=         -29.0274837844
 C          0.1110140063        1.4089778382       -0.0004144319
 O          0.2064354631        2.6131315792       -0.0002540330
 N          1.2040254983        0.5741567936       -0.0004257380
 C          1.1647314991       -0.8007484625       -0.0000627103
 O          2.1600342542       -1.4851333205        0.0000461451
 N         -0.1047955325       -1.3299530495        0.0003169964
 C         -1.2758008636       -0.6084489061        0.0000351394
 O         -2.3661871326       -1.1281808337        0.0003292303
 N         -1.0994492216        0.7557472873       -0.0005102244
 H          2.1208493749        1.0114778668       -0.0004570839
 H         -0.1842010412       -2.3427288451        0.0007085659
 H         -1.9368366206        1.3309173262       -0.0004645345
