  11
 Etot=         -20.2046789717
 C          1.6464872978        1.2068966271       -0.0002085583
 C          0.2554141458        1.2187353753        0.0003657756
 C         -0.4438746910        0.0171278503       -0.0003260503
 C          0.2875303927       -1.1597239042        0.0004167475
 N          1.6392899725       -1.2106705787       -0.0002722334
 C          2.2847425960       -0.0225764356        0.0001945205
 Cl        -2.1583482117       -0.0079810259       -0.0000246794
 H          2.2123733466        2.1311605545       -0.0006235508
 H         -0.2694662631        2.1696924987        0.0000406188
 H         -0.1988658727       -2.1298844064       -0.0001056749
 H          3.3672418854       -0.0861159686        0.0000676169
  11
 Etot=         -20.2068169702
 C          1.6408455091        1.2027801126       -0.0001781833
 C          0.2551187612        1.2289584537       -0.0000548162
 C         -0.4296022085        0.0220484104       -0.0000193644
 C          0.2996898291       -1.1566463923       -0.0000953555
 N          1.6290622378       -1.1914908888       -0.0000948907
 C          2.2759804824       -0.0275076736       -0.0000997885
 Cl        -2.1505224108       -0.0127401247        0.0000530966
 H          2.2086979731        2.1191053076       -0.0001218900
 H         -0.2769365285        2.1701107079       -0.0000945392
 H         -0.1844426952       -2.1242428688        0.0002188928
 H          3.3546336486       -0.1037144576        0.0000113706
  11
 Etot=         -20.2071418731
 C          1.6403358334        1.2024813677       -0.0000011427
 C          0.2554913317        1.2346481321       -0.0000667516
 C         -0.4215999974        0.0238736701        0.0001217368
 C          0.3049288355       -1.1591233581        0.0002458640
 N          1.6239010841       -1.1812183874        0.0001007679
 C          2.2752924050       -0.0298359600        0.0000329633
 Cl        -2.1500372651       -0.0155018699        0.0000085950
 H          2.2098880810        2.1162966984       -0.0002200472
 H         -0.2838826937        2.1683988544       -0.0002245833
 H         -0.1844845390       -2.1228132399       -0.0002033159
 H          3.3526915227       -0.1105453211       -0.0002695541
  11
 Etot=         -20.2071683102
 C          1.6412384177        1.2030385810       -0.0001668685
 C          0.2560617967        1.2346943955       -0.0001035677
 C         -0.4201117705        0.0236482545       -0.0000700707
 C          0.3049515359       -1.1611904839       -0.0001702494
 N          1.6242522328       -1.1810012142       -0.0001297894
 C          2.2768058346       -0.0296965702       -0.0001861490
 Cl        -2.1517663803       -0.0148794228        0.0000576534
 H          2.2108146598        2.1173660202       -0.0001321845
 H         -0.2857689162        2.1668027949       -0.0000118533
 H         -0.1881174140       -2.1228426208        0.0003300474
 H          3.3541646015       -0.1092791476        0.0001075639
