  12
 Etot=         -14.5631014336
 C         -1.9530218485        0.1490326478       -0.0004683064
 C         -0.5889327610       -0.5176771550       -0.0004571809
 C          0.5393154822        0.5019765518        0.0000116276
 O          1.7819496544       -0.1871542878       -0.0000027171
 H         -2.7533152618       -0.5977848040       -0.0008509142
 H         -2.0702788533        0.7728541656        0.8913385722
 H         -2.0765605277        0.7871295283       -0.8804686279
 H         -0.4935211367       -1.1715685157       -0.8755432969
 H         -0.4936215549       -1.1716307638        0.8752102511
 H          0.4935796376        1.1367164689       -0.8905929256
 H          0.4931940244        1.1366022043        0.8917504303
 H          2.4786720839        0.4896491163        0.0000892966
  12
 Etot=         -14.5637128155
 C         -1.9547220527        0.1529671422        0.0021045094
 C         -0.5895488842       -0.5177108416       -0.0005822010
 C          0.5415810474        0.4986440850        0.0000033236
 O          1.7857649319       -0.1911802137       -0.0004485461
 H         -2.7445466318       -0.5954896120       -0.0011659936
 H         -2.0757554083        0.7751372289        0.8882215006
 H         -2.0759736051        0.7837667566       -0.8771669871
 H         -0.4799593227       -1.1563897605       -0.8816027939
 H         -0.4799260632       -1.1576381300        0.8795557644
 H          0.4685943301        1.1342285417       -0.8916291219
 H          0.4685295833        1.1329580186        0.8928991959
 H          2.4934210140        0.4688519417       -0.0001724416
  12
 Etot=         -14.5637980168
 C         -1.9552389957        0.1527736563        0.0024026788
 C         -0.5898579358       -0.5195421697       -0.0000843660
 C          0.5414591642        0.5017558326        0.0004092432
 O          1.7816757922       -0.1895060826       -0.0006053386
 H         -2.7408924784       -0.5967520566       -0.0010934642
 H         -2.0738780656        0.7737665050        0.8869032803
 H         -2.0731414569        0.7808684811       -0.8771088661
 H         -0.4800883249       -1.1531950897       -0.8822056464
 H         -0.4786609626       -1.1557995314        0.8799585144
 H          0.4629070737        1.1390469076       -0.8908456375
 H          0.4635138971        1.1374658862        0.8928363044
 H          2.4996612312        0.4572628183       -0.0005504934
  12
 Etot=         -14.5638142295
 C         -1.9565194103        0.1520131878        0.0023953840
 C         -0.5898644522       -0.5195653186       -0.0000482737
 C          0.5421749398        0.5034413740        0.0005569136
 O          1.7791875547       -0.1877783739       -0.0006326182
 H         -2.7414678943       -0.5981716529       -0.0006116193
 H         -2.0741316175        0.7731293161        0.8866202609
 H         -2.0736607240        0.7794288208       -0.8775548667
 H         -0.4799052118       -1.1520322642       -0.8821473526
 H         -0.4780133989       -1.1551415817        0.8795508775
 H          0.4626791474        1.1415459649       -0.8902652111
 H          0.4633834781        1.1397608565        0.8926412299
 H          2.5035965276        0.4515148282       -0.0004885154
