  10
 Etot=         -13.5376718637
 C         -1.2803335274        0.7006993504        0.0009298518
 C         -0.0003984797       -0.0895788432       -0.0006982139
 O         -0.0010071119       -1.3194293378       -0.0000732035
 C          1.2821483185        0.6983448081       -0.0008718164
 H         -1.5902436878        0.8937040502        1.0301994366
 H         -1.1296586493        1.6426308302       -0.5308982863
 H         -2.0655198295        0.1308007537       -0.5045986443
 H          1.5963420237        0.8912450417        1.0289926482
 H          1.1245311942        1.6538454795       -0.5063956133
 H          2.0636582698        0.1278121021       -0.5085091154
  10
 Etot=         -13.5385663857
 C         -1.2766814263        0.7005048565       -0.0089591176
 C         -0.0001283162       -0.0902630683       -0.0259182916
 O          0.0001417379       -1.3104199099       -0.0130341984
 C          1.2769406575        0.7000112829       -0.0090939950
 H         -1.5558240997        0.8933117422        1.0245389435
 H         -1.1562862664        1.6494909196       -0.5251809707
 H         -2.0754807502        0.1216131211       -0.4716245440
 H          1.5580639651        0.8897584671        1.0257678121
 H          1.1545855139        1.6541448617       -0.5155330253
 H          2.0741875049        0.1219219618       -0.4728855696
  10
 Etot=         -13.5387452521
 C         -1.2742308623        0.7005700764       -0.0131708804
 C         -0.0000269535       -0.0922055135       -0.0357583122
 O          0.0002855096       -1.3085994081       -0.0359148448
 C          1.2739307152        0.7007850741       -0.0124867271
 H         -1.5286209606        0.8979960690        1.0267381264
 H         -1.1669565442        1.6493328704       -0.5270716000
 H         -2.0831041552        0.1176328846       -0.4487780799
 H          1.5282016036        0.8956983649        1.0283591621
 H          1.1669395401        1.6502221607       -0.5254188211
 H          2.0831006279        0.1186416562       -0.4484209797
  10
 Etot=         -13.5388630688
 C         -1.2726375518        0.7003086953       -0.0138017587
 C          0.0000239214       -0.0946733168       -0.0563625592
 O          0.0000985664       -1.3100969383       -0.0697484002
 C          1.2722628703        0.7007202547       -0.0122238629
 H         -1.4957281884        0.9088635921        1.0336893091
 H         -1.1780321389        1.6444403348       -0.5357912149
 H         -2.0949681442        0.1140575521       -0.4183497758
 H          1.4944628893        0.9075465608        1.0354547904
 H          1.1785115108        1.6435661500       -0.5372251288
 H          2.0955247859        0.1153413501       -0.4175643555
  10
 Etot=         -13.5390479457
 C         -1.2702492968        0.6992298719       -0.0100651789
 C          0.0000692223       -0.0987543164       -0.0808110116
 O         -0.0003004523       -1.3140041999       -0.1382426280
 C          1.2699784789        0.6996636392       -0.0075994495
 H         -1.4482981542        0.9317331228        1.0443774719
 H         -1.1921508541        1.6325171277       -0.5525361353
 H         -2.1103359725        0.1080969019       -0.3687232914
 H          1.4463247116        0.9332067098        1.0456975464
 H          1.1931938718        1.6295910476       -0.5570797243
 H          2.1112869661        0.1087943302       -0.3669405559
  10
 Etot=         -13.5392156045
 C         -1.2671096125        0.6964458728        0.0021815553
 C          0.0001342739       -0.1032155756       -0.1175728559
 O         -0.0007519378       -1.3169780002       -0.2577801226
 C          1.2672295531        0.6965525545        0.0050145577
 H         -1.3812135208        0.9723624770        1.0597152916
 H         -1.2141825052        1.6090521906       -0.5805859310
 H         -2.1293645702        0.0972814138       -0.2888579673
 H          1.3781585730        0.9792396997        1.0596183087
 H          1.2158607759        1.6033359161       -0.5887841114
 H          2.1307574913        0.0959976862       -0.2848716816
  10
 Etot=         -13.5394106186
 C         -1.2676966097        0.6952212068        0.0078008942
 C          0.0000798015       -0.1010396114       -0.1132801260
 O         -0.0007135924       -1.3124276363       -0.2666202416
 C          1.2679564928        0.6950207286        0.0100481015
 H         -1.3896873214        0.9762039562        1.0567087590
 H         -1.2139561237        1.6037164081       -0.5818446909
 H         -2.1224354771        0.0964062135       -0.2887536246
 H          1.3873664944        0.9829837688        1.0558553481
 H          1.2154015857        1.5991143897       -0.5868694191
 H          2.1232032705        0.0948748108       -0.2849679571
  10
 Etot=         -13.5395747491
 C         -1.2679544290        0.6918853165        0.0202084445
 C          0.0000639398       -0.0979833176       -0.1309174773
 O         -0.0003140312       -1.3015628513       -0.3317166534
 C          1.2683511969        0.6913719067        0.0204413989
 H         -1.3653009319        0.9985029071        1.0603638311
 H         -1.2290518462        1.5872560716       -0.5950826586
 H         -2.1274276570        0.0868677718       -0.2493737658
 H          1.3619484933        1.0070794333        1.0579313666
 H          1.2309604758        1.5829723055       -0.6002052646
 H          2.1282433101        0.0836846914       -0.2435721779
  10
 Etot=         -13.5396721030
 C         -1.2671637223        0.6888634701        0.0302532298
 C         -0.0000343015       -0.0960680801       -0.1471645471
 O          0.0000084344       -1.2897398030       -0.3968801682
 C          1.2672435382        0.6885776922        0.0293728241
 H         -1.3360742835        1.0222962229        1.0635019666
 H         -1.2469364519        1.5712573479       -0.6069335123
 H         -2.1318536541        0.0748623092       -0.2095965732
 H          1.3324047818        1.0302556250        1.0602969497
 H          1.2500384783        1.5676427011       -0.6123391493
 H          2.1318857012        0.0721267494       -0.2024339768
  10
 Etot=         -13.5397107821
 C         -1.2671939769        0.6870481293        0.0354710650
 C         -0.0000891602       -0.0934858850       -0.1549733629
 O          0.0002659670       -1.2770532957       -0.4280577824
 C          1.2669995806        0.6871510238        0.0337690918
 H         -1.3236311912        1.0334683622        1.0627988276
 H         -1.2610502058        1.5621194340       -0.6100899293
 H         -2.1315944433        0.0669537825       -0.1908526350
 H          1.3194707301        1.0406162301        1.0596028571
 H          1.2647877637        1.5586633670       -0.6170149553
 H          2.1315534566        0.0645930867       -0.1825761332
  10
 Etot=         -13.5397253099
 C         -1.2661601221        0.6851562646        0.0442601862
 C         -0.0001053010       -0.0926792200       -0.1694548333
 O          0.0000863960       -1.2669687325       -0.4960012440
 C          1.2659304051        0.6854827795        0.0429661291
 H         -1.2959206902        1.0569693865        1.0658156596
 H         -1.2814498271        1.5454141036       -0.6223531704
 H         -2.1335840223        0.0565739707       -0.1490490548
 H          1.2917903979        1.0646939710        1.0625422100
 H          1.2854662714        1.5408188819       -0.6305541021
 H          2.1334650129        0.0546128294       -0.1400947370
  10
 Etot=         -13.5397458057
 C         -1.2668352899        0.6864917589        0.0396752196
 C         -0.0000765398       -0.0926602836       -0.1632320467
 O         -0.0000900311       -1.2706236746       -0.4672129050
 C          1.2667361725        0.6866670343        0.0392576272
 H         -1.3088472289        1.0465263726        1.0641381345
 H         -1.2744015920        1.5518393883       -0.6183141643
 H         -2.1320938224        0.0611500339       -0.1654194970
 H          1.3057099824        1.0533856751        1.0613333369
 H          1.2776410521        1.5475875734       -0.6241564007
 H          2.1317758177        0.0597103565       -0.1579922611
