    -13.539819996459    -13.539819996459         0.13353E-03
    -13.539819821549    -13.539819821549         0.15670E-03
    -13.539819927730    -13.539819927730         0.16413E-03
    -13.539820175746    -13.539820175746         0.11727E-03
    -13.539820031654    -13.539820031654         0.11366E-03
    -13.539820103074    -13.539820103074         0.69770E-04
    -13.539819065631    -13.539819065631         0.12029E-03
    -13.539819944910    -13.539819944910         0.12171E-03
    -13.539819594652    -13.539819594652         0.15837E-03
    -13.539819884190    -13.539819884190         0.15633E-03
    -13.539820023813    -13.539820023813         0.12189E-03
    -13.539819698165    -13.539819698165         0.15647E-03
    -13.539819840806    -13.539819840806         0.16774E-03
    -13.539820079753    -13.539820079753         0.14639E-03
    -13.539819375960    -13.539819375960         0.14391E-03
    -13.539819795808    -13.539819795808         0.96486E-04
    -13.539820053020    -13.539820053020         0.18480E-03
    -13.539820027128    -13.539820027128         0.69503E-04
    -13.539818067278    -13.539818067278         0.13269E-03
    -13.539817905184    -13.539817905184         0.81355E-04
    -13.539817892975    -13.539817892975         0.93574E-04
    -13.539817912658    -13.539817912658         0.13595E-03
    -13.539226014979    -13.539226014979         0.16606E-03
    -13.539818140629    -13.539818140629         0.10213E-03
    -13.539818182205    -13.539818182205         0.15633E-03
    -13.539818315618    -13.539818315618         0.16739E-04
    -13.539818271801    -13.539818271801         0.29021E-04
    -13.539818043624    -13.539818043624         0.11251E-03
    -13.539222993148    -13.539222993148         0.41210E-04
    -13.539818169982    -13.539818169982         0.91057E-04
    -13.539818156270    -13.539818156270         0.73024E-04
    -13.539818206856    -13.539818206856         0.93447E-04
