  11
 Etot=         -16.1524304037
 C          1.3984498934        0.0081652868       -0.0002664132
 C          0.7075159252       -1.1982657240        0.0004175879
 C         -0.6773717604       -1.1533270516       -0.0003661068
 N         -1.3974147121       -0.0081686709        0.0002901275
 C         -0.6912636169        1.1448826814       -0.0001678108
 C          0.6926166494        1.2069247032        0.0002750404
 H          2.4845200362        0.0148103153       -0.0009652774
 H          1.2353841077       -2.1444021163        0.0000871726
 H         -1.2624423654       -2.0665812238       -0.0008177520
 H         -1.2886248409        2.0507650633       -0.0009914462
 H          1.2107238422        2.1590669320       -0.0000610154
  11
 Etot=         -16.1540282272
 C          1.4056358893        0.0084087099       -0.0002513387
 C          0.7073611612       -1.1891013736       -0.0001987931
 C         -0.6760060670       -1.1402836090       -0.0002607602
 N         -1.3779059798       -0.0083003962       -0.0003932811
 C         -0.6896137167        1.1318384662       -0.0004590444
 C          0.6928268084        1.1976762384       -0.0003434352
 H          2.4872419791        0.0150944304       -0.0000818113
 H          1.2253969050       -2.1354571642       -0.0000988205
 H         -1.2690382374       -2.0453569719       -0.0001408374
 H         -1.2941306513        2.0294979820       -0.0001085872
 H          1.2003250675        2.1498538834       -0.0002291846
  11
 Etot=         -16.1541603637
 C          1.4087416673        0.0084577098       -0.0001046870
 C          0.7078633962       -1.1873579050       -0.0001863309
 C         -0.6768116382       -1.1373393569       -0.0002136607
 N         -1.3689925334       -0.0083452734       -0.0001180168
 C         -0.6904254756        1.1289498721       -0.0000466332
 C          0.6934383179        1.1958083890       -0.0000968171
 H          2.4884304521        0.0150672788       -0.0002014031
 H          1.2216408799       -2.1350336837       -0.0002106923
 H         -1.2716094181       -2.0410611429       -0.0003702505
 H         -1.2962864560        2.0253224406       -0.0006251538
 H          1.1961039661        2.1494018670       -0.0003922481
  11
 Etot=         -16.1541654956
 C          1.4085446377        0.0084407813       -0.0002648801
 C          0.7080127985       -1.1877131260       -0.0001929768
 C         -0.6773600380       -1.1380183773       -0.0002277659
 N         -1.3685450263       -0.0083347045       -0.0003823630
 C         -0.6910148498        1.1296417613       -0.0005074317
 C          0.6935889209        1.1961032295       -0.0004226794
 H          2.4881609371        0.0150121713       -0.0001277205
 H          1.2216057554       -2.1356615713       -0.0000861418
 H         -1.2710827824       -2.0424882141       -0.0001296235
 H         -1.2957153397        2.0268188335       -0.0001303934
 H          1.1958981449        2.1500694117       -0.0000939174
