  16
 Etot=         -24.1226298416
 C          3.3398807408        0.0086051239       -0.5041710887
 C          2.1956219530       -0.0087140570        0.4968193570
 C          0.8366541500        0.0040384899       -0.2071933440
 C         -0.3248107079       -0.0128330677        0.7756656155
 N         -1.5886220491        0.0005027018        0.0394984803
 O         -2.0941604457       -1.0962053839       -0.2735802708
 O         -2.0869876958        1.1068576981       -0.2526372836
 H          4.3078768403       -0.0015145169        0.0062151810
 H          3.2904820411       -0.8717133409       -1.1531026482
 H          3.2935619838        0.8999528140       -1.1383192323
 H          2.2801009106       -0.9035481568        1.1242858815
 H          2.2873708776        0.8604506729        1.1565236901
 H          0.7646173056        0.8914644695       -0.8486353319
 H          0.7594951810       -0.8743318655       -0.8586885568
 H         -0.3003867962        0.8519107690        1.4460375790
 H         -0.2990577080       -0.9226493290        1.3832626478
  16
 Etot=         -24.1258631793
 C          3.3306447234        0.0057782486       -0.5070470455
 C          2.1874741005       -0.0088407273        0.4984894736
 C          0.8353963367        0.0018331854       -0.2138095546
 C         -0.3206933857       -0.0170085871        0.7873144267
 N         -1.5808071495       -0.0001037863        0.0583384310
 O         -2.0669904908       -1.0718510391       -0.2772099605
 O         -2.0529914585        1.0840969162       -0.2576280501
 H          4.2897308105       -0.0003428995        0.0072888356
 H          3.2875722215       -0.8685318819       -1.1556947491
 H          3.2860204805        0.8956806893       -1.1332892326
 H          2.2651792704       -0.9028636428        1.1218276275
 H          2.2664297157        0.8624164153        1.1528060610
 H          0.7613825248        0.8947125942       -0.8415681103
 H          0.7613145255       -0.8745126091       -0.8640987227
 H         -0.2934492100        0.8644619161        1.4327859000
 H         -0.2945764340       -0.9326517705        1.3834753459
  16
 Etot=         -24.1255077141
 C          3.3320284791        0.0047593411       -0.5038955589
 C          2.1845412129       -0.0101422070        0.4985466992
 C          0.8389243486        0.0004467381       -0.2231531732
 C         -0.3181294595       -0.0196990486        0.7836423945
 N         -1.5592462557       -0.0007860657        0.0286487067
 O         -2.0760508035       -1.0588701401       -0.2459396773
 O         -2.0576435280        1.0705358157       -0.2257807294
 H          4.2850325970       -0.0001618733        0.0154095243
 H          3.2887574618       -0.8668915657       -1.1505701162
 H          3.2856681087        0.8942461155       -1.1253349066
 H          2.2560874915       -0.9026666732        1.1205559578
 H          2.2545922784        0.8628584302        1.1481676575
 H          0.7616975115        0.8971590007       -0.8406900161
 H          0.7650524153       -0.8736374597       -0.8728565441
 H         -0.2882112682        0.8722660762        1.4117860699
 H         -0.2914640089       -0.9371434630        1.3734443878
  16
 Etot=         -24.1262646014
 C          3.3324172574        0.0054477674       -0.5051436957
 C          2.1840272899       -0.0103938831        0.4960683285
 C          0.8341695072        0.0005109790       -0.2189775417
 C         -0.3209448112       -0.0193880693        0.7902207591
 N         -1.5739658544       -0.0011007578        0.0521831299
 O         -2.0643153551       -1.0635859048       -0.2685766837
 O         -2.0458281424        1.0754715271       -0.2483148466
 H          4.2871336628       -0.0002911391        0.0135100896
 H          3.2873456813       -0.8673928956       -1.1516195597
 H          3.2849277549        0.8954844131       -1.1276504230
 H          2.2579599871       -0.9026431571        1.1190611921
 H          2.2574538227        0.8622318033        1.1462505428
 H          0.7553421513        0.8965504603       -0.8380613418
 H          0.7581350223       -0.8733601779       -0.8692600779
 H         -0.2842306327        0.8700169735        1.4208204283
 H         -0.2879907597       -0.9352849176        1.3814703756
  16
 Etot=         -24.1262744057
 C          3.3314950216        0.0054080045       -0.5057182411
 C          2.1835888642       -0.0103574795        0.4964527909
 C          0.8338451142        0.0003851293       -0.2186419233
 C         -0.3209358125       -0.0194175403        0.7918533382
 N         -1.5726946497       -0.0012817961        0.0509410372
 O         -2.0628976053       -1.0653588215       -0.2699031388
 O         -2.0436854367        1.0770939191       -0.2501550140
 H          4.2860045999       -0.0004124432        0.0133883918
 H          3.2872245231       -0.8673183473       -1.1528386528
 H          3.2845350492        0.8957957670       -1.1280814952
 H          2.2576931581       -0.9029108919        1.1192320896
 H          2.2571842681        0.8622822753        1.1469012843
 H          0.7543937019        0.8965274801       -0.8376698580
 H          0.7571085327       -0.8732976860       -0.8692820159
 H         -0.2837110016        0.8699546925        1.4219874892
 H         -0.2875117460       -0.9348192405        1.3835145937
