    -24.127154902819    -24.127154902819         0.13119E-03
    -24.127157062549    -24.127157062549         0.69784E-04
    -24.127157643477    -24.127157643477         0.12468E-03
    -24.127157704065    -24.127157704065         0.89600E-04
    -24.127152726181    -24.127152726181         0.18247E-03
    -24.127161865675    -24.127161865675         0.18927E-04
    -24.127162006483    -24.127162006483         0.63777E-04
    -24.127154327301    -24.127154327301         0.15063E-03
    -24.127162234926    -24.127162234926         0.78952E-04
    -24.127149865363    -24.127149865363         0.14242E-03
    -24.127150730671    -24.127150730671         0.72483E-04
    -24.127150205270    -24.127150205270         0.15757E-03
    -24.126935154038    -24.126935154038         0.10442E-03
    -24.126933884333    -24.126933884333         0.79986E-04
    -24.126949674884    -24.126949674884         0.19030E-03
    -24.126950118314    -24.126950118314         0.46386E-04
    -24.126941403429    -24.126941403429         0.13417E-03
    -24.126947950154    -24.126947950154         0.37385E-04
    -24.126939809790    -24.126939809790         0.13081E-03
    -24.126951240608    -24.126951240608         0.94483E-04
    -24.126954398496    -24.126954398496         0.12720E-03
    -24.126950971516    -24.126950971516         0.11443E-03
    -24.126949867072    -24.126949867072         0.19204E-03
    -24.126950089492    -24.126950089492         0.11901E-03
    -24.126954971876    -24.126954971876         0.11715E-03
    -24.126960414753    -24.126960414753         0.84519E-04
    -24.126953682654    -24.126953682654         0.17624E-03
    -24.126935122558    -24.126935122558         0.11679E-03
    -24.126953883398    -24.126953883398         0.89821E-04
    -24.126951483358    -24.126951483358         0.13563E-03
    -24.126946072573    -24.126946072573         0.74200E-04
    -24.126961924814    -24.126961924814         0.19685E-03
    -24.126964839253    -24.126964839253         0.74514E-04
    -24.126944494818    -24.126944494818         0.12453E-03
    -24.126950625975    -24.126950625975         0.15282E-03
    -24.126945001690    -24.126945001690         0.19187E-03
    -24.126960254345    -24.126960254345         0.14247E-03
    -24.126956670048    -24.126956670048         0.81838E-04
    -24.126712872490    -24.126712872490         0.11923E-03
    -24.126964218065    -24.126964218065         0.15432E-03
    -24.126961937285    -24.126961937285         0.73918E-04
    -24.126619826966    -24.126619826966         0.14884E-04
    -24.126619717227    -24.126619717227         0.10643E-03
    -24.126619618480    -24.126619618480         0.10306E-03
    -24.126604462752    -24.126604462752         0.12941E-03
    -24.126594426363    -24.126594426363         0.65816E-04
    -24.126607198090    -24.126607198090         0.18038E-03
    -24.126603898800    -24.126603898800         0.18977E-03
    -24.126956540798    -24.126956540798         0.13281E-03
    -24.126606544611    -24.126606544611         0.85155E-04
    -24.126958280506    -24.126958280506         0.13774E-03
    -24.126603969806    -24.126603969806         0.12541E-03
    -24.126594127262    -24.126594127262         0.19797E-03
    -24.126606392451    -24.126606392451         0.14383E-03
    -24.126461715237    -24.126461715237         0.74513E-04
    -24.126461634338    -24.126461634338         0.17941E-03
    -24.126474983548    -24.126474983548         0.11487E-03
    -24.126594120591    -24.126594120591         0.13628E-03
    -24.126463996001    -24.126463996001         0.35238E-04
    -24.126469340613    -24.126469340613         0.30770E-04
    -24.126463370428    -24.126463370428         0.10637E-03
    -24.126469607098    -24.126469607098         0.13921E-03
    -24.126469240850    -24.126469240850         0.40531E-04
    -24.126465605659    -24.126465605659         0.10396E-03
    -24.126465471818    -24.126465471818         0.92287E-04
    -24.126617437138    -24.126617437138         0.78978E-04
    -24.126463693319    -24.126463693319         0.91829E-04
    -24.126616256814    -24.126616256814         0.81608E-04
    -24.126607905221    -24.126607905221         0.87818E-04
    -24.126460671031    -24.126460671031         0.72618E-04
    -24.126474610837    -24.126474610837         0.10722E-03
    -24.126474913551    -24.126474913551         0.15201E-03
    -24.126277960671    -24.126277960671         0.12433E-03
    -24.126285847677    -24.126285847677         0.20344E-04
    -24.126464227662    -24.126464227662         0.64339E-04
    -24.126278871040    -24.126278871040         0.45199E-04
    -24.126274563032    -24.126274563032         0.10954E-03
    -24.126090057785    -24.126090057785         0.12007E-03
    -24.126274719533    -24.126274719533         0.83548E-04
    -24.126462373920    -24.126462373920         0.17345E-03
    -24.126274619247    -24.126274619247         0.61255E-04
    -24.126095310876    -24.126095310876         0.18349E-03
    -24.126095269676    -24.126095269676         0.14955E-03
    -24.126094176482    -24.126094176482         0.37619E-04
    -24.126081210237    -24.126081210237         0.12886E-03
    -24.126086352267    -24.126086352267         0.10643E-03
    -24.126085324771    -24.126085324771         0.67761E-04
    -24.126083534309    -24.126083534309         0.13480E-03
    -24.126089920421    -24.126089920421         0.92673E-04
    -24.126082943725    -24.126082943725         0.29045E-04
    -24.126085916306    -24.126085916306         0.11720E-03
    -24.126088260118    -24.126088260118         0.18667E-03
    -24.125924740426    -24.125924740426         0.90804E-04
    -24.125930787074    -24.125930787074         0.13885E-03
    -24.125936470477    -24.125936470477         0.70278E-04
    -24.125936060468    -24.125936060468         0.57709E-04
    -24.125930986702    -24.125930986702         0.27682E-04
    -24.125930573513    -24.125930573513         0.25688E-04
    -24.125930189659    -24.125930189659         0.10029E-03
    -24.125923533834    -24.125923533834         0.18524E-03
    -24.125930525293    -24.125930525293         0.67396E-04
    -24.125936542545    -24.125936542545         0.96162E-04
    -24.126462006436    -24.126462006436         0.11579E-03
    -24.126457377197    -24.126457377197         0.11721E-03
    -24.125930873508    -24.125930873508         0.81231E-04
    -24.125923619949    -24.125923619949         0.53585E-04
    -24.126267089302    -24.126267089302         0.91381E-04
    -24.126091016489    -24.126091016489         0.12503E-03
    -24.126090154646    -24.126090154646         0.13606E-03
    -24.126073469870    -24.126073469870         0.19860E-03
    -24.126081112106    -24.126081112106         0.15835E-03
    -24.125595898112    -24.125595898112         0.14824E-03
    -24.125596115379    -24.125596115379         0.73217E-04
    -24.125919362935    -24.125919362935         0.11179E-03
    -24.125578040479    -24.125578040479         0.16584E-03
    -24.126099137177    -24.126099137177         0.10609E-03
    -24.126098905925    -24.126098905925         0.14960E-03
    -24.126083451636    -24.126083451636         0.76265E-04
    -24.126078102015    -24.126078102015         0.10501E-03
    -24.126082471828    -24.126082471828         0.85370E-04
    -24.126455649848    -24.126455649848         0.15680E-03
