  13
 Etot=         -24.0136363474
 C         -1.1800854764       -1.2236132035       -0.0000891169
 C          0.2147695566       -1.2136192037        0.0006571382
 C          0.9026547595       -0.0002190589        0.0008471755
 C          0.1968589153        1.2025033528        0.0006837246
 C         -1.1985061557        1.1916496550       -0.0000345924
 C         -1.8863913586       -0.0217504899       -0.0002246298
 O         -3.2475032346       -0.0319699146       -0.0003805109
 Cl         2.6236471415        0.0127989531       -0.0004765704
 H         -1.7104423658       -2.1721950664        0.0000494819
 H          0.7522373547       -2.1582764230        0.0009798005
 H          0.7195347719        2.1556538657        0.0009045313
 H         -1.7438947740        2.1317136148        0.0000459524
 H         -3.5909804384        0.8755188700       -0.0010991315
  13
 Etot=         -24.0147602941
 C         -1.1781582856       -1.2139578083        0.0001403124
 C          0.2060379234       -1.2053865735        0.0004394797
 C          0.8903214595        0.0009429273        0.0004006961
 C          0.1960233410        1.2004035892        0.0004555451
 C         -1.1884404194        1.1913732736        0.0001747778
 C         -1.8837670820       -0.0157634128       -0.0000553901
 O         -3.2416608616       -0.0487243913       -0.0004434079
 Cl         2.6185951166        0.0095015221        0.0002759064
 H         -1.7126391291       -2.1517643632        0.0000541445
 H          0.7457807124       -2.1405701909        0.0007163097
 H          0.7265384863        2.1412483196        0.0006385184
 H         -1.7254729298        2.1287879211        0.0000342231
 H         -3.6012596356        0.8521041385       -0.0009678627
  13
 Etot=         -24.0149631375
 C         -1.1773814705       -1.2088969124        0.0000897698
 C          0.2031286173       -1.2038229766        0.0003506104
 C          0.8847506779        0.0010366140        0.0004408559
 C          0.1967898160        1.2014054702        0.0002684709
 C         -1.1843914258        1.1941669614        0.0000197912
 C         -1.8837252026       -0.0100264596       -0.0001403630
 O         -3.2384729253       -0.0600134087       -0.0003604222
 Cl         2.6210551593        0.0062233636        0.0008683304
 H         -1.7197674592       -2.1392179477        0.0000794803
 H          0.7464240190       -2.1340815430        0.0004523702
 H          0.7343578343        2.1352012574        0.0003891062
 H         -1.7179757454        2.1313401933        0.0000229755
 H         -3.6128931989        0.8348803394       -0.0006177232
  13
 Etot=         -24.0150061689
 C         -1.1770600777       -1.2074393231        0.0000654664
 C          0.2031234564       -1.2050238922        0.0002980215
 C          0.8831537259        0.0008548232        0.0004162020
 C          0.1976361383        1.2025253766        0.0002595288
 C         -1.1840531305        1.1965088377        0.0000194408
 C         -1.8838862981       -0.0070168853       -0.0000795537
 O         -3.2367482260       -0.0643365648       -0.0003288989
 Cl         2.6244726324        0.0050454469        0.0010310351
 H         -1.7254411170       -2.1344498715       -0.0000318340
 H          0.7485396295       -2.1340169332        0.0004553771
 H          0.7387608872        2.1340998997        0.0003446321
 H         -1.7169857052        2.1344297214       -0.0001520496
 H         -3.6196132193        0.8270143161       -0.0004341153
