  15
 Etot=         -17.7364129403
 C         -0.7202898998        1.1902364271       -0.6455247082
 C          0.0123940101        0.0012300307       -0.0237859549
 C          1.5220524814        0.1484291821       -0.1996970400
 C         -0.4730752958       -1.3146632166       -0.6288599297
 O         -0.2571417008       -0.0157262076        1.3786622568
 H         -1.8042363275        1.0883561196       -0.5211641644
 H         -0.4056852154        2.1372766224       -0.1954272065
 H         -0.5357460184        1.2418969378       -1.7241797724
 H          2.0511015705       -0.7024553906        0.2442258197
 H          1.8901330153        1.0429647243        0.3143738541
 H          1.8010890985        0.2165142543       -1.2562759482
 H          0.0513493724       -2.1670302100       -0.1833823479
 H         -1.5487676732       -1.4542525292       -0.4798843176
 H         -0.2637100482       -1.3501589641       -1.7045677176
 H         -1.2181886333       -0.1041562403        1.4710414906
  15
 Etot=         -17.7376203412
 C         -0.7223122200        1.1820109033       -0.6612856136
 C          0.0075851393       -0.0004094380       -0.0206081953
 C          1.5160448832        0.1489374587       -0.1935693316
 C         -0.4688656329       -1.3128481600       -0.6447676968
 O         -0.2356897459       -0.0146101061        1.3889188410
 H         -1.8005502613        1.0840859250       -0.5277413853
 H         -0.4000990486        2.1137526598       -0.1997776549
 H         -0.5159133865        1.2321964259       -1.7302106985
 H          2.0316133909       -0.7029635820        0.2497651557
 H          1.8624192901        1.0513272177        0.3101119472
 H          1.7745648778        0.2102030579       -1.2484345087
 H          0.0431983410       -2.1543863436       -0.1773259499
 H         -1.5410886328       -1.4396703475       -0.5013068404
 H         -0.2586438293       -1.3330946166       -1.7139857316
 H         -1.1909844288       -0.1060695147        1.5157719764
  15
 Etot=         -17.7378027100
 C         -0.7244760547        1.1826977202       -0.6635986978
 C          0.0063853146       -0.0015916287       -0.0228355385
 C          1.5169262098        0.1509784394       -0.1956267024
 C         -0.4708490335       -1.3162697204       -0.6478391615
 O         -0.2279492997       -0.0158152282        1.3873072399
 H         -1.8001362162        1.0838350027       -0.5334080835
 H         -0.4024555316        2.1107872342       -0.1984461579
 H         -0.5053102738        1.2278006154       -1.7261550610
 H          2.0259815843       -0.6967754926        0.2545932958
 H          1.8526196236        1.0565746076        0.3028114684
 H          1.7718510389        0.2048938995       -1.2488010065
 H          0.0315914776       -2.1559043450       -0.1728350006
 H         -1.5443446820       -1.4344898491       -0.5169588845
 H         -0.2495653341       -1.3270508280       -1.7105489966
 H         -1.1789900874       -0.1112088869        1.5378956006
  15
 Etot=         -17.7378326713
 C         -0.7257754126        1.1833735772       -0.6632050688
 C          0.0056856312       -0.0016320474       -0.0219860291
 C          1.5174671655        0.1512001807       -0.1975836184
 C         -0.4723509863       -1.3162158409       -0.6492765103
 O         -0.2249138227       -0.0167201295        1.3876767784
 H         -1.8013785570        1.0819961764       -0.5380034858
 H         -0.4066898228        2.1111070700       -0.1949039575
 H         -0.5017732164        1.2293399189       -1.7242387086
 H          2.0264870484       -0.6927960580        0.2589655714
 H          1.8508879252        1.0599314955        0.2956721354
 H          1.7723995087        0.1987123386       -1.2511031647
 H          0.0229534586       -2.1564613893       -0.1689696042
 H         -1.5476902522       -1.4292195833       -0.5271042476
 H         -0.2406719197       -1.3285027253       -1.7094980056
 H         -1.1733580120       -0.1156514436        1.5491122292
