    -17.737863542639    -17.737863542639         0.13029E-03
    -17.737863466581    -17.737863466581         0.18320E-03
    -17.737865096581    -17.737865096581         0.85383E-04
    -17.737863730592    -17.737863730592         0.54882E-04
    -17.737852792633    -17.737852792633         0.65072E-04
    -17.737863524485    -17.737863524485         0.10748E-03
    -17.737863509681    -17.737863509681         0.82878E-04
    -17.737863510963    -17.737863510963         0.10941E-03
    -17.737863431544    -17.737863431544         0.16012E-03
    -17.737863474513    -17.737863474513         0.13262E-03
    -17.737863707245    -17.737863707245         0.52418E-04
    -17.737863614435    -17.737863614435         0.16791E-03
    -17.737863680322    -17.737863680322         0.81122E-04
    -17.737863618446    -17.737863618446         0.16181E-03
    -17.737863674052    -17.737863674052         0.85288E-04
    -17.737863676422    -17.737863676422         0.87794E-04
    -17.737863672980    -17.737863672980         0.87425E-04
    -17.737863669105    -17.737863669105         0.94986E-04
    -17.737863667633    -17.737863667633         0.96173E-04
    -17.737863683873    -17.737863683873         0.78384E-04
    -17.737863579037    -17.737863579037         0.17387E-03
    -17.737863682048    -17.737863682048         0.81488E-04
    -17.737863668611    -17.737863668611         0.94582E-04
    -17.737863668582    -17.737863668582         0.92751E-04
    -17.737863401017    -17.737863401017         0.16240E-03
    -17.737863228517    -17.737863228517         0.16632E-03
    -17.737863533210    -17.737863533210         0.11382E-03
    -17.737865301624    -17.737865301624         0.66955E-04
    -17.737865206200    -17.737865206200         0.13088E-03
    -17.737865325950    -17.737865325950         0.55569E-04
    -17.737865264219    -17.737865264219         0.55641E-04
    -17.737865380389    -17.737865380389         0.13070E-03
    -17.737865377884    -17.737865377884         0.47575E-04
    -17.737865235646    -17.737865235646         0.16051E-03
    -17.737865339086    -17.737865339086         0.11866E-03
    -17.737865406007    -17.737865406007         0.65375E-04
    -17.737865312137    -17.737865312137         0.13572E-03
    -17.737865364432    -17.737865364432         0.68665E-04
    -17.737865315094    -17.737865315094         0.45956E-04
    -17.737865018673    -17.737865018673         0.20118E-03
    -17.737865267710    -17.737865267710         0.11271E-03
    -17.737865340215    -17.737865340215         0.13441E-03
    -17.737865335110    -17.737865335110         0.15414E-03
    -17.737865315919    -17.737865315919         0.12875E-03
    -17.737865333975    -17.737865333975         0.17228E-03
    -17.737865320995    -17.737865320995         0.71775E-04
    -17.737865387605    -17.737865387605         0.54056E-04
    -17.737865507092    -17.737865507092         0.66044E-04
    -17.737852639311    -17.737852639311         0.15678E-03
    -17.737865380675    -17.737865380675         0.49962E-04
    -17.737865456430    -17.737865456430         0.43918E-04
    -17.737852638050    -17.737852638050         0.36503E-04
    -17.737865258860    -17.737865258860         0.50447E-04
    -17.737852717570    -17.737852717570         0.46060E-04
    -17.737852728459    -17.737852728459         0.44925E-04
    -17.737852701027    -17.737852701027         0.35853E-04
    -17.737852756496    -17.737852756496         0.32296E-04
    -17.737865453514    -17.737865453514         0.11785E-03
    -17.737852701442    -17.737852701442         0.42392E-04
    -17.737852690885    -17.737852690885         0.31297E-04
    -17.737852713051    -17.737852713051         0.40559E-04
    -17.737852710825    -17.737852710825         0.41585E-04
    -17.737865429311    -17.737865429311         0.55036E-04
    -17.737852692591    -17.737852692591         0.39766E-04
    -17.737852712019    -17.737852712019         0.33720E-04
    -17.737852719388    -17.737852719388         0.33346E-04
    -17.737852722142    -17.737852722142         0.32789E-04
    -17.737852717905    -17.737852717905         0.51334E-04
    -17.737852762495    -17.737852762495         0.51095E-04
    -17.737852735900    -17.737852735900         0.29661E-04
    -17.737852694404    -17.737852694404         0.26283E-04
    -17.737852602081    -17.737852602081         0.17088E-03
    -17.737852688692    -17.737852688692         0.13470E-03
    -17.737852674424    -17.737852674424         0.13717E-03
    -17.737852772086    -17.737852772086         0.45277E-04
    -17.737852644919    -17.737852644919         0.12734E-03
    -17.737852698242    -17.737852698242         0.44514E-04
    -17.737852776835    -17.737852776835         0.48075E-04
    -17.737852732289    -17.737852732289         0.49191E-04
    -17.737863500149    -17.737863500149         0.14057E-03
    -17.737863636507    -17.737863636507         0.41336E-04
