  5
 Etot=         -16.6545272655
 C          0.4259499739       -0.0002390200       -0.3959950734
 F          1.0440399696        1.0892520052        0.1226185238
 F          1.0441771893       -1.0890930041        0.1226619536
 Cl        -1.2786649943       -0.0000153459        0.0448606400
 H          0.5393830091        0.0003909914       -1.4824151347
  5
 Etot=         -16.6548314389
 C          0.4250375219       -0.0001105004       -0.4018946103
 F          1.0378856814        1.0804983691        0.1235956484
 F          1.0379644241       -1.0803062981        0.1235100688
 Cl        -1.2789790676       -0.0000510600        0.0574627430
 H          0.5529765879        0.0002651160       -1.4909429405
  5
 Etot=         -16.6549045527
 C          0.4270437222       -0.0000003139       -0.4020536956
 F          1.0358886504        1.0759422937        0.1228699553
 F          1.0359642180       -1.0757625091        0.1227088000
 Cl        -1.2808111644       -0.0000633036        0.0609179166
 H          0.5567997215        0.0001794594       -1.4927120669
  5
 Etot=         -16.6549230124
 C          0.4297799073        0.0000510678       -0.4010844904
 F          1.0358362721        1.0753662570        0.1225890640
 F          1.0359348807       -1.0752145999        0.1224130741
 Cl        -1.2821169193       -0.0000598299        0.0602313477
 H          0.5554510069        0.0001527315       -1.4924180861
