  11
 Etot=         -18.5889308031
 C          0.6750159807       -1.7471305908        0.5497167807
 C          0.6754072333       -0.6531832333       -0.5108095160
 H          1.2585128835       -1.0048118080       -1.3691597628
 C         -0.7209487657       -0.2712824841       -1.0055799089
 Cl        -1.7936819598        0.3376285580        0.2801175039
 Cl         1.5398861755        0.7872927540        0.1082059027
 H          0.1076318919       -1.4615612571        1.4415634331
 H          0.2298835792       -2.6674127314        0.1557054522
 H          1.6986334794       -1.9833391898        0.8608658030
 H         -0.6504836945        0.5154540639       -1.7629030089
 H         -1.2181471504       -1.1308543945       -1.4658362473
  11
 Etot=         -18.5899568968
 C          0.6654872719       -1.7503488289        0.5494299296
 C          0.6758760716       -0.6705772490       -0.5173613768
 H          1.2610958694       -0.9990265178       -1.3813125288
 C         -0.7069169158       -0.2785217754       -1.0154657511
 Cl        -1.7441202354        0.3210980948        0.3084275042
 Cl         1.5074574555        0.7931750153        0.1109875449
 H          0.0907324676       -1.4371498807        1.4204951672
 H          0.2183850315       -2.6569413664        0.1437635779
 H          1.6831848594       -1.9733795461        0.8664018996
 H         -0.6434884087        0.5207207777       -1.7570930228
 H         -1.2059838140       -1.1482490365       -1.4463865121
  11
 Etot=         -18.5900990489
 C          0.6628304566       -1.7510810612        0.5456609404
 C          0.6794337000       -0.6743371342       -0.5211518197
 H          1.2717032992       -0.9918652818       -1.3834181764
 C         -0.7036264333       -0.2857900117       -1.0150266064
 Cl        -1.7365266512        0.3210079132        0.3148852843
 Cl         1.5085354593        0.7960114812        0.1157986912
 H          0.0834983353       -1.4256778393        1.4060004131
 H          0.2136265946       -2.6516536297        0.1368483648
 H          1.6753913027       -1.9732301879        0.8683565524
 H         -0.6460145204        0.5138801437       -1.7523510572
 H         -1.2071418897       -1.1564647056       -1.4337161548
  11
 Etot=         -18.5901345750
 C          0.6633905148       -1.7528425148        0.5443599756
 C          0.6793944679       -0.6755066116       -0.5220005609
 H          1.2760889510       -0.9863740920       -1.3828980046
 C         -0.7028799860       -0.2871972250       -1.0160358877
 Cl        -1.7354181805        0.3280124159        0.3153491746
 Cl         1.5098819705        0.7992075144        0.1189255291
 H          0.0813698949       -1.4263075628        1.4014315132
 H          0.2147857402       -2.6524793932        0.1342358784
 H          1.6740518617       -1.9758385094        0.8704365823
 H         -0.6492586500        0.5090692269       -1.7556059558
 H         -1.2096969316       -1.1589435616       -1.4263118125
