  11
 Etot=         -18.7069079419
 C         -1.4033647889       -0.9611848366       -0.0048696253
 S          0.0022070190        0.1239721009        0.0008148736
 O          0.0118073657        0.8317616166        1.2655384935
 O          0.0135674445        0.8428668310       -1.2588383754
 C          1.3756476809       -1.0014182356       -0.0034675048
 H         -1.4196567555       -1.4983814282       -0.9546213791
 H         -1.3041884504       -1.6584934352        0.8278859044
 H         -2.3055957081       -0.3569286462        0.1072857349
 H          2.2849494282       -0.4074241290       -0.0002528998
 H          1.3002713494       -1.6130882045        0.8903240020
 H          1.3015067919       -1.6048840639       -0.9035514579
  11
 Etot=         -18.7085859634
 C         -1.4347961182       -0.9628385911       -0.0055727997
 S         -0.0013373741        0.1054957681        0.0013932376
 O          0.0071281889        0.8299452932        1.2597356142
 O          0.0087191830        0.8430910837       -1.2501404872
 C          1.4030845622       -1.0025807635       -0.0039782614
 H         -1.4559983129       -1.4911098546       -0.9516782667
 H         -1.3476123184       -1.6492471921        0.8283022696
 H         -2.3242391474       -0.3521949773        0.1034733984
 H          2.3077678899       -0.4078725206       -0.0027680292
 H          1.3483946525       -1.6113240041        0.8891358713
 H          1.3460401712       -1.6045666724       -0.9016547807
  11
 Etot=         -18.7096264719
 C         -1.4585021991       -0.9729838134       -0.0066573329
 S         -0.0042909369        0.0910461792        0.0025126418
 O          0.0043602942        0.8428501630        1.2497868285
 O          0.0054604258        0.8600026390       -1.2347311465
 C          1.4223475146       -1.0114529582       -0.0049042916
 H         -1.4769179349       -1.4930628448       -0.9510717018
 H         -1.3778610218       -1.6466475452        0.8319128155
 H         -2.3297179420       -0.3439815380        0.0980078595
 H          2.3167627769       -0.4042704018       -0.0067707016
 H          1.3814597291       -1.6144287401        0.8905947334
 H          1.3740506708       -1.6102735704       -0.9024319380
  11
 Etot=         -18.7098768378
 C         -1.4630278428       -0.9788487237       -0.0070137827
 S         -0.0041211945        0.0854531071        0.0037554573
 O          0.0055368803        0.8525887760        1.2437221158
 O          0.0060428478        0.8732400743       -1.2236029470
 C          1.4264914361       -1.0166189879       -0.0056269906
 H         -1.4777274096       -1.5000321262       -0.9514307594
 H         -1.3852374076       -1.6488261643        0.8353847483
 H         -2.3281264758       -0.3389805101        0.0930122932
 H          2.3150990455       -0.3995031999       -0.0103315340
 H          1.3868639980       -1.6167558105        0.8917131467
 H          1.3753574992       -1.6149188654       -0.9033339813
  11
 Etot=         -18.7099556634
 C         -1.4592087033       -0.9802229206       -0.0069849678
 S         -0.0031510760        0.0849186967        0.0048783110
 O          0.0072952148        0.8583249344        1.2409623264
 O          0.0071840848        0.8819411206       -1.2165368266
 C          1.4235982601       -1.0181320405       -0.0062377242
 H         -1.4703707143       -1.5061532513       -0.9505050051
 H         -1.3826941241       -1.6499103692        0.8373447339
 H         -2.3257860649       -0.3397437853        0.0883469352
 H          2.3112373233       -0.3989735782       -0.0133134591
 H          1.3819175471       -1.6176757148        0.8917830998
 H          1.3671296293       -1.6175755223       -0.9034896575
  11
 Etot=         -18.7099850587
 C         -1.4539294460       -0.9793239683       -0.0068853386
 S         -0.0025304414        0.0859682670        0.0058484717
 O          0.0083916620        0.8608005232        1.2403024936
 O          0.0076724393        0.8872614958       -1.2120246592
 C          1.4191047252       -1.0177023402       -0.0068594938
 H         -1.4615670512       -1.5103119583       -0.9487238111
 H         -1.3781358358       -1.6488207112        0.8386807820
 H         -2.3248735580       -0.3431546091        0.0838233052
 H          2.3087278837       -0.4014844228       -0.0159428986
 H          1.3759543969       -1.6176061457        0.8912746030
 H          1.3583366019       -1.6188285610       -0.9032456880
