    -18.710004728205    -18.710004728205         0.13574E-03
    -18.710005258972    -18.710005258972         0.11610E-03
    -18.710006266164    -18.710006266164         0.17991E-03
    -18.710005481112    -18.710005481112         0.19901E-03
    -18.710006419443    -18.710006419443         0.99216E-04
    -18.710006339759    -18.710006339759         0.73804E-04
    -18.710005036503    -18.710005036503         0.12858E-03
    -18.710006361312    -18.710006361312         0.87576E-04
    -18.710006199456    -18.710006199456         0.95380E-04
    -18.710013127186    -18.710013127186         0.10311E-03
    -18.710013253411    -18.710013253411         0.90951E-04
    -18.710013271109    -18.710013271109         0.82859E-04
    -18.710013289064    -18.710013289064         0.57718E-04
    -18.710013098816    -18.710013098816         0.12907E-03
    -18.708710260912    -18.708710260912         0.14426E-03
    -18.708710004563    -18.708710004563         0.10901E-03
    -18.710013316202    -18.710013316202         0.62055E-04
    -18.708708785619    -18.708708785619         0.13303E-03
    -18.710013218289    -18.710013218289         0.47070E-04
    -18.708708549915    -18.708708549915         0.17065E-03
    -18.710013237635    -18.710013237635         0.16262E-03
    -18.710013376878    -18.710013376878         0.19202E-04
    -18.710013396861    -18.710013396861         0.11037E-03
    -18.710013060106    -18.710013060106         0.11971E-03
    -18.710010277969    -18.710010277969         0.88893E-04
