  6
 Etot=         -18.4127870390
 C         -0.6173085547        0.9393010651       -0.0005749529
 C          0.4543071916        0.1422304549        0.0004902215
 Cl         2.0767544124        0.7351923403        0.0000231070
 Cl         0.2441717974       -1.5749147888       -0.0000824485
 Cl        -2.2498616946        0.4159008496        0.0001030850
 H         -0.5572544774        2.0196933576       -0.0005289475
  6
 Etot=         -18.4139887097
 C         -0.6185777001        0.9533586850       -0.0002036408
 C          0.4331527043        0.1425566659       -0.0001518638
 Cl         2.0491909296        0.7271578492       -0.0000762260
 Cl         0.2606404803       -1.5767630267        0.0003330907
 Cl        -2.2405707671        0.4008043395       -0.0002377708
 H         -0.5330269724        2.0302887658       -0.0002335247
  6
 Etot=         -18.4142610573
 C         -0.6212523698        0.9648189938       -0.0000560795
 C          0.4186919915        0.1400814581        0.0002409154
 Cl         2.0296969879        0.7228494570       -0.0001095888
 Cl         0.2740755415       -1.5797920227        0.0000709129
 Cl        -2.2357838213        0.3913065613       -0.0001746629
 H         -0.5146196553        2.0381388312       -0.0005414325
  6
 Etot=         -18.4142704422
 C         -0.6217432695        0.9653537394       -0.0003958760
 C          0.4177804818        0.1387204206       -0.0003120330
 Cl         2.0283183546        0.7246989048        0.0000637819
 Cl         0.2740731976       -1.5799021273        0.0003602153
 Cl        -2.2358792177        0.3908341345       -0.0000852694
 H         -0.5117408722        2.0376982067       -0.0002007542
