  10
 Etot=         -14.0200641105
 C         -0.9947914418        0.6932581712       -0.0000943227
 C         -0.9723673327       -0.7231782550       -0.0001941558
 C          0.3480415377       -1.1148273678        0.0004281899
 N          1.1206845014        0.0168237771       -0.0003046646
 C          0.3135641120        1.1248826925        0.0000372353
 H         -1.8673614310        1.3310689138        0.0001712591
 H         -1.8266476579       -1.3857533737        0.0003872540
 H          0.8057939654       -2.0936268626       -0.0000855380
 H          2.1317122491        0.0330676503       -0.0004778289
 H          0.7401909858        2.1181651955        0.0021300636
  10
 Etot=         -14.0209033806
 C         -0.9879312430        0.6896378618        0.0006152715
 C         -0.9661680831       -0.7193067753        0.0001686789
 C          0.3476606605       -1.1050927262        0.0000614804
 N          1.1179826656        0.0171280724        0.0005684129
 C          0.3136764033        1.1153955122        0.0003996100
 H         -1.8583257144        1.3190708311        0.0005057633
 H         -1.8178803467       -1.3740151710       -0.0000373343
 H          0.7948508552       -2.0801335153       -0.0009970277
 H          2.1247519824        0.0331692336        0.0004995388
 H          0.7302023082        2.1040272180        0.0002130983
  10
 Etot=         -14.0209693410
 C         -0.9856016500        0.6893333933        0.0000956484
 C         -0.9640515912       -0.7187755896       -0.0001221332
 C          0.3491971822       -1.1016897826       -0.0000750489
 N          1.1181976626        0.0172836115       -0.0002314433
 C          0.3153673365        1.1122170764        0.0004840154
 H         -1.8569298228        1.3146993499        0.0003257180
 H         -1.8162868898       -1.3699376361        0.0001391572
 H          0.7896879658       -2.0781534877        0.0001785338
 H          2.1237746381        0.0331024739       -0.0003733438
 H          0.7254646565        2.1018011324        0.0015763884
  10
 Etot=         -14.0209795239
 C         -0.9848789187        0.6896910932        0.0007294025
 C         -0.9633548494       -0.7189946536        0.0001410296
 C          0.3504145105       -1.1010598928       -0.0000746605
 N          1.1189504632        0.0173470977        0.0005886536
 C          0.3165974545        1.1117218502        0.0004325918
 H         -1.8573062853        1.3133836274        0.0008886490
 H         -1.8164770803       -1.3688136526       -0.0003896872
 H          0.7872101785       -2.0794147332       -0.0007690731
 H          2.1245294277        0.0330090539        0.0006211576
 H          0.7231345873        2.1030107512       -0.0001705713
