  13
 Etot=         -24.1910800640
 C         -0.7528490083       -1.1913545591       -0.0003712648
 C          0.6419524872       -1.2071539256        0.0000386780
 C          1.3521565614       -0.0066806140        0.0000704322
 C          0.6687203772        1.2088867358        0.0000847230
 C         -0.7266069586        1.2238359819       -0.0002971641
 C         -1.4368110328        0.0233626702       -0.0003289183
 O         -2.7980908787        0.0396349792        0.0002981195
 F          2.6918264551       -0.0213290163        0.0000540442
 H         -1.3002313021       -2.1302008374        0.0007645684
 H          1.1746054821       -2.1529794963        0.0009201462
 H          1.2221205684        2.1428841074        0.0004565418
 H         -1.2540963036        2.1735905795        0.0007960743
 H         -3.1448182463       -0.8668956525        0.0008866101
  13
 Etot=         -24.1925594988
 C         -0.7419249085       -1.1923291794        0.0003694953
 C          0.6418819306       -1.2070574289        0.0003260493
 C          1.3330125614       -0.0075753727        0.0001175774
 C          0.6599450473        1.2029522857        0.0002331710
 C         -0.7237729674        1.2150609069        0.0002958342
 C         -1.4320945889        0.0177581640        0.0003753392
 O         -2.7900033042        0.0562437485        0.0001827688
 F          2.6847626094       -0.0187868459       -0.0000278240
 H         -1.2817026678       -2.1280226502        0.0004318164
 H          1.1816669730       -2.1425037868        0.0003253843
 H          1.2147578393        2.1292241038        0.0001407704
 H         -1.2557317302        2.1539469299        0.0001650078
 H         -3.1529185931       -0.8433099221        0.0004372003
  13
 Etot=         -24.1928922241
 C         -0.7370357948       -1.1961629743        0.0003263426
 C          0.6437580761       -1.2095459020        0.0002740654
 C          1.3217945797       -0.0074317435        0.0002082955
 C          0.6573787562        1.2030973907        0.0001206303
 C         -0.7225018382        1.2103155941        0.0001641207
 C         -1.4305458455        0.0118318969        0.0002238386
 O         -2.7849716475        0.0680774883        0.0002950602
 F          2.6854776121       -0.0161103378        0.0001396226
 H         -1.2743895204       -2.1307444810        0.0004303178
 H          1.1909145095       -2.1377775207        0.0002909860
 H          1.2159084689        2.1242271420        0.0000882415
 H         -1.2639835760        2.1406908230        0.0003021203
 H         -3.1639255792       -0.8248664229        0.0005089490
  13
 Etot=         -24.1929429333
 C         -0.7369541852       -1.1986480285        0.0003969552
 C          0.6450097595       -1.2111832416        0.0002819003
 C          1.3191697947       -0.0071542387        0.0001770238
 C          0.6580665576        1.2052335744        0.0001847205
 C         -0.7222030704        1.2095321934        0.0002971792
 C         -1.4302164561        0.0092228024        0.0003855339
 O         -2.7829281505        0.0714253474        0.0003498326
 F          2.6879302318       -0.0153959750        0.0001002962
 H         -1.2747486329       -2.1335567625        0.0003656186
 H          1.1954231820       -2.1372971279        0.0002627241
 H          1.2188299371        2.1249439001        0.0000645963
 H         -1.2699909970        2.1367226731        0.0001174471
 H         -3.1695097698       -0.8182441637        0.0003887626
  13
 Etot=         -24.1929502626
 C         -0.7375619295       -1.1996633941        0.0003270628
 C          0.6454639213       -1.2116781777        0.0002791018
 C          1.3188162116       -0.0070615497        0.0002056964
 C          0.6587261182        1.2065960179        0.0001394176
 C         -0.7219625400        1.2097051756        0.0001889523
 C         -1.4298801946        0.0083812666        0.0002799622
 O         -2.7819336438        0.0717652568        0.0003722708
 F          2.6891498313       -0.0155083708        0.0001438124
 H         -1.2757405256       -2.1349566022        0.0004056090
 H          1.1969156509       -2.1374215222        0.0002759704
 H          1.2203728983        2.1260287946        0.0000781279
 H         -1.2727002667        2.1357770557        0.0002281934
 H         -3.1717873305       -0.8163629975        0.0004484134
