  12
 Etot=         -17.4683763827
 C         -2.2030293437        0.0496258754        0.0007593912
 C         -0.7402625194        0.0444091082        0.0008123284
 C          0.1782792326        1.0675245879       -0.0000623295
 N          1.4621408204        0.5816138288       -0.0004593762
 C          1.3248038331       -0.7258954231       -0.0001306345
 N          0.0092728359       -1.0983684851       -0.0002476532
 H         -2.5778249744        0.0507451491        1.0294026639
 H         -2.5906682884        0.9321937274       -0.5179852814
 H         -2.5972128190       -0.8304259466       -0.5190118838
 H          0.0251656193        2.1380119624       -0.0001114054
 H          2.3115820599        1.1312821920        0.0000613445
 H          2.1433616287       -1.4322237916        0.0010402865
  12
 Etot=         -17.4758710456
 C         -2.1824690394        0.0499963720       -0.0018964547
 C         -0.7051927634        0.0460357891       -0.0059597042
 C          0.1702774001        1.1005465453       -0.0031988032
 N          1.4351355631        0.5842953062        0.0012583009
 C          1.2989209013       -0.7445182000        0.0009469737
 N          0.0249621069       -1.1136578400       -0.0034217786
 H         -2.5629355859        0.0453895038        1.0203852390
 H         -2.5680387178        0.9362091165       -0.5069467658
 H         -2.5645626732       -0.8360764377       -0.5077235735
 H          0.0045440884        2.1640388140       -0.0036342065
 H          2.2863196590        1.1246603831        0.0027904435
 H          2.1086471460       -1.4484265677        0.0014677798
  12
 Etot=         -17.4766510365
 C         -2.1788155540        0.0502545233       -0.0024481436
 C         -0.6923674040        0.0484080677       -0.0084844056
 C          0.1666526045        1.1141433038       -0.0046570518
 N          1.4271718412        0.5854618394        0.0019010590
 C          1.2861804897       -0.7529362697        0.0013252590
 N          0.0314103317       -1.1136305118       -0.0044611291
 H         -2.5569320185        0.0400288885        1.0197276573
 H         -2.5592099446        0.9389292242       -0.5010064575
 H         -2.5505634443       -0.8374324094       -0.5069877407
 H         -0.0082050140        2.1699356044       -0.0077474342
 H          2.2829208691        1.1166644886        0.0035404372
 H          2.0973653281       -1.4513339642        0.0033654004
  12
 Etot=         -17.4767019221
 C         -2.1809118193        0.0507288835       -0.0024406802
 C         -0.6930165242        0.0484664575       -0.0091741600
 C          0.1664560503        1.1138829373       -0.0054635053
 N          1.4286162152        0.5859636474        0.0019357740
 C          1.2856028179       -0.7542892933        0.0021362133
 N          0.0295666320       -1.1135241003       -0.0044935534
 H         -2.5561754127        0.0374773988        1.0206162024
 H         -2.5594598546        0.9412134532       -0.4980809804
 H         -2.5511327456       -0.8357293739       -0.5094085458
 H         -0.0113623375        2.1684790278       -0.0100628478
 H          2.2861931159        1.1141026037        0.0032245017
 H          2.1012319475       -1.4482788571        0.0052790319
  12
 Etot=         -17.4767270427
 C         -2.1827069084        0.0513644492       -0.0025116665
 C         -0.6935208369        0.0483400432       -0.0095295504
 C          0.1663449356        1.1132679671       -0.0066199217
 N          1.4295646153        0.5862873804        0.0016074505
 C          1.2842934938       -0.7558744816        0.0034993386
 N          0.0276400008       -1.1137235617       -0.0022294228
 H         -2.5552790301        0.0326200968        1.0212013967
 H         -2.5595018727        0.9447854354       -0.4931463381
 H         -2.5520465155       -0.8322686339       -0.5142799065
 H         -0.0154382675        2.1669754424       -0.0132966571
 H          2.2899162044        1.1094476692        0.0015722823
 H          2.1063422662       -1.4427290215        0.0078004456
