  11
 Etot=         -13.8063223697
 C         -3.6267571164       -0.0039462665       -0.0001075958
 C         -2.1866915234        0.4851233358        0.0000024006
 C         -1.2040086424       -0.6837365099        0.0001307863
 I          0.8132316040        0.0252111382       -0.0000130499
 H         -4.3151465864        0.8468302569        0.0003871747
 H         -3.8352853762       -0.6088683294       -0.8877287215
 H         -3.8346440121       -0.6099128313        0.8871266241
 H         -2.0249066669        1.1176777725        0.8822844103
 H         -2.0251641773        1.1181924894       -0.8805056137
 H         -1.3671319346       -1.3119100854       -0.8831595117
 H         -1.3665835334       -1.3124887301        0.8829337374
  11
 Etot=         -13.8071122230
 C         -3.6442840613       -0.0093397731        0.0000537148
 C         -2.2111438310        0.5016265808        0.0002800068
 C         -1.2259383234       -0.6551195341        0.0000011107
 I          0.8613389617       -0.0668538417       -0.0001165472
 H         -4.3343222551        0.8319766737        0.0005374273
 H         -3.8407880477       -0.6145901621       -0.8838864183
 H         -3.8406789627       -0.6156118026        0.8833449955
 H         -2.0390330755        1.1238836972        0.8832522812
 H         -2.0389465707        1.1245090187       -0.8817724295
 H         -1.3296829508       -1.2789784120       -0.8901147937
 H         -1.3296088485       -1.2793302045        0.8897712930
  11
 Etot=         -13.8074675663
 C         -3.6347580625       -0.0095668017        0.0001159938
 C         -2.1988036649        0.5005928898        0.0003900078
 C         -1.2408179799       -0.6734433279       -0.0000935213
 I          0.8428420693       -0.0177219451       -0.0000297254
 H         -4.3227391474        0.8300230817        0.0005982716
 H         -3.8300978173       -0.6140000517       -0.8818594854
 H         -3.8301823680       -0.6149982755        0.8813561616
 H         -2.0235414109        1.1179391417        0.8840858646
 H         -2.0233276963        1.1186385094       -0.8828165977
 H         -1.3559032021       -1.2874927561       -0.8903757535
 H         -1.3557586849       -1.2877982243        0.8899794245
  11
 Etot=         -13.8075018010
 C         -3.6355344976       -0.0085268004        0.0000843166
 C         -2.1978035451        0.4992473503        0.0003737460
 C         -1.2366501617       -0.6717792838        0.0000079358
 I          0.8392575927       -0.0248864603       -0.0000990031
 H         -4.3254873793        0.8305974470        0.0005423782
 H         -3.8287061217       -0.6134190308       -0.8827558454
 H         -3.8287070199       -0.6143791628        0.8822595927
 H         -2.0269693240        1.1186437907        0.8832952048
 H         -2.0268433237        1.1193531886       -0.8820086251
 H         -1.3528618452       -1.2860739971       -0.8890940493
 H         -1.3527823396       -1.2866048011        0.8887449894
