  16
 Etot=         -23.1098457588
 C         -2.2891417926        0.0001998380       -0.2137422825
 C         -1.6031508645        1.2082905727       -0.0886254437
 C         -0.2310373647        1.2074693938        0.1620334265
 C          0.4551409696       -0.0000838775        0.2871868945
 C         -0.2318280643       -1.2081937338        0.1618628281
 C         -1.6039415641       -1.2073725549       -0.0887960420
 C          1.9215582193       -0.0003361249        0.5559421479
 O          2.6279703332        0.0001627664       -0.6791994134
 H         -3.3577983835        0.0010602805       -0.4104205741
 H         -2.1364627227        2.1486337905       -0.1868043342
 H          0.2953218795        2.1534813831        0.2589109887
 H          0.2938972451       -2.1540325899        0.2577521254
 H         -2.1380749755       -2.1485864627       -0.1880274819
 H          2.2237405616        0.8845499554        1.1326669149
 H          2.2195932063       -0.8869961742        1.1323353327
 H          3.5733566357       -0.0003782146       -0.4604908257
  16
 Etot=         -23.1110321288
 C         -2.2812928128        0.0004461619       -0.2170188083
 C         -1.5983365824        1.1996939558       -0.0915688101
 C         -0.2363419633        1.1988688904        0.1660856958
 C          0.4517283245       -0.0001916946        0.3021629760
 C         -0.2367046207       -1.1992301833        0.1648939795
 C         -1.5987037927       -1.1987657603       -0.0926378434
 C          1.9286107196       -0.0008511158        0.5640129010
 O          2.6215854696       -0.0001617631       -0.6816282081
 H         -3.3449180423        0.0010752900       -0.4104553933
 H         -2.1284044910        2.1363490072       -0.1893504774
 H          0.2919164994        2.1375576186        0.2593577694
 H          0.2908153992       -2.1380323154        0.2590000281
 H         -2.1294460071       -2.1355642524       -0.1895800911
 H          2.2095915817        0.8914812775        1.1414503626
 H          2.2081394578       -0.8944404876        1.1403012255
 H          3.5709041791       -0.0003663810       -0.4924410450
  16
 Etot=         -23.1111487495
 C         -2.2804929839        0.0005212213       -0.2171597920
 C         -1.5975422883        1.1976656207       -0.0908052191
 C         -0.2384468349        1.1966790070        0.1687473856
 C          0.4505093777       -0.0002549497        0.3089438663
 C         -0.2391178241       -1.1968559533        0.1689882363
 C         -1.5982355207       -1.1969099753       -0.0904355218
 C          1.9329074883       -0.0008358244        0.5695446289
 O          2.6138582070       -0.0006619109       -0.6809328773
 H         -3.3412385549        0.0009553218       -0.4168445968
 H         -2.1243765476        2.1339844928       -0.1946816709
 H          0.2922263542        2.1321455936        0.2643438115
 H          0.2912161190       -2.1325942913        0.2635528762
 H         -2.1250214738       -2.1329895076       -0.1969379298
 H          2.2084992450        0.8932897792        1.1450431358
 H          2.2079044414       -0.8955332968        1.1444103073
 H          3.5664941140       -0.0007370791       -0.5131923790
  16
 Etot=         -23.1111696934
 C         -2.2798779794        0.0005521066       -0.2214424906
 C         -1.5970379730        1.1977143413       -0.0917050849
 C         -0.2388731324        1.1967010591        0.1719667348
 C          0.4499888565       -0.0003419253        0.3132316143
 C         -0.2394365339       -1.1969105154        0.1708110040
 C         -1.5975510288       -1.1970664677       -0.0931739194
 C          1.9344881033       -0.0008750433        0.5720275735
 O          2.6081110375       -0.0002347238       -0.6804305140
 H         -3.3402682534        0.0009232829       -0.4222663784
 H         -2.1231133084        2.1344564007       -0.1955228614
 H          0.2934631693        2.1312486368        0.2683633905
 H          0.2922089301       -2.1318081619        0.2677725414
 H         -2.1244286492       -2.1334344278       -0.1954901810
 H          2.2096048493        0.8928207471        1.1472608654
 H          2.2092834831       -0.8954431396        1.1460338342
 H          3.5625817477       -0.0004339217       -0.5248518673
