  12
 Etot=         -28.2000006241
 C         -0.5340703418        1.3395589467        0.0005659943
 C          0.1809215368        0.2083319081        0.0005386928
 C         -0.5444147553       -1.0956358095       -0.0001357874
 O          0.0469140874       -2.1709360450        0.0006408200
 N         -1.9313208755       -0.9887135222        0.0000595502
 C         -2.6707754160        0.1962776085        0.0001106909
 O         -3.9018963484        0.2111486821       -0.0009386749
 N         -1.9021428885        1.3491248777        0.0005705688
 Br         2.0422161202        0.1975670768       -0.0002307948
 H         -0.0750604973        2.3212471876        0.0016432219
 H         -2.4581646652       -1.8572668487       -0.0008008268
 H         -2.3780596393        2.2460954715        0.0005607172
  12
 Etot=         -28.2030521124
 C         -0.5452967963        1.3512611744        0.0007096488
 C          0.1628194939        0.2061291695        0.0003389453
 C         -0.5394163181       -1.0883971102        0.0003596626
 O          0.0243726075       -2.1659496387        0.0002345612
 N         -1.9148916515       -0.9731903806       -0.0000034246
 C         -2.6536880264        0.1962885435       -0.0002274756
 O         -3.8683190757        0.1985582729       -0.0008644450
 N         -1.9073244216        1.3483649289        0.0006252374
 Br         2.0377326268        0.1631110909        0.0000540558
 H         -0.0777899810        2.3269445751        0.0012084246
 H         -2.4434263811       -1.8410404263       -0.0006842621
 H         -2.4006257591        2.2347193345        0.0008332436
  12
 Etot=         -28.2035411982
 C         -0.5484379758        1.3564236682        0.0007396068
 C          0.1519094517        0.2024322268        0.0004825956
 C         -0.5345891250       -1.0868874504       -0.0001915015
 O          0.0108731871       -2.1706900934        0.0000064495
 N         -1.9079486889       -0.9648281750       -0.0001630888
 C         -2.6479992725        0.1958703324       -0.0000629916
 O         -3.8593179757        0.1938217704       -0.0005085383
 N         -1.9075690214        1.3475355464        0.0005703846
 Br         2.0389010136        0.1628715508        0.0006155240
 H         -0.0695199711        2.3250307344        0.0009227796
 H         -2.4388487494       -1.8317555700       -0.0004710438
 H         -2.4133065554        2.2269749933        0.0006439960
  12
 Etot=         -28.2036279216
 C         -0.5484668650        1.3570852777        0.0006030791
 C          0.1490297660        0.2002060557        0.0003330540
 C         -0.5317699401       -1.0878725429        0.0002768480
 O          0.0061428594       -2.1755893487       -0.0001818142
 N         -1.9075787536       -0.9632860801       -0.0001238709
 C         -2.6479208475        0.1954448903       -0.0000876373
 O         -3.8602495901        0.1944265856       -0.0004692310
 N         -1.9064750319        1.3479870334        0.0004970394
 Br         2.0421910241        0.1718909260        0.0006341699
 H         -0.0630357533        2.3218181013        0.0010166965
 H         -2.4397214330       -1.8297642768       -0.0005715104
 H         -2.4179991178        2.2244529124        0.0006573486
  12
 Etot=         -28.2036527791
 C         -0.5484464903        1.3565279449        0.0007027581
 C          0.1483944843        0.1990395121        0.0005680353
 C         -0.5298646252       -1.0887271935       -0.0003314368
 O          0.0045810988       -2.1782877976       -0.0001484539
 N         -1.9086862448       -0.9636421356       -0.0002703572
 C         -2.6485688809        0.1949482604       -0.0000436867
 O         -3.8617081086        0.1967272561       -0.0001977900
 N         -1.9054531894        1.3488679223        0.0004223507
 Br         2.0446781036        0.1788380875        0.0008873580
 H         -0.0591572701        2.3191143757        0.0008763882
 H         -2.4410167587       -1.8300613630       -0.0004018900
 H         -2.4206058016        2.2234546646        0.0005208965
