  11
 Etot=         -12.8775725504
 C          1.1016213690       -0.0032655530        0.0947312463
 C         -0.0009120339        1.0465400409       -0.1115702573
 N         -1.0445195490        0.0032810439        0.1910499992
 C         -0.0076739033       -1.0465426801       -0.1115739516
 H          1.5268651854       -0.0043501619        1.1052224735
 H          1.9101100068       -0.0055025299       -0.6406687255
 H          0.0101879287        1.8910338385        0.5834815514
 H         -0.0709966381        1.4289533483       -1.1355654773
 H         -1.8074384408        0.0037761325       -0.4865926200
 H         -0.0004174790       -1.8911020565        0.5842541910
 H         -0.0780290971       -1.4294589781       -1.1348467674
  11
 Etot=         -12.8796691055
 C          1.0995489891       -0.0030468683        0.0634668794
 C          0.0007315146        1.0525307166       -0.0983671837
 N         -1.0192969807        0.0023806015        0.1649022028
 C         -0.0047738281       -1.0531145280       -0.0979308299
 H          1.5222103289       -0.0039930322        1.0647589974
 H          1.8982411200       -0.0052307942       -0.6760807382
 H         -0.0309653722        1.8717984594        0.6234556304
 H         -0.0466283259        1.4558926607       -1.1137937344
 H         -1.7841536593        0.0047255636       -0.5037653434
 H         -0.0423581665       -1.8720972683        0.6243229521
 H         -0.0537582714       -1.4564830660       -1.1130471700
  11
 Etot=         -12.8801305843
 C          1.1009684396       -0.0031965250        0.0594922487
 C         -0.0014514588        1.0484198099       -0.0999255333
 N         -1.0112904455        0.0022571065        0.1485110153
 C         -0.0068518220       -1.0490879822       -0.0997693361
 H          1.5275488721       -0.0041123312        1.0570753190
 H          1.8924607252       -0.0055824234       -0.6833147344
 H         -0.0411685746        1.8515780661        0.6363542991
 H         -0.0365169540        1.4734827389       -1.1084918609
 H         -1.7897730188        0.0056475011       -0.5012469186
 H         -0.0504501450       -1.8513215083        0.6372068651
 H         -0.0446782694       -1.4747220074       -1.1079697014
  11
 Etot=         -12.8802856992
 C          1.1005489263       -0.0032268803        0.0579387931
 C         -0.0043846142        1.0486184207       -0.0985077692
 N         -1.0100455470        0.0024020795        0.1277477435
 C         -0.0099949631       -1.0491436636       -0.0983288040
 H          1.5397201814       -0.0044720494        1.0506274022
 H          1.8824723282       -0.0052663684       -0.6944209858
 H         -0.0436843161        1.8405959466        0.6501024417
 H         -0.0283860919        1.4964094034       -1.0994869935
 H         -1.7976571443        0.0052413088       -0.5098582692
 H         -0.0530945395       -1.8401240587        0.6510530968
 H         -0.0366968711       -1.4976716940       -1.0989449933
  11
 Etot=         -12.8803072363
 C          1.1008385460       -0.0031820929        0.0579491689
 C         -0.0050016707        1.0491579341       -0.0972806549
 N         -1.0114374435        0.0025391698        0.1197261932
 C         -0.0106955828       -1.0495537664       -0.0969743742
 H          1.5486479285       -0.0043387693        1.0472752881
 H          1.8774162726       -0.0052771508       -0.7010250463
 H         -0.0463332163        1.8371633196        0.6565943195
 H         -0.0256388878        1.5054070417       -1.0944223187
 H         -1.7986882277        0.0046067788       -0.5175234886
 H         -0.0563736925       -1.8368287700        0.6574082395
 H         -0.0339366771       -1.5063312499       -1.0938056642
