  16
 Etot=         -21.7714507754
 C          2.7326327999       -0.4160660795       -0.0771738257
 O          1.3627399541       -0.3627329354        0.2971831784
 C          0.7271670560        0.8015535881       -0.2150813846
 C         -0.7272823279        0.8012455065        0.2151219335
 O         -1.3636277418       -0.3632110608       -0.2969985771
 C         -2.7326837600       -0.4160535087        0.0771501831
 H          3.1882296953       -1.3214930538        0.3334080337
 H          3.2499615791        0.4683256262        0.3026791000
 H          2.8034168112       -0.4377725346       -1.1675790043
 H          1.2539829453        1.6779113540        0.1741230412
 H          0.8027198003        0.7810740289       -1.3068109163
 H         -1.2542506913        1.6776547146       -0.1750373211
 H         -0.8024985833        0.7813713835        1.3061680068
 H         -3.1837538129       -1.3201694003       -0.3330793403
 H         -3.2443638022        0.4690941313       -0.3034745530
 H         -2.7973709298       -0.4363310176        1.1664712527
  16
 Etot=         -21.7730502900
 C          2.7350397801       -0.4103592806       -0.0804788377
 O          1.3738405110       -0.3567834995        0.3066482277
 C          0.7270225831        0.7914450969       -0.2205381626
 C         -0.7254429129        0.7911731871        0.2191864308
 O         -1.3726195894       -0.3569742825       -0.3080245427
 C         -2.7338333311       -0.4103183977        0.0804729394
 H          3.1554827551       -1.3163804800        0.3513737427
 H          3.2715715567        0.4658928229        0.2973026277
 H          2.8204234125       -0.4484671667       -1.1716189790
 H          1.2274928904        1.6931859114        0.1568486396
 H          0.7859423629        0.7734650850       -1.3164100574
 H         -1.2265972856        1.6937073760       -0.1560149216
 H         -0.7837536963        0.7720736502        1.3148473808
 H         -3.1531829374       -1.3164689963       -0.3496224188
 H         -3.2693515454        0.4655490226       -0.2983968015
 H         -2.8170155618       -0.4463393062        1.1714945396
  16
 Etot=         -21.7735401381
 C          2.7422317522       -0.4089474344       -0.0780426930
 O          1.3883767216       -0.3391824365        0.3161584968
 C          0.7272292367        0.7880328302       -0.2267130499
 C         -0.7250718870        0.7879795416        0.2249238820
 O         -1.3867221434       -0.3384945196       -0.3186220868
 C         -2.7404664856       -0.4088003204        0.0779801919
 H          3.1372628503       -1.3157643741        0.3721482132
 H          3.2976662046        0.4633507560        0.2856202878
 H          2.8331776479       -0.4643078138       -1.1686547326
 H          1.2118353075        1.7116617982        0.1275202454
 H          0.7716940486        0.7575308846       -1.3245962498
 H         -1.2097811442        1.7128400357       -0.1262538940
 H         -0.7685588646        0.7549150007        1.3229779361
 H         -3.1357988538       -1.3170880073       -0.3695305303
 H         -3.2977078526        0.4623243843       -0.2868254292
 H         -2.8303475460       -0.4616495830        1.1689792192
  16
 Etot=         -21.7737137557
 C          2.7455326156       -0.4085790643       -0.0730128731
 O          1.3955385955       -0.3227417222        0.3269565075
 C          0.7266918384        0.7887464095       -0.2317037700
 C         -0.7246260960        0.7887705877        0.2299903196
 O         -1.3942641957       -0.3215458947       -0.3298343746
 C         -2.7436517050       -0.4083023159        0.0729326843
 H          3.1333807351       -1.3125199410        0.3882383423
 H          3.3126907038        0.4635604916        0.2744828830
 H          2.8330536367       -0.4797412796       -1.1631288118
 H          1.2064516153        1.7238437917        0.1008999709
 H          0.7618952067        0.7397372979       -1.3298860725
 H         -1.2039966127        1.7250831599       -0.0997056118
 H         -0.7589382920        0.7367895454        1.3283393526
 H         -3.1318551291       -1.3140878921       -0.3853430050
 H         -3.3131724717        0.4623224895       -0.2756425860
 H         -2.8297114532       -0.4769349209        1.1634868517
  16
 Etot=         -21.7738935809
 C          2.7474568159       -0.4071023529       -0.0642208740
 O          1.4026606854       -0.2992935767        0.3477632113
 C          0.7253816205        0.7905240957       -0.2379258971
 C         -0.7235635214        0.7906993340        0.2361516726
 O         -1.4021074212       -0.2974899250       -0.3511591703
 C         -2.7455489640       -0.4067010448        0.0643134168
 H          3.1342096072       -1.3035397646        0.4122447726
 H          3.3273465775        0.4676836806        0.2562444997
 H          2.8223916814       -0.5037570921       -1.1536746006
 H          1.2022098626        1.7384955521        0.0612173641
 H          0.7487459020        0.7089056047       -1.3352451273
 H         -1.1995155967        1.7397320274       -0.0604951281
 H         -0.7463541484        0.7061404051        1.3334230325
 H         -3.1324807683       -1.3048692252       -0.4093258646
 H         -3.3279790100        0.4664753874       -0.2564084726
 H         -2.8178343306       -0.5015023633        1.1541669721
  16
 Etot=         -21.7740208230
 C          2.7476499347       -0.4041029057       -0.0560545319
 O          1.4080357010       -0.2797091780        0.3705308156
 C          0.7239849410        0.7911711316       -0.2419665381
 C         -0.7223389913        0.7916594058        0.2394585837
 O         -1.4081584424       -0.2773531857       -0.3745352002
 C         -2.7457970766       -0.4037673410        0.0567606064
 H          3.1395109792       -1.2907852146        0.4350401095
 H          3.3347249392        0.4755775781        0.2365520250
 H          2.8055391575       -0.5261590216       -1.1443151410
 H          1.1997004502        1.7477464988        0.0268281276
 H          0.7399320102        0.6775829261       -1.3366424581
 H         -1.1968933505        1.7491632582       -0.0273415001
 H         -0.7379189235        0.6757124640        1.3338553139
 H         -3.1380006409       -1.2913283795       -0.4326424827
 H         -3.3355224205        0.4748959135       -0.2338290659
 H         -2.7994292754       -0.5259032076        1.1453711433
  16
 Etot=         -21.7740991359
 C          2.7479063577       -0.4001152686       -0.0503891136
 O          1.4128380107       -0.2669625481        0.3892991716
 C          0.7229836394        0.7897896150       -0.2433913528
 C         -0.7214218115        0.7906314072        0.2397886600
 O         -1.4133972430       -0.2643453050       -0.3936200471
 C         -2.7461128650       -0.4000807822        0.0519465556
 H          3.1479372695       -1.2762115040        0.4537669116
 H          3.3364268650        0.4857397835        0.2171985900
 H          2.7901259579       -0.5442614399       -1.1364421949
 H          1.1976432229        1.7507862754        0.0038326442
 H          0.7368409501        0.6520840700       -1.3342403438
 H         -1.1947432874        1.7524621554       -0.0061198218
 H         -0.7349496532        0.6515683285        1.3302873836
 H         -3.1472496052       -1.2756174589       -0.4523520704
 H         -3.3370914115        0.4857941771       -0.2106318441
 H         -2.7827174045       -0.5468607630        1.1381366788
  16
 Etot=         -21.7741365837
 C          2.7492577931       -0.3965665227       -0.0474060985
 O          1.4171653158       -0.2607598420        0.4001476579
 C          0.7224941128        0.7871755683       -0.2438881935
 C         -0.7210030070        0.7882793972        0.2393374328
 O         -1.4179299518       -0.2581486735       -0.4046149633
 C         -2.7474410385       -0.3968481812        0.0496710367
 H          3.1561267330       -1.2633737195        0.4676572253
 H          3.3362042194        0.4952069299        0.2014111488
 H          2.7826987634       -0.5579261355       -1.1309264481
 H          1.1952797465        1.7511074717       -0.0085162378
 H          0.7361204217        0.6357710728       -1.3320020204
 H         -1.1923098063        1.7530805788        0.0047426950
 H         -0.7342376260        0.6363004948        1.3272308037
 H         -3.1564416336       -1.2617493084       -0.4669591201
 H         -3.3364962144        0.4957509092       -0.1917553727
 H         -2.7744688364       -0.5628992976        1.1329402614
