  10
 Etot=         -13.8358927031
 C         -1.8156981914       -0.8369513966       -0.4685754982
 S         -0.9127786891        0.4173827875        0.4722210404
 S          0.9132158206        0.4151570462       -0.4734502009
 C          1.8152455646       -0.8360047815        0.4716986877
 H         -2.8270027543       -0.9448564831       -0.0693843492
 H         -1.2995955829       -1.7969907196       -0.3981510994
 H         -1.8767818850       -0.5397026445       -1.5189934920
 H          2.8243979309       -0.9432443047        0.0693192817
 H          1.2962931082       -1.7927455153        0.4009702189
 H          1.8741766311       -0.5322282129        1.5181254295
  10
 Etot=         -13.8369268963
 C         -1.8100876631       -0.8474082934       -0.4841179279
 S         -0.9062225204        0.4074980719        0.4627925616
 S          0.9047170003        0.4068327899       -0.4656024457
 C          1.8087322837       -0.8453758927        0.4857826773
 H         -2.8053427559       -0.9165579173       -0.0516585386
 H         -1.3037372067       -1.8068762555       -0.4006747245
 H         -1.8771170227       -0.5372240675       -1.5251799851
 H          2.8031786595       -0.9156134105        0.0525966672
 H          1.3017368260       -1.8042099747        0.4049141264
 H          1.8756143520       -0.5312492750        1.5249276078
  10
 Etot=         -13.8371279578
 C         -1.8217810438       -0.8540560471       -0.4938926351
 S         -0.9134848396        0.4123314735        0.4468148231
 S          0.9100572275        0.4111659637       -0.4493941131
 C          1.8203155796       -0.8519071216        0.4948404458
 H         -2.8080946333       -0.9032391535       -0.0453237827
 H         -1.3169661695       -1.8098780125       -0.4002814475
 H         -1.8874031863       -0.5448165422       -1.5311710193
 H          2.8062887535       -0.9025345087        0.0456662462
 H          1.3155688628       -1.8082553494        0.4053879052
 H          1.8869714017       -0.5389949268        1.5311335956
  10
 Etot=         -13.8371646897
 C         -1.8262265770       -0.8546940018       -0.4964634959
 S         -0.9098945910        0.4076338717        0.4516050399
 S          0.9078555476        0.4070874030       -0.4545731843
 C          1.8244781494       -0.8522723780        0.4975187822
 H         -2.8111678373       -0.8961594580       -0.0465489541
 H         -1.3261884340       -1.8120355288       -0.4018972477
 H         -1.8896871919       -0.5450656205       -1.5331819270
 H          2.8092661399       -0.8952813597        0.0473628952
 H          1.3244972050       -1.8101708781        0.4065857501
 H          1.8885395420       -0.5392262745        1.5333723601
