  13
 Etot=         -14.7207617456
 C          0.6843367360       -1.4147773123        0.0004699101
 C          0.5112812484        0.0788497116        0.0001361283
 C          1.5829049139        0.8897229383       -0.0004381623
 C         -0.8308839323        0.6428378243       -0.0000553167
 C         -1.9821389732       -0.0409024034        0.0003077781
 H          0.7290482932       -1.8001484757        1.0240005365
 H          1.6090442364       -1.7210724842       -0.5012155556
 H         -0.1452166939       -1.9013822646       -0.5254224053
 H          1.4732018750        1.9690492623       -0.0014022421
 H          2.5967261873        0.5010738094       -0.0009674037
 H         -0.9010174768        1.7293926849       -0.0009613075
 H         -2.9278535784        0.4913549314        0.0004308823
 H         -2.0228268575       -1.1239727830        0.0005287060
  13
 Etot=         -14.7217288718
 C          0.6840085588       -1.4166721813       -0.0066822117
 C          0.5113502775        0.0738657229       -0.0134906413
 C          1.5729610985        0.8843756045       -0.0070102675
 C         -0.8296340425        0.6370511014       -0.0044758806
 C         -1.9779775731       -0.0366236176        0.0055091778
 H          0.6999142594       -1.7900717168        1.0180227670
 H          1.6239839920       -1.6976472980       -0.4819839362
 H         -0.1276556951       -1.9093481254       -0.5386855957
 H          1.4653633019        1.9575376501        0.0135158122
 H          2.5808447701        0.5018837913       -0.0087817843
 H         -0.8785553646        1.7205024938       -0.0048449035
 H         -2.9197413585        0.4874537679        0.0049401662
 H         -2.0282562463       -1.1122817536        0.0193788456
  13
 Etot=         -14.7219601465
 C          0.6843796138       -1.4190018418       -0.0127225052
 C          0.5114257944        0.0711663421       -0.0126462390
 C          1.5682143998        0.8829002374       -0.0004467890
 C         -0.8304662815        0.6353300064       -0.0018751236
 C         -1.9771575214       -0.0341125711        0.0164764609
 H          0.6618230812       -1.7906444760        1.0119033453
 H          1.6423993452       -1.6860886557       -0.4539285609
 H         -0.1071826945       -1.9100568174       -0.5697244243
 H          1.4617535021        1.9532733766        0.0061698034
 H          2.5742234488        0.5036994749       -0.0192036397
 H         -0.8623421265        1.7178193706       -0.0161394271
 H         -2.9196665315        0.4830131072        0.0185018576
 H         -2.0307980517       -1.1072721143        0.0290467898
  13
 Etot=         -14.7221537914
 C          0.6840432176       -1.4209530093       -0.0213535005
 C          0.5118299058        0.0697102889       -0.0256415929
 C          1.5655765987        0.8830812328       -0.0181921391
 C         -0.8317376880        0.6355217067       -0.0079744929
 C         -1.9763161247       -0.0328070641        0.0292806166
 H          0.6045430687       -1.7912659924        1.0035641254
 H          1.6664396993       -1.6818189944       -0.4106283854
 H         -0.0794373823       -1.9086549347       -0.6192430224
 H          1.4599561705        1.9523602148        0.0140979373
 H          2.5712500616        0.5062198741       -0.0182346832
 H         -0.8483284792        1.7175308099       -0.0282622339
 H         -2.9221352179        0.4765671379        0.0385973571
 H         -2.0290778521       -1.1054658312        0.0594015620
  13
 Etot=         -14.7223584215
 C          0.6810650759       -1.4205914613       -0.0284241889
 C          0.5127844275        0.0708375220       -0.0308678826
 C          1.5663767788        0.8850450736       -0.0222052013
 C         -0.8325011093        0.6381068965       -0.0112736329
 C         -1.9735596780       -0.0342128527        0.0475088203
 H          0.5255012833       -1.8013226100        0.9897820172
 H          1.6917573051       -1.6814187969       -0.3497525296
 H         -0.0437847400       -1.8986462654       -0.6888131581
 H          1.4613275039        1.9547420744        0.0070355286
 H          2.5732515091        0.5084924424       -0.0309741046
 H         -0.8422325722        1.7198166243       -0.0401629603
 H         -2.9249067877        0.4673034936        0.0584539706
 H         -2.0184730183       -1.1081267015        0.0951048697
  13
 Etot=         -14.7226056434
 C          0.6755357720       -1.4168538189       -0.0310473421
 C          0.5142068707        0.0749990533       -0.0289784991
 C          1.5711506431        0.8881135056       -0.0278665498
 C         -0.8320365783        0.6424881658       -0.0067429168
 C         -1.9687052447       -0.0388129306        0.0669533819
 H          0.4668071995       -1.8144605595        0.9705871586
 H          1.6962488017       -1.6885858459       -0.3033066735
 H         -0.0179815699       -1.8826737627       -0.7373202852
 H          1.4664151543        1.9599166053       -0.0037991508
 H          2.5799503833        0.5093274368       -0.0357406727
 H         -0.8495286062        1.7241724574       -0.0533396792
 H         -2.9256934494        0.4572638609        0.0689320352
 H         -1.9997633981       -1.1148687285        0.1170807415
  13
 Etot=         -14.7227710468
 C          0.6691720436       -1.4114988161       -0.0305152574
 C          0.5156603323        0.0798789675       -0.0232448170
 C          1.5772362777        0.8895750934       -0.0259017988
 C         -0.8299628909        0.6459820459       -0.0095769917
 C         -1.9624303399       -0.0450255068        0.0626717714
 H          0.4274802174       -1.8228674189        0.9500753241
 H          1.6886520328       -1.6961887211       -0.2712926140
 H         -0.0009071597       -1.8643601971       -0.7618455935
 H          1.4730614332        1.9633908593       -0.0168299528
 H          2.5866445244        0.5072952586       -0.0399288620
 H         -0.8661534814        1.7273936632       -0.0547459875
 H         -2.9221761740        0.4486537040        0.0824375693
 H         -1.9796708374       -1.1222034929        0.1341087580
  13
 Etot=         -14.7229140758
 C          0.6632478646       -1.4079227334       -0.0347865808
 C          0.5175634943        0.0827753905       -0.0260753566
 C          1.5804234085        0.8891897915       -0.0374044507
 C         -0.8275437228        0.6470661468       -0.0025931738
 C         -1.9554626459       -0.0505562735        0.0869266913
 H          0.3488209946       -1.8269021716        0.9274949110
 H          1.7015606242       -1.6956950300       -0.2103936042
 H          0.0353029605       -1.8458785871       -0.8166007630
 H          1.4776370435        1.9628854469       -0.0293449522
 H          2.5883349715        0.5056573515       -0.0498299165
 H         -0.8738724580        1.7277558116       -0.0615607709
 H         -2.9166804201        0.4374172383        0.0981580206
 H         -1.9627261371       -1.1257669424        0.1514214940
  13
 Etot=         -14.7229354572
 C          0.6640834610       -1.4086427251       -0.0327636909
 C          0.5176276608        0.0819953481       -0.0269909861
 C          1.5796402376        0.8873567895       -0.0430707912
 C         -0.8264199947        0.6444689513        0.0064401048
 C         -1.9556907860       -0.0505841635        0.0955762417
 H          0.3529131286       -1.8198464237        0.9241866110
 H          1.6970600016       -1.6925452707       -0.2103138649
 H          0.0412509296       -1.8476374424       -0.8063605016
 H          1.4772692750        1.9598003053       -0.0292445382
 H          2.5855822814        0.5040991791       -0.0537396525
 H         -0.8755507188        1.7250323784       -0.0541229481
 H         -2.9131177958        0.4398873664        0.0888380065
 H         -1.9680417021       -1.1233588538        0.1369775578
  13
 Etot=         -14.7230556682
 C          0.6640351612       -1.4094800344       -0.0335363099
 C          0.5179943596        0.0818853714       -0.0288949428
 C          1.5790489145        0.8874702164       -0.0449242236
 C         -0.8261885195        0.6436267005        0.0019278057
 C         -1.9552755129       -0.0502695437        0.0895857342
 H          0.3217905820       -1.8210215397        0.9159873194
 H          1.7046280738       -1.6899003318       -0.1826091679
 H          0.0639633474       -1.8464461769       -0.8306288244
 H          1.4770939659        1.9592120390       -0.0320435293
 H          2.5843046382        0.5047042088       -0.0623143453
 H         -0.8726870707        1.7239138956       -0.0517841530
 H         -2.9124928902        0.4392370529        0.1044102682
 H         -1.9696090710       -1.1229064192        0.1502359168
  13
 Etot=         -14.7230918818
 C          0.6639351577       -1.4097635693       -0.0336211775
 C          0.5183775293        0.0823477005       -0.0295183888
 C          1.5794383844        0.8881473547       -0.0491920461
 C         -0.8259886454        0.6434631229        0.0035488105
 C         -1.9549524264       -0.0506436883        0.0923977415
 H          0.2915471522       -1.8240606884        0.9044624311
 H          1.7094855669       -1.6902492280       -0.1525294203
 H          0.0873014409       -1.8433399592       -0.8512129655
 H          1.4775455256        1.9599983946       -0.0395781583
 H          2.5847433525        0.5051531785       -0.0711562336
 H         -0.8724784614        1.7239599273       -0.0462791383
 H         -2.9125558753        0.4389335609        0.1136768542
 H         -1.9697927229       -1.1239206673        0.1544132393
