  14
 Etot=         -20.7695100492
 C          0.7229918501       -1.1770071834       -0.2260243527
 C         -0.7279154009       -1.1747486917        0.2260464918
 O         -1.3803893843        0.0026718171       -0.2550560403
 C         -0.7229359001        1.1773652941        0.2260012861
 C          0.7279713508        1.1751068025       -0.2260695584
 O          1.3802912821       -0.0032997258        0.2550964851
 H          0.7977151757       -1.1993196843       -1.3201470958
 H          1.2475487671       -2.0507777866        0.1716098683
 H         -1.2562544169       -2.0458664086       -0.1727903264
 H         -0.8026166093       -1.1960986772        1.3194032074
 H         -1.2474928172        2.0511358973       -0.1716329349
 H         -0.7976592258        1.1996777950        1.3201240292
 H          0.8026725592        1.1964567879       -1.3194262740
 H          1.2563103668        2.0462245193        0.1727672598
  14
 Etot=         -20.7709862066
 C          0.7270184240       -1.1666328995       -0.2216043085
 C         -0.7315420553       -1.1639441410        0.2219285028
 O         -1.3954039908        0.0028886793       -0.2510660653
 C         -0.7269704070        1.1670297498        0.2216255480
 C          0.7315236567        1.1642927589       -0.2219141096
 O          1.3953995439       -0.0029897980        0.2510905358
 H          0.7805182026       -1.1924232976       -1.3185237519
 H          1.2647194211       -2.0220101615        0.1912204500
 H         -1.2728046128       -2.0161962284       -0.1926549283
 H         -0.7858363728       -1.1898233351        1.3185001678
 H         -1.2646198874        2.0221994150       -0.1916359379
 H         -0.7806951769        1.1927565882        1.3184908837
 H          0.7859893641        1.1900678932       -1.3184418590
 H          1.2729414879        2.0163055325        0.1928869174
  14
 Etot=         -20.7711235956
 C          0.7282180342       -1.1663042471       -0.2228785209
 C         -0.7329014704       -1.1635696969        0.2228930331
 O         -1.3936103389        0.0029470124       -0.2444877358
 C         -0.7281945691        1.1666359362        0.2228310291
 C          0.7329217540        1.1638317609       -0.2228011745
 O          1.3935884946       -0.0028789654        0.2446180202
 H          0.7776582715       -1.1970768468       -1.3207069564
 H          1.2669281554       -2.0141551122        0.1996763328
 H         -1.2750947694       -2.0085385920       -0.2008540008
 H         -0.7829646076       -1.1947577767        1.3205846089
 H         -1.2667875169        2.0142425205       -0.2003211059
 H         -0.7779494382        1.1975960456        1.3205860553
 H          0.7832226932        1.1949582352       -1.3204412547
 H          1.2752029047        2.0085904821        0.2012037147
  14
 Etot=         -20.7711461037
 C          0.7290836148       -1.1675051534       -0.2233817210
 C         -0.7338533176       -1.1646070091        0.2230409042
 O         -1.3926269597        0.0030277947       -0.2398747298
 C         -0.7290646834        1.1677578531        0.2232850265
 C          0.7339214802        1.1648015296       -0.2229136632
 O          1.3926360049       -0.0029175879        0.2399960875
 H          0.7773917090       -1.2030902864       -1.3211392850
 H          1.2674434152       -2.0128363178        0.2029441974
 H         -1.2756820940       -2.0073691153       -0.2038699103
 H         -0.7824962411       -1.2006520298        1.3207590327
 H         -1.2673429565        2.0128956759       -0.2035059828
 H         -0.7776695093        1.2036696558        1.3209872923
 H          0.7827533326        1.2008819496       -1.3206002080
 H          1.2757438025        2.0074637967        0.2041750047
