  16
 Etot=         -23.1308389537
 C         -2.5443970920        1.0018352886       -0.0004932685
 C         -1.2383882803        0.2807097919       -0.0005355619
 C         -1.2129444161       -1.1139491242       -0.0001928055
 C          0.0080008288       -1.7883515243        0.0001415215
 C          1.2028314119       -1.0692766114        0.0005253228
 C          1.1765222449        0.3258827804        0.0002104088
 C         -0.0444230000        1.0002851805       -0.0001239182
 O          2.3420723251        1.0283398301       -0.0001120263
 H         -2.8714826453        1.1828882284       -1.0291622501
 H         -3.3129619381        0.4194451441        0.5178105005
 H         -2.4599133713        1.9622403013        0.5183060303
 H         -2.1383783699       -1.6829525610       -0.0004860662
 H          0.0280567386       -2.8746004533       -0.0000155361
 H          2.1509550164       -1.5999390496        0.0004402339
 H         -0.0616275076        2.0874659236        0.0000681897
 H          3.0998427254        0.4222896995        0.0003974588
  16
 Etot=         -23.1318544284
 C         -2.5440498412        1.0044352341        0.0035870841
 C         -1.2362775371        0.2764421102        0.0099042983
 C         -1.2046641392       -1.1132629522        0.0030818159
 C          0.0071335057       -1.7846359100       -0.0029493043
 C          1.1966523025       -1.0764664286       -0.0029705803
 C          1.1747486507        0.3148191151       -0.0022706452
 C         -0.0425124933        0.9852908344        0.0038518937
 O          2.3292988235        1.0379534385       -0.0011069757
 H         -2.8683656637        1.1841967073       -1.0212485119
 H         -3.3152711391        0.4204921931        0.5044853006
 H         -2.4573925800        1.9679668414        0.5045208909
 H         -2.1276786710       -1.6751385147        0.0053409259
 H          0.0266242025       -2.8652075235       -0.0017808347
 H          2.1404001570       -1.6048673790       -0.0009903021
 H         -0.0504692468        2.0661043239        0.0067036448
 H          3.0955883399        0.4441907548       -0.0013804663
  16
 Etot=         -23.1319823390
 C         -2.5449119121        1.0066462568        0.0040111454
 C         -1.2375918030        0.2745270236        0.0129510482
 C         -1.2036725622       -1.1143834957        0.0064496702
 C          0.0055616996       -1.7846932876       -0.0008920842
 C          1.1957691564       -1.0822768261       -0.0027434959
 C          1.1746495397        0.3077429037        0.0003418300
 C         -0.0421843230        0.9773194100        0.0076456389
 O          2.3204513953        1.0465855355       -0.0016910341
 H         -2.8636677689        1.1840588243       -1.0224074679
 H         -3.3163088621        0.4227482816        0.4995966634
 H         -2.4528796068        1.9700608647        0.4987634541
 H         -2.1273728288       -1.6722861629        0.0092175085
 H          0.0243688630       -2.8636263560       -0.0049777452
 H          2.1385126621       -1.6095975109       -0.0063285502
 H         -0.0412076630        2.0563139850        0.0112757380
 H          3.0942486842        0.4631733986       -0.0044340854
  16
 Etot=         -23.1320021104
 C         -2.5454764727        1.0076925125        0.0036162604
 C         -1.2387322640        0.2740819287        0.0145758920
 C         -1.2042921138       -1.1154405585        0.0076771203
 C          0.0048711804       -1.7855749873       -0.0018470303
 C          1.1968173723       -1.0849312966       -0.0046087188
 C          1.1749890893        0.3047370393        0.0002697660
 C         -0.0424107496        0.9747355649        0.0095139037
 O          2.3165426261        1.0503853271       -0.0012331711
 H         -2.8611405401        1.1836352565       -1.0243436289
 H         -3.3177532088        0.4250575807        0.4984414124
 H         -2.4515176157        1.9711416584        0.4969039291
 H         -2.1287951465       -1.6723974660        0.0115361916
 H          0.0231728321       -2.8647285932       -0.0042954120
 H          2.1394368718       -1.6125109579       -0.0085208638
 H         -0.0363016188        2.0538906492        0.0144643255
 H          3.0943544284        0.4725391869       -0.0053717424
