  14
 Etot=         -26.3457850257
 C         -2.5839314979        0.0003368380       -0.0002353205
 C         -1.8870856811       -1.2080202398        0.0000477892
 C         -0.4922645756       -1.2077320421        0.0000237065
 C          0.2056952279       -0.0004453714        0.0001088830
 C         -0.4921500037        1.2079312121       -0.0001461295
 C         -1.8869711092        1.2076430144       -0.0001220468
 N          1.6255323609        0.0002303375       -0.0001347601
 O          2.2332976046        1.0974538051        0.0001311978
 O          2.2334786857       -1.0974974328       -0.0000430978
 H         -3.6705352429       -0.0001082818        0.0012149578
 H         -2.4297180174       -2.1481561157        0.0008740222
 H          0.0395444615       -2.1566072166        0.0002500584
 H          0.0396885036        2.1567332376        0.0005739584
 H         -2.4288823765        2.1490450680        0.0014115470
  14
 Etot=         -26.3488081985
 C         -2.5705738471        0.0002141306        0.0007496506
 C         -1.8791585385       -1.2055595508        0.0004340350
 C         -0.4956472147       -1.2109322099        0.0001544684
 C          0.1946427326       -0.0001626482        0.0002313235
 C         -0.4954451767        1.2111002569        0.0004634594
 C         -1.8789823796        1.2054956236        0.0007805054
 N          1.6094609786        0.0001710709        0.0001977588
 O          2.2061698774        1.0787713869       -0.0001035891
 O          2.2061606602       -1.0787695932       -0.0005203424
 H         -3.6508988646       -0.0000827804        0.0006583448
 H         -2.4178081494       -2.1406223900        0.0002660615
 H          0.0472664210       -2.1458946456        0.0001017687
 H          0.0475743742        2.1459205150        0.0003294948
 H         -2.4170625335        2.1411576467        0.0002118260
  14
 Etot=         -26.3491778374
 C         -2.5668259800        0.0001630004        0.0003330826
 C         -1.8776414724       -1.2053182389        0.0002886501
 C         -0.4971879961       -1.2134684917       -0.0000268517
 C          0.1888514282       -0.0000099414       -0.0003889580
 C         -0.4970387099        1.2135715207       -0.0001759728
 C         -1.8775182075        1.2055050026        0.0000824778
 N          1.6051885752        0.0000357374       -0.0010660421
 O          2.1937359600        1.0709214911        0.0008227118
 O          2.1936207017       -1.0710005973        0.0008778952
 H         -3.6448591182        0.0000630201        0.0011174764
 H         -2.4160688671       -2.1384068061        0.0007419260
 H          0.0584075641       -2.1381297604       -0.0001867908
 H          0.0586783022        2.1381201444        0.0000067733
 H         -2.4156438404        2.1387607314        0.0015283878
  14
 Etot=         -26.3492014517
 C         -2.5670805088        0.0001571451        0.0005336759
 C         -1.8783652331       -1.2056516431        0.0003634745
 C         -0.4976034852       -1.2140087362        0.0005704821
 C          0.1875069790        0.0000105060        0.0012131479
 C         -0.4974836307        1.2140983120        0.0009205312
 C         -1.8782627606        1.2058804374        0.0007955759
 N          1.6063345415       -0.0000162515        0.0026805121
 O          2.1931795729        1.0719246006       -0.0020430751
 O          2.1930590090       -1.0720549791       -0.0023301779
 H         -3.6452467641        0.0001308782        0.0000338435
 H         -2.4176012168       -2.1386196846       -0.0000251240
 H          0.0621725878       -2.1361310728        0.0005507921
 H          0.0624026942        2.1361398850        0.0008423437
 H         -2.4173134453        2.1389474155       -0.0001512363
