  12
 Etot=         -15.8797302828
 C         -1.2121618712       -0.6893512069       -0.0001286101
 C         -0.0088876009       -1.3949374762        0.0000879259
 C          1.2032595974       -0.7048467853       -0.0000018369
 C          1.2127910167        0.6896417032        0.0000841958
 C          0.0086384730        1.3947506425       -0.0001041953
 C         -1.2035087252        0.7046599516       -0.0000144325
 H         -2.1570069595       -1.2259539734        0.0009804971
 H         -0.0153898441       -2.4807779052       -0.0004446700
 H          2.1405703469       -1.2541986703       -0.0002572746
 H          2.1559455181        1.2273187189       -0.0000309775
 H          0.0151407163        2.4805910715        0.0004284007
 H         -2.1408194747        1.2540118365        0.0002410052
  12
 Etot=         -15.8804659351
 C         -1.2045582206       -0.6852241055        0.0002887097
 C         -0.0089037239       -1.3859440835       -0.0000752043
 C          1.1954950765       -0.7003473340       -0.0002672141
 C          1.2046108593        0.6853399326       -0.0000205751
 C          0.0086464320        1.3858969483        0.0002528365
 C         -1.1958046329        0.7003885845        0.0004388604
 H         -2.1443609845       -1.2195765037        0.0002263405
 H         -0.0154767483       -2.4667540994       -0.0000241635
 H          2.1282255730       -1.2468729793       -0.0002973666
 H          2.1437334492        1.2202605855       -0.0000285596
 H          0.0154113435        2.4667286609        0.0000941447
 H         -2.1284472307        1.2470123004        0.0002522194
  12
 Etot=         -15.8804725644
 C         -1.2033758245       -0.6845543711       -0.0000615247
 C         -0.0088888543       -1.3842779034        0.0000969964
 C          1.1943385369       -0.6996407382        0.0001380757
 C          1.2031147277        0.6846474937       -0.0000585012
 C          0.0086290095        1.3843956394       -0.0001464587
 C         -1.1946021999        0.6998014271       -0.0001756201
 H         -2.1417152318       -1.2184108596        0.0003269223
 H         -0.0156157844       -2.4638455684       -0.0001426491
 H          2.1258613445       -1.2453568103       -0.0001826463
 H          2.1414368614        1.2186255353       -0.0001900944
 H          0.0154711337        2.4639761708        0.0003836859
 H         -2.1260825261        1.2455478914        0.0008518420
