  15
 Etot=         -17.7216927585
 C          0.6729481922       -1.4435087070       -0.1027295391
 C          0.4227452637       -0.0006998893        0.3073036427
 C          1.6295623644        0.8841147797        0.0312937028
 O         -0.7010976164        0.5019935961       -0.4084612911
 C         -1.9223667176        0.0757372840        0.1770456164
 H         -0.2007259756       -2.0709853824        0.1000005043
 H          0.9046778864       -1.5022341523       -1.1715380677
 H          1.5348672836       -1.8615355869        0.4297091970
 H          0.1772129458        0.0393415890        1.3735829498
 H          1.4395224163        1.9197462872        0.3295456076
 H          1.8777589859        0.8664614497       -1.0358055414
 H          2.5139978386        0.5213373844        0.5660791304
 H         -2.7588860035        0.4798473920       -0.3967352694
 H         -1.9682997658        0.4254868568        1.2098880010
 H         -1.9586690644       -1.0141429890        0.1586029984
  15
 Etot=         -17.7238141975
 C          0.7089251538       -1.4595676482       -0.1024312570
 C          0.4285791768       -0.0178453675        0.3126263656
 C          1.6238949592        0.8775768843        0.0186328214
 O         -0.7032995151        0.5068178465       -0.3836210745
 C         -1.9350192549        0.0900490717        0.1785378303
 H         -0.1477953054       -2.0975682379        0.1048081240
 H          0.9170189918       -1.4993909012       -1.1719071093
 H          1.5678748969       -1.8566448387        0.4361952206
 H          0.2108869125        0.0191435084        1.3910230382
 H          1.4167492099        1.9020906498        0.3210663732
 H          1.8475312513        0.8705657461       -1.0479601180
 H          2.4969815219        0.5186834783        0.5616888871
 H         -2.7312537414        0.5308932660       -0.4182492961
 H         -2.0108746239        0.4358294541        1.2142050308
 H         -2.0269515998       -0.9996729998        0.1531668057
  15
 Etot=         -17.7242680000
 C          0.7247688001       -1.4716006612       -0.1015160379
 C          0.4358063438       -0.0309233612        0.3230828648
 C          1.6213649882        0.8772260544        0.0126840486
 O         -0.7009656532        0.5021786727       -0.3602949485
 C         -1.9425290364        0.0991666484        0.1778112127
 H         -0.1218803704       -2.1190736796        0.1114228294
 H          0.9242049281       -1.5014243622       -1.1698014593
 H          1.5884449784       -1.8466703965        0.4375268579
 H          0.2319425378       -0.0010896211        1.4072411693
 H          1.3998132890        1.8971557250        0.3132514383
 H          1.8230846318        0.8698036479       -1.0546833337
 H          2.4972258300        0.5272733489        0.5493119750
 H         -2.7076310996        0.5731748338       -0.4361215392
 H         -2.0397699334        0.4345507791        1.2174871088
 H         -2.0706322007       -0.9887877165        0.1403794557
  15
 Etot=         -17.7243345406
 C          0.7303572412       -1.4757880841       -0.0987074094
 C          0.4374748194       -0.0359066626        0.3285603656
 C          1.6190082513        0.8767659004        0.0115171462
 O         -0.6992554221        0.4996921033       -0.3516623074
 C         -1.9448551492        0.1039562912        0.1755734246
 H         -0.1123381292       -2.1269250187        0.1191748443
 H          0.9254523821       -1.5044802201       -1.1673324926
 H          1.5994624512       -1.8441813127        0.4362237192
 H          0.2373037088       -0.0097082227        1.4132943719
 H          1.3910887990        1.8954876384        0.3116809542
 H          1.8106689385        0.8675305210       -1.0574442237
 H          2.5014190644        0.5336717016        0.5414171862
 H         -2.6990619520        0.5926740225       -0.4387739262
 H         -2.0480166454        0.4295824093        1.2179354598
 H         -2.0854603244       -0.9814111547        0.1263245291
  15
 Etot=         -17.7243623401
 C          0.7324267628       -1.4780125584       -0.0947105450
 C          0.4384595512       -0.0383718632        0.3325990752
 C          1.6166196462        0.8771978478        0.0110529136
 O         -0.6967000962        0.4980378911       -0.3475047843
 C         -1.9449054517        0.1061270224        0.1722913723
 H         -0.1068651543       -2.1315226260        0.1299215919
 H          0.9219658891       -1.5086727342       -1.1644798158
 H          1.6070225064       -1.8429282663        0.4346378113
 H          0.2394782784       -0.0135388705        1.4168990018
 H          1.3858741815        1.8954417641        0.3111641126
 H          1.8016994725        0.8665638972       -1.0592343376
 H          2.5047553325        0.5391585292        0.5351581186
 H         -2.6931275708        0.6090203545       -0.4364775951
 H         -2.0489821768        0.4192129520        1.2182983538
 H         -2.0944731373       -0.9767534278        0.1081663686
