    -17.724496963096    -17.724496963096         0.19063E-03
    -17.724496964692    -17.724496964692         0.18887E-03
    -17.724497801536    -17.724497801536         0.10805E-03
    -17.724497709822    -17.724497709822         0.18530E-03
    -17.724497791890    -17.724497791890         0.13324E-03
    -17.724497821152    -17.724497821152         0.94927E-04
    -17.724497788110    -17.724497788110         0.12430E-03
    -17.724497868074    -17.724497868074         0.14321E-04
    -17.724497868158    -17.724497868158         0.10006E-04
    -17.724497768305    -17.724497768305         0.19172E-03
    -17.724497478487    -17.724497478487         0.13979E-03
    -17.724497713487    -17.724497713487         0.19682E-03
    -17.724497865991    -17.724497865991         0.17943E-04
    -17.724497867987    -17.724497867987         0.12998E-04
    -17.724497788553    -17.724497788553         0.14582E-03
    -17.724497797155    -17.724497797155         0.10829E-03
    -17.724497826341    -17.724497826341         0.24699E-04
    -17.724497808312    -17.724497808312         0.51052E-04
    -17.724497833455    -17.724497833455         0.60528E-04
    -17.724497809634    -17.724497809634         0.58787E-04
    -17.724497853196    -17.724497853196         0.17748E-04
    -17.724497066963    -17.724497066963         0.16005E-03
    -17.724497711002    -17.724497711002         0.12221E-03
    -17.724497737455    -17.724497737455         0.11405E-03
    -17.724497725573    -17.724497725573         0.10478E-03
    -17.724497141869    -17.724497141869         0.11983E-03
    -17.724497179645    -17.724497179645         0.11251E-03
    -17.724497766976    -17.724497766976         0.15192E-03
    -17.724496805425    -17.724496805425         0.10027E-03
    -17.724497136790    -17.724497136790         0.15855E-03
    -17.724497071667    -17.724497071667         0.15006E-03
    -17.724497209160    -17.724497209160         0.12988E-04
    -17.724497220522    -17.724497220522         0.22121E-04
    -17.724497159562    -17.724497159562         0.13090E-03
    -17.724497199222    -17.724497199222         0.55648E-04
    -17.724497138530    -17.724497138530         0.13550E-03
    -17.724497197494    -17.724497197494         0.20368E-04
    -17.724496987536    -17.724496987536         0.10848E-03
    -17.724497197115    -17.724497197115         0.60748E-04
    -17.724497179948    -17.724497179948         0.85798E-04
    -17.724497690407    -17.724497690407         0.12163E-03
    -17.724497064275    -17.724497064275         0.19055E-03
    -17.724497110015    -17.724497110015         0.16189E-03
    -17.724497056714    -17.724497056714         0.11294E-03
    -17.724496703268    -17.724496703268         0.18835E-03
    -17.724497177237    -17.724497177237         0.93767E-04
    -17.724497703759    -17.724497703759         0.12085E-03
    -17.724497099157    -17.724497099157         0.25968E-04
    -17.724497526685    -17.724497526685         0.18687E-03
    -17.724496950444    -17.724496950444         0.10397E-03
    -17.724496916183    -17.724496916183         0.74529E-04
    -17.724496836317    -17.724496836317         0.11555E-03
    -17.724496973175    -17.724496973175         0.11109E-03
    -17.723913889557    -17.723913889557         0.82538E-04
    -17.724497633470    -17.724497633470         0.14885E-03
    -17.723913655244    -17.723913655244         0.18498E-03
    -17.723913845088    -17.723913845088         0.96505E-04
    -17.723913802611    -17.723913802611         0.12404E-03
    -17.723913388735    -17.723913388735         0.91416E-04
    -17.723913888862    -17.723913888862         0.75642E-04
    -17.723913840775    -17.723913840775         0.13151E-03
    -17.723913936241    -17.723913936241         0.17809E-04
    -17.723913643847    -17.723913643847         0.12074E-03
    -17.723913736046    -17.723913736046         0.11644E-03
    -17.723913915978    -17.723913915978         0.13164E-03
    -17.723913765910    -17.723913765910         0.15699E-03
    -17.723913833679    -17.723913833679         0.17988E-03
    -17.723913738974    -17.723913738974         0.15866E-03
    -17.723913901978    -17.723913901978         0.10622E-03
    -17.723913853292    -17.723913853292         0.14475E-03
    -17.723913862694    -17.723913862694         0.14237E-03
    -17.723913944487    -17.723913944487         0.84679E-04
    -17.723913943945    -17.723913943945         0.60130E-04
    -17.723913884081    -17.723913884081         0.19217E-03
    -17.723913854610    -17.723913854610         0.16559E-03
    -17.723913938599    -17.723913938599         0.23332E-04
    -17.723913982244    -17.723913982244         0.16088E-04
    -17.723913960803    -17.723913960803         0.29790E-04
    -17.723913954404    -17.723913954404         0.20899E-04
    -17.723913972378    -17.723913972378         0.29636E-04
    -17.723913966277    -17.723913966277         0.70373E-04
