  15
 Etot=         -30.4251657999
 C         -1.1140784323       -1.8611709691       -0.0001738001
 C          0.2270308397       -1.4775739359        0.0003127330
 C          0.5644124804       -0.1241709554        0.0002828837
 C         -0.4380007702        0.8452910913        0.0001591021
 C         -1.7793709128        0.4607290933       -0.0002993329
 C         -2.1167525535       -0.8926738872       -0.0002694836
 O         -2.7588189027        1.4053492878        0.0002691208
 N          1.9298937868        0.2673219514       -0.0000424450
 O          2.2117221514        1.4896188590       -0.0002488373
 O          2.8165666143       -0.6211082851        0.0000657625
 H         -1.3763249555       -2.9157015526       -0.0000770364
 H          0.9991925082       -2.2428250783        0.0000965529
 H         -0.1824344634        1.9026454927       -0.0005707190
 H         -3.1597995592       -1.1982909921       -0.0006285776
 H         -3.6327622186        0.9845939188        0.0002595614
  15
 Etot=         -30.4285713883
 C         -1.1045268646       -1.8613832186       -0.0001091981
 C          0.2273751383       -1.4850399248        0.0001036486
 C          0.5513074447       -0.1294682179        0.0000423134
 C         -0.4431617079        0.8454478863       -0.0000546653
 C         -1.7777982652        0.4588914605       -0.0000742101
 C         -2.1039870228       -0.8995079316       -0.0001864669
 O         -2.7359982656        1.4134726893        0.0000907166
 N          1.9105080931        0.2643014373        0.0000713632
 O          2.1850906125        1.4656485069       -0.0003277345
 O          2.7824595918       -0.6070747835       -0.0000131395
 H         -1.3642300051       -2.9085908483       -0.0001580128
 H          1.0074241435       -2.2326493772        0.0003005305
 H         -0.1848522677        1.8950555576       -0.0001496477
 H         -3.1404343050       -1.2063830430       -0.0004893898
 H         -3.6187007072        1.0093138455        0.0000893768
  15
 Etot=         -30.4290472798
 C         -1.1008102436       -1.8633080566       -0.0000843622
 C          0.2293481692       -1.4911897653       -0.0000170943
 C          0.5443549502       -0.1338479783       -0.0001929319
 C         -0.4461104423        0.8431576304       -0.0001530906
 C         -1.7803995747        0.4562194100       -0.0000977036
 C         -2.0997881770       -0.9046608793       -0.0001732259
 O         -2.7229438111        1.4183353530        0.0000285522
 N          1.9037875607        0.2644669366       -0.0005093327
 O          2.1698431116        1.4561960875        0.0001847867
 O          2.7675311842       -0.5989884103        0.0004972261
 H         -1.3617014540       -2.9079312009       -0.0000688560
 H          1.0193885107       -2.2242785517       -0.0000035888
 H         -0.1842119692        1.8886201006       -0.0002229022
 H         -3.1338504117       -1.2118748335       -0.0000916983
 H         -3.6139617902        1.0311181963        0.0000397060
  15
 Etot=         -30.4290875280
 C         -1.1008118969       -1.8644833638       -0.0000991357
 C          0.2299152082       -1.4930991175        0.0001066178
 C          0.5431673706       -0.1353776458        0.0003783032
 C         -0.4465904673        0.8413949895        0.0000755505
 C         -1.7821059405        0.4550329147       -0.0000599761
 C         -2.1000863474       -0.9059390461       -0.0001548455
 O         -2.7208910989        1.4192227359       -0.0001046984
 N          1.9046315777        0.2654204236        0.0011970423
 O          2.1670213903        1.4581689680       -0.0009688333
 O          2.7685012223       -0.5983461340       -0.0007839177
 H         -1.3629345085       -2.9093004747       -0.0002017098
 H          1.0232133433       -2.2224971793        0.0002459251
 H         -0.1835519555        1.8866103027        0.0001450309
 H         -3.1342484536       -1.2135659482       -0.0004310076
 H         -3.6147538311        1.0387926135       -0.0002088611
