  8
 Etot=         -14.4609213744
 C         -1.2131582582        0.7325788360       -0.0011031304
 C          0.1203533456        0.0543346871        0.0001918393
 O          1.2000260943        0.6282969346        0.0004986365
 O         -0.0280706595       -1.2925890932       -0.0006112258
 H         -1.5432507699        0.8992264896       -1.0297058201
 H         -1.9392721404        0.1241896986        0.5424732558
 H         -1.1264509134        1.7017519054        0.4998453679
 H         -0.9719081425       -1.5575709604        0.0000334147
  8
 Etot=         -14.4640505204
 C         -1.2249322417        0.7544387372        0.0163375691
 C          0.0961792675        0.0353948552        0.0171653374
 O          1.1640809552        0.6004791120        0.0022301538
 O          0.0154714460       -1.3083076654       -0.0156377812
 H         -1.5450721503        0.9032766842       -1.0130308854
 H         -1.9826637754        0.1913432406        0.5573980916
 H         -1.1152897141        1.7376251589        0.4743749870
 H         -0.9095052314       -1.6240316253       -0.0272151345
  8
 Etot=         -14.4643837555
 C         -1.2319508180        0.7598163462        0.0204989163
 C          0.0842617590        0.0330956338        0.0025143590
 O          1.1550545715        0.5894141063        0.0165813185
 O          0.0263801181       -1.3026608935       -0.0071694731
 H         -1.5558326357        0.8997391738       -1.0083363241
 H         -1.9929639166        0.2072192454        0.5637880806
 H         -1.0971015610        1.7424959136        0.4660499015
 H         -0.8895789614       -1.6389010281       -0.0423044407
  8
 Etot=         -14.4645227805
 C         -1.2353507952        0.7618839621        0.0256887019
 C          0.0778345154        0.0331762757        0.0212353271
 O          1.1534001720        0.5856448438        0.0242682165
 O          0.0286982884       -1.2975138431       -0.0289648794
 H         -1.5585444486        0.8823507864       -1.0073837487
 H         -1.9980766501        0.2210704788        0.5769705057
 H         -1.0885238311        1.7505711648        0.4512765011
 H         -0.8811686949       -1.6469651710       -0.0514682862
  8
 Etot=         -14.4645824863
 C         -1.2339872834        0.7622458638        0.0250795037
 C          0.0781071330        0.0333847693        0.0200937739
 O          1.1550232392        0.5876262150        0.0349620139
 O          0.0261856095       -1.2973527878       -0.0315006629
 H         -1.5651172065        0.8747575337       -1.0067336830
 H         -1.9918030135        0.2255595199        0.5872538377
 H         -1.0875428715        1.7541138111        0.4431968958
 H         -0.8825970508       -1.6501164276       -0.0607293413
  8
 Etot=         -14.4646419733
 C         -1.2318835765        0.7634367947        0.0252687187
 C          0.0781172938        0.0336809081        0.0214304185
 O          1.1563672522        0.5883647870        0.0583513457
 O          0.0226655163       -1.2955711749       -0.0419573680
 H         -1.5789854946        0.8546880505       -1.0040233692
 H         -1.9802264117        0.2360362089        0.6095758001
 H         -1.0841751541        1.7634340632        0.4235190821
 H         -0.8836108695       -1.6538511399       -0.0805422900
  8
 Etot=         -14.4646908451
 C         -1.2303551375        0.7644353667        0.0262827580
 C          0.0786725147        0.0339792874        0.0251456393
 O          1.1572077657        0.5873981039        0.0815482529
 O          0.0204050024       -1.2937027243       -0.0537672448
 H         -1.5928666207        0.8316401984       -1.0000586024
 H         -1.9697009040        0.2476378035        0.6327356131
 H         -1.0808124147        1.7731537194        0.4021357917
 H         -0.8842816499       -1.6543232575       -0.1023998700
  8
 Etot=         -14.4647506493
 C         -1.2293188130        0.7651078781        0.0275334155
 C          0.0798586691        0.0343291693        0.0298197700
 O          1.1577073223        0.5850113403        0.1042194322
 O          0.0192277512       -1.2919401846       -0.0667095171
 H         -1.6063728871        0.8073835142       -0.9946894263
 H         -1.9596166636        0.2594510034        0.6548427408
 H         -1.0780625916        1.7817325020        0.3802833295
 H         -0.8851542314       -1.6508567252       -0.1236774068
  8
 Etot=         -14.4648318483
 C         -1.2291053094        0.7655515230        0.0298141463
 C          0.0812106305        0.0348219000        0.0373375703
 O          1.1578098796        0.5809836171        0.1358663434
 O          0.0194494004       -1.2899196115       -0.0844588089
 H         -1.6251766627        0.7713674255       -0.9858238923
 H         -1.9468686612        0.2781259802        0.6866440968
 H         -1.0730959131        1.7928698814        0.3482838016
 H         -0.8859548083       -1.6435822181       -0.1560409193
  8
 Etot=         -14.4649016115
 C         -1.2292189592        0.7657291246        0.0326950344
 C          0.0821474365        0.0350722931        0.0469429296
 O          1.1574481320        0.5754328628        0.1783463986
 O          0.0208224667       -1.2876332881       -0.1070755928
 H         -1.6507101807        0.7233335238       -0.9723174193
 H         -1.9295951912        0.3054301662        0.7286805124
 H         -1.0662757073        1.8057603949        0.3046829286
 H         -0.8863494410       -1.6329065797       -0.2003324537
  8
 Etot=         -14.4649472067
 C         -1.2292016346        0.7653889331        0.0342730822
 C          0.0821710227        0.0346706641        0.0537854673
 O          1.1558913914        0.5704053013        0.2111176164
 O          0.0226556313       -1.2859232691       -0.1226321354
 H         -1.6708254441        0.6871833939       -0.9587060913
 H         -1.9144617919        0.3296158147        0.7599722982
 H         -1.0621812077        1.8126068815        0.2695660921
 H         -0.8857794110       -1.6237292220       -0.2357539916
