  12
 Etot=         -22.1396145793
 C         -2.7755584227       -0.1305300447        0.0002157014
 O         -1.5802725214        0.6570835542        0.0008737598
 C         -0.4101702849       -0.0484329113        0.0003512262
 O         -0.3103708570       -1.2681992156       -0.0001356809
 C          0.7444328033        0.9238377862       -0.0002809276
 C          2.0417681414        0.2393365245       -0.0004887317
 N          3.0709374521       -0.2981605431        0.0001687112
 H         -3.6476938292        0.5290987560        0.0010390347
 H         -2.7899741315       -0.7721254055        0.8848249826
 H         -2.7920716956       -0.7517568896       -0.8981948501
 H          0.6640927578        1.5554373096        0.8916610655
 H          0.6624858706        1.5551754657       -0.8909747216
  12
 Etot=         -22.1431484808
 C         -2.7678260431       -0.1449526099       -0.0021498577
 O         -1.5706526808        0.6357636945        0.0007565323
 C         -0.4144953896       -0.0478310539        0.0005629434
 O         -0.3333264044       -1.2523208620        0.0002275870
 C          0.7480102359        0.9206535128        0.0005301173
 C          2.0260265037        0.2439633591        0.0024995897
 N          3.0371682131       -0.2811862024       -0.0027166473
 H         -3.6036819640        0.5530144002        0.0038536901
 H         -2.7964550987       -0.7831409756        0.8823790740
 H         -2.8000391025       -0.7680128803       -0.8977235324
 H          0.6762553991        1.5578119422        0.8865090856
 H          0.6766216141        1.5570020615       -0.8856690127
  12
 Etot=         -22.1435640532
 C         -2.7661637797       -0.1512082574       -0.0025827424
 O         -1.5648317452        0.6226642283        0.0011791697
 C         -0.4172455547       -0.0479304162        0.0007019681
 O         -0.3416605200       -1.2498700669       -0.0010204329
 C          0.7490181028        0.9221427071        0.0000177211
 C          2.0184713725        0.2488125441       -0.0049637477
 N          3.0325308865       -0.2793212746        0.0044606907
 H         -3.5806438500        0.5688300189        0.0049714347
 H         -2.8025064668       -0.7898394456        0.8805115265
 H         -2.8061699118       -0.7759810094       -0.8957243548
 H          0.6799541399        1.5604295922        0.8848361620
 H          0.6768526094        1.5620357656       -0.8833278255
  12
 Etot=         -22.1435289429
 C         -2.7680431547       -0.1513813873       -0.0034769901
 O         -1.5620590014        0.6170426866       -0.0021132180
 C         -0.4181142182       -0.0495501327       -0.0007889145
 O         -0.3406227570       -1.2535665437        0.0022026745
 C          0.7502699924        0.9220212727        0.0034174400
 C          2.0167397734        0.2473352982        0.0180810263
 N          3.0363033809       -0.2724323709       -0.0190461701
 H         -3.5740315069        0.5761818191        0.0034664053
 H         -2.8067427648       -0.7893089623        0.8798589061
 H         -2.8110766959       -0.7784304741       -0.8944137790
 H          0.6722630563        1.5641111354        0.8849702950
 H          0.6827191788        1.5587420453       -0.8830981059
  12
 Etot=         -22.1436330493
 C         -2.7695607516       -0.1506292956       -0.0024386415
 O         -1.5609069624        0.6151430990       -0.0002893311
 C         -0.4175162353       -0.0506586810       -0.0005728958
 O         -0.3363987002       -1.2563635083       -0.0013397803
 C          0.7510129529        0.9224333508        0.0005092275
 C          2.0192913970        0.2501733794        0.0000679830
 N          3.0359656315       -0.2737765825        0.0004550637
 H         -3.5736563535        0.5780099382        0.0047808630
 H         -2.8087284003       -0.7897205597        0.8800489102
 H         -2.8130792450       -0.7768275921       -0.8938060638
 H          0.6753994345        1.5609635572        0.8851446136
 H          0.6757825152        1.5620172808       -0.8835003790
  12
 Etot=         -22.1436387107
 C         -2.7710718392       -0.1499623410       -0.0024503607
 O         -1.5607603682        0.6143383633       -0.0005517762
 C         -0.4172787442       -0.0520106014       -0.0005005139
 O         -0.3322336807       -1.2570048044       -0.0016331034
 C          0.7508550545        0.9215507623        0.0005196836
 C          2.0209286446        0.2503913408        0.0002375116
 N          3.0387609271       -0.2716587648        0.0003942454
 H         -3.5751693834        0.5788152728        0.0047191336
 H         -2.8104023235       -0.7880179990        0.8808553121
 H         -2.8152053385       -0.7756203810       -0.8943612699
 H          0.6743435922        1.5593869055        0.8855184998
 H          0.6748387421        1.5605566332       -0.8836877926
