  12
 Etot=         -12.6044760829
 C          1.6227839510        0.4765592682       -0.1427104384
 C          0.6128442339       -0.5562412360        0.3340010953
 C         -0.7141590601       -0.3769797776       -0.3394271395
 C         -1.6952051797        0.3986812332        0.1348127865
 H          2.5825343129        0.3270547175        0.3603687125
 H          1.2805411840        1.4937012786        0.0747821342
 H          1.7915490751        0.3959876029       -1.2223819346
 H          0.5139443555       -0.4866271489        1.4239087487
 H          0.9879803192       -1.5617497781        0.1108789557
 H         -0.8830990913       -0.9233852004       -1.2641143189
 H         -2.6409543584        0.4989424283       -0.3857322969
 H         -1.5622373300        0.9469784371        1.0610566676
  12
 Etot=         -12.6053526135
 C          1.6221856051        0.4735152403       -0.1482031325
 C          0.6107913203       -0.5612203113        0.3377691154
 C         -0.7202063043       -0.3853672974       -0.3256172886
 C         -1.6884907616        0.3855416056        0.1417988507
 H          2.5810736182        0.3315690578        0.3492323337
 H          1.2695588146        1.4818365403        0.0654264742
 H          1.7778757489        0.3891090696       -1.2234989135
 H          0.4978937910       -0.4684885843        1.4215572546
 H          0.9923081741       -1.5634601472        0.1224069768
 H         -0.8601574271       -0.8946385659       -1.2724830381
 H         -2.6163678982        0.5179339605       -0.3902482384
 H         -1.5699422690        0.9265912567        1.0673025780
  12
 Etot=         -12.6054457487
 C          1.6258546149        0.4695133777       -0.1545460611
 C          0.6091489615       -0.5605080437        0.3427382314
 C         -0.7131309226       -0.3678604113       -0.3332461142
 C         -1.6777118708        0.3975339967        0.1331558412
 H          2.5817806393        0.3262434771        0.3412399869
 H          1.2709520707        1.4747907597        0.0545769212
 H          1.7721391364        0.3755233525       -1.2271476387
 H          0.4844153178       -0.4470373298        1.4218351384
 H          0.9874149692       -1.5642820731        0.1392034449
 H         -0.8381852238       -0.8737690669       -1.2815055929
 H         -2.6145140303        0.5108716196       -0.3788817698
 H         -1.5916412502        0.8919021663        1.0880205850
  12
 Etot=         -12.6056276284
 C          1.6257305091        0.4679352464       -0.1580758261
 C          0.6087694303       -0.5600213703        0.3479591246
 C         -0.7115618280       -0.3672452362       -0.3331977780
 C         -1.6861346618        0.3798788461        0.1451815856
 H          2.5824644435        0.3243523284        0.3349584082
 H          1.2714094286        1.4737338762        0.0487829805
 H          1.7664732168        0.3672123261       -1.2307376391
 H          0.4851140273       -0.4397936687        1.4258366884
 H          0.9861605712       -1.5642017218        0.1494913798
 H         -0.8214530819       -0.8559711291       -1.2937008887
 H         -2.6112006607        0.5220267727       -0.3839921733
 H         -1.5992489822        0.8850155548        1.0929371104
  12
 Etot=         -12.6057251480
 C          1.6301471340        0.4638567813       -0.1633361641
 C          0.6073406658       -0.5540459538        0.3539503565
 C         -0.7099010699       -0.3621386752       -0.3343983159
 C         -1.6949989892        0.3700962721        0.1512524358
 H          2.5888126463        0.3192755939        0.3267193986
 H          1.2819655243        1.4737673822        0.0369962903
 H          1.7657536627        0.3528110166       -1.2363833938
 H          0.4851990454       -0.4229844991        1.4305049460
 H          0.9794419455       -1.5622775733        0.1664771325
 H         -0.8032595932       -0.8295332710       -1.3086890429
 H         -2.6137721741        0.5269705125       -0.3891195501
 H         -1.6202063855        0.8571242384        1.1114688795
  12
 Etot=         -12.6058236903
 C          1.6365772508        0.4582504724       -0.1683339931
 C          0.6052191141       -0.5457160377        0.3590112874
 C         -0.7068560670       -0.3511092002       -0.3381164811
 C         -1.7048931509        0.3609912630        0.1557109855
 H          2.5966481336        0.3095413869        0.3192384719
 H          1.2984033603        1.4736065944        0.0262816164
 H          1.7680285991        0.3386608395       -1.2416659143
 H          0.4827503837       -0.4028311857        1.4339267877
 H          0.9691718744       -1.5598961076        0.1842364911
 H         -0.7847687827       -0.7968894937       -1.3237920176
 H         -2.6232337594        0.5170400993       -0.3864041623
 H         -1.6405245438        0.8312731942        1.1253499008
  12
 Etot=         -12.6059314472
 C          1.6446672956        0.4527362195       -0.1733787713
 C          0.6031982911       -0.5348948885        0.3620300329
 C         -0.7044857715       -0.3384743931       -0.3411732570
 C         -1.7149878907        0.3522443365        0.1587961361
 H          2.6051326446        0.2970386017        0.3125065917
 H          1.3191690068        1.4738907237        0.0166928419
 H          1.7729836461        0.3269065416       -1.2466452353
 H          0.4793146220       -0.3798402655        1.4351225127
 H          0.9574505621       -1.5556583136        0.2002757181
 H         -0.7712449060       -0.7674248179       -1.3329617754
 H         -2.6324902464        0.5057237782       -0.3855373311
 H         -1.6621848417        0.8006743020        1.1397155092
  12
 Etot=         -12.6060577622
 C          1.6549168511        0.4455984344       -0.1798649250
 C          0.6007714851       -0.5211224695        0.3660463043
 C         -0.7024743036       -0.3225737843       -0.3427716506
 C         -1.7273221393        0.3404144450        0.1631913660
 H          2.6142637164        0.2792479039        0.3046858178
 H          1.3461971954        1.4734218879        0.0035419237
 H          1.7790264064        0.3109754679       -1.2523436339
 H          0.4741174532       -0.3495769162        1.4364615621
 H          0.9435124578       -1.5488239832        0.2198080110
 H         -0.7530161064       -0.7255638029       -1.3464284339
 H         -2.6441782214        0.4873662076       -0.3821922960
 H         -1.6892923826        0.7635584342        1.1553089269
  12
 Etot=         -12.6061922440
 C          1.6688209794        0.4375927239       -0.1879462060
 C          0.5983714840       -0.5028923106        0.3703152303
 C         -0.7000696562       -0.3010831980       -0.3447526926
 C         -1.7442591656        0.3232554083        0.1706513972
 H          2.6254097456        0.2574604497        0.2965936674
 H          1.3809377842        1.4733171344       -0.0153209008
 H          1.7882609959        0.2892019061       -1.2589394373
 H          0.4687306097       -0.3123968006        1.4372476727
 H          0.9269615828       -1.5378696489        0.2418109379
 H         -0.7335874792       -0.6765568885       -1.3593350362
 H         -2.6564081969        0.4696561373       -0.3820895126
 H         -1.7266462716        0.7132369115        1.1772078525
  12
 Etot=         -12.6063212968
 C          1.6882197697        0.4263167016       -0.1987235801
 C          0.5949109505       -0.4776084693        0.3768116933
 C         -0.6980403052       -0.2715214705       -0.3461649488
 C         -1.7678666980        0.2988429320        0.1813529447
 H          2.6400607803        0.2292504747        0.2881893895
 H          1.4283887754        1.4727077345       -0.0451475465
 H          1.8029606432        0.2547010892       -1.2670467299
 H          0.4644214108       -0.2626142815        1.4389646772
 H          0.9035737289       -1.5216519681        0.2715783341
 H         -0.7066397828       -0.6020439800       -1.3798830957
 H         -2.6753778391        0.4421327984       -0.3794115802
 H         -1.7780890216        0.6444102637        1.2049234146
  12
 Etot=         -12.6063960754
 C          1.7053550272        0.4171952295       -0.2071018042
 C          0.5921595053       -0.4549900275        0.3801373313
 C         -0.6975428138       -0.2448645188       -0.3476975615
 C         -1.7873161066        0.2772758770        0.1901329031
 H          2.6508484177        0.2078867030        0.2868970025
 H          1.4678482287        1.4714332859       -0.0734631136
 H          1.8205440946        0.2233058827       -1.2718376199
 H          0.4635777358       -0.2217685407        1.4382789739
 H          0.8831007462       -1.5055362620        0.2928500792
 H         -0.6905962672       -0.5396065691       -1.3917625721
 H         -2.6919551471        0.4191355815       -0.3766052315
 H         -1.8195010087        0.5834551832        1.2256145850
  12
 Etot=         -12.6064446320
 C          1.7120709796        0.4126892206       -0.2108681237
 C          0.5911483880       -0.4446162511        0.3807416702
 C         -0.6984369151       -0.2319859298       -0.3471411924
 C         -1.7936762124        0.2669870000        0.1937075957
 H          2.6523511448        0.2026579719        0.2918920115
 H          1.4818956004        1.4688381298       -0.0920912534
 H          1.8319241842        0.2044712747       -1.2721395398
 H          0.4653789461       -0.2036200114        1.4370247371
 H          0.8729990441       -1.4972503528        0.3008692121
 H         -0.6864285127       -0.5053623103       -1.3954101785
 H         -2.6982497096        0.4089918874       -0.3739626259
 H         -1.8344545253        0.5511211957        1.2328206596
