  15
 Etot=         -17.7273340373
 C          2.5580146167       -0.3171625853        0.0003837171
 C          1.2945143013        0.5293012007        0.0004930409
 C          0.0400414752       -0.3397232684       -0.0001399257
 C         -1.2272066767        0.5043004928       -0.0000300556
 O         -2.3545315493       -0.3608426332       -0.0000858877
 H          3.4528452271        0.3132905370        0.0005817267
 H          2.5950095978       -0.9664060447        0.8807684636
 H          2.5902114700       -0.9504167681       -0.8917606112
 H          1.2972696637        1.1793583982        0.8834177534
 H          1.2979440659        1.1803863005       -0.8817486661
 H          0.0359170360       -0.9999707489       -0.8750469228
 H          0.0358212019       -1.0002512780        0.8754529807
 H         -1.2746259148        1.1379853443        0.8918084527
 H         -1.2743954097        1.1388715180       -0.8907010597
 H         -3.1424487438        0.2059487125        0.0001691778
  15
 Etot=         -17.7279272479
 C          2.5619830846       -0.3205948734       -0.0021997316
 C          1.2980749812        0.5279776312        0.0009610178
 C          0.0398038009       -0.3336742967        0.0001270886
 C         -1.2316859847        0.5024556901        0.0004085880
 O         -2.3594352653       -0.3644351131       -0.0001369688
 H          3.4495367417        0.3100860536        0.0010094364
 H          2.5949722224       -0.9630570343        0.8763727117
 H          2.5953504409       -0.9539511603       -0.8878330799
 H          1.2921843704        1.1734429102        0.8835550910
 H          1.2924268170        1.1751662054       -0.8802505795
 H          0.0285925152       -0.9818735018       -0.8802751593
 H          0.0283950028       -0.9827181385        0.8801473521
 H         -1.2545737087        1.1406699113        0.8927956888
 H         -1.2544097016        1.1416061970       -0.8911173521
 H         -3.1568349554        0.1835686966       -0.0000019191
  15
 Etot=         -17.7280154550
 C          2.5615553478       -0.3220023216       -0.0024979259
 C          1.2975782088        0.5280231497        0.0004977594
 C          0.0401847000       -0.3357349955        0.0000135912
 C         -1.2307051875        0.5052839928        0.0005538036
 O         -2.3541590793       -0.3624938502       -0.0000643663
 H          3.4453567848        0.3101498325        0.0009643886
 H          2.5920277258       -0.9615835188        0.8759210733
 H          2.5932772485       -0.9542896239       -0.8862416123
 H          1.2915911514        1.1707452105        0.8834434986
 H          1.2902740413        1.1740320672       -0.8800667763
 H          0.0271929815       -0.9797790992       -0.8815892676
 H          0.0272324851       -0.9809162979        0.8807600144
 H         -1.2483060663        1.1458849222        0.8926234386
 H         -1.2482319689        1.1469406056       -0.8907446650
 H         -3.1604880116        0.1704091040       -0.0000107701
  15
 Etot=         -17.7280343877
 C          2.5624681614       -0.3226657553       -0.0024138200
 C          1.2979472200        0.5279716982        0.0003895886
 C          0.0400062318       -0.3357603273       -0.0002227359
 C         -1.2313909876        0.5069689877        0.0005119178
 O         -2.3512618039       -0.3605637283       -0.0000322834
 H          3.4460429876        0.3095781669        0.0006006374
 H          2.5914703055       -0.9613994026        0.8765514871
 H          2.5926093308       -0.9549448240       -0.8859132695
 H          1.2927470676        1.1699234882        0.8835494586
 H          1.2909888581        1.1737138677       -0.8800154412
 H          0.0262266433       -0.9790219534       -0.8816519416
 H          0.0263652744       -0.9804172302        0.8801142340
 H         -1.2480132015        1.1486297620        0.8921433423
 H         -1.2481645755        1.1498930363       -0.8902411254
 H         -3.1636611506        0.1627633912        0.0001921354
