 
       ╔════════════════════════════════════════════╗
       ║            ___ ___ ___ ___ _____           ║
       ║           / __| _ \ __/ __|_   _|          ║
       ║          | (__|   / _|\__ \ | |            ║
       ║           \___|_|_\___|___/ |_|            ║
       ║                                            ║
       ║  Conformer-Rotamer Ensemble Sampling Tool  ║
       ║          based on the xTB methods          ║
       ║                                            ║
       ╚════════════════════════════════════════════╝
       Version 3.0.2, Sun Aug 25 20:02:36 UTC 2024
       commit (af7eb99) compiled by 'runner@fv-az1984-471'
 
   Cite work conducted with this code as

   • P.Pracht, F.Bohle, S.Grimme, PCCP, 2020, 22, 7169-7192.
   • S.Grimme, JCTC, 2019, 15, 2847-2862.
   • P.Pracht, S.Grimme, C.Bannwarth, F.Bohle, S.Ehlert,
     G.Feldmann, J.Gorges, M.Müller, T.Neudecker, C.Plett,
     S.Spicher, P.Steinbach, P.Wesołowski, F.Zeller,
     J. Chem. Phys., 2024, 160, 114110.

   for works involving QCG cite

   • S.Spicher, C.Plett, P.Pracht, A.Hansen, S.Grimme,
     JCTC, 2022, 18 (5), 3174-3189.
   • C.Plett, S. Grimme,
     Angew. Chem. Int. Ed. 2023, 62, e202214477.

   for works involving MECP screening cite

   • P.Pracht, C.Bannwarth, JCTC, 2022, 18 (10), 6370-6385.
 
   Original code
     P.Pracht, S.Grimme, Universität Bonn, MCTC
   with help from (alphabetical order):
     C.Bannwarth, F.Bohle, S.Ehlert, G.Feldmann, J.Gorges,
     S.Grimme, C.Plett, P.Pracht, S.Spicher, P.Steinbach,
     P.Wesolowski, F.Zeller
 
   Online documentation is available at
   https://crest-lab.github.io/crest-docs/
 
   This program is distributed in the hope that it will be useful,
   but WITHOUT ANY WARRANTY; without even the implied warranty of
   MERCHANTABILITY or FITNESS FOR A PARTICULAR PURPOSE. See the
   GNU Lesser General Public License (LGPL) for more details.

 Command line input:
 $ crest mobley_1019269.xyz --alpb water --chrg 0 --uhf 0 -T 4 --noreftopo

  --alpb water : implicit solvation
  --chrg 0
  --uhf 0
  -T 4 (CPUs/Threads selected)

> Setting up backup calculator ... done.
 ----------------
 Calculation info
 ----------------
> User-defined calculation level:
 : xTB calculation via tblite lib
 : GFN2-xTB level
 :   Molecular charge    : 0
 :   Solvation model     : alpb
 :   Solvent             : water
 :   Fermi temperature   : 300.00000
 :   Accuracy            : 1.00000
 :   max SCC cycles      : 500
 
 
 -----------------------------
 Initial Geometry Optimization
 -----------------------------
 Geometry successfully optimized.
 
          ┍━━━━━━━━━━━━━━━━━━━━━━━━━━━━━━━━━━━━━━━━━━━━━━━━━┑
          │              CREST iMTD-GC SAMPLING             │
          ┕━━━━━━━━━━━━━━━━━━━━━━━━━━━━━━━━━━━━━━━━━━━━━━━━━┙
 
 Input structure:
  15
 
 C          2.5622536477       -0.3231785631       -0.0021987647
 C          1.2982129346        0.5285710127        0.0004371921
 C          0.0399644597       -0.3346403473       -0.0004165013
 C         -1.2320500238        0.5075747691        0.0004682050
 O         -2.3495630412       -0.3602554845       -0.0000587112
 H          3.4468782153        0.3084168607        0.0001396015
 H          2.5915827618       -0.9620327220        0.8772390717
 H          2.5920255493       -0.9560493506       -0.8859050160
 H          1.2937119344        1.1708050912        0.8837180044
 H          1.2923858719        1.1745220896       -0.8801127049
 H          0.0260191649       -0.9784339654       -0.8817156983
 H          0.0260578916       -0.9801936542        0.8795922970
 H         -1.2492632074        1.1493321357        0.8921058931
 H         -1.2495616068        1.1507894716       -0.8901179930
 H         -3.1642741907        0.1594418339        0.0003873088
 
 ------------------------------------------------
 Generating MTD length from a flexibility measure
 ------------------------------------------------
 Calculating GFN0-xTB WBOs   ... done.
 Calculating NCI flexibility ... done.
     covalent flexibility measure :   0.689
 non-covalent flexibility measure :   0.872
 flexibility measure :   0.707
 t(MTD) / ps    :     5.0
 Σ(t(MTD)) / ps :    70.0 (14 MTDs)
 
 -----------------------------------
 Starting trial MTD to test settings
 -----------------------------------
 Trial MTD 1 runtime (1.0 ps) ...        0 min,  0.738 sec
 Estimated runtime for one MTD (5.0 ps) on a single thread: 4 sec
 Estimated runtime for a batch of 14 MTDs on 4 threads: 15 sec
 
******************************************************************************************
**                         N E W   I T E R A T I O N  C Y C L E                         **
******************************************************************************************
 
 ------------------------------
 Meta-Dynamics Iteration 1
 ------------------------------
 list of applied metadynamics Vbias parameters:
$metadyn    0.04500   1.300
$metadyn    0.02250   1.300
$metadyn    0.01125   1.300
$metadyn    0.04500   0.780
$metadyn    0.02250   0.780
$metadyn    0.01125   0.780
$metadyn    0.04500   0.468
$metadyn    0.02250   0.468
$metadyn    0.01125   0.468
$metadyn    0.04500   0.281
$metadyn    0.02250   0.281
$metadyn    0.01125   0.281
$metadyn    0.01500   0.100
$metadyn    0.07500   0.800
 
  ::::::::::::: starting MTD    1 :::::::::::::
  |   MD simulation time   :     5.0 ps       |
  |   target T             :   300.0 K        |
  |   timestep dt          :     5.0 fs       |
  |   dump interval(trj)   :   100.0 fs       |
  |   SHAKE algorithm      : true (all bonds) |
  |   dump interval(Vbias) :    1.00 ps       |
  |   Vbias prefactor (k)  :  0.0450 Eh       |
  |   Vbias exponent (α)   :  1.3000 bohr⁻²   |
  ::::::::::::: starting MTD   12 :::::::::::::
  |   MD simulation time   :     5.0 ps       |
  |   target T             :   300.0 K        |
  |   timestep dt          :     5.0 fs       |
  |   dump interval(trj)   :   100.0 fs       |
  |   SHAKE algorithm      : true (all bonds) |
  |   dump interval(Vbias) :    1.00 ps       |
  |   Vbias prefactor (k)  :  0.0112 Eh       |
  |   Vbias exponent (α)   :  0.2808 bohr⁻²   |
  ::::::::::::: starting MTD    9 :::::::::::::
  |   MD simulation time   :     5.0 ps       |
  |   target T             :   300.0 K        |
  |   timestep dt          :     5.0 fs       |
  |   dump interval(trj)   :   100.0 fs       |
  |   SHAKE algorithm      : true (all bonds) |
  |   dump interval(Vbias) :    1.00 ps       |
  |   Vbias prefactor (k)  :  0.0112 Eh       |
  |   Vbias exponent (α)   :  0.4680 bohr⁻²   |
  ::::::::::::: starting MTD    5 :::::::::::::
  |   MD simulation time   :     5.0 ps       |
  |   target T             :   300.0 K        |
  |   timestep dt          :     5.0 fs       |
  |   dump interval(trj)   :   100.0 fs       |
  |   SHAKE algorithm      : true (all bonds) |
  |   dump interval(Vbias) :    1.00 ps       |
  |   Vbias prefactor (k)  :  0.0225 Eh       |
  |   Vbias exponent (α)   :  0.7800 bohr⁻²   |
*MTD  12 completed successfully ...        0 min,  3.638 sec
  ::::::::::::: starting MTD   13 :::::::::::::
  |   MD simulation time   :     5.0 ps       |
  |   target T             :   300.0 K        |
  |   timestep dt          :     5.0 fs       |
  |   dump interval(trj)   :   100.0 fs       |
  |   SHAKE algorithm      : true (all bonds) |
  |   dump interval(Vbias) :    1.00 ps       |
  |   Vbias prefactor (k)  :  0.0150 Eh       |
  |   Vbias exponent (α)   :  0.1000 bohr⁻²   |
*MTD   9 completed successfully ...        0 min,  3.703 sec
  ::::::::::::: starting MTD   10 :::::::::::::
  |   MD simulation time   :     5.0 ps       |
  |   target T             :   300.0 K        |
  |   timestep dt          :     5.0 fs       |
  |   dump interval(trj)   :   100.0 fs       |
  |   SHAKE algorithm      : true (all bonds) |
  |   dump interval(Vbias) :    1.00 ps       |
  |   Vbias prefactor (k)  :  0.0450 Eh       |
  |   Vbias exponent (α)   :  0.2808 bohr⁻²   |
*MTD   1 completed successfully ...        0 min,  3.713 sec
  ::::::::::::: starting MTD    2 :::::::::::::
  |   MD simulation time   :     5.0 ps       |
  |   target T             :   300.0 K        |
  |   timestep dt          :     5.0 fs       |
  |   dump interval(trj)   :   100.0 fs       |
  |   SHAKE algorithm      : true (all bonds) |
  |   dump interval(Vbias) :    1.00 ps       |
  |   Vbias prefactor (k)  :  0.0225 Eh       |
  |   Vbias exponent (α)   :  1.3000 bohr⁻²   |
*MTD   5 completed successfully ...        0 min,  3.798 sec
  ::::::::::::: starting MTD    6 :::::::::::::
  |   MD simulation time   :     5.0 ps       |
  |   target T             :   300.0 K        |
  |   timestep dt          :     5.0 fs       |
  |   dump interval(trj)   :   100.0 fs       |
  |   SHAKE algorithm      : true (all bonds) |
  |   dump interval(Vbias) :    1.00 ps       |
  |   Vbias prefactor (k)  :  0.0112 Eh       |
  |   Vbias exponent (α)   :  0.7800 bohr⁻²   |
*MTD  13 completed successfully ...        0 min,  3.550 sec
  ::::::::::::: starting MTD   14 :::::::::::::
  |   MD simulation time   :     5.0 ps       |
  |   target T             :   300.0 K        |
  |   timestep dt          :     5.0 fs       |
  |   dump interval(trj)   :   100.0 fs       |
  |   SHAKE algorithm      : true (all bonds) |
  |   dump interval(Vbias) :    1.00 ps       |
  |   Vbias prefactor (k)  :  0.0750 Eh       |
  |   Vbias exponent (α)   :  0.8000 bohr⁻²   |
*MTD  10 completed successfully ...        0 min,  3.569 sec
  ::::::::::::: starting MTD   11 :::::::::::::
  |   MD simulation time   :     5.0 ps       |
  |   target T             :   300.0 K        |
  |   timestep dt          :     5.0 fs       |
  |   dump interval(trj)   :   100.0 fs       |
  |   SHAKE algorithm      : true (all bonds) |
  |   dump interval(Vbias) :    1.00 ps       |
  |   Vbias prefactor (k)  :  0.0225 Eh       |
  |   Vbias exponent (α)   :  0.2808 bohr⁻²   |
*MTD   6 completed successfully ...        0 min,  3.572 sec
  ::::::::::::: starting MTD    7 :::::::::::::
  |   MD simulation time   :     5.0 ps       |
  |   target T             :   300.0 K        |
  |   timestep dt          :     5.0 fs       |
  |   dump interval(trj)   :   100.0 fs       |
  |   SHAKE algorithm      : true (all bonds) |
  |   dump interval(Vbias) :    1.00 ps       |
  |   Vbias prefactor (k)  :  0.0450 Eh       |
  |   Vbias exponent (α)   :  0.4680 bohr⁻²   |
*MTD   2 completed successfully ...        0 min,  3.687 sec
  ::::::::::::: starting MTD    3 :::::::::::::
  |   MD simulation time   :     5.0 ps       |
  |   target T             :   300.0 K        |
  |   timestep dt          :     5.0 fs       |
  |   dump interval(trj)   :   100.0 fs       |
  |   SHAKE algorithm      : true (all bonds) |
  |   dump interval(Vbias) :    1.00 ps       |
  |   Vbias prefactor (k)  :  0.0112 Eh       |
  |   Vbias exponent (α)   :  1.3000 bohr⁻²   |
*MTD  14 completed successfully ...        0 min,  3.596 sec
*MTD  11 completed successfully ...        0 min,  3.557 sec
*MTD   3 completed successfully ...        0 min,  3.650 sec
  ::::::::::::: starting MTD    4 :::::::::::::
  |   MD simulation time   :     5.0 ps       |
  |   target T             :   300.0 K        |
  |   timestep dt          :     5.0 fs       |
  |   dump interval(trj)   :   100.0 fs       |
  |   SHAKE algorithm      : true (all bonds) |
  |   dump interval(Vbias) :    1.00 ps       |
  |   Vbias prefactor (k)  :  0.0450 Eh       |
  |   Vbias exponent (α)   :  0.7800 bohr⁻²   |
*MTD   7 completed successfully ...        0 min,  3.770 sec
  ::::::::::::: starting MTD    8 :::::::::::::
  |   MD simulation time   :     5.0 ps       |
  |   target T             :   300.0 K        |
  |   timestep dt          :     5.0 fs       |
  |   dump interval(trj)   :   100.0 fs       |
  |   SHAKE algorithm      : true (all bonds) |
  |   dump interval(Vbias) :    1.00 ps       |
  |   Vbias prefactor (k)  :  0.0225 Eh       |
  |   Vbias exponent (α)   :  0.4680 bohr⁻²   |
*MTD   4 completed successfully ...        0 min,  3.547 sec
*MTD   8 completed successfully ...        0 min,  3.536 sec
 
 ======================================
 |  Multilevel Ensemble Optimization  |
 ======================================
 Optimizing all 686 structures from file "crest_dynamics.trj" ...
 ----------------------
 crude pre-optimization
 ----------------------
 Optimization engine: ANCOPT
 Hessian update type: BFGS
 E/G convergence criteria:  0.500E-03 Eh, 0.100E-01 Eh/a0
 maximum optimization steps: 200
 |>0.1% |>10.1% |>20.1% |>30.0% |>40.1% |>50.0% |>60.1% |>70.1% |>80.0% |>90.1% |>100.0%
 done.
> 686 of 686 structures successfully optimized (100.0% success)
> Total runtime for 686 optimizations:
 * wall-time:     0 d,  0 h,  0 min,  5.760 sec
 *  cpu-time:     0 d,  0 h,  0 min, 22.874 sec
 * ratio c/w:     3.971 speedup
> Corresponding to approximately 0.008 sec per processed structure
 
CREGEN> running RMSDs ... done.
CREGEN> E lowest :   -17.72947
 386 structures remain within    12.00 kcal/mol window
 ----------------------------------
 optimization with tight thresholds
 ----------------------------------
 Optimization engine: ANCOPT
 Hessian update type: BFGS
 E/G convergence criteria:  0.100E-05 Eh, 0.800E-03 Eh/a0
 maximum optimization steps: 200
 |>0.3% |>10.1% |>20.2% |>30.1% |>40.2% |>50.0% |>60.1% |>70.2% |>80.1% |>90.2% |>100.0%
 done.
> 386 of 386 structures successfully optimized (100.0% success)
> Total runtime for 386 optimizations:
 * wall-time:     0 d,  0 h,  0 min,  6.499 sec
 *  cpu-time:     0 d,  0 h,  0 min, 25.472 sec
 * ratio c/w:     3.919 speedup
> Corresponding to approximately 0.017 sec per processed structure
 
CREGEN> running RMSDs ... done.
CREGEN> E lowest :   -17.72954
 85 structures remain within     6.00 kcal/mol window
 
 ------------------------------
 Meta-Dynamics Iteration 2
 ------------------------------
 list of applied metadynamics Vbias parameters:
$metadyn    0.04500   1.300
$metadyn    0.02250   1.300
$metadyn    0.01125   1.300
$metadyn    0.04500   0.780
$metadyn    0.02250   0.780
$metadyn    0.01125   0.780
$metadyn    0.04500   0.468
$metadyn    0.02250   0.468
$metadyn    0.01125   0.468
$metadyn    0.04500   0.281
$metadyn    0.02250   0.281
$metadyn    0.01125   0.281
$metadyn    0.01500   0.100
$metadyn    0.07500   0.800
 
  ::::::::::::: starting MTD    1 :::::::::::::
  |   MD simulation time   :     5.0 ps       |
  |   target T             :   300.0 K        |
  |   timestep dt          :     5.0 fs       |
  |   dump interval(trj)   :   100.0 fs       |
  |   SHAKE algorithm      : true (all bonds) |
  |   dump interval(Vbias) :    1.00 ps       |
  |   Vbias prefactor (k)  :  0.0450 Eh       |
  |   Vbias exponent (α)   :  1.3000 bohr⁻²   |
  ::::::::::::: starting MTD    5 :::::::::::::
  |   MD simulation time   :     5.0 ps       |
  |   target T             :   300.0 K        |
  |   timestep dt          :     5.0 fs       |
  |   dump interval(trj)   :   100.0 fs       |
  |   SHAKE algorithm      : true (all bonds) |
  |   dump interval(Vbias) :    1.00 ps       |
  |   Vbias prefactor (k)  :  0.0225 Eh       |
  |   Vbias exponent (α)   :  0.7800 bohr⁻²   |
  ::::::::::::: starting MTD    9 :::::::::::::
  |   MD simulation time   :     5.0 ps       |
  |   target T             :   300.0 K        |
  |   timestep dt          :     5.0 fs       |
  |   dump interval(trj)   :   100.0 fs       |
  |   SHAKE algorithm      : true (all bonds) |
  |   dump interval(Vbias) :    1.00 ps       |
  |   Vbias prefactor (k)  :  0.0112 Eh       |
  |   Vbias exponent (α)   :  0.4680 bohr⁻²   |
  ::::::::::::: starting MTD   12 :::::::::::::
  |   MD simulation time   :     5.0 ps       |
  |   target T             :   300.0 K        |
  |   timestep dt          :     5.0 fs       |
  |   dump interval(trj)   :   100.0 fs       |
  |   SHAKE algorithm      : true (all bonds) |
  |   dump interval(Vbias) :    1.00 ps       |
  |   Vbias prefactor (k)  :  0.0112 Eh       |
  |   Vbias exponent (α)   :  0.2808 bohr⁻²   |
*MTD  12 completed successfully ...        0 min,  3.572 sec
  ::::::::::::: starting MTD   13 :::::::::::::
  |   MD simulation time   :     5.0 ps       |
  |   target T             :   300.0 K        |
  |   timestep dt          :     5.0 fs       |
  |   dump interval(trj)   :   100.0 fs       |
  |   SHAKE algorithm      : true (all bonds) |
  |   dump interval(Vbias) :    1.00 ps       |
  |   Vbias prefactor (k)  :  0.0150 Eh       |
  |   Vbias exponent (α)   :  0.1000 bohr⁻²   |
*MTD   5 completed successfully ...        0 min,  3.579 sec
  ::::::::::::: starting MTD    6 :::::::::::::
  |   MD simulation time   :     5.0 ps       |
  |   target T             :   300.0 K        |
  |   timestep dt          :     5.0 fs       |
  |   dump interval(trj)   :   100.0 fs       |
  |   SHAKE algorithm      : true (all bonds) |
  |   dump interval(Vbias) :    1.00 ps       |
  |   Vbias prefactor (k)  :  0.0112 Eh       |
  |   Vbias exponent (α)   :  0.7800 bohr⁻²   |
*MTD   1 completed successfully ...        0 min,  3.626 sec
  ::::::::::::: starting MTD    2 :::::::::::::
  |   MD simulation time   :     5.0 ps       |
  |   target T             :   300.0 K        |
  |   timestep dt          :     5.0 fs       |
  |   dump interval(trj)   :   100.0 fs       |
  |   SHAKE algorithm      : true (all bonds) |
  |   dump interval(Vbias) :    1.00 ps       |
  |   Vbias prefactor (k)  :  0.0225 Eh       |
  |   Vbias exponent (α)   :  1.3000 bohr⁻²   |
*MTD   9 completed successfully ...        0 min,  3.637 sec
  ::::::::::::: starting MTD   10 :::::::::::::
  |   MD simulation time   :     5.0 ps       |
  |   target T             :   300.0 K        |
  |   timestep dt          :     5.0 fs       |
  |   dump interval(trj)   :   100.0 fs       |
  |   SHAKE algorithm      : true (all bonds) |
  |   dump interval(Vbias) :    1.00 ps       |
  |   Vbias prefactor (k)  :  0.0450 Eh       |
  |   Vbias exponent (α)   :  0.2808 bohr⁻²   |
*MTD  13 completed successfully ...        0 min,  3.588 sec
  ::::::::::::: starting MTD   14 :::::::::::::
  |   MD simulation time   :     5.0 ps       |
  |   target T             :   300.0 K        |
  |   timestep dt          :     5.0 fs       |
  |   dump interval(trj)   :   100.0 fs       |
  |   SHAKE algorithm      : true (all bonds) |
  |   dump interval(Vbias) :    1.00 ps       |
  |   Vbias prefactor (k)  :  0.0750 Eh       |
  |   Vbias exponent (α)   :  0.8000 bohr⁻²   |
*MTD   6 completed successfully ...        0 min,  3.582 sec
  ::::::::::::: starting MTD    7 :::::::::::::
  |   MD simulation time   :     5.0 ps       |
  |   target T             :   300.0 K        |
  |   timestep dt          :     5.0 fs       |
  |   dump interval(trj)   :   100.0 fs       |
  |   SHAKE algorithm      : true (all bonds) |
  |   dump interval(Vbias) :    1.00 ps       |
  |   Vbias prefactor (k)  :  0.0450 Eh       |
  |   Vbias exponent (α)   :  0.4680 bohr⁻²   |
*MTD   2 completed successfully ...        0 min,  3.607 sec
  ::::::::::::: starting MTD    3 :::::::::::::
  |   MD simulation time   :     5.0 ps       |
  |   target T             :   300.0 K        |
  |   timestep dt          :     5.0 fs       |
  |   dump interval(trj)   :   100.0 fs       |
  |   SHAKE algorithm      : true (all bonds) |
  |   dump interval(Vbias) :    1.00 ps       |
  |   Vbias prefactor (k)  :  0.0112 Eh       |
  |   Vbias exponent (α)   :  1.3000 bohr⁻²   |
*MTD  10 completed successfully ...        0 min,  3.607 sec
  ::::::::::::: starting MTD   11 :::::::::::::
  |   MD simulation time   :     5.0 ps       |
  |   target T             :   300.0 K        |
  |   timestep dt          :     5.0 fs       |
  |   dump interval(trj)   :   100.0 fs       |
  |   SHAKE algorithm      : true (all bonds) |
  |   dump interval(Vbias) :    1.00 ps       |
  |   Vbias prefactor (k)  :  0.0225 Eh       |
  |   Vbias exponent (α)   :  0.2808 bohr⁻²   |
*MTD  14 completed successfully ...        0 min,  3.566 sec
*MTD   7 completed successfully ...        0 min,  3.579 sec
  ::::::::::::: starting MTD    8 :::::::::::::
  |   MD simulation time   :     5.0 ps       |
  |   target T             :   300.0 K        |
  |   timestep dt          :     5.0 fs       |
  |   dump interval(trj)   :   100.0 fs       |
  |   SHAKE algorithm      : true (all bonds) |
  |   dump interval(Vbias) :    1.00 ps       |
  |   Vbias prefactor (k)  :  0.0225 Eh       |
  |   Vbias exponent (α)   :  0.4680 bohr⁻²   |
*MTD   3 completed successfully ...        0 min,  3.585 sec
  ::::::::::::: starting MTD    4 :::::::::::::
  |   MD simulation time   :     5.0 ps       |
  |   target T             :   300.0 K        |
  |   timestep dt          :     5.0 fs       |
  |   dump interval(trj)   :   100.0 fs       |
  |   SHAKE algorithm      : true (all bonds) |
  |   dump interval(Vbias) :    1.00 ps       |
  |   Vbias prefactor (k)  :  0.0450 Eh       |
  |   Vbias exponent (α)   :  0.7800 bohr⁻²   |
*MTD  11 completed successfully ...        0 min,  3.611 sec
*MTD   8 completed successfully ...        0 min,  3.578 sec
*MTD   4 completed successfully ...        0 min,  3.567 sec
 
 ======================================
 |  Multilevel Ensemble Optimization  |
 ======================================
 Optimizing all 686 structures from file "crest_dynamics.trj" ...
 ----------------------
 crude pre-optimization
 ----------------------
 Optimization engine: ANCOPT
 Hessian update type: BFGS
 E/G convergence criteria:  0.500E-03 Eh, 0.100E-01 Eh/a0
 maximum optimization steps: 200
 |>0.1% |>10.1% |>20.1% |>30.0% |>40.1% |>50.0% |>60.1% |>70.1% |>80.0% |>90.1% |>100.0%
 done.
> 686 of 686 structures successfully optimized (100.0% success)
> Total runtime for 686 optimizations:
 * wall-time:     0 d,  0 h,  0 min,  5.521 sec
 *  cpu-time:     0 d,  0 h,  0 min, 21.966 sec
 * ratio c/w:     3.979 speedup
> Corresponding to approximately 0.008 sec per processed structure
 
CREGEN> running RMSDs ... done.
CREGEN> E lowest :   -17.72939
 428 structures remain within    12.00 kcal/mol window
 ----------------------------------
 optimization with tight thresholds
 ----------------------------------
 Optimization engine: ANCOPT
 Hessian update type: BFGS
 E/G convergence criteria:  0.100E-05 Eh, 0.800E-03 Eh/a0
 maximum optimization steps: 200
 |>0.2% |>10.0% |>20.1% |>30.1% |>40.2% |>50.0% |>60.0% |>70.1% |>80.1% |>90.2% |>100.0%
 done.
> 428 of 428 structures successfully optimized (100.0% success)
> Total runtime for 428 optimizations:
 * wall-time:     0 d,  0 h,  0 min,  7.496 sec
 *  cpu-time:     0 d,  0 h,  0 min, 29.387 sec
 * ratio c/w:     3.920 speedup
> Corresponding to approximately 0.018 sec per processed structure
 
CREGEN> running RMSDs ... done.
CREGEN> E lowest :   -17.72955
 81 structures remain within     6.00 kcal/mol window
 
========================================
           MTD Simulations done         
========================================
 Collecting ensmbles.
CREGEN> running RMSDs ... done.
CREGEN> E lowest :   -17.72955
 88 structures remain within     6.00 kcal/mol window
 

 ===============================================
 Additional regular MDs on lowest 4 conformer(s)
 ===============================================
  :::::::::::::: starting MD   1 ::::::::::::::
  |   MD simulation time   :     2.5 ps       |
  |   target T             :   400.0 K        |
  |   timestep dt          :     5.0 fs       |
  |   dump interval(trj)   :   100.0 fs       |
  |   SHAKE algorithm      : true (all bonds) |
  :::::::::::::: starting MD   2 ::::::::::::::
  |   MD simulation time   :     2.5 ps       |
  |   target T             :   400.0 K        |
  |   timestep dt          :     5.0 fs       |
  |   dump interval(trj)   :   100.0 fs       |
  |   SHAKE algorithm      : true (all bonds) |
  :::::::::::::: starting MD   3 ::::::::::::::
  |   MD simulation time   :     2.5 ps       |
  |   target T             :   400.0 K        |
  |   timestep dt          :     5.0 fs       |
  |   dump interval(trj)   :   100.0 fs       |
  |   SHAKE algorithm      : true (all bonds) |
  :::::::::::::: starting MD   8 ::::::::::::::
  |   MD simulation time   :     2.5 ps       |
  |   target T             :   500.0 K        |
  |   timestep dt          :     5.0 fs       |
  |   dump interval(trj)   :   100.0 fs       |
  |   SHAKE algorithm      : true (all bonds) |
*MD   3 completed successfully ...        0 min,  1.798 sec
  :::::::::::::: starting MD   4 ::::::::::::::
  |   MD simulation time   :     2.5 ps       |
  |   target T             :   400.0 K        |
  |   timestep dt          :     5.0 fs       |
  |   dump interval(trj)   :   100.0 fs       |
  |   SHAKE algorithm      : true (all bonds) |
*MD   1 completed successfully ...        0 min,  1.799 sec
  :::::::::::::: starting MD   5 ::::::::::::::
  |   MD simulation time   :     2.5 ps       |
  |   target T             :   500.0 K        |
  |   timestep dt          :     5.0 fs       |
  |   dump interval(trj)   :   100.0 fs       |
  |   SHAKE algorithm      : true (all bonds) |
*MD   2 completed successfully ...        0 min,  1.814 sec
  :::::::::::::: starting MD   6 ::::::::::::::
  |   MD simulation time   :     2.5 ps       |
  |   target T             :   500.0 K        |
  |   timestep dt          :     5.0 fs       |
  |   dump interval(trj)   :   100.0 fs       |
  |   SHAKE algorithm      : true (all bonds) |
*MD   8 completed successfully ...        0 min,  1.855 sec
  :::::::::::::: starting MD   7 ::::::::::::::
  |   MD simulation time   :     2.5 ps       |
  |   target T             :   500.0 K        |
  |   timestep dt          :     5.0 fs       |
  |   dump interval(trj)   :   100.0 fs       |
  |   SHAKE algorithm      : true (all bonds) |
*MD   4 completed successfully ...        0 min,  1.810 sec
*MD   6 completed successfully ...        0 min,  1.805 sec
*MD   5 completed successfully ...        0 min,  1.833 sec
*MD   7 completed successfully ...        0 min,  1.832 sec
 Appending file crest_rotamers_1.xyz with new structures
 Optimizing all 280 structures from file "crest_rotamers_1.xyz" ...
 ----------------------------------
 optimization with tight thresholds
 ----------------------------------
 Optimization engine: ANCOPT
 Hessian update type: BFGS
 E/G convergence criteria:  0.100E-05 Eh, 0.800E-03 Eh/a0
 maximum optimization steps: 200
 |>0.4% |>10.0% |>20.0% |>30.0% |>40.0% |>50.0% |>60.0% |>70.4% |>80.0% |>90.4% |>100.0%
 done.
> 280 of 280 structures successfully optimized (100.0% success)
> Total runtime for 280 optimizations:
 * wall-time:     0 d,  0 h,  0 min,  4.350 sec
 *  cpu-time:     0 d,  0 h,  0 min, 17.247 sec
 * ratio c/w:     3.964 speedup
> Corresponding to approximately 0.016 sec per processed structure
 
CREGEN> running RMSDs ... done.
CREGEN> E lowest :   -17.72954
 88 structures remain within     6.00 kcal/mol window
 
     ========================================
     |        Structure Crossing (GC)       |
     ========================================
 
 =============================
  # threads =           4
 =============================
input  file name : crest_rotamers_2.xyz
number of atoms                :      15
number of points on xyz files  :      88
conformer energy window  /kcal :    6.00
CN per atom difference cut-off :  0.3000
RMSD threshold (Ang, Bohr)     :  0.2500  0.4724
max. # of generated structures :      250
 # in E window          88
  10.0 % done
  35.2 % done
  62.0 % done
  85.8 % done
 finished.
 average rmsd w.r.t input     :     2.58280
 number of clash discarded    :         151
 removed identical structures :        1119

 250 structures written to confcross.xyz

 
 ======================================
 |  Multilevel Ensemble Optimization  |
 ======================================
 Optimizing all 250 structures from file "confcross.xyz" ...
 ----------------------
 crude pre-optimization
 ----------------------
 Optimization engine: ANCOPT
 Hessian update type: BFGS
 E/G convergence criteria:  0.500E-03 Eh, 0.100E-01 Eh/a0
 maximum optimization steps: 200
 |>0.4% |>10.0% |>20.0% |>30.0% |>40.0% |>50.0% |>60.0% |>70.4% |>80.0% |>90.4% |>100.0%
 done.
> 250 of 250 structures successfully optimized (100.0% success)
> Total runtime for 250 optimizations:
 * wall-time:     0 d,  0 h,  0 min,  1.511 sec
 *  cpu-time:     0 d,  0 h,  0 min,  5.988 sec
 * ratio c/w:     3.964 speedup
> Corresponding to approximately 0.006 sec per processed structure
 
CREGEN> running RMSDs ... done.
CREGEN> E lowest :   -17.72953
 117 structures remain within    12.00 kcal/mol window
 ----------------------------------
 optimization with tight thresholds
 ----------------------------------
 Optimization engine: ANCOPT
 Hessian update type: BFGS
 E/G convergence criteria:  0.100E-05 Eh, 0.800E-03 Eh/a0
 maximum optimization steps: 200
 |>0.9% |>10.3% |>20.5% |>30.8% |>40.2% |>50.4% |>60.7% |>70.1% |>80.3% |>90.6% |>100.0%
 done.
> 117 of 117 structures successfully optimized (100.0% success)
> Total runtime for 117 optimizations:
 * wall-time:     0 d,  0 h,  0 min,  1.978 sec
 *  cpu-time:     0 d,  0 h,  0 min,  7.437 sec
 * ratio c/w:     3.760 speedup
> Corresponding to approximately 0.017 sec per processed structure
 
CREGEN> running RMSDs ... done.
CREGEN> E lowest :   -17.72954
 39 structures remain within     6.00 kcal/mol window
appending new structures to crest_rotamers_2.xyz
CREGEN> running RMSDs ... done.
CREGEN> E lowest :   -17.72954


   ================================================
   |           Final Geometry Optimization        |
   ================================================
 Optimizing all 88 structures from file "crest_rotamers_3.xyz" ...
 ---------------------------------------
 optimization with very tight thresholds
 ---------------------------------------
 Optimization engine: ANCOPT
 Hessian update type: BFGS
 E/G convergence criteria:  0.100E-06 Eh, 0.200E-03 Eh/a0
 maximum optimization steps: 200
 |>1.1% |>10.2% |>20.5% |>30.7% |>40.9% |>50.0% |>60.2% |>70.5% |>80.7% |>90.9% |>100.0%
 done.
> 88 of 88 structures successfully optimized (100.0% success)
> Total runtime for 88 optimizations:
 * wall-time:     0 d,  0 h,  0 min,  0.535 sec
 *  cpu-time:     0 d,  0 h,  0 min,  2.120 sec
 * ratio c/w:     3.964 speedup
> Corresponding to approximately 0.006 sec per processed structure
 
CREGEN> running RMSDs ... done.
CREGEN> E lowest :   -17.72953
 88 structures remain within     6.00 kcal/mol window


 --------------------------
 Final Ensemble Information
 --------------------------
 input  file name : crest_rotamers_3.xyz
 output file name : crest_rotamers_4.xyz
 number of atoms                :   15
 number of points on xyz files  :   88
 RMSD threshold                 :   0.1250
 Bconst threshold               :   0.0100
 population threshold           :   0.0500
 # fragment in coord            :     1
 # bonds in reference structure :    14
 number of reliable points      :    88
 sorting energy window (EWIN)   :    6.0000 / kcal*mol⁻¹
 reference state Etot           :  -17.7295326600000
 number of doubles removed by rot/RMSD         :           0
 total number unique points considered further :          88
       Erel/kcal        Etot weight/tot  conformer     set   degen     origin
       1   0.000   -17.72953    0.03913    0.23373       1       6
       2   0.000   -17.72953    0.03913
       3   0.000   -17.72953    0.03913
       4   0.005   -17.72952    0.03879
       5   0.005   -17.72952    0.03878
       6   0.005   -17.72952    0.03878
       7   0.020   -17.72950    0.03783    0.22658       2       6
       8   0.020   -17.72950    0.03783
       9   0.020   -17.72950    0.03783
      10   0.022   -17.72950    0.03770
      11   0.022   -17.72950    0.03770
      12   0.022   -17.72950    0.03769
      13   0.469   -17.72879    0.01775    0.21007       3      12
      14   0.469   -17.72879    0.01774
      15   0.469   -17.72879    0.01774
      16   0.479   -17.72877    0.01746
      17   0.479   -17.72877    0.01746
      18   0.479   -17.72877    0.01746
      19   0.479   -17.72877    0.01745
      20   0.479   -17.72877    0.01745
      21   0.479   -17.72877    0.01745
      22   0.481   -17.72877    0.01737
      23   0.482   -17.72877    0.01737
      24   0.482   -17.72877    0.01737
      25   0.614   -17.72855    0.01389    0.08316       4       6
      26   0.614   -17.72855    0.01389
      27   0.614   -17.72855    0.01389
      28   0.617   -17.72855    0.01383
      29   0.617   -17.72855    0.01383
      30   0.617   -17.72855    0.01383
      31   0.795   -17.72827    0.01024    0.06145       5       6
      32   0.795   -17.72827    0.01024
      33   0.795   -17.72827    0.01024
      34   0.795   -17.72827    0.01024
      35   0.795   -17.72827    0.01024
      36   0.795   -17.72827    0.01024
      37   0.927   -17.72806    0.00819    0.04891       6       6
      38   0.927   -17.72806    0.00819
      39   0.927   -17.72806    0.00819
      40   0.933   -17.72805    0.00811
      41   0.933   -17.72805    0.00811
      42   0.933   -17.72805    0.00811
      43   0.936   -17.72804    0.00807    0.02420       7       3
      44   0.936   -17.72804    0.00807
      45   0.936   -17.72804    0.00807
      46   1.018   -17.72791    0.00703    0.04207       8       6
      47   1.018   -17.72791    0.00703
      48   1.018   -17.72791    0.00703
      49   1.021   -17.72791    0.00699
      50   1.022   -17.72790    0.00699
      51   1.022   -17.72790    0.00698
      52   1.392   -17.72732    0.00374    0.02241       9       6
      53   1.392   -17.72732    0.00374
      54   1.392   -17.72731    0.00374
      55   1.395   -17.72731    0.00372
      56   1.395   -17.72731    0.00372
      57   1.395   -17.72731    0.00372
      58   1.483   -17.72717    0.00321    0.01921      10       6
      59   1.483   -17.72717    0.00321
      60   1.483   -17.72717    0.00321
      61   1.484   -17.72717    0.00321
      62   1.486   -17.72716    0.00319
      63   1.486   -17.72716    0.00319
      64   1.715   -17.72680    0.00217    0.01301      11       6
      65   1.715   -17.72680    0.00217
      66   1.715   -17.72680    0.00217
      67   1.716   -17.72680    0.00217
      68   1.716   -17.72680    0.00217
      69   1.716   -17.72680    0.00217
      70   2.061   -17.72625    0.00121    0.00725      12       6
      71   2.061   -17.72625    0.00121
      72   2.061   -17.72625    0.00121
      73   2.063   -17.72625    0.00121
      74   2.063   -17.72625    0.00121
      75   2.063   -17.72624    0.00121
      76   2.214   -17.72600    0.00094    0.00094      13       1
      77   2.286   -17.72589    0.00083    0.00495      14       6
      78   2.286   -17.72589    0.00083
      79   2.286   -17.72589    0.00083
      80   2.290   -17.72588    0.00082
      81   2.290   -17.72588    0.00082
      82   2.291   -17.72588    0.00082
      83   2.808   -17.72506    0.00034    0.00205      15       6
      84   2.808   -17.72506    0.00034
      85   2.808   -17.72506    0.00034
      86   2.814   -17.72505    0.00034
      87   2.814   -17.72505    0.00034
      88   2.815   -17.72505    0.00034
T /K                                  :   298.15
E lowest                              :   -17.72953
ensemble average energy (kcal)        :    0.433
ensemble entropy (J/mol K, cal/mol K) :   33.015    7.891
ensemble free energy (kcal/mol)       :   -2.353
population of lowest in %             :   23.373
 number of unique conformers for further calc           15
 list of relative energies saved as "crest.energies"
 
 -----------------
 Wall Time Summary
 -----------------
 CREST runtime (total)               0 d,  0 h,  1 min,  8.980 sec
 ------------------------------------------------------------------
 Trial metadynamics (MTD)   ...        0 min,  0.742 sec (  1.076%)
 Metadynamics (MTD)         ...        0 min, 29.144 sec ( 42.251%)
 Geometry optimization      ...        0 min, 31.303 sec ( 45.380%)
 Molecular dynamics (MD)    ...        0 min,  3.705 sec (  5.371%)
 Genetic crossing (GC)      ...        0 min,  3.861 sec (  5.597%)
 I/O and setup              ...        0 min,  0.224 sec (  0.325%)
 ------------------------------------------------------------------
 * wall-time:     0 d,  0 h,  1 min,  8.980 sec
 *  cpu-time:     0 d,  0 h,  4 min, 18.204 sec
 * ratio c/w:     3.743 speedup
 ------------------------------------------------------------------
 * Total number of energy+grad calls: 68228
 
 CREST terminated normally.
