    -17.729524086928    -17.729524086928         0.13639E-03
    -17.729524203306    -17.729524203306         0.12332E-03
    -17.729532661351    -17.729532661351         0.20149E-03
    -17.729524431040    -17.729524431040         0.16316E-03
    -17.729532660704    -17.729532660704         0.34216E-04
    -17.729532625489    -17.729532625489         0.32999E-04
    -17.729497516459    -17.729497516459         0.14223E-03
    -17.729500745234    -17.729500745234         0.38464E-04
    -17.729500835439    -17.729500835439         0.10520E-03
    -17.729497384909    -17.729497384909         0.55551E-04
    -17.729497117634    -17.729497117634         0.11106E-03
    -17.729500800735    -17.729500800735         0.10464E-03
    -17.728785419980    -17.728785419980         0.15342E-03
    -17.728785283293    -17.728785283293         0.45277E-04
    -17.728769605767    -17.728769605767         0.96701E-04
    -17.728785280834    -17.728785280834         0.32783E-04
    -17.728769546247    -17.728769546247         0.17781E-03
    -17.728769995799    -17.728769995799         0.47796E-04
    -17.728769869256    -17.728769869256         0.49261E-04
    -17.728770065947    -17.728770065947         0.48793E-04
    -17.728765014197    -17.728765014197         0.10512E-03
    -17.728765411632    -17.728765411632         0.73313E-04
    -17.728553682892    -17.728553682892         0.14218E-03
    -17.728765202627    -17.728765202627         0.12605E-03
    -17.728769492911    -17.728769492911         0.11284E-03
    -17.728554178975    -17.728554178975         0.23868E-04
    -17.728553756579    -17.728553756579         0.17511E-03
    -17.728549926614    -17.728549926614         0.12648E-03
    -17.728549932245    -17.728549932245         0.19665E-03
    -17.728265513381    -17.728265513381         0.15180E-03
    -17.728266224398    -17.728266224398         0.43282E-04
    -17.728550029952    -17.728550029952         0.41660E-04
    -17.728266086061    -17.728266086061         0.16844E-03
    -17.728266014068    -17.728266014068         0.18309E-03
    -17.728266110661    -17.728266110661         0.15285E-03
    -17.728265923302    -17.728265923302         0.18480E-03
    -17.728040303588    -17.728040303588         0.17349E-03
    -17.728055169767    -17.728055169767         0.26900E-04
    -17.728055145615    -17.728055145615         0.17510E-04
    -17.728040658753    -17.728040658753         0.63007E-04
    -17.728040642338    -17.728040642338         0.11310E-03
    -17.728045346913    -17.728045346913         0.27330E-04
    -17.728055139515    -17.728055139515         0.20987E-04
    -17.728045491836    -17.728045491836         0.30757E-04
    -17.728045146241    -17.728045146241         0.27359E-04
    -17.727904616131    -17.727904616131         0.19015E-03
    -17.727905607365    -17.727905607365         0.13778E-03
    -17.727910761932    -17.727910761932         0.98108E-04
    -17.727904204776    -17.727904204776         0.10272E-03
    -17.727910848469    -17.727910848469         0.12733E-03
    -17.727910777371    -17.727910777371         0.70752E-04
    -17.727315088547    -17.727315088547         0.92328E-04
    -17.727315092681    -17.727315092681         0.24506E-04
    -17.727314766797    -17.727314766797         0.15506E-03
    -17.727310059156    -17.727310059156         0.17072E-03
    -17.727310122500    -17.727310122500         0.18888E-03
    -17.727310048023    -17.727310048023         0.13823E-03
    -17.727168730271    -17.727168730271         0.16383E-03
    -17.727168713744    -17.727168713744         0.19636E-03
    -17.727168327727    -17.727168327727         0.75594E-04
    -17.727168653543    -17.727168653543         0.59571E-04
    -17.726799838011    -17.726799838011         0.18971E-03
    -17.726800198026    -17.726800198026         0.10622E-03
    -17.727164938902    -17.727164938902         0.11455E-03
    -17.727164142936    -17.727164142936         0.13933E-03
    -17.726800250087    -17.726800250087         0.16837E-03
    -17.726797626613    -17.726797626613         0.10069E-03
    -17.726797876175    -17.726797876175         0.17739E-03
    -17.726247616508    -17.726247616508         0.13988E-03
    -17.726798306205    -17.726798306205         0.80197E-04
    -17.726248112781    -17.726248112781         0.28457E-04
    -17.726244721161    -17.726244721161         0.17504E-03
    -17.726245105111    -17.726245105111         0.82228E-04
    -17.726248097227    -17.726248097227         0.11595E-03
    -17.726245164874    -17.726245164874         0.13959E-03
    -17.726004576796    -17.726004576796         0.12980E-03
    -17.725881334055    -17.725881334055         0.18959E-03
    -17.725890281453    -17.725890281453         0.37440E-04
    -17.725890193585    -17.725890193585         0.30814E-04
    -17.725890201536    -17.725890201536         0.42851E-04
    -17.725883004725    -17.725883004725         0.32917E-04
    -17.725883006492    -17.725883006492         0.42962E-04
    -17.725057819310    -17.725057819310         0.10505E-03
    -17.725057883439    -17.725057883439         0.15846E-04
    -17.725057849020    -17.725057849020         0.22525E-04
    -17.725047284975    -17.725047284975         0.17258E-03
    -17.725048905621    -17.725048905621         0.27005E-04
    -17.725048906893    -17.725048906893         0.37224E-04
