  8
 Etot=         -19.4574123840
 C         -0.8848964944        0.0672707482       -1.0755392530
 C          0.5934948613       -0.0096830818       -0.7066529463
 Cl         0.9783174682       -1.4975992177        0.1951824787
 Cl         1.1246654904        1.4203774459        0.2133881669
 Cl        -1.9738419319        0.0528335908        0.3363985652
 H         -1.0946731666        0.9842389711       -1.6358847054
 H         -1.1683718208       -0.7785985417       -1.7094673906
 H          1.1930607635       -0.0340406540       -1.6211175097
  8
 Etot=         -19.4582132684
 C         -0.8818211727        0.0672338981       -1.0975483760
 C          0.5865651890       -0.0085425904       -0.7337158741
 Cl         0.9321387928       -1.4848695851        0.2053904162
 Cl         1.0769899965        1.4087912042        0.2315441882
 Cl        -1.9071128805        0.0545241626        0.3667157899
 H         -1.0844049495        0.9954606644       -1.6363681729
 H         -1.1603619756       -0.7964908752       -1.7052957654
 H          1.2057621695       -0.0313076177       -1.6344148000
  8
 Etot=         -19.4582731049
 C         -0.8825587041        0.0665222610       -1.1000519394
 C          0.5844345433       -0.0089720644       -0.7342547793
 Cl         0.9392692422       -1.4895470025        0.1966953724
 Cl         1.0755984211        1.4078928686        0.2339947503
 Cl        -1.9111050400        0.0643834711        0.3641782621
 H         -1.0853501597        0.9927732978       -1.6377134792
 H         -1.1635105228       -0.8010313166       -1.6977520429
 H          1.2109773895       -0.0272222541       -1.6287887383
  8
 Etot=         -19.4582913706
 C         -0.8816727374        0.0657787513       -1.1018677142
 C          0.5841059379       -0.0082258150       -0.7356561945
 Cl         0.9407739561       -1.4941272953        0.1893712799
 Cl         1.0736186894        1.4075043668        0.2387860196
 Cl        -1.9124370800        0.0726652336        0.3644498432
 H         -1.0859328006        0.9887031447       -1.6417460041
 H         -1.1652836307       -0.8054437757       -1.6903912997
 H          1.2145828350       -0.0220553495       -1.6266385245
