  7
 Etot=          -7.5809744391
 C          0.7362698685       -0.0000734006        0.0033607494
 N         -0.6999348527        0.0000361977       -0.0162092963
 H          1.0979963684        0.0012444664        1.0351844758
 H          1.1216122350        0.8877332272       -0.5055406677
 H          1.1212653300       -0.8886979645       -0.5044914722
 H         -1.1936089992        0.8738920104        0.0795448455
 H         -1.1941962078       -0.8738001054        0.0805058960
  7
 Etot=          -7.5863122564
 C          0.7256263114       -0.0000181500       -0.0026224205
 N         -0.7106968450        0.0000117782       -0.1172769671
 H          1.0842251178        0.0009038638        1.0382330124
 H          1.1313944301        0.8821206785       -0.4989113283
 H          1.1312417800       -0.8830097652       -0.4974621655
 H         -1.1860857530        0.8569188480        0.1247212510
 H         -1.1863012991       -0.8565928221        0.1256731485
  7
 Etot=          -7.5886874973
 C          0.7171655354       -0.0000211878       -0.0241947398
 N         -0.7161012407       -0.0000468546       -0.2549123806
 H          1.0156164502        0.0008610479        1.0408291500
 H          1.1505296516        0.8833712491       -0.4952727639
 H          1.1503739579       -0.8842768387       -0.4937911228
 H         -1.1640288686        0.8417702622        0.1993800329
 H         -1.1641517436       -0.8413232468        0.2003163546
  7
 Etot=          -7.5904266201
 C          0.7181367257       -0.0000108313       -0.0086000867
 N         -0.7142748102       -0.0000360617       -0.2096619790
 H          1.0466153056        0.0008729904        1.0430329247
 H          1.1314685113        0.8818823735       -0.4965571758
 H          1.1313337680       -0.8827945792       -0.4950350473
 H         -1.1618806739        0.8320235497        0.1691533422
 H         -1.1619950843       -0.8316030103        0.1700225522
  7
 Etot=          -7.5909302561
 C          0.7154065909       -0.0000088572       -0.0118611052
 N         -0.7171896493       -0.0000525202       -0.2312243884
 H          1.0305400649        0.0008095175        1.0424931390
 H          1.1323074060        0.8823439073       -0.4959996219
 H          1.1321607996       -0.8831993891       -0.4945804804
 H         -1.1518625487        0.8206081422        0.1812300464
 H         -1.1519589212       -0.8201663692        0.1822969411
  7
 Etot=          -7.5910869477
 C          0.7129550618       -0.0000142196       -0.0193116845
 N         -0.7223264951       -0.0000684529       -0.2451107733
 H          1.0092137375        0.0008772106        1.0393419356
 H          1.1384112936        0.8830646702       -0.4957029756
 H          1.1382671216       -0.8839933486       -0.4941725690
 H         -1.1435116928        0.8138545471        0.1932460640
 H         -1.1436052843       -0.8133859757        0.1940645332
  7
 Etot=          -7.5911088527
 C          0.7125439131       -0.0000113770       -0.0204089814
 N         -0.7245022306       -0.0000691519       -0.2445444816
 H          1.0061641831        0.0006658638        1.0386766340
 H          1.1387857225        0.8829845496       -0.4954635864
 H          1.1386166929       -0.8837031488       -0.4942963312
 H         -1.1410616171        0.8143277211        0.1934161956
 H         -1.1411429217       -0.8138600257        0.1949750815
