  13
 Etot=         -23.5431268165
 C         -1.9345513378       -1.2233102564       -0.0002831160
 C         -0.5396781024       -1.2162647436       -0.0001493208
 C          0.1507704845       -0.0043213731       -0.0002745175
 C         -0.5524814538        1.1998902750       -0.0001412505
 C         -1.9478665309        1.1919861445       -0.0002468744
 C         -2.6383151178       -0.0199572259       -0.0001216777
 O         -3.9999573339       -0.0281581019        0.0003482613
 Br         2.0403510706        0.0059784467        0.0000752804
 H         -2.4664844364       -2.1709951188        0.0009738692
 H         -0.0059770191       -2.1633131842        0.0004869867
 H         -0.0302215760        2.1522214203       -0.0000414553
 H         -2.4908391007        2.1329746591        0.0009380358
 H         -4.3410881686        0.8798284978        0.0006457213
  13
 Etot=         -23.5444010432
 C         -1.9330428651       -1.2147851694        0.0002999934
 C         -0.5493822332       -1.2093202250        0.0001857958
 C          0.1350420006       -0.0034747097       -0.0001085784
 C         -0.5543714892        1.1984879491        0.0000291741
 C         -1.9383361202        1.1924811106        0.0002216362
 C         -2.6357542437       -0.0140750384        0.0003554585
 O         -3.9925643674       -0.0446043035        0.0003099256
 Br         2.0393085936        0.0034410131       -0.0002061371
 H         -2.4687518416       -2.1518877031        0.0004590087
 H         -0.0119428901       -2.1466163535        0.0000527242
 H         -0.0225111101        2.1390193249       -0.0000630632
 H         -2.4727023604        2.1312764596        0.0002669228
 H         -4.3513296954        0.8566170849        0.0004070817
  13
 Etot=         -23.5446533492
 C         -1.9323658953       -1.2097502711        0.0002610484
 C         -0.5526514783       -1.2080729806        0.0001082611
 C          0.1268168908       -0.0031759366        0.0000734291
 C         -0.5539905243        1.2002281805        0.0000551304
 C         -1.9344217204        1.1959137132        0.0001665228
 C         -2.6358814246       -0.0080167679        0.0002490603
 O         -3.9881500462       -0.0564618406        0.0004000557
 Br         2.0444392999       -0.0011391088       -0.0003448521
 H         -2.4762443100       -2.1390315748        0.0003742628
 H         -0.0105847714       -2.1398078372        0.0002098295
 H         -0.0136473068        2.1333120817       -0.0000220657
 H         -2.4652025245        2.1345224279        0.0002324365
 H         -4.3644548112        0.8380393538        0.0004468237
  13
 Etot=         -23.5446901653
 C         -1.9321294492       -1.2085313415        0.0003500419
 C         -0.5523606937       -1.2095328864        0.0001792155
 C          0.1251283341       -0.0033949248        0.0000058348
 C         -0.5528892303        1.2014206060        0.0000595994
 C         -1.9341961175        1.1981563166        0.0002456717
 C         -2.6360791561       -0.0052884892        0.0003475713
 O         -3.9863459559       -0.0600747787        0.0004126372
 Br         2.0477582940       -0.0019000134       -0.0002784838
 H         -2.4816898819       -2.1348795665        0.0003432477
 H         -0.0084379830       -2.1402396730        0.0000614932
 H         -0.0092724989        2.1325236089       -0.0000565164
 H         -2.4645991553        2.1374934571        0.0001569475
 H         -4.3712251287        0.8308071244        0.0003826825
