  7
 Etot=          -8.3838704625
 C          1.3015734667       -0.0001255476       -0.0001026086
 C         -0.1616656454        0.0003937222        0.0000734905
 C         -1.3618975739       -0.0001669414        0.0000148667
 H          1.6911306527        0.9991004349        0.2182013878
 H          1.6900899274       -0.6889333561        0.7560506581
 H          1.6907327618       -0.3110830080       -0.9735755157
 H         -2.4266983594       -0.0002903772       -0.0005067090
  7
 Etot=          -8.3845240653
 C          1.2990768131       -0.0002004273        0.0000029390
 C         -0.1492078811        0.0001827646       -0.0006821330
 C         -1.3449683237       -0.0006089247       -0.0004413696
 H          1.6718600617        1.0009973316        0.2188516195
 H          1.6710924426       -0.6901400121        0.7581051568
 H          1.6721876028       -0.3115732153       -0.9759697837
 H         -2.3967754854        0.0002374100        0.0002891407
  7
 Etot=          -8.3845502672
 C          1.2989558362       -0.0002542048        0.0000442529
 C         -0.1457916406        0.0007382838        0.0006536644
 C         -1.3429571679        0.0008965355        0.0008394388
 H          1.6686269187        1.0004006415        0.2185238543
 H          1.6677468708       -0.6900223563        0.7576236611
 H          1.6678122168       -0.3116346492       -0.9760157493
 H         -2.3911278041       -0.0012293238       -0.0015135523
