  16
 Etot=         -19.8521610003
 C         -2.8840886921        0.5613257407       -0.0000428611
 C         -1.7855158403       -0.4897673406       -0.0001967357
 C         -0.3981106356        0.1494373533        0.0002002175
 C          0.7001770714       -0.9087181102       -0.0001572522
 C          2.0856335348       -0.3083747139        0.0002839422
 O          2.3262076970        0.8939824749       -0.0002288497
 H         -3.8678590785        0.0828063299       -0.0000234968
 H         -2.8166913589        1.1994008536       -0.8868431485
 H         -2.8161127497        1.1991796603        0.8882339248
 H         -1.9012240299       -1.1294149329       -0.8821953595
 H         -1.9008916307       -1.1293268117        0.8824969314
 H         -0.2880502439        0.7957473591        0.8800275224
 H         -0.2882595381        0.7955045806       -0.8794723773
 H          0.6178149386       -1.5460292437       -0.8871138453
 H          0.6180988829       -1.5462110152        0.8870084408
 H          2.9098786482       -1.0425558612        0.0004736175
  16
 Etot=         -19.8531220080
 C         -2.8921823922        0.5617452505        0.0002040828
 C         -1.7898643559       -0.4877339627        0.0001046126
 C         -0.4019741412        0.1470216523        0.0000090551
 C          0.7071901022       -0.8991799365       -0.0001765402
 C          2.0808884168       -0.3056219259       -0.0002838876
 O          2.3286730998        0.8790133186       -0.0000000494
 H         -3.8736522153        0.0898723514        0.0003087130
 H         -2.8180948503        1.1971289463       -0.8812536507
 H         -2.8179746173        1.1967962529        0.8822663758
 H         -1.8969877300       -1.1242457516       -0.8820811918
 H         -1.8969114161       -1.1242964067        0.8824609263
 H         -0.2899254110        0.7880836159        0.8785240738
 H         -0.2900469795        0.7882822214       -0.8783072881
 H          0.6303255508       -1.5437607932       -0.8792908846
 H          0.6306318906       -1.5439570223        0.8789573912
 H          2.9009120239       -1.0421614875        0.0010089322
  16
 Etot=         -19.8531976923
 C         -2.8916421375        0.5621629686        0.0002399939
 C         -1.7898137393       -0.4895708921        0.0000462468
 C         -0.4034133726        0.1489623169        0.0001768001
 C          0.7077215069       -0.8961226441        0.0003799062
 C          2.0750216254       -0.3011662927        0.0013156983
 O          2.3312074412        0.8782810334       -0.0005723457
 H         -3.8710994433        0.0906002552        0.0001538312
 H         -2.8150342559        1.1956330112       -0.8804839911
 H         -2.8151212797        1.1951756995        0.8813081930
 H         -1.8957649455       -1.1243630674       -0.8823619770
 H         -1.8958076366       -1.1245552576        0.8823119926
 H         -0.2910926007        0.7880187381        0.8786738281
 H         -0.2908867414        0.7881476197       -0.8782028695
 H          0.6327858918       -1.5448331132       -0.8760202028
 H          0.6322259084       -1.5450246286        0.8765717532
 H          2.8917207543       -1.0443594240       -0.0010861870
  16
 Etot=         -19.8531995761
 C         -2.8925768917        0.5621368882        0.0004973409
 C         -1.7903272994       -0.4900677947        0.0003520453
 C         -0.4042330654        0.1493341294       -0.0000432062
 C          0.7087193011       -0.8944382936       -0.0009199696
 C          2.0748746194       -0.3000779447       -0.0031442141
 O          2.3359191563        0.8784855589        0.0009132709
 H         -3.8718430126        0.0906577687        0.0005462554
 H         -2.8148917964        1.1948082722       -0.8805384646
 H         -2.8147460239        1.1947495129        0.8815154411
 H         -1.8963321386       -1.1245200721       -0.8819758924
 H         -1.8959269235       -1.1244947714        0.8827266564
 H         -0.2919863498        0.7880685229        0.8784348709
 H         -0.2927061300        0.7881880267       -0.8785263045
 H          0.6326745144       -1.5442942495       -0.8766965641
 H          0.6341083349       -1.5444416261        0.8749406657
 H          2.8902806806       -1.0471076049        0.0043687392
