  5
 Etot=          -8.3966410130
 C         -0.7259815497        0.0000744857       -0.0001332223
 F          0.6304199265        0.0000084010        0.0000427851
 H         -1.0767229262        0.0154648315       -1.0333972854
 H         -1.0771750379       -0.9039160512        0.5034015265
 H         -1.0778388822        0.8874052917        0.5307768062
  5
 Etot=          -8.3969808553
 C         -0.7360875442       -0.0001195772       -0.0000367337
 F          0.6309896687        0.0001114362        0.0003030490
 H         -1.0738475180        0.0155408704       -1.0364941992
 H         -1.0739103282       -0.9059787711        0.5047401331
 H         -1.0744427479        0.8894830004        0.5321783609
  5
 Etot=          -8.3971480929
 C         -0.7479685530       -0.0002730883        0.0001959977
 F          0.6336894129        0.0001904956        0.0003836972
 H         -1.0709240665        0.0155872436       -1.0387086562
 H         -1.0708300925       -0.9078149270        0.5056531615
 H         -1.0712651705        0.8913472349        0.5331664098
  5
 Etot=          -8.3971492472
 C         -0.7490675847       -0.0002240447        0.0001453195
 F          0.6347698903        0.0001607449        0.0003259416
 H         -1.0708430221        0.0155873959       -1.0386541691
 H         -1.0708416452       -0.9078348888        0.5056859031
 H         -1.0713161078        0.8913477515        0.5331876149
