  13
 Etot=         -13.9244835062
 C         -1.3858906020       -0.0275973227       -0.0904714053
 N          0.0014674354       -0.0000615662        0.3709843978
 C          0.6704801112        1.2149751195       -0.0931577057
 C          0.7187182630       -1.1870527898       -0.0932182361
 H         -1.8801891659       -0.9373503861        0.2597589380
 H         -1.4211101291       -0.0060679309       -1.1828939747
 H         -1.9290133886        0.8387945338        0.2951343385
 H          1.6952980673        1.2084526054        0.2634423696
 H          0.1459734410        2.0785395837        0.3004133414
 H          0.6548249070        1.2337353026       -1.1779272527
 H          1.7422522557       -1.1399539108        0.2630693745
 H          0.7033465892       -1.2076361625       -1.1780528025
 H          0.2288096307       -2.0715309097        0.3006687875
  13
 Etot=         -13.9258603035
 C         -1.3809829412       -0.0274432859       -0.0938510737
 N         -0.0032369729       -0.0006045248        0.3721975241
 C          0.6621180105        1.2096496271       -0.0966498922
 C          0.7103457757       -1.1825273269       -0.0978616004
 H         -1.8641508042       -0.9314919358        0.2736486996
 H         -1.4461386291       -0.0094214656       -1.1917195348
 H         -1.9094599634        0.8369673619        0.3054313004
 H          1.6833419493        1.2116599662        0.2741072773
 H          0.1392966602        2.0735031224        0.3034614457
 H          0.6748038117        1.2690996673       -1.1923340067
 H          1.7308923956       -1.1433377252        0.2723376896
 H          0.7247737766       -1.2415347050       -1.1935081371
 H          0.2233643462       -2.0672726093        0.3024904786
  13
 Etot=         -13.9260646945
 C         -1.3829799742       -0.0276217753       -0.0935955408
 N         -0.0039223022       -0.0010071065        0.3567218841
 C          0.6611286973        1.2094081486       -0.0966239655
 C          0.7096339738       -1.1825496228       -0.0991339104
 H         -1.8616277800       -0.9292358694        0.2831045887
 H         -1.4676150332       -0.0134836931       -1.1924829645
 H         -1.9037194436        0.8386221177        0.3095274551
 H          1.6814312280        1.2160706984        0.2812632971
 H          0.1344817359        2.0729971606        0.3039409558
 H          0.6890560716        1.2886776479       -1.1957321440
 H          1.7297072694       -1.1475634659        0.2777698157
 H          0.7397858267       -1.2595332314       -1.1981984804
 H          0.2196071455       -2.0675348425        0.3011891795
  13
 Etot=         -13.9261008194
 C         -1.3836644441       -0.0278159323       -0.0926119710
 N         -0.0028078874       -0.0012212405        0.3476217744
 C          0.6612400037        1.2090629469       -0.0964887076
 C          0.7099464617       -1.1821756094       -0.1001428745
 H         -1.8611791302       -0.9281096866        0.2889794932
 H         -1.4776623339       -0.0170741791       -1.1911694769
 H         -1.9012508363        0.8406520880        0.3099789281
 H          1.6805102481        1.2172803149        0.2854409318
 H          0.1311445539        2.0720593818        0.3025413765
 H          0.6959094590        1.2940588010       -1.1956166014
 H          1.7291889053       -1.1488106895        0.2805639053
 H          0.7468700601       -1.2635503139       -1.1993286838
 H          0.2167223552       -2.0671097149        0.2979820761
