    -13.926103993097    -13.926103993097         0.11931E-03
    -13.926103996524    -13.926103996524         0.17544E-03
    -13.926103938196    -13.926103938196         0.19680E-03
    -13.926104162529    -13.926104162529         0.90832E-04
    -13.926103914442    -13.926103914442         0.13222E-03
    -13.926103985697    -13.926103985697         0.10994E-03
    -13.926103990156    -13.926103990156         0.12799E-03
    -13.926103937811    -13.926103937811         0.18224E-03
    -13.926104006226    -13.926104006226         0.11340E-03
    -13.926103910393    -13.926103910393         0.18759E-03
    -13.926103947999    -13.926103947999         0.16270E-03
    -13.926104018751    -13.926104018751         0.11088E-03
    -13.926103953456    -13.926103953456         0.14931E-03
    -13.926104010329    -13.926104010329         0.10147E-03
    -13.926103950714    -13.926103950714         0.16061E-03
    -13.926103979394    -13.926103979394         0.13156E-03
    -13.926104009785    -13.926104009785         0.14197E-03
    -13.926103870002    -13.926103870002         0.19092E-03
    -13.926103911039    -13.926103911039         0.19474E-03
    -13.926103921207    -13.926103921207         0.19313E-03
    -13.926104015511    -13.926104015511         0.11540E-03
    -13.926104022430    -13.926104022430         0.69332E-04
    -13.926104014888    -13.926104014888         0.12920E-03
    -13.926104022222    -13.926104022222         0.98902E-04
    -13.926104004244    -13.926104004244         0.84448E-04
    -13.926103998745    -13.926103998745         0.14000E-03
    -13.926103978921    -13.926103978921         0.13293E-03
    -13.926103996318    -13.926103996318         0.12904E-03
    -13.926103998863    -13.926103998863         0.11676E-03
    -13.926104005502    -13.926104005502         0.14492E-03
    -13.926104035736    -13.926104035736         0.61574E-04
    -13.926103994774    -13.926103994774         0.12541E-03
    -13.926104011536    -13.926104011536         0.92457E-04
    -13.926103968473    -13.926103968473         0.14880E-03
    -13.926103996166    -13.926103996166         0.16335E-03
    -13.926104024454    -13.926104024454         0.16086E-04
    -13.926104014894    -13.926104014894         0.91047E-04
    -13.926104020568    -13.926104020568         0.60966E-04
    -13.926104048811    -13.926104048811         0.16747E-04
    -13.926104029320    -13.926104029320         0.15618E-04
    -13.926103940943    -13.926103940943         0.19052E-03
    -13.926103945721    -13.926103945721         0.19463E-03
    -13.926104054130    -13.926104054130         0.16505E-04
    -13.926103980096    -13.926103980096         0.11120E-03
    -13.926103960839    -13.926103960839         0.15241E-03
    -13.926103981951    -13.926103981951         0.15365E-03
    -13.926104028150    -13.926104028150         0.97308E-04
    -13.926104066991    -13.926104066991         0.17862E-04
    -13.926103952330    -13.926103952330         0.15874E-03
    -13.926104010581    -13.926104010581         0.11994E-03
    -13.926104006893    -13.926104006893         0.10615E-03
    -13.926103997116    -13.926103997116         0.11588E-03
    -13.926104024324    -13.926104024324         0.16344E-04
    -13.926104003348    -13.926104003348         0.11489E-03
