  18
 Etot=         -22.2211683449
 C         -2.4996238834        1.0477872283       -0.0006134589
 C         -1.2077001193        0.3016915620       -0.0001190810
 C         -1.2086081785       -1.0931990292        0.0005243422
 C         -0.0006214159       -1.7905468485        0.0005420793
 C          1.2075805571       -1.0941727118        0.0003091431
 C          1.2076329335        0.3012346189       -0.0003062184
 C         -0.0003538290        0.9985824383       -0.0003239555
 C          2.5000163047        1.0460594876       -0.0006761258
 H         -2.8232366946        1.2335062501       -1.0297083007
 H         -3.2788536094        0.4801322042        0.5181136445
 H         -2.3979025176        2.0067365774        0.5166098098
 H         -2.1446336667       -1.6445084688       -0.0015219320
 H         -0.0000132193       -2.8769621778       -0.0025177090
 H          2.1438882816       -1.6453061182       -0.0005927484
 H         -0.0002763676        2.0862757801        0.0001097032
 H          2.8305333851        1.2370115719       -1.0289342456
 H          2.4051286919        2.0083328399        0.5182384495
 H          3.2853565558        0.4818372159        0.5181069869
  18
 Etot=         -22.2223857518
 C         -2.5047087616        1.0488561564        0.0022631609
 C         -1.2087303833        0.2982086168        0.0075155322
 C         -1.2003307625       -1.0909762483       -0.0005903043
 C          0.0004362310       -1.7822919639       -0.0066675690
 C          1.2014191332       -1.0914252670       -0.0000647191
 C          1.2106363601        0.2979532223        0.0074697090
 C          0.0009172585        0.9817185733        0.0066736490
 C          2.5061034461        1.0476498068        0.0031500378
 H         -2.8262826900        1.2357609831       -1.0224567277
 H         -3.2871821690        0.4794236058        0.5030033915
 H         -2.4009121837        2.0101475890        0.5042950024
 H         -2.1333408126       -1.6372310138        0.0043684667
 H          0.0006271119       -2.8638910468       -0.0044146830
 H          2.1344476841       -1.6376311259        0.0041579305
 H          0.0010613590        2.0632383223        0.0116104962
 H          2.8297327356        1.2366703318       -1.0213097143
 H          2.4040499636        2.0102249845        0.5054133021
 H          3.2903696877        0.4780868940        0.5028234223
  18
 Etot=         -22.2224742788
 C         -2.5065884967        1.0506676801        0.0019621318
 C         -1.2103645800        0.2975044585        0.0114880741
 C         -1.1984719753       -1.0910428863        0.0029948999
 C          0.0007357242       -1.7803352539       -0.0022504686
 C          1.2001031463       -1.0913247776        0.0031800267
 C          1.2125924900        0.2972746756        0.0119883055
 C          0.0011569881        0.9755077044        0.0131693403
 C          2.5086133333        1.0498437127        0.0026347944
 H         -2.8228541152        1.2351394156       -1.0244139996
 H         -3.2885862731        0.4797074738        0.4971300292
 H         -2.4000564401        2.0118756629        0.4992976550
 H         -2.1316608818       -1.6349899405        0.0023115517
 H          0.0007214811       -2.8605171006       -0.0100583537
 H          2.1332220308       -1.6353960356        0.0028506423
 H          0.0013014152        2.0561254822        0.0210926204
 H          2.8250258697        1.2352372444       -1.0237336349
 H          2.4026805014        2.0108416933        0.5005861630
 H          3.2907429904        0.4783732115        0.4970106058
  18
 Etot=         -22.2224800546
 C         -2.5068695270        1.0517361210        0.0011951837
 C         -1.2112549689        0.2973348854        0.0142659016
 C         -1.1987132941       -1.0918830817        0.0019382219
 C          0.0007753555       -1.7808441262       -0.0047556609
 C          1.2004176808       -1.0921753270        0.0024479865
 C          1.2133723012        0.2970353647        0.0144592227
 C          0.0011343789        0.9738242291        0.0188180283
 C          2.5091953547        1.0510939867        0.0018326497
 H         -2.8180829339        1.2352574694       -1.0272845383
 H         -3.2900343667        0.4808989372        0.4936107106
 H         -2.3998183976        2.0124966012        0.4980603398
 H         -2.1327771416       -1.6350488899        0.0029128392
 H          0.0006571987       -2.8611109365       -0.0075593074
 H          2.1343460403       -1.6355887596        0.0031187029
 H          0.0012764827        2.0551640796        0.0276571330
 H          2.8201421677        1.2351824063       -1.0266045450
 H          2.4023843956        2.0114151871        0.4993937985
 H          3.2921624821        0.4797042737        0.4937337163
