  8
 Etot=         -19.4645483353
 C          0.0002058137        0.0017015291        1.8228487273
 C         -0.0003812110        0.0003834908        0.3002742896
 Cl        -0.3185746493        1.6496086402       -0.3036324435
 Cl         1.5885356474       -0.5493726118       -0.3027551000
 Cl        -1.2698615714       -1.1010956467       -0.3025750485
 H          0.1926870040       -1.0001893818        2.2249837719
 H          0.7710150429        0.6696509718        2.2230157851
 H         -0.9651091918        0.3359289744        2.2241428276
  8
 Etot=         -19.4657049611
 C         -0.0000154382        0.0015505709        1.8488556818
 C         -0.0003527989        0.0006740825        0.3410657534
 Cl        -0.3143799108        1.6274408028       -0.3185143646
 Cl         1.5667663590       -0.5419528214       -0.3170318057
 Cl        -1.2524797081       -1.0861963545       -0.3164812127
 H          0.1936412577       -1.0062152026        2.2168441059
 H          0.7755892633        0.6736184935        2.2157144652
 H         -0.9702521394        0.3376963949        2.2158501861
  8
 Etot=         -19.4657880329
 C         -0.0001920261        0.0014887644        1.8435687355
 C         -0.0003327456        0.0005712805        0.3407224726
 Cl        -0.3158213281        1.6343553715       -0.3046633652
 Cl         1.5735840860       -0.5440716551       -0.3028116750
 Cl        -1.2579697047       -1.0907886917       -0.3025129902
 H          0.1934380812       -1.0056152703        2.2046134031
 H          0.7752387530        0.6731413942        2.2035632596
 H         -0.9694282312        0.3375347724        2.2038229689
  8
 Etot=         -19.4657970032
 C         -0.0002441573        0.0014984437        1.8451712717
 C         -0.0002964088        0.0005072769        0.3405014858
 Cl        -0.3157840317        1.6337150162       -0.3100294995
 Cl         1.5728982286       -0.5438065509       -0.3082044231
 Cl        -1.2573597293       -1.0904439917       -0.3080018543
 H          0.1930022398       -1.0038225798        2.2095513313
 H          0.7739730513        0.6718533072        2.2084975766
 H         -0.9676723081        0.3371150444        2.2088169208
