  10
 Etot=         -10.7553690392
 C         -1.1992158068       -0.2583769061        0.0159328913
 N          0.0018932877        0.5580695825       -0.0934566621
 C          1.2006640890       -0.2628827060        0.0163609411
 H         -2.0898377343        0.3701423990       -0.0690086501
 H         -1.2211564553       -0.7705275463        0.9814116998
 H         -1.2209398007       -1.0079230874       -0.7791360303
 H          0.0033641551        1.2553892529        0.6496295467
 H          2.0769052326        0.3742374387       -0.0695365539
 H          1.2041567817       -1.0012294906       -0.7800088391
 H          1.2039401271       -0.7638339495        0.9805388910
  10
 Etot=         -10.7565293772
 C         -1.2042680491       -0.2570830723        0.0284931912
 N         -0.0035101480        0.5519674904       -0.1070914932
 C          1.1994352604       -0.2599999985        0.0279324077
 H         -2.0805982958        0.3821695659       -0.0701468734
 H         -1.2561921356       -0.7909047499        0.9885469552
 H         -1.2199442919       -0.9924225182       -0.7753502981
 H         -0.0038227862        1.2604413883        0.6213727154
 H          2.0709989944        0.3821776838       -0.0700351475
 H          1.2109952846       -0.9904574603       -0.7774826544
 H          1.2466800433       -0.7928233419        0.9864884317
  10
 Etot=         -10.7566094463
 C         -1.2084234412       -0.2573867524        0.0299340364
 N         -0.0042952870        0.5433294861       -0.1065954149
 C          1.2014361594       -0.2587147248        0.0290617004
 H         -2.0777446667        0.3896278819       -0.0672023562
 H         -1.2683106002       -0.7950609670        0.9885491004
 H         -1.2274896915       -0.9912904965       -0.7752985547
 H         -0.0042928879        1.2615702040        0.6123271038
 H          2.0696917873        0.3891068832       -0.0668168998
 H          1.2194840939       -0.9903912508       -0.7777669493
 H          1.2597184100       -0.7977252764        0.9865354685
  10
 Etot=         -10.7566279948
 C         -1.2097128826       -0.2578893157        0.0303433792
 N         -0.0041630325        0.5382081475       -0.1060619761
 C          1.2015853160       -0.2582949522        0.0293305298
 H         -2.0755261027        0.3934934700       -0.0633338935
 H         -1.2715583171       -0.7976362988        0.9879814634
 H         -1.2334402081       -0.9911365273       -0.7758429329
 H         -0.0037130944        1.2637165437        0.6054117298
 H          2.0678739713        0.3929231581       -0.0627427558
 H          1.2255201384       -0.9903092481       -0.7783773571
 H          1.2629080879       -0.8000099900        0.9860190478
