    -10.756631499215    -10.756631499215         0.19140E-03
    -10.756631639811    -10.756631639811         0.20151E-03
    -10.756631595573    -10.756631595573         0.18531E-03
    -10.756631561994    -10.756631561994         0.12581E-03
    -10.756631517162    -10.756631517162         0.10049E-03
    -10.756631560296    -10.756631560296         0.12649E-03
    -10.756631489476    -10.756631489476         0.31104E-04
    -10.756631612469    -10.756631612469         0.30134E-04
    -10.756625270432    -10.756625270432         0.17881E-03
    -10.756631542188    -10.756631542188         0.94542E-04
    -10.756625324871    -10.756625324871         0.10208E-03
    -10.756625304199    -10.756625304199         0.11419E-03
    -10.756625332216    -10.756625332216         0.13492E-03
    -10.756625308784    -10.756625308784         0.14138E-03
    -10.756625140272    -10.756625140272         0.15488E-03
    -10.756625309106    -10.756625309106         0.12267E-03
    -10.756616506052    -10.756616506052         0.10684E-03
    -10.756616562531    -10.756616562531         0.12939E-03
    -10.756616476167    -10.756616476167         0.13386E-03
    -10.756616521801    -10.756616521801         0.86482E-04
    -10.756616564661    -10.756616564661         0.11298E-03
    -10.756616579480    -10.756616579480         0.23422E-04
    -10.756616599276    -10.756616599276         0.24642E-04
    -10.756616614665    -10.756616614665         0.67258E-04
    -10.756616496175    -10.756616496175         0.15998E-03
    -10.756616541023    -10.756616541023         0.60636E-04
    -10.756616677905    -10.756616677905         0.16337E-03
    -10.756616505910    -10.756616505910         0.17901E-04
    -10.751999963413    -10.751999963413         0.19774E-03
    -10.756616690288    -10.756616690288         0.91423E-04
    -10.756616740569    -10.756616740569         0.19950E-04
    -10.756622343569    -10.756622343569         0.73055E-04
