  14
 Etot=         -17.2454891983
 C         -1.6772091993        1.4479153550       -0.1574949624
 C         -1.6259256979       -0.0024998663        0.3299470222
 C         -2.9684359974       -0.6810072310        0.0505049860
 C         -0.5025437488       -0.7927570903       -0.3388732200
 Br         1.2395540045        0.0009146282        0.0286939454
 H         -0.7293813297        1.9638870154        0.0276659817
 H         -1.8749762355        1.4863864133       -1.2352269221
 H         -2.4726404545        2.0128285760        0.3383963272
 H         -1.4758441666        0.0068568411        1.4176588343
 H         -2.9659372780       -1.7233960219        0.3888145559
 H         -3.1934651345       -0.6731850713       -1.0210283552
 H         -3.7829435422       -0.1598095481        0.5654500654
 H         -0.6097444454       -0.8349347174       -1.4267307743
 H         -0.4383961242       -1.8133318628        0.0515857610
  14
 Etot=         -17.2463801232
 C         -1.6801513652        1.4521892315       -0.1671540271
 C         -1.6378520532        0.0108583302        0.3332542718
 C         -2.9653270214       -0.6908902967        0.0477872066
 C         -0.5135595263       -0.7779165505       -0.3252743822
 Br         1.2714806025       -0.0420676927        0.0227382142
 H         -0.7403530310        1.9673535412        0.0288179951
 H         -1.8710085017        1.4805944823       -1.2409336722
 H         -2.4751851317        1.9987720872        0.3358745575
 H         -1.4654229052        0.0161087200        1.4160027330
 H         -2.9507125642       -1.7245058143        0.3926362361
 H         -3.1818355416       -0.6860729067       -1.0201720417
 H         -3.7718928503       -0.1711477744        0.5611574696
 H         -0.6168899366       -0.7910921114       -1.4111460994
 H         -0.4791795234       -1.8043158259        0.0457747838
  14
 Etot=         -17.2465272185
 C         -1.6805291244        1.4541629054       -0.1714309117
 C         -1.6363629823        0.0165854123        0.3344469005
 C         -2.9595637471       -0.6934740645        0.0516389101
 C         -0.5259700789       -0.7808807587       -0.3335784452
 Br         1.2592860895       -0.0479594024        0.0510360242
 H         -0.7416097280        1.9649473295        0.0267571880
 H         -1.8677139473        1.4750217248       -1.2428727866
 H         -2.4748549695        1.9979216669        0.3308200802
 H         -1.4558321691        0.0231887858        1.4153618626
 H         -2.9361028356       -1.7219328465        0.4020488134
 H         -3.1693001277       -0.6945830319       -1.0150742805
 H         -3.7655205859       -0.1747337183        0.5608018173
 H         -0.6249170333       -0.7719058479       -1.4192171047
 H         -0.4988981099       -1.8084907346        0.0286251776
  14
 Etot=         -17.2465800594
 C         -1.6835635462        1.4547653573       -0.1729630625
 C         -1.6360261055        0.0174107315        0.3342363109
 C         -2.9606474614       -0.6937664190        0.0567814612
 C         -0.5266284985       -0.7786875320       -0.3375814313
 Br         1.2670580143       -0.0658935876        0.0637327784
 H         -0.7452028667        1.9662810407        0.0261871433
 H         -1.8676313959        1.4727117259       -1.2444419010
 H         -2.4797056623        1.9995863434        0.3252547219
 H         -1.4545060758        0.0267336640        1.4146578325
 H         -2.9332501077       -1.7198996346        0.4128992280
 H         -3.1667131607       -0.7017526032       -1.0104015289
 H         -3.7699166953       -0.1749371407        0.5608274645
 H         -0.6170482781       -0.7553614521       -1.4234096028
 H         -0.5041075096       -1.8093230734        0.0135838310
  14
 Etot=         -17.2466195515
 C         -1.6832394699        1.4533135737       -0.1761114057
 C         -1.6357509694        0.0156140579        0.3335650216
 C         -2.9633339122       -0.6965002238        0.0649624512
 C         -0.5267636569       -0.7755275378       -0.3435915477
 Br         1.2687567849       -0.0758931199        0.0872454404
 H         -0.7445551109        1.9660247150        0.0246660064
 H         -1.8637841776        1.4698230222       -1.2487474741
 H         -2.4820154086        2.0009969031        0.3163899473
 H         -1.4511130417        0.0281495800        1.4132303909
 H         -2.9364872668       -1.7184218438        0.4353878937
 H         -3.1682471257       -0.7185944108       -1.0030538613
 H         -3.7747558337       -0.1711771004        0.5606423153
 H         -0.6017904868       -0.7260687627       -1.4294134254
 H         -0.5148096741       -1.8138714325       -0.0158085075
