  14
 Etot=         -22.0748636839
 C         -2.2430673834       -0.2845525999       -0.0001047284
 C         -1.3293096724       -1.3384823050        0.0000443986
 C          0.0400442756       -1.0731603301       -0.0000776925
 C          0.4958834991        0.2447545334        0.0000433638
 C         -0.4188591223        1.2985134821       -0.0000775943
 C         -1.7882130703        1.0331915072        0.0000444968
 C          1.9231816840        0.5214093514        0.0001003754
 O          2.7815553604       -0.3653750759       -0.0000050582
 H         -3.3098963101       -0.4909905244        0.0005466804
 H         -1.6832781825       -2.3654638990        0.0003596985
 H          0.7432081064       -1.9021877953       -0.0003759132
 H         -0.0747560801        2.3296987331       -0.0003503355
 H         -2.5000885764        1.8539059331        0.0003524368
 H          2.2377297016        1.5883786543       -0.0001260054
  14
 Etot=         -22.0762460353
 C         -2.2350462321       -0.2816925261        0.0003294143
 C         -1.3287957474       -1.3337485272        0.0001580035
 C          0.0307056224       -1.0753005940       -0.0000888636
 C          0.4923344121        0.2416570719       -0.0001900708
 C         -0.4240733405        1.2953217950       -0.0001163936
 C         -1.7828669764        1.0309867034        0.0001472122
 C          1.9222482674        0.5110932701       -0.0003634996
 O          2.7880994722       -0.3496215802       -0.0000359587
 H         -3.2961803813       -0.4858369600        0.0004182048
 H         -1.6824499167       -2.3543427198        0.0001346864
 H          0.7407251036       -1.8906363533       -0.0001103020
 H         -0.0746985744        2.3183737344       -0.0001558869
 H         -2.4908200100        1.8469551469        0.0000638111
 H          2.2149525308        1.5764312038        0.0001837655
  14
 Etot=         -22.0764371180
 C         -2.2337646425       -0.2806254658        0.0000248704
 C         -1.3309923477       -1.3338116077        0.0000123524
 C          0.0253712321       -1.0784434341        0.0000479073
 C          0.4912252919        0.2389455996        0.0002808004
 C         -0.4249215945        1.2937530293        0.0001847482
 C         -1.7804479548        1.0306727911        0.0000543633
 C          1.9233192280        0.5051808659        0.0008709674
 O          2.7965586180       -0.3403096427       -0.0003846928
 H         -3.2932936511       -0.4825938819        0.0001413924
 H         -1.6861594822       -2.3519027189        0.0000925002
 H          0.7443298057       -1.8835775746       -0.0000208115
 H         -0.0675150044        2.3120394988        0.0001196182
 H         -2.4867956936        1.8453811692        0.0002092456
 H          2.1972204248        1.5749310367       -0.0012591390
  14
 Etot=         -22.0764513379
 C         -2.2341657894       -0.2803328902        0.0004678933
 C         -1.3325163145       -1.3350113927        0.0003670198
 C          0.0239832261       -1.0806935085       -0.0000884606
 C          0.4911697858        0.2370279935       -0.0010312024
 C         -0.4238280296        1.2928963339       -0.0006162697
 C         -1.7795637583        1.0308532376        0.0000849201
 C          1.9234798907        0.5042775308       -0.0031454819
 O          2.8006845036       -0.3363499469        0.0004848432
 H         -3.2940575743       -0.4809344549        0.0008384427
 H         -1.6894248580       -2.3527128296        0.0005487172
 H          0.7468418726       -1.8825601492       -0.0002702442
 H         -0.0622542736        2.3099225022       -0.0007840939
 H         -2.4857315904        1.8459579864        0.0001851404
 H          2.1895171388        1.5772992523        0.0033328987
