  16
 Etot=         -20.1654739848
 C         -3.2230350191        0.7697110065        0.0008984170
 C         -1.8053731608        0.6032006485       -0.5109952791
 S         -0.9236925189       -0.6485965956        0.4530373475
 S          0.9225049462       -0.6498107134       -0.4525610433
 C          1.8049730229        0.6023788724        0.5089546013
 C          3.2255204495        0.7694735277       -0.0006220710
 H         -3.7712768056        1.5250779774       -0.5719136663
 H         -3.7799508313       -0.1730595622       -0.0422574969
 H         -3.2064340073        1.0960282438        1.0466495667
 H         -1.2624351280        1.5508398898       -0.4380078766
 H         -1.8149040408        0.2977613731       -1.5612324006
 H          1.2648041528        1.5536237126        0.4367268648
 H          1.8162404191        0.3013233420        1.5625136236
 H          3.7713151405        1.5260065946        0.5733246808
 H          3.7816302724       -0.1731779477        0.0466649336
 H          3.2139415203        1.0938180526       -1.0465965246
  16
 Etot=         -20.1670706128
 C         -3.2221504970        0.7692140350        0.0118343955
 C         -1.8121965762        0.6160876777       -0.5235028979
 S         -0.9139447538       -0.6403870667        0.4439483182
 S          0.9151720967       -0.6408965104       -0.4431747893
 C          1.8129223517        0.6160798937        0.5222026199
 C          3.2244227096        0.7685660012       -0.0112599034
 H         -3.7587568732        1.5147554124       -0.5726019841
 H         -3.7616985996       -0.1755665517       -0.0455021102
 H         -3.2049909060        1.0898441270        1.0539563710
 H         -1.2636647204        1.5569552536       -0.4423897694
 H         -1.8146753247        0.2908547866       -1.5659883058
 H          1.2655606530        1.5582055523        0.4403631491
 H          1.8152001235        0.2942261420        1.5663660207
 H          3.7586275824        1.5151958213        0.5739923685
 H          3.7639420335       -0.1758617535        0.0501580287
 H          3.2100591122        1.0873256015       -1.0538178344
  16
 Etot=         -20.1674936732
 C         -3.2252032070        0.7690021404        0.0139319252
 C         -1.8183159089        0.6260507913       -0.5304676673
 S         -0.9071969721       -0.6381476435        0.4454620751
 S          0.9096881563       -0.6383970970       -0.4447027940
 C          1.8195436569        0.6267140268        0.5298228306
 C          3.2273535139        0.7683669929       -0.0123820853
 H         -3.7606035130        1.5102547924       -0.5713682739
 H         -3.7515396312       -0.1791734412       -0.0478159585
 H         -3.2001282791        1.0842641155        1.0531605469
 H         -1.2659041757        1.5618793409       -0.4485131327
 H         -1.8192191122        0.2878322186       -1.5664061978
 H          1.2675904014        1.5624879003        0.4454104877
 H          1.8189383026        0.2908086289        1.5663826103
 H          3.7615402355        1.5108674679        0.5723522015
 H          3.7535949159       -0.1796904661        0.0520012660
 H          3.2036900282        1.0814786539       -1.0522841569
  16
 Etot=         -20.1675545339
 C         -3.2296187195        0.7690070713        0.0128073671
 C         -1.8237152426        0.6292603679       -0.5338666535
 S         -0.9080739933       -0.6392602551        0.4447943257
 S          0.9102680760       -0.6392068253       -0.4440907491
 C          1.8250166641        0.6302657269        0.5335027383
 C          3.2317172047        0.7684723532       -0.0112791006
 H         -3.7693789767        1.5102768431       -0.5689385351
 H         -3.7529727737       -0.1809258359       -0.0489413659
 H         -3.2017368216        1.0823282948        1.0524931168
 H         -1.2689852526        1.5627960516       -0.4509330870
 H         -1.8227910933        0.2880090801       -1.5678990761
 H          1.2708510284        1.5637843616        0.4480360702
 H          1.8223159435        0.2908289478        1.5680166969
 H          3.7708632871        1.5108644925        0.5695604701
 H          3.7547951262       -0.1814677765        0.0530425560
 H          3.2052739548        1.0795655238       -1.0517210970
  16
 Etot=         -20.1675686004
 C         -3.2324255290        0.7679372657        0.0115810932
 C         -1.8271744623        0.6306759153       -0.5358885498
 S         -0.9078464101       -0.6373580276        0.4455367190
 S          0.9098953378       -0.6373089584       -0.4449929086
 C          1.8284685234        0.6317837275        0.5356609970
 C          3.2344841304        0.7674043088       -0.0101804366
 H         -3.7762517739        1.5094469056       -0.5673628277
 H         -3.7557447009       -0.1826792260       -0.0493958420
 H         -3.2042100687        1.0810173039        1.0519859105
 H         -1.2727037442        1.5641148305       -0.4531427267
 H         -1.8254848695        0.2881700567       -1.5692982498
 H          1.2746495347        1.5653652334        0.4504857511
 H          1.8251126862        0.2909832314        1.5696108738
 H          3.7778349166        1.5100174010        0.5678006388
 H          3.7574725287       -0.1832314893        0.0535027458
 H          3.2077523126        1.0782599435       -1.0513195113
