 
       ╔════════════════════════════════════════════╗
       ║            ___ ___ ___ ___ _____           ║
       ║           / __| _ \ __/ __|_   _|          ║
       ║          | (__|   / _|\__ \ | |            ║
       ║           \___|_|_\___|___/ |_|            ║
       ║                                            ║
       ║  Conformer-Rotamer Ensemble Sampling Tool  ║
       ║          based on the xTB methods          ║
       ║                                            ║
       ╚════════════════════════════════════════════╝
       Version 3.0.2, Sun Aug 25 20:02:36 UTC 2024
       commit (af7eb99) compiled by 'runner@fv-az1984-471'
 
   Cite work conducted with this code as

   • P.Pracht, F.Bohle, S.Grimme, PCCP, 2020, 22, 7169-7192.
   • S.Grimme, JCTC, 2019, 15, 2847-2862.
   • P.Pracht, S.Grimme, C.Bannwarth, F.Bohle, S.Ehlert,
     G.Feldmann, J.Gorges, M.Müller, T.Neudecker, C.Plett,
     S.Spicher, P.Steinbach, P.Wesołowski, F.Zeller,
     J. Chem. Phys., 2024, 160, 114110.

   for works involving QCG cite

   • S.Spicher, C.Plett, P.Pracht, A.Hansen, S.Grimme,
     JCTC, 2022, 18 (5), 3174-3189.
   • C.Plett, S. Grimme,
     Angew. Chem. Int. Ed. 2023, 62, e202214477.

   for works involving MECP screening cite

   • P.Pracht, C.Bannwarth, JCTC, 2022, 18 (10), 6370-6385.
 
   Original code
     P.Pracht, S.Grimme, Universität Bonn, MCTC
   with help from (alphabetical order):
     C.Bannwarth, F.Bohle, S.Ehlert, G.Feldmann, J.Gorges,
     S.Grimme, C.Plett, P.Pracht, S.Spicher, P.Steinbach,
     P.Wesolowski, F.Zeller
 
   Online documentation is available at
   https://crest-lab.github.io/crest-docs/
 
   This program is distributed in the hope that it will be useful,
   but WITHOUT ANY WARRANTY; without even the implied warranty of
   MERCHANTABILITY or FITNESS FOR A PARTICULAR PURPOSE. See the
   GNU Lesser General Public License (LGPL) for more details.

 Command line input:
 $ crest mobley_590519.xyz --alpb water --chrg 0 --uhf 0 -T 4 --noreftopo

  --alpb water : implicit solvation
  --chrg 0
  --uhf 0
  -T 4 (CPUs/Threads selected)

> Setting up backup calculator ... done.
 ----------------
 Calculation info
 ----------------
> User-defined calculation level:
 : xTB calculation via tblite lib
 : GFN2-xTB level
 :   Molecular charge    : 0
 :   Solvation model     : alpb
 :   Solvent             : water
 :   Fermi temperature   : 300.00000
 :   Accuracy            : 1.00000
 :   max SCC cycles      : 500
 
 
 -----------------------------
 Initial Geometry Optimization
 -----------------------------
 Geometry successfully optimized.
 
          ┍━━━━━━━━━━━━━━━━━━━━━━━━━━━━━━━━━━━━━━━━━━━━━━━━━┑
          │              CREST iMTD-GC SAMPLING             │
          ┕━━━━━━━━━━━━━━━━━━━━━━━━━━━━━━━━━━━━━━━━━━━━━━━━━┙
 
 Input structure:
  16
 
 C         -3.2352402738        0.7666167910        0.0108301674
 C         -1.8305919135        0.6315050956       -0.5369833373
 S         -0.9082591744       -0.6343798303        0.4453291488
 S          0.9099148555       -0.6342949953       -0.4445779962
 C          1.8319442875        0.6326561450        0.5367767031
 C          3.2373317332        0.7661146470       -0.0095987912
 H         -3.7814163626        1.5080806629       -0.5667552797
 H         -3.7586487769       -0.1843686029       -0.0498305856
 H         -3.2075003413        1.0796529759        1.0517365410
 H         -1.2775525436        1.5659357632       -0.4552117128
 H         -1.8284240564        0.2881384999       -1.5701808135
 H          1.2795323608        1.5672937184        0.4528459718
 H          1.8283543698        0.2909691374        1.5705513230
 H          3.7830602009        1.5086224209        0.5670930120
 H          3.7603336069       -0.1849115966        0.0537465335
 H          3.2109904396        1.0769675897       -1.0511872075
 
 ------------------------------------------------
 Generating MTD length from a flexibility measure
 ------------------------------------------------
 Calculating GFN0-xTB WBOs   ... done.
 Calculating NCI flexibility ... done.
     covalent flexibility measure :   0.661
 non-covalent flexibility measure :   0.829
 flexibility measure :   0.668
 t(MTD) / ps    :     5.0
 Σ(t(MTD)) / ps :    70.0 (14 MTDs)
 
 -----------------------------------
 Starting trial MTD to test settings
 -----------------------------------
 Trial MTD 1 runtime (1.0 ps) ...        0 min,  1.562 sec
 Estimated runtime for one MTD (5.0 ps) on a single thread: 8 sec
 Estimated runtime for a batch of 14 MTDs on 4 threads: 31 sec
 
******************************************************************************************
**                         N E W   I T E R A T I O N  C Y C L E                         **
******************************************************************************************
 
 ------------------------------
 Meta-Dynamics Iteration 1
 ------------------------------
 list of applied metadynamics Vbias parameters:
$metadyn    0.04800   1.300
$metadyn    0.02400   1.300
$metadyn    0.01200   1.300
$metadyn    0.04800   0.780
$metadyn    0.02400   0.780
$metadyn    0.01200   0.780
$metadyn    0.04800   0.468
$metadyn    0.02400   0.468
$metadyn    0.01200   0.468
$metadyn    0.04800   0.281
$metadyn    0.02400   0.281
$metadyn    0.01200   0.281
$metadyn    0.01600   0.100
$metadyn    0.08000   0.800
 
  ::::::::::::: starting MTD    1 :::::::::::::
  |   MD simulation time   :     5.0 ps       |
  |   target T             :   300.0 K        |
  |   timestep dt          :     5.0 fs       |
  |   dump interval(trj)   :   100.0 fs       |
  |   SHAKE algorithm      : true (all bonds) |
  |   dump interval(Vbias) :    1.00 ps       |
  |   Vbias prefactor (k)  :  0.0480 Eh       |
  |   Vbias exponent (α)   :  1.3000 bohr⁻²   |
  ::::::::::::: starting MTD    9 :::::::::::::
  |   MD simulation time   :     5.0 ps       |
  |   target T             :   300.0 K        |
  |   timestep dt          :     5.0 fs       |
  |   dump interval(trj)   :   100.0 fs       |
  |   SHAKE algorithm      : true (all bonds) |
  |   dump interval(Vbias) :    1.00 ps       |
  |   Vbias prefactor (k)  :  0.0120 Eh       |
  |   Vbias exponent (α)   :  0.4680 bohr⁻²   |
  ::::::::::::: starting MTD   12 :::::::::::::
  |   MD simulation time   :     5.0 ps       |
  |   target T             :   300.0 K        |
  |   timestep dt          :     5.0 fs       |
  |   dump interval(trj)   :   100.0 fs       |
  |   SHAKE algorithm      : true (all bonds) |
  |   dump interval(Vbias) :    1.00 ps       |
  |   Vbias prefactor (k)  :  0.0120 Eh       |
  |   Vbias exponent (α)   :  0.2808 bohr⁻²   |
  ::::::::::::: starting MTD    5 :::::::::::::
  |   MD simulation time   :     5.0 ps       |
  |   target T             :   300.0 K        |
  |   timestep dt          :     5.0 fs       |
  |   dump interval(trj)   :   100.0 fs       |
  |   SHAKE algorithm      : true (all bonds) |
  |   dump interval(Vbias) :    1.00 ps       |
  |   Vbias prefactor (k)  :  0.0240 Eh       |
  |   Vbias exponent (α)   :  0.7800 bohr⁻²   |
*MTD   9 completed successfully ...        0 min,  7.946 sec
  ::::::::::::: starting MTD   10 :::::::::::::
  |   MD simulation time   :     5.0 ps       |
  |   target T             :   300.0 K        |
  |   timestep dt          :     5.0 fs       |
  |   dump interval(trj)   :   100.0 fs       |
  |   SHAKE algorithm      : true (all bonds) |
  |   dump interval(Vbias) :    1.00 ps       |
  |   Vbias prefactor (k)  :  0.0480 Eh       |
  |   Vbias exponent (α)   :  0.2808 bohr⁻²   |
*MTD   5 completed successfully ...        0 min,  8.232 sec
  ::::::::::::: starting MTD    6 :::::::::::::
  |   MD simulation time   :     5.0 ps       |
  |   target T             :   300.0 K        |
  |   timestep dt          :     5.0 fs       |
  |   dump interval(trj)   :   100.0 fs       |
  |   SHAKE algorithm      : true (all bonds) |
  |   dump interval(Vbias) :    1.00 ps       |
  |   Vbias prefactor (k)  :  0.0120 Eh       |
  |   Vbias exponent (α)   :  0.7800 bohr⁻²   |
*MTD  12 completed successfully ...        0 min,  8.376 sec
  ::::::::::::: starting MTD   13 :::::::::::::
  |   MD simulation time   :     5.0 ps       |
  |   target T             :   300.0 K        |
  |   timestep dt          :     5.0 fs       |
  |   dump interval(trj)   :   100.0 fs       |
  |   SHAKE algorithm      : true (all bonds) |
  |   dump interval(Vbias) :    1.00 ps       |
  |   Vbias prefactor (k)  :  0.0160 Eh       |
  |   Vbias exponent (α)   :  0.1000 bohr⁻²   |
*MTD   1 completed successfully ...        0 min,  8.438 sec
  ::::::::::::: starting MTD    2 :::::::::::::
  |   MD simulation time   :     5.0 ps       |
  |   target T             :   300.0 K        |
  |   timestep dt          :     5.0 fs       |
  |   dump interval(trj)   :   100.0 fs       |
  |   SHAKE algorithm      : true (all bonds) |
  |   dump interval(Vbias) :    1.00 ps       |
  |   Vbias prefactor (k)  :  0.0240 Eh       |
  |   Vbias exponent (α)   :  1.3000 bohr⁻²   |
*MTD   6 completed successfully ...        0 min, 12.718 sec
  ::::::::::::: starting MTD    7 :::::::::::::
  |   MD simulation time   :     5.0 ps       |
  |   target T             :   300.0 K        |
  |   timestep dt          :     5.0 fs       |
  |   dump interval(trj)   :   100.0 fs       |
  |   SHAKE algorithm      : true (all bonds) |
  |   dump interval(Vbias) :    1.00 ps       |
  |   Vbias prefactor (k)  :  0.0480 Eh       |
  |   Vbias exponent (α)   :  0.4680 bohr⁻²   |
*MTD  13 completed successfully ...        0 min, 13.327 sec
  ::::::::::::: starting MTD   14 :::::::::::::
  |   MD simulation time   :     5.0 ps       |
  |   target T             :   300.0 K        |
  |   timestep dt          :     5.0 fs       |
  |   dump interval(trj)   :   100.0 fs       |
  |   SHAKE algorithm      : true (all bonds) |
  |   dump interval(Vbias) :    1.00 ps       |
  |   Vbias prefactor (k)  :  0.0800 Eh       |
  |   Vbias exponent (α)   :  0.8000 bohr⁻²   |
*MTD   2 completed successfully ...        0 min, 14.465 sec
  ::::::::::::: starting MTD    3 :::::::::::::
  |   MD simulation time   :     5.0 ps       |
  |   target T             :   300.0 K        |
  |   timestep dt          :     5.0 fs       |
  |   dump interval(trj)   :   100.0 fs       |
  |   SHAKE algorithm      : true (all bonds) |
  |   dump interval(Vbias) :    1.00 ps       |
  |   Vbias prefactor (k)  :  0.0120 Eh       |
  |   Vbias exponent (α)   :  1.3000 bohr⁻²   |
*MTD  10 completed successfully ...        0 min, 15.340 sec
  ::::::::::::: starting MTD   11 :::::::::::::
  |   MD simulation time   :     5.0 ps       |
  |   target T             :   300.0 K        |
  |   timestep dt          :     5.0 fs       |
  |   dump interval(trj)   :   100.0 fs       |
  |   SHAKE algorithm      : true (all bonds) |
  |   dump interval(Vbias) :    1.00 ps       |
  |   Vbias prefactor (k)  :  0.0240 Eh       |
  |   Vbias exponent (α)   :  0.2808 bohr⁻²   |
*MTD   7 completed successfully ...        0 min, 13.774 sec
  ::::::::::::: starting MTD    8 :::::::::::::
  |   MD simulation time   :     5.0 ps       |
  |   target T             :   300.0 K        |
  |   timestep dt          :     5.0 fs       |
  |   dump interval(trj)   :   100.0 fs       |
  |   SHAKE algorithm      : true (all bonds) |
  |   dump interval(Vbias) :    1.00 ps       |
  |   Vbias prefactor (k)  :  0.0240 Eh       |
  |   Vbias exponent (α)   :  0.4680 bohr⁻²   |
*MTD  14 completed successfully ...        0 min, 13.991 sec
*MTD  11 completed successfully ...        0 min, 12.424 sec
*MTD   3 completed successfully ...        0 min, 13.361 sec
  ::::::::::::: starting MTD    4 :::::::::::::
  |   MD simulation time   :     5.0 ps       |
  |   target T             :   300.0 K        |
  |   timestep dt          :     5.0 fs       |
  |   dump interval(trj)   :   100.0 fs       |
  |   SHAKE algorithm      : true (all bonds) |
  |   dump interval(Vbias) :    1.00 ps       |
  |   Vbias prefactor (k)  :  0.0480 Eh       |
  |   Vbias exponent (α)   :  0.7800 bohr⁻²   |
*MTD   8 completed successfully ...        0 min,  8.196 sec
*MTD   4 completed successfully ...        0 min,  7.650 sec
 
 ======================================
 |  Multilevel Ensemble Optimization  |
 ======================================
 Optimizing all 686 structures from file "crest_dynamics.trj" ...
 ----------------------
 crude pre-optimization
 ----------------------
 Optimization engine: ANCOPT
 Hessian update type: BFGS
 E/G convergence criteria:  0.500E-03 Eh, 0.100E-01 Eh/a0
 maximum optimization steps: 200
 |>0.1% |>10.1% |>20.1% |>30.0% |>40.1% |>50.0% |>60.1% |>70.1% |>80.0% |>90.1% |>100.0%
 done.
> 686 of 686 structures successfully optimized (100.0% success)
> Total runtime for 686 optimizations:
 * wall-time:     0 d,  0 h,  0 min, 22.907 sec
 *  cpu-time:     0 d,  0 h,  0 min, 55.327 sec
 * ratio c/w:     2.415 speedup
> Corresponding to approximately 0.033 sec per processed structure
 
CREGEN> running RMSDs ... done.
CREGEN> E lowest :   -20.17175
 613 structures remain within    12.00 kcal/mol window
 ----------------------------------
 optimization with tight thresholds
 ----------------------------------
 Optimization engine: ANCOPT
 Hessian update type: BFGS
 E/G convergence criteria:  0.100E-05 Eh, 0.800E-03 Eh/a0
 maximum optimization steps: 200
 |>0.2% |>10.1% |>20.1% |>30.0% |>40.1% |>50.1% |>60.0% |>70.1% |>80.1% |>90.0% |>100.0%
 done.
> 613 of 613 structures successfully optimized (100.0% success)
> Total runtime for 613 optimizations:
 * wall-time:     0 d,  0 h,  0 min, 54.822 sec
 *  cpu-time:     0 d,  0 h,  3 min,  0.003 sec
 * ratio c/w:     3.283 speedup
> Corresponding to approximately 0.089 sec per processed structure
 
CREGEN> running RMSDs ... done.
CREGEN> E lowest :   -20.17201
 130 structures remain within     6.00 kcal/mol window
 
 ------------------------------
 Meta-Dynamics Iteration 2
 ------------------------------
 list of applied metadynamics Vbias parameters:
$metadyn    0.04800   1.300
$metadyn    0.02400   1.300
$metadyn    0.01200   1.300
$metadyn    0.04800   0.780
$metadyn    0.02400   0.780
$metadyn    0.01200   0.780
$metadyn    0.04800   0.468
$metadyn    0.02400   0.468
$metadyn    0.01200   0.468
$metadyn    0.04800   0.281
$metadyn    0.02400   0.281
$metadyn    0.01200   0.281
$metadyn    0.01600   0.100
$metadyn    0.08000   0.800
 
  ::::::::::::: starting MTD    1 :::::::::::::
  |   MD simulation time   :     5.0 ps       |
  |   target T             :   300.0 K        |
  |   timestep dt          :     5.0 fs       |
  |   dump interval(trj)   :   100.0 fs       |
  |   SHAKE algorithm      : true (all bonds) |
  |   dump interval(Vbias) :    1.00 ps       |
  |   Vbias prefactor (k)  :  0.0480 Eh       |
  |   Vbias exponent (α)   :  1.3000 bohr⁻²   |
  ::::::::::::: starting MTD    5 :::::::::::::
  |   MD simulation time   :     5.0 ps       |
  |   target T             :   300.0 K        |
  |   timestep dt          :     5.0 fs       |
  |   dump interval(trj)   :   100.0 fs       |
  |   SHAKE algorithm      : true (all bonds) |
  |   dump interval(Vbias) :    1.00 ps       |
  |   Vbias prefactor (k)  :  0.0240 Eh       |
  |   Vbias exponent (α)   :  0.7800 bohr⁻²   |
  ::::::::::::: starting MTD   12 :::::::::::::
  |   MD simulation time   :     5.0 ps       |
  |   target T             :   300.0 K        |
  |   timestep dt          :     5.0 fs       |
  |   dump interval(trj)   :   100.0 fs       |
  |   SHAKE algorithm      : true (all bonds) |
  |   dump interval(Vbias) :    1.00 ps       |
  |   Vbias prefactor (k)  :  0.0120 Eh       |
  |   Vbias exponent (α)   :  0.2808 bohr⁻²   |
  ::::::::::::: starting MTD    9 :::::::::::::
  |   MD simulation time   :     5.0 ps       |
  |   target T             :   300.0 K        |
  |   timestep dt          :     5.0 fs       |
  |   dump interval(trj)   :   100.0 fs       |
  |   SHAKE algorithm      : true (all bonds) |
  |   dump interval(Vbias) :    1.00 ps       |
  |   Vbias prefactor (k)  :  0.0120 Eh       |
  |   Vbias exponent (α)   :  0.4680 bohr⁻²   |
*MTD   5 completed successfully ...        0 min, 12.623 sec
  ::::::::::::: starting MTD    6 :::::::::::::
  |   MD simulation time   :     5.0 ps       |
  |   target T             :   300.0 K        |
  |   timestep dt          :     5.0 fs       |
  |   dump interval(trj)   :   100.0 fs       |
  |   SHAKE algorithm      : true (all bonds) |
  |   dump interval(Vbias) :    1.00 ps       |
  |   Vbias prefactor (k)  :  0.0120 Eh       |
  |   Vbias exponent (α)   :  0.7800 bohr⁻²   |
*MTD   9 completed successfully ...        0 min, 12.888 sec
  ::::::::::::: starting MTD   10 :::::::::::::
  |   MD simulation time   :     5.0 ps       |
  |   target T             :   300.0 K        |
  |   timestep dt          :     5.0 fs       |
  |   dump interval(trj)   :   100.0 fs       |
  |   SHAKE algorithm      : true (all bonds) |
  |   dump interval(Vbias) :    1.00 ps       |
  |   Vbias prefactor (k)  :  0.0480 Eh       |
  |   Vbias exponent (α)   :  0.2808 bohr⁻²   |
*MTD   1 completed successfully ...        0 min, 13.179 sec
  ::::::::::::: starting MTD    2 :::::::::::::
  |   MD simulation time   :     5.0 ps       |
  |   target T             :   300.0 K        |
  |   timestep dt          :     5.0 fs       |
  |   dump interval(trj)   :   100.0 fs       |
  |   SHAKE algorithm      : true (all bonds) |
  |   dump interval(Vbias) :    1.00 ps       |
  |   Vbias prefactor (k)  :  0.0240 Eh       |
  |   Vbias exponent (α)   :  1.3000 bohr⁻²   |
*MTD  12 completed successfully ...        0 min, 13.756 sec
  ::::::::::::: starting MTD   13 :::::::::::::
  |   MD simulation time   :     5.0 ps       |
  |   target T             :   300.0 K        |
  |   timestep dt          :     5.0 fs       |
  |   dump interval(trj)   :   100.0 fs       |
  |   SHAKE algorithm      : true (all bonds) |
  |   dump interval(Vbias) :    1.00 ps       |
  |   Vbias prefactor (k)  :  0.0160 Eh       |
  |   Vbias exponent (α)   :  0.1000 bohr⁻²   |
*MTD   6 completed successfully ...        0 min, 12.066 sec
  ::::::::::::: starting MTD    7 :::::::::::::
  |   MD simulation time   :     5.0 ps       |
  |   target T             :   300.0 K        |
  |   timestep dt          :     5.0 fs       |
  |   dump interval(trj)   :   100.0 fs       |
  |   SHAKE algorithm      : true (all bonds) |
  |   dump interval(Vbias) :    1.00 ps       |
  |   Vbias prefactor (k)  :  0.0480 Eh       |
  |   Vbias exponent (α)   :  0.4680 bohr⁻²   |
*MTD   2 completed successfully ...        0 min, 11.715 sec
  ::::::::::::: starting MTD    3 :::::::::::::
  |   MD simulation time   :     5.0 ps       |
  |   target T             :   300.0 K        |
  |   timestep dt          :     5.0 fs       |
  |   dump interval(trj)   :   100.0 fs       |
  |   SHAKE algorithm      : true (all bonds) |
  |   dump interval(Vbias) :    1.00 ps       |
  |   Vbias prefactor (k)  :  0.0120 Eh       |
  |   Vbias exponent (α)   :  1.3000 bohr⁻²   |
*MTD  10 completed successfully ...        0 min, 12.153 sec
  ::::::::::::: starting MTD   11 :::::::::::::
  |   MD simulation time   :     5.0 ps       |
  |   target T             :   300.0 K        |
  |   timestep dt          :     5.0 fs       |
  |   dump interval(trj)   :   100.0 fs       |
  |   SHAKE algorithm      : true (all bonds) |
  |   dump interval(Vbias) :    1.00 ps       |
  |   Vbias prefactor (k)  :  0.0240 Eh       |
  |   Vbias exponent (α)   :  0.2808 bohr⁻²   |
*MTD  13 completed successfully ...        0 min, 12.211 sec
  ::::::::::::: starting MTD   14 :::::::::::::
  |   MD simulation time   :     5.0 ps       |
  |   target T             :   300.0 K        |
  |   timestep dt          :     5.0 fs       |
  |   dump interval(trj)   :   100.0 fs       |
  |   SHAKE algorithm      : true (all bonds) |
  |   dump interval(Vbias) :    1.00 ps       |
  |   Vbias prefactor (k)  :  0.0800 Eh       |
  |   Vbias exponent (α)   :  0.8000 bohr⁻²   |
*MTD   7 completed successfully ...        0 min, 12.525 sec
  ::::::::::::: starting MTD    8 :::::::::::::
  |   MD simulation time   :     5.0 ps       |
  |   target T             :   300.0 K        |
  |   timestep dt          :     5.0 fs       |
  |   dump interval(trj)   :   100.0 fs       |
  |   SHAKE algorithm      : true (all bonds) |
  |   dump interval(Vbias) :    1.00 ps       |
  |   Vbias prefactor (k)  :  0.0240 Eh       |
  |   Vbias exponent (α)   :  0.4680 bohr⁻²   |
*MTD   3 completed successfully ...        0 min, 12.562 sec
  ::::::::::::: starting MTD    4 :::::::::::::
  |   MD simulation time   :     5.0 ps       |
  |   target T             :   300.0 K        |
  |   timestep dt          :     5.0 fs       |
  |   dump interval(trj)   :   100.0 fs       |
  |   SHAKE algorithm      : true (all bonds) |
  |   dump interval(Vbias) :    1.00 ps       |
  |   Vbias prefactor (k)  :  0.0480 Eh       |
  |   Vbias exponent (α)   :  0.7800 bohr⁻²   |
*MTD  11 completed successfully ...        0 min, 12.924 sec
*MTD  14 completed successfully ...        0 min, 12.644 sec
*MTD   8 completed successfully ...        0 min,  7.963 sec
*MTD   4 completed successfully ...        0 min,  8.287 sec
 
 ======================================
 |  Multilevel Ensemble Optimization  |
 ======================================
 Optimizing all 686 structures from file "crest_dynamics.trj" ...
 ----------------------
 crude pre-optimization
 ----------------------
 Optimization engine: ANCOPT
 Hessian update type: BFGS
 E/G convergence criteria:  0.500E-03 Eh, 0.100E-01 Eh/a0
 maximum optimization steps: 200
 |>0.1% |>10.1% |>20.1% |>30.0% |>40.1% |>50.0% |>60.1% |>70.1% |>80.0% |>90.1% |>100.0%
 done.
> 686 of 686 structures successfully optimized (100.0% success)
> Total runtime for 686 optimizations:
 * wall-time:     0 d,  0 h,  0 min, 20.296 sec
 *  cpu-time:     0 d,  0 h,  0 min, 57.186 sec
 * ratio c/w:     2.818 speedup
> Corresponding to approximately 0.030 sec per processed structure
 
CREGEN> running RMSDs ... done.
CREGEN> E lowest :   -20.17175
 604 structures remain within    12.00 kcal/mol window
 ----------------------------------
 optimization with tight thresholds
 ----------------------------------
 Optimization engine: ANCOPT
 Hessian update type: BFGS
 E/G convergence criteria:  0.100E-05 Eh, 0.800E-03 Eh/a0
 maximum optimization steps: 200
 |>0.2% |>10.1% |>20.0% |>30.1% |>40.1% |>50.0% |>60.1% |>70.0% |>80.1% |>90.1% |>100.0%
 done.
> 604 of 604 structures successfully optimized (100.0% success)
> Total runtime for 604 optimizations:
 * wall-time:     0 d,  0 h,  0 min, 56.861 sec
 *  cpu-time:     0 d,  0 h,  3 min,  0.445 sec
 * ratio c/w:     3.173 speedup
> Corresponding to approximately 0.094 sec per processed structure
 
CREGEN> running RMSDs ... done.
CREGEN> E lowest :   -20.17201
 133 structures remain within     6.00 kcal/mol window
 
========================================
           MTD Simulations done         
========================================
 Collecting ensmbles.
CREGEN> running RMSDs ... done.
CREGEN> E lowest :   -20.17201
 187 structures remain within     6.00 kcal/mol window
 

 ===============================================
 Additional regular MDs on lowest 4 conformer(s)
 ===============================================
  :::::::::::::: starting MD   8 ::::::::::::::
  |   MD simulation time   :     2.5 ps       |
  |   target T             :   500.0 K        |
  |   timestep dt          :     5.0 fs       |
  |   dump interval(trj)   :   100.0 fs       |
  |   SHAKE algorithm      : true (all bonds) |
  :::::::::::::: starting MD   1 ::::::::::::::
  |   MD simulation time   :     2.5 ps       |
  |   target T             :   400.0 K        |
  |   timestep dt          :     5.0 fs       |
  |   dump interval(trj)   :   100.0 fs       |
  |   SHAKE algorithm      : true (all bonds) |
  :::::::::::::: starting MD   2 ::::::::::::::
  |   MD simulation time   :     2.5 ps       |
  |   target T             :   400.0 K        |
  |   timestep dt          :     5.0 fs       |
  |   dump interval(trj)   :   100.0 fs       |
  |   SHAKE algorithm      : true (all bonds) |
  :::::::::::::: starting MD   3 ::::::::::::::
  |   MD simulation time   :     2.5 ps       |
  |   target T             :   400.0 K        |
  |   timestep dt          :     5.0 fs       |
  |   dump interval(trj)   :   100.0 fs       |
  |   SHAKE algorithm      : true (all bonds) |
*MD   3 completed successfully ...        0 min,  5.027 sec
  :::::::::::::: starting MD   4 ::::::::::::::
  |   MD simulation time   :     2.5 ps       |
  |   target T             :   400.0 K        |
  |   timestep dt          :     5.0 fs       |
  |   dump interval(trj)   :   100.0 fs       |
  |   SHAKE algorithm      : true (all bonds) |
*MD   8 completed successfully ...        0 min,  5.116 sec
  :::::::::::::: starting MD   7 ::::::::::::::
  |   MD simulation time   :     2.5 ps       |
  |   target T             :   500.0 K        |
  |   timestep dt          :     5.0 fs       |
  |   dump interval(trj)   :   100.0 fs       |
  |   SHAKE algorithm      : true (all bonds) |
*MD   1 completed successfully ...        0 min,  5.300 sec
  :::::::::::::: starting MD   5 ::::::::::::::
  |   MD simulation time   :     2.5 ps       |
  |   target T             :   500.0 K        |
  |   timestep dt          :     5.0 fs       |
  |   dump interval(trj)   :   100.0 fs       |
  |   SHAKE algorithm      : true (all bonds) |
*MD   2 completed successfully ...        0 min,  5.306 sec
  :::::::::::::: starting MD   6 ::::::::::::::
  |   MD simulation time   :     2.5 ps       |
  |   target T             :   500.0 K        |
  |   timestep dt          :     5.0 fs       |
  |   dump interval(trj)   :   100.0 fs       |
  |   SHAKE algorithm      : true (all bonds) |
*MD   4 completed successfully ...        0 min,  5.195 sec
*MD   7 completed successfully ...        0 min,  5.133 sec
*MD   5 completed successfully ...        0 min,  5.118 sec
*MD   6 completed successfully ...        0 min,  5.128 sec
 Appending file crest_rotamers_1.xyz with new structures
 Optimizing all 379 structures from file "crest_rotamers_1.xyz" ...
 ----------------------------------
 optimization with tight thresholds
 ----------------------------------
 Optimization engine: ANCOPT
 Hessian update type: BFGS
 E/G convergence criteria:  0.100E-05 Eh, 0.800E-03 Eh/a0
 maximum optimization steps: 200
 |>0.3% |>10.0% |>20.1% |>30.1% |>40.1% |>50.1% |>60.2% |>70.2% |>80.2% |>90.2% |>100.0%
 done.
> 379 of 379 structures successfully optimized (100.0% success)
> Total runtime for 379 optimizations:
 * wall-time:     0 d,  0 h,  0 min, 20.801 sec
 *  cpu-time:     0 d,  0 h,  0 min, 59.381 sec
 * ratio c/w:     2.855 speedup
> Corresponding to approximately 0.055 sec per processed structure
 
CREGEN> running RMSDs ... done.
CREGEN> E lowest :   -20.17201
 192 structures remain within     6.00 kcal/mol window
 
     ========================================
     |        Structure Crossing (GC)       |
     ========================================
 
 =============================
  # threads =           4
 =============================
input  file name : crest_rotamers_2.xyz
number of atoms                :      16
number of points on xyz files  :     192
conformer energy window  /kcal :    6.00
CN per atom difference cut-off :  0.3000
RMSD threshold (Ang, Bohr)     :  0.2500  0.4724
max. # of generated structures :      250
 # in E window         192
  10.6 % done
  37.8 % done
  62.5 % done
  85.1 % done
 finished.
 average rmsd w.r.t input     :     2.75949
 number of clash discarded    :         580
 removed identical structures :         314

 250 structures written to confcross.xyz

 
 ======================================
 |  Multilevel Ensemble Optimization  |
 ======================================
 Optimizing all 250 structures from file "confcross.xyz" ...
 ----------------------
 crude pre-optimization
 ----------------------
 Optimization engine: ANCOPT
 Hessian update type: BFGS
 E/G convergence criteria:  0.500E-03 Eh, 0.100E-01 Eh/a0
 maximum optimization steps: 200
 |>0.4% |>10.0% |>20.0% |>30.0% |>40.0% |>50.0% |>60.0% |>70.4% |>80.0% |>90.4% |>100.0%
 done.
> 250 of 250 structures successfully optimized (100.0% success)
> Total runtime for 250 optimizations:
 * wall-time:     0 d,  0 h,  0 min,  2.457 sec
 *  cpu-time:     0 d,  0 h,  0 min,  9.659 sec
 * ratio c/w:     3.932 speedup
> Corresponding to approximately 0.010 sec per processed structure
 
CREGEN> running RMSDs ... done.
CREGEN> E lowest :   -20.17201
 181 structures remain within    12.00 kcal/mol window
 ----------------------------------
 optimization with tight thresholds
 ----------------------------------
 Optimization engine: ANCOPT
 Hessian update type: BFGS
 E/G convergence criteria:  0.100E-05 Eh, 0.800E-03 Eh/a0
 maximum optimization steps: 200
 |>0.6% |>10.5% |>20.4% |>30.4% |>40.3% |>50.3% |>60.2% |>70.2% |>80.1% |>90.1% |>100.0%
 done.
> 181 of 181 structures successfully optimized (100.0% success)
> Total runtime for 181 optimizations:
 * wall-time:     0 d,  0 h,  0 min, 10.689 sec
 *  cpu-time:     0 d,  0 h,  0 min, 29.533 sec
 * ratio c/w:     2.763 speedup
> Corresponding to approximately 0.059 sec per processed structure
 
CREGEN> running RMSDs ... done.
CREGEN> E lowest :   -20.17201
 73 structures remain within     6.00 kcal/mol window
appending new structures to crest_rotamers_2.xyz
CREGEN> running RMSDs ... done.
CREGEN> E lowest :   -20.17201


   ================================================
   |           Final Geometry Optimization        |
   ================================================
 Optimizing all 220 structures from file "crest_rotamers_3.xyz" ...
 ---------------------------------------
 optimization with very tight thresholds
 ---------------------------------------
 Optimization engine: ANCOPT
 Hessian update type: BFGS
 E/G convergence criteria:  0.100E-06 Eh, 0.200E-03 Eh/a0
 maximum optimization steps: 200
 |>0.5% |>10.0% |>20.0% |>30.0% |>40.0% |>50.0% |>60.0% |>70.5% |>80.0% |>90.5% |>100.0%
 done.
> 220 of 220 structures successfully optimized (100.0% success)
> Total runtime for 220 optimizations:
 * wall-time:     0 d,  0 h,  0 min, 18.533 sec
 *  cpu-time:     0 d,  0 h,  0 min, 43.190 sec
 * ratio c/w:     2.330 speedup
> Corresponding to approximately 0.084 sec per processed structure
 
CREGEN> running RMSDs ... done.
CREGEN> E lowest :   -20.17201
 174 structures remain within     6.00 kcal/mol window


 --------------------------
 Final Ensemble Information
 --------------------------
 input  file name : crest_rotamers_3.xyz
 output file name : crest_rotamers_4.xyz
 number of atoms                :   16
 number of points on xyz files  :   220
 RMSD threshold                 :   0.1250
 Bconst threshold               :   0.0100
 population threshold           :   0.0500
 # fragment in coord            :     1
 # bonds in reference structure :    15
 number of reliable points      :   220
 sorting energy window (EWIN)   :    6.0000 / kcal*mol⁻¹
 reference state Etot           :  -20.1720149600000
 number of doubles removed by rot/RMSD         :          46
 total number unique points considered further :         174
       Erel/kcal        Etot weight/tot  conformer     set   degen     origin
       1   0.000   -20.17201    0.02426    0.38801       1      16
       2   0.000   -20.17201    0.02426
       3   0.000   -20.17201    0.02425
       4   0.000   -20.17201    0.02425
       5   0.000   -20.17201    0.02425
       6   0.000   -20.17201    0.02425
       7   0.000   -20.17201    0.02425
       8   0.000   -20.17201    0.02425
       9   0.000   -20.17201    0.02425
      10   0.000   -20.17201    0.02425
      11   0.000   -20.17201    0.02425
      12   0.000   -20.17201    0.02425
      13   0.000   -20.17201    0.02425
      14   0.000   -20.17201    0.02424
      15   0.000   -20.17201    0.02424
      16   0.000   -20.17201    0.02424
      17   0.411   -20.17136    0.01214    0.42057       2      35
      18   0.411   -20.17136    0.01213
      19   0.411   -20.17136    0.01212
      20   0.412   -20.17136    0.01210
      21   0.414   -20.17136    0.01207
      22   0.414   -20.17136    0.01207
      23   0.414   -20.17136    0.01207
      24   0.414   -20.17136    0.01207
      25   0.414   -20.17136    0.01207
      26   0.414   -20.17136    0.01207
      27   0.414   -20.17136    0.01207
      28   0.414   -20.17135    0.01207
      29   0.414   -20.17135    0.01207
      30   0.414   -20.17135    0.01206
      31   0.414   -20.17135    0.01206
      32   0.414   -20.17135    0.01206
      33   0.414   -20.17135    0.01206
      34   0.419   -20.17135    0.01196
      35   0.419   -20.17135    0.01196
      36   0.419   -20.17135    0.01196
      37   0.419   -20.17135    0.01196
      38   0.419   -20.17135    0.01196
      39   0.419   -20.17135    0.01196
      40   0.419   -20.17135    0.01196
      41   0.419   -20.17135    0.01196
      42   0.419   -20.17135    0.01196
      43   0.419   -20.17135    0.01196
      44   0.419   -20.17135    0.01196
      45   0.419   -20.17135    0.01196
      46   0.419   -20.17135    0.01196
      47   0.419   -20.17135    0.01196
      48   0.419   -20.17135    0.01196
      49   0.420   -20.17135    0.01195
      50   0.420   -20.17135    0.01194
      51   0.422   -20.17134    0.01191
      52   1.387   -20.16980    0.00234    0.05239       3      23
      53   1.401   -20.16978    0.00228
      54   1.392   -20.16980    0.00232
      55   1.393   -20.16979    0.00232
      56   1.402   -20.16978    0.00228
      57   1.402   -20.16978    0.00228
      58   1.402   -20.16978    0.00228
      59   1.404   -20.16978    0.00227
      60   1.404   -20.16978    0.00227
      61   1.405   -20.16978    0.00227
      62   1.406   -20.16978    0.00227
      63   1.410   -20.16977    0.00225
      64   1.406   -20.16977    0.00226
      65   1.406   -20.16977    0.00226
      66   1.406   -20.16977    0.00226
      67   1.407   -20.16977    0.00226
      68   1.407   -20.16977    0.00226
      69   1.408   -20.16977    0.00226
      70   1.408   -20.16977    0.00226
      71   1.408   -20.16977    0.00226
      72   1.409   -20.16977    0.00226
      73   1.395   -20.16979    0.00231
      74   1.395   -20.16979    0.00231
      75   1.395   -20.16979    0.00231    0.03903       4      17
      76   1.395   -20.16979    0.00231
      77   1.395   -20.16979    0.00231
      78   1.395   -20.16979    0.00231
      79   1.396   -20.16979    0.00231
      80   1.396   -20.16979    0.00230
      81   1.397   -20.16979    0.00230
      82   1.397   -20.16979    0.00230
      83   1.399   -20.16979    0.00229
      84   1.399   -20.16979    0.00229
      85   1.399   -20.16979    0.00229
      86   1.399   -20.16979    0.00229
      87   1.399   -20.16979    0.00229
      88   1.399   -20.16979    0.00229
      89   1.399   -20.16979    0.00229
      90   1.399   -20.16979    0.00229
      91   1.411   -20.16977    0.00225
      92   1.400   -20.16978    0.00229    0.00229       5       1
      93   1.401   -20.16978    0.00228    0.00453       6       2
      94   1.412   -20.16977    0.00224
      95   1.413   -20.16976    0.00224    0.00447       7       2
      96   1.414   -20.16976    0.00223
      97   1.425   -20.16974    0.00219    0.00219       8       1
      98   1.462   -20.16969    0.00206    0.01440       9       7
      99   1.463   -20.16968    0.00206
     100   1.464   -20.16968    0.00205
     101   1.464   -20.16968    0.00206
     102   1.464   -20.16968    0.00206
     103   1.464   -20.16968    0.00205
     104   1.464   -20.16968    0.00205
     105   1.464   -20.16968    0.00205    0.00816      10       4
     106   1.464   -20.16968    0.00205
     107   1.471   -20.16967    0.00203
     108   1.473   -20.16967    0.00202
     109   1.574   -20.16951    0.00171    0.00341      11       2
     110   1.575   -20.16951    0.00170
     111   1.759   -20.16921    0.00125    0.01101      12       9
     112   1.760   -20.16921    0.00125
     113   1.761   -20.16921    0.00124
     114   1.766   -20.16920    0.00124
     115   1.767   -20.16920    0.00123
     116   1.781   -20.16918    0.00120
     117   1.784   -20.16917    0.00120
     118   1.784   -20.16917    0.00120
     119   1.784   -20.16917    0.00120
     120   1.768   -20.16920    0.00123    0.01800      13      15
     121   1.784   -20.16917    0.00120
     122   1.784   -20.16917    0.00120
     123   1.785   -20.16917    0.00120
     124   1.785   -20.16917    0.00119
     125   1.785   -20.16917    0.00119
     126   1.785   -20.16917    0.00119
     127   1.768   -20.16920    0.00123
     128   1.786   -20.16917    0.00119
     129   1.786   -20.16917    0.00119
     130   1.786   -20.16917    0.00119
     131   1.788   -20.16917    0.00119
     132   1.790   -20.16916    0.00119
     133   1.768   -20.16920    0.00123
     134   1.792   -20.16916    0.00118
     135   1.793   -20.16916    0.00118    0.00594      14       5
     136   1.793   -20.16916    0.00118
     137   1.793   -20.16916    0.00118
     138   1.794   -20.16916    0.00118
     139   1.769   -20.16920    0.00123
     140   1.827   -20.16910    0.00111    0.00111      15       1
     141   1.863   -20.16905    0.00105    0.01460      16      14
     142   1.863   -20.16905    0.00105
     143   1.863   -20.16905    0.00105
     144   1.865   -20.16904    0.00105
     145   1.869   -20.16904    0.00104
     146   1.865   -20.16904    0.00105
     147   1.865   -20.16904    0.00104
     148   1.866   -20.16904    0.00104
     149   1.869   -20.16904    0.00104
     150   1.869   -20.16904    0.00104
     151   1.866   -20.16904    0.00104
     152   1.867   -20.16904    0.00104
     153   1.869   -20.16904    0.00104
     154   1.867   -20.16904    0.00104
     155   1.868   -20.16904    0.00104    0.00312      17       3
     156   1.868   -20.16904    0.00104
     157   1.868   -20.16904    0.00104
     158   1.868   -20.16904    0.00104    0.00104      18       1
     159   1.871   -20.16903    0.00103    0.00103      19       1
     160   1.963   -20.16889    0.00089    0.00089      20       1
     161   2.043   -20.16876    0.00077    0.00077      21       1
     162   2.740   -20.16765    0.00024    0.00259      22      11
     163   2.740   -20.16765    0.00024
     164   2.742   -20.16765    0.00024
     165   2.744   -20.16764    0.00024
     166   2.749   -20.16763    0.00024
     167   2.749   -20.16763    0.00024
     168   2.757   -20.16762    0.00023
     169   2.749   -20.16763    0.00024
     170   2.749   -20.16763    0.00024
     171   2.750   -20.16763    0.00023
     172   2.753   -20.16763    0.00023
     173   2.754   -20.16763    0.00023    0.00023      23       1
     174   2.815   -20.16753    0.00021    0.00021      24       1
T /K                                  :   298.15
E lowest                              :   -20.17201
ensemble average energy (kcal)        :    0.474
ensemble entropy (J/mol K, cal/mol K) :   37.563    8.978
ensemble free energy (kcal/mol)       :   -2.677
population of lowest in %             :   38.801
 number of unique conformers for further calc           24
 list of relative energies saved as "crest.energies"
 
 -----------------
 Wall Time Summary
 -----------------
 CREST runtime (total)               0 d,  0 h,  5 min, 13.608 sec
 ------------------------------------------------------------------
 Trial metadynamics (MTD)   ...        0 min,  1.565 sec (  0.499%)
 Metadynamics (MTD)         ...        1 min, 29.779 sec ( 28.628%)
 Geometry optimization      ...        3 min, 17.573 sec ( 63.000%)
 Molecular dynamics (MD)    ...        0 min, 10.479 sec (  3.341%)
 Genetic crossing (GC)      ...        0 min, 13.595 sec (  4.335%)
 I/O and setup              ...        0 min,  0.618 sec (  0.197%)
 ------------------------------------------------------------------
 * wall-time:     0 d,  0 h,  5 min, 13.608 sec
 *  cpu-time:     0 d,  0 h, 15 min, 27.492 sec
 * ratio c/w:     2.957 speedup
 ------------------------------------------------------------------
 * Total number of energy+grad calls: 102759
 
 CREST terminated normally.
