  12
 Etot=         -22.9462180735
 C         -0.6671053594        1.2626446134       -0.0001407441
 C          0.6676792307        1.2624862091        0.0001292897
 C          1.4346532555        0.0000474002       -0.0001852949
 O          2.6609851498       -0.0001810057       -0.0000039717
 C          0.6671053594       -1.2626446134        0.0001407441
 C         -0.6676792307       -1.2624862091       -0.0001292897
 C         -1.4346532555       -0.0000474002        0.0001852949
 O         -2.6609851498        0.0001810057        0.0000039717
 H         -1.2252297649        2.1921407308        0.0001994788
 H          1.2251567108        2.1922737100       -0.0001205112
 H          1.2256070406       -2.1925827680        0.0010898102
 H         -1.2255339865       -2.1918316728       -0.0011687778
  12
 Etot=         -22.9468919088
 C         -0.6686366024        1.2510562136       -0.0001456957
 C          0.6690130490        1.2509249475        0.0001217438
 C          1.4464190306       -0.0000392064        0.0004838074
 O          2.6699391583       -0.0002895510        0.0002206135
 C          0.6686223603       -1.2510393278        0.0000959310
 C         -0.6690056843       -1.2509683155       -0.0002115522
 C         -1.4464017348        0.0000224364       -0.0005153567
 O         -2.6699209764        0.0002460181       -0.0000594409
 H         -1.2352500080        2.1712250721       -0.0000043878
 H          1.2352967576        2.1712884855        0.0000545885
 H          1.2354079057       -2.1712646934       -0.0001978352
 H         -1.2354832555       -2.1711620789        0.0001575844
  12
 Etot=         -22.9469284418
 C         -0.6683091164        1.2496128803       -0.0000477250
 C          0.6685562218        1.2495154199        0.0000720019
 C          1.4477999653       -0.0000677412       -0.0003469787
 O          2.6699984382       -0.0002711355       -0.0000263547
 C          0.6683048884       -1.2496087842        0.0001310884
 C         -0.6685472944       -1.2495456990       -0.0000303708
 C         -1.4477893357        0.0000585797        0.0004432290
 O         -2.6699894460        0.0002379177       -0.0000753836
 H         -1.2391498374        2.1666010175       -0.0005108916
 H          1.2392842970        2.1665906387        0.0005447860
 H          1.2392061840       -2.1665648866        0.0006282467
 H         -1.2393649649       -2.1665582072       -0.0007816475
