  11
 Etot=         -13.8083342870
 C         -2.1010929055       -1.2583722182       -0.1457427602
 C         -1.4567167445        0.0001663894        0.4285167074
 C         -2.1010215653        1.2584201778       -0.1459175378
 I          0.6564236569       -0.0000019193       -0.0111634214
 H         -1.6392487597       -2.1631361906        0.2654216100
 H         -3.1679851281       -1.2901558608        0.1006142682
 H         -2.0081395516       -1.3018781333       -1.2369865045
 H         -1.5839683452       -0.0004076713        1.5163566315
 H         -1.6398419133        2.1629433682        0.2659685222
 H         -3.1678907963        1.2898344256        0.1002778907
 H         -2.0084729456        1.3004874991       -1.2369217053
  11
 Etot=         -13.8093440741
 C         -2.1151557539       -1.2661866648       -0.1538630223
 C         -1.4814514271       -0.0000514326        0.3941219397
 C         -2.1153923926        1.2660335687       -0.1535926554
 I          0.6950689524        0.0013477536        0.0652616528
 H         -1.6424766400       -2.1578501817        0.2596249881
 H         -3.1727282048       -1.2840808339        0.1098347570
 H         -2.0274938276       -1.3017128156       -1.2396746226
 H         -1.5149276163       -0.0021362442        1.4889481164
 H         -1.6412152049        2.1577705781        0.2578148116
 H         -3.1726107047        1.2849891897        0.1114937342
 H         -2.0295721786        1.2997769493       -1.2395459989
  11
 Etot=         -13.8097476870
 C         -2.1081978050       -1.2628601598       -0.1503792296
 C         -1.5025881133        0.0000405964        0.4201894222
 C         -2.1088519544        1.2626572180       -0.1501625926
 I          0.6854911554       -0.0009434452        0.0035037977
 H         -1.6380975901       -2.1508033294        0.2637851739
 H         -3.1649482345       -1.2778720112        0.1025889093
 H         -2.0082262490       -1.2854529102       -1.2324600898
 H         -1.5587423789       -0.0003328222        1.5089344891
 H         -1.6383301762        2.1509034942        0.2628283379
 H         -3.1653706554        1.2779038413        0.1039764366
 H         -2.0100929967        1.2846593948       -1.2323809538
  11
 Etot=         -13.8098527450
 C         -2.1095179520       -1.2597317558       -0.1509509415
 C         -1.4921654665       -0.0003360282        0.4167166995
 C         -2.1093885012        1.2590955034       -0.1508272318
 I          0.6845287371        0.0011741073        0.0184767998
 H         -1.6413030096       -2.1502477929        0.2619980229
 H         -3.1679281936       -1.2779525675        0.1029864420
 H         -2.0136383744       -1.2866351882       -1.2344218160
 H         -1.5458472194       -0.0004203610        1.5053833870
 H         -1.6405505377        2.1496721060        0.2612620491
 H         -3.1675331713        1.2778548288        0.1042064498
 H         -2.0146113096        1.2854270147       -1.2344061600
  11
 Etot=         -13.8098526368
 C         -2.1082418847       -1.2595637725       -0.1503032981
 C         -1.4920520175        0.0005226053        0.4162864984
 C         -2.1099325106        1.2598787045       -0.1501253843
 I          0.6843254390       -0.0036099125        0.0187510516
 H         -1.6414639961       -2.1514442094        0.2615539013
 H         -3.1672047891       -1.2778088536        0.1026419300
 H         -2.0126259816       -1.2852531031       -1.2338305762
 H         -1.5439892290        0.0002252431        1.5046564102
 H         -1.6431120157        2.1520358169        0.2610413364
 H         -3.1687663991        1.2777375061        0.1034587330
 H         -2.0148916138        1.2851798419       -1.2337069016
  11
 Etot=         -13.8098522952
 C         -2.1098781015       -1.2599008809       -0.1500263968
 C         -1.4918607437       -0.0010026896        0.4166876815
 C         -2.1083437007        1.2585847580       -0.1501628397
 I          0.6852972520        0.0043812501        0.0182042106
 H         -1.6440596683       -2.1523568892        0.2615035610
 H         -3.1690997703       -1.2773183275        0.1025528306
 H         -2.0139746976       -1.2852339142       -1.2335583053
 H         -1.5434683338       -0.0006802488        1.5049104802
 H         -1.6420903546        2.1508978961        0.2612611725
 H         -3.1674355837        1.2766068555        0.1028056313
 H         -2.0130412959        1.2839220574       -1.2337543253
  11
 Etot=         -13.8098537395
 C         -2.1094219441       -1.2590631181       -0.1505064676
 C         -1.4918424100       -0.0003128161        0.4172132885
 C         -2.1093247791        1.2584640939       -0.1505282314
 I          0.6854036544        0.0008178156        0.0177121836
 H         -1.6427396356       -2.1505930564        0.2619340720
 H         -3.1683830578       -1.2768467015        0.1025504501
 H         -2.0133901876       -1.2853667950       -1.2340487313
 H         -1.5439496681       -0.0002458980        1.5056249834
 H         -1.6424968645        2.1500241188        0.2616843408
 H         -3.1681957754        1.2763818586        0.1028923790
 H         -2.0136143304        1.2846403648       -1.2341045663
