  11
 Etot=         -15.6394123550
 C         -2.5135796198       -0.1949586825       -0.0006642331
 C         -1.1477733957        0.4084212590       -0.0005967465
 C         -0.0231591176       -0.3164226098        0.0004479056
 C          1.2790567945        0.3767632945       -0.0005622342
 O          2.3397694688       -0.2368401599        0.0000884415
 H         -2.8554541585       -0.3444600531        1.0291863095
 H         -2.4916300588       -1.1680589057       -0.4998928103
 H         -3.2467744843        0.4356518749       -0.5141275867
 H         -1.1026673310        1.4945227448       -0.0005217105
 H         -0.0265486170       -1.4002182539       -0.0002684292
 H          1.2467526463        1.4793407616        0.0006086900
  11
 Etot=         -15.6410678648
 C         -2.5127781509       -0.2003611478       -0.0070251436
 C         -1.1570171253        0.4070856119       -0.0095217527
 C         -0.0215533691       -0.3013408976       -0.0055204141
 C          1.2756317158        0.3599918103        0.0089245018
 O          2.3427092768       -0.2306616652        0.0034798328
 H         -2.8501336176       -0.3275472623        1.0221787041
 H         -2.4987577450       -1.1814123694       -0.4799705813
 H         -3.2316207603        0.4395106420       -0.5151166944
 H         -1.1135034051        1.4889623933        0.0142720149
 H         -0.0140053322       -1.3802974691       -0.0162999413
 H          1.2390206396        1.4598116238       -0.0017029300
  11
 Etot=         -15.6411465021
 C         -2.5129131765       -0.2033944275       -0.0088597763
 C         -1.1637122884        0.4034436015       -0.0112372573
 C         -0.0189942543       -0.2919458700       -0.0203411729
 C          1.2718467933        0.3480162878       -0.0221657809
 O          2.3465027953       -0.2237673146        0.0117602751
 H         -2.8512957072       -0.3011918411        1.0222697439
 H         -2.5022579624       -1.1954996829       -0.4517092697
 H         -3.2209731789        0.4348975102       -0.5262501631
 H         -1.1182046210        1.4832789463        0.0177349437
 H         -0.0073433814       -1.3704853381       -0.0330626667
 H          1.2353371084        1.4503893984        0.0355587203
  11
 Etot=         -15.6414620873
 C         -2.5132685443       -0.2041375443       -0.0090008586
 C         -1.1654768460        0.4004441888       -0.0048151354
 C         -0.0173382125       -0.2905511586       -0.0190669274
 C          1.2702938643        0.3450963213        0.0119675067
 O          2.3489967734       -0.2195097048        0.0030519559
 H         -2.8614710561       -0.2830169697        1.0218647642
 H         -2.5002820326       -1.2034028562       -0.4343928851
 H         -3.2144792117        0.4285104421       -0.5422879217
 H         -1.1173566708        1.4804215577        0.0333981841
 H         -0.0073271470       -1.3707144688       -0.0628221367
 H          1.2357012101        1.4506014624        0.0158010502
  11
 Etot=         -15.6415921476
 C         -2.5131491596       -0.2034689409       -0.0073588845
 C         -1.1628694912        0.4000550993       -0.0077387561
 C         -0.0176176015       -0.2950862260       -0.0271451253
 C          1.2716429613        0.3497760510        0.0055158061
 O          2.3490472011       -0.2197559358        0.0018868867
 H         -2.8665708665       -0.2740263187        1.0231733081
 H         -2.4988556303       -1.2064713531       -0.4266994290
 H         -3.2159418051        0.4215263458       -0.5511422391
 H         -1.1141920321        1.4811042053        0.0428170725
 H         -0.0113754594       -1.3756342902       -0.0641228901
 H          1.2378740101        1.4557226332        0.0245118468
  11
 Etot=         -15.6416930297
 C         -2.5126495131       -0.2040001212       -0.0048144618
 C         -1.1620788195        0.3981536435       -0.0023361190
 C         -0.0168244437       -0.2969958197       -0.0357845835
 C          1.2715718432        0.3510020116        0.0003730625
 O          2.3499677587       -0.2177056128       -0.0042560080
 H         -2.8809306654       -0.2468417019        1.0234149873
 H         -2.4944705488       -1.2173929355       -0.4007593619
 H         -3.2088890117        0.4083602477       -0.5740481240
 H         -1.1128015772        1.4791234018        0.0578120459
 H         -0.0128745298       -1.3776478680       -0.0861779105
 H          1.2379716340        1.4576860245        0.0402740691
  11
 Etot=         -15.6418246774
 C         -2.5109537387       -0.2062543934        0.0008445046
 C         -1.1609454666        0.3929667901        0.0137626139
 C         -0.0145375207       -0.2996939448       -0.0601947953
 C          1.2711798688        0.3522043136       -0.0079290370
 O          2.3525406011       -0.2123604393       -0.0251740271
 H         -2.9245996628       -0.1674812545        1.0186649532
 H         -2.4815358754       -1.2480061597       -0.3248495702
 H         -3.1841351696        0.3692926848       -0.6422075099
 H         -1.1114623184        1.4729451603        0.1138407512
 H         -0.0142280143       -1.3793582847       -0.1470253463
 H          1.2366694234        1.4594867977        0.0739650590
  11
 Etot=         -15.6419370603
 C         -2.5104385350       -0.2064744049        0.0015989700
 C         -1.1608970527        0.3931289667        0.0194087656
 C         -0.0147319891       -0.2983582249       -0.0585286136
 C          1.2713035217        0.3519066732       -0.0080320957
 O          2.3521301340       -0.2128900337       -0.0268792362
 H         -2.9292013678       -0.1664113258        1.0122747459
 H         -2.4811757428       -1.2450673386       -0.3216350373
 H         -3.1793031856        0.3653969773       -0.6437413211
 H         -1.1123806454        1.4717214763        0.1180788961
 H         -0.0133815632       -1.3768360520       -0.1484446038
 H          1.2360685528        1.4576245562        0.0695971261
  11
 Etot=         -15.6420991450
 C         -2.5091780557       -0.2090366697        0.0061404513
 C         -1.1607337287        0.3906251337        0.0353303272
 C         -0.0144779257       -0.2960761482       -0.0680491534
 C          1.2715827938        0.3518385293       -0.0094515283
 O          2.3522500883       -0.2118112743       -0.0460630508
 H         -2.9630872230       -0.1161829238        0.9957563609
 H         -2.4742193406       -1.2593931675       -0.2685325255
 H         -3.1521049640        0.3350629331       -0.6868413350
 H         -1.1151656472        1.4657383639        0.1609853695
 H         -0.0108870602       -1.3711314596       -0.1874602977
 H          1.2340131897        1.4541079531        0.0818829779
  11
 Etot=         -15.6421754588
 C         -2.5094111196       -0.2111980356        0.0105381925
 C         -1.1608424433        0.3883361390        0.0466911412
 C         -0.0145733940       -0.2941205861       -0.0773146829
 C          1.2724179847        0.3522469852       -0.0112444874
 O          2.3520123976       -0.2114919139       -0.0710713757
 H         -2.9934006724       -0.0686264922        0.9803425514
 H         -2.4695459722       -1.2737967898       -0.2174776294
 H         -3.1265961349        0.3056207374       -0.7274615706
 H         -1.1179552892        1.4603419714        0.1965162968
 H         -0.0080881667       -1.3657347263       -0.2198948982
 H          1.2339749366        1.4521639808        0.1040740583
  11
 Etot=         -15.6422137523
 C         -2.5107997370       -0.2121409852        0.0126628670
 C         -1.1613307896        0.3878049494        0.0507274174
 C         -0.0153778428       -0.2920871927       -0.0778331493
 C          1.2732442084        0.3525554432       -0.0113173709
 O          2.3507671031       -0.2121354426       -0.0908484410
 H         -3.0063610796       -0.0493804991        0.9678198003
 H         -2.4704058657       -1.2772320899       -0.1943349871
 H         -3.1117442802        0.2893182295       -0.7435431061
 H         -1.1200220571        1.4578409423        0.2091938056
 H         -0.0056817182       -1.3613410648       -0.2283291748
 H          1.2357041855        1.4505389800        0.1194999350
