  15
 Etot=         -30.4292682140
 C          0.0422201766       -1.2005714183       -0.0009778901
 C          1.4370809698       -1.1914603721        0.0001866541
 C          2.1257342262        0.0215040395        0.0003564536
 C          1.4207001236        1.2246730020       -0.0002450425
 C          0.0253287398        1.2147025861       -0.0013816411
 C         -0.6633245166        0.0017381745       -0.0015514406
 N         -2.0836745797       -0.0084209208        0.0003169537
 O         -2.6835876619       -1.1100294232        0.0003544486
 O         -2.6998292038        1.0849695615        0.0011727137
 O          3.4873627819        0.0317211325        0.0008924718
 H         -0.4830618294       -2.1533322411       -0.0001849158
 H          1.9818742649       -2.1318694310        0.0004466024
 H          1.9508281206        2.1722930715        0.0009841176
 H         -0.5127974251        2.1592994354       -0.0015330184
 H          3.8305839168       -0.8762183583        0.0005267954
  15
 Etot=         -30.4328134308
 C          0.0432298303       -1.2071937856       -0.0004649331
 C          1.4223474190       -1.1983006287       -0.0000416258
 C          2.1169506462        0.0159338124        0.0001347730
 C          1.4127627344        1.2222455932       -0.0000640358
 C          0.0331951032        1.2149014751       -0.0007346322
 C         -0.6551128833        0.0003510051       -0.0009563060
 N         -2.0663491680       -0.0077377451       -0.0005260080
 O         -2.6583357788       -1.0915398483        0.0003965246
 O         -2.6712702003        1.0690597205        0.0011612889
 O          3.4642540421        0.0477609283        0.0008802328
 H         -0.4934460257       -2.1453170301       -0.0004665038
 H          1.9606383788       -2.1346435392        0.0004016069
 H          1.9489381667        2.1586800482        0.0002708391
 H         -0.5121429787        2.1474675504       -0.0013374879
 H          3.8297788178       -0.8526687177        0.0007095298
  15
 Etot=         -30.4334010273
 C          0.0427253926       -1.2111812794       -0.0000484126
 C          1.4157186122       -1.2040732218        0.0000040553
 C          2.1158030060        0.0099665626        0.0001061409
 C          1.4093655073        1.2191024696       -0.0002793149
 C          0.0366393461        1.2150745986       -0.0003593817
 C         -0.6533262056       -0.0002188881        0.0002509718
 N         -2.0606059365       -0.0063352614        0.0019491440
 O         -2.6472727895       -1.0820383980       -0.0016623281
 O         -2.6577602738        1.0633228123       -0.0010928901
 O          3.4513674681        0.0595365128        0.0003372439
 H         -0.5078797143       -2.1381477659        0.0001626671
 H          1.9528438488       -2.1385199186        0.0001123898
 H          1.9566049642        2.1463349424       -0.0002600384
 H         -0.5192749525        2.1385484373       -0.0003013885
 H          3.8404898303       -0.8323727641        0.0004444040
  15
 Etot=         -30.4334496702
 C          0.0421994053       -1.2119005930       -0.0004676449
 C          1.4154062773       -1.2061377204        0.0002005835
 C          2.1168543597        0.0074387515        0.0003626434
 C          1.4089405715        1.2174775237        0.0000626320
 C          0.0367609911        1.2150580064       -0.0006272471
 C         -0.6540391804       -0.0004422927       -0.0017999329
 N         -2.0616115445       -0.0056104756       -0.0052071036
 O         -2.6483508363       -1.0819214064        0.0029415842
 O         -2.6572430938        1.0654783596        0.0034891119
 O          3.4495383872        0.0628309833        0.0010442645
 H         -0.5137328409       -2.1359041473       -0.0008820218
 H          1.9531021399       -2.1407409838        0.0003398281
 H          1.9618300437        2.1416889529        0.0000401442
 H         -0.5232811826        2.1363069039       -0.0012764201
 H          3.8490646065       -0.8246230237        0.0011428410
  15
 Etot=         -30.4334778579
 C          0.0414012554       -1.2126601113        0.0003205803
 C          1.4153413622       -1.2089957067        0.0000217017
 C          2.1182853294        0.0038180166       -0.0001462949
 C          1.4083357099        1.2151518018       -0.0001653676
 C          0.0366755017        1.2151514638        0.0001966654
 C         -0.6552404952       -0.0007653647        0.0009116030
 N         -2.0635038933       -0.0046275454        0.0024049924
 O         -2.6511024634       -1.0824728278       -0.0024035524
 O         -2.6576322595        1.0692680790       -0.0021038385
 O          3.4475287239        0.0669352263       -0.0000736853
 H         -0.5214862743       -2.1330590746        0.0003882621
 H          1.9538160556       -2.1440869710        0.0002184551
 H          1.9694391454        2.1351975633       -0.0004392707
 H         -0.5286919587        2.1337922989        0.0000745421
 H          3.8622723643       -0.8136480097        0.0001584698
