  10
 Etot=         -17.7937131426
 C         -1.8595727336       -0.0020616839       -0.4309581757
 C         -0.8307690350        0.0089615814        0.6791514753
 N          0.5115152638        0.0000568520        0.0940877464
 O          1.0479889967        1.0991151146       -0.1517513662
 O          1.0409100716       -1.1046315803       -0.1450139157
 H         -2.8801223595        0.0043376628       -0.0313790102
 H         -1.7516002707        0.8709808776       -1.0856585905
 H         -1.7436841585       -0.9014187300       -1.0452486134
 H         -0.9187237865       -0.8772966952        1.3122732873
 H         -0.9134947780        0.9079517278        1.2956984468
  10
 Etot=         -17.7968843888
 C         -1.8497521220       -0.0053460192       -0.4387267990
 C         -0.8302098310        0.0093112378        0.6883828971
 N          0.5065010631        0.0008880781        0.1049882080
 O          1.0257484066        1.0756145133       -0.1627663776
 O          1.0179045193       -1.0801377972       -0.1526098579
 H         -2.8536883258        0.0033006662       -0.0200206399
 H         -1.7345791042        0.8707157539       -1.0771820004
 H         -1.7363126220       -0.9011342379       -1.0492694589
 H         -0.9236801280       -0.8841772306        1.3091043563
 H         -0.9194846458        0.9169601625        1.2893009565
  10
 Etot=         -17.7964870154
 C         -1.8581191588       -0.0058031625       -0.4430070378
 C         -0.8261105167        0.0090281565        0.6811275309
 N          0.4969950068        0.0007862084        0.0710783800
 O          1.0376685889        1.0634390464       -0.1343795076
 O          1.0290836645       -1.0681957183       -0.1236902721
 H         -2.8499426490        0.0023335622       -0.0045225611
 H         -1.7442885820        0.8709133299       -1.0742851192
 H         -1.7478626366       -0.8999208946       -1.0501988931
 H         -0.9182210403       -0.8870913864        1.2959796307
 H         -0.9167554665        0.9205059852        1.2730991334
  10
 Etot=         -17.7972126520
 C         -1.8512372270       -0.0052123320       -0.4408494918
 C         -0.8259250703        0.0089317225        0.6915351369
 N          0.5058029792        0.0005777068        0.0982076400
 O          1.0226005925        1.0660112632       -0.1605369044
 O          1.0140104201       -1.0714134518       -0.1497318258
 H         -2.8493071181        0.0020281495       -0.0162729253
 H         -1.7311261415        0.8709090136       -1.0727954330
 H         -1.7333977094       -0.8991993929       -1.0474289213
 H         -0.9249971461       -0.8862390146        1.3061002420
 H         -0.9239763690        0.9196014625        1.2829737670
  10
 Etot=         -17.7972294649
 C         -1.8507192114       -0.0053686486       -0.4407337413
 C         -0.8263561615        0.0090898890        0.6925615032
 N          0.5044429902        0.0005527249        0.0962207826
 O          1.0222726153        1.0688084605       -0.1613390416
 O          1.0137720656       -1.0745062619       -0.1494910051
 H         -2.8497053120        0.0016744589       -0.0171149398
 H         -1.7304949694        0.8714987774       -1.0726291194
 H         -1.7323349367       -0.8994006492       -1.0484058240
 H         -0.9249703218       -0.8858037409        1.3075047354
 H         -0.9234595480        0.9194501169        1.2846279342
