  13
 Etot=         -22.3437208905
 C          1.3234065337        1.3380157458       -0.0004113159
 C         -0.0445179721        1.0850207633        0.0006303957
 C         -0.5024618959       -0.2276685064        0.0001365126
 C          0.4394554571       -1.2438995270        0.0005976954
 N          1.7762235284       -1.0367768243       -0.0005466631
 C          2.1838847828        0.2524047842       -0.0002601921
 C         -1.9243259815       -0.5250983671        0.0001470448
 O         -2.7971649242        0.3489071436       -0.0005926512
 H          1.7030112739        2.3532624062        0.0014487557
 H         -0.7435225618        1.9165967924        0.0026030414
 H          0.1424114053       -2.2881952279        0.0011637289
 H          3.2590611451        0.3957204458        0.0009276794
 H         -2.2251143126       -1.5966513926        0.0008495747
  13
 Etot=         -22.3464722120
 C          1.3192552535        1.3353077896        0.0008469060
 C         -0.0447461960        1.0987087437        0.0010440981
 C         -0.5004083166       -0.2199305912        0.0005517618
 C          0.4493161091       -1.2395254547        0.0003237203
 N          1.7613282080       -1.0253836611        0.0001911517
 C          2.1737844290        0.2432154171        0.0005085571
 C         -1.9261912896       -0.5172604929        0.0005070188
 O         -2.8008885606        0.3311047075       -0.0004586280
 H          1.7067338845        2.3417827308        0.0010517994
 H         -0.7507305094        1.9183601445        0.0014560744
 H          0.1569383446       -2.2818578273        0.0005763510
 H          3.2478096992        0.3736193755       -0.0003565527
 H         -2.2018545774       -1.5865026454        0.0004513485
  13
 Etot=         -22.3468716891
 C          1.3200131786        1.3358162737        0.0006773444
 C         -0.0428806933        1.1062167950        0.0007897192
 C         -0.5001145040       -0.2152779144        0.0003756452
 C          0.4525748753       -1.2380505067        0.0003027227
 N          1.7519482623       -1.0182724454        0.0000131060
 C          2.1720629661        0.2390130977       -0.0000612081
 C         -1.9299375156       -0.5123241895       -0.0003989693
 O         -2.8097761170        0.3214823370        0.0000788410
 H          1.7140378536        2.3381229963        0.0012056932
 H         -0.7573022800        1.9158121530        0.0010951391
 H          0.1557511493       -2.2782426185       -0.0002258839
 H          3.2459573548        0.3634967076        0.0009508758
 H         -2.1819880517       -1.5861544498        0.0018905812
  13
 Etot=         -22.3468937100
 C          1.3214257128        1.3367826973        0.0008404205
 C         -0.0414675098        1.1074996839        0.0009745984
 C         -0.5005496563       -0.2137912572        0.0013181498
 C          0.4512802212       -1.2381100563        0.0006897078
 N          1.7507177582       -1.0177898444        0.0003675863
 C          2.1732828449        0.2389215535        0.0006487469
 C         -1.9309291463       -0.5117779949        0.0027120802
 O         -2.8138636650        0.3188089396       -0.0005967436
 H          1.7173350962        2.3386720152        0.0006500078
 H         -0.7587293897        1.9146627533        0.0013248028
 H          0.1501700776       -2.2772455112        0.0009091660
 H          3.2471195434        0.3633061058       -0.0009361569
 H         -2.1754454089       -1.5883008486       -0.0022087596
