  14
 Etot=         -23.3749428968
 C         -1.2034251327       -1.2072513516       -0.0018875018
 C          0.1914654214       -1.2080946462       -0.0010931095
 C          0.8887570612       -0.0000754786       -0.0008486146
 C          0.1923267718        1.2080941400       -0.0010057222
 C         -1.2030804850        1.2080817244       -0.0017722158
 C         -1.9003721248        0.0000625568       -0.0020167107
 N         -3.3106382764       -0.0003174731       -0.0025037323
 Cl         2.6095910371       -0.0001861672        0.0014784401
 H         -1.7361445023       -2.1546910475       -0.0015780607
 H          0.7225203345       -2.1562720152        0.0000714862
 H          0.7223921070        2.1571550818       -0.0007427446
 H         -1.7366542132        2.1554760752       -0.0019158056
 H         -3.7990440418        0.8710939751        0.0446332622
 H         -3.7986575675       -0.8715369801        0.0450855753
  14
 Etot=         -23.3776242697
 C         -1.2038563411       -1.2037613074       -0.0009630707
 C          0.1794448562       -1.2032065436       -0.0009355189
 C          0.8695212373        0.0000564449       -0.0005008674
 C          0.1796985196        1.2032939243       -0.0012431089
 C         -1.2037446247        1.2042011980       -0.0011482706
 C         -1.9099120143        0.0001262389       -0.0008549035
 N         -3.2873207059       -0.0000182042       -0.0138174764
 Cl         2.5998618232        0.0000050138        0.0020164876
 H         -1.7321289672       -2.1456419447       -0.0021655846
 H          0.7171518689       -2.1404891426       -0.0002559141
 H          0.7167113721        2.1410630689       -0.0006253938
 H         -1.7324037240        2.1459198164       -0.0025743363
 H         -3.7770690258        0.8698917306        0.0492994412
 H         -3.7769178849       -0.8699018992        0.0496730622
  14
 Etot=         -23.3782048716
 C         -1.2037828459       -1.2021397963       -0.0034741158
 C          0.1743674021       -1.2022221689       -0.0008838854
 C          0.8601157083        0.0001630805        0.0006097610
 C          0.1742910146        1.2024705206       -0.0011747034
 C         -1.2038239816        1.2023261889       -0.0037734083
 C         -1.9216673659        0.0001171909       -0.0058965430
 N         -3.2761852364        0.0000880936       -0.0308162570
 Cl         2.6019797760        0.0001514754        0.0055420380
 H         -1.7326238245       -2.1408189732       -0.0042015501
 H          0.7187720479       -2.1327310247        0.0011008208
 H          0.7184604567        2.1331018852        0.0006042788
 H         -1.7327374257        2.1408903180       -0.0044371143
 H         -3.7690939003        0.8679471200        0.0611875339
 H         -3.7690354360       -0.8678055161        0.0615176907
  14
 Etot=         -23.3782808112
 C         -1.2028653584       -1.2019845965       -0.0038123473
 C          0.1756061377       -1.2029511625       -0.0008206219
 C          0.8607491410        0.0001711889        0.0006783248
 C          0.1755301787        1.2032364683       -0.0010298996
 C         -1.2029268473        1.2021631182       -0.0039989659
 C         -1.9231516697        0.0000974886       -0.0068444093
 N         -3.2788324552        0.0000649477       -0.0409292923
 Cl         2.6063271305        0.0001782164        0.0067185703
 H         -1.7336857462       -2.1405024743       -0.0057459347
 H          0.7210716007       -2.1331521112        0.0017382308
 H          0.7208872505        2.1334930756        0.0013269518
 H         -1.7338002969        2.1406207939       -0.0062753191
 H         -3.7729662524        0.8663267358        0.0674075458
 H         -3.7729064237       -0.8662232950        0.0674917123
  14
 Etot=         -23.3783699592
 C         -1.2014303755       -1.2016184039       -0.0070545870
 C          0.1776234186       -1.2044944210       -0.0001814768
 C          0.8608467681        0.0001758620        0.0026095262
 C          0.1775435141        1.2048275655       -0.0005835957
 C         -1.2015300834        1.2018011608       -0.0074097467
 C         -1.9244673515        0.0000606831       -0.0140168020
 N         -3.2832090957        0.0000170824       -0.0750857585
 Cl         2.6147063333        0.0002397100        0.0119870681
 H         -1.7366455456       -2.1395796444       -0.0106927753
 H          0.7245297998       -2.1343457687        0.0039055110
 H          0.7245584980        2.1346176631        0.0036163174
 H         -1.7367603998        2.1397983636       -0.0111221103
 H         -3.7783882033        0.8611059928        0.0899025358
 H         -3.7783408877       -0.8610674514        0.0900304396
  14
 Etot=         -23.3784034592
 C         -1.2018156605       -1.2016848144       -0.0069543106
 C          0.1774999402       -1.2045424207       -0.0002944971
 C          0.8603953118        0.0001664164        0.0024587597
 C          0.1774313634        1.2048561029       -0.0004378449
 C         -1.2019034189        1.2018876638       -0.0071152205
 C         -1.9232992224        0.0000645248       -0.0136745546
 N         -3.2835487624        0.0000132235       -0.0819072422
 Cl         2.6142457324        0.0002368132        0.0121260737
 H         -1.7370256102       -2.1395930621       -0.0111080751
 H          0.7238570814       -2.1346979249        0.0043639887
 H          0.7238567279        2.1349757576        0.0039302460
 H         -1.7371396555        2.1398205390       -0.0116792520
 H         -3.7767839629        0.8589264955        0.0930743720
 H         -3.7767334753       -0.8588909207        0.0931221026
  14
 Etot=         -23.3784481499
 C         -1.2033557712       -1.2018589857       -0.0108536317
 C          0.1762988763       -1.2043601029        0.0000709917
 C          0.8582493330        0.0001489620        0.0041393854
 C          0.1762309368        1.2046241637       -0.0002748570
 C         -1.2034236034        1.2020825739       -0.0111131632
 C         -1.9211186973        0.0000746185       -0.0208746590
 N         -3.2836187947        0.0000223906       -0.1065237149
 Cl         2.6113735686        0.0002306453        0.0169497626
 H         -1.7376440873       -2.1395236706       -0.0151043089
 H          0.7215071251       -2.1348403083        0.0067461323
 H          0.7213942234        2.1351370538        0.0063903903
 H         -1.7377597672        2.1397218875       -0.0154190579
 H         -3.7695663703        0.8537780660        0.1106625534
 H         -3.7695305823       -0.8536988999        0.1111087226
