  12
 Etot=         -28.6749777916
 C         -0.2105273972        1.2735448133       -0.0001241790
 C          1.2705927805        1.1981263478       -0.0003966406
 O          1.9508638108        2.2196134981        0.0001751655
 N          1.7918909056       -0.0901790470        0.0002922455
 C          1.0548335793       -1.2790827607       -0.0003841054
 O          1.5844177822       -2.3899416098        0.0000511451
 N         -0.3209455447       -1.0971691670        0.0001122134
 C         -0.9075454187        0.1360054195       -0.0000517177
 Cl        -2.6200017443        0.0913923954        0.0000529603
 H         -0.6746568806        2.2521707992       -0.0001726610
 H          2.8036281718       -0.1758684713        0.0004554862
 H         -0.9185262057       -1.9190866499        0.0000410196
  12
 Etot=         -28.6780192399
 C         -0.2039452886        1.2698182047       -0.0000483339
 C          1.2582926224        1.1970635196        0.0002706118
 O          1.9698307761        2.1878978154       -0.0000962938
 N          1.7719419059       -0.0841919901        0.0004229134
 C          1.0498227329       -1.2611998976        0.0001914683
 O          1.5803975773       -2.3526664256       -0.0002400248
 N         -0.3159909523       -1.0987477060        0.0002391359
 C         -0.9105593124        0.1291020614        0.0000206483
 Cl        -2.6268370316        0.0910231824       -0.0001217768
 H         -0.6550227721        2.2461632036       -0.0004120521
 H          2.7838333343       -0.1737429736       -0.0000335236
 H         -0.8977397531       -1.9309934264       -0.0001418410
  12
 Etot=         -28.6785052611
 C         -0.2017447627        1.2685532423       -0.0000836818
 C          1.2486647921        1.2000983197       -0.0002573650
 O          1.9852250026        2.1718977251       -0.0000172224
 N          1.7609371173       -0.0811666168        0.0001550811
 C          1.0500772439       -1.2538803211       -0.0000889876
 O          1.5812584670       -2.3420469838        0.0000506992
 N         -0.3140071814       -1.0987135662        0.0000289307
 C         -0.9128439498        0.1258585869       -0.0000880236
 Cl        -2.6311489132        0.0963515908       -0.0000713070
 H         -0.6512341897        2.2431852247        0.0000130403
 H          2.7731296642       -0.1719931292        0.0003997675
 H         -0.8842894515       -1.9386185046        0.0000100003
  12
 Etot=         -28.6785981020
 C         -0.2016711002        1.2690973767       -0.0000154812
 C          1.2450036744        1.2030833464        0.0002701347
 O          1.9915854557        2.1674206731       -0.0001028584
 N          1.7590637093       -0.0808958234        0.0002386123
 C          1.0517045252       -1.2527631378        0.0001975527
 O          1.5809892280       -2.3434152248       -0.0001122873
 N         -0.3144135052       -1.0982381761        0.0001238210
 C         -0.9132404019        0.1249637030        0.0000127217
 Cl        -2.6315912599        0.1005726847       -0.0001801368
 H         -0.6554689782        2.2423609716       -0.0002943729
 H          2.7714891618       -0.1709593323       -0.0000053032
 H         -0.8794266702       -1.9417014933       -0.0000814710
  12
 Etot=         -28.6786367239
 C         -0.2016716913        1.2698473959       -0.0000854238
 C          1.2432623192        1.2057996178       -0.0002941954
 O          1.9947949100        2.1658841795        0.0000615877
 N          1.7596954750       -0.0816651448        0.0000125883
 C          1.0534668733       -1.2527659951       -0.0000894864
 O          1.5787170313       -2.3466150690        0.0001872413
 N         -0.3154739633       -1.0976166662       -0.0000622253
 C         -0.9127156273        0.1244762587       -0.0001164045
 Cl        -2.6304227476        0.1044340271       -0.0000909412
 H         -0.6614582632        2.2412215031        0.0000929621
 H          2.7722715942       -0.1697082930        0.0003746827
 H         -0.8764420714       -1.9437662463        0.0000605463
