----------------------------------------------- 
  Element       SASA      Sigma Z        Total  
     Z         Ang**2 cal/Ang**2/mol   kcal/mol 
----------------------------------------------- 
      H         61.658      48.690       3.002
      C         55.386     129.740       7.186
      O         16.381       0.000       0.000
      Cl        37.432       9.820       0.368

 Subtotal:     170.858                  10.555
 -----------------------------------------------

  Elements    COT*SASA   Sigma Z,Z'     Total   
    Z,Z'       Ang**2  cal/Ang**2/mol kcal/mol  
 ---------------------------------------------- 
  H   C         33.537     -60.770      -2.038
  H   O          8.667       0.000       0.000
  C   C         74.405     -72.950      -5.428
  O   C          4.421      68.690       0.304

 Subtotal:                              -7.162
 ---------------------------------------------- 

 NONAQUEOUS SOLVENT CONTRIBUTION (kcal/mol):
 (proportional to SASA, atomic number independent)
 ---------------------------------------------- 
 Subtotal:                               0.000
 ---------------------------------------------- 

 CDS TOTAL (kcal/mol):                   3.393
...............................................................................
