  16
 Etot=         -22.7567206966
 C          2.7510952811       -0.0280792150       -0.6921722320
 C          1.9213939286       -0.0106743238        0.5825111544
 C          0.4609821361        0.0060076630        0.2924885561
 C         -0.2389541462       -1.1731816287        0.1619365929
 N         -1.5608533411       -1.1925897162       -0.1016518070
 C         -2.1572333634        0.0089209217       -0.2299797313
 C         -1.4573157820        1.1884718144       -0.0984956227
 N         -0.1353978862        1.2075183009        0.1641606319
 H          3.8231961052       -0.0400117961       -0.4686404969
 H          2.5402090726        0.8622070322       -1.2927997414
 H          2.5248240284       -0.9092606429       -1.3021579789
 H          2.1876090360        0.8653648426        1.1856379201
 H          2.1661948960       -0.8871435643        1.1956238331
 H          0.2339235108       -2.1431002947        0.2612416923
 H         -3.2195643885       -0.0071372970       -0.4413843826
 H         -1.9369258127        2.1533300601       -0.2002639091
  16
 Etot=         -22.7590695918
 C          2.7458224398       -0.0240803466       -0.6959183952
 C          1.9289763393       -0.0053522477        0.5924269474
 C          0.4624597044        0.0080272313        0.3016202526
 C         -0.2534472131       -1.1727119313        0.1554036795
 N         -1.5584759337       -1.1876151233       -0.1096224133
 C         -2.1470218380        0.0011810116       -0.2337646739
 C         -1.4403444198        1.1816382575       -0.0982221301
 N         -0.1355888452        1.1954718501        0.1715465900
 H          3.8099218547       -0.0373558670       -0.4664462407
 H          2.5330375511        0.8607212410       -1.2944077839
 H          2.5120226371       -0.9060994817       -1.2924514371
 H          2.1864109384        0.8846983458        1.1727073481
 H          2.1683536768       -0.8888991363        1.1922703900
 H          0.2129312549       -2.1422158074        0.2587254414
 H         -3.2073076060       -0.0146446581       -0.4420408199
 H         -1.9145672661        2.1478788184       -0.1957722761
  16
 Etot=         -22.7594380567
 C          2.7421620533       -0.0246281678       -0.6986369806
 C          1.9349539897       -0.0022262706        0.6008721937
 C          0.4656056785        0.0072641397        0.3110123142
 C         -0.2593069752       -1.1748237252        0.1537923658
 N         -1.5548916224       -1.1829297655       -0.1152982114
 C         -2.1449805101       -0.0013654808       -0.2371555296
 C         -1.4338447809        1.1800345294       -0.0928767314
 N         -0.1378502161        1.1858803678        0.1811509270
 H          3.8041019169       -0.0362677085       -0.4721573026
 H          2.5218519650        0.8571735553       -1.2941781556
 H          2.5004824891       -0.9080342722       -1.2855521715
 H          2.1856600106        0.8961607666        1.1655515642
 H          2.1774995248       -0.8838683383        1.1962305607
 H          0.2082156170       -2.1442357816        0.2514805475
 H         -3.2032877434       -0.0153703355       -0.4522472716
 H         -1.9031881221        2.1478786437       -0.1959336400
  16
 Etot=         -22.7594684644
 C          2.7393631185       -0.0262874181       -0.6992398289
 C          1.9364578104       -0.0006350638        0.6041895712
 C          0.4673071039        0.0060851615        0.3155203352
 C         -0.2580213285       -1.1764112679        0.1528430870
 N         -1.5524449001       -1.1818888934       -0.1199885986
 C         -2.1448370823       -0.0007514250       -0.2417335563
 C         -1.4332204548        1.1806852119       -0.0923024021
 N         -0.1384327927        1.1836346262        0.1870940064
 H          3.8023115446       -0.0367749744       -0.4772085133
 H          2.5151910605        0.8539807143       -1.2956778886
 H          2.4947535973       -0.9115249466       -1.2819972187
 H          2.1866663971        0.9004078762        1.1637511664
 H          2.1824366144       -0.8793433296        1.2013282697
 H          0.2108436995       -2.1457228057        0.2495300736
 H         -3.2027132478       -0.0139535174       -0.4590080364
 H         -1.9024778654        2.1491422080       -0.1910459878
