  20
 Etot=         -22.4013358083
 C          1.8844285745       -0.0085454091       -0.2878627462
 C          1.1742290874       -1.2701522487        0.1964242252
 C         -0.3077246426       -1.2589329744       -0.1731055708
 C         -1.0026596592        0.0062964584        0.3415038004
 C         -0.2907588522        1.2686954421       -0.1566207293
 C          1.1914449313        1.2552573965        0.2130295962
 N         -2.3979555745        0.0183801434       -0.0923352171
 H          1.9073575094       -0.0019455674       -1.3837759299
 H          2.9256988164       -0.0177823695        0.0533980951
 H          1.6557089131       -2.1530532366       -0.2379178325
 H          1.2782751654       -1.3524963999        1.2856183560
 H         -0.4036662030       -1.3276747487       -1.2643877458
 H         -0.7897738222       -2.1518658517        0.2444210334
 H         -0.9891067132       -0.0008180156        1.4352243780
 H         -0.3861454153        1.3519033025       -1.2478804855
 H         -0.7604145808        2.1629855025        0.2720222273
 H          1.6840809741        2.1374118922       -0.2091601420
 H          1.2948881310        1.3216618706        1.3037994850
 H         -3.0598894785       -0.4905239352        0.4500808092
 H         -2.5994697034        0.3547373712       -1.0075542461
  20
 Etot=         -22.4069979843
 C          1.8857324281       -0.0111319020       -0.2951180722
 C          1.1765720340       -1.2669241368        0.2008975411
 C         -0.3030352636       -1.2440314928       -0.1772785930
 C         -1.0135390070        0.0175756092        0.3387186605
 C         -0.2836627128        1.2648054651       -0.1596459407
 C          1.1951002895        1.2473105690        0.2196392335
 N         -2.4112832653        0.0930637141       -0.0470010673
 H          1.8906092352       -0.0032982832       -1.3890612781
 H          2.9260441324       -0.0215964037        0.0408688032
 H          1.6544125387       -2.1517455297       -0.2287203547
 H          1.2719751866       -1.3350490197        1.2890150569
 H         -0.4056050330       -1.2893425810       -1.2659323546
 H         -0.7990453889       -2.1277440073        0.2354444775
 H         -0.9821300014        0.0076046547        1.4340790757
 H         -0.3837663581        1.3258489581       -1.2480314089
 H         -0.7626250065        2.1505578777        0.2661549763
 H          1.6863480342        2.1307512318       -0.1962747458
 H          1.2911393051        1.2971579548        1.3086878256
 H         -3.0389285104       -0.5328857265        0.4276730722
 H         -2.5857651789        0.2926116709       -1.0191935465
  20
 Etot=         -22.3504990566
 C          1.8888019390       -0.0175785048       -0.3122369202
 C          1.1814284769       -1.2602718057        0.2119182009
 C         -0.2910954343       -1.2172991735       -0.1941634880
 C         -1.0500850658        0.0470262806        0.3211318386
 C         -0.2620302572        1.2543935954       -0.1689622900
 C          1.2049684406        1.2288973116        0.2372191411
 N         -2.4593034418        0.4089657543        0.1347815569
 H          1.8454625533       -0.0057574805       -1.3970488623
 H          2.9210166315       -0.0293152386        0.0170095324
 H          1.6486473339       -2.1461139682       -0.2082972236
 H          1.2490074727       -1.2895845098        1.2932286182
 H         -0.4128632238       -1.2029647544       -1.2712151790
 H         -0.8216730619       -2.0712270580        0.2149727208
 H         -0.9559709143        0.0192986451        1.4245326676
 H         -0.3800627197        1.2542046621       -1.2440621517
 H         -0.7722237783        2.1065389028        0.2540010353
 H          1.6848197793        2.1129546265       -0.1716573510
 H          1.2778771485        1.2406273650        1.3163175128
 H         -2.9584685580       -0.6797390456        0.3264060520
 H         -2.5297058626        0.0904830185       -1.0489540502
  20
 Etot=         -22.4085311321
 C          1.8857675753       -0.0153874841       -0.3088657738
 C          1.1712017400       -1.2550717689        0.2091588677
 C         -0.3040415576       -1.2109520411       -0.1890353722
 C         -1.0247428265        0.0448172328        0.3445405629
 C         -0.2673688493        1.2575838065       -0.1673819443
 C          1.2020182626        1.2323509449        0.2323363650
 N         -2.4206538871        0.1979670275        0.0249690824
 H          1.8500679781       -0.0052637782       -1.3996899870
 H          2.9263322236       -0.0293855605        0.0138076399
 H          1.6449485103       -2.1469392327       -0.2044250431
 H          1.2487938364       -1.2901175048        1.2969821912
 H         -0.4102029003       -1.2066231651       -1.2755463184
 H         -0.8236797375       -2.0807018411        0.2113192575
 H         -0.9554517123        0.0230506872        1.4395551930
 H         -0.3748217834        1.2632287930       -1.2526851662
 H         -0.7702705905        2.1261073249        0.2481209259
 H          1.6904870195        2.1197231820       -0.1679092091
 H          1.2790241281        1.2437999695        1.3203258831
 H         -2.9858404099       -0.6056825831        0.3803567923
 H         -2.5530195616        0.1810346141       -1.0210125861
  20
 Etot=         -22.4088912138
 C          1.8820262905       -0.0076291522       -0.2924085889
 C          1.1758210357       -1.2677183322        0.2061254468
 C         -0.2971144956       -1.2806436127       -0.1960020053
 C         -1.0136712527       -0.0012120126        0.3147127318
 C         -0.2830061624        1.2576118192       -0.1736568805
 C          1.1873625769        1.2515298825        0.2212195119
 N         -2.4144476268        0.2145598316        0.0254407452
 H          1.8772179544       -0.0006296814       -1.3791782889
 H          2.9168234787       -0.0105329486        0.0441580668
 H          1.6596512752       -2.1516426129       -0.2071980850
 H          1.2513767880       -1.3150443001        1.2898630158
 H         -0.3844799832       -1.3138073704       -1.2786137237
 H         -0.7888989183       -2.1620909217        0.2168289293
 H         -0.9630761632       -0.0235181324        1.4153262545
 H         -0.3737579298        1.2993693395       -1.2543404610
 H         -0.7800600661        2.1321511758        0.2379680539
 H          1.6687789499        2.1368572989       -0.1920355107
 H          1.2655923860        1.2969821148        1.3026012638
 H         -2.9992631427       -0.5291834074        0.3800471940
 H         -2.5783275367        0.3181296450       -0.9459363092
  20
 Etot=         -22.4106460509
 C          1.8788213425       -0.0121476953       -0.3090940628
 C          1.1659317676       -1.2545703639        0.2129185185
 C         -0.3036255180       -1.2231221413       -0.1974086398
 C         -1.0137052104        0.0304041582        0.3424956453
 C         -0.2715621603        1.2606474199       -0.1765657198
 C          1.1972206107        1.2394080950        0.2347066727
 N         -2.4140240126        0.1398493487        0.0125586675
 H          1.8457491073       -0.0023486973       -1.4004991601
 H          2.9237123226       -0.0313885532        0.0022685594
 H          1.6435607053       -2.1525023166       -0.1827508590
 H          1.2319125670       -1.2812154649        1.3028667533
 H         -0.3935079305       -1.2117316556       -1.2860958549
 H         -0.8226444078       -2.1043241696        0.1823605298
 H         -0.9480105487        0.0198325861        1.4400564360
 H         -0.3538432209        1.2673792802       -1.2651924017
 H         -0.7700463491        2.1473494373        0.2128704534
 H          1.6992087788        2.1306651398       -0.1448512523
 H          1.2683341412        1.2431026483        1.3242558812
 H         -2.9823349512       -0.5784105102        0.4086749395
 H         -2.5725995756        0.2166620770       -0.9786537456
  20
 Etot=         -22.4110723440
 C          1.8810367618       -0.0130725867       -0.3028974422
 C          1.1640036130       -1.2565280895        0.2106808743
 C         -0.3065098213       -1.2262823627       -0.1990948641
 C         -1.0147478888        0.0330447156        0.3413499031
 C         -0.2706942951        1.2616092052       -0.1770954397
 C          1.1975919046        1.2408683891        0.2313493288
 N         -2.4173219922        0.1682625097        0.0269300635
 H          1.8531346505       -0.0038882377       -1.3936924739
 H          2.9235982648       -0.0299575001        0.0155132488
 H          1.6440893758       -2.1515541725       -0.1881063889
 H          1.2311067717       -1.2880183179        1.2993662549
 H         -0.3944336881       -1.2277585803       -1.2869561135
 H         -0.8196265498       -2.1085688622        0.1861611669
 H         -0.9413817564        0.0139025255        1.4385757412
 H         -0.3573414189        1.2726718623       -1.2647973778
 H         -0.7700822500        2.1438931915        0.2185922326
 H          1.6945473620        2.1291979456       -0.1591066020
 H          1.2689197990        1.2565481940        1.3194480039
 H         -2.9821483187       -0.6015770258        0.4002046313
 H         -2.5751930661        0.2307458195       -0.9815033865
  20
 Etot=         -22.4112412832
 C          1.8797957898       -0.0120383254       -0.3014121032
 C          1.1631182257       -1.2574415925        0.2101957927
 C         -0.3063737699       -1.2325549692       -0.2016912947
 C         -1.0117493221        0.0288515279        0.3376696597
 C         -0.2721953847        1.2628806744       -0.1791501401
 C          1.1954597595        1.2423947935        0.2323435504
 N         -2.4162268721        0.1672962121        0.0298448009
 H          1.8536283906       -0.0017910150       -1.3919047318
 H          2.9224706615       -0.0286901620        0.0162773764
 H          1.6435850014       -2.1525282567       -0.1871482539
 H          1.2285403147       -1.2892751067        1.2986411032
 H         -0.3901181169       -1.2310655573       -1.2898997436
 H         -0.8192930739       -2.1171976690        0.1795761100
 H         -0.9391516153        0.0129806826        1.4350714392
 H         -0.3538932495        1.2757563225       -1.2666291070
 H         -0.7705099040        2.1478622740        0.2126040985
 H          1.6939620659        2.1317348866       -0.1542123045
 H          1.2644370449        1.2571439965        1.3203432322
 H         -2.9810119766       -0.5825902652        0.4124645966
 H         -2.5759265109        0.2218101714       -0.9780627202
  20
 Etot=         -22.4113386044
 C          1.8778254774       -0.0128818813       -0.3016424949
 C          1.1596138442       -1.2563285305        0.2138052430
 C         -0.3072124767       -1.2298342183       -0.2054372988
 C         -1.0083707114        0.0294848121        0.3370276429
 C         -0.2720219294        1.2651005902       -0.1837174358
 C          1.1949834595        1.2427454956        0.2327556590
 N         -2.4160579401        0.1561110678        0.0341763948
 H          1.8498788057       -0.0040553637       -1.3924694871
 H          2.9218997553       -0.0318032922        0.0119095085
 H          1.6395705122       -2.1552536108       -0.1756926110
 H          1.2195105850       -1.2823641779        1.3033338500
 H         -0.3851099395       -1.2184994347       -1.2947905095
 H         -0.8251400130       -2.1162557705        0.1665112122
 H         -0.9331711004        0.0165792995        1.4340371239
 H         -0.3463562234        1.2727314279       -1.2722066539
 H         -0.7691319359        2.1559294180        0.1977875929
 H          1.6989361612        2.1323919460       -0.1470623645
 H          1.2604695372        1.2533667611        1.3214156611
 H         -2.9680964732       -0.6054349222        0.4119504399
 H         -2.5834719367        0.2318090067       -0.9567701120
  20
 Etot=         -22.4115342992
 C          1.8772638424       -0.0130877260       -0.2991017151
 C          1.1563260637       -1.2566891067        0.2126576348
 C         -0.3099728767       -1.2281889675       -0.2086278976
 C         -1.0068526214        0.0312300707        0.3381778348
 C         -0.2715720609        1.2660179458       -0.1859926990
 C          1.1947439348        1.2438673329        0.2327334462
 N         -2.4173141637        0.1588543484        0.0407667597
 H          1.8523161216       -0.0036809808       -1.3901109335
 H          2.9208392041       -0.0328485575        0.0165000548
 H          1.6372183765       -2.1555091910       -0.1760782727
 H          1.2145068241       -1.2843491742        1.3021548581
 H         -0.3838990235       -1.2176750561       -1.2983630919
 H         -0.8275702523       -2.1163851978        0.1599610358
 H         -0.9263867353        0.0180567246        1.4346989261
 H         -0.3442401180        1.2743437443       -1.2747885854
 H         -0.7687131187        2.1572694910        0.1943950888
 H          1.6999194192        2.1329362333       -0.1468995336
 H          1.2580387411        1.2563593873        1.3216322590
 H         -2.9623878865       -0.6072705246        0.4175591943
 H         -2.5837162127        0.2202878264       -0.9563530030
  20
 Etot=         -22.4118763372
 C          1.8753464865       -0.0146441738       -0.2920521033
 C          1.1449289723       -1.2572186757        0.2103147313
 C         -0.3203287763       -1.2206507774       -0.2150084545
 C         -1.0023086060        0.0394556317        0.3424019076
 C         -0.2706490682        1.2723859026       -0.1901451728
 C          1.1949677147        1.2475082143        0.2310677758
 N         -2.4212057857        0.1609674214        0.0572770319
 H          1.8607831346       -0.0047841115       -1.3840103017
 H          2.9173740129       -0.0387827504        0.0305620804
 H          1.6258055965       -2.1563720649       -0.1783149851
 H          1.1996622340       -1.2909551612        1.2999727660
 H         -0.3848100408       -1.2101048464       -1.3058957580
 H         -0.8387896224       -2.1130754653        0.1440746958
 H         -0.9087860258        0.0250479586        1.4366372763
 H         -0.3400147417        1.2815275814       -1.2798740297
 H         -0.7659102808        2.1666045094        0.1866197134
 H          1.7049864639        2.1328459342       -0.1509966594
 H          1.2553378855        1.2675478563        1.3205513477
 H         -2.9361509225       -0.6342371804        0.4220048046
 H         -2.5816911726        0.1904728196       -0.9502653056
  20
 Etot=         -22.4119907541
 C          1.8740825390       -0.0154686276       -0.2904618357
 C          1.1411719754       -1.2578101575        0.2089455171
 C         -0.3248251482       -1.2171613938       -0.2133380166
 C         -1.0016546620        0.0435354151        0.3459456864
 C         -0.2710516602        1.2761877321       -0.1883025327
 C          1.1957250914        1.2493972544        0.2291583425
 N         -2.4225534855        0.1570157894        0.0568691421
 H          1.8646908862       -0.0062289172       -1.3828461323
 H          2.9152380485       -0.0415090349        0.0358645869
 H          1.6195518961       -2.1569376065       -0.1835358795
 H          1.1980850129       -1.2961569793        1.2986408012
 H         -0.3899336780       -1.2084553947       -1.3044646671
 H         -0.8433380057       -2.1094501782        0.1464546837
 H         -0.9084187990        0.0291409180        1.4394378876
 H         -0.3424879098        1.2880432196       -1.2782362989
 H         -0.7630787652        2.1716779922        0.1904014918
 H          1.7069037985        2.1323960806       -0.1572607324
 H          1.2591969866        1.2741230730        1.3187379850
 H         -2.9237943372       -0.6507633870        0.4135658967
 H         -2.5749623260        0.1819628248       -0.9506545650
  20
 Etot=         -22.4121072163
 C          1.8727990857       -0.0163557687       -0.2917461260
 C          1.1393433326       -1.2584387219        0.2068800277
 C         -0.3296536234       -1.2145834331       -0.2040864396
 C         -1.0032018143        0.0484611580        0.3517307236
 C         -0.2727143581        1.2819290289       -0.1798669609
 C          1.1975344051        1.2510230196        0.2260422348
 N         -2.4240148903        0.1500061901        0.0453741983
 H          1.8678287356       -0.0082019663       -1.3845302685
 H          2.9132649467       -0.0439639944        0.0379688634
 H          1.6118047791       -2.1567750197       -0.1959266944
 H          1.2051233717       -1.3048502472        1.2964208622
 H         -0.4030202110       -1.2112508743       -1.2952628167
 H         -0.8470084346       -2.1043706177        0.1644825741
 H         -0.9196824720        0.0349282791        1.4452095149
 H         -0.3519801003        1.3007163108       -1.2696878262
 H         -0.7582451900        2.1782523586        0.2069911082
 H          1.7079402466        2.1309827935       -0.1694126702
 H          1.2707072984        1.2820171741        1.3154980263
 H         -2.9112171135       -0.6704918602        0.3901499217
 H         -2.5570605359        0.1745048136       -0.9613068918
  20
 Etot=         -22.4121379654
 C          1.8719623403       -0.0163116310       -0.2953808417
 C          1.1411039897       -1.2584611845        0.2062862946
 C         -0.3299786894       -1.2153308437       -0.1964978238
 C         -1.0053451521        0.0494258970        0.3544641585
 C         -0.2734580190        1.2835184632       -0.1735778606
 C          1.1987434792        1.2508085546        0.2254808687
 N         -2.4242452703        0.1485534874        0.0348820606
 H          1.8638852275       -0.0082979057       -1.3880694711
 H          2.9132911697       -0.0436398822        0.0316160120
 H          1.6103914647       -2.1565810196       -0.2012649949
 H          1.2133950840       -1.3067901078        1.2955264048
 H         -0.4102295168       -1.2165466472       -1.2874702896
 H         -0.8456266988       -2.1031414193        0.1798070306
 H         -0.9313727665        0.0371361135        1.4489528277
 H         -0.3577571778        1.3070876494       -1.2630530077
 H         -0.7557857208        2.1792720833        0.2191853546
 H          1.7072771221        2.1308387244       -0.1727064143
 H          1.2776212791        1.2816025377        1.3146958618
 H         -2.9107065492       -0.6738320796        0.3746745094
 H         -2.5446181376        0.1742278326       -0.9726293187
