    -22.412170229901    -22.412170229901         0.59153E-04
    -22.410492653007    -22.410492653007         0.12572E-03
    -22.412171282415    -22.412171282415         0.97326E-04
    -22.409728827954    -22.409728827954         0.75760E-04
    -22.409728810598    -22.409728810598         0.63063E-04
    -22.410492598483    -22.410492598483         0.15457E-03
    -22.409731396028    -22.409731396028         0.43439E-04
    -22.409029083236    -22.409029083236         0.10570E-03
    -22.403874348218    -22.403874348218         0.37950E-04
    -22.403874387796    -22.403874387796         0.45327E-04
    -22.403871186079    -22.403871186079         0.31543E-04
    -22.403850591013    -22.403850591013         0.52026E-04
    -22.403851185951    -22.403851185951         0.55427E-04
    -22.403851205566    -22.403851205566         0.21085E-04
    -22.403870701263    -22.403870701263         0.11382E-03
    -22.403802887731    -22.403802887731         0.45993E-04
    -22.403802909982    -22.403802909982         0.44849E-04
    -22.403800402739    -22.403800402739         0.47044E-04
    -22.403650425697    -22.403650425697         0.99391E-04
    -22.403651739941    -22.403651739941         0.39950E-04
    -22.403650435178    -22.403650435178         0.24737E-04
    -22.403651631662    -22.403651631662         0.11886E-03
