  9
 Etot=         -10.5781751360
 C         -1.6803699148        0.3797961173       -0.0327448102
 C         -0.5892661858       -0.6707268568        0.0542904328
 S          1.0489088729        0.1017555658       -0.0419508471
 H         -2.6773827349       -0.0698251274        0.0229792680
 H         -1.5875348761        1.1233459888        0.7655015453
 H         -1.6104585863        0.9101559334       -0.9885339457
 H         -0.6891256136       -1.3896032706       -0.7650005999
 H         -0.6660988115       -1.2179810201        0.9984745401
 H          0.9077684241        0.8736052173        1.0443868026
  9
 Etot=         -10.5790775521
 C         -1.6957444799        0.3892178981       -0.0393917104
 C         -0.6027065597       -0.6575809092        0.0692925802
 S          1.0604956718        0.0737926012       -0.0435694619
 H         -2.6766497291       -0.0813062982        0.0170205677
 H         -1.6119288348        1.1165807620        0.7672329686
 H         -1.6204559696        0.9212404982       -0.9884925601
 H         -0.6583109444       -1.3658554608       -0.7589996120
 H         -0.6632166545       -1.2130838424        1.0074335811
 H          0.9249580744        0.8575172990        1.0268760327
  9
 Etot=         -10.5792151158
 C         -1.7023994366        0.3915279637       -0.0410725038
 C         -0.6115530462       -0.6553510944        0.0710432094
 S          1.0638467194        0.0685334069       -0.0406785338
 H         -2.6752993733       -0.0906406539        0.0087561168
 H         -1.6274634591        1.1107957412        0.7712081814
 H         -1.6209724985        0.9245949666       -0.9853963434
 H         -0.6543262073       -1.3622052362       -0.7580474788
 H         -0.6693553874       -1.2063778453        1.0094464931
 H          0.9539632632        0.8596452992        1.0221432448
  9
 Etot=         -10.5792354851
 C         -1.7039692321        0.3914211387       -0.0410438344
 C         -0.6128813429       -0.6546618853        0.0721011600
 S          1.0666601711        0.0696116136       -0.0440768435
 H         -2.6759363958       -0.0935043274        0.0013918153
 H         -1.6354538560        1.1077856915        0.7742793998
 H         -1.6189837747        0.9275978124       -0.9827539312
 H         -0.6554474137       -1.3625198707       -0.7552107535
 H         -0.6695828703       -1.2014417577        1.0123640173
 H          0.9620352882        0.8562341327        1.0203513562
