  12
 Etot=         -28.0335167735
 C         -0.3066176980       -1.3605373055        0.0002816601
 C          1.0252016022       -0.9458346634        0.0005463016
 C          1.3309963267        0.4150531050        0.0002848992
 C          0.3062938268        1.3609250671        0.0001513395
 C         -1.0257638140        0.9452516547       -0.0000850363
 C         -1.3315585385       -0.4156361137        0.0001763661
 Cl        -2.9746790738       -0.9279990779       -0.0001388940
 Cl         0.6836911697        3.0400486992       -0.0001203503
 Cl         2.2915352951       -2.1117554752       -0.0002530859
 H         -0.5455766143       -2.4226046150        0.0010980888
 H          2.3697954519        0.7389363496        0.0004311090
 H         -1.8262145234        1.6825958636        0.0003386625
  12
 Etot=         -28.0345626856
 C         -0.3060851039       -1.3596292892        0.0003947312
 C          1.0152980315       -0.9365794597        0.0002954723
 C          1.3298962313        0.4147533852        0.0002176860
 C          0.3029673849        1.3475738631        0.0002108743
 C         -1.0248391627        0.9444893744        0.0001915030
 C         -1.3187241870       -0.4114880741        0.0003610366
 Cl        -2.9620150978       -0.9238164653        0.0001287065
 Cl         0.6805126692        3.0267938818        0.0000447584
 Cl         2.2812321651       -2.1029237743        0.0002114528
 H         -0.5431258526       -2.4138831373        0.0005550142
 H          2.3613344362        0.7364690752        0.0001904513
 H         -1.8193481039        1.6766841087       -0.0000906261
  12
 Etot=         -28.0347256031
 C         -0.3065372776       -1.3622442450        0.0002907171
 C          1.0106473496       -0.9321524295        0.0002887062
 C          1.3324415801        0.4156095711        0.0001701272
 C          0.3014136627        1.3413308269        0.0000597734
 C         -1.0266990298        0.9462102214        0.0000714271
 C         -1.3127594650       -0.4095734058        0.0001306559
 Cl        -2.9581821138       -0.9227010797        0.0002751973
 Cl         0.6796723441        3.0227685353        0.0000344476
 Cl         2.2778920132       -2.1003135875        0.0005032630
 H         -0.5427528866       -2.4129228859        0.0004353181
 H          2.3605086267        0.7363610338        0.0001917338
 H         -1.8185413931        1.6760709333        0.0002596938
  12
 Etot=         -28.0347449852
 C         -0.3068417324       -1.3635978724        0.0003269164
 C          1.0099746104       -0.9314834868        0.0002892180
 C          1.3338126095        0.4160567563        0.0002017679
 C          0.3012010002        1.3404381106        0.0001524061
 C         -1.0277205182        0.9471347024        0.0001984135
 C         -1.3119173909       -0.4093147633        0.0002876865
 Cl        -2.9591707299       -0.9231054740        0.0002908379
 Cl         0.6799783514        3.0238102577        0.0000332084
 Cl         2.2785738007       -2.1010584818        0.0004580283
 H         -0.5430123593       -2.4140012548        0.0003301610
 H          2.3615953678        0.7367431411        0.0001461551
 H         -1.8193695990        1.6768218535       -0.0000037386
