  16
 Etot=         -19.8773611524
 C          2.1225411094        0.0206285767       -0.2077184452
 C          0.7363630489        0.0796059569        0.4044131202
 H          0.8167166057        0.1447671370        1.4957803025
 C         -0.1126382866        1.2212351035       -0.1295837186
 C         -1.5054937598        0.6873841805        0.0920980868
 C         -1.3341426508       -0.7815030276       -0.2319314909
 O          0.0181050977       -1.1288004276        0.1028214668
 H          2.0596001176       -0.0457826387       -1.2979720772
 H          2.6960210252        0.9153161887        0.0514839140
 H          2.6670301110       -0.8556134492        0.1593205706
 H          0.0778215527        2.1677451163        0.3829900276
 H          0.0575826189        1.3705398260       -1.2021409167
 H         -1.7866990111        0.8082795418        1.1451517029
 H         -2.2660439908        1.1742833921       -0.5232566920
 H         -2.0270943247       -1.4178014400        0.3254483689
 H         -1.4697095174       -0.9691304940       -1.3023583023
  16
 Etot=         -19.8783043224
 C          2.1322579018        0.0140695539       -0.2125923398
 C          0.7442138289        0.0878290825        0.3996765395
 H          0.8299953216        0.1574281112        1.4942871783
 C         -0.1166262409        1.2327468640       -0.1259895547
 C         -1.5215746567        0.6948739205        0.0960873895
 C         -1.3375396791       -0.7804126360       -0.2363642499
 O          0.0116374330       -1.1119499507        0.1039033359
 H          2.0610160641       -0.0602143064       -1.2964902991
 H          2.6984654320        0.9064022929        0.0472719759
 H          2.6616632205       -0.8620265305        0.1582224509
 H          0.0802615785        2.1691239974        0.3935185772
 H          0.0743561879        1.3754478956       -1.1927882578
 H         -1.8087909336        0.8102209765        1.1447731489
 H         -2.2787802418        1.1677596320       -0.5271756307
 H         -2.0071963167       -1.4369269174        0.3259943614
 H         -1.4733991537       -0.9732184429       -1.3077887082
  16
 Etot=         -19.8784523192
 C          2.1322462751        0.0113535223       -0.2183327142
 C          0.7460872417        0.0882807425        0.4020553709
 H          0.8397379278        0.1589048587        1.4984372411
 C         -0.1165367583        1.2400467213       -0.1210119749
 C         -1.5257793563        0.6976633679        0.0940791725
 C         -1.3332930950       -0.7824531068       -0.2356771060
 O          0.0110860195       -1.1098031444        0.1112075377
 H          2.0543432976       -0.0686551977       -1.2993528835
 H          2.6960527123        0.9028158716        0.0388062929
 H          2.6538377501       -0.8642652405        0.1560294346
 H          0.0753622356        2.1702135146        0.4069943686
 H          0.0760028715        1.3842892399       -1.1853621037
 H         -1.8186080424        0.8148112436        1.1382967891
 H         -2.2736522597        1.1653633555       -0.5406871928
 H         -1.9971928953       -1.4438733489        0.3270484084
 H         -1.4697341784       -0.9735388571       -1.3079847234
  16
 Etot=         -19.8784856338
 C          2.1314022326        0.0100109935       -0.2222704465
 C          0.7471267380        0.0881636586        0.4048781161
 H          0.8465983423        0.1609923767        1.5008943366
 C         -0.1164847499        1.2419819957       -0.1161121898
 C         -1.5274761546        0.6977791650        0.0915677254
 C         -1.3304782373       -0.7838247183       -0.2341122714
 O          0.0106207313       -1.1093153328        0.1200427030
 H          2.0475099660       -0.0736862038       -1.3024472579
 H          2.6963750929        0.9020294144        0.0292256050
 H          2.6531660610       -0.8649446547        0.1529823917
 H          0.0715362634        2.1683431532        0.4188777654
 H          0.0782876216        1.3912975727       -1.1787773443
 H         -1.8274683748        0.8167982385        1.1327790809
 H         -2.2690028603        1.1627432670       -0.5519434000
 H         -1.9979196674       -1.4432164715        0.3260786817
 H         -1.4638332589       -0.9739989115       -1.3071175787
