  12
 Etot=         -19.4630585283
 C         -3.0497706463        0.0000984685       -0.0000246328
 C         -2.3527173142       -1.2081389376        0.0001262550
 C         -0.9578962950       -1.2076112211       -0.0000877851
 C         -0.2601438062       -0.0002047181       -0.0000603842
 C         -0.9581965526        1.2080520213       -0.0001830380
 C         -2.3530175719        1.2075243048        0.0000310022
 Br         1.6289694612        0.0000317506        0.0000231847
 H         -4.1363894641       -0.0000498124        0.0006983975
 H         -2.8952340334       -2.1487596753       -0.0003607589
 H         -0.4289531178       -2.1572122113       -0.0003613574
 H         -0.4305033428        2.1583812897        0.0002145237
 H         -2.8961356290        2.1484609031        0.0003375890
  12
 Etot=         -19.4642438378
 C         -3.0446166595       -0.0001177108        0.0002235301
 C         -2.3509718341       -1.2008003235       -0.0001314316
 C         -0.9655108481       -1.2045902026       -0.0002998312
 C         -0.2804971368        0.0001418700       -0.0000818187
 C         -0.9656898565        1.2050387285        0.0001838904
 C         -2.3511642929        1.2003842583        0.0003424628
 Br         1.6236707914        0.0004570510       -0.0000557754
 H         -4.1247538644       -0.0003585454        0.0003216779
 H         -2.8866460765       -2.1379639447       -0.0000712869
 H         -0.4278749660       -2.1426485699       -0.0003149211
 H         -0.4287653246        2.1434533501        0.0000328232
 H         -2.8871682444        2.1375762013        0.0002036760
  12
 Etot=         -19.4644270665
 C         -3.0445235057       -0.0001909331        0.0000595315
 C         -2.3518249118       -1.1991348974        0.0000463349
 C         -0.9682578015       -1.2060645409        0.0000208692
 C         -0.2919352101        0.0002999132       -0.0000192071
 C         -0.9685515548        1.2064480835       -0.0000676301
 C         -2.3521341494        1.1989322300       -0.0000208169
 Br         1.6259095524        0.0004779429       -0.0002690158
 H         -4.1223494776       -0.0004139600        0.0002132671
 H         -2.8846492137       -2.1359186107       -0.0001278074
 H         -0.4228761393       -2.1369714393       -0.0003000218
 H         -0.4235678955        2.1375500920        0.0002649581
 H         -2.8852280054        2.1355582822        0.0005525339
  12
 Etot=         -19.4644531471
 C         -3.0450392849       -0.0001891446        0.0002646122
 C         -2.3527009516       -1.1996391424       -0.0001188207
 C         -0.9683914470       -1.2077313803       -0.0003095812
 C         -0.2954842714        0.0002847993       -0.0001308747
 C         -0.9687548982        1.2080325230        0.0003497900
 C         -2.3530765063        1.1995040695        0.0005104082
 Br         1.6287003617        0.0005335879       -0.0001776442
 H         -4.1229276225       -0.0003711204        0.0002068508
 H         -2.8856018929       -2.1367890857       -0.0000667438
 H         -0.4199015514       -2.1364040391       -0.0002714213
 H         -0.4205578933        2.1368724537        0.0000483705
 H         -2.8862523544        2.1364686415        0.0000480497
