  6
 Etot=         -22.4532621821
 C          0.6717470607       -0.0009390564       -0.0000680752
 C         -0.6717470607        0.0009390564        0.0000680752
 Cl        -1.6034995696        1.4662353598       -0.0000048237
 Cl        -1.6083625860       -1.4619349480       -0.0000048231
 Cl         1.6034995696       -1.4662353598        0.0000048237
 Cl         1.6083625860        1.4619349480        0.0000048231
  6
 Etot=         -22.4541914378
 C          0.6666135202       -0.0010193957        0.0000366916
 C         -0.6666135203        0.0010193935        0.0000056835
 Cl        -1.5844796474        1.4611534284        0.0000020505
 Cl        -1.5890336685       -1.4566749243        0.0000019732
 Cl         1.5844796467       -1.4611534303       -0.0000231657
 Cl         1.5890336692        1.4566749284       -0.0000232331
  6
 Etot=         -22.4544518443
 C          0.6669337017       -0.0010633186       -0.0001025755
 C         -0.6669336968        0.0010633148       -0.0000353660
 Cl        -1.5760309846        1.4539638013        0.0000366763
 Cl        -1.5803353623       -1.4493208653        0.0000370290
 Cl         1.5760309830       -1.4539637815        0.0000319367
 Cl         1.5803353591        1.4493208493        0.0000322995
  6
 Etot=         -22.4544696394
 C          0.6683872257       -0.0010456899        0.0001655918
 C         -0.6683870904        0.0010456871        0.0000749319
 Cl        -1.5752014326        1.4535903103       -0.0000409301
 Cl        -1.5794968687       -1.4489343833       -0.0000415129
 Cl         1.5752013664       -1.4535900164       -0.0000787551
 Cl         1.5794967995        1.4489340923       -0.0000793255
