  15
 Etot=         -26.1547625082
 C         -0.5194156321       -1.8032369235       -0.0001750276
 C          0.7347807247       -1.1927361557        0.0009700863
 C          0.8321866854        0.1986796597        0.0012979201
 C         -0.3232497564        0.9794840200        0.0008737762
 C         -1.5775355865        0.3679876520       -0.0002435039
 C         -1.6749415472       -1.0234281634       -0.0005713377
 O         -2.7050840359        1.1292158955       -0.0004791496
 C          2.1395522181        0.8364747931       -0.0000179254
 O          3.1981224043        0.2019343297       -0.0012673983
 H         -0.5946899827       -2.8872764704       -0.0003566775
 H          1.6296445182       -1.8095073348        0.0012920890
 H         -0.2532072609        2.0650158643        0.0016884662
 H         -2.6495180263       -1.5053362987       -0.0000858532
 H         -3.4941081469        0.5632987495       -0.0013371027
 H          2.1665784282        1.9479779861        0.0010938181
  15
 Etot=         -26.1562579954
 C         -0.5157897046       -1.8032375574        0.0001573902
 C          0.7299628662       -1.2004995404        0.0006667813
 C          0.8275054932        0.1915185632        0.0011924771
 C         -0.3281306251        0.9730307417        0.0010066479
 C         -1.5766922303        0.3638793854        0.0002524397
 C         -1.6654542015       -1.0283499715       -0.0000864686
 O         -2.6888014274        1.1410129778       -0.0003751787
 C          2.1369861082        0.8266229365        0.0012513956
 O          3.1968875925        0.2214826114       -0.0011876244
 H         -0.5922979947       -2.8802451617       -0.0002583489
 H          1.6283539704       -1.8009079127        0.0009622113
 H         -0.2629665033        2.0518779947        0.0012879314
 H         -2.6345194737       -1.5080548123       -0.0011052918
 H         -3.4871667875        0.5893567343       -0.0011529326
 H          2.1412379215        1.9310606143        0.0000707504
  15
 Etot=         -26.1565145559
 C         -0.5150889664       -1.8064360921        0.0002531168
 C          0.7285439253       -1.2077975795        0.0003962573
 C          0.8264570091        0.1855771796       -0.0005265302
 C         -0.3287837586        0.9669709798       -0.0002915362
 C         -1.5769200723        0.3594118138       -0.0002784635
 C         -1.6630067077       -1.0332883892       -0.0002254026
 O         -2.6762348127        1.1497386606       -0.0002385814
 C          2.1372232303        0.8219403630       -0.0029333510
 O          3.2022104215        0.2373927742        0.0008300651
 H         -0.5946570220       -2.8810377188        0.0004544466
 H          1.6333090783       -1.7945425901        0.0003284538
 H         -0.2665738590        2.0431733969       -0.0001661373
 H         -2.6309669957       -1.5106799358        0.0002229740
 H         -3.4843008107        0.6124275450       -0.0002261276
 H          2.1179043447        1.9256971959        0.0050829960
  15
 Etot=         -26.1565044177
 C         -0.5153789383       -1.8092482388       -0.0006435598
 C          0.7287280590       -1.2123853248        0.0004239167
 C          0.8271603116        0.1819104484        0.0034120515
 C         -0.3272105777        0.9632616751        0.0023342276
 C         -1.5768352408        0.3568374327        0.0005429315
 C         -1.6633423615       -1.0356697752       -0.0005703119
 O         -2.6698527681        1.1536555422       -0.0000399774
 C          2.1371977616        0.8215805438        0.0103656743
 O          3.2064453668        0.2469198872       -0.0022372238
 H         -0.5975081665       -2.8838647116       -0.0012729416
 H          1.6370362470       -1.7934113811        0.0010817230
 H         -0.2662532786        2.0394095099        0.0028797306
 H         -2.6318443483       -1.5119976722       -0.0022083335
 H         -3.4837522348        0.6252050767       -0.0014533318
 H          2.1045251728        1.9263445910       -0.0099323957
  15
 Etot=         -26.1565573610
 C         -0.5156242777       -1.8101243565        0.0001277436
 C          0.7291582229       -1.2134792986        0.0002610542
 C          0.8278496279        0.1810533103        0.0003379378
 C         -0.3260438875        0.9624146607        0.0002717493
 C         -1.5766767154        0.3563434692        0.0000564239
 C         -1.6640123552       -1.0358602174        0.0000079127
 O         -2.6689247611        1.1538947578       -0.0001992556
 C          2.1369532831        0.8226034655        0.0004033222
 O          3.2074722471        0.2490885705        0.0003054107
 H         -0.5986105429       -2.8852703323       -0.0000179015
 H          1.6378906734       -1.7945262055        0.0003942485
 H         -0.2652566006        2.0391487670        0.0002964691
 H         -2.6329940072       -1.5122276292       -0.0006049580
 H         -3.4841156302        0.6276099295       -0.0003761495
 H          2.1020497273        1.9278787124        0.0014181724
  15
 Etot=         -26.1565596106
 C         -0.5154511202       -1.8101278125       -0.0000940641
 C          0.7293928340       -1.2136879964        0.0002979798
 C          0.8282765915        0.1809009879        0.0003940090
 C         -0.3253276072        0.9622349510        0.0002377922
 C         -1.5765157367        0.3563198004       -0.0001378264
 C         -1.6641626637       -1.0354749623       -0.0003451450
 O         -2.6690596582        1.1533028725       -0.0001442643
 C          2.1364806736        0.8236712240        0.0005839086
 O          3.2068862820        0.2494290536        0.0004985192
 H         -0.5987757751       -2.8854902999       -0.0000710798
 H          1.6373729985       -1.7962562782        0.0003709331
 H         -0.2649167800        2.0393288960        0.0004041613
 H         -2.6330356321       -1.5125228571       -0.0000852841
 H         -3.4846598229        0.6280675199       -0.0003840914
 H          2.1026104205        1.9288525044        0.0011566318
