  16
 Etot=         -17.8752600365
 C          2.1343174068        1.0004469075       -0.2382233940
 C          1.4371625874        0.1073030154        0.4734507911
 C          0.7570670451       -1.0925894845       -0.1199689946
 C         -0.7560664974       -1.0924503760        0.1199327836
 C         -1.4375463813        0.1070134799       -0.4730846076
 C         -2.1348176672        1.0000282206        0.2380197637
 H          2.6094942452        1.8545216903        0.2315863949
 H          2.2385661876        0.8859067991       -1.3121618258
 H          1.3605790302        0.2439961151        1.5483275074
 H          1.1860511869       -1.9870564743        0.3470293033
 H          0.9664379636       -1.1721736412       -1.1945536495
 H         -0.9662493130       -1.1720901775        1.1942491644
 H         -1.1853319842       -1.9878193900       -0.3470602254
 H         -1.3609267937        0.2429123856       -1.5487341445
 H         -2.6110968955        1.8524166584       -0.2315417847
 H         -2.2389117765        0.8848606654        1.3113537521
  16
 Etot=         -17.8769373354
 C          2.1199914195        0.9935360468       -0.2372675961
 C          1.4295299294        0.1078264990        0.4619751388
 C          0.7577952393       -1.0935528574       -0.1226712305
 C         -0.7570900591       -1.0938412657        0.1225403039
 C         -1.4298071809        0.1071071879       -0.4620623547
 C         -2.1206161904        0.9925937379        0.2370877081
 H          2.6000278832        1.8374878236        0.2295384361
 H          2.2335119334        0.8925523810       -1.3051796188
 H          1.3306587269        0.2371686264        1.5325683835
 H          1.1813832757       -1.9909218566        0.3414957155
 H          0.9603549383       -1.1434355404       -1.1962613229
 H         -0.9607440398       -1.1432044896        1.1959493078
 H         -1.1806310052       -1.9915817608       -0.3416080475
 H         -1.3308657334        0.2362224809       -1.5328976883
 H         -2.6022670801        1.8353363652       -0.2297075702
 H         -2.2325037125        0.8919330156        1.3051212695
  16
 Etot=         -17.8771669096
 C          2.1141310224        0.9909556927       -0.2354087197
 C          1.4243531936        0.1057076192        0.4574937694
 C          0.7575365836       -1.0953703944       -0.1292844932
 C         -0.7570706261       -1.0959712585        0.1294478730
 C         -1.4254519007        0.1040058513       -0.4579785995
 C         -2.1155628974        0.9891221674        0.2348335100
 H          2.5803462426        1.8420112774        0.2280574831
 H          2.2398194709        0.8968810315       -1.3012842614
 H          1.3100369261        0.2271838250        1.5272154669
 H          1.1821765033       -1.9945283731        0.3266751512
 H          0.9490014062       -1.1306962528       -1.2037376496
 H         -0.9491664550       -1.1309266979        1.2038231687
 H         -1.1806917373       -1.9957367868       -0.3262190513
 H         -1.3105163482        0.2257521887       -1.5276177352
 H         -2.5782999316        1.8425094862       -0.2280305574
 H         -2.2419131084        0.8943270179        1.3006354794
  16
 Etot=         -17.8772298928
 C          2.1070372302        0.9929305050       -0.2335729583
 C          1.4182449143        0.1039089314        0.4549694324
 C          0.7567143991       -1.0983226657       -0.1363019479
 C         -0.7567366093       -1.0989185362        0.1364395723
 C         -1.4176109525        0.1035738097       -0.4551575698
 C         -2.1050076908        0.9935642223        0.2335678239
 H          2.5701220689        1.8453788983        0.2312479970
 H          2.2456106212        0.9008102560       -1.2983612496
 H          1.2931046883        0.2200987843        1.5242066078
 H          1.1858239354       -1.9992572224        0.3098932619
 H          0.9373944479       -1.1246248881       -1.2123057551
 H         -0.9378287061       -1.1251099292        1.2123756917
 H         -1.1850361155       -2.0001853955       -0.3097119626
 H         -1.2928384602        0.2194604047       -1.5243643251
 H         -2.5726890844        1.8430591623       -0.2320404270
 H         -2.2475763424        0.8988600568        1.2977366428
  16
 Etot=         -17.8772501166
 C          2.1041324887        0.9941978792       -0.2308260267
 C          1.4147992866        0.1016214179        0.4538077814
 C          0.7557739384       -1.1005569687       -0.1422372788
 C         -0.7561828330       -1.1017354995        0.1422731617
 C         -1.4168011538        0.0993039780       -0.4542595028
 C         -2.1080388374        0.9907135787        0.2299767082
 H          2.5608709780        1.8499297232        0.2364358630
 H          2.2475124050        0.9057587980       -1.2957426300
 H          1.2807097474        0.2157758049        1.5222026013
 H          1.1909092150       -2.0030670579        0.2943787939
 H          0.9275269954       -1.1208062154       -1.2197242135
 H         -0.9282028934       -1.1222830067        1.2196788162
 H         -1.1892751924       -2.0050255594       -0.2945109150
 H         -1.2796874964        0.2153459353       -1.5221282651
 H         -2.5601261753        1.8494912642       -0.2365979278
 H         -2.2451921288        0.9065623219        1.2958938683
