  12
 Etot=         -17.4691090767
 C          2.1279964428        0.0459668997       -0.0003143708
 N          0.6891100653       -0.0031247768       -0.0003061396
 C         -0.1679362355        1.0692005549       -0.0001604787
 C         -1.4796331484        0.6569682773        0.0007102843
 N         -1.4170618453       -0.7082530188       -0.0000926558
 C         -0.0953460526       -1.0581462800        0.0001702235
 H          2.4657660910        0.0562190762       -1.0399968019
 H          2.4620886141        0.9488000963        0.5183740137
 H          2.5187936542       -0.8321552927        0.5212792974
 H          0.2364932715        2.0727084471       -0.0009875078
 H         -2.3995814247        1.2178993826        0.0013914144
 H          0.2436478825       -2.0858918148        0.0006475169
  12
 Etot=         -17.4769487274
 C          2.1118804789        0.0501466209       -0.0033193754
 N          0.6729663093        0.0137203547        0.0051904590
 C         -0.1526271947        1.0979268842        0.0024402318
 C         -1.4378885433        0.6317106261       -0.0006818230
 N         -1.4115115139       -0.7326491520        0.0005406659
 C         -0.1234891286       -1.0578674800        0.0042592993
 H          2.4761283222        0.0599582440       -1.0317272513
 H          2.4562250162        0.9461671975        0.5105567891
 H          2.4987464325       -0.8294827568        0.5091325433
 H          0.2396495391        2.1002635705        0.0017052034
 H         -2.3579919447        1.1772346879       -0.0011600964
 H          0.2122495421       -2.0769372459        0.0037781496
  12
 Etot=         -17.4776295903
 C          2.1074892301        0.0469472779       -0.0042190351
 N          0.6688595087        0.0228607231        0.0090176845
 C         -0.1499659077        1.1120500291        0.0021720740
 C         -1.4252779606        0.6249191660       -0.0018982740
 N         -1.4036169085       -0.7358861521        0.0003901865
 C         -0.1333285229       -1.0557227266        0.0050325031
 H          2.4795891576        0.0600070752       -1.0300548169
 H          2.4578187373        0.9385510663        0.5112557198
 H          2.4911858094       -0.8376348750        0.5002212881
 H          0.2316650006        2.1122121987        0.0022756130
 H         -2.3519805667        1.1613077006       -0.0034746957
 H          0.2118997380       -2.0694199324        0.0099965482
  12
 Etot=         -17.4776880741
 C          2.1080134172        0.0450599981       -0.0047978422
 N          0.6696497924        0.0254087027        0.0118167566
 C         -0.1516409613        1.1143279751        0.0029846059
 C         -1.4266239103        0.6256516016       -0.0032884518
 N         -1.4037630726       -0.7345244641        0.0003462012
 C         -0.1337987007       -1.0551337562        0.0077581982
 H          2.4782461127        0.0610446884       -1.0315261077
 H          2.4633805849        0.9332460650        0.5137418366
 H          2.4891438777       -0.8435250461        0.4946868533
 H          0.2267970211        2.1147885583        0.0034334479
 H         -2.3553498908        1.1601224945       -0.0080930457
 H          0.2202830447       -2.0662752664        0.0136523431
  12
 Etot=         -17.4777200864
 C          2.1080657707        0.0425640668       -0.0048438689
 N          0.6703604024        0.0286516871        0.0155618350
 C         -0.1536772333        1.1163965998        0.0013124709
 C         -1.4282493546        0.6265856724       -0.0053779413
 N         -1.4041297547       -0.7332368833        0.0004234868
 C         -0.1342708689       -1.0541197761        0.0106353016
 H          2.4749900526        0.0659029848       -1.0329522191
 H          2.4703739910        0.9241944738        0.5207977863
 H          2.4854239596       -0.8527442051        0.4857038388
 H          0.2211114972        2.1179848887        0.0007651562
 H         -2.3586379301        1.1588816627       -0.0112134683
 H          0.2329767832       -2.0608696207        0.0199024176
