  14
 Etot=         -17.2503798077
 C         -1.4547513242        0.5498660095       -1.3457155126
 C         -0.9889559841        0.0002017670        0.0006402806
 C         -1.4548138209       -1.4407791996        0.1969648328
 C         -1.4542073877        0.8911398079        1.1488142825
 Br         0.9835275967       -0.0000680125       -0.0000311233
 H         -1.1241645778        1.5839079037       -1.4947080096
 H         -1.0622740357       -0.0434434160       -2.1811737723
 H         -2.5483647593        0.5378062333       -1.4161514154
 H         -1.1245371276       -1.8434386727        1.1620827813
 H         -2.5475972737       -1.5190776557        0.1667377399
 H         -1.0540565471       -2.0925394309       -0.5879964455
 H         -1.1232312499        0.5026229982        2.1196327439
 H         -2.5470736837        0.9686637882        1.1819698483
 H         -1.0531814147        1.9057851967        1.0436862464
  14
 Etot=         -17.2517348034
 C         -1.4573916391        0.5489005413       -1.3442231137
 C         -1.0075469110       -0.0001277600        0.0006075887
 C         -1.4558128269       -1.4403041840        0.1946138356
 C         -1.4565597424        0.8918220694        1.1470273640
 Br         0.9899776671       -0.0007504405        0.0070489153
 H         -1.1160972547        1.5757418470       -1.4804730592
 H         -1.0630152547       -0.0534769302       -2.1639776782
 H         -2.5457835095        0.5357968449       -1.3992573077
 H         -1.1142839000       -1.8291023164        1.1549390601
 H         -2.5442195927       -1.4928756272        0.1694386548
 H         -1.0608935692       -2.0816054679       -0.5944427465
 H         -1.1162566725        0.4967117325        2.1052248580
 H         -2.5449621114        0.9479728145        1.1647047875
 H         -1.0608362727        1.9019441937        1.0335213183
  14
 Etot=         -17.2520806591
 C         -1.4549253965        0.5485318038       -1.3436069814
 C         -1.0129726157       -0.0000878295        0.0010986045
 C         -1.4590681184       -1.4379065146        0.1958116795
 C         -1.4623831617        0.8888748579        1.1465948516
 Br         1.0148582854        0.0022172451        0.0034058557
 H         -1.1068556129        1.5697994431       -1.4771062562
 H         -1.0658174249       -0.0598217749       -2.1561009940
 H         -2.5406474071        0.5400820144       -1.3906004050
 H         -1.1081462082       -1.8248137868        1.1492402572
 H         -2.5452815976       -1.4783796534        0.1790831345
 H         -1.0736400033       -2.0725398099       -0.5982542446
 H         -1.1145601403        0.4962909988        2.0988043659
 H         -2.5486165568        0.9306116189        1.1597426868
 H         -1.0756256319        1.8977887040        1.0266399226
  14
 Etot=         -17.2521400561
 C         -1.4544827046        0.5497798010       -1.3463599866
 C         -1.0210292775        0.0003805464        0.0003389403
 C         -1.4585395662       -1.4394869833        0.1955484024
 C         -1.4633675693        0.8897615077        1.1475808072
 Br         1.0190438788        0.0006628067        0.0119851506
 H         -1.0995663535        1.5685130190       -1.4812967478
 H         -1.0680400354       -0.0626309030       -2.1570803650
 H         -2.5404015933        0.5487619108       -1.3956017537
 H         -1.1009826317       -1.8279630148        1.1458715306
 H         -2.5447475135       -1.4814866317        0.1873021573
 H         -1.0789947512       -2.0723162102       -0.6029063055
 H         -1.1100983429        0.4998088793        2.0988634374
 H         -2.5496397180        0.9261440257        1.1662494128
 H         -1.0828354115        1.9007185636        1.0242577968
  14
 Etot=         -17.2521585718
 C         -1.4519536877        0.5498450037       -1.3461169975
 C         -1.0245245612        0.0002249418        0.0014586734
 C         -1.4595551377       -1.4398791979        0.1952788021
 C         -1.4660865790        0.8898577410        1.1478881424
 Br         1.0229566048        0.0023616288        0.0102942318
 H         -1.0905929273        1.5666237058       -1.4831647696
 H         -1.0684946736       -0.0664403480       -2.1561857813
 H         -2.5386172634        0.5564454339       -1.3983408944
 H         -1.0960044914       -1.8307291054        1.1429752639
 H         -2.5464816836       -1.4855686208        0.1939417337
 H         -1.0837192323       -2.0710898783       -0.6069227255
 H         -1.1072738344        0.5033108144        2.0991265108
 H         -2.5531776753        0.9229766361        1.1731066840
 H         -1.0901564478        1.9027085619        1.0214136033
