  8
 Etot=         -15.7932345736
 C         -1.4576320725        0.0185619504       -0.1048729425
 C         -0.0297147155        0.0004664845        0.3792330126
 F          0.6280438624        1.0815246868       -0.1083537145
 F          0.6003282478       -1.0959814380       -0.1073939675
 H         -1.9998402712       -0.8494763276        0.2824161189
 H         -1.9746446841        0.9177869409        0.2427207512
 H         -1.4971995689       -0.0231280349       -1.1976983441
 H          0.0418225815        0.0005638403        1.4698256981
  8
 Etot=         -15.7942961188
 C         -1.4773971632        0.0146599112       -0.1077966327
 C         -0.0463572008        0.0004672107        0.3735794068
 F          0.6388375863        1.0766536523       -0.1034270516
 F          0.6132989352       -1.0927011913       -0.0983346466
 H         -2.0022833181       -0.8555693126        0.2826979474
 H         -1.9715471790        0.9189741258        0.2396170795
 H         -1.4990713201       -0.0147976523       -1.1960452286
 H          0.0556830394        0.0026313587        1.4655857379
  8
 Etot=         -15.7944359905
 C         -1.4845050108        0.0134253185       -0.1104287783
 C         -0.0557071629        0.0001101478        0.3737945933
 F          0.6413402434        1.0742611432       -0.1046572163
 F          0.6179012753       -1.0926621072       -0.0948885935
 H         -1.9990212848       -0.8576052367        0.2815300171
 H         -1.9678536408        0.9188256842        0.2407803847
 H         -1.5008331572       -0.0104027946       -1.1968909315
 H          0.0598421174        0.0043659473        1.4666371365
  8
 Etot=         -15.7944442203
 C         -1.4844389519        0.0133758922       -0.1101919408
 C         -0.0566727408        0.0002056055        0.3743586479
 F          0.6419870883        1.0740978887       -0.1066870584
 F          0.6182383947       -1.0938182814       -0.0942651930
 H         -1.9987081466       -0.8582930514        0.2802041170
 H         -1.9681144634        0.9181436913        0.2424001777
 H         -1.5002634164       -0.0089126060       -1.1966449163
 H          0.0591356157        0.0055189637        1.4667027781
