  14
 Etot=         -20.7899149657
 C         -2.8044306062        0.2393781617       -0.0051143817
 C         -1.4304135191       -0.4153049898       -0.0049906348
 C         -0.2932511847        0.5993323525        0.0070878119
 C          1.0578513170       -0.0722245754        0.0076559077
 O          1.2145741271       -1.2866643823       -0.0012275715
 O          2.0863111364        0.8102104507       -0.0086788611
 H         -3.6025380176       -0.5088544460       -0.0136890297
 H         -2.9290249620        0.8888683174       -0.8775739992
 H         -2.9299764394        0.8519952567        0.8935783015
 H         -1.3468683505       -1.0498077150        0.8860792259
 H         -1.3451704291       -1.0726254631       -0.8785576964
 H         -0.3737777902        1.3036468070       -0.8273674684
 H         -0.3457172908        1.2072729499        0.9185665762
 H          1.8287576122        1.7577165007        0.0009371340
  14
 Etot=         -20.7921451972
 C         -2.8049770250        0.2506269695        0.0003739563
 C         -1.4384788572       -0.4218556507        0.0006211052
 C         -0.3043924578        0.5962458154        0.0144869876
 C          1.0560945150       -0.0557987562       -0.0132203943
 O          1.2295154874       -1.2520163136        0.0071233412
 O          2.0928360072        0.7966139936        0.0010600592
 H         -3.5923714518       -0.4996052202       -0.0163995732
 H         -2.9251211469        0.8903946420       -0.8728982532
 H         -2.9353492861        0.8602023509        0.8941661724
 H         -1.3421295701       -1.0670338424        0.8779921403
 H         -1.3348736724       -1.0623190116       -0.8789636340
 H         -0.3881911396        1.2751627291       -0.8386310667
 H         -0.3641126838        1.2031580169        0.9249183493
 H          1.8378768842        1.7391635023       -0.0039238753
  14
 Etot=         -20.7923027457
 C         -2.8046783416        0.2534098416        0.0001181833
 C         -1.4409101046       -0.4250146645        0.0051466237
 C         -0.3098668159        0.5993083073        0.0302744064
 C          1.0539416644       -0.0465362488        0.0179475896
 O          1.2401301115       -1.2358720659       -0.0073938981
 O          2.0941947041        0.7872708826       -0.0286854040
 H         -3.5903663580       -0.4948178065       -0.0211189748
 H         -2.9148064090        0.8883555786       -0.8744512259
 H         -2.9348017050        0.8627821993        0.8901929618
 H         -1.3463848314       -1.0774155102        0.8746280829
 H         -1.3284320438       -1.0550722562       -0.8788581256
 H         -0.3903250174        1.2605480805       -0.8370878563
 H         -0.3836046202        1.2087235849        0.9356172138
 H          1.8422353701        1.7272693023       -0.0096242621
  14
 Etot=         -20.7924904904
 C         -2.8047568827        0.2512542322        0.0013687452
 C         -1.4397255505       -0.4245711802        0.0041406685
 C         -0.3089801794        0.6012614870        0.0261529033
 C          1.0531569757       -0.0475757392        0.0024708916
 O          1.2402860409       -1.2408040892       -0.0003696471
 O          2.0938522686        0.7878915743       -0.0142033377
 H         -3.5931641182       -0.4955223057       -0.0179514823
 H         -2.9143796357        0.8876826928       -0.8730165292
 H         -2.9315454532        0.8611587683        0.8921144494
 H         -1.3460721602       -1.0772835005        0.8739055648
 H         -1.3316497658       -1.0544891168       -0.8807281622
 H         -0.3920893416        1.2631622326       -0.8397298402
 H         -0.3808574355        1.2118368242        0.9304639495
 H          1.8422508406        1.7289373454       -0.0079128590
  14
 Etot=         -20.7924960079
 C         -2.8050903278        0.2510096378        0.0019391987
 C         -1.4396190224       -0.4247150220        0.0035667276
 C         -0.3088285155        0.6014789283        0.0252566340
 C          1.0526455897       -0.0471767578        0.0027755869
 O          1.2401375586       -1.2414935286       -0.0003900865
 O          2.0942575683        0.7875989392       -0.0123035331
 H         -3.5938625525       -0.4956404247       -0.0163133807
 H         -2.9156567420        0.8874518402       -0.8725924928
 H         -2.9312523464        0.8612173225        0.8928479414
 H         -1.3451162985       -1.0775883735        0.8731493982
 H         -1.3316941368       -1.0539694121       -0.8818366239
 H         -0.3917716729        1.2621628935       -0.8413413196
 H         -0.3817355424        1.2131479068        0.9282817856
 H          1.8439120439        1.7294552755       -0.0063345210
