  13
 Etot=         -16.6878121228
 C         -2.3820291049       -0.1067081884       -0.0005968805
 C         -0.9031504283       -0.4558610962       -0.0002698244
 C         -0.0335209328        0.7945444700        0.0004087871
 C          1.4422542282        0.4762547703       -0.0001755168
 O          1.9126007405       -0.6562963958       -0.0000548894
 H         -2.9998227812       -1.0108016345       -0.0004781939
 H         -2.6338005868        0.4761570449        0.8908924580
 H         -2.6446134637        0.4889586980       -0.8804624469
 H         -0.6759832116       -1.0695498379       -0.8807345789
 H         -0.6766546664       -1.0703299444        0.8792804610
 H         -0.2386026594        1.4041128750       -0.8875928149
 H         -0.2377958167        1.4034361746        0.8873488436
 H          2.1078213283        1.3562964278        0.0001656305
  13
 Etot=         -16.6887854917
 C         -2.3871854901       -0.1025879557        0.0020580357
 C         -0.9078828261       -0.4611338929       -0.0007632671
 C         -0.0275704526        0.7825908980        0.0002204689
 C          1.4360191229        0.4716458988        0.0000695999
 O          1.9122489069       -0.6412088229       -0.0009146037
 H         -2.9977113542       -1.0035429797       -0.0010226719
 H         -2.6416775065        0.4776852333        0.8883044665
 H         -2.6443821761        0.4859420460       -0.8774605997
 H         -0.6705766787       -1.0660960768       -0.8801311096
 H         -0.6707857771       -1.0676421046        0.8772763578
 H         -0.2296831322        1.4004076012       -0.8787903055
 H         -0.2295469634        1.3994040067        0.8794279559
 H          2.0954369723        1.3547495120       -0.0005432927
  13
 Etot=         -16.6888626015
 C         -2.3883506024       -0.1019195970        0.0023680967
 C         -0.9091342705       -0.4631216000       -0.0003622577
 C         -0.0250915263        0.7802190146       -0.0001758297
 C          1.4324259112        0.4672547978       -0.0016514346
 O          1.9159319994       -0.6389317845       -0.0006442970
 H         -2.9967589137       -1.0020818393       -0.0007433581
 H         -2.6392479293        0.4778762751        0.8874245658
 H         -2.6410075627        0.4850795927       -0.8773761736
 H         -0.6733602882       -1.0656521986       -0.8798985795
 H         -0.6710168869       -1.0680474726        0.8769502775
 H         -0.2279725085        1.4019816164       -0.8759068936
 H         -0.2269126928        1.4010845065        0.8764093310
 H          2.0871979157        1.3564720522        0.0013375872
  13
 Etot=         -16.6888635674
 C         -2.3892052367       -0.1013412888        0.0019385833
 C         -0.9099540780       -0.4643892061       -0.0000632639
 C         -0.0239114723        0.7784636665        0.0014505537
 C          1.4322511529        0.4663017869        0.0031809355
 O          1.9209609762       -0.6377281563       -0.0022550399
 H         -2.9981268206       -1.0009550038       -0.0011352410
 H         -2.6390530207        0.4790222572        0.8865441692
 H         -2.6396880132        0.4854275130       -0.8783045560
 H         -0.6744884847       -1.0662547596       -0.8798105286
 H         -0.6727843683       -1.0691185776        0.8772916070
 H         -0.2264233712        1.4014443958       -0.8738476430
 H         -0.2274841455        1.3999570920        0.8775322873
 H          2.0846095270        1.3593836441       -0.0047908291
