    -16.688871794466    -16.688871794466         0.10817E-03
    -16.688871715367    -16.688871715367         0.16704E-03
    -16.688774163295    -16.688774163295         0.13616E-03
    -16.688774178895    -16.688774178895         0.19021E-03
    -16.688871819298    -16.688871819298         0.63459E-04
    -16.688774266212    -16.688774266212         0.16645E-04
    -16.688425000452    -16.688425000452         0.10399E-03
    -16.688774274900    -16.688774274900         0.28328E-04
    -16.688774251390    -16.688774251390         0.11766E-03
    -16.688774323122    -16.688774323122         0.13112E-03
    -16.688425163013    -16.688425163013         0.14325E-03
    -16.688425231773    -16.688425231773         0.34946E-04
    -16.688425507515    -16.688425507515         0.53217E-04
    -16.688425397731    -16.688425397731         0.80979E-04
    -16.688267641145    -16.688267641145         0.12893E-03
    -16.688425281486    -16.688425281486         0.18342E-04
    -16.688267687418    -16.688267687418         0.24148E-04
    -16.688268110408    -16.688268110408         0.20386E-04
    -16.688267981793    -16.688267981793         0.11071E-03
    -16.688267748853    -16.688267748853         0.23646E-04
    -16.688267800415    -16.688267800415         0.28517E-04
    -16.688424815365    -16.688424815365         0.98200E-04
    -16.688778034620    -16.688778034620         0.25111E-04
    -16.688777983392    -16.688777983392         0.54869E-04
    -16.688777953568    -16.688777953568         0.20479E-04
