  14
 Etot=         -17.7095070877
 C         -3.1140555053        0.4364623165       -0.0003978070
 C         -1.9238339080       -0.5087754764       -0.0001444981
 C         -0.6004585941        0.2559949311       -0.0000962485
 C          0.5852948282       -0.6997674616       -0.0003608294
 Cl         2.1144805965        0.2072593729        0.0000946544
 H         -4.0574377026       -0.1195258088       -0.0008819044
 H         -3.0942791241        1.0708636939        0.8913268069
 H         -3.0987028944        1.0875534399       -0.8810326043
 H         -1.9792539467       -1.1566926537       -0.8831597589
 H         -1.9793612552       -1.1575205651        0.8820672246
 H         -0.5540776014        0.9061784711       -0.8828324310
 H         -0.5543709792        0.9058633922        0.8832326342
 H          0.5783694921       -1.3388381049       -0.8887615006
 H          0.5779032687       -1.3382114715        0.8886209540
  14
 Etot=         -17.7098917956
 C         -3.1170708097        0.4396711260        0.0022870436
 C         -1.9282676194       -0.5106626940       -0.0009141251
 C         -0.6057405199        0.2539276609       -0.0002263682
 C          0.5785526764       -0.6986825607       -0.0002464848
 Cl         2.1202599731        0.1988392777        0.0001256814
 H         -4.0526228610       -0.1167688171       -0.0010599615
 H         -3.1000684838        1.0740637646        0.8876428879
 H         -3.0989645845        1.0826905245       -0.8765667121
 H         -1.9746691712       -1.1539073298       -0.8836060796
 H         -1.9748834412       -1.1552247620        0.8805524115
 H         -0.5535322285        0.8976427277       -0.8822491814
 H         -0.5537444643        0.8967384818        0.8825969576
 H          0.5806166237       -1.3285701883       -0.8912306204
 H          0.5803515849       -1.3289131357        0.8905692429
  14
 Etot=         -17.7099709427
 C         -3.1192909451        0.4402332967        0.0024594586
 C         -1.9289659779       -0.5105961645       -0.0003435299
 C         -0.6062200845        0.2557236952        0.0001368690
 C          0.5733488961       -0.7009400251       -0.0002823835
 Cl         2.1238131171        0.1961999735       -0.0000625472
 H         -4.0508672679       -0.1179396825       -0.0009561373
 H         -3.1003390784        1.0727848105        0.8858867963
 H         -3.0983023404        1.0794136132       -0.8760576343
 H         -1.9746560783       -1.1500750577       -0.8832450276
 H         -1.9734945219       -1.1535883930        0.8801308041
 H         -0.5529525535        0.8962325750       -0.8816731325
 H         -0.5530737307        0.8952510098        0.8826420798
 H          0.5805756732       -1.3256560240       -0.8924917083
 H          0.5806415667       -1.3261995516        0.8915307848
  14
 Etot=         -17.7099865111
 C         -3.1203997228        0.4404850058        0.0023942761
 C         -1.9291313849       -0.5105402231       -0.0003099224
 C         -0.6056476592        0.2561338616        0.0003379854
 C          0.5721290029       -0.7021151787       -0.0002655941
 Cl         2.1273138738        0.1963837376       -0.0001002339
 H         -4.0514618423       -0.1187345265       -0.0005396174
 H         -3.1008383180        1.0730506217        0.8857852011
 H         -3.0990330794        1.0788970722       -0.8767396057
 H         -1.9751564527       -1.1493438693       -0.8834412123
 H         -1.9738198771       -1.1531454560        0.8801767615
 H         -0.5528013400        0.8963121539       -0.8815035638
 H         -0.5528711467        0.8951208342        0.8830182456
 H          0.5808348764       -1.3254112140       -0.8927600461
 H          0.5810997445       -1.3262487439        0.8916220179
