    -17.710179306680    -17.710179306680         0.16461E-03
    -17.710178226700    -17.710178226700         0.17112E-03
    -17.710180174512    -17.710180174512         0.17579E-03
    -17.710178431543    -17.710178431543         0.17083E-04
    -17.710178409017    -17.710178409017         0.12435E-03
    -17.710180269399    -17.710180269399         0.89658E-04
    -17.709991933049    -17.709991933049         0.19108E-03
    -17.709992036153    -17.709992036153         0.11914E-03
    -17.709992000233    -17.709992000233         0.15599E-03
    -17.709447172360    -17.709447172360         0.13367E-03
    -17.709447649476    -17.709447649476         0.99747E-04
    -17.709447547212    -17.709447547212         0.10391E-03
    -17.709447129817    -17.709447129817         0.12373E-03
    -17.709446149306    -17.709446149306         0.16438E-03
    -17.709447426503    -17.709447426503         0.19082E-03
    -17.709384351441    -17.709384351441         0.12915E-03
    -17.709384341668    -17.709384341668         0.81124E-04
    -17.709384382797    -17.709384382797         0.16306E-03
    -17.709385313165    -17.709385313165         0.12776E-03
    -17.709385270892    -17.709385270892         0.13603E-03
    -17.707864750183    -17.707864750183         0.11276E-03
    -17.709385409765    -17.709385409765         0.11528E-04
    -17.707864777072    -17.707864777072         0.68935E-04
    -17.707864753594    -17.707864753594         0.26124E-04
    -17.707866077698    -17.707866077698         0.29221E-04
    -17.707866087037    -17.707866087037         0.27818E-04
    -17.707866107070    -17.707866107070         0.27974E-04
    -17.710175546642    -17.710175546642         0.83149E-04
    -17.710175422211    -17.710175422211         0.15540E-03
    -17.710175618349    -17.710175618349         0.13527E-03
    -17.709992467605    -17.709992467605         0.28518E-04
    -17.709992498851    -17.709992498851         0.97545E-04
    -17.709992558990    -17.709992558990         0.24939E-04
    -17.710177753528    -17.710177753528         0.16652E-04
    -17.710177645865    -17.710177645865         0.31786E-04
    -17.710177580309    -17.710177580309         0.20079E-04
    -17.710181028951    -17.710181028951         0.94728E-04
