  6
 Etot=          -7.8234318388
 N          0.7086843256        0.0454094292       -0.0565741297
 N         -0.7087638477       -0.0456382256       -0.0565496867
 H          1.0117421715        0.5336018098        0.7846286648
 H          1.1050053787       -0.8926833328        0.0009809979
 H         -1.1049070869        0.8919572438       -0.0009954819
 H         -1.0107353967       -0.5296962836        0.7873946125
  6
 Etot=          -7.8249919425
 N          0.7150837089        0.0600035526       -0.0397550089
 N         -0.7148300222       -0.0601638785       -0.0385875558
 H          1.0496580609        0.5252664186        0.8083290078
 H          1.1087190680       -0.8787540308       -0.0399678159
 H         -1.1085270458        0.8787287967       -0.0424908301
 H         -1.0490782251       -0.5221302179        0.8113571798
  6
 Etot=          -7.8254497572
 N          0.7159450152        0.0739334527       -0.0261338084
 N         -0.7158475842       -0.0742460653       -0.0248190836
 H          1.0581842038        0.5021262870        0.8406873850
 H          1.1105190151       -0.8636575836       -0.0860353865
 H         -1.1100424373        0.8636266098       -0.0884938490
 H         -1.0577326679       -0.4988320599        0.8436797195
  6
 Etot=          -7.8256200007
 N          0.7153251188        0.0810783406       -0.0174219440
 N         -0.7153377099       -0.0813789934       -0.0163447246
 H          1.0574003932        0.4800393408        0.8624254689
 H          1.1139079200       -0.8512173966       -0.1163934518
 H         -1.1134526456        0.8509090113       -0.1187064515
 H         -1.0568175318       -0.4764796619        0.8653260799
  6
 Etot=          -7.8257327170
 N          0.7143587059        0.0850277203       -0.0098971862
 N         -0.7143512919       -0.0851920223       -0.0090493258
 H          1.0555143959        0.4578549562        0.8786024653
 H          1.1187900367       -0.8385499260       -0.1399532763
 H         -1.1186250067        0.8379753227       -0.1422218125
 H         -1.0546612952       -0.4541654101        0.8814041124
  6
 Etot=          -7.8257599182
 N          0.7138625700        0.0859905337       -0.0059311176
 N         -0.7137459138       -0.0860339598       -0.0049833313
 H          1.0555068452        0.4460492384        0.8858493328
 H          1.1233255661       -0.8321750506       -0.1511499891
 H         -1.1233643983        0.8315663481       -0.1535106580
 H         -1.0545591245       -0.4424464690        0.8886107401
