  15
 Etot=         -24.0289333832
 C         -1.8311913091       -0.7637105502        0.0279257352
 C         -1.8314822413        0.7635132304       -0.0282475607
 C         -0.4989842004        1.2078964027        0.5633659678
 S          0.6915603545       -0.0003533727       -0.0000718221
 C         -0.4977645657       -1.2080732186       -0.5634793195
 O          1.3898320799       -0.5330888696        1.1512676100
 O          1.3904693905        0.5339367861       -1.1507021648
 H         -2.6747514235       -1.1927211380       -0.5207647504
 H         -1.9045774253       -1.0920484931        1.0716927941
 H         -1.9062827029        1.0942192672       -1.0709514536
 H         -2.6749780018        1.1910257925        0.5209235522
 H         -0.2023785117        2.2042164828        0.2281431113
 H         -0.5222261102        1.1704681257        1.6567931202
 H         -0.5226155489       -1.1683930399       -1.6569572169
 H         -0.2027483693       -2.2045264829       -0.2303842338
  15
 Etot=         -24.0318911554
 C         -1.8240182453       -0.7648762630        0.0306215992
 C         -1.8246309974        0.7648361510       -0.0302993149
 C         -0.5128335039        1.2374751520        0.5794044527
 S          0.6621352316       -0.0001806871       -0.0000698817
 C         -0.5120753196       -1.2373312686       -0.5799368783
 O          1.3817081894       -0.5293803556        1.1434077243
 O          1.3823315772        0.5304974107       -1.1427088491
 H         -2.6710669218       -1.1836246784       -0.5115971705
 H         -1.8851934597       -1.0896297625        1.0718049432
 H         -1.8859001531        1.0901830537       -1.0712716875
 H         -2.6721081931        1.1827446926        0.5118860317
 H         -0.1990323098        2.2219858584        0.2432572471
 H         -0.5186231194        1.1899357273        1.6666428552
 H         -0.5194008358       -1.1878348647       -1.6671836508
 H         -0.1994105247       -2.2224392435       -0.2454040514
  15
 Etot=         -24.0337699217
 C         -1.8274153454       -0.7655369928        0.0345946051
 C         -1.8277437890        0.7654493660       -0.0338882552
 C         -0.5308554040        1.2511232367        0.5903060955
 S          0.6539860107        0.0001257144       -0.0000965969
 C         -0.5309526676       -1.2503172631       -0.5910190296
 O          1.4091452910       -0.5250057426        1.1290007227
 O          1.4096697264        0.5261605985       -1.1284473098
 H         -2.6868246528       -1.1696728647       -0.4941645276
 H         -1.8678161337       -1.0846026065        1.0744561983
 H         -1.8678204711        1.0835043226       -1.0742391031
 H         -2.6876261112        1.1695103835        0.4944795371
 H         -0.1991941095        2.2210618538        0.2487339018
 H         -0.5224022373        1.1893878751        1.6709171790
 H         -0.5230429229       -1.1878086397       -1.6715488967
 H         -0.1992257689       -2.2210183188       -0.2505311514
  15
 Etot=         -24.0342775508
 C         -1.8305223586       -0.7663494667        0.0364794002
 C         -1.8308068857        0.7662125633       -0.0360250903
 C         -0.5393630299        1.2513758664        0.5933948520
 S          0.6556521010        0.0001925509        0.0000109185
 C         -0.5395243889       -1.2506506363       -0.5941099114
 O          1.4340542228       -0.5222125711        1.1177773640
 O          1.4348082383        0.5229470726       -1.1170259750
 H         -2.6963075053       -1.1703956944       -0.4829710823
 H         -1.8618381952       -1.0810912833        1.0782168891
 H         -1.8625174651        1.0800010066       -1.0781213149
 H         -2.6964889347        1.1704831668        0.4834809996
 H         -0.2021831912        2.2189360548        0.2504947788
 H         -0.5304576974        1.1838070076        1.6735914189
 H         -0.5310067855       -1.1821673507       -1.6741961503
 H         -0.2016167100       -2.2187273642       -0.2524437278
  15
 Etot=         -24.0344196895
 C         -1.8314262494       -0.7664655924        0.0376002773
 C         -1.8317099491        0.7662488762       -0.0373336324
 C         -0.5407353672        1.2480761450        0.5925547807
 S          0.6573403125        0.0001690072        0.0001121593
 C         -0.5407832725       -1.2474303679       -0.5933549074
 O          1.4459432199       -0.5205307326        1.1114272122
 O          1.4471544962        0.5207898798       -1.1103765519
 H         -2.6983791032       -1.1746051393       -0.4782887173
 H         -1.8625703165       -1.0785936940        1.0813269221
 H         -1.8638434796        1.0780183193       -1.0811295904
 H         -2.6983331685        1.1742984287        0.4791191913
 H         -0.2046187141        2.2186606791        0.2525123916
 H         -0.5358916727        1.1802575761        1.6741836262
 H         -0.5363385726       -1.1781702704       -1.6748935345
 H         -0.2039267485       -2.2183621927       -0.2549062575
  15
 Etot=         -24.0344727233
 C         -1.8315519945       -0.7661464512        0.0378949097
 C         -1.8319424282        0.7659740399       -0.0377452314
 C         -0.5393525090        1.2451476791        0.5904627653
 S          0.6569824608        0.0001413765        0.0001367526
 C         -0.5392380942       -1.2445553806       -0.5913499941
 O          1.4495814056       -0.5188768361        1.1080709770
 O          1.4510646916        0.5188492336       -1.1069076999
 H         -2.6973579267       -1.1776710580       -0.4781632190
 H         -1.8650694924       -1.0778216185        1.0824947498
 H         -1.8667491410        1.0777138833       -1.0822502657
 H         -2.6973973167        1.1770610497        0.4792124141
 H         -0.2057357808        2.2190944713        0.2539947298
 H         -0.5379431106        1.1788727301        1.6733049851
 H         -0.5382840224       -1.1766320358       -1.6741153589
 H         -0.2051253266       -2.2187901610       -0.2564871451
  15
 Etot=         -24.0344847598
 C         -1.8316550119       -0.7658496117        0.0377293599
 C         -1.8320827836        0.7657308541       -0.0376101627
 C         -0.5379393065        1.2441895649        0.5892553959
 S          0.6554384199        0.0001600402        0.0000838477
 C         -0.5377634755       -1.2435595882       -0.5901639069
 O          1.4485500423       -0.5178000835        1.1072774434
 O          1.4499874942        0.5178018080       -1.1062429087
 H         -2.6961838192       -1.1780969638       -0.4799139169
 H         -1.8668015885       -1.0781556006        1.0821564870
 H         -1.8685007478        1.0781486670       -1.0819413885
 H         -2.6963298305        1.1774249177        0.4809476925
 H         -0.2054473454        2.2191747975        0.2542217044
 H         -0.5370558788        1.1788121719        1.6723676281
 H         -0.5373234850       -1.1767972786       -1.6732043002
 H         -0.2050112688       -2.2188227725       -0.2564096059
