  16
 Etot=         -17.0834468014
 C          2.4192691662       -0.3399462136        0.0324627090
 C          1.1916781481        0.5056415948       -0.0163589111
 N          0.0039439419       -0.3016207327        0.0278563606
 C         -1.2079032224        0.5171772340       -0.0186338545
 C         -2.4106323711       -0.3469416931        0.0289694498
 H          3.3216489289        0.2803636121       -0.0018226246
 H          2.4353693289       -0.9526919295        0.9397099038
 H          2.4396838068       -1.0138601948       -0.8324466436
 H          1.1639644961        1.0898517034       -0.9406015754
 H          1.1593788973        1.1916322583        0.8351001707
 H         -0.0147468212       -0.9501742599       -0.7675359814
 H         -1.1605772753        1.1844643298        0.8368257801
 H         -1.1559686314        1.0895665979       -0.9401511980
 H         -3.3307851010        0.2469049306       -0.0054273683
 H         -2.4162475595       -1.0684402184       -0.7960380336
 H         -2.4061036976       -0.9091786703        0.9702308761
  16
 Etot=         -17.0872752032
 C          2.4405407292       -0.3507847595        0.0245304186
 C          1.2014487223        0.5103659211       -0.0279572187
 N          0.0033827740       -0.3009939083        0.0455173007
 C         -1.2095241622        0.5149590552       -0.0284248887
 C         -2.4327513196       -0.3599361176        0.0350875485
 H          3.3371731842        0.2663174837        0.0026972957
 H          2.4472340649       -0.9502892032        0.9326652999
 H          2.4683050976       -1.0278026166       -0.8303628234
 H          1.2089627522        1.1301129454       -0.9434167109
 H          1.1781102036        1.1924752232        0.8277463710
 H         -0.0074645584       -0.9603837927       -0.7319026847
 H         -1.1800083518        1.1911954595        0.8275569255
 H         -1.2034876580        1.1249966105       -0.9455599205
 H         -3.3421598541        0.2376529792       -0.0044117410
 H         -2.4461158702       -1.0649806449       -0.7955019440
 H         -2.4316737190       -0.9301562866        0.9638758317
  16
 Etot=         -17.0878095841
 C          2.4515130363       -0.3589121444        0.0207523183
 C          1.2099961150        0.5165177886       -0.0306637813
 N          0.0033638423       -0.2886799096        0.0516332135
 C         -1.2118243655        0.5137660876       -0.0285815802
 C         -2.4445506482       -0.3699214011        0.0353958991
 H          3.3454753251        0.2577552450        0.0046124046
 H          2.4485162600       -0.9532629199        0.9295384659
 H          2.4786881764       -1.0331899904       -0.8325337990
 H          1.2304893715        1.1418300490       -0.9459370393
 H          1.1992251715        1.1994093061        0.8257549329
 H         -0.0002386747       -0.9632307254       -0.7102003650
 H         -1.1987974673        1.2001829178        0.8244864069
 H         -1.2330327368        1.1324155866       -0.9469299211
 H         -3.3458770374        0.2355323035       -0.0011179630
 H         -2.4604363247       -1.0643662763       -0.8019554966
 H         -2.4405380087       -0.9430975685        0.9578853639
  16
 Etot=         -17.0878741236
 C          2.4518768331       -0.3617403656        0.0197578375
 C          1.2121859592        0.5207363044       -0.0307783334
 N          0.0029937774       -0.2804031918        0.0553943880
 C         -1.2116421147        0.5149820236       -0.0281254111
 C         -2.4454415045       -0.3737266816        0.0343878196
 H          3.3465390922        0.2537632418        0.0054616475
 H          2.4446660366       -0.9564552738        0.9280392629
 H          2.4769852089       -1.0336097537       -0.8348162818
 H          1.2342655832        1.1420115639       -0.9479777966
 H          1.2089881098        1.2049290331        0.8245670878
 H          0.0026818618       -0.9645987621       -0.6975879761
 H         -1.2066996755        1.2041733408        0.8235022126
 H         -1.2398803129        1.1313357109       -0.9483197216
 H         -3.3445833859        0.2348198784        0.0031657730
 H         -2.4620239278       -1.0618813834       -0.8079118508
 H         -2.4389395059       -0.9515873363        0.9533804020
  16
 Etot=         -17.0878972686
 C          2.4499544241       -0.3630640745        0.0189688671
 C          1.2128995771        0.5240716064       -0.0304754349
 N          0.0027906733       -0.2739860264        0.0605283977
 C         -1.2110990299        0.5168607737       -0.0278069939
 C         -2.4439251893       -0.3755330994        0.0326067019
 H          3.3465841497        0.2499780567        0.0063152833
 H          2.4397743365       -0.9596976062        0.9260061907
 H          2.4729022743       -1.0326974861       -0.8374547119
 H          1.2340126741        1.1405696801       -0.9498050555
 H          1.2155132731        1.2101541104        0.8229618115
 H          0.0045008495       -0.9669561656       -0.6843108152
 H         -1.2125003254        1.2075892172        0.8223073689
 H         -1.2411863878        1.1294977190       -0.9497997959
 H         -3.3433353036        0.2330328115        0.0083027297
 H         -2.4611761523       -1.0579347538       -0.8142713184
 H         -2.4337378087       -0.9591364146        0.9480658345
