  15
 Etot=         -15.7725549324
 C         -1.8697849164        0.5922848238       -0.4026349414
 C         -1.0531103169       -0.1955277683        0.6093546428
 C          0.0382256096       -0.9781054881       -0.0581264491
 C          1.2726088663       -0.5019521174       -0.2742767278
 C          1.7164836786        0.8672658104        0.1214080169
 H         -2.6592778985        1.1562004883        0.1043383857
 H         -2.3438141353       -0.0731576610       -1.1319165050
 H         -1.2440561100        1.3061297975       -0.9488389458
 H         -0.5993225380        0.4963806676        1.3289492287
 H         -1.7203141946       -0.8542406463        1.1766837623
 H         -0.2107738562       -1.9849014736       -0.3859588905
 H          2.0118502196       -1.1281810990       -0.7667993003
 H          2.1270780942        0.8473517370        1.1347202371
 H          0.8963992689        1.5920188506        0.0996228895
 H          2.4979158178        1.2166937127       -0.5598540127
  15
 Etot=         -15.7735334873
 C         -1.8836358231        0.5912682397       -0.4022179066
 C         -1.0562654315       -0.1906566748        0.6144406659
 C          0.0403698175       -0.9660420332       -0.0519261892
 C          1.2609268794       -0.4945450237       -0.2745142043
 C          1.7353757764        0.8681967789        0.1177551683
 H         -2.6758200700        1.1494776759        0.0964448739
 H         -2.3409704279       -0.0811761534       -1.1273450150
 H         -1.2577336395        1.2967265260       -0.9476619648
 H         -0.6248426729        0.5005934478        1.3431604207
 H         -1.7128583313       -0.8754014497        1.1580746833
 H         -0.2129629511       -1.9637158779       -0.3897075537
 H          1.9947094572       -1.1277804322       -0.7568016742
 H          2.1505912444        0.8476947505        1.1265000138
 H          0.9260885301        1.5946840118        0.0997615737
 H          2.5171352315        1.2089358486       -0.5592915015
  15
 Etot=         -15.7737324734
 C         -1.8980445386        0.5872338312       -0.4054404542
 C         -1.0646101004       -0.1875780525        0.6174926093
 C          0.0403543431       -0.9526303903       -0.0494948218
 C          1.2587380155       -0.4867888168       -0.2727372103
 C          1.7559313840        0.8701088655        0.1190191525
 H         -2.6921958928        1.1393104103        0.0908972287
 H         -2.3451886926       -0.0941995944       -1.1252367966
 H         -1.2727644440        1.2906227699       -0.9497535332
 H         -0.6489718544        0.5068745808        1.3490312082
 H         -1.7142938102       -0.8866453061        1.1491748505
 H         -0.2157755925       -1.9473837010       -0.3875516558
 H          1.9859511132       -1.1228252433       -0.7592698159
 H          2.1798264268        0.8410489372        1.1231980680
 H          0.9548079055        1.6024682292        0.1096247087
 H          2.5363433266        1.1986431147       -0.5622821479
  15
 Etot=         -15.7737972145
 C         -1.9090044669        0.5820964113       -0.4084827046
 C         -1.0704028997       -0.1845416905        0.6190492486
 C          0.0398482935       -0.9433752016       -0.0478102263
 C          1.2599787857       -0.4816088078       -0.2708643711
 C          1.7708262305        0.8707490654        0.1218807995
 H         -2.7064375680        1.1298462311        0.0861953470
 H         -2.3504484315       -0.1061495435       -1.1248742487
 H         -1.2865244207        1.2868163903       -0.9535777468
 H         -0.6633861111        0.5146588746        1.3498276980
 H         -1.7153827206       -0.8887869955        1.1481102535
 H         -0.2195188831       -1.9355678337       -0.3913647465
 H          1.9826325572       -1.1209646928       -0.7607396841
 H          2.2044366668        0.8325046385        1.1217189231
 H          0.9756602726        1.6098262329        0.1236585607
 H          2.5478302844        1.1927565556       -0.5660557120
  15
 Etot=         -15.7738429203
 C         -1.9188519665        0.5769196858       -0.4114742540
 C         -1.0742266201       -0.1806261126        0.6185836016
 C          0.0386877296       -0.9352583081       -0.0485929049
 C          1.2618139393       -0.4778205826       -0.2688616918
 C          1.7829010256        0.8697719331        0.1261162161
 H         -2.7204085538        1.1200581041        0.0822610662
 H         -2.3557983364       -0.1169419307       -1.1255355751
 H         -1.3012790246        1.2851146062       -0.9581888863
 H         -0.6715647816        0.5241988581        1.3461538180
 H         -1.7140657104       -0.8868465183        1.1504352881
 H         -0.2223215438       -1.9262771030       -0.3962035748
 H          1.9808638279       -1.1210935438       -0.7600584643
 H          2.2277049705        0.8228840260        1.1209450006
 H          0.9924107996        1.6145527340        0.1407663344
 H          2.5542418338        1.1896237863       -0.5696745834
