  5
 Etot=          -4.1746871492
 C          0.0000015481       -0.0000554673       -0.0000693978
 H          0.8785126749        0.6176721972       -0.1989732254
 H         -0.7861810604        0.2426573076       -0.7176914536
 H          0.2673110332       -1.0543524600       -0.0948190176
 H         -0.3596610955        0.1946839097        1.0123106484
  5
 Etot=          -4.1749349554
 C         -0.0000490861        0.0000587553        0.0001164842
 H          0.8713709203        0.6127232380       -0.1975330637
 H         -0.7797869939        0.2407225682       -0.7123916025
 H          0.2651793491       -1.0460272686       -0.0941639285
 H         -0.3567310890        0.1931281943        1.0047296646
  5
 Etot=          -4.1749385315
 C          0.0000089470        0.0001313014        0.0001471852
 H          0.8696145786        0.6115123545       -0.1971461209
 H         -0.7782263068        0.2402139825       -0.7109728408
 H          0.2645991754       -1.0439512812       -0.0939629657
 H         -0.3560132939        0.1926991301        1.0026922963
