  12
 Etot=         -27.2483006514
 C          1.6652798085       -1.2167070957        0.0014192087
 C          0.8993040718        0.0052297568       -0.4831863000
 H          0.9354672688        0.0578089111       -1.5766380163
 C         -0.5444048203       -0.0140136713       -0.0258272229
 F         -0.6247837489       -0.0319778255        1.3224121909
 F         -1.1998380269        1.0869894880       -0.4560508334
 F         -1.2008386149       -1.0957524122       -0.4944539077
 O          1.5143809347        1.1804344005        0.0334688056
 H          1.6415456545       -1.2884144583        1.0940768605
 H          2.7088195946       -1.1894595906       -0.3272634474
 H          1.2042615576       -2.1330075041       -0.3824671469
 H          2.4249987106        1.1866149446       -0.3004025275
  12
 Etot=         -27.2511711616
 C          1.6580642799       -1.2455848279        0.0012082075
 C          0.9350074368        0.0028782371       -0.4915409896
 H          0.9181048558        0.0412182239       -1.5901451342
 C         -0.5123498166       -0.0079983571       -0.0251227753
 F         -0.6245027387       -0.0271649003        1.3160605040
 F         -1.1953604663        1.0726374892       -0.4522611185
 F         -1.1774985154       -1.0843290796       -0.4826595396
 O          1.4913179848        1.2027557747        0.0255208597
 H          1.6381428250       -1.2819308471        1.0909515685
 H          2.6912944370       -1.2189239897       -0.3330825172
 H          1.1858969069       -2.1484489110       -0.3867105463
 H          2.4160752008        1.2426361311       -0.2671308556
  12
 Etot=         -27.2515545726
 C          1.6627864046       -1.2490299864        0.0022713403
 C          0.9465784745        0.0025240397       -0.4942082118
 H          0.9085860052        0.0325604814       -1.5942401156
 C         -0.5051367599       -0.0071480276       -0.0257154047
 F         -0.6297707651       -0.0278221606        1.3106520885
 F         -1.1975090777        1.0647688208       -0.4511765121
 F         -1.1763896681       -1.0804970657       -0.4792409242
 O          1.4861183967        1.2013426347        0.0199213566
 H          1.6459771157       -1.2737868540        1.0896042999
 H          2.6926233710       -1.2368682618       -0.3387718405
 H          1.1717898222       -2.1365777604       -0.3862940742
 H          2.4185390708        1.2582790832       -0.2477143388
  12
 Etot=         -27.2516274302
 C          1.6627476426       -1.2485492751        0.0019583250
 C          0.9494265674        0.0054735613       -0.4942993144
 H          0.9074844405        0.0302924676       -1.5943527020
 C         -0.5043361176       -0.0079013833       -0.0256105940
 F         -0.6306903045       -0.0304196650        1.3088714432
 F         -1.1968247271        1.0618863865       -0.4521344651
 F         -1.1741020650       -1.0821337735       -0.4814335261
 O          1.4844334755        1.2016780542        0.0158155386
 H          1.6537812558       -1.2679488905        1.0889019685
 H          2.6901746335       -1.2462039892       -0.3474612883
 H          1.1616240530       -2.1329536738       -0.3792178603
 H          2.4204735360        1.2645251241       -0.2359498618
  12
 Etot=         -27.2516528891
 C          1.6628135975       -1.2470739752        0.0016699726
 C          0.9495954714        0.0077467784       -0.4944802457
 H          0.9079433762        0.0287049817       -1.5946623306
 C         -0.5054908996       -0.0080194278       -0.0261076427
 F         -0.6311464665       -0.0335971408        1.3075146388
 F         -1.1966459357        1.0619184314       -0.4527887167
 F         -1.1726491363       -1.0833800740       -0.4860034610
 O          1.4826061190        1.2021082069        0.0127433787
 H          1.6645262222       -1.2619403547        1.0890075993
 H          2.6871324899       -1.2524284462       -0.3579475213
 H          1.1539338940       -2.1317679988       -0.3692831640
 H          2.4215736578        1.2654739624       -0.2245748440
