  15
 Etot=         -15.7702404224
 C          2.4353082752        0.2100809735       -0.1067138197
 C          1.0840508622       -0.4793663869       -0.2240285297
 C         -0.0271090286        0.3585617662        0.4084555471
 C         -1.3577795612       -0.3237812391        0.2919825604
 C         -2.4122386301        0.1969817408       -0.3455933101
 H          3.2251685323       -0.3963085112       -0.5614385354
 H          2.6908574072        0.3653162930        0.9461188530
 H          2.4214414668        1.1857951489       -0.6013485936
 H          0.8634774273       -0.6570787534       -1.2832238255
 H          1.1398928339       -1.4609906934        0.2621117742
 H         -0.0560201066        1.3496066286       -0.0614680959
 H          0.1885364282        0.5183222976        1.4723886322
 H         -1.4643722404       -1.2969242232        0.7647792750
 H         -3.3569729898       -0.3315026996       -0.4065702394
 H         -2.3420928928        1.1708945562       -0.8185567376
  15
 Etot=         -15.7711213301
 C          2.4384031793        0.2098984937       -0.1024622509
 C          1.0848268951       -0.4782499615       -0.2214135058
 C         -0.0310730035        0.3554672804        0.4091981123
 C         -1.3624509121       -0.3138754874        0.2910818455
 C         -2.4055518264        0.1974404702       -0.3419819657
 H          3.2199467516       -0.3949301822       -0.5599071259
 H          2.6971806617        0.3682599682        0.9440948336
 H          2.4216625029        1.1789342533       -0.5991336582
 H          0.8506099319       -0.6486608527       -1.2761170011
 H          1.1293111790       -1.4556302074        0.2673715554
 H         -0.0683655279        1.3376584742       -0.0693444149
 H          0.1970976343        0.5075494408        1.4697428655
 H         -1.4473986888       -1.2906869167        0.7515545700
 H         -3.3449480166       -0.3258771181       -0.4053404900
 H         -2.3471029770        1.1623092432       -0.8204484149
  15
 Etot=         -15.7711792818
 C          2.4384886281        0.2088596771       -0.1008643589
 C          1.0847388621       -0.4791066366       -0.2216013657
 C         -0.0314310482        0.3581368120        0.4088395834
 C         -1.3598023770       -0.3137231772        0.2846657176
 C         -2.4007760539        0.1932351235       -0.3481068453
 H          3.2163346253       -0.3974949575       -0.5580271521
 H          2.6948808906        0.3668912382        0.9443485099
 H          2.4202789571        1.1758001265       -0.5984149699
 H          0.8511883764       -0.6467917422       -1.2756100975
 H          1.1252612297       -1.4547202904        0.2682531564
 H         -0.0698199981        1.3378056080       -0.0715581204
 H          0.1972738912        0.5070052355        1.4685556417
 H         -1.4351473632       -1.2863194156        0.7541875448
 H         -3.3417310907       -0.3247087707       -0.4058141699
 H         -2.3575897461        1.1647380673       -0.8119581191
  15
 Etot=         -15.7711916382
 C          2.4383724667        0.2072944592       -0.1008425003
 C          1.0831780513       -0.4784749716       -0.2221229302
 C         -0.0315418617        0.3617711609        0.4105572727
 C         -1.3600596969       -0.3105938547        0.2887692475
 C         -2.4031483351        0.1967803765       -0.3388111490
 H          3.2141667538       -0.4008140499       -0.5578704810
 H          2.6935650480        0.3644758154        0.9441071518
 H          2.4204956565        1.1737078254       -0.5985041921
 H          0.8497023672       -0.6442871647       -1.2758907758
 H          1.1213067344       -1.4535831533        0.2677127402
 H         -0.0689643106        1.3409132160       -0.0697011812
 H          0.1997092420        0.5083196078        1.4693422881
 H         -1.4250927670       -1.2874539946        0.7515929734
 H         -3.3383036111       -0.3295429759       -0.4141882761
 H         -2.3612379541        1.1610946014       -0.8172552330
