  8
 Etot=         -23.4922736430
 C          0.6378012325       -0.4242810543        0.5482372221
 C         -0.6378760803        0.4244552862        0.5483713378
 Cl        -0.7706999870        1.4983743279       -0.8725046954
 Cl        -2.0965620526       -0.6043691472        0.6459239861
 Cl         0.7710148021       -1.4981927921       -0.8725737168
 Cl         2.0962712189        0.6041254067        0.6461884834
 H          0.6610866535       -1.0689275738        1.4326317348
 H         -0.6610382729        1.0690393730        1.4325143511
  8
 Etot=         -23.4935089512
 C          0.6252400002       -0.4305096518        0.5713576928
 C         -0.6253401565        0.4302796223        0.5708871103
 Cl        -0.7000189704        1.4497358206       -0.8922490048
 Cl        -2.0529900519       -0.6390974835        0.6279317644
 Cl         0.7006600621       -1.4490715740       -0.8923986633
 Cl         2.0525203578        0.6391194588        0.6276171786
 H          0.6489668293       -1.0833642058        1.4481045515
 H         -0.6490405565        1.0831318398        1.4475380738
  8
 Etot=         -23.4935901529
 C          0.6268930320       -0.4272524412        0.5695549125
 C         -0.6268729840        0.4273110595        0.5697126160
 Cl        -0.7063030260        1.4471431217       -0.8892929642
 Cl        -2.0582426561       -0.6320878873        0.6321452225
 Cl         0.7064196009       -1.4471844814       -0.8894346106
 Cl         2.0581269352        0.6320931762        0.6326075041
 H          0.6540763737       -1.0844366179        1.4417228794
 H         -0.6540997615        1.0846378968        1.4417731435
  8
 Etot=         -23.4935993793
 C          0.6267441612       -0.4271416405        0.5689641988
 C         -0.6267537388        0.4271567615        0.5688931660
 Cl        -0.7062405460        1.4450629196       -0.8898578699
 Cl        -2.0563054179       -0.6311223793        0.6361398847
 Cl         0.7063631050       -1.4448862836       -0.8899005134
 Cl         2.0562272612        0.6311441751        0.6364478668
 H          0.6546542053       -1.0866554536        1.4390902062
 H         -0.6546915156        1.0866657272        1.4390117638
