  15
 Etot=         -20.1346921265
 C         -0.7248416818       -1.2000036088        0.2059925502
 C          0.7369029349       -1.1757265817       -0.2271405722
 O          1.3785432077        0.0027480730        0.2635286123
 C          0.7319443190        1.1777349733       -0.2267923652
 C         -0.7293143928        1.1977389964        0.2053648012
 N         -1.4272356909       -0.0025395213       -0.2667022933
 H         -0.7918378514       -1.2502448356        1.2989844680
 H         -1.2162279973       -2.0916450334       -0.1983143370
 H          1.2638013732       -2.0396879129        0.1877423676
 H          0.8353368268       -1.2174544587       -1.3183012172
 H          1.2559339173        2.0445713595        0.1871962582
 H          0.8309151503        1.2197951008       -1.3184840434
 H         -0.7959275262        1.2479789883        1.2989715100
 H         -1.2238314159        2.0863884978       -0.1982959195
 H         -2.3819599783       -0.0049796059        0.0909421966
  15
 Etot=         -20.1367322811
 C         -0.7301767166       -1.1982771442        0.2161732541
 C          0.7294635579       -1.1634754908       -0.2204859322
 O          1.3854145370        0.0024558519        0.2598678848
 C          0.7250570825        1.1655323666       -0.2200507490
 C         -0.7345762193        1.1955480272        0.2161099070
 N         -1.4062722339       -0.0026437960       -0.2872922259
 H         -0.7669237476       -1.2588773409        1.3163098218
 H         -1.2190171759       -2.0808316058       -0.2041780439
 H          1.2742450480       -2.0122511785        0.1979229822
 H          0.7957496743       -1.1918324405       -1.3162960656
 H          1.2667764379        2.0169250538        0.1975581245
 H          0.7909740257        1.1947591014       -1.3161569289
 H         -0.7718427049        1.2569726952        1.3164527983
 H         -1.2265173318        2.0754024093       -0.2053689656
 H         -2.3701530388       -0.0047320779        0.0341261550
  15
 Etot=         -20.1369555402
 C         -0.7313453270       -1.1964735257        0.2222260050
 C          0.7297310392       -1.1627880386       -0.2187058036
 O          1.3829334383        0.0025160816        0.2554320836
 C          0.7253909876        1.1650680493       -0.2187225490
 C         -0.7358261906        1.1937510722        0.2221081155
 N         -1.3953387645       -0.0026411629       -0.2897539722
 H         -0.7652048082       -1.2535587522        1.3240318127
 H         -1.2201587132       -2.0760156401       -0.1985983228
 H          1.2844635970       -2.0051583117        0.1973115383
 H          0.7814108695       -1.1855340529       -1.3161652141
 H          1.2771284026        2.0098140094        0.1965893085
 H          0.7764912544        1.1881309386       -1.3163444366
 H         -0.7703420143        1.2508420984        1.3239125733
 H         -1.2278075119        2.0712802890       -0.1992288992
 H         -2.3693250643       -0.0045586236        0.0005997773
  15
 Etot=         -20.1370024196
 C         -0.7319023118       -1.1954650485        0.2248409198
 C          0.7306389731       -1.1630721501       -0.2183759706
 O          1.3824080785        0.0026804262        0.2524235795
 C          0.7262562258        1.1656379015       -0.2188500053
 C         -0.7363435283        1.1926433118        0.2246931881
 N         -1.3894546238       -0.0026719019       -0.2902865262
 H         -0.7648585949       -1.2475652614        1.3272501564
 H         -1.2214174535       -2.0758547221       -0.1912883888
 H          1.2872715648       -2.0038100520        0.1960689993
 H          0.7759910494       -1.1872963042       -1.3160155582
 H          1.2797714284        2.0086812051        0.1950466903
 H          0.7711727702        1.1894838301       -1.3165482886
 H         -0.7693979659        1.2443851911        1.3270786427
 H         -1.2291251438        2.0713941063       -0.1911802060
 H         -2.3688092736       -0.0044961010       -0.0201652160
