  14
 Etot=         -16.0706334846
 C         -1.0366369802        0.7586069548       -0.0543712290
 C         -1.0319163775       -0.7652112192       -0.0591554112
 C          0.4176318995       -1.1566869677        0.1765383112
 N          1.1708315543        0.0033407101       -0.2909818134
 C          0.4100739665        1.1594142665        0.1732291566
 H         -1.6929331743        1.1595597246        0.7248150017
 H         -1.3970773159        1.1313354343       -1.0204562381
 H         -1.6894961597       -1.1760370059        0.7128944597
 H         -1.3816236063       -1.1346452765       -1.0305854558
 H          0.6008837888       -1.3248222706        1.2443675414
 H          0.6915291099       -2.0639958570       -0.3678107474
 H          2.1106615031        0.0068781850        0.1009546019
 H          0.5968704844        1.3339338260        1.2400187255
 H          0.6769725583        2.0675679058       -0.3756835041
  14
 Etot=         -16.0717571782
 C         -1.0484489818        0.7651618114       -0.0544630083
 C         -1.0431712040       -0.7717499028       -0.0588522627
 C          0.4170734122       -1.1518864872        0.1857442581
 N          1.1632220343        0.0034711400       -0.3005880685
 C          0.4099612664        1.1552163314        0.1831011269
 H         -1.6982623412        1.1761189460        0.7191262756
 H         -1.3911620998        1.1508598519       -1.0158608093
 H         -1.6948996382       -1.1926166738        0.7074373137
 H         -1.3741558150       -1.1544397092       -1.0255285815
 H          0.5892599415       -1.3329499847        1.2586301579
 H          0.7163652441       -2.0448103997       -0.3658848930
 H          2.1127475457        0.0060334689        0.0592626755
 H          0.5849796021        1.3426626397        1.2546837414
 H          0.7022622844        2.0481673781       -0.3730345268
  14
 Etot=         -16.0718892526
 C         -1.0512827886        0.7666888059       -0.0556585786
 C         -1.0457063639       -0.7733605731       -0.0599955180
 C          0.4182305226       -1.1530779930        0.1889774897
 N          1.1566967309        0.0034687436       -0.3000690590
 C          0.4112672666        1.1566129241        0.1864345834
 H         -1.6995482456        1.1736051692        0.7183076676
 H         -1.3887591256        1.1491134572       -1.0171834650
 H         -1.6962095292       -1.1900454709        0.7067474586
 H         -1.3725178416       -1.1524309229       -1.0264645276
 H          0.5850521425       -1.3331753890        1.2646698037
 H          0.7246936711       -2.0436647080       -0.3618698308
 H          2.1134415602        0.0058989009        0.0381143257
 H          0.5802473636        1.3426557487        1.2608155338
 H          0.7101658878        2.0469497171       -0.3690524845
  14
 Etot=         -16.0719201500
 C         -1.0521323654        0.7672613279       -0.0564549755
 C         -1.0464493595       -0.7740200401       -0.0608258777
 C          0.4188419020       -1.1525718532        0.1905787826
 N          1.1533179426        0.0034474079       -0.2993638744
 C          0.4120384479        1.1561821731        0.1881087758
 H         -1.7000349835        1.1721350266        0.7179330554
 H         -1.3858950820        1.1487369286       -1.0186737687
 H         -1.6967427321       -1.1885753226        0.7063822413
 H         -1.3699209147       -1.1521357751       -1.0278743292
 H          0.5824228075       -1.3291329343        1.2678070195
 H          0.7259342143       -2.0443885563       -0.3568914765
 H          2.1150986837        0.0061856438        0.0231899553
 H          0.5779927639        1.3384473007        1.2639571575
 H          0.7112999262        2.0476670830       -0.3640992866
