  16
 Etot=         -23.1114354969
 C         -2.7237351661        0.4317536778       -0.0004910925
 O         -1.7920300791       -0.6434163357       -0.0002210029
 C         -0.4716850055       -0.3099889119       -0.0004200993
 C          0.4994124595       -1.3113332869       -0.0000249877
 C          1.8518435320       -0.9700765837        0.0002130194
 C          2.2334941780        0.3712033010        0.0004482595
 C          1.2614228475        1.3723222717        0.0000810578
 C         -0.0910082250        1.0310655685       -0.0001569493
 H         -3.7404907340        0.0332265111       -0.0009519419
 H         -2.5635772177        1.0542969988       -0.8856211650
 H         -2.5706345952        1.0349952169        0.8978517489
 H          0.2086753844       -2.3578938916       -0.0013865592
 H          2.6082374408       -1.7493591201       -0.0007785203
 H          3.2859146516        0.6375053182       -0.0016451661
 H          1.5585560161        2.4176671026       -0.0001735024
 H         -0.8433511837        1.8149735796        0.0003932431
  16
 Etot=         -23.1148294860
 C         -2.7480845921        0.4099540079        0.0015269711
 O         -1.7849363721       -0.6330574082       -0.0004816605
 C         -0.4658872870       -0.2726996857       -0.0005208439
 C          0.4915337793       -1.2843668175       -0.0011165274
 C          1.8390784563       -0.9624032215       -0.0010257454
 C          2.2466196534        0.3631728364       -0.0007520215
 C          1.2980413273        1.3706010519        0.0000840485
 C         -0.0498430072        1.0591945983        0.0008287555
 H         -3.7297459462       -0.0619298675       -0.0025100311
 H         -2.6377410293        1.0334404158       -0.8917049005
 H         -2.6410268299        1.0237611804        0.9020586603
 H          0.1806183442       -2.3199920342       -0.0012510045
 H          2.5775881848       -1.7512258180       -0.0007334554
 H          3.2978390274        0.6121093204       -0.0006148511
 H          1.6037220355        2.4068754167        0.0004973396
 H         -0.7667314410        1.8635074412        0.0028316082
  16
 Etot=         -23.1155099878
 C         -2.7597573727        0.3946572118        0.0019276196
 O         -1.7759204138       -0.6251422161       -0.0004882640
 C         -0.4615455813       -0.2449414450        0.0001843295
 C          0.4866105511       -1.2655663402       -0.0007953390
 C          1.8339416463       -0.9607631023       -0.0008237561
 C          2.2587261249        0.3574719951       -0.0004056681
 C          1.3196691593        1.3717875938        0.0007088252
 C         -0.0323167386        1.0801228172        0.0013215366
 H         -3.7185926027       -0.1252993006       -0.0024027410
 H         -2.6781414605        1.0222313740       -0.8913114987
 H         -2.6807538022        1.0151549661        0.9004647739
 H          0.1542201833       -2.2922682512       -0.0017216332
 H          2.5593658226       -1.7597384183       -0.0016683518
 H          3.3114995063        0.5926529093       -0.0011864239
 H          1.6331201262        2.4040139865        0.0010027493
 H         -0.7390808446        1.8925676362        0.0023101839
  16
 Etot=         -23.1156659182
 C         -2.7693160117        0.3830500826        0.0017862636
 O         -1.7685925305       -0.6180392614       -0.0004542162
 C         -0.4579317235       -0.2267117744        0.0000685989
 C          0.4844957096       -1.2545057298       -0.0009951620
 C          1.8331451089       -0.9619207534       -0.0012563353
 C          2.2667802349        0.3541980753       -0.0005131265
 C          1.3331045200        1.3739252880        0.0007610000
 C         -0.0233975248        1.0944646609        0.0011898480
 H         -3.7146950525       -0.1582211974       -0.0011722105
 H         -2.7029961424        1.0115066564       -0.8908687083
 H         -2.7044870554        1.0057272401        0.8984594994
 H          0.1353729315       -2.2753185282       -0.0015544995
 H          2.5509862708       -1.7679345050       -0.0018374653
 H          3.3211198299        0.5812259430       -0.0006492859
 H          1.6540144659        2.4043318026        0.0015600503
 H         -0.7265587273        1.9111634169        0.0025920913
  16
 Etot=         -23.1156844976
 C         -2.7719828752        0.3793260986        0.0016873127
 O         -1.7654191295       -0.6148562399       -0.0003018996
 C         -0.4564089201       -0.2210270695        0.0000669977
 C          0.4842122430       -1.2515982209       -0.0010228785
 C          1.8332404428       -0.9630750111       -0.0011575017
 C          2.2681658234        0.3533762248       -0.0002615916
 C          1.3366581013        1.3748554415        0.0010405126
 C         -0.0214308121        1.0990906085        0.0012994666
 H         -3.7128913718       -0.1667617229       -0.0004839752
 H         -2.7098842906        1.0070085414       -0.8911828408
 H         -2.7109241695        1.0021704612        0.8979225846
 H          0.1284196185       -2.2700114655       -0.0018208811
 H          2.5492580840       -1.7707577438       -0.0021515926
 H          3.3230577668        0.5782957340       -0.0006511601
 H          1.6614151194        2.4044965938        0.0017725669
 H         -0.7244413267        1.9164091860        0.0023612222
