  15
 Etot=         -40.4730909378
 C          0.4461865809        1.3534908194        0.0004342048
 C         -0.2888578345        0.2348149506        0.0003459554
 C          0.4223749107       -1.0772680865        0.0000527293
 O         -0.1925549242       -2.1396127127        0.0004923670
 N          1.8092956796       -0.9923286847       -0.0002281978
 C          2.5665079301        0.1808684686       -0.0000109811
 O          3.7972699151        0.1791568767       -0.0000930879
 N          1.8137983804        1.3450715435        0.0007198436
 C         -1.7838167462        0.2251313809        0.0000617106
 F         -2.2772977567        1.4814742728       -0.0001122272
 F         -2.2662658327       -0.4067042229       -1.0905989372
 F         -2.2693527207       -0.4074143319        1.0893778899
 H         -0.0027434075        2.3402935890        0.0008337233
 H          2.3230802679       -1.8695931207        0.0004832970
 H          2.2932956035        2.2401469852        0.0001142204
  15
 Etot=         -40.4770281845
 C          0.4598602257        1.3669602183        0.0006502996
 C         -0.2696133749        0.2330673829        0.0004878123
 C          0.4185565465       -1.0721419440        0.0004191362
 O         -0.1670103239       -2.1398569931        0.0004969695
 N          1.7930172122       -0.9790434250       -0.0000123820
 C          2.5471073727        0.1802314456        0.0001563955
 O          3.7593724061        0.1686037222       -0.0002103944
 N          1.8142622464        1.3458057899        0.0006775010
 C         -1.7648961085        0.2154243575       -0.0002216732
 F         -2.2803555320        1.4592347317       -0.0002301712
 F         -2.2723407912       -0.4071660544       -1.0813803056
 F         -2.2743182143       -0.4076356197        1.0799051115
 H          0.0047273429        2.3492973516        0.0008088422
 H          2.3091096649       -1.8551557802        0.0001381046
 H          2.3134413731        2.2299025438        0.0001872642
  15
 Etot=         -40.4776189275
 C          0.4639752530        1.3743211063        0.0004262488
 C         -0.2605252164        0.2303123841        0.0003106219
 C          0.4127446685       -1.0700467009        0.0002086589
 O         -0.1536294297       -2.1457037950        0.0004404409
 N          1.7845381431       -0.9713505280        0.0000639081
 C          2.5395988840        0.1788658454        0.0001657893
 O          3.7476777119        0.1646291967        0.0000841992
 N          1.8111603497        1.3465304445        0.0005193652
 C         -1.7540895490        0.2135741567       -0.0002460410
 F         -2.2808784092        1.4512448008       -0.0001735291
 F         -2.2733318020       -0.4051553413       -1.0761190121
 F         -2.2743438766       -0.4055471528        1.0749076591
 H         -0.0017055025        2.3506241261        0.0005842027
 H          2.3025241548       -1.8465906441        0.0001310715
 H          2.3272046661        2.2218198287        0.0005689267
  15
 Etot=         -40.4777102129
 C          0.4635266141        1.3752494103        0.0003527268
 C         -0.2600258868        0.2283415069        0.0002185282
 C          0.4099937791       -1.0699749468        0.0002545641
 O         -0.1492100536       -2.1495591030        0.0002394958
 N          1.7840911954       -0.9699256115        0.0001548016
 C          2.5392812018        0.1779320301        0.0003115422
 O          3.7482551171        0.1662911119        0.0001954537
 N          1.8088918695        1.3470947200        0.0005001125
 C         -1.7529401317        0.2150053335       -0.0002265993
 F         -2.2797683425        1.4526017193       -0.0001667455
 F         -2.2739660409       -0.4031841477       -1.0754233682
 F         -2.2746332125       -0.4035307924        1.0744032570
 H         -0.0084946893        2.3481404228        0.0004116139
 H          2.3027861484       -1.8449202324        0.0000243553
 H          2.3331324775        2.2179663062        0.0006227720
  15
 Etot=         -40.4777541611
 C          0.4625879332        1.3743708902        0.0002303372
 C         -0.2610043841        0.2261106302        0.0000727496
 C          0.4080692682       -1.0703240825        0.0000382719
 O         -0.1454630600       -2.1528868141        0.0000303407
 N          1.7857539380       -0.9698803662        0.0001853852
 C          2.5398114609        0.1768965056        0.0003409507
 O          3.7496949160        0.1708933439        0.0004607310
 N          1.8064109049        1.3477415176        0.0004278009
 C         -1.7538266921        0.2170975034       -0.0001612034
 F         -2.2774247932        1.4561430804       -0.0000518126
 F         -2.2754595510       -0.4007164451       -1.0756598407
 F         -2.2757739186       -0.4011040071        1.0749097658
 H         -0.0155296400        2.3441032044        0.0002167893
 H          2.3044862938       -1.8449236798        0.0001445240
 H          2.3385873699        2.2140064462        0.0006877203
