  14
 Etot=         -46.5423591911
 C         -1.2610550519       -0.0015725201       -0.0007857595
 C         -0.5625137617       -1.2089501496       -0.0002151571
 C          0.8323055174       -1.2067039036        0.0001498561
 C          1.5285698187        0.0015613767        0.0003367363
 C          0.8290290794        1.2089571111       -0.0002060491
 C         -0.5657901996        1.2067108652       -0.0005710624
 Cl        -1.4571151940        2.7051189975        0.0007792287
 Cl         1.6948785652        2.7215289166       -0.0006547969
 Cl         3.2715683223        0.0038426517        0.0002259814
 Cl         1.7014296501       -2.7177248286        0.0002275722
 Cl        -1.4501381446       -2.7081125474        0.0000295298
 N         -2.6908550481       -0.0031850950       -0.0001771791
 O         -3.2903023035        1.0938989716        0.0005569142
 O         -3.2880842944       -1.1014236236       -0.0007785106
  14
 Etot=         -46.5541744617
 C         -1.2883926998       -0.0016516571       -0.0004090024
 C         -0.5695060703       -1.2165449224       -0.0001535167
 C          0.8232989229       -1.2044373317        0.0000539941
 C          1.5192625211        0.0017316419       -0.0000197887
 C          0.8202692195        1.2065754113       -0.0002799407
 C         -0.5725007782        1.2145260022       -0.0001686658
 Cl        -1.3500650158        2.7648318885        0.0004792426
 Cl         1.6808036800        2.7048658300       -0.0005524979
 Cl         3.2445975410        0.0039733519        0.0002686676
 Cl         1.6873276429       -2.7010416878        0.0003218327
 Cl        -1.3435209805       -2.7676751217       -0.0000073432
 N         -2.7212977905       -0.0033162109       -0.0003962408
 O         -3.3203157697        1.0638129516        0.0006810102
 O         -3.3180334675       -1.0717039233       -0.0009004472
  14
 Etot=         -46.5553156840
 C         -1.2959635100       -0.0016022719        0.0000649019
 C         -0.5739941427       -1.2171911174        0.0000134390
 C          0.8214388841       -1.2035968971        0.0000283623
 C          1.5189265002        0.0017944284       -0.0000792670
 C          0.8185797875        1.2056588526       -0.0001869508
 C         -0.5768427306        1.2154895716        0.0000433978
 Cl        -1.3333270500        2.7640642355        0.0003478279
 Cl         1.6893566130        2.6849830934       -0.0004949168
 Cl         3.2299945272        0.0038649162       -0.0000543283
 Cl         1.6957106547       -2.6811099733        0.0002204070
 Cl        -1.3266104800       -2.7671517953        0.0001198422
 N         -2.7308987835       -0.0033006866        0.0002367188
 O         -3.3234411329        1.0549676725        0.0001538731
 O         -3.3210021817       -1.0629238059       -0.0014960033
  14
 Etot=         -46.5555391354
 C         -1.2969230040       -0.0015729002       -0.0007174441
 C         -0.5756562246       -1.2172753973       -0.0002933072
 C          0.8212607320       -1.2039842524        0.0000651305
 C          1.5213322638        0.0017983045        0.0000342353
 C          0.8184482851        1.2059664698       -0.0000929743
 C         -0.5784689584        1.2157619709       -0.0002771922
 Cl        -1.3251082232        2.7605822057       -0.0002058924
 Cl         1.6869044944        2.6787584184       -0.0001417946
 Cl         3.2236661645        0.0037657140        0.0002815000
 Cl         1.6933085327       -2.6747990757        0.0004305369
 Cl        -1.3184396036       -2.7637687174       -0.0001568193
 N         -2.7349857545       -0.0032896478       -0.0018823314
 O         -3.3229827260        1.0561432498        0.0019040289
 O         -3.3204290228       -1.0641401198       -0.0000303721
  14
 Etot=         -46.5555524307
 C         -1.2959322042       -0.0015655595        0.0021344547
 C         -0.5763123010       -1.2175951357        0.0008829736
 C          0.8215667931       -1.2043660539       -0.0000411126
 C          1.5228441593        0.0017899400       -0.0004238859
 C          0.8187379425        1.2062939392       -0.0002226806
 C         -0.5791581692        1.2161557756        0.0008148448
 Cl        -1.3244164976        2.7578356036        0.0008410508
 Cl         1.6860178005        2.6771199326       -0.0007731417
 Cl         3.2218478598        0.0037904064       -0.0012735312
 Cl         1.6923914029       -2.6731606449       -0.0003829756
 Cl        -1.3177860084       -2.7610561169        0.0011814247
 N         -2.7360110205       -0.0032922015        0.0052115163
 O         -3.3222270182        1.0583408447       -0.0033541043
 O         -3.3196357835       -1.0663445071       -0.0056775291
