  22
 Etot=         -26.2064180306
 C         -1.7447372073        0.7903213048       -0.4965737301
 C         -2.0363413533       -0.6540086037       -0.1015950759
 C         -0.8707592686       -1.4810407165        0.4309434561
 C          0.4609763072       -1.2571148014       -0.2762301725
 C          1.2583144118       -0.0885547421        0.3028728708
 C          0.6934261766        1.2980043945       -0.0042118772
 C         -0.7589012913        1.5230017563        0.4079083884
 O          2.5786521666       -0.1593230278       -0.2426269576
 H         -2.6987416398        1.3336107304       -0.4915594883
 H         -1.3934499850        0.8215772225       -1.5351041125
 H         -2.8281275591       -0.6622719583        0.6588076603
 H         -2.4640999580       -1.1630995145       -0.9750863584
 H         -0.7547755779       -1.3025411526        1.5070841017
 H         -1.1454862705       -2.5397334368        0.3357709896
 H          1.0668578291       -2.1661801132       -0.1587191508
 H          0.3251993955       -1.1414472328       -1.3592937181
 H          1.3543828961       -0.2146677415        1.3877066635
 H          1.3198488032        2.0402774857        0.5084959840
 H          0.8188348362        1.5178242908       -1.0730490403
 H         -0.9150023136        1.2649826833        1.4605035760
 H         -0.9598776948        2.5983277812        0.3168401420
 H          3.0673385120        0.5859857573        0.1336129536
  22
 Etot=         -26.2081082208
 C         -1.7528487187        0.7863890540       -0.4989790393
 C         -2.0525303314       -0.6601133719       -0.1021299501
 C         -0.8724500604       -1.4732645752        0.4326366501
 C          0.4597926348       -1.2450185708       -0.2758266065
 C          1.2643458889       -0.0824918197        0.3001030095
 C          0.6919319742        1.3030948735        0.0000754053
 C         -0.7638112226        1.5233167876        0.4000560581
 O          2.5862860243       -0.1834154151       -0.2382837471
 H         -2.7035012551        1.3289378435       -0.5008646681
 H         -1.3736986426        0.8185713893       -1.5242761919
 H         -2.8342316486       -0.6668393203        0.6644388165
 H         -2.4677195553       -1.1679875349       -0.9785707761
 H         -0.7355810052       -1.2757824089        1.5000495590
 H         -1.1386354821       -2.5309395502        0.3438173928
 H          1.0847451735       -2.1374657026       -0.1592697761
 H          0.3152903703       -1.0979248530       -1.3490866538
 H          1.3262372889       -0.2183102061        1.3909230544
 H          1.3150698417        2.0393998731        0.5222573666
 H          0.8014765895        1.4925613590       -1.0733375081
 H         -0.9149626243        1.2384431879        1.4431964570
 H         -0.9624185633        2.5972486254        0.3241391537
 H          3.1007445383        0.5555207011        0.1154290983
  22
 Etot=         -26.2084417833
 C         -1.7508722747        0.7833314158       -0.5050836717
 C         -2.0551981716       -0.6626118129       -0.1019317715
 C         -0.8710989339       -1.4701500395        0.4379414911
 C          0.4548627461       -1.2365456156       -0.2822768054
 C          1.2614895773       -0.0787096867        0.3045293465
 C          0.6929760466        1.3082105263       -0.0013076169
 C         -0.7643621677        1.5167303296        0.4030480969
 O          2.5800046965       -0.1955868742       -0.2297317133
 H         -2.6982798734        1.3271659699       -0.5148169493
 H         -1.3592164257        0.8079696169       -1.5242735825
 H         -2.8325240547       -0.6648543954        0.6657367799
 H         -2.4645062517       -1.1720302957       -0.9771701760
 H         -0.7270257855       -1.2559421301        1.4996546690
 H         -1.1315861062       -2.5276198704        0.3586941087
 H          1.0851951543       -2.1232745884       -0.1768709876
 H          0.3007807985       -1.0703649453       -1.3492257034
 H          1.3102650616       -0.2171867959        1.3990023264
 H          1.3105558037        2.0451271689        0.5217825954
 H          0.7969080916        1.4856753840       -1.0756231353
 H         -0.9134040172        1.2186406643        1.4421206164
 H         -0.9657742809        2.5882520898        0.3357039860
 H          3.1143415822        0.5377042502        0.1065952006
  22
 Etot=         -26.2085407536
 C         -1.7471755706        0.7793802402       -0.5092232981
 C         -2.0569201077       -0.6649136726       -0.1009485159
 C         -0.8707236027       -1.4681359997        0.4421590748
 C          0.4505703743       -1.2305518377       -0.2869163465
 C          1.2620131202       -0.0766296797        0.3058938753
 C          0.6947498394        1.3109603544       -0.0021159036
 C         -0.7641713791        1.5127457955        0.4052336277
 O          2.5788042612       -0.2009143024       -0.2210066167
 H         -2.6923848433        1.3252802019       -0.5284636093
 H         -1.3486008784        0.7960784140       -1.5250625277
 H         -2.8339346857       -0.6619168357        0.6658339550
 H         -2.4643415846       -1.1779829044       -0.9738610732
 H         -0.7253307381       -1.2431962833        1.5005367063
 H         -1.1284835298       -2.5261313504        0.3730019127
 H          1.0813259830       -2.1174954583       -0.1980859808
 H          0.2867406873       -1.0510328160       -1.3492553790
 H          1.3040757068       -0.2143038765        1.4014497972
 H          1.3096988225        2.0500708016        0.5183286212
 H          0.7969722228        1.4863816919       -1.0756043897
 H         -0.9108080975        1.2047340843        1.4412852761
 H         -0.9718530278        2.5831010926        0.3474622263
 H          3.1233082429        0.5284027060        0.1058556720
  22
 Etot=         -26.2085616561
 C         -1.7449723550        0.7767684311       -0.5114763126
 C         -2.0573471895       -0.6657545761       -0.0995769629
 C         -0.8702545305       -1.4665047277        0.4446024037
 C          0.4481516655       -1.2273669567       -0.2892099773
 C          1.2626592092       -0.0761639709        0.3062349627
 C          0.6957583548        1.3116821137       -0.0023769611
 C         -0.7638625691        1.5100875812        0.4054873258
 O          2.5788084750       -0.2022745856       -0.2166805684
 H         -2.6891877090        1.3245548925       -0.5371724292
 H         -1.3430795267        0.7890761358       -1.5260235026
 H         -2.8350361385       -0.6598157090        0.6668752976
 H         -2.4658333688       -1.1812660245       -0.9708987277
 H         -0.7245592169       -1.2379970099        1.5020627387
 H         -1.1260682423       -2.5254520142        0.3805449684
 H          1.0781015158       -2.1161171185       -0.2113269398
 H          0.2783094043       -1.0415494055       -1.3494669884
 H          1.3021975049       -0.2133473695        1.4015584004
 H          1.3100667371        2.0519423720        0.5175592964
 H          0.7984073349        1.4895151800       -1.0754426532
 H         -0.9092449543        1.1982221732        1.4403741230
 H         -0.9747514625        2.5802054582        0.3525633760
 H          3.1252682764        0.5254854960        0.1082862349
