  9
 Etot=         -11.3985737643
 C          1.2702485288       -0.2398287260       -0.0000554235
 C         -0.0109779461        0.5661270478        0.0000494793
 O         -1.1171530177       -0.3240121046        0.0000651564
 H          2.1450356153        0.4167734862        0.0002417388
 H          1.3169228456       -0.8904350611        0.8798314470
 H          1.3177351768       -0.8905475807       -0.8792618784
 H         -0.0667773748        1.1968463586       -0.8919715825
 H         -0.0668550980        1.1985752194        0.8909513000
 H         -1.9187013545        0.2237402045       -0.0007544451
  9
 Etot=         -11.3990259628
 C          1.2709875025       -0.2441257730        0.0001609861
 C         -0.0101816532        0.5660281241       -0.0003843770
 O         -1.1183716545       -0.3255013204        0.0000430368
 H          2.1350189476        0.4162085794        0.0004544859
 H          1.3076681444       -0.8821057255        0.8824982050
 H          1.3082246622       -0.8822919872       -0.8818321845
 H         -0.0473130241        1.2030245183       -0.8928248141
 H         -0.0473056933        1.2038896349        0.8914059264
 H         -1.9292498563        0.2021127935       -0.0004254724
  9
 Etot=         -11.3991063484
 C          1.2731800710       -0.2479683439        0.0001878275
 C         -0.0094603762        0.5683203922       -0.0003603956
 O         -1.1162462376       -0.3218162923        0.0000282497
 H          2.1325788614        0.4140487075        0.0003744154
 H          1.3055720652       -0.8814570339        0.8819773259
 H          1.3061585756       -0.8818216225       -0.8813538622
 H         -0.0434582034        1.2083544374       -0.8923164649
 H         -0.0436203513        1.2091757309        0.8909864822
 H         -1.9352270293        0.1904028689       -0.0004277859
  9
 Etot=         -11.3991148973
 C          1.2737157557       -0.2482883704        0.0002020038
 C         -0.0094959397        0.5691651385       -0.0003278181
 O         -1.1146292952       -0.3200081478       -0.0000132275
 H          2.1334198329        0.4138009221        0.0002761104
 H          1.3043209863       -0.8816754690        0.8820253648
 H          1.3048176446       -0.8820864552       -0.8813378557
 H         -0.0428133312        1.2093519636       -0.8922564968
 H         -0.0430075438        1.2101543967        0.8910176110
 H         -1.9368507343        0.1868248656       -0.0004899000
