  9
 Etot=         -34.7599664118
 C          0.2743193598       -0.5016347145       -0.0001280669
 C          1.4020748492        0.2146107021        0.0001157664
 F          2.6076736982       -0.3908085025        0.0001587414
 F          1.3344804474        1.5627100887       -0.0000859169
 C         -1.0998354087        0.0651884214        0.0003244189
 F         -2.0773416593       -0.8759106098       -0.0000545880
 F         -1.3104691384        0.8478279332        1.0886978964
 F         -1.3096647814        0.8471129588       -1.0891050887
 F          0.3908226162       -1.8506880452        0.0001916355
  9
 Etot=         -34.7652613304
 C          0.2763115614       -0.5113782524        0.0000634209
 C          1.4004445134        0.2097636326        0.0001957145
 F          2.6008799605       -0.3481983805        0.0000667283
 F          1.3704567296        1.5362951142       -0.0000341158
 C         -1.1050024011        0.0683709947        0.0000988422
 F         -2.0592776452       -0.8745440268       -0.0000281327
 F         -1.3206745810        0.8458710508        1.0792348507
 F         -1.3202514582        0.8454468018       -1.0797748992
 F          0.3691733037       -1.8532187020        0.0002923891
  9
 Etot=         -34.7670412330
 C          0.2775262941       -0.5239770907        0.0000721474
 C          1.3961370392        0.2036755389       -0.0000484222
 F          2.6000131167       -0.2956648515        0.0003192212
 F          1.4068696086        1.5099596257        0.0000235006
 C         -1.1121361976        0.0699433985       -0.0000453999
 F         -2.0444395297       -0.8737065788        0.0000563447
 F         -1.3258577351        0.8443021229        1.0704528598
 F         -1.3257623550        0.8439565893       -1.0709732561
 F          0.3397097418       -1.8600805218        0.0002578025
  9
 Etot=         -34.7671164432
 C          0.2780723491       -0.5253181590        0.0001797146
 C          1.3954977963        0.2024922564        0.0001824764
 F          2.6054091608       -0.2939245549        0.0001490574
 F          1.4038472530        1.5121932642       -0.0001190140
 C         -1.1121210635        0.0700280047       -0.0000438369
 F         -2.0448257550       -0.8744750743       -0.0000357255
 F         -1.3245382383        0.8450288063        1.0713154683
 F         -1.3242955724        0.8447281217       -1.0717803974
 F          0.3350140532       -1.8623444328        0.0002670552
  9
 Etot=         -34.7671406775
 C          0.2791648675       -0.5279561359        0.0000182748
 C          1.3946268825        0.2006755313       -0.0000594392
 F          2.6102934722       -0.2885019733        0.0003458322
 F          1.4006074484        1.5122912660        0.0000636587
 C         -1.1118255340        0.0703087675       -0.0000802975
 F         -2.0441978836       -0.8744838418        0.0000752456
 F         -1.3223887429        0.8457434089        1.0716725271
 F         -1.3223572392        0.8453257284       -1.0721761037
 F          0.3281367120       -1.8649945188        0.0002551000
