  13
 Etot=         -16.7083966184
 C         -1.0310942424       -0.7191810194       -0.2229074628
 C         -1.0299585618        0.7207276471        0.2229094752
 C          0.3751606192        1.1557842663       -0.1334622762
 O          1.2121268875       -0.0009499678        0.0000569266
 C          0.3734534844       -1.1564310484        0.1332274770
 H         -1.1755088091       -0.7705518810       -1.3087985566
 H         -1.8033295734       -1.3275269177        0.2555210707
 H         -1.8001867438        1.3318036813       -0.2541561681
 H         -1.1733007034        0.7726899891        1.3096532101
 H          0.4331935874        1.4930171390       -1.1738656423
 H          0.7456793000        1.9557952106        0.5139907307
 H          0.7401903596       -1.9575499534       -0.5143577022
 H          0.4319057876       -1.4933207496        1.1738833555
  13
 Etot=         -16.7092036156
 C         -1.0424062247       -0.7238984135       -0.2293226611
 C         -1.0409849921        0.7260127202        0.2300949269
 C          0.3730426829        1.1571995227       -0.1370393017
 O          1.2006882249       -0.0011074175       -0.0000595744
 C          0.3709909688       -1.1579149381        0.1367883679
 H         -1.1832886752       -0.7793774369       -1.3121020615
 H         -1.8022394304       -1.3359252093        0.2535781370
 H         -1.7992439205        1.3400159795       -0.2524454393
 H         -1.1809825185        0.7818254285        1.3132207558
 H          0.4322551081        1.4979733773       -1.1785727468
 H          0.7722380919        1.9406733138        0.5124689092
 H          0.7679474091       -1.9420933218       -0.5131363374
 H          0.4303146675       -1.4990772086        1.1782214629
  13
 Etot=         -16.7093036852
 C         -1.0463324789       -0.7268668424       -0.2283487530
 C         -1.0447117680        0.7291121937        0.2293762696
 C          0.3753567269        1.1575663561       -0.1349439141
 O          1.1995655636       -0.0011512898       -0.0001127717
 C          0.3731158029       -1.1582572366        0.1348109753
 H         -1.1897825224       -0.7823549240       -1.3080637698
 H         -1.7995277187       -1.3356386630        0.2643411453
 H         -1.7967155228        1.3394286038       -0.2632413123
 H         -1.1875786344        0.7849792662        1.3091167303
 H          0.4305725179        1.5022036098       -1.1759291817
 H          0.7800909036        1.9354641117        0.5167943513
 H          0.7758413185       -1.9366238923       -0.5176809434
 H          0.4284372037       -1.5035548970        1.1755756118
  13
 Etot=         -16.7093165054
 C         -1.0468473434       -0.7279443508       -0.2272624608
 C         -1.0452277057        0.7302313247        0.2282661251
 C          0.3768614331        1.1576548162       -0.1331836128
 O          1.1998715418       -0.0011588920       -0.0000546775
 C          0.3746231750       -1.1583872984        0.1330692968
 H         -1.1940165772       -0.7852979926       -1.3057421861
 H         -1.7970434925       -1.3344800415        0.2717350583
 H         -1.7943647559        1.3382367719       -0.2706040591
 H         -1.1918310252        0.7880571048        1.3067429950
 H          0.4321069735        1.5047199036       -1.1733759209
 H          0.7792296315        1.9344458080        0.5206235863
 H          0.7749472807       -1.9356119405       -0.5215261383
 H          0.4300222564       -1.5061588173        1.1730064317
