  15
 Etot=         -18.1882669960
 C         -2.9497536352        0.5074515561       -0.0003993951
 C         -1.7906450078       -0.4754293185        0.0002139913
 C         -0.4430950701        0.2459198640       -0.0005087696
 C          0.7197091902       -0.7447774854       -0.0003903769
 C          2.0110265757       -0.0445572283       -0.0004286051
 N          3.0317850448        0.5073332347        0.0006031874
 H         -3.9097180168       -0.0190732185       -0.0006183113
 H         -2.9099581467        1.1402016980        0.8909128830
 H         -2.9136857513        1.1564748521       -0.8807753767
 H         -1.8669511921       -1.1213628653        0.8828992236
 H         -1.8665559128       -1.1227551460       -0.8820857354
 H         -0.3752038917        0.8990480594        0.8797868332
 H         -0.3752733721        0.8976962006       -0.8812254234
 H          0.6573118214       -1.3928113845        0.8819296524
 H          0.6566119269       -1.3936891287       -0.8811749219
  15
 Etot=         -18.1898638402
 C         -2.9495345028        0.5103954115        0.0024436733
 C         -1.7886029901       -0.4735840536       -0.0000365717
 C         -0.4440319115        0.2501298739       -0.0011844851
 C          0.7199686013       -0.7449943769       -0.0019715212
 C          1.9936817442       -0.0650470632       -0.0112531041
 N          2.9889460611        0.4956095838        0.0124905764
 H         -3.9013958140       -0.0182537721       -0.0004839034
 H         -2.9140256106        1.1441180900        0.8877546150
 H         -2.9131470536        1.1524395987       -0.8765568164
 H         -1.8566651386       -1.1156199453        0.8826238986
 H         -1.8571855398       -1.1164163516       -0.8824244502
 H         -0.3755974468        0.8953653088        0.8800425218
 H         -0.3773740012        0.8942163474       -0.8831661605
 H          0.6786082678       -1.3818646616        0.8867323606
 H          0.6719598971       -1.3868242999       -0.8862717773
  15
 Etot=         -18.1898396590
 C         -2.9517150661        0.5105925049        0.0022451863
 C         -1.7898864049       -0.4742381020       -0.0006326209
 C         -0.4465348872        0.2511232774       -0.0002580693
 C          0.7213535651       -0.7424648927        0.0011081084
 C          1.9783904725       -0.0523402217        0.0179465550
 N          2.9947415838        0.4733065467       -0.0161294371
 H         -3.9003911089       -0.0193098486       -0.0009372104
 H         -2.9152894024        1.1436221524        0.8858519297
 H         -2.9133576071        1.1500471342       -0.8764318117
 H         -1.8557299054       -1.1150040651        0.8814733831
 H         -1.8565362452       -1.1135883237       -0.8837064169
 H         -0.3781387289        0.8918441980        0.8818746604
 H         -0.3766500606        0.8927701387       -0.8816320035
 H          0.6789315443       -1.3806105999        0.8872288150
 H          0.6864168134       -1.3760802089       -0.8892622127
  15
 Etot=         -18.1900009304
 C         -2.9519515101        0.5113557346        0.0027295964
 C         -1.7893266778       -0.4733026986        0.0004680930
 C         -0.4449754526        0.2510622983       -0.0011482996
 C          0.7221993953       -0.7449317927       -0.0017999162
 C          1.9840617477       -0.0664568981       -0.0032478070
 N          2.9860637124        0.4913735805        0.0067821032
 H         -3.8999346580       -0.0194312220        0.0003053441
 H         -2.9145094937        1.1444408158        0.8859240968
 H         -2.9131646538        1.1497152384       -0.8765995791
 H         -1.8549827812       -1.1134872457        0.8826395025
 H         -1.8575606416       -1.1121987875       -0.8823337768
 H         -0.3733516620        0.8916471359        0.8803098347
 H         -0.3749412129        0.8909417385       -0.8832801179
 H          0.6802729645       -1.3795358412        0.8868200769
 H          0.6777054864       -1.3815223663       -0.8888302954
  15
 Etot=         -18.1900103403
 C         -2.9517766743        0.5110150100        0.0024693166
 C         -1.7889691281       -0.4736410100        0.0002378778
 C         -0.4449887842        0.2515924250       -0.0006787672
 C          0.7225489667       -0.7445452881       -0.0009522565
 C          1.9857859660       -0.0640925325       -0.0007134425
 N          2.9886665418        0.4898634433        0.0029959074
 H         -3.9001627019       -0.0200967180        0.0002626873
 H         -2.9144864088        1.1442919805        0.8860514688
 H         -2.9134126114        1.1497434808       -0.8771373878
 H         -1.8554162372       -1.1141415117        0.8823803694
 H         -1.8573950687       -1.1127523641       -0.8827664891
 H         -0.3740578521        0.8927008721        0.8808564331
 H         -0.3750529230        0.8921434126       -0.8826918230
 H          0.6776091342       -1.3810507524        0.8865049341
 H          0.6767123434       -1.3813607575       -0.8880799728
