  8
 Etot=         -19.6094155335
 C         -1.1594946901       -1.4943849156        0.0049461633
 S         -0.4514061631        0.1153326728       -0.0004319112
 O         -0.7457184965        0.7679950349        1.2635701029
 O         -0.7442714331        0.7585035365       -1.2693035255
 Cl         1.5842167775       -0.1326466260        0.0007972739
 H         -0.9325190370       -1.9728243740       -0.9484722850
 H         -0.7236926783       -2.0590738122        0.8301031523
 H         -2.2384211411       -1.3948208740        0.1361357771
  8
 Etot=         -19.6109361889
 C         -1.1443910742       -1.5041768427        0.0042216028
 S         -0.4763999881        0.1308357092       -0.0005503832
 O         -0.7543002633        0.7970068452        1.2534048669
 O         -0.7554436510        0.7899170447       -1.2578669025
 Cl         1.5464036556       -0.2079353931       -0.0008251184
 H         -0.9071308941       -1.9670292473       -0.9475278539
 H         -0.7035237938       -2.0490475654        0.8321391161
 H         -2.2165208528       -1.4014899083        0.1343494201
  8
 Etot=         -19.6117072706
 C         -1.1506099578       -1.5267492768        0.0038254159
 S         -0.4861905202        0.1200249172        0.0000389430
 O         -0.7381966973        0.8120379079        1.2360918757
 O         -0.7439582585        0.8082550807       -1.2370928246
 Cl         1.5420664917       -0.1946609558       -0.0055585908
 H         -0.9057214899       -1.9728429853       -0.9467049603
 H         -0.7123739472       -2.0519062895        0.8376060039
 H         -2.2163224824       -1.4060777561        0.1291388852
  8
 Etot=         -19.6118852750
 C         -1.1496052850       -1.5257230991        0.0040668044
 S         -0.4861698809        0.1219250785        0.0005316220
 O         -0.7447103141        0.8180841095        1.2306709871
 O         -0.7544105772        0.8160030156       -1.2289847538
 Cl         1.5450148899       -0.2163516854       -0.0086867204
 H         -0.8954804974       -1.9694318099       -0.9465546517
 H         -0.7074263367       -2.0445067112        0.8413931148
 H         -2.2185188603       -1.4119182556        0.1249083454
  8
 Etot=         -19.6119618252
 C         -1.1517047318       -1.5239679392        0.0044815644
 S         -0.4816730456        0.1197080817        0.0010623039
 O         -0.7438311359        0.8203102695        1.2280495291
 O         -0.7592449501        0.8204088552       -1.2228297862
 Cl         1.5507247163       -0.2169851058       -0.0126455822
 H         -0.8907978016       -1.9715485761       -0.9441139940
 H         -0.7110059515       -2.0427128685        0.8442833816
 H         -2.2237739614       -1.4171320745        0.1190573314
  8
 Etot=         -19.6119846816
 C         -1.1520099030       -1.5227160411        0.0047461703
 S         -0.4792246327        0.1182108611        0.0015026854
 O         -0.7414896895        0.8213931978        1.2282492057
 O         -0.7619633531        0.8236444620       -1.2197350518
 Cl         1.5509250251       -0.2161579668       -0.0163457438
 H         -0.8869701177       -1.9747278186       -0.9412335988
 H         -0.7154301376       -2.0428572033        0.8464656224
 H         -2.2251440532       -1.4187088487        0.1136954585
