  14
 Etot=         -21.7518702494
 C          0.6911337248       -0.3318003517       -0.0011658692
 C         -0.6910579858        0.3319902343       -0.0008009994
 C         -1.8394786478       -0.6745041681       -0.0008287862
 Cl        -3.4270788969        0.1262245116       -0.0010031531
 C          1.8391084546        0.6738436835       -0.0008587621
 Cl         3.4271546360       -0.1260346290       -0.0009637155
 H          0.7953045198       -1.0028045836       -0.8609203494
 H          0.7845308651       -0.9543693367        0.8982905406
 H         -0.7951774224        1.0021070716       -0.8621229876
 H         -0.7845236892        0.9545073641        0.8966947306
 H         -1.7910890656       -1.3305081111       -0.8753293724
 H         -1.7911628677       -1.2976370675        0.8965412462
 H          1.7915978109        1.3284817287       -0.8762111302
 H          1.7913645796        1.2991518184        0.8957856818
  14
 Etot=         -21.7532158053
 C          0.6811990290       -0.3477571850        0.0089006172
 C         -0.6810459121        0.3480076142        0.0088323746
 C         -1.8028301555       -0.6833231455        0.0040697425
 Cl        -3.3873583430        0.1340235361       -0.0091353164
 C          1.8029356747        0.6830560334        0.0034773471
 Cl         3.3875423809       -0.1343200222       -0.0087499360
 H          0.7765313999       -0.9967092186       -0.8652719094
 H          0.7746265761       -0.9743716910        0.9004919374
 H         -0.7770313987        0.9950455502       -0.8670157859
 H         -0.7747381592        0.9751901081        0.8993179640
 H         -1.7670186105       -1.3178070960       -0.8834147449
 H         -1.7753263062       -1.3056658297        0.9003598352
 H          1.7675698342        1.3171790067       -0.8842527118
 H          1.7755700058        1.3061005039        0.8994976606
  14
 Etot=         -21.7534028698
 C          0.6810531982       -0.3474784498        0.0128680606
 C         -0.6809280801        0.3474550874        0.0124694890
 C         -1.8003991693       -0.6820339814        0.0061190587
 Cl        -3.3946454069        0.1302725162       -0.0110252835
 C          1.8005080466        0.6818494370        0.0055689438
 Cl         3.3947110721       -0.1307103071       -0.0106552728
 H          0.7718495076       -0.9863629349       -0.8668313687
 H          0.7747545321       -0.9770388756        0.8989780112
 H         -0.7720009263        0.9848838324       -0.8682610231
 H         -0.7746933771        0.9781114255        0.8977052950
 H         -1.7625864600       -1.3087767683       -0.8841282259
 H         -1.7764667696       -1.3041955553        0.9001186831
 H          1.7629290391        1.3081447199       -0.8850240252
 H          1.7765408090        1.3045280185        0.8992047318
  14
 Etot=         -21.7534584501
 C          0.6818436230       -0.3476245965        0.0136106318
 C         -0.6818054492        0.3474321266        0.0130128328
 C         -1.7993098708       -0.6819871963        0.0069990822
 Cl        -3.4020132947        0.1282068742       -0.0093703885
 C          1.7994058438        0.6818008488        0.0065867127
 Cl         3.4020598568       -0.1285836380       -0.0090455483
 H          0.7705963011       -0.9823847428       -0.8682609502
 H          0.7753635369       -0.9794188285        0.8967453710
 H         -0.7703501933        0.9812821311       -0.8694316986
 H         -0.7754201162        0.9803623164        0.8954778423
 H         -1.7623497711       -1.3057974116       -0.8839366634
 H         -1.7782774890       -1.3030863145        0.9003180509
 H          1.7625141816        1.3048084342       -0.8849342148
 H          1.7783688562        1.3036381613        0.8993360142
  14
 Etot=         -21.7534669483
 C          0.6824656930       -0.3473640334        0.0124022787
 C         -0.6824191033        0.3471603388        0.0118495775
 C         -1.7991292326       -0.6827004639        0.0070911585
 Cl        -3.4040687388        0.1286809696       -0.0067501082
 C          1.7992259239        0.6825184293        0.0066901582
 Cl         3.4041259146       -0.1289853639       -0.0063833352
 H          0.7716928032       -0.9824816824       -0.8692849497
 H          0.7754376992       -0.9794138833        0.8956855736
 H         -0.7713809635        0.9814266279       -0.8704343549
 H         -0.7755553174        0.9802268918        0.8944829238
 H         -1.7648052234       -1.3066328352       -0.8838650273
 H         -1.7783934592       -1.3031843007        0.9007658184
 H          1.7649213595        1.3055526777       -0.8848944479
 H          1.7785086602        1.3038447925        0.8997518085
