  14
 Etot=         -23.3751216061
 C          0.8613663097       -1.8436284299        0.0006343599
 C          1.8882969278       -0.8996303590       -0.0008311998
 C          1.5832934794        0.4614343862       -0.0021179366
 C          0.2526888591        0.8787831845       -0.0015479878
 C         -0.7740424347       -0.0661943902       -0.0000534079
 C         -0.4690389864       -1.4272591354        0.0012333289
 Cl        -2.4167406641        0.4469015365        0.0002584331
 N          2.6217684069        1.4159257427       -0.0043708198
 H          1.0991108358       -2.9039672909        0.0008348648
 H          2.9220059096       -1.2355084617       -0.0021122008
 H          0.0186555685        1.9408659292       -0.0028373455
 H         -1.2593592880       -2.1750672325        0.0029276667
 H          3.5711647084        1.1051668393        0.0429321042
 H          2.3905716985        2.3881107282        0.0418724081
  14
 Etot=         -23.3779352273
 C          0.8654540249       -1.8303144999        0.0002558951
 C          1.8881730021       -0.8988633807       -0.0008685616
 C          1.5909404486        0.4649364090       -0.0014326279
 C          0.2579149350        0.8772935453       -0.0013062280
 C         -0.7530054792       -0.0686597945       -0.0004651549
 C         -0.4606511219       -1.4239919405        0.0012262051
 Cl        -2.4016595568        0.4480798141        0.0005590865
 N          2.6021959112        1.3990669399       -0.0157458554
 H          1.0986061464       -2.8845998450        0.0015516792
 H          2.9161247251       -1.2312361972       -0.0027655379
 H          0.0158047827        1.9306838790       -0.0028533018
 H         -1.2540625442       -2.1584070640        0.0038737130
 H          3.5517153408        1.0912212573        0.0483704744
 H          2.3721907156        2.3707239242        0.0464224818
  14
 Etot=         -23.3785578169
 C          0.8673789590       -1.8249808660        0.0005536626
 C          1.8873364417       -0.8991327841       -0.0037123987
 C          1.6000837082        0.4713795547       -0.0067902998
 C          0.2603107490        0.8766644194       -0.0039487620
 C         -0.7395547769       -0.0725256778       -0.0002135456
 C         -0.4600526839       -1.4272938576        0.0025357272
 Cl        -2.3963953862        0.4508591714        0.0029947389
 N          2.5932283798        1.3910459146       -0.0328189126
 H          1.0993195901       -2.8774411784        0.0032951150
 H          2.9138370294       -1.2270663995       -0.0047733824
 H          0.0113878924        1.9251820147       -0.0053911897
 H         -1.2577613298       -2.1512984304        0.0064218992
 H          3.5438481045        1.0873073437        0.0613395654
 H          2.3667746531        2.3632338223        0.0573300502
  14
 Etot=         -23.3786470415
 C          0.8666875457       -1.8261841410        0.0006859235
 C          1.8858369373       -0.8995810399       -0.0041558858
 C          1.6015434501        0.4728407469       -0.0079526926
 C          0.2597493333        0.8758999936       -0.0045744891
 C         -0.7385340802       -0.0745160311       -0.0004696050
 C         -0.4622734106       -1.4301556296        0.0027808389
 Cl        -2.3986488291        0.4520416138        0.0037851588
 N          2.5958439978        1.3929249023       -0.0431988889
 H          1.0999263677       -2.8791211337        0.0042294575
 H          2.9134346616       -1.2261331630       -0.0069311815
 H          0.0094963826        1.9244357505       -0.0070379200
 H         -1.2612009278       -2.1525677730        0.0079436928
 H          3.5462392478        1.0911952007        0.0681855923
 H          2.3716406543        2.3648537504        0.0635322669
  14
 Etot=         -23.3787409310
 C          0.8657750692       -1.8281991517        0.0015022412
 C          1.8831671251       -0.8997213679       -0.0072555856
 C          1.6028396831        0.4746165645       -0.0144977232
 C          0.2590405354        0.8749068997       -0.0076064503
 C         -0.7366168334       -0.0776785101        0.0001473649
 C         -0.4655453789       -1.4344696157        0.0051046618
 Cl        -2.4036193296        0.4547429085        0.0066481516
 N          2.6004384290        1.3957259287       -0.0738062526
 H          1.1020553322       -2.8817030507        0.0067159485
 H          2.9128689490       -1.2239946553       -0.0116215731
 H          0.0068178352        1.9237331309       -0.0122186646
 H         -1.2660824148       -2.1548620514        0.0116325664
 H          3.5480404786        1.0977668809        0.0890771575
 H          2.3805618504        2.3650691366        0.0830004252
  14
 Etot=         -23.3787745942
 C          0.8658964561       -1.8284035055        0.0014574339
 C          1.8831585353       -0.8993608454       -0.0078490226
 C          1.6021985528        0.4742472026       -0.0155703315
 C          0.2592021871        0.8751921580       -0.0083638970
 C         -0.7365014312       -0.0776038810       -0.0001333767
 C         -0.4653356762       -1.4342006385        0.0052733046
 Cl        -2.4047470005        0.4551454633        0.0074162932
 N          2.6013099367        1.3961280810       -0.0845669535
 H          1.1026754617       -2.8818070702        0.0073636204
 H          2.9130127556       -1.2236694759       -0.0133229210
 H          0.0071404271        1.9241659362       -0.0134590263
 H         -1.2656281374       -2.1550225947        0.0134995587
 H          3.5455328698        1.0987177468        0.0962589349
 H          2.3818263935        2.3624044703        0.0888186507
  14
 Etot=         -23.3788216699
 C          0.8667754613       -1.8277599839        0.0018173004
 C          1.8845617043       -0.8983685459       -0.0111075829
 C          1.6005211100        0.4728051269       -0.0210859226
 C          0.2601726835        0.8764847743       -0.0114793620
 C         -0.7365345513       -0.0759440066        0.0002709888
 C         -0.4631565982       -1.4315191081        0.0071381502
 Cl        -2.4048938987        0.4549989643        0.0100123007
 N          2.6015571172        1.3960191887       -0.1044530616
 H          1.1031609121       -2.8806227790        0.0091898494
 H          2.9136960910       -1.2236907739       -0.0167136130
 H          0.0092135324        1.9254831021       -0.0176233580
 H         -1.2622606585       -2.1539791075        0.0169899754
 H          3.5370490668        1.0975226473        0.1115675811
 H          2.3798793587        2.3545035482        0.1022990217
