----------------------------------------------- 
  Element       SASA      Sigma Z        Total  
     Z         Ang**2 cal/Ang**2/mol   kcal/mol 
----------------------------------------------- 
      H         59.894      48.690       2.916
      C         55.813     129.740       7.241
      O         18.473       0.000       0.000
      Cl        36.166       9.820       0.355

 Subtotal:     170.346                  10.513
 -----------------------------------------------

  Elements    COT*SASA   Sigma Z,Z'     Total   
    Z,Z'       Ang**2  cal/Ang**2/mol kcal/mol  
 ---------------------------------------------- 
  H   C         34.178     -60.770      -2.077
  H   O          6.624       0.000       0.000
  C   C         74.734     -72.950      -5.452
  O   C          3.850      68.690       0.264

 Subtotal:                              -7.264
 ---------------------------------------------- 

 NONAQUEOUS SOLVENT CONTRIBUTION (kcal/mol):
 (proportional to SASA, atomic number independent)
 ---------------------------------------------- 
 Subtotal:                               0.000
 ---------------------------------------------- 

 CDS TOTAL (kcal/mol):                   3.248
...............................................................................
