  15
 Etot=         -30.4131312522
 C          1.9144901166       -1.4665818962       -0.0000736514
 C          2.6022792231       -0.2530469260        0.0000708389
 C          1.8944120823        0.9488058281       -0.0001909567
 C          0.4999344517        0.9377995739       -0.0002048935
 C         -0.1873644442       -0.2766065419       -0.0003211159
 C          0.5205026966       -1.4784592960       -0.0000593203
 N         -1.6095157272       -0.3077576210        0.0002607612
 O         -2.2153118325       -0.3215301357       -1.0974575072
 O         -2.2142689865       -0.3208778759        1.0978573876
 O         -0.1696352008        2.1244795977       -0.0001656124
 H          2.4664888636       -2.4025868676        0.0002036978
 H          3.6877367877       -0.2437163494        0.0009741030
 H          2.4363777421        1.8909062220        0.0008441199
 H         -0.0022777744       -2.4326743604        0.0003764148
 H          0.4597314386        2.8631781482       -0.0004567578
  15
 Etot=         -30.4178666187
 C          1.9112592766       -1.4650779837        0.0001464729
 C          2.5971718675       -0.2591012605        0.0003730194
 C          1.9008645093        0.9375206644        0.0002092402
 C          0.5080290390        0.9429252774       -0.0000830051
 C         -0.1734200788       -0.2733802821       -0.0001843101
 C          0.5267194517       -1.4739065720        0.0000214479
 N         -1.6004826749       -0.2910402930        0.0002158034
 O         -2.1877391837       -0.3186025344       -1.0769998536
 O         -2.1872142729       -0.3179019284        1.0774131591
 O         -0.1911409367        2.1060961622       -0.0002579060
 H          2.4533813295       -2.3980767418        0.0002033648
 H          3.6763944137       -0.2509629152        0.0005313733
 H          2.4391582875        1.8736787319        0.0004208827
 H         -0.0077690847       -2.4129896780        0.0000402169
 H          0.4183674936        2.8621508531       -0.0003923977
  15
 Etot=         -30.4185855740
 C          1.9167840520       -1.4708417352        0.0001548864
 C          2.5965841615       -0.2637317575        0.0002437794
 C          1.9043382941        0.9299971957        0.0001578477
 C          0.5120292554        0.9404055993       -0.0000443879
 C         -0.1590268670       -0.2829805261       -0.0000743425
 C          0.5362691166       -1.4822277203        0.0000096608
 N         -1.5946171944       -0.2990920729        0.0001443859
 O         -2.1650796614       -0.2737638370       -1.0674332918
 O         -2.1648611774       -0.2731231080        1.0678443079
 O         -0.2195051798        2.0783741317       -0.0001880263
 H          2.4559487918       -2.4015650824        0.0002782718
 H          3.6730812081       -0.2519405420        0.0005745061
 H          2.4371300637        1.8664156671        0.0002714568
 H         -0.0097887691       -2.4107091172        0.0000275340
 H          0.3642933427        2.8561144045       -0.0003090801
  15
 Etot=         -30.4188373454
 C          1.9152607457       -1.4734615369        0.0001906193
 C          2.5966176439       -0.2664941211        0.0002256773
 C          1.9092046826        0.9306972626        0.0001337898
 C          0.5170623241        0.9466385300        0.0000249926
 C         -0.1541440723       -0.2767679081        0.0000334048
 C          0.5338232937       -1.4800792098        0.0000742044
 N         -1.5949562902       -0.2703080560        0.0000815629
 O         -2.1580475785       -0.2939988296       -1.0694285926
 O         -2.1580166912       -0.2932347754        1.0697007172
 O         -0.2230830684        2.0767917544       -0.0001082319
 H          2.4523331278       -2.4058388332        0.0002721971
 H          3.6734554320       -0.2568661957        0.0004628418
 H          2.4443085399        1.8662565880        0.0001787405
 H         -0.0203500598       -2.4040923616        0.0000507621
 H          0.3501114073        2.8620891921       -0.0002351772
  15
 Etot=         -30.4189833497
 C          1.9172070609       -1.4741396658        0.0002393220
 C          2.5971864475       -0.2659314583        0.0002967691
 C          1.9078190343        0.9317239376        0.0001884577
 C          0.5156559372        0.9438475417        0.0000756650
 C         -0.1545635696       -0.2804722937        0.0000846556
 C          0.5345692437       -1.4829977123        0.0001492486
 N         -1.5954053580       -0.2768926866        0.0000689242
 O         -2.1614861665       -0.2836379022       -1.0735845003
 O         -2.1615221394       -0.2827796634        1.0736969619
 O         -0.2231345069        2.0752195786       -0.0000859270
 H          2.4569604055       -2.4060110057        0.0002409336
 H          3.6748977581       -0.2555693649        0.0002754293
 H          2.4438503893        1.8677536915        0.0001220483
 H         -0.0172373132       -2.4092568690        0.0000708051
 H          0.3487822137        2.8604753723       -0.0001812849
  15
 Etot=         -30.4189992104
 C          1.9183255171       -1.4751417553        0.0002081996
 C          2.5971068563       -0.2664902970        0.0002112228
 C          1.9079896727        0.9315808154        0.0001335332
 C          0.5160595013        0.9429769059        0.0000653305
 C         -0.1527257897       -0.2826519218        0.0000840042
 C          0.5353780865       -1.4850685227        0.0001322997
 N         -1.5950031345       -0.2759607973        0.0000464810
 O         -2.1601307631       -0.2772866109       -1.0739559504
 O         -2.1601825399       -0.2763156968        1.0740221102
 O         -0.2259633870        2.0715040426       -0.0000459343
 H          2.4590936625       -2.4064709334        0.0002763832
 H          3.6749581157       -0.2557599474        0.0003036038
 H          2.4446882165        1.8673020461        0.0001330948
 H         -0.0168419115       -2.4110513480        0.0001424441
 H          0.3408273338        2.8601655203       -0.0000993142
