  12
 Etot=         -32.0770343447
 C         -0.0002429737       -1.3945333442        0.0000995887
 C          1.2080439342       -0.6975658239        0.0002541672
 C          1.2076152997        0.6972552136       -0.0000454530
 C          0.0002583606        1.3950934598       -0.0001072697
 C         -1.2080479525        0.6971265282       -0.0002335536
 C         -1.2076193180       -0.6976945092        0.0000660666
 Cl        -2.6716377710       -1.6178287185       -0.0000125965
 Cl        -2.6713498271        1.6180725336        0.0000478838
 Cl         2.6716337526        1.6173894229        0.0000332101
 Cl         2.6713652140       -1.6175124180       -0.0000555648
 H          0.0001810057       -2.4831970013       -0.0004122317
 H         -0.0006684662        2.4827423134       -0.0004423957
  12
 Etot=         -32.0781217459
 C         -0.0000740569       -1.3887362927       -0.0001184976
 C          1.2026090815       -0.6951288306       -0.0000874433
 C          1.2022490666        0.6947934214       -0.0000858559
 C          0.0000703510        1.3888367941       -0.0001060662
 C         -1.2025453337        0.6948020488       -0.0000808071
 C         -1.2023270366       -0.6950701803       -0.0000802726
 Cl        -2.6834871851       -1.5821042597       -0.0000164614
 Cl        -2.6832314962        1.5822859889       -0.0000585771
 Cl         2.6833515841        1.5819601752       -0.0000086792
 Cl         2.6832138048       -1.5820880830        0.0000506384
 H          0.0002104783       -2.4681661395       -0.0000283215
 H         -0.0005079995        2.4679630140       -0.0001878050
  12
 Etot=         -32.0782279549
 C         -0.0000269685       -1.3897693928       -0.0000170036
 C          1.1999493721       -0.6959476319       -0.0000123657
 C          1.1997519046        0.6957024322       -0.0000524304
 C         -0.0000127510        1.3896625172       -0.0001059191
 C         -1.1999270877        0.6957387817       -0.0000987677
 C         -1.1998561148       -0.6958666464       -0.0000579940
 Cl        -2.6876615832       -1.5682212775       -0.0000549424
 Cl        -2.6875300259        1.5682009496       -0.0001280286
 Cl         2.6875466363        1.5681399458       -0.0000919830
 Cl         2.6874575394       -1.5681882618       -0.0000215587
 H          0.0000916332       -2.4666315722       -0.0000569495
 H         -0.0002512963        2.4665278126       -0.0001102059
  12
 Etot=         -32.0782374717
 C         -0.0000290727       -1.3908330639       -0.0000505977
 C          1.1995794158       -0.6966142279       -0.0000628360
 C          1.1994777604        0.6964421834       -0.0000745520
 C         -0.0000322358        1.3907091874       -0.0000873964
 C         -1.1996092543        0.6964633649       -0.0000808344
 C         -1.1995749858       -0.6965665080       -0.0000711761
 Cl        -2.6876424441       -1.5665519563       -0.0000618880
 Cl        -2.6876062720        1.5664261591       -0.0001228308
 Cl         2.6875709624        1.5664473385       -0.0000697388
 Cl         2.6875062520       -1.5664710657       -0.0000106512
 H          0.0000103981       -2.4679040798       -0.0000003709
 H         -0.0001192656        2.4678003249       -0.0001152762
