  8
 Etot=         -10.6407313502
 C         -2.5198824050       -0.4483843691        0.0001325041
 C         -1.5266450846        0.7000587428       -0.0000770406
 I          0.4761532654       -0.0272677062       -0.0000003749
 H         -3.5443702070       -0.0605537137       -0.0002229868
 H         -2.4002558812       -1.0807155620       -0.8869096354
 H         -2.4005398293       -1.0806863826        0.8859008222
 H         -1.6925544699        1.3277131065        0.8824902801
 H         -1.6933319587        1.3283944794       -0.8818721915
  8
 Etot=         -10.6416192511
 C         -2.5605436884       -0.4610473456       -0.0000111446
 C         -1.5537391868        0.6710612897        0.0004192745
 I          0.5381669664        0.0772653589       -0.0007462601
 H         -3.5705014019       -0.0514031564       -0.0004155038
 H         -2.4382641323       -1.0873613054       -0.8835043234
 H         -2.4387588521       -1.0876778230        0.8829154301
 H         -1.6392056344        1.2988168117        0.8910563990
 H         -1.6385806409        1.2989047652       -0.8902724943
  8
 Etot=         -10.6422377534
 C         -2.5392530714       -0.4593508339       -0.0002320323
 C         -1.5707632713        0.7000887137       -0.0000014387
 I          0.5111898168        0.0044025566        0.0000064106
 H         -3.5492085076       -0.0582897292       -0.0002629002
 H         -2.4110612417       -1.0798824734       -0.8833367030
 H         -2.4110382607       -1.0802293282        0.8827255232
 H         -1.6653546836        1.3155835366        0.8920006781
 H         -1.6659373507        1.3162361528       -0.8914581602
  8
 Etot=         -10.6423026347
 C         -2.5398364473       -0.4572517528       -0.0001553685
 C         -1.5633582189        0.6941852579        0.0002410993
 I          0.5092426688        0.0156139905       -0.0004611531
 H         -3.5516615072       -0.0562066597       -0.0002737696
 H         -2.4137856307       -1.0788591101       -0.8836773631
 H         -2.4140743391       -1.0792207672        0.8831128167
 H         -1.6641271649        1.3099739264        0.8895070647
 H         -1.6638259309        1.3103237101       -0.8888519490
  8
 Etot=         -10.6423020916
 C         -2.5402762989       -0.4572410796       -0.0003458642
 C         -1.5640162248        0.6947220766       -0.0006066509
 I          0.5115966935        0.0159024363        0.0010858529
 H         -3.5528022966       -0.0574732316        0.0001139513
 H         -2.4150806514       -1.0792905074       -0.8835159753
 H         -2.4144476755       -1.0795744926        0.8825677443
 H         -1.6621563037        1.3100660562        0.8892512175
 H         -1.6642438128        1.3114473371       -0.8891088983
  8
 Etot=         -10.6423021436
 C         -2.5399932356       -0.4572470875       -0.0000414462
 C         -1.5643975948        0.6950756211        0.0009756558
 I          0.5102080778        0.0154077486       -0.0017139608
 H         -3.5527062790       -0.0577465252       -0.0004533838
 H         -2.4138890193       -1.0790959277       -0.8832846997
 H         -2.4147726697       -1.0796303354        0.8829556640
 H         -1.6642205870        1.3112148119        0.8898681891
 H         -1.6616552627        1.3105802892       -0.8888646412
