  13
 Etot=         -14.7117383640
 C         -2.4137450062        0.0115131483        0.0002917788
 C         -0.9791489572        0.5147785933        0.0005523312
 C          0.0199722371       -0.6402523568       -0.0000336193
 C          1.4029193533       -0.1442208324       -0.0000141775
 C          2.5342773936        0.2570271801       -0.0001453911
 H         -3.1226974447        0.8459897934        0.0007027528
 H         -2.6024605688       -0.5942447575       -0.8915730069
 H         -2.6117168842       -0.6087850781        0.8804867832
 H         -0.8213909254        1.1501355745       -0.8793589768
 H         -0.8201749003        1.1502284528        0.8813342141
 H         -0.1414362016       -1.2715600603       -0.8817727528
 H         -0.1420375353       -1.2718597898        0.8818432906
 H          3.5379495371        0.6138502461        0.0005812365
  13
 Etot=         -14.7124662914
 C         -2.4139886687        0.0084067682       -0.0021502287
 C         -0.9799107856        0.5202201709        0.0007599108
 C          0.0225001024       -0.6343130557       -0.0001352869
 C          1.3944090254       -0.1515151692        0.0001611787
 C          2.5225624194        0.2451937962        0.0065005689
 H         -3.1167408099        0.8401098340        0.0012696669
 H         -2.6058047056       -0.5958657423       -0.8886902710
 H         -2.6080521240       -0.6053391691        0.8770473249
 H         -0.8119168380        1.1468592493       -0.8801106697
 H         -0.8115817844        1.1453526880        0.8831183271
 H         -0.1298004226       -1.2589115386       -0.8857858459
 H         -0.1299990933       -1.2599827476        0.8848476426
 H          3.5086337825        0.6123850294       -0.0039378551
  13
 Etot=         -14.7124311686
 C         -2.4154372085        0.0064738520       -0.0024033053
 C         -0.9816916239        0.5212635427        0.0008922903
 C          0.0251013439       -0.6329443881        0.0010574291
 C          1.3870080092       -0.1435158177        0.0014125296
 C          2.5109002941        0.2677227140       -0.0181594398
 H         -3.1156140726        0.8372702100        0.0012234642
 H         -2.6042683952       -0.5972467008       -0.8870468769
 H         -2.6046730977       -0.6045849669        0.8769503062
 H         -0.8106676664        1.1444555710       -0.8798528544
 H         -0.8128650160        1.1421520664        0.8835614551
 H         -0.1232831261       -1.2546184778       -0.8861203530
 H         -0.1240430032       -1.2558041585        0.8872652437
 H          3.5098436598        0.5819766673        0.0141145738
  13
 Etot=         -14.7125329384
 C         -2.4149415718        0.0080704634       -0.0022717874
 C         -0.9807575256        0.5220456162        0.0002727936
 C          0.0248817661       -0.6342539888       -0.0002370794
 C          1.3902128521       -0.1535308262        0.0009381101
 C          2.5176001442        0.2502871803        0.0004918705
 H         -3.1155177725        0.8389578489        0.0011147046
 H         -2.6026246020       -0.5958988250       -0.8870812610
 H         -2.6031231216       -0.6033752017        0.8773304258
 H         -0.8101381437        1.1455358239       -0.8801413133
 H         -0.8126080218        1.1425045268        0.8831799362
 H         -0.1272870279       -1.2559129077       -0.8867114708
 H         -0.1279368754       -1.2570282879        0.8853096805
 H          3.5025499974        0.6051986913        0.0006998531
  13
 Etot=         -14.7125383517
 C         -2.4143552090        0.0080862469       -0.0022401557
 C         -0.9800757340        0.5220532391        0.0004414810
 C          0.0245594736       -0.6351473083       -0.0001850906
 C          1.3910926634       -0.1537112871        0.0006341436
 C          2.5172823653        0.2514926317       -0.0000400031
 H         -3.1153660627        0.8392294898        0.0008295279
 H         -2.6025940205       -0.5962654323       -0.8872732565
 H         -2.6033813637       -0.6034692422        0.8776492908
 H         -0.8097970488        1.1459212604       -0.8800610501
 H         -0.8118073544        1.1431294288        0.8833256736
 H         -0.1293771853       -1.2570496684       -0.8864750189
 H         -0.1299432605       -1.2584119234        0.8850612387
 H          3.5040728340        0.6067426786        0.0012276819
