  9
 Etot=         -14.3053963754
 C         -0.8659554446        0.8033451285        0.0002568417
 C          0.4872267766        1.0470309468       -0.0000565837
 N          1.2023406652       -0.1247293137        0.0000779512
 C          0.2912125682       -1.0725096587        0.0001704052
 N         -0.9758875395       -0.5588806934       -0.0006061779
 H         -1.7315726246        1.4500595740        0.0014073657
 H          0.9832680065        2.0064608337       -0.0012357626
 H          0.4808426989       -2.1357679322        0.0006777864
 H         -1.8365595335       -1.0902087788        0.0020741727
  9
 Etot=         -14.3063690872
 C         -0.8595523499        0.7968470891        0.0000516571
 C          0.4833645035        1.0483404373       -0.0000705410
 N          1.1859174019       -0.1200180230       -0.0003159463
 C          0.2823614759       -1.0660340171        0.0002538858
 N         -0.9763665282       -0.5632986315        0.0004903874
 H         -1.7129921895        1.4431773369        0.0002672997
 H          0.9838375095        1.9980826170       -0.0004745594
 H          0.4826079291       -2.1193538612       -0.0000509634
 H         -1.8342621789       -1.0929428415        0.0026147787
  9
 Etot=         -14.3064516795
 C         -0.8591538421        0.7941841772        0.0006701583
 C          0.4813761590        1.0486746029       -0.0003685076
 N          1.1802893417       -0.1190080374       -0.0001204237
 C          0.2783905879       -1.0638578618        0.0004467173
 N         -0.9777328815       -0.5654090823        0.0004853021
 H         -1.7080860924        1.4433593346        0.0011292131
 H          0.9865070134        1.9933841314       -0.0012414898
 H          0.4888114380       -2.1134537461        0.0004536163
 H         -1.8354861507       -1.0930734125        0.0013114127
  9
 Etot=         -14.3064655517
 C         -0.8600435326        0.7933822288        0.0002078780
 C          0.4804134993        1.0487838240       -0.0002382554
 N          1.1792088946       -0.1192639505       -0.0006921877
 C          0.2770494115       -1.0638515952        0.0001874554
 N         -0.9786724530       -0.5661906949        0.0009819753
 H         -1.7075719491        1.4447718754        0.0002744486
 H          0.9881985001        1.9917891716       -0.0003229099
 H          0.4936055400       -2.1123602137        0.0002402251
 H         -1.8372723375       -1.0922605395        0.0021273693
