  13
 Etot=         -24.0118922414
 C         -2.4278103930       -0.0898853865       -0.0001927260
 C         -1.8337566432       -1.3519555409        0.0000671377
 C         -0.4437329857       -1.4675420051        0.0000954956
 C          0.3521086094       -0.3224109516        0.0002563025
 C         -0.2429394813        0.9397616658        0.0000244992
 C         -1.6329631388        1.0553481299       -0.0000038587
 O          0.5097755992        2.0763460231       -0.0000549482
 Cl         2.0681365463       -0.4949015648       -0.0000726410
 H         -3.5107733332       -0.0004467626       -0.0001414389
 H         -2.4526925303       -2.2441494765       -0.0005236205
 H          0.0043244579       -2.4578790642       -0.0000957124
 H         -2.1031877834        2.0353732650        0.0007159539
 H          1.4531919032        1.8524703107        0.0005305807
  13
 Etot=         -24.0130956440
 C         -2.4192024071       -0.0919800373        0.0000340659
 C         -1.8333818766       -1.3486658373       -0.0002160133
 C         -0.4534461989       -1.4676188162       -0.0001712388
 C          0.3376922234       -0.3294043651        0.0000124622
 C         -0.2448783049        0.9383615446        0.0002210585
 C         -1.6306905918        1.0460582979        0.0003161320
 O          0.4985234894        2.0745810815        0.0002700190
 Cl         2.0635710282       -0.4900246185        0.0000337598
 H         -3.4946597680        0.0018725991       -0.0000597783
 H         -2.4474692505       -2.2361230658       -0.0002796753
 H          0.0021200475       -2.4472737736       -0.0000898954
 H         -2.0827804329        2.0260450385        0.0001245037
 H          1.4442828694        1.8543005945        0.0004096241
  13
 Etot=         -24.0133674932
 C         -2.4175791669       -0.0934982643       -0.0000916852
 C         -1.8361321650       -1.3494200930       -0.0001015112
 C         -0.4588952912       -1.4701271692       -0.0000243394
 C          0.3282016733       -0.3340259142        0.0000620500
 C         -0.2439529339        0.9390831309        0.0000682770
 C         -1.6305927233        1.0410528789       -0.0000220834
 O          0.4924601821        2.0733019682        0.0002313199
 Cl         2.0651889465       -0.4842366961        0.0001765394
 H         -3.4900941435        0.0048111554       -0.0000322211
 H         -2.4478256292       -2.2354655296       -0.0002845363
 H          0.0062144069       -2.4424620071       -0.0002326480
 H         -2.0672859576        2.0250836310        0.0004872132
 H          1.4399736291        1.8560315515        0.0003686490
  13
 Etot=         -24.0134129016
 C         -2.4186014225       -0.0938998843        0.0000783363
 C         -1.8378588051       -1.3507083138       -0.0001983888
 C         -0.4597960543       -1.4716555422       -0.0001951311
 C          0.3254843436       -0.3347600420        0.0000017601
 C         -0.2427032177        0.9400673638        0.0002622339
 C         -1.6311799348        1.0402606727        0.0002838878
 O          0.4912685560        2.0728995530        0.0003978858
 Cl         2.0682600311       -0.4829411850        0.0001410581
 H         -3.4913997857        0.0059871190       -0.0000028396
 H         -2.4495243703       -2.2371476588       -0.0002518188
 H          0.0093175962       -2.4422510049       -0.0002096578
 H         -2.0629896986        2.0270014495        0.0000055595
 H          1.4394035892        1.8572761154        0.0002921385
