  5
 Etot=         -20.4056428130
 C         -0.8448877257       -0.0001337376       -0.0003105766
 F         -1.3368377848       -1.2431264738       -0.2098223834
 F         -1.3363547570        0.4397558062        1.1814162727
 F         -1.3368610653        0.8035181436       -0.9711920766
 Br         1.0804571570       -0.0000149621       -0.0000488532
  5
 Etot=         -20.4075355396
 C         -0.8534875050        0.0000107977       -0.0000931190
 F         -1.3273926769       -1.2309831160       -0.2078149205
 F         -1.3273575155        0.4354630415        1.1701019992
 F         -1.3275271327        0.7956689082       -0.9618896598
 Br         1.0612806543       -0.0001608551       -0.0002619170
  5
 Etot=         -20.4080172164
 C         -0.8613231630       -0.0000281401       -0.0000521645
 F         -1.3234732286       -1.2193458266       -0.2058891266
 F         -1.3231118301        0.4312983747        1.1590416891
 F         -1.3234414535        0.7881112348       -0.9528844649
 Br         1.0568654994       -0.0000368664       -0.0001735502
  5
 Etot=         -20.4080486859
 C         -0.8636969899        0.0000196911        0.0000114290
 F         -1.3237590591       -1.2202805777       -0.2060528909
 F         -1.3236071677        0.4316493244        1.1599570478
 F         -1.3238225955        0.7887267070       -0.9536226064
 Br         1.0604016364       -0.0001163684       -0.0002505967
