  11
 Etot=         -14.0817217311
 C         -1.7089799314       -1.2609516615       -0.1392998953
 C         -1.0757402962        0.0001861734        0.4210222671
 C         -1.7085906596        1.2609785213       -0.1393428577
 Br         0.8316131905       -0.0000451530       -0.0191318233
 H         -1.2393299554       -2.1587096548        0.2759801132
 H         -2.7754013171       -1.2990210304        0.1070030711
 H         -1.6131656653       -1.3110926910       -1.2304376060
 H         -1.1273388653       -0.0003502939        1.5145606980
 H         -1.2387870560        2.1595485945        0.2766107424
 H         -2.7756743220        1.2987257756        0.1063268439
 H         -1.6128335266        1.3119402284       -1.2299974666
  11
 Etot=         -14.0825169986
 C         -1.7146481596       -1.2640327393       -0.1429474764
 C         -1.0846759454        0.0000185059        0.4079546017
 C         -1.7144871732        1.2641098758       -0.1424489252
 Br         0.8540622835        0.0007178384        0.0045212246
 H         -1.2390160540       -2.1528721386        0.2725328344
 H         -2.7736597328       -1.2870189725        0.1131179964
 H         -1.6190543966       -1.2993591528       -1.2285350745
 H         -1.1212473983       -0.0005112159        1.5003496734
 H         -1.2376141495        2.1531417222        0.2718711615
 H         -2.7732807072        1.2880526776        0.1149903610
 H         -1.6206069713        1.2989624081       -1.2281122900
  11
 Etot=         -14.0827200049
 C         -1.7146523234       -1.2637251302       -0.1454632870
 C         -1.0971500170        0.0001755240        0.4160474787
 C         -1.7150832739        1.2641214548       -0.1448348557
 Br         0.8625529693       -0.0005346479       -0.0002324506
 H         -1.2345523817       -2.1472885637        0.2665173326
 H         -2.7688333460       -1.2825867226        0.1152166836
 H         -1.6197149815       -1.2868629239       -1.2280033839
 H         -1.1319858774       -0.0000603813        1.5077232122
 H         -1.2334677734        2.1474617819        0.2653972124
 H         -2.7684891452        1.2842412791        0.1186742655
 H         -1.6228522540        1.2862671384       -1.2277481209
  11
 Etot=         -14.0827502556
 C         -1.7159571747       -1.2637756703       -0.1461532420
 C         -1.0986811334       -0.0000419500        0.4159702384
 C         -1.7160846532        1.2639518169       -0.1454247900
 Br         0.8692733327        0.0007598065        0.0097183302
 H         -1.2336586449       -2.1479091975        0.2625860692
 H         -2.7704544938       -1.2873852013        0.1162675760
 H         -1.6235339094       -1.2855048742       -1.2293150745
 H         -1.1268936879       -0.0003220755        1.5072215983
 H         -1.2314680774        2.1478660716        0.2609019609
 H         -2.7696662842        1.2891113591        0.1204810594
 H         -1.6271036782        1.2844587235       -1.2289596390
