  12
 Etot=         -28.0326607911
 C         -1.3026376032       -1.4910921705       -0.0011891153
 C          0.0651744412       -1.7646085515       -0.0011697564
 C          0.9851696710       -0.7162122885       -0.0013997677
 C          0.5383637073        0.6047924089       -0.0012569478
 C         -0.8301223387        0.8775706002       -0.0012480593
 C         -1.7501175685       -0.1708256628       -0.0010180479
 Cl        -3.4385563407        0.1652315571        0.0012308351
 Cl         1.6287758278        1.9460461109        0.0001266651
 Cl         2.6664620085       -1.1187111805        0.0011920801
 H         -2.0082728515       -2.3179251466        0.0002689891
 H          0.3962785449       -2.7997523913       -0.0000281457
 H         -1.1830205015        1.9068457198       -0.0031493501
  12
 Etot=         -28.0337697420
 C         -1.3032971930       -1.4929998573       -0.0003971221
 C          0.0558519050       -1.7606489385       -0.0001810696
 C          0.9733013821       -0.7185216316       -0.0002077204
 C          0.5274404990        0.5962850365       -0.0009924414
 C         -0.8328407254        0.8705278112       -0.0015048878
 C         -1.7432742373       -0.1766297272       -0.0009297864
 Cl        -3.4314446761        0.1673090226       -0.0001915967
 Cl         1.6464831054        1.9131285534       -0.0010985333
 Cl         2.6648351056       -1.0783093203        0.0002860834
 H         -2.0098355819       -2.3090678981       -0.0003008604
 H          0.3978388675       -2.7835474230       -0.0005060057
 H         -1.1775614543        1.8938333776       -0.0016166805
  12
 Etot=         -28.0338796299
 C         -1.3042087241       -1.4956914557       -0.0005138039
 C          0.0525870408       -1.7618564342       -0.0004942807
 C          0.9692828894       -0.7213664200       -0.0007002945
 C          0.5225474540        0.5944847677       -0.0008639123
 C         -0.8352005596        0.8706631939       -0.0008411162
 C         -1.7398989467       -0.1790202073       -0.0006280142
 Cl        -3.4296671714        0.1690868730       -0.0008316730
 Cl         1.6539104205        1.9014869301       -0.0010561277
 Cl         2.6652598703       -1.0633405235       -0.0001708329
 H         -2.0139667760       -2.3056255311       -0.0003405709
 H          0.4033318694       -2.7797902428        0.0003418064
 H         -1.1764803700        1.8923280554       -0.0015418009
  12
 Etot=         -28.0338913050
 C         -1.3045643565       -1.4966881036       -0.0003077956
 C          0.0523403862       -1.7628721573       -0.0000574426
 C          0.9689656613       -0.7223807711       -0.0002656964
 C          0.5218179796        0.5948469516       -0.0008157823
 C         -0.8357744362        0.8717267507       -0.0010789996
 C         -1.7387274022       -0.1796021125       -0.0008567685
 Cl        -3.4301109116        0.1691375627       -0.0011417109
 Cl         1.6548161140        1.9007020838       -0.0013020648
 Cl         2.6652432830       -1.0624190434       -0.0003325844
 H         -2.0164794962       -2.3046271099       -0.0001698520
 H          0.4065838205       -2.7798927673       -0.0001868901
 H         -1.1766136453        1.8934277217       -0.0011250338
