  9
 Etot=         -10.5710726219
 C         -1.3704646064       -0.5846803730       -0.0001477505
 S          0.0003733324        0.5943413932       -0.0000047210
 C          1.3703497342       -0.5859766333        0.0001175459
 H         -2.3221982883       -0.0480035629       -0.0001607552
 H         -1.3177192323       -1.2152868416        0.8905252576
 H         -1.3165993374       -1.2166215426       -0.8891983064
 H          2.3199159838       -0.0477138012       -0.0001296866
 H          1.3135910860       -1.2147977212       -0.8902034610
 H          1.3125021026       -1.2151876678        0.8896770581
  9
 Etot=         -10.5716835730
 C         -1.3673971936       -0.5987791230        0.0001019530
 S         -0.0010072349        0.5872077281       -0.0001282460
 C          1.3656522680       -0.5995117602       -0.0000222875
 H         -2.2927036246       -0.0283207904       -0.0004103809
 H         -1.3145134275       -1.2158394979        0.8957778361
 H         -1.3137532064       -1.2169706808       -0.8945071752
 H          2.2902949951       -0.0287679011        0.0001362496
 H          1.3118679328       -1.2163089380       -0.8953412933
 H          1.3113102658       -1.2166357870        0.8948685252
  9
 Etot=         -10.5717758004
 C         -1.3775102925       -0.6031914397        0.0001872608
 S         -0.0012651235        0.5769419336       -0.0001676689
 C          1.3753016867       -0.6035712809       -0.0000746574
 H         -2.2918315615       -0.0195983725       -0.0004511437
 H         -1.3230156956       -1.2153953101        0.8956679138
 H         -1.3225131808       -1.2164305385       -0.8945505568
 H          2.2896661218       -0.0200849937        0.0002074216
 H          1.3206106174       -1.2161755382       -0.8952714282
 H          1.3203082027       -1.2164212104        0.8949280398
  9
 Etot=         -10.5717896345
 C         -1.3812110954       -0.6043257287        0.0001799330
 S         -0.0011154249        0.5763255499       -0.0001748235
 C          1.3789451033       -0.6046181216       -0.0000693691
 H         -2.2922967831       -0.0169778598       -0.0004046033
 H         -1.3281099992       -1.2160629139        0.8952859832
 H         -1.3277025580       -1.2170468838       -0.8942723622
 H          2.2901876513       -0.0174412279        0.0001808076
 H          1.3256608354       -1.2167982126       -0.8949366196
 H          1.3253930453       -1.2169813520        0.8946862349
