  16
 Etot=         -17.9305080924
 C         -0.7047310106       -1.2165790063       -0.3030394490
 C          0.6965471999       -1.2215515903        0.3030732883
 C          1.4853781782        0.0231825318       -0.1112112188
 C          0.6720624187        1.2820156829       -0.0575309321
 C         -0.6636924083        1.2860893232        0.0578096403
 C         -1.4849850665        0.0323212298        0.1108938889
 H         -1.2525424921       -2.1139276414        0.0075680329
 H         -0.6257149526       -1.2546006051       -1.3972427302
 H          0.6175019683       -1.2586631962        1.3973034195
 H          1.2385293514       -2.1225399311       -0.0071594587
 H          2.3588282976        0.1253355137        0.5428871356
 H          1.8628583153       -0.1011758869       -1.1329635028
 H          1.2030035141        2.2271774303       -0.1126383233
 H         -1.1883416356        2.2354402712        0.1126727964
 H         -1.8641142170       -0.0888433375        1.1335087895
 H         -2.3569112899        0.1416185318       -0.5438791715
  16
 Etot=         -17.9315456694
 C         -0.6988698795       -1.2075386971       -0.3137733192
 C          0.6906500892       -1.2122583718        0.3130851068
 C          1.4881291533        0.0180663817       -0.1172099641
 C          0.6648242586        1.2653119304       -0.0551296279
 C         -0.6562506334        1.2695454507        0.0549720803
 C         -1.4878242879        0.0277434097        0.1164669783
 H         -1.2436272947       -2.1070082975       -0.0153335018
 H         -0.6039060804       -1.2225091709       -1.4038846757
 H          0.5953464289       -1.2242582085        1.4032586453
 H          1.2295017583       -2.1157350184        0.0161603646
 H          2.3660518085        0.1314956093        0.5256628647
 H          1.8558709610       -0.1100539877       -1.1412372182
 H          1.2027347780        2.2025955087       -0.1078187024
 H         -1.1877970967        2.2105634154        0.1087349448
 H         -1.8553442993       -0.0983669878        1.1411693989
 H         -2.3658134931        0.1477063539       -0.5250711693
  16
 Etot=         -17.9317810767
 C         -0.6946739071       -1.2047596786       -0.3235201178
 C          0.6864240478       -1.2091779286        0.3224598804
 C          1.4862803604        0.0145781690       -0.1202593332
 C          0.6622281974        1.2615568938       -0.0553961003
 C         -0.6535654200        1.2658587208        0.0552217047
 C         -1.4858037838        0.0243721583        0.1198097270
 H         -1.2374182853       -2.1115793242       -0.0481199727
 H         -0.5834091128       -1.1938118204       -1.4105058567
 H          0.5745012485       -1.1952623151        1.4094227091
 H          1.2229117220       -2.1202615498        0.0490543333
 H          2.3717960351        0.1318341770        0.5097956558
 H          1.8410815048       -0.1213301787       -1.1474384120
 H          1.2072411123        2.1938415250       -0.1135824814
 H         -1.1924149366        2.2016382470        0.1141420367
 H         -1.8397931238       -0.1100568891        1.1474927776
 H         -2.3717094879        0.1478591136       -0.5085243455
  16
 Etot=         -17.9318601938
 C         -0.6916831598       -1.2027455126       -0.3302874879
 C          0.6835850063       -1.2072536378        0.3296995377
 C          1.4848795840        0.0112030306       -0.1238396578
 C          0.6623943453        1.2607152757       -0.0560109326
 C         -0.6538492045        1.2651263292        0.0558862495
 C         -1.4845771204        0.0211357499        0.1238303210
 H         -1.2354801860       -2.1144550104       -0.0747959550
 H         -0.5684414898       -1.1732452933       -1.4152407341
 H          0.5599552922       -1.1761632361        1.4145460875
 H          1.2211999660       -2.1227935530        0.0751803183
 H          2.3763704017        0.1287856831        0.4970976463
 H          1.8287363387       -0.1301769572       -1.1541469747
 H          1.2123267498        2.1905734030       -0.1125027452
 H         -1.1976628016        2.1985075798        0.1122037152
 H         -1.8280529949       -0.1186673106        1.1544019341
 H         -2.3760245565        0.1447527796       -0.4959691174
  16
 Etot=         -17.9318755387
 C         -0.6902206435       -1.2021608936       -0.3331137567
 C          0.6821766428       -1.2067798881        0.3328614208
 C          1.4839116456        0.0096101832       -0.1241627701
 C          0.6629336491        1.2611019809       -0.0563465748
 C         -0.6544915475        1.2655317790        0.0560377530
 C         -1.4837077700        0.0195200368        0.1245034283
 H         -1.2354893150       -2.1152454786       -0.0868952586
 H         -0.5619365649       -1.1657053799       -1.4169793727
 H          0.5538662096       -1.1696794213        1.4166508711
 H          1.2213332209       -2.1234149131        0.0866635390
 H          2.3783870027        0.1265992150        0.4925580018
 H          1.8221584636       -0.1340882731       -1.1559590731
 H          1.2128889366        2.1908814168       -0.1159263230
 H         -1.1982952658        2.1989199600        0.1151273088
 H         -1.8219784106       -0.1221722290        1.1565197107
 H         -2.3778600829        0.1423812248       -0.4914866996
