 
       ╔════════════════════════════════════════════╗
       ║            ___ ___ ___ ___ _____           ║
       ║           / __| _ \ __/ __|_   _|          ║
       ║          | (__|   / _|\__ \ | |            ║
       ║           \___|_|_\___|___/ |_|            ║
       ║                                            ║
       ║  Conformer-Rotamer Ensemble Sampling Tool  ║
       ║          based on the xTB methods          ║
       ║                                            ║
       ╚════════════════════════════════════════════╝
       Version 3.0.2, Sun Aug 25 20:02:36 UTC 2024
       commit (af7eb99) compiled by 'runner@fv-az1984-471'
 
   Cite work conducted with this code as

   • P.Pracht, F.Bohle, S.Grimme, PCCP, 2020, 22, 7169-7192.
   • S.Grimme, JCTC, 2019, 15, 2847-2862.
   • P.Pracht, S.Grimme, C.Bannwarth, F.Bohle, S.Ehlert,
     G.Feldmann, J.Gorges, M.Müller, T.Neudecker, C.Plett,
     S.Spicher, P.Steinbach, P.Wesołowski, F.Zeller,
     J. Chem. Phys., 2024, 160, 114110.

   for works involving QCG cite

   • S.Spicher, C.Plett, P.Pracht, A.Hansen, S.Grimme,
     JCTC, 2022, 18 (5), 3174-3189.
   • C.Plett, S. Grimme,
     Angew. Chem. Int. Ed. 2023, 62, e202214477.

   for works involving MECP screening cite

   • P.Pracht, C.Bannwarth, JCTC, 2022, 18 (10), 6370-6385.
 
   Original code
     P.Pracht, S.Grimme, Universität Bonn, MCTC
   with help from (alphabetical order):
     C.Bannwarth, F.Bohle, S.Ehlert, G.Feldmann, J.Gorges,
     S.Grimme, C.Plett, P.Pracht, S.Spicher, P.Steinbach,
     P.Wesolowski, F.Zeller
 
   Online documentation is available at
   https://crest-lab.github.io/crest-docs/
 
   This program is distributed in the hope that it will be useful,
   but WITHOUT ANY WARRANTY; without even the implied warranty of
   MERCHANTABILITY or FITNESS FOR A PARTICULAR PURPOSE. See the
   GNU Lesser General Public License (LGPL) for more details.

 Command line input:
 $ crest mobley_3211679.xyz --alpb water --chrg 0 --uhf 0 -T 4 --noreftopo

  --alpb water : implicit solvation
  --chrg 0
  --uhf 0
  -T 4 (CPUs/Threads selected)

> Setting up backup calculator ... done.
 ----------------
 Calculation info
 ----------------
> User-defined calculation level:
 : xTB calculation via tblite lib
 : GFN2-xTB level
 :   Molecular charge    : 0
 :   Solvation model     : alpb
 :   Solvent             : water
 :   Fermi temperature   : 300.00000
 :   Accuracy            : 1.00000
 :   max SCC cycles      : 500
 
 
 -----------------------------
 Initial Geometry Optimization
 -----------------------------
 Geometry successfully optimized.
 
          ┍━━━━━━━━━━━━━━━━━━━━━━━━━━━━━━━━━━━━━━━━━━━━━━━━━┑
          │              CREST iMTD-GC SAMPLING             │
          ┕━━━━━━━━━━━━━━━━━━━━━━━━━━━━━━━━━━━━━━━━━━━━━━━━━┙
 
 Input structure:
  16
 
 C         -0.6894715051       -1.2017768972       -0.3339847141
 C          0.6814829554       -1.2064684204        0.3339468802
 C          1.4834521305        0.0088078258       -0.1251285856
 C          0.6631507734        1.2609174673       -0.0567746413
 C         -0.6547542895        1.2653353454        0.0565725134
 C         -1.4833116418        0.0186843538        0.1254114070
 H         -1.2353818479       -2.1151465899       -0.0913951009
 H         -0.5592416138       -1.1629933579       -1.4174458764
 H          0.5514950218       -1.1672067340        1.4174319925
 H          1.2212888827       -2.1233958900        0.0910289637
 H          2.3787825064        0.1256421773        0.4902484079
 H          1.8198783555       -0.1357667755       -1.1573045669
 H          1.2118704438        2.1914323326       -0.1147645936
 H         -1.1972711045        2.1995185800        0.1140639125
 H         -1.8201943758       -0.1236262943        1.1577405603
 H         -2.3780985205        0.1413421970       -0.4895943537
 
 ------------------------------------------------
 Generating MTD length from a flexibility measure
 ------------------------------------------------
 Calculating GFN0-xTB WBOs   ... done.
 Calculating NCI flexibility ... done.
     covalent flexibility measure :   0.113
 non-covalent flexibility measure :   0.827
 flexibility measure :   0.195
 t(MTD) / ps    :     5.0
 Σ(t(MTD)) / ps :    70.0 (14 MTDs)
 
 -----------------------------------
 Starting trial MTD to test settings
 -----------------------------------
 Trial MTD 1 runtime (1.0 ps) ...        0 min,  1.244 sec
 Estimated runtime for one MTD (5.0 ps) on a single thread: 6 sec
 Estimated runtime for a batch of 14 MTDs on 4 threads: 25 sec
 
******************************************************************************************
**                         N E W   I T E R A T I O N  C Y C L E                         **
******************************************************************************************
 
 ------------------------------
 Meta-Dynamics Iteration 1
 ------------------------------
 list of applied metadynamics Vbias parameters:
$metadyn    0.04800   1.300
$metadyn    0.02400   1.300
$metadyn    0.01200   1.300
$metadyn    0.04800   0.780
$metadyn    0.02400   0.780
$metadyn    0.01200   0.780
$metadyn    0.04800   0.468
$metadyn    0.02400   0.468
$metadyn    0.01200   0.468
$metadyn    0.04800   0.281
$metadyn    0.02400   0.281
$metadyn    0.01200   0.281
$metadyn    0.01600   0.100
$metadyn    0.08000   0.800
 
  ::::::::::::: starting MTD    1 :::::::::::::
  |   MD simulation time   :     5.0 ps       |
  |   target T             :   300.0 K        |
  |   timestep dt          :     5.0 fs       |
  |   dump interval(trj)   :   100.0 fs       |
  |   SHAKE algorithm      : true (all bonds) |
  |   dump interval(Vbias) :    1.00 ps       |
  |   Vbias prefactor (k)  :  0.0480 Eh       |
  |   Vbias exponent (α)   :  1.3000 bohr⁻²   |
  ::::::::::::: starting MTD    5 :::::::::::::
  |   MD simulation time   :     5.0 ps       |
  |   target T             :   300.0 K        |
  |   timestep dt          :     5.0 fs       |
  |   dump interval(trj)   :   100.0 fs       |
  |   SHAKE algorithm      : true (all bonds) |
  |   dump interval(Vbias) :    1.00 ps       |
  |   Vbias prefactor (k)  :  0.0240 Eh       |
  |   Vbias exponent (α)   :  0.7800 bohr⁻²   |
  ::::::::::::: starting MTD    9 :::::::::::::
  |   MD simulation time   :     5.0 ps       |
  |   target T             :   300.0 K        |
  |   timestep dt          :     5.0 fs       |
  |   dump interval(trj)   :   100.0 fs       |
  |   SHAKE algorithm      : true (all bonds) |
  |   dump interval(Vbias) :    1.00 ps       |
  |   Vbias prefactor (k)  :  0.0120 Eh       |
  |   Vbias exponent (α)   :  0.4680 bohr⁻²   |
  ::::::::::::: starting MTD   12 :::::::::::::
  |   MD simulation time   :     5.0 ps       |
  |   target T             :   300.0 K        |
  |   timestep dt          :     5.0 fs       |
  |   dump interval(trj)   :   100.0 fs       |
  |   SHAKE algorithm      : true (all bonds) |
  |   dump interval(Vbias) :    1.00 ps       |
  |   Vbias prefactor (k)  :  0.0120 Eh       |
  |   Vbias exponent (α)   :  0.2808 bohr⁻²   |
*MTD   9 completed successfully ...        0 min,  6.723 sec
  ::::::::::::: starting MTD   10 :::::::::::::
  |   MD simulation time   :     5.0 ps       |
  |   target T             :   300.0 K        |
  |   timestep dt          :     5.0 fs       |
  |   dump interval(trj)   :   100.0 fs       |
  |   SHAKE algorithm      : true (all bonds) |
  |   dump interval(Vbias) :    1.00 ps       |
  |   Vbias prefactor (k)  :  0.0480 Eh       |
  |   Vbias exponent (α)   :  0.2808 bohr⁻²   |
*MTD   1 completed successfully ...        0 min,  6.777 sec
  ::::::::::::: starting MTD    2 :::::::::::::
  |   MD simulation time   :     5.0 ps       |
  |   target T             :   300.0 K        |
  |   timestep dt          :     5.0 fs       |
  |   dump interval(trj)   :   100.0 fs       |
  |   SHAKE algorithm      : true (all bonds) |
  |   dump interval(Vbias) :    1.00 ps       |
  |   Vbias prefactor (k)  :  0.0240 Eh       |
  |   Vbias exponent (α)   :  1.3000 bohr⁻²   |
*MTD   5 completed successfully ...        0 min,  6.784 sec
  ::::::::::::: starting MTD    6 :::::::::::::
  |   MD simulation time   :     5.0 ps       |
  |   target T             :   300.0 K        |
  |   timestep dt          :     5.0 fs       |
  |   dump interval(trj)   :   100.0 fs       |
  |   SHAKE algorithm      : true (all bonds) |
  |   dump interval(Vbias) :    1.00 ps       |
  |   Vbias prefactor (k)  :  0.0120 Eh       |
  |   Vbias exponent (α)   :  0.7800 bohr⁻²   |
*MTD  12 completed successfully ...        0 min,  6.793 sec
  ::::::::::::: starting MTD   13 :::::::::::::
  |   MD simulation time   :     5.0 ps       |
  |   target T             :   300.0 K        |
  |   timestep dt          :     5.0 fs       |
  |   dump interval(trj)   :   100.0 fs       |
  |   SHAKE algorithm      : true (all bonds) |
  |   dump interval(Vbias) :    1.00 ps       |
  |   Vbias prefactor (k)  :  0.0160 Eh       |
  |   Vbias exponent (α)   :  0.1000 bohr⁻²   |
*MTD  10 completed successfully ...        0 min,  7.030 sec
  ::::::::::::: starting MTD   11 :::::::::::::
  |   MD simulation time   :     5.0 ps       |
  |   target T             :   300.0 K        |
  |   timestep dt          :     5.0 fs       |
  |   dump interval(trj)   :   100.0 fs       |
  |   SHAKE algorithm      : true (all bonds) |
  |   dump interval(Vbias) :    1.00 ps       |
  |   Vbias prefactor (k)  :  0.0240 Eh       |
  |   Vbias exponent (α)   :  0.2808 bohr⁻²   |
*MTD   6 completed successfully ...        0 min,  7.145 sec
  ::::::::::::: starting MTD    7 :::::::::::::
  |   MD simulation time   :     5.0 ps       |
  |   target T             :   300.0 K        |
  |   timestep dt          :     5.0 fs       |
  |   dump interval(trj)   :   100.0 fs       |
  |   SHAKE algorithm      : true (all bonds) |
  |   dump interval(Vbias) :    1.00 ps       |
  |   Vbias prefactor (k)  :  0.0480 Eh       |
  |   Vbias exponent (α)   :  0.4680 bohr⁻²   |
*MTD  13 completed successfully ...        0 min,  7.231 sec
  ::::::::::::: starting MTD   14 :::::::::::::
  |   MD simulation time   :     5.0 ps       |
  |   target T             :   300.0 K        |
  |   timestep dt          :     5.0 fs       |
  |   dump interval(trj)   :   100.0 fs       |
  |   SHAKE algorithm      : true (all bonds) |
  |   dump interval(Vbias) :    1.00 ps       |
  |   Vbias prefactor (k)  :  0.0800 Eh       |
  |   Vbias exponent (α)   :  0.8000 bohr⁻²   |
*MTD   2 completed successfully ...        0 min,  7.330 sec
  ::::::::::::: starting MTD    3 :::::::::::::
  |   MD simulation time   :     5.0 ps       |
  |   target T             :   300.0 K        |
  |   timestep dt          :     5.0 fs       |
  |   dump interval(trj)   :   100.0 fs       |
  |   SHAKE algorithm      : true (all bonds) |
  |   dump interval(Vbias) :    1.00 ps       |
  |   Vbias prefactor (k)  :  0.0120 Eh       |
  |   Vbias exponent (α)   :  1.3000 bohr⁻²   |
*MTD  11 completed successfully ...        0 min,  6.596 sec
*MTD   7 completed successfully ...        0 min,  6.704 sec
  ::::::::::::: starting MTD    8 :::::::::::::
  |   MD simulation time   :     5.0 ps       |
  |   target T             :   300.0 K        |
  |   timestep dt          :     5.0 fs       |
  |   dump interval(trj)   :   100.0 fs       |
  |   SHAKE algorithm      : true (all bonds) |
  |   dump interval(Vbias) :    1.00 ps       |
  |   Vbias prefactor (k)  :  0.0240 Eh       |
  |   Vbias exponent (α)   :  0.4680 bohr⁻²   |
*MTD  14 completed successfully ...        0 min,  6.692 sec
*MTD   3 completed successfully ...        0 min,  6.667 sec
  ::::::::::::: starting MTD    4 :::::::::::::
  |   MD simulation time   :     5.0 ps       |
  |   target T             :   300.0 K        |
  |   timestep dt          :     5.0 fs       |
  |   dump interval(trj)   :   100.0 fs       |
  |   SHAKE algorithm      : true (all bonds) |
  |   dump interval(Vbias) :    1.00 ps       |
  |   Vbias prefactor (k)  :  0.0480 Eh       |
  |   Vbias exponent (α)   :  0.7800 bohr⁻²   |
*MTD   8 completed successfully ...        0 min,  5.353 sec
*MTD   4 completed successfully ...        0 min,  5.360 sec
 
 ======================================
 |  Multilevel Ensemble Optimization  |
 ======================================
 Optimizing all 686 structures from file "crest_dynamics.trj" ...
 ----------------------
 crude pre-optimization
 ----------------------
 Optimization engine: ANCOPT
 Hessian update type: BFGS
 E/G convergence criteria:  0.500E-03 Eh, 0.100E-01 Eh/a0
 maximum optimization steps: 200
 |>0.1% |>10.1% |>20.1% |>30.0% |>40.1% |>50.0% |>60.1% |>70.1% |>80.0% |>90.1% |>100.0%
 done.
> 686 of 686 structures successfully optimized (100.0% success)
> Total runtime for 686 optimizations:
 * wall-time:     0 d,  0 h,  0 min,  9.258 sec
 *  cpu-time:     0 d,  0 h,  0 min, 36.480 sec
 * ratio c/w:     3.941 speedup
> Corresponding to approximately 0.013 sec per processed structure
 
CREGEN> running RMSDs ... done.
CREGEN> E lowest :   -17.93186
 49 structures remain within    12.00 kcal/mol window
 ----------------------------------
 optimization with tight thresholds
 ----------------------------------
 Optimization engine: ANCOPT
 Hessian update type: BFGS
 E/G convergence criteria:  0.100E-05 Eh, 0.800E-03 Eh/a0
 maximum optimization steps: 200
 |>2.0% |>10.2% |>20.4% |>30.6% |>40.8% |>51.0% |>61.2% |>71.4% |>81.6% |>91.8% |>100.0%
 done.
> 49 of 49 structures successfully optimized (100.0% success)
> Total runtime for 49 optimizations:
 * wall-time:     0 d,  0 h,  0 min,  1.657 sec
 *  cpu-time:     0 d,  0 h,  0 min,  6.461 sec
 * ratio c/w:     3.900 speedup
> Corresponding to approximately 0.034 sec per processed structure
 
CREGEN> running RMSDs ... done.
CREGEN> E lowest :   -17.93188
 4 structures remain within     6.00 kcal/mol window
 
 ------------------------------
 Meta-Dynamics Iteration 2
 ------------------------------
 list of applied metadynamics Vbias parameters:
$metadyn    0.04800   1.300
$metadyn    0.02400   1.300
$metadyn    0.01200   1.300
$metadyn    0.04800   0.780
$metadyn    0.02400   0.780
$metadyn    0.01200   0.780
$metadyn    0.04800   0.468
$metadyn    0.02400   0.468
$metadyn    0.01200   0.468
$metadyn    0.04800   0.281
$metadyn    0.02400   0.281
$metadyn    0.01200   0.281
$metadyn    0.01600   0.100
$metadyn    0.08000   0.800
 
  ::::::::::::: starting MTD    1 :::::::::::::
  |   MD simulation time   :     5.0 ps       |
  |   target T             :   300.0 K        |
  |   timestep dt          :     5.0 fs       |
  |   dump interval(trj)   :   100.0 fs       |
  |   SHAKE algorithm      : true (all bonds) |
  |   dump interval(Vbias) :    1.00 ps       |
  |   Vbias prefactor (k)  :  0.0480 Eh       |
  |   Vbias exponent (α)   :  1.3000 bohr⁻²   |
  ::::::::::::: starting MTD    5 :::::::::::::
  |   MD simulation time   :     5.0 ps       |
  |   target T             :   300.0 K        |
  |   timestep dt          :     5.0 fs       |
  |   dump interval(trj)   :   100.0 fs       |
  |   SHAKE algorithm      : true (all bonds) |
  |   dump interval(Vbias) :    1.00 ps       |
  |   Vbias prefactor (k)  :  0.0240 Eh       |
  |   Vbias exponent (α)   :  0.7800 bohr⁻²   |
  ::::::::::::: starting MTD    9 :::::::::::::
  |   MD simulation time   :     5.0 ps       |
  |   target T             :   300.0 K        |
  |   timestep dt          :     5.0 fs       |
  |   dump interval(trj)   :   100.0 fs       |
  |   SHAKE algorithm      : true (all bonds) |
  |   dump interval(Vbias) :    1.00 ps       |
  |   Vbias prefactor (k)  :  0.0120 Eh       |
  |   Vbias exponent (α)   :  0.4680 bohr⁻²   |
  ::::::::::::: starting MTD   12 :::::::::::::
  |   MD simulation time   :     5.0 ps       |
  |   target T             :   300.0 K        |
  |   timestep dt          :     5.0 fs       |
  |   dump interval(trj)   :   100.0 fs       |
  |   SHAKE algorithm      : true (all bonds) |
  |   dump interval(Vbias) :    1.00 ps       |
  |   Vbias prefactor (k)  :  0.0120 Eh       |
  |   Vbias exponent (α)   :  0.2808 bohr⁻²   |
*MTD   5 completed successfully ...        0 min,  7.076 sec
  ::::::::::::: starting MTD    6 :::::::::::::
  |   MD simulation time   :     5.0 ps       |
  |   target T             :   300.0 K        |
  |   timestep dt          :     5.0 fs       |
  |   dump interval(trj)   :   100.0 fs       |
  |   SHAKE algorithm      : true (all bonds) |
  |   dump interval(Vbias) :    1.00 ps       |
  |   Vbias prefactor (k)  :  0.0120 Eh       |
  |   Vbias exponent (α)   :  0.7800 bohr⁻²   |
*MTD  12 completed successfully ...        0 min,  7.266 sec
  ::::::::::::: starting MTD   13 :::::::::::::
  |   MD simulation time   :     5.0 ps       |
  |   target T             :   300.0 K        |
  |   timestep dt          :     5.0 fs       |
  |   dump interval(trj)   :   100.0 fs       |
  |   SHAKE algorithm      : true (all bonds) |
  |   dump interval(Vbias) :    1.00 ps       |
  |   Vbias prefactor (k)  :  0.0160 Eh       |
  |   Vbias exponent (α)   :  0.1000 bohr⁻²   |
*MTD   1 completed successfully ...        0 min,  7.308 sec
  ::::::::::::: starting MTD    2 :::::::::::::
  |   MD simulation time   :     5.0 ps       |
  |   target T             :   300.0 K        |
  |   timestep dt          :     5.0 fs       |
  |   dump interval(trj)   :   100.0 fs       |
  |   SHAKE algorithm      : true (all bonds) |
  |   dump interval(Vbias) :    1.00 ps       |
  |   Vbias prefactor (k)  :  0.0240 Eh       |
  |   Vbias exponent (α)   :  1.3000 bohr⁻²   |
*MTD   9 completed successfully ...        0 min,  7.443 sec
  ::::::::::::: starting MTD   10 :::::::::::::
  |   MD simulation time   :     5.0 ps       |
  |   target T             :   300.0 K        |
  |   timestep dt          :     5.0 fs       |
  |   dump interval(trj)   :   100.0 fs       |
  |   SHAKE algorithm      : true (all bonds) |
  |   dump interval(Vbias) :    1.00 ps       |
  |   Vbias prefactor (k)  :  0.0480 Eh       |
  |   Vbias exponent (α)   :  0.2808 bohr⁻²   |
*MTD   6 completed successfully ...        0 min,  6.978 sec
  ::::::::::::: starting MTD    7 :::::::::::::
  |   MD simulation time   :     5.0 ps       |
  |   target T             :   300.0 K        |
  |   timestep dt          :     5.0 fs       |
  |   dump interval(trj)   :   100.0 fs       |
  |   SHAKE algorithm      : true (all bonds) |
  |   dump interval(Vbias) :    1.00 ps       |
  |   Vbias prefactor (k)  :  0.0480 Eh       |
  |   Vbias exponent (α)   :  0.4680 bohr⁻²   |
*MTD   2 completed successfully ...        0 min,  6.917 sec
  ::::::::::::: starting MTD    3 :::::::::::::
  |   MD simulation time   :     5.0 ps       |
  |   target T             :   300.0 K        |
  |   timestep dt          :     5.0 fs       |
  |   dump interval(trj)   :   100.0 fs       |
  |   SHAKE algorithm      : true (all bonds) |
  |   dump interval(Vbias) :    1.00 ps       |
  |   Vbias prefactor (k)  :  0.0120 Eh       |
  |   Vbias exponent (α)   :  1.3000 bohr⁻²   |
*MTD  10 completed successfully ...        0 min,  7.022 sec
  ::::::::::::: starting MTD   11 :::::::::::::
  |   MD simulation time   :     5.0 ps       |
  |   target T             :   300.0 K        |
  |   timestep dt          :     5.0 fs       |
  |   dump interval(trj)   :   100.0 fs       |
  |   SHAKE algorithm      : true (all bonds) |
  |   dump interval(Vbias) :    1.00 ps       |
  |   Vbias prefactor (k)  :  0.0240 Eh       |
  |   Vbias exponent (α)   :  0.2808 bohr⁻²   |
*MTD  13 completed successfully ...        0 min,  7.229 sec
  ::::::::::::: starting MTD   14 :::::::::::::
  |   MD simulation time   :     5.0 ps       |
  |   target T             :   300.0 K        |
  |   timestep dt          :     5.0 fs       |
  |   dump interval(trj)   :   100.0 fs       |
  |   SHAKE algorithm      : true (all bonds) |
  |   dump interval(Vbias) :    1.00 ps       |
  |   Vbias prefactor (k)  :  0.0800 Eh       |
  |   Vbias exponent (α)   :  0.8000 bohr⁻²   |
*MTD   7 completed successfully ...        0 min,  6.838 sec
  ::::::::::::: starting MTD    8 :::::::::::::
  |   MD simulation time   :     5.0 ps       |
  |   target T             :   300.0 K        |
  |   timestep dt          :     5.0 fs       |
  |   dump interval(trj)   :   100.0 fs       |
  |   SHAKE algorithm      : true (all bonds) |
  |   dump interval(Vbias) :    1.00 ps       |
  |   Vbias prefactor (k)  :  0.0240 Eh       |
  |   Vbias exponent (α)   :  0.4680 bohr⁻²   |
*MTD   3 completed successfully ...        0 min,  6.922 sec
  ::::::::::::: starting MTD    4 :::::::::::::
  |   MD simulation time   :     5.0 ps       |
  |   target T             :   300.0 K        |
  |   timestep dt          :     5.0 fs       |
  |   dump interval(trj)   :   100.0 fs       |
  |   SHAKE algorithm      : true (all bonds) |
  |   dump interval(Vbias) :    1.00 ps       |
  |   Vbias prefactor (k)  :  0.0480 Eh       |
  |   Vbias exponent (α)   :  0.7800 bohr⁻²   |
*MTD  11 completed successfully ...        0 min,  6.845 sec
*MTD  14 completed successfully ...        0 min,  6.928 sec
*MTD   8 completed successfully ...        0 min,  5.321 sec
*MTD   4 completed successfully ...        0 min,  5.284 sec
 
 ======================================
 |  Multilevel Ensemble Optimization  |
 ======================================
 Optimizing all 686 structures from file "crest_dynamics.trj" ...
 ----------------------
 crude pre-optimization
 ----------------------
 Optimization engine: ANCOPT
 Hessian update type: BFGS
 E/G convergence criteria:  0.500E-03 Eh, 0.100E-01 Eh/a0
 maximum optimization steps: 200
 |>0.1% |>10.1% |>20.1% |>30.0% |>40.1% |>50.0% |>60.1% |>70.1% |>80.0% |>90.1% |>100.0%
 done.
> 686 of 686 structures successfully optimized (100.0% success)
> Total runtime for 686 optimizations:
 * wall-time:     0 d,  0 h,  0 min,  9.584 sec
 *  cpu-time:     0 d,  0 h,  0 min, 37.019 sec
 * ratio c/w:     3.863 speedup
> Corresponding to approximately 0.014 sec per processed structure
 
CREGEN> running RMSDs ... done.
CREGEN> E lowest :   -17.93185
 45 structures remain within    12.00 kcal/mol window
 ----------------------------------
 optimization with tight thresholds
 ----------------------------------
 Optimization engine: ANCOPT
 Hessian update type: BFGS
 E/G convergence criteria:  0.100E-05 Eh, 0.800E-03 Eh/a0
 maximum optimization steps: 200
 |>2.2% |>11.1% |>20.0% |>31.1% |>40.0% |>51.1% |>60.0% |>71.1% |>80.0% |>91.1% |>100.0%
 done.
> 45 of 45 structures successfully optimized (100.0% success)
> Total runtime for 45 optimizations:
 * wall-time:     0 d,  0 h,  0 min,  1.394 sec
 *  cpu-time:     0 d,  0 h,  0 min,  5.515 sec
 * ratio c/w:     3.958 speedup
> Corresponding to approximately 0.031 sec per processed structure
 
CREGEN> running RMSDs ... done.
CREGEN> E lowest :   -17.93188
 4 structures remain within     6.00 kcal/mol window
 
========================================
           MTD Simulations done         
========================================
 Collecting ensmbles.
CREGEN> running RMSDs ... done.
CREGEN> E lowest :   -17.93188
 4 structures remain within     6.00 kcal/mol window
 

 ===============================================
 Additional regular MDs on lowest 2 conformer(s)
 ===============================================
  :::::::::::::: starting MD   1 ::::::::::::::
  |   MD simulation time   :     2.5 ps       |
  |   target T             :   400.0 K        |
  |   timestep dt          :     5.0 fs       |
  |   dump interval(trj)   :   100.0 fs       |
  |   SHAKE algorithm      : true (all bonds) |
  :::::::::::::: starting MD   2 ::::::::::::::
  |   MD simulation time   :     2.5 ps       |
  |   target T             :   400.0 K        |
  |   timestep dt          :     5.0 fs       |
  |   dump interval(trj)   :   100.0 fs       |
  |   SHAKE algorithm      : true (all bonds) |
  :::::::::::::: starting MD   4 ::::::::::::::
  |   MD simulation time   :     2.5 ps       |
  |   target T             :   500.0 K        |
  |   timestep dt          :     5.0 fs       |
  |   dump interval(trj)   :   100.0 fs       |
  |   SHAKE algorithm      : true (all bonds) |
  :::::::::::::: starting MD   3 ::::::::::::::
  |   MD simulation time   :     2.5 ps       |
  |   target T             :   500.0 K        |
  |   timestep dt          :     5.0 fs       |
  |   dump interval(trj)   :   100.0 fs       |
  |   SHAKE algorithm      : true (all bonds) |
*MD   2 completed successfully ...        0 min,  3.454 sec
*MD   1 completed successfully ...        0 min,  3.482 sec
*MD   3 completed successfully ...        0 min,  3.505 sec
*MD   4 completed successfully ...        0 min,  3.517 sec
 Appending file crest_rotamers_1.xyz with new structures
 Optimizing all 100 structures from file "crest_rotamers_1.xyz" ...
 ----------------------------------
 optimization with tight thresholds
 ----------------------------------
 Optimization engine: ANCOPT
 Hessian update type: BFGS
 E/G convergence criteria:  0.100E-05 Eh, 0.800E-03 Eh/a0
 maximum optimization steps: 200
 |>1.0% |>10.0% |>20.0% |>30.0% |>40.0% |>50.0% |>60.0% |>71.0% |>80.0% |>91.0% |>100.0%
 done.
> 100 of 100 structures successfully optimized (100.0% success)
> Total runtime for 100 optimizations:
 * wall-time:     0 d,  0 h,  0 min,  3.151 sec
 *  cpu-time:     0 d,  0 h,  0 min, 11.166 sec
 * ratio c/w:     3.543 speedup
> Corresponding to approximately 0.032 sec per processed structure
 
CREGEN> running RMSDs ... done.
CREGEN> E lowest :   -17.93188
 7 structures remain within     6.00 kcal/mol window
 
     ========================================
     |        Structure Crossing (GC)       |
     ========================================
 
 =============================
  # threads =           4
 =============================
input  file name : crest_rotamers_2.xyz
number of atoms                :      16
number of points on xyz files  :       7
conformer energy window  /kcal :    6.00
CN per atom difference cut-off :  0.3000
RMSD threshold (Ang, Bohr)     :  0.2500  0.4724
max. # of generated structures :      250
 # in E window           7
  14.3 % done
  57.1 % done
  61.9 % done
  95.2 % done
 no new structures generated
 
 ======================================
 |  Multilevel Ensemble Optimization  |
 ======================================
 empty ensemble file confcross.xyz
appending new structures to crest_rotamers_2.xyz
CREGEN> running RMSDs ... done.
CREGEN> E lowest :   -17.93188


   ================================================
   |           Final Geometry Optimization        |
   ================================================
 Optimizing all 7 structures from file "crest_rotamers_3.xyz" ...
 ---------------------------------------
 optimization with very tight thresholds
 ---------------------------------------
 Optimization engine: ANCOPT
 Hessian update type: BFGS
 E/G convergence criteria:  0.100E-06 Eh, 0.200E-03 Eh/a0
 maximum optimization steps: 200
 |>14.3% |>28.6% |>42.9% |>57.1% |>71.4% |>85.7% |>100.0%
 done.
> 7 of 7 structures successfully optimized (100.0% success)
> Total runtime for 7 optimizations:
 * wall-time:     0 d,  0 h,  0 min,  0.211 sec
 *  cpu-time:     0 d,  0 h,  0 min,  0.827 sec
 * ratio c/w:     3.923 speedup
> Corresponding to approximately 0.030 sec per processed structure
 
CREGEN> running RMSDs ... done.
CREGEN> E lowest :   -17.93188
 5 structures remain within     6.00 kcal/mol window


 --------------------------
 Final Ensemble Information
 --------------------------
 input  file name : crest_rotamers_3.xyz
 output file name : crest_rotamers_4.xyz
 number of atoms                :   16
 number of points on xyz files  :   7
 RMSD threshold                 :   0.1250
 Bconst threshold               :   0.0100
 population threshold           :   0.0500
 # fragment in coord            :     1
 # bonds in reference structure :    16
 number of reliable points      :     7
 sorting energy window (EWIN)   :    6.0000 / kcal*mol⁻¹
 reference state Etot           :  -17.9318772500000
 number of doubles removed by rot/RMSD         :           2
 total number unique points considered further :           5
       Erel/kcal        Etot weight/tot  conformer     set   degen     origin
       1   0.000   -17.93188    0.49935    0.99868       1       2
       2   0.000   -17.93188    0.49934
       3   4.136   -17.92529    0.00047    0.00093       2       2
       4   4.137   -17.92529    0.00047
       5   4.250   -17.92510    0.00039    0.00039       3       1
T /K                                  :   298.15
E lowest                              :   -17.93188
ensemble average energy (kcal)        :    0.006
ensemble entropy (J/mol K, cal/mol K) :    5.851    1.398
ensemble free energy (kcal/mol)       :   -0.417
population of lowest in %             :   99.868
 number of unique conformers for further calc            3
 list of relative energies saved as "crest.energies"
 
 -----------------
 Wall Time Summary
 -----------------
 CREST runtime (total)               0 d,  0 h,  1 min, 23.799 sec
 ------------------------------------------------------------------
 Trial metadynamics (MTD)   ...        0 min,  1.248 sec (  1.489%)
 Metadynamics (MTD)         ...        0 min, 52.655 sec ( 62.835%)
 Geometry optimization      ...        0 min, 26.178 sec ( 31.239%)
 Molecular dynamics (MD)    ...        0 min,  3.525 sec (  4.207%)
 Genetic crossing (GC)      ...        0 min,  0.001 sec (  0.002%)
 I/O and setup              ...        0 min,  0.191 sec (  0.228%)
 ------------------------------------------------------------------
 * wall-time:     0 d,  0 h,  1 min, 23.799 sec
 *  cpu-time:     0 d,  0 h,  5 min,  4.178 sec
 * ratio c/w:     3.630 speedup
 ------------------------------------------------------------------
 * Total number of energy+grad calls: 42568
 
 CREST terminated normally.
